------Start of DE processing------ = [3/21/21 21:39:49:709 EDT]
Exception = com.ibm.ws.container.service.state.StateChangeException
Source = com.ibm.ws.app.manager.module.internal.SimpleDeployedAppInfoBase
probeid = 548
Stack Dump = com.ibm.ws.container.service.state.StateChangeException: org.jboss.weld.exceptions.DefinitionException: Exception List with 1 exceptions:
Exception 0 :
io.openliberty.microprofile.config.internal.common.ConfigException: CWMCG0010E: Unable to discover ConfigSources. The exception is: java.util.ServiceConfigurationError: org.eclipse.microprofile.config.spi.ConfigSource: Provider io.openliberty.sample.config.CustomConfigSource not found.
	at com.ibm.ws.microprofile.config.sources.DefaultSources.getDiscoveredSources(DefaultSources.java:97)
	at com.ibm.ws.microprofile.config14.impl.Config14BuilderImpl.getSources(Config14BuilderImpl.java:52)
	at com.ibm.ws.microprofile.config.impl.AbstractConfigBuilder.build(AbstractConfigBuilder.java:144)
	at com.ibm.ws.microprofile.config.impl.AbstractProviderResolver.getConfig(AbstractProviderResolver.java:260)
	at org.eclipse.microprofile.config.ConfigProvider.getConfig(ConfigProvider.java:105)
	at com.ibm.ws.microprofile.config.cdi.ConfigCDIExtension.processConversionType(ConfigCDIExtension.java:147)
	at com.ibm.ws.microprofile.config.cdi.ConfigCDIExtension.processParameterizedType(ConfigCDIExtension.java:137)
	at com.ibm.ws.microprofile.config.cdi.ConfigCDIExtension.validateConfigProperty(ConfigCDIExtension.java:98)
	at com.ibm.ws.microprofile.config.cdi.ConfigCDIExtension.processInjectionTarget(ConfigCDIExtension.java:82)
	at sun.reflect.GeneratedMethodAccessor609.invoke(Unknown Source)
	at java.lang.reflect.Method.invoke(Method.java:498)
	at org.jboss.weld.injection.StaticMethodInjectionPoint.invoke(StaticMethodInjectionPoint.java:95)
	at org.jboss.weld.injection.StaticMethodInjectionPoint.invoke(StaticMethodInjectionPoint.java:85)
	at org.jboss.weld.injection.MethodInvocationStrategy$SimpleMethodInvocationStrategy.invoke(MethodInvocationStrategy.java:168)
	at org.jboss.weld.event.ObserverMethodImpl.sendEvent(ObserverMethodImpl.java:330)
	at org.jboss.weld.event.ExtensionObserverMethodImpl.sendEvent(ExtensionObserverMethodImpl.java:123)
	at org.jboss.weld.event.ObserverMethodImpl.sendEvent(ObserverMethodImpl.java:308)
	at org.jboss.weld.event.ObserverMethodImpl.notify(ObserverMethodImpl.java:286)
	at javax.enterprise.inject.spi.ObserverMethod.notify(ObserverMethod.java:124)
	at org.jboss.weld.util.Observers.notify(Observers.java:166)
	at org.jboss.weld.event.ObserverNotifier.notifySyncObservers(ObserverNotifier.java:285)
	at org.jboss.weld.event.ObserverNotifier.notify(ObserverNotifier.java:273)
	at org.jboss.weld.event.ObserverNotifier.fireEvent(ObserverNotifier.java:177)
	at org.jboss.weld.event.ObserverNotifier.fireEvent(ObserverNotifier.java:171)
	at org.jboss.weld.bootstrap.events.AbstractContainerEvent.fire(AbstractContainerEvent.java:53)
	at org.jboss.weld.bootstrap.events.AbstractDefinitionContainerEvent.fire(AbstractDefinitionContainerEvent.java:44)
	at org.jboss.weld.bootstrap.events.AbstractProcessInjectionTarget.fire(AbstractProcessInjectionTarget.java:33)
	at org.jboss.weld.bootstrap.events.ContainerLifecycleEvents.fireProcessInjectionTarget(ContainerLifecycleEvents.java:273)
	at org.jboss.weld.bootstrap.AbstractBeanDeployer.processInjectionTargetEvents(AbstractBeanDeployer.java:140)
	at org.jboss.weld.bootstrap.BeanDeployer.processBeans(BeanDeployer.java:262)
	at org.jboss.weld.bootstrap.BeanDeployer.processClassBeanAttributes(BeanDeployer.java:244)
	at org.jboss.weld.bootstrap.WeldStartup.deployBeans(WeldStartup.java:442)
	at org.jboss.weld.bootstrap.WeldBootstrap.deployBeans(WeldBootstrap.java:86)
	at com.ibm.ws.cdi.impl.CDIContainerImpl.startInitialization(CDIContainerImpl.java:160)
	at com.ibm.ws.cdi.liberty.CDIRuntimeImpl.applicationStarting(CDIRuntimeImpl.java:479)
	at com.ibm.ws.container.service.state.internal.ApplicationStateManager.fireStarting(ApplicationStateManager.java:51)
	at com.ibm.ws.container.service.state.internal.StateChangeServiceImpl.fireApplicationStarting(StateChangeServiceImpl.java:50)
	at com.ibm.ws.app.manager.module.internal.SimpleDeployedAppInfoBase.preDeployApp(SimpleDeployedAppInfoBase.java:547)
	at com.ibm.ws.app.manager.module.internal.SimpleDeployedAppInfoBase.installApp(SimpleDeployedAppInfoBase.java:508)
	at com.ibm.ws.app.manager.module.internal.DeployedAppInfoBase.deployApp(DeployedAppInfoBase.java:349)
	at com.ibm.ws.app.manager.war.internal.WARApplicationHandlerImpl.install(WARApplicationHandlerImpl.java:65)
	at com.ibm.ws.app.manager.internal.statemachine.StartAction.execute(StartAction.java:149)
	at com.ibm.ws.app.manager.internal.statemachine.ApplicationStateMachineImpl.enterState(ApplicationStateMachineImpl.java:1352)
	at com.ibm.ws.app.manager.internal.statemachine.ApplicationStateMachineImpl.run(ApplicationStateMachineImpl.java:897)
	at com.ibm.ws.threading.internal.ExecutorServiceImpl$RunnableWrapper.run(ExecutorServiceImpl.java:238)
	at java.util.concurrent.ThreadPoolExecutor.runWorker(ThreadPoolExecutor.java:1149)
	at java.util.concurrent.ThreadPoolExecutor$Worker.run(ThreadPoolExecutor.java:624)
	at java.lang.Thread.run(Thread.java:748)
Caused by: java.util.ServiceConfigurationError: org.eclipse.microprofile.config.spi.ConfigSource: Provider io.openliberty.sample.config.CustomConfigSource not found
	at java.util.ServiceLoader.fail(ServiceLoader.java:239)
	at java.util.ServiceLoader.access$300(ServiceLoader.java:185)
	at java.util.ServiceLoader$LazyIterator.nextService(ServiceLoader.java:372)
	at java.util.ServiceLoader$LazyIterator.next(ServiceLoader.java:404)
	at java.util.ServiceLoader$1.next(ServiceLoader.java:480)
	at com.ibm.ws.microprofile.config.sources.DefaultSources.getDiscoveredSources(DefaultSources.java:93)
	... 47 more

	at com.ibm.ws.container.service.state.internal.ApplicationStateManager.fireStarting(ApplicationStateManager.java:55)
	at com.ibm.ws.container.service.state.internal.StateChangeServiceImpl.fireApplicationStarting(StateChangeServiceImpl.java:50)
	at com.ibm.ws.app.manager.module.internal.SimpleDeployedAppInfoBase.preDeployApp(SimpleDeployedAppInfoBase.java:547)
	at com.ibm.ws.app.manager.module.internal.SimpleDeployedAppInfoBase.installApp(SimpleDeployedAppInfoBase.java:508)
	at com.ibm.ws.app.manager.module.internal.DeployedAppInfoBase.deployApp(DeployedAppInfoBase.java:349)
	at com.ibm.ws.app.manager.war.internal.WARApplicationHandlerImpl.install(WARApplicationHandlerImpl.java:65)
	at com.ibm.ws.app.manager.internal.statemachine.StartAction.execute(StartAction.java:149)
	at com.ibm.ws.app.manager.internal.statemachine.ApplicationStateMachineImpl.enterState(ApplicationStateMachineImpl.java:1352)
	at com.ibm.ws.app.manager.internal.statemachine.ApplicationStateMachineImpl.run(ApplicationStateMachineImpl.java:897)
	at com.ibm.ws.threading.internal.ExecutorServiceImpl$RunnableWrapper.run(ExecutorServiceImpl.java:238)
	at java.util.concurrent.ThreadPoolExecutor.runWorker(ThreadPoolExecutor.java:1149)
	at java.util.concurrent.ThreadPoolExecutor$Worker.run(ThreadPoolExecutor.java:624)
	at java.lang.Thread.run(Thread.java:748)
Caused by: org.jboss.weld.exceptions.DefinitionException: Exception List with 1 exceptions:
Exception 0 :
io.openliberty.microprofile.config.internal.common.ConfigException: CWMCG0010E: Unable to discover ConfigSources. The exception is: java.util.ServiceConfigurationError: org.eclipse.microprofile.config.spi.ConfigSource: Provider io.openliberty.sample.config.CustomConfigSource not found.
	at com.ibm.ws.microprofile.config.sources.DefaultSources.getDiscoveredSources(DefaultSources.java:97)
	at com.ibm.ws.microprofile.config14.impl.Config14BuilderImpl.getSources(Config14BuilderImpl.java:52)
	at com.ibm.ws.microprofile.config.impl.AbstractConfigBuilder.build(AbstractConfigBuilder.java:144)
	at com.ibm.ws.microprofile.config.impl.AbstractProviderResolver.getConfig(AbstractProviderResolver.java:260)
	at org.eclipse.microprofile.config.ConfigProvider.getConfig(ConfigProvider.java:105)
	at com.ibm.ws.microprofile.config.cdi.ConfigCDIExtension.processConversionType(ConfigCDIExtension.java:147)
	at com.ibm.ws.microprofile.config.cdi.ConfigCDIExtension.processParameterizedType(ConfigCDIExtension.java:137)
	at com.ibm.ws.microprofile.config.cdi.ConfigCDIExtension.validateConfigProperty(ConfigCDIExtension.java:98)
	at com.ibm.ws.microprofile.config.cdi.ConfigCDIExtension.processInjectionTarget(ConfigCDIExtension.java:82)
	at sun.reflect.GeneratedMethodAccessor609.invoke(Unknown Source)
	at java.lang.reflect.Method.invoke(Method.java:498)
	at org.jboss.weld.injection.StaticMethodInjectionPoint.invoke(StaticMethodInjectionPoint.java:95)
	at org.jboss.weld.injection.StaticMethodInjectionPoint.invoke(StaticMethodInjectionPoint.java:85)
	at org.jboss.weld.injection.MethodInvocationStrategy$SimpleMethodInvocationStrategy.invoke(MethodInvocationStrategy.java:168)
	at org.jboss.weld.event.ObserverMethodImpl.sendEvent(ObserverMethodImpl.java:330)
	at org.jboss.weld.event.ExtensionObserverMethodImpl.sendEvent(ExtensionObserverMethodImpl.java:123)
	at org.jboss.weld.event.ObserverMethodImpl.sendEvent(ObserverMethodImpl.java:308)
	at org.jboss.weld.event.ObserverMethodImpl.notify(ObserverMethodImpl.java:286)
	at javax.enterprise.inject.spi.ObserverMethod.notify(ObserverMethod.java:124)
	at org.jboss.weld.util.Observers.notify(Observers.java:166)
	at org.jboss.weld.event.ObserverNotifier.notifySyncObservers(ObserverNotifier.java:285)
	at org.jboss.weld.event.ObserverNotifier.notify(ObserverNotifier.java:273)
	at org.jboss.weld.event.ObserverNotifier.fireEvent(ObserverNotifier.java:177)
	at org.jboss.weld.event.ObserverNotifier.fireEvent(ObserverNotifier.java:171)
	at org.jboss.weld.bootstrap.events.AbstractContainerEvent.fire(AbstractContainerEvent.java:53)
	at org.jboss.weld.bootstrap.events.AbstractDefinitionContainerEvent.fire(AbstractDefinitionContainerEvent.java:44)
	at org.jboss.weld.bootstrap.events.AbstractProcessInjectionTarget.fire(AbstractProcessInjectionTarget.java:33)
	at org.jboss.weld.bootstrap.events.ContainerLifecycleEvents.fireProcessInjectionTarget(ContainerLifecycleEvents.java:273)
	at org.jboss.weld.bootstrap.AbstractBeanDeployer.processInjectionTargetEvents(AbstractBeanDeployer.java:140)
	at org.jboss.weld.bootstrap.BeanDeployer.processBeans(BeanDeployer.java:262)
	at org.jboss.weld.bootstrap.BeanDeployer.processClassBeanAttributes(BeanDeployer.java:244)
	at org.jboss.weld.bootstrap.WeldStartup.deployBeans(WeldStartup.java:442)
	at org.jboss.weld.bootstrap.WeldBootstrap.deployBeans(WeldBootstrap.java:86)
	at com.ibm.ws.cdi.impl.CDIContainerImpl.startInitialization(CDIContainerImpl.java:160)
	at com.ibm.ws.cdi.liberty.CDIRuntimeImpl.applicationStarting(CDIRuntimeImpl.java:479)
	at com.ibm.ws.container.service.state.internal.ApplicationStateManager.fireStarting(ApplicationStateManager.java:51)
	at com.ibm.ws.container.service.state.internal.StateChangeServiceImpl.fireApplicationStarting(StateChangeServiceImpl.java:50)
	at com.ibm.ws.app.manager.module.internal.SimpleDeployedAppInfoBase.preDeployApp(SimpleDeployedAppInfoBase.java:547)
	at com.ibm.ws.app.manager.module.internal.SimpleDeployedAppInfoBase.installApp(SimpleDeployedAppInfoBase.java:508)
	at com.ibm.ws.app.manager.module.internal.DeployedAppInfoBase.deployApp(DeployedAppInfoBase.java:349)
	at com.ibm.ws.app.manager.war.internal.WARApplicationHandlerImpl.install(WARApplicationHandlerImpl.java:65)
	at com.ibm.ws.app.manager.internal.statemachine.StartAction.execute(StartAction.java:149)
	at com.ibm.ws.app.manager.internal.statemachine.ApplicationStateMachineImpl.enterState(ApplicationStateMachineImpl.java:1352)
	at com.ibm.ws.app.manager.internal.statemachine.ApplicationStateMachineImpl.run(ApplicationStateMachineImpl.java:897)
	at com.ibm.ws.threading.internal.ExecutorServiceImpl$RunnableWrapper.run(ExecutorServiceImpl.java:238)
	at java.util.concurrent.ThreadPoolExecutor.runWorker(ThreadPoolExecutor.java:1149)
	at java.util.concurrent.ThreadPoolExecutor$Worker.run(ThreadPoolExecutor.java:624)
	at java.lang.Thread.run(Thread.java:748)
Caused by: java.util.ServiceConfigurationError: org.eclipse.microprofile.config.spi.ConfigSource: Provider io.openliberty.sample.config.CustomConfigSource not found
	at java.util.ServiceLoader.fail(ServiceLoader.java:239)
	at java.util.ServiceLoader.access$300(ServiceLoader.java:185)
	at java.util.ServiceLoader$LazyIterator.nextService(ServiceLoader.java:372)
	at java.util.ServiceLoader$LazyIterator.next(ServiceLoader.java:404)
	at java.util.ServiceLoader$1.next(ServiceLoader.java:480)
	at com.ibm.ws.microprofile.config.sources.DefaultSources.getDiscoveredSources(DefaultSources.java:93)
	... 47 more

	at org.jboss.weld.bootstrap.events.AbstractDefinitionContainerEvent.fire(AbstractDefinitionContainerEvent.java:46)
	at org.jboss.weld.bootstrap.events.AbstractProcessInjectionTarget.fire(AbstractProcessInjectionTarget.java:33)
	at org.jboss.weld.bootstrap.events.ContainerLifecycleEvents.fireProcessInjectionTarget(ContainerLifecycleEvents.java:273)
	at org.jboss.weld.bootstrap.AbstractBeanDeployer.processInjectionTargetEvents(AbstractBeanDeployer.java:140)
	at org.jboss.weld.bootstrap.BeanDeployer.processBeans(BeanDeployer.java:262)
	at org.jboss.weld.bootstrap.BeanDeployer.processClassBeanAttributes(BeanDeployer.java:244)
	at org.jboss.weld.bootstrap.WeldStartup.deployBeans(WeldStartup.java:442)
	at org.jboss.weld.bootstrap.WeldBootstrap.deployBeans(WeldBootstrap.java:86)
	at com.ibm.ws.cdi.impl.CDIContainerImpl.startInitialization(CDIContainerImpl.java:160)
	at com.ibm.ws.cdi.liberty.CDIRuntimeImpl.applicationStarting(CDIRuntimeImpl.java:479)
	at com.ibm.ws.container.service.state.internal.ApplicationStateManager.fireStarting(ApplicationStateManager.java:51)
	... 12 more
	Suppressed: io.openliberty.microprofile.config.internal.common.ConfigException: CWMCG0010E: Unable to discover ConfigSources. The exception is: java.util.ServiceConfigurationError: org.eclipse.microprofile.config.spi.ConfigSource: Provider io.openliberty.sample.config.CustomConfigSource not found.
		at com.ibm.ws.microprofile.config.sources.DefaultSources.getDiscoveredSources(DefaultSources.java:97)
		at com.ibm.ws.microprofile.config14.impl.Config14BuilderImpl.getSources(Config14BuilderImpl.java:52)
		at com.ibm.ws.microprofile.config.impl.AbstractConfigBuilder.build(AbstractConfigBuilder.java:144)
		at com.ibm.ws.microprofile.config.impl.AbstractProviderResolver.getConfig(AbstractProviderResolver.java:260)
		at org.eclipse.microprofile.config.ConfigProvider.getConfig(ConfigProvider.java:105)
		at com.ibm.ws.microprofile.config.cdi.ConfigCDIExtension.processConversionType(ConfigCDIExtension.java:147)
		at com.ibm.ws.microprofile.config.cdi.ConfigCDIExtension.processParameterizedType(ConfigCDIExtension.java:137)
		at com.ibm.ws.microprofile.config.cdi.ConfigCDIExtension.validateConfigProperty(ConfigCDIExtension.java:98)
		at com.ibm.ws.microprofile.config.cdi.ConfigCDIExtension.processInjectionTarget(ConfigCDIExtension.java:82)
		at sun.reflect.GeneratedMethodAccessor609.invoke(Unknown Source)
		at java.lang.reflect.Method.invoke(Method.java:498)
		at org.jboss.weld.injection.StaticMethodInjectionPoint.invoke(StaticMethodInjectionPoint.java:95)
		at org.jboss.weld.injection.StaticMethodInjectionPoint.invoke(StaticMethodInjectionPoint.java:85)
		at org.jboss.weld.injection.MethodInvocationStrategy$SimpleMethodInvocationStrategy.invoke(MethodInvocationStrategy.java:168)
		at org.jboss.weld.event.ObserverMethodImpl.sendEvent(ObserverMethodImpl.java:330)
		at org.jboss.weld.event.ExtensionObserverMethodImpl.sendEvent(ExtensionObserverMethodImpl.java:123)
		at org.jboss.weld.event.ObserverMethodImpl.sendEvent(ObserverMethodImpl.java:308)
		at org.jboss.weld.event.ObserverMethodImpl.notify(ObserverMethodImpl.java:286)
		at javax.enterprise.inject.spi.ObserverMethod.notify(ObserverMethod.java:124)
		at org.jboss.weld.util.Observers.notify(Observers.java:166)
		at org.jboss.weld.event.ObserverNotifier.notifySyncObservers(ObserverNotifier.java:285)
		at org.jboss.weld.event.ObserverNotifier.notify(ObserverNotifier.java:273)
		at org.jboss.weld.event.ObserverNotifier.fireEvent(ObserverNotifier.java:177)
		at org.jboss.weld.event.ObserverNotifier.fireEvent(ObserverNotifier.java:171)
		at org.jboss.weld.bootstrap.events.AbstractContainerEvent.fire(AbstractContainerEvent.java:53)
		at org.jboss.weld.bootstrap.events.AbstractDefinitionContainerEvent.fire(AbstractDefinitionContainerEvent.java:44)
		... 22 more
	Caused by: java.util.ServiceConfigurationError: org.eclipse.microprofile.config.spi.ConfigSource: Provider io.openliberty.sample.config.CustomConfigSource not found
		at java.util.ServiceLoader.fail(ServiceLoader.java:239)
		at java.util.ServiceLoader.access$300(ServiceLoader.java:185)
		at java.util.ServiceLoader$LazyIterator.nextService(ServiceLoader.java:372)
		at java.util.ServiceLoader$LazyIterator.next(ServiceLoader.java:404)
		at java.util.ServiceLoader$1.next(ServiceLoader.java:480)
		at com.ibm.ws.microprofile.config.sources.DefaultSources.getDiscoveredSources(DefaultSources.java:93)
		... 47 more

Dump of callerThis
Object type = com.ibm.ws.app.manager.war.internal.WARDeployedAppInfo
  CONTEXT_ROOT = "context-root"
  webContainerModuleInfo = class com.ibm.ws.app.manager.module.internal.SimpleDeployedAppInfoBase$WebModuleContainerInfo@ad11460
    contextRoot = "/"
    defaultContextRoot = "HelloWorld"
    serialVersionUID = 4617657913043497664
    $$$tc$$$ = class com.ibm.websphere.ras.TraceComponent@5d5ef38a
      strings[0] = "TraceComponent[com.ibm.ws.app.manager.module.internal.SimpleDeployedAppInfoBase$WebModuleContainerInfo,class com.ibm.ws.app.manager.module.internal.SimpleDeployedAppInfoBase$WebModuleContainerInfo,[applications, app.manager],null,null]"
    moduleHandler = class com.ibm.ws.app.manager.web.internal.WebModuleHandlerImpl@7b1a24dc
      serialVersionUID = 4795602325763828210
      $$$tc$$$ = class com.ibm.websphere.ras.TraceComponent@5e86a26e
      futureMonitor = class com.ibm.ws.threading.internal.FutureMonitorImpl@209b1ee0
      metaDataService = class com.ibm.ws.container.service.metadata.internal.MetaDataServiceImpl@337afe1d
      stateChangeService = class com.ibm.ws.container.service.state.internal.StateChangeServiceImpl@4b1a8cbc
      moduleRuntimeContainer = class com.ibm.ws.webcontainer.osgi.WebContainer@508e8bf9
      firstFailure = null
      serialVersionUID = -4563697739413190872
      $$$tc$$$ = class com.ibm.websphere.ras.TraceComponent@79695d23
    moduleMetaDataExtenders = class java.util.Collections$UnmodifiableRandomAccessList@309aa3b9
      serialVersionUID = -2542308836966382001
      serialVersionUID = -283967356065247728
      list = class java.util.concurrent.CopyOnWriteArrayList@37dabe93
      serialVersionUID = 1820017752578914078
      c = class java.util.concurrent.CopyOnWriteArrayList@37dabe93
    nestedModuleMetaDataFactories = class java.util.Collections$UnmodifiableRandomAccessList@103e1793
      serialVersionUID = -2542308836966382001
      serialVersionUID = -283967356065247728
      list = class java.util.concurrent.CopyOnWriteArrayList@67796a1e
      serialVersionUID = 1820017752578914078
      c = class java.util.concurrent.CopyOnWriteArrayList@67796a1e
    nestedModules = null
    moduleName = "HelloWorld"
    moduleDD = class com.ibm.ws.javaee.ddmodel.web.common.WebAppType@8e9e95
      version = class com.ibm.ws.javaee.ddmodel.TokenType@e9f212f
      metadata_complete = null
      module_name = null
      absolute_ordering = null
      serialVersionUID = 4092807504738198665
      $$$tc$$$ = class com.ibm.websphere.ras.TraceComponent@5815600d
      description = null
      display_name = class com.ibm.ws.javaee.ddmodel.common.DisplayNameType$ListType@2f3464f9
      icon = null
      distributable = null
      context_param = null
      filter = null
      filter_mapping = null
      listener = null
      servlet = null
      servlet_mapping = null
      session_config = null
      mime_mapping = null
      welcome_file_list = class com.ibm.ws.javaee.ddmodel.web.common.WelcomeFileListType@2b523fc9
      error_page = null
      jsp_config = null
      security_constraint = null
      deny_uncovered_http_methods = null
      login_config = null
      security_role = null
      message_destination = null
      locale_encoding_mapping_list = null
      default_context_path = null
      request_encoding = null
      response_encoding = null
      servletNameToServletMap = null
      filterNameToFilterMap = null
      ejbRefNameToEJBLocalRefMap = null
      ejbRefNameToEJBRefMap = null
      resourceEnvRefNameToResourceEnvRefMap = null
      messageDestinationRefNameToMessageDestinationRefMap = null
      resRefNameToResourceRefMap = null
      envEntryNameToEnvEntryMap = null
      roleNameToSecurityRoleMap = null
      roleLinkToSecurityRoleRefMap = null
      handlerNameToHandlerMap = null
      path = "WEB-INF/web.xml"
      idMap = class com.ibm.ws.javaee.ddmodel.DDParser$ComponentIDMap@d59f6b7
      serialVersionUID = 5321339975883512588
      $$$tc$$$ = class com.ibm.websphere.ras.TraceComponent@7ffa6515
      post_construct = null
      pre_destroy = null
      serialVersionUID = 1102064201943992836
      $$$tc$$$ = class com.ibm.websphere.ras.TraceComponent@50b147de
      env_entry = null
      ejb_ref = null
      ejb_local_ref = null
      resource_ref = null
      resource_env_ref = null
      message_destination_ref = null
      persistence_context_ref = null
      persistence_unit_ref = null
      data_source = null
      jms_connection_factory = null
      jms_destination = null
      mail_session = null
      connection_factory = null
      administered_object = null
      serialVersionUID = 8931982405528922228
      $$$tc$$$ = class com.ibm.websphere.ras.TraceComponent@78a8991a
      service_ref = null
      serialVersionUID = -6199862059825607270
      $$$tc$$$ = class com.ibm.websphere.ras.TraceComponent@6899ea25
      nilled = false
      serialVersionUID = -2826386306561723362
      $$$tc$$$ = class com.ibm.websphere.ras.TraceComponent@944d401
    moduleInfo = class com.ibm.ws.app.manager.module.internal.WebModuleInfoImpl@108ed9b7
      contextRoot = "/"
      isDefaultContextRootUsed = false
      defaultContextRoot = "HelloWorld"
      serialVersionUID = -6699247856069243844
      $$$tc$$$ = class com.ibm.websphere.ras.TraceComponent@4b8ffcb7
      tc = class com.ibm.websphere.ras.TraceComponent@6fbec3c1
      appInfo = class com.ibm.ws.container.service.app.deploy.internal.ApplicationInfoImpl@2aa87d85
      moduleName = "HelloWorld"
      path = "HelloWorld.war"
      moduleContainer = class com.ibm.ws.adaptable.module.internal.AdaptableContainerImpl@48028086
      altDDEntry = null
      moduleClassesContainers = class java.util.ArrayList@2bd027f5
      classLoaderFactory = class com.ibm.ws.app.manager.war.internal.WARDeployedAppInfo@663b23d5
      containerInfoType = class com.ibm.ws.container.service.app.deploy.ContainerInfo$Type@4eb2c2f1
      classLoader = class com.ibm.ws.classloading.internal.AppClassLoader@7d5dc85d
      moduleMetaData = class com.ibm.ws.webcontainer.osgi.metadata.WebModuleMetaDataImpl@4774c109
      nestedModuleMetaDataTypes = null
      nestedModuleMetaDataValues = null
      serialVersionUID = 3986734351620206554
    serialVersionUID = 5122721995888983779
    $$$tc$$$ = class com.ibm.websphere.ras.TraceComponent@29793790
      strings[0] = "TraceComponent[com.ibm.ws.app.manager.module.internal.SimpleDeployedAppInfoBase$ModuleContainerInfoBase,class com.ibm.ws.app.manager.module.internal.SimpleDeployedAppInfoBase$ModuleContainerInfoBase,[applications, app.manager],null,null]"
    type = class com.ibm.ws.container.service.app.deploy.ContainerInfo$Type@4eb2c2f1
      MANIFEST_CLASSPATH = class com.ibm.ws.container.service.app.deploy.ContainerInfo$Type@2cd627ba
      WEB_INF_CLASSES = class com.ibm.ws.container.service.app.deploy.ContainerInfo$Type@5358371e
      WEB_INF_LIB = class com.ibm.ws.container.service.app.deploy.ContainerInfo$Type@3be479cf
      EAR_LIB = class com.ibm.ws.container.service.app.deploy.ContainerInfo$Type@28e03ae3
      WEB_MODULE = class com.ibm.ws.container.service.app.deploy.ContainerInfo$Type@4eb2c2f1
      EJB_MODULE = class com.ibm.ws.container.service.app.deploy.ContainerInfo$Type@351633b2
      CLIENT_MODULE = class com.ibm.ws.container.service.app.deploy.ContainerInfo$Type@276402c9
      RAR_MODULE = class com.ibm.ws.container.service.app.deploy.ContainerInfo$Type@3f562deb
      JAR_MODULE = class com.ibm.ws.container.service.app.deploy.ContainerInfo$Type@16c83fc0
      SHARED_LIB = class com.ibm.ws.container.service.app.deploy.ContainerInfo$Type@12470508
      $VALUES = class com.ibm.ws.container.service.app.deploy.ContainerInfo$Type[10]
      name = "WEB_MODULE"
      ordinal = 4
    name = "HelloWorld.war"
    container = class com.ibm.ws.adaptable.module.internal.AdaptableContainerImpl@48028086
    moduleClassLoaderFactory = class com.ibm.ws.app.manager.war.internal.WARDeployedAppInfo@663b23d5
    altDDEntry = null
    classesContainerInfo = class java.util.ArrayList@2bd027f5
      serialVersionUID = 8683452581122892189
      DEFAULT_CAPACITY = 10
      EMPTY_ELEMENTDATA = class java.lang.Object[0]
      DEFAULTCAPACITY_EMPTY_ELEMENTDATA = class java.lang.Object[0]
      elementData = class java.lang.Object[10]
      size = 2
      MAX_ARRAY_SIZE = 2147483639
      modCount = 3
      MAX_ARRAY_SIZE = 2147483639
    serialVersionUID = 4636874131959542427
    $$$tc$$$ = class com.ibm.websphere.ras.TraceComponent@6272f2c0
      strings[0] = "TraceComponent[com.ibm.ws.app.manager.module.internal.SimpleDeployedAppInfoBase$ExtendedContainerInfo,class com.ibm.ws.app.manager.module.internal.SimpleDeployedAppInfoBase$ExtendedContainerInfo,[applications, app.manager],null,null]"
  DYNAMIC_IMPORT_PACKAGE_LIST = class java.util.Collections$UnmodifiableRandomAccessList@2277740
    serialVersionUID = -2542308836966382001
    serialVersionUID = -283967356065247728
    list = class java.util.Arrays$ArrayList@7464028a
      serialVersionUID = -2764017481108945198
      a = class java.lang.String[1]
      modCount = 0
      MAX_ARRAY_SIZE = 2147483639
    serialVersionUID = 1820017752578914078
    c = class java.util.Arrays$ArrayList@7464028a
  serialVersionUID = 6176035338244935179
  $$$tc$$$ = class com.ibm.websphere.ras.TraceComponent@770fc25d
    strings[0] = "TraceComponent[com.ibm.ws.app.manager.war.internal.WARDeployedAppInfo,class com.ibm.ws.app.manager.war.internal.WARDeployedAppInfo,[webcontainer, applications, app.manager],com.ibm.ws.app.manager.war.internal.resources.Messages,null]"
  _tc = class com.ibm.websphere.ras.TraceComponent@55d1fda2
    strings[0] = "TraceComponent[com.ibm.ws.app.manager.module.internal.DeployedAppInfoBase,class com.ibm.ws.app.manager.module.internal.DeployedAppInfoBase,[app.manager],com.ibm.ws.app.manager.module.internal.resources.Messages,null]"
  PERMISSION_XML = "permissions.xml"
  applicationInformation = class com.ibm.ws.app.manager.internal.ApplicationInstallInfo@1764a9f2
    _config = class com.ibm.ws.app.manager.internal.ApplicationConfig@4c0c0463
      tc = class com.ibm.websphere.ras.TraceComponent@378c1574
      _configPid = "com.ibm.ws.app.manager_4"
      _config = class com.ibm.ws.config.admin.ConfigurationDictionary@af9f9f0
      _applicationManager = class com.ibm.ws.app.manager.ApplicationManager@7d81107e
      _location = "HelloWorld.war"
      _type = "war"
      _name = "HelloWorld"
      _notificationBroadcasterSupport = class javax.management.NotificationBroadcasterSupport@2f0b67ad
      ONE_TIME_JANDEX_MSGS_DISPLAYED = true
      serialVersionUID = -2151423388299667431
    _handlerInfo = class java.util.concurrent.atomic.AtomicReference@7e950f29
      serialVersionUID = -1848883965231344442
      unsafe = class sun.misc.Unsafe@dd8e8da
      valueOffset = 12
      value = class com.ibm.ws.app.manager.war.internal.WARDeployedAppInfo@663b23d5
    _container = class java.util.concurrent.atomic.AtomicReference@c7cc44b
      serialVersionUID = -1848883965231344442
      unsafe = class sun.misc.Unsafe@dd8e8da
      valueOffset = 12
      value = class com.ibm.ws.adaptable.module.internal.AdaptableContainerImpl@48028086
    _resolvedLocation = class java.util.concurrent.atomic.AtomicReference@1157c650
      serialVersionUID = -1848883965231344442
      unsafe = class sun.misc.Unsafe@dd8e8da
      valueOffset = 12
      value = class com.ibm.ws.kernel.service.location.internal.LocalFileResource@1e013838
    _handler = class com.ibm.ws.app.manager.war.internal.WARApplicationHandlerImpl@3dd4e705
      futureMonitor = class com.ibm.ws.threading.internal.FutureMonitorImpl@209b1ee0
      deployedAppFactory = class com.ibm.ws.app.manager.war.internal.WARDeployedAppInfoFactoryImpl@533d383c
      serialVersionUID = 4622845147410944782
      $$$tc$$$ = class com.ibm.websphere.ras.TraceComponent@15ce4f50
    _ami = class java.util.concurrent.atomic.AtomicReference@6bee4bd1
      serialVersionUID = -1848883965231344442
      unsafe = class sun.misc.Unsafe@dd8e8da
      valueOffset = 12
      value = class com.ibm.wsspi.application.handler.DefaultApplicationMonitoringInformation@3076eb41
    _updateHandler = class com.ibm.ws.app.manager.internal.statemachine.ApplicationStateMachineImpl@15a947b
      _tc = class com.ibm.websphere.ras.TraceComponent@a5941a6
      EMPTY_FUTURE_ARRAY = interface java.util.concurrent.Future[0]
      asmSequenceNumber = class java.util.concurrent.atomic.AtomicLong@2d4ff4d0
      _qscaCounter = class java.util.concurrent.atomic.AtomicInteger@7863444e
      _failedThrowable = null
      _interruptibleLock = class com.ibm.ws.app.manager.internal.statemachine.ApplicationStateMachineImpl$2@53627683
      _interruptible = false
      _performingQueuedActions = true
      _queuedActions = class java.util.concurrent.ConcurrentLinkedQueue@530e7140
      _callbackState = class java.util.concurrent.atomic.AtomicReference@1b5f685
      blockAppStartingFutures = class java.util.Collections$SetFromMap@631693c9
      waitingForAppHandlerFuture = class java.util.concurrent.atomic.AtomicReference@23802746
      waitingForExplicitStartFuture = class java.util.concurrent.atomic.AtomicReference@3a4d607
      startAfterFutures = class java.util.Collections$SetFromMap@2d8b1928
      completionListener = class java.util.concurrent.atomic.AtomicReference@7ad45f8b
      _notifyAppStopped = class java.util.concurrent.ConcurrentLinkedQueue@584cfd80
      _notifyAppStarting = class java.util.concurrent.ConcurrentLinkedQueue@7dfd0c60
      _notifyAppInstallCalled = class java.util.concurrent.ConcurrentLinkedQueue@84a08ae
      _notifyAppStarted = class java.util.concurrent.ConcurrentLinkedQueue@50ba262b
      _notifyAppRemoved = class java.util.concurrent.ConcurrentLinkedQueue@6f256141
      _stateLock = class com.ibm.ws.app.manager.internal.statemachine.ApplicationStateMachineImpl$3@7aaeeec9
      _internalState = class java.util.concurrent.atomic.AtomicReference@22f9864a
      _currentAction = class java.util.concurrent.atomic.AtomicReference@23736740
      _rfa = class java.util.concurrent.atomic.AtomicReference@67983506
      _appInstallInfo = class java.util.concurrent.atomic.AtomicReference@6acd479a
      _update = class java.util.concurrent.atomic.AtomicBoolean@468475f
      _appConfig = class java.util.concurrent.atomic.AtomicReference@3c1979f5
      _nextAppConfig = class java.util.concurrent.atomic.AtomicReference@1a8f5b75
      _appContainer = class java.util.concurrent.atomic.AtomicReference@1afe3e29
      _resolvedLocation = class java.util.concurrent.atomic.AtomicReference@5c6ac096
      _handler = class java.util.concurrent.atomic.AtomicReference@2bcbcc3f
      _asmSeqNo = 0
      _ctx = class org.eclipse.osgi.internal.framework.BundleContextImpl@48e8715f
      _locAdmin = class com.ibm.ws.kernel.service.location.internal.WsLocationAdminImpl@4bff6ec0
      _futureMonitor = class com.ibm.ws.threading.internal.FutureMonitorImpl@209b1ee0
      _artifactFactory = class com.ibm.ws.artifact.internal.ArtifactContainerFactoryService@2aff0415
      _moduleFactory = class com.ibm.ws.adaptable.module.internal.AdaptableModuleFactoryImpl@53a427ef
      _executorService = class com.ibm.ws.threading.internal.ExecutorServiceImpl@5f209f41
      _scheduledExecutorService = class com.ibm.ws.threading.internal.ScheduledExecutorImpl@6f19730b
      _asmHelper = class com.ibm.ws.app.manager.internal.ApplicationConfigurator$NamedApplication@2af47403
      _appMonitor = class com.ibm.ws.app.manager.internal.monitor.ApplicationMonitor@178d1c16
      enterStateCalled = class java.util.concurrent.atomic.AtomicBoolean@45806d5e
      serialVersionUID = 7990273947104993494
      serialVersionUID = 300267208965883056
      $$$tc$$$ = class com.ibm.websphere.ras.TraceComponent@2f01e1c1
    serialVersionUID = 2630639237123415755
    $$$tc$$$ = class com.ibm.websphere.ras.TraceComponent@7076bc8d
      strings[0] = "TraceComponent[com.ibm.ws.app.manager.internal.ApplicationInstallInfo,class com.ibm.ws.app.manager.internal.ApplicationInstallInfo,[applications, app.manager],com.ibm.ws.app.manager.internal.resources.AppManagerMessages,null]"
  location = "C:\Users\felix\Desktop\AirlineLogic\HelloWorld\target\liberty\wlp\usr\servers\AirlineLogicServer\apps\HelloWorld.war.xml"
  classLoadingService = class com.ibm.ws.classloading.internal.ClassLoadingServiceImpl@7ba0bdfa
    tc = class com.ibm.websphere.ras.TraceComponent@66bc65cc
      strings[0] = "TraceComponent[com.ibm.ws.classloading.internal.ClassLoadingServiceImpl,class com.ibm.ws.classloading.internal.ClassLoadingServiceImpl,[ClassLoadingService],com.ibm.ws.classloading.internal.resources.ClassLoadingServiceMessages,null]"
    leakDetectionMap = class java.util.HashMap@4d04ee88
      serialVersionUID = 362498820763181265
      DEFAULT_INITIAL_CAPACITY = 16
      MAXIMUM_CAPACITY = 1073741824
      DEFAULT_LOAD_FACTOR = 0.75
      TREEIFY_THRESHOLD = 8
      UNTREEIFY_THRESHOLD = 6
      MIN_TREEIFY_CAPACITY = 64
      table = null
      entrySet = null
      size = 0
      modCount = 0
      threshold = 0
      loadFactor = 0.75
      keySet = null
      values = null
    appClassLoaders = class java.util.Collections$SetFromMap@17901e1c
      m = class java.util.WeakHashMap@22238696
      s = class java.util.WeakHashMap$KeySet@10b59387
      serialVersionUID = 2454657854757543876
      MAX_ARRAY_SIZE = 2147483639
    TCCL_LOCK_WAIT = 15000
    REFERENCE_GENERATORS = "generators"
    bundleContext = class org.eclipse.osgi.internal.framework.BundleContextImpl@59c3970f
    aclStore = class com.ibm.ws.classloading.internal.util.CanonicalStore@4b2238e2
      map = class java.util.concurrent.ConcurrentHashMap@19b7a574
      q = class com.ibm.ws.classloading.internal.util.RefQueue@353205c6
      serialVersionUID = 6715157558227169968
      $$$tc$$$ = class com.ibm.websphere.ras.TraceComponent@3fb0625a
    tcclStore = class com.ibm.ws.classloading.internal.util.CanonicalStore@2098b24e
      map = class java.util.concurrent.ConcurrentHashMap@7466e28d
      q = class com.ibm.ws.classloading.internal.util.RefQueue@48c172c4
      serialVersionUID = 6715157558227169968
      $$$tc$$$ = class com.ibm.websphere.ras.TraceComponent@3fb0625a
    tcclStoreLock = class java.util.concurrent.locks.ReentrantLock@4a02687b
      serialVersionUID = 7373984872572414699
      sync = class java.util.concurrent.locks.ReentrantLock$NonfairSync@5b759bfa
    digraph = class org.eclipse.equinox.internal.region.StandardRegionDigraph@5df5efd9
      EMPTY_EDGE_SET = class java.util.Collections$UnmodifiableSet@2c7d0d28
      monitor = class java.lang.Object@21866659
      regions = class java.util.HashMap@434a6adc
      bundleIdToRegionMapping = class org.eclipse.equinox.internal.region.StandardBundleIdToRegionMapping@10731fe7
      edges = class java.util.HashMap@54a3448c
      bundleContext = class org.eclipse.osgi.internal.framework.BundleContextImpl@16610890
      threadLocal = class java.lang.ThreadLocal@460544ef
      subgraphTraverser = class org.eclipse.equinox.internal.region.SubgraphTraverser@5689ca79
      bundleCollisionHook = class org.eclipse.equinox.internal.region.hook.RegionBundleCollisionHook@5e8d6b68
      bundleEventHook = class org.eclipse.equinox.internal.region.hook.RegionBundleEventHook@10c4d311
      bundleFindHook = class org.eclipse.equinox.internal.region.hook.RegionBundleFindHook@7c0acfda
      serviceEventHook = class org.eclipse.equinox.internal.region.hook.RegionServiceEventHook@64c80820
      serviceFindHook = class org.eclipse.equinox.internal.region.hook.RegionServiceFindHook@51abe9fa
      resolverHookFactory = class org.eclipse.equinox.internal.region.hook.RegionResolverHookFactory@67c1e485
      origin = null
      originUpdateCount = -1
      updateCount = class java.util.concurrent.atomic.AtomicLong@4d1f83b8
      defaultRegion = null
    redefiner = class com.ibm.ws.classloading.internal.util.ClassRedefiner@279b9aba
      tc = class com.ibm.websphere.ras.TraceComponent@795cb0d
      LS = "
"
      inst = class com.sun.proxy.$Proxy0@eaee97c
      serialVersionUID = 2420101865139508526
    listener = class com.ibm.ws.classloading.internal.ClassLoadingServiceImpl$1@7ca29ad
      this$0 = class com.ibm.ws.classloading.internal.ClassLoadingServiceImpl@7ba0bdfa
      serialVersionUID = -9159707349812113172
      $$$tc$$$ = class com.ibm.websphere.ras.TraceComponent@2debc53d
    classloaders = class java.util.Collections$SynchronizedMap@6225f1d8
      serialVersionUID = 1978198479659022715
      m = class java.util.HashMap@6e289397
      mutex = class java.util.Collections$SynchronizedMap@6225f1d8
      keySet = null
      entrySet = null
      values = null
    resourceProviders = class com.ibm.ws.classloading.internal.CompositeResourceProvider@33328b9b
      lockFactory = class java.util.concurrent.locks.ReentrantReadWriteLock@6bacbc34
      providerMap = class com.ibm.ws.classloading.internal.util.MultiMap@26e7e720
      serialVersionUID = -5576435894946156347
      $$$tc$$$ = class com.ibm.websphere.ras.TraceComponent@cda26b1
    rememberedBundles = class java.util.concurrent.ConcurrentHashMap@3bbd0c57
      serialVersionUID = 7249069246763182397
      MAXIMUM_CAPACITY = 1073741824
      DEFAULT_CAPACITY = 16
      MAX_ARRAY_SIZE = 2147483639
      DEFAULT_CONCURRENCY_LEVEL = 16
      LOAD_FACTOR = 0.75
      TREEIFY_THRESHOLD = 8
      UNTREEIFY_THRESHOLD = 6
      MIN_TREEIFY_CAPACITY = 64
      MIN_TRANSFER_STRIDE = 16
      RESIZE_STAMP_BITS = 16
      MAX_RESIZERS = 65535
      RESIZE_STAMP_SHIFT = 16
      MOVED = -1
      TREEBIN = -2
      RESERVED = -3
      HASH_BITS = 2147483647
      NCPU = 8
      serialPersistentFields = class java.io.ObjectStreamField[3]
      table = class java.util.concurrent.ConcurrentHashMap$Node[16]
      nextTable = null
      baseCount = 1
      sizeCtl = 12
      transferIndex = 0
      cellsBusy = 0
      counterCells = null
      keySet = null
      values = null
      entrySet = null
      U = class sun.misc.Unsafe@dd8e8da
      SIZECTL = 20
      TRANSFERINDEX = 32
      BASECOUNT = 24
      CELLSBUSY = 36
      CELLVALUE = 144
      ABASE = 16
      ASHIFT = 2
      keySet = null
      values = null
    collectedBundles = class java.lang.ref.ReferenceQueue@49c4b7de
      NULL = class java.lang.ref.ReferenceQueue$Null@5cecbbca
      ENQUEUED = class java.lang.ref.ReferenceQueue$Null@45e7dc14
      lock = class java.lang.ref.ReferenceQueue$Lock@67dafbf9
      head = null
      queueLength = 0
      $assertionsDisabled = true
    generatorRefs = class com.ibm.wsspi.kernel.service.utils.ConcurrentServiceReferenceSet@3a34f9ec
      referenceName = "generators"
      contextRef = class java.util.concurrent.atomic.AtomicReference@12aa730c
      elementMap = class java.util.LinkedHashMap@69d23ad1
      elementSet = class java.util.concurrent.ConcurrentSkipListSet@5815b2f4
      elementSetUnsorted = false
      serialVersionUID = 756240983881166148
      $$$tc$$$ = class com.ibm.websphere.ras.TraceComponent@f06dbfd
    generatorManager = class com.ibm.ws.classloading.internal.ClassGeneratorManager@17afc4ed
      tc = class com.ibm.websphere.ras.TraceComponent@7ad526de
      generatorRefs = class com.ibm.wsspi.kernel.service.utils.ConcurrentServiceReferenceSet@3a34f9ec
      serialVersionUID = 4152663586056483310
    appExtLibs = class java.util.concurrent.CopyOnWriteArrayList@1f95780a
      serialVersionUID = 8673264195747942595
      lock = class java.util.concurrent.locks.ReentrantLock@63b6c50a
      array = class java.lang.Object[0]
      UNSAFE = class sun.misc.Unsafe@dd8e8da
      lockOffset = 12
    globalConfig = class com.ibm.ws.classloading.configuration.GlobalClassloadingConfiguration@5273f111
      properties = class org.apache.felix.scr.impl.helper.ReadOnlyDictionary@167e8d49
      serialVersionUID = 452562347104713756
      $$$tc$$$ = class com.ibm.websphere.ras.TraceComponent@5b3802ff
    metaInfServicesProviders = class java.util.concurrent.ConcurrentHashMap@1ff80bc
      serialVersionUID = 7249069246763182397
      MAXIMUM_CAPACITY = 1073741824
      DEFAULT_CAPACITY = 16
      MAX_ARRAY_SIZE = 2147483639
      DEFAULT_CONCURRENCY_LEVEL = 16
      LOAD_FACTOR = 0.75
      TREEIFY_THRESHOLD = 8
      UNTREEIFY_THRESHOLD = 6
      MIN_TREEIFY_CAPACITY = 64
      MIN_TRANSFER_STRIDE = 16
      RESIZE_STAMP_BITS = 16
      MAX_RESIZERS = 65535
      RESIZE_STAMP_SHIFT = 16
      MOVED = -1
      TREEBIN = -2
      RESERVED = -3
      HASH_BITS = 2147483647
      NCPU = 8
      serialPersistentFields = class java.io.ObjectStreamField[3]
      table = null
      nextTable = null
      baseCount = 0
      sizeCtl = 0
      transferIndex = 0
      cellsBusy = 0
      counterCells = null
      keySet = null
      values = null
      entrySet = null
      U = class sun.misc.Unsafe@dd8e8da
      SIZECTL = 20
      TRANSFERINDEX = 32
      BASECOUNT = 24
      CELLSBUSY = 36
      CELLVALUE = 144
      ABASE = 16
      ASHIFT = 2
      keySet = null
      values = null
    metaInfServicesRefs = class com.ibm.wsspi.kernel.service.utils.ConcurrentServiceReferenceMap@6de9ad1a
      referenceName = "MetaInfServicesProvider"
      context = class org.apache.felix.scr.impl.manager.ComponentContextImpl@2a106573
      elementMap = class java.util.concurrent.ConcurrentHashMap@290580e9
      serialVersionUID = 6980924785166233786
      $$$tc$$$ = class com.ibm.websphere.ras.TraceComponent@1168e42b
    protectionDomainMap = class java.util.HashMap@5988cd85
      serialVersionUID = 362498820763181265
      DEFAULT_INITIAL_CAPACITY = 16
      MAXIMUM_CAPACITY = 1073741824
      DEFAULT_LOAD_FACTOR = 0.75
      TREEIFY_THRESHOLD = 8
      UNTREEIFY_THRESHOLD = 6
      MIN_TREEIFY_CAPACITY = 64
      table = class java.util.HashMap$Node[16]
      entrySet = null
      size = 1
      modCount = 1
      threshold = 12
      loadFactor = 0.75
      keySet = null
      values = null
    metadataIdentifierService = class com.ibm.ws.container.service.metadata.internal.MetaDataServiceImpl@337afe1d
    globalSharedLibrary = class java.util.concurrent.atomic.AtomicReference@143e54dc
      serialVersionUID = -1848883965231344442
      unsafe = class sun.misc.Unsafe@dd8e8da
      valueOffset = 12
      value = null
    serialVersionUID = 4365026902615131286
  globalSharedLibrary = class com.ibm.ws.library.internal.SharedLibraryImpl@54724ba
    tc = class com.ibm.websphere.ras.TraceComponent@1869c499
      strings[0] = "TraceComponent[com.ibm.ws.library.internal.SharedLibraryImpl,class com.ibm.ws.library.internal.SharedLibraryImpl,[SharedLibrary],com.ibm.ws.classloading.internal.resources.ClassLoadingServiceMessages,null]"
    EMPTY_LIBRARY_LISTENERS = interface com.ibm.wsspi.library.LibraryChangeListener[0]
    deleted = false
    libraryListenersTracker = class org.osgi.util.tracker.ServiceTracker@56e33584
      DEBUG = false
      context = class org.eclipse.osgi.internal.framework.BundleContextImpl@59c3970f
      filter = class org.eclipse.osgi.internal.framework.FilterImpl$And@189745b1
      customizer = class org.osgi.util.tracker.ServiceTracker@56e33584
      listenerFilter = "(&(objectClass=com.ibm.wsspi.library.LibraryChangeListener)(|(library=global)(libraryRef=*com.ibm.ws.classloading.sharedlibrary_10*)))"
      trackClass = null
      trackReference = null
      tracked = class org.osgi.util.tracker.ServiceTracker$Tracked@495ee337
      cachedReference = null
      cachedService = null
    libraryReg = class org.eclipse.osgi.internal.serviceregistry.ServiceRegistrationImpl@4cd9fe51
      registry = class org.eclipse.osgi.internal.serviceregistry.ServiceRegistry@748598d1
      context = class org.eclipse.osgi.internal.framework.BundleContextImpl@59c3970f
      bundle = class org.eclipse.osgi.internal.framework.EquinoxBundle@7c33b301
      clazzes = class java.lang.String[1]
      service = class com.ibm.ws.library.internal.SharedLibraryImpl@54724ba
      reference = class org.eclipse.osgi.internal.serviceregistry.ServiceReferenceImpl@54602915
      contextsUsing = class java.util.ArrayList@6f0bb5e0
      properties = class java.util.Collections$UnmodifiableMap@71a82c81
      serviceid = 313
      serviceranking = 2
      registrationLock = class java.lang.Object@77de31f9
      state = 0
      REGISTERED = 0
      UNREGISTERING = 1
      UNREGISTERED = 2
      FRAMEWORK_SET_SERVICE_PROPERTIES_COUNT = 4
      $assertionsDisabled = true
    ctx = class org.eclipse.osgi.internal.framework.BundleContextImpl@59c3970f
    classLoadingService = class com.ibm.ws.classloading.internal.ClassLoadingServiceImpl@7ba0bdfa
    configAdmin = class com.ibm.ws.config.admin.internal.ConfigurationAdminImpl@301d0330
      tc = class com.ibm.websphere.ras.TraceComponent@61484c13
      bundle = class org.eclipse.osgi.internal.framework.EquinoxBundle@7c33b301
      caFactory = class com.ibm.ws.config.admin.internal.ConfigAdminServiceFactory@4bb23f93
      serialVersionUID = -2875522750804142523
    resolvedBasePath = "C:/Users/felix/Desktop/AirlineLogic/HelloWorld/target/liberty/wlp/usr/servers/AirlineLogicServer/"
    generationLock = class com.ibm.ws.library.internal.SharedLibraryImpl$1@1767ac50
      this$0 = class com.ibm.ws.library.internal.SharedLibraryImpl@54724ba
      serialVersionUID = 2483639803450672373
      $$$tc$$$ = class com.ibm.websphere.ras.TraceComponent@5d7778e9
    currentGeneration = class com.ibm.ws.library.internal.LibraryGeneration@1f994dee
      tc = class com.ibm.websphere.ras.TraceComponent@6fdcc9cd
      nextInt = class java.util.concurrent.atomic.AtomicInteger@5e22d042
      libraryId = "global"
      genId = 2
      libraryProps = class java.util.Hashtable@60dbd7ea
      filesetRefs = class java.util.Collections$UnmodifiableRandomAccessList@1d3dda97
      apiTypeVisibility = class java.util.RegularEnumSet@34ebc6e9
      files = class java.util.Collections$EmptyList@42bb877c
      folders = class java.util.ArrayList@7c83b0f6
      fileAndFolderContainers = class java.util.Collections$EmptyList@42bb877c
      filesets = class java.util.concurrent.ArrayBlockingQueue@42595c0b
      filesetListenerRegs = class java.util.concurrent.ConcurrentLinkedQueue@3143cfb5
      cancelled = false
      library = class com.ibm.ws.library.internal.SharedLibraryImpl@54724ba
      serialVersionUID = 6965220007121905717
    nextGeneration = class com.ibm.ws.library.internal.LibraryGeneration@1f994dee
    artifactContainerFactory = class com.ibm.ws.library.internal.SharedLibraryFactory$1@5019148c
      this$0 = class com.ibm.ws.library.internal.SharedLibraryFactory@fa2f6fd
      serialVersionUID = 7730244564205089330
      $$$tc$$$ = class com.ibm.websphere.ras.TraceComponent@5267378d
    packageExporter = class com.ibm.ws.library.internal.LibraryPackageExporter@845893c
      EXPORTER_POSTFIX = "_library_exporter"
      REGION_EXPORT_TO_LIBERTY = "liberty.library.export.to.liberty"
      REGION_EXPORT_TO_OSGI_APPS = "liberty.library.export.to.osgi.app"
      REGION_KERNEL = "org.eclipse.equinox.region.kernel"
      counter = class java.util.concurrent.atomic.AtomicLong@3a108462
      context = class org.eclipse.osgi.internal.framework.BundleContextImpl@59c3970f
      digraph = class org.eclipse.equinox.internal.region.StandardRegionDigraph@5df5efd9
      bundleToLibrary = class java.util.concurrent.ConcurrentHashMap@32a12e2f
      libraryToVisibility = class java.util.concurrent.ConcurrentHashMap@1db061a9
      serialVersionUID = 8074378969667956573
      $$$tc$$$ = class com.ibm.websphere.ras.TraceComponent@37a04a68
    serialVersionUID = 6288237618632180389
  sharedLibDeploymentInfo = class com.ibm.ws.app.manager.module.internal.DeployedAppInfoBase$SharedLibDeploymentInfo@2361cd54
    locAdmin = class com.ibm.ws.kernel.service.location.internal.WsLocationAdminImpl@4bff6ec0
    artifactFactory = class com.ibm.ws.artifact.internal.ArtifactContainerFactoryService@2aff0415
    moduleFactory = class com.ibm.ws.adaptable.module.internal.AdaptableModuleFactoryImpl@53a427ef
    classesContainerInfo = class java.util.ArrayList@3fbc7a46
      serialVersionUID = 8683452581122892189
      DEFAULT_CAPACITY = 10
      EMPTY_ELEMENTDATA = class java.lang.Object[0]
      DEFAULTCAPACITY_EMPTY_ELEMENTDATA = class java.lang.Object[0]
      elementData = class java.lang.Object[0]
      size = 0
      MAX_ARRAY_SIZE = 2147483639
      modCount = 0
      MAX_ARRAY_SIZE = 2147483639
    serialVersionUID = 5154735746662585226
    $$$tc$$$ = class com.ibm.websphere.ras.TraceComponent@1c835e1d
      strings[0] = "TraceComponent[com.ibm.ws.app.manager.module.internal.DeployedAppInfoBase$SharedLibDeploymentInfo,class com.ibm.ws.app.manager.module.internal.DeployedAppInfoBase$SharedLibDeploymentInfo,[applications, app.manager],null,null]"
  configAdmin = class com.ibm.ws.config.admin.internal.ConfigurationAdminImpl@2b4a6838
    tc = class com.ibm.websphere.ras.TraceComponent@61484c13
      strings[0] = "TraceComponent[com.ibm.ws.config.admin.internal.ConfigurationAdminImpl,class com.ibm.ws.config.admin.internal.ConfigurationAdminImpl,[config],com.ibm.ws.config.internal.resources.ConfigMessages,null]"
    bundle = class org.eclipse.osgi.internal.framework.EquinoxBundle@55040170
      equinoxContainer = class org.eclipse.osgi.internal.framework.EquinoxContainer@561756ec
      module = class org.eclipse.osgi.internal.framework.EquinoxBundle$EquinoxModule@1e4c7afc
      monitor = class java.lang.Object@7c3aa8b9
      context = class org.eclipse.osgi.internal.framework.BundleContextImpl@6b3ba0b
      signerInfos = null
      $SWITCH_TABLE$org$eclipse$osgi$container$Module$State = {1,2,3,4,5,6,7} /* array length = 7 */
    caFactory = class com.ibm.ws.config.admin.internal.ConfigAdminServiceFactory@4bb23f93
      tc = class com.ibm.websphere.ras.TraceComponent@520b2ae1
      configurationPermission = class org.osgi.service.cm.ConfigurationPermission@3b1e6b7a
      INDEX_DICTIONARY = 0
      INDEX_LOCATION = 1
      INDEX_METATYPE_PROCESSED = 2
      INDEX_IN_OVERRIDES_FILE = 3
      INDEX_REFERENCES = 4
      INDEX_UNIQUES = 5
      bundleContext = class org.eclipse.osgi.internal.framework.BundleContextImpl@77a1ca22
      msTracker = class com.ibm.ws.config.admin.internal.ManagedServiceTracker@46b9cfe5
      msfTracker = class com.ibm.ws.config.admin.internal.ManagedServiceFactoryTracker@371602f8
      pluginManager = class com.ibm.ws.config.admin.internal.PluginManager@714229a5
      configurationStore = class com.ibm.ws.config.admin.internal.ConfigurationStore@39cfd94c
      updateQueue = class com.ibm.ws.config.admin.internal.UpdateQueue@3181ef77
      ced = class com.ibm.ws.config.admin.internal.ConfigEventDispatcher@36072a7d
      idMap = class java.util.Collections$SynchronizedMap@56683219
      referenceMap = class java.util.Collections$SynchronizedMap@11aa9421
      variableRegistryTracker = class org.osgi.util.tracker.ServiceTracker@2f6e3b34
      variableRegistry = class com.ibm.ws.kernel.service.location.internal.VariableRegistryHelper@20b5a866
      configurationAdminRef = class org.eclipse.osgi.internal.serviceregistry.ServiceRegistrationImpl@1df243b2
      serialVersionUID = 6695202270027014725
    serialVersionUID = -2875522750804142523
  libraryConfigHelper = class com.ibm.ws.classloading.ClassLoaderConfigHelper@557b5fc6
    tc = class com.ibm.websphere.ras.TraceComponent@220d7a31
      strings[0] = "TraceComponent[com.ibm.ws.classloading.ClassLoaderConfigHelper,class com.ibm.ws.classloading.ClassLoaderConfigHelper,[ClassLoadingService],com.ibm.ws.classloading.internal.resources.ClassLoadingServiceMessages,null]"
    DEFAULT_API_TYPES = class java.util.RegularEnumSet@22eab148
      serialVersionUID = 3411599620347842686
      elements = 23
      elementType = class java.lang.Class@2222e2c3
      universe = class com.ibm.wsspi.classloading.ApiType[5]
      ZERO_LENGTH_ENUM_ARRAY = class java.lang.Enum[0]
      MAX_ARRAY_SIZE = 2147483639
    sharedLibraries = class java.util.Collections$EmptyList@42bb877c
      serialVersionUID = 8842843931221139166
      modCount = 0
      MAX_ARRAY_SIZE = 2147483639
    commonLibraries = class java.util.Collections$EmptyList@42bb877c
    classProviders = class java.util.Collections$EmptyList@42bb877c
    sharedLibrariesPids = null
    commonLibrariesPids = null
    isDelegateLast = false
    apiTypes = class java.util.RegularEnumSet@22eab148
    classLoaderConfigProps = null
    serialVersionUID = 7643888529935916418
  isDelegateLast = false
  permissionManager = class com.ibm.ws.classloading.java2sec.PermissionManager@6925d327
    tc = class com.ibm.websphere.ras.TraceComponent@99cf950
      strings[0] = "TraceComponent[com.ibm.ws.classloading.java2sec.PermissionManager,class com.ibm.ws.classloading.java2sec.PermissionManager,[Java2SecurityUtil],com.ibm.ws.classloading.internal.resources.Java2SecurityUtilMessages,null]"
    bundleContext = class org.eclipse.osgi.internal.framework.BundleContextImpl@59c3970f
      findHookName = "org.osgi.framework.hooks.bundle.FindHook"
      valid = true
      bundle = class org.eclipse.osgi.internal.framework.EquinoxBundle@7c33b301
      container = class org.eclipse.osgi.internal.framework.EquinoxContainer@561756ec
      debug = class org.eclipse.osgi.internal.debug.Debug@4d0ae001
      servicesInUse = class java.util.HashMap@1588be02
      activator = null
      contextLock = class java.lang.Object@30318540
    classLoadingService = class com.ibm.ws.classloading.internal.ClassLoadingServiceImpl@7ba0bdfa
    DEFAULT_SERVER_RESTRICTABLE_PERMISSIONS = class java.security.Permission[4]
      Permission[0] = class java.lang.RuntimePermission@43c9e6a9
      Permission[1] = class java.lang.RuntimePermission@4f565185
      Permission[2] = class java.security.SecurityPermission@754093d1
      Permission[3] = class javax.security.auth.AuthPermission@37ee3f80
    DEFAULT_CLIENT_RESTRICTABLE_PERMISSIONS = class java.security.Permission[3]
      Permission[0] = class java.lang.RuntimePermission@20497934
      Permission[1] = class java.security.SecurityPermission@261ed53d
      Permission[2] = class javax.security.auth.AuthPermission@1837f05e
    isServer = true
    wsjarUrlStreamHandlerAvailable = true
    restrictablePermissions = class java.util.ArrayList@64e64eb9
      serialVersionUID = 8683452581122892189
      DEFAULT_CAPACITY = 10
      EMPTY_ELEMENTDATA = class java.lang.Object[0]
      DEFAULTCAPACITY_EMPTY_ELEMENTDATA = class java.lang.Object[0]
      elementData = class java.lang.Object[10]
      size = 4
      MAX_ARRAY_SIZE = 2147483639
      modCount = 4
      MAX_ARRAY_SIZE = 2147483639
    javaAllCodeBasePermissions = class java.util.ArrayList@16bb9a81
      serialVersionUID = 8683452581122892189
      DEFAULT_CAPACITY = 10
      EMPTY_ELEMENTDATA = class java.lang.Object[0]
      DEFAULTCAPACITY_EMPTY_ELEMENTDATA = class java.lang.Object[0]
      elementData = class java.lang.Object[22]
      size = 21
      MAX_ARRAY_SIZE = 2147483639
      modCount = 21
      MAX_ARRAY_SIZE = 2147483639
    expandProps = true
    grantedPermissions = class java.util.ArrayList@5602dad5
      serialVersionUID = 8683452581122892189
      DEFAULT_CAPACITY = 10
      EMPTY_ELEMENTDATA = class java.lang.Object[0]
      DEFAULTCAPACITY_EMPTY_ELEMENTDATA = class java.lang.Object[0]
      elementData = class java.lang.Object[0]
      size = 0
      MAX_ARRAY_SIZE = 2147483639
      modCount = 0
      MAX_ARRAY_SIZE = 2147483639
    KEY_PERMISSION = "permission"
    INCORRECT_PERMISSION_CONFIGURATION = "INCORRECT_PERMISSION_CONFIGURATION"
    PERMISSION_CLASSNOTFOUND = "PERMISSION_CLASSNOTFOUND"
    SERVER_XML = "server.xml"
    CLIENT_XML = "client.xml"
    JAVA_POLICY = "java.policy"
    os_name = "Windows 10"
    os_version = "10.0"
    originationFile = "server.xml"
    permissions = class com.ibm.wsspi.kernel.service.utils.ConcurrentServiceReferenceSet@6c37a99e
      referenceName = "permission"
      contextRef = class java.util.concurrent.atomic.AtomicReference@422b93fa
      elementMap = class java.util.LinkedHashMap@17e09020
      elementSet = class java.util.concurrent.ConcurrentSkipListSet@6af322c0
      elementSetUnsorted = false
      serialVersionUID = 756240983881166148
      $$$tc$$$ = class com.ibm.websphere.ras.TraceComponent@f06dbfd
    codeBasePermissionMap = class java.util.HashMap@3af2b127
      serialVersionUID = 362498820763181265
      DEFAULT_INITIAL_CAPACITY = 16
      MAXIMUM_CAPACITY = 1073741824
      DEFAULT_LOAD_FACTOR = 0.75
      TREEIFY_THRESHOLD = 8
      UNTREEIFY_THRESHOLD = 6
      MIN_TREEIFY_CAPACITY = 64
      table = class java.util.HashMap$Node[16]
      entrySet = null
      size = 1
      modCount = 1
      threshold = 12
      loadFactor = 0.75
      keySet = class java.util.HashMap$KeySet@24ce20b8
      values = null
    permissionXMLPermissionMap = class java.util.HashMap@70574b6a
      serialVersionUID = 362498820763181265
      DEFAULT_INITIAL_CAPACITY = 16
      MAXIMUM_CAPACITY = 1073741824
      DEFAULT_LOAD_FACTOR = 0.75
      TREEIFY_THRESHOLD = 8
      UNTREEIFY_THRESHOLD = 6
      MIN_TREEIFY_CAPACITY = 64
      table = null
      entrySet = null
      size = 0
      modCount = 0
      threshold = 0
      loadFactor = 0.75
      keySet = null
      values = null
    serialVersionUID = 8583289148510585888
  permissionsConfig = null
  serialVersionUID = 1131686356392279747
  appInfo = class com.ibm.ws.container.service.app.deploy.internal.ApplicationInfoImpl@2aa87d85
    appName = "HelloWorld"
    appMetaData = class com.ibm.ws.container.service.app.deploy.internal.ApplicationMetaDataImpl@498f48e2
      j2eeName = class com.ibm.ws.container.service.metadata.internal.J2EENameImpl@2e10b746
      serialVersionUID = -7906531148367236579
      $$$tc$$$ = class com.ibm.websphere.ras.TraceComponent@2272f1e5
      tc = class com.ibm.websphere.ras.TraceComponent@67701d15
      NUM_STATIC_SLOTS = 4
      ID_UNINITIALIZED = -1
      id = 3
      metaDataInterface = class java.lang.Class@5b48343b
      staticSlots = class java.lang.Object[4]
      dynamicSlots = null
    appContainer = class com.ibm.ws.adaptable.module.internal.AdaptableContainerImpl@48028086
      root = class com.ibm.ws.adaptable.module.internal.AdaptableContainerImpl@48028086
      rootOverlay = class com.ibm.ws.artifact.overlay.internal.DirectoryBasedOverlayContainerImpl@4d25fb1d
      factoryHolder = class com.ibm.ws.adaptable.module.internal.AdaptableModuleFactoryImpl@53a427ef
      delegate = class com.ibm.ws.artifact.overlay.internal.DirectoryBasedOverlayContainerImpl@4d25fb1d
      notifier = class com.ibm.ws.adaptable.module.internal.NotifierImpl@605fbd21
      serialVersionUID = -5950528200509051684
      $$$tc$$$ = class com.ibm.websphere.ras.TraceComponent@7edf7862
    configHelper = class com.ibm.ws.app.manager.module.ApplicationNestedConfigHelper@566f5203
      appInfo = class com.ibm.ws.app.manager.internal.ApplicationInstallInfo@1764a9f2
      serialVersionUID = -3174031738676705046
      $$$tc$$$ = class com.ibm.websphere.ras.TraceComponent@4653e6ec
    applicationInformation = class com.ibm.ws.app.manager.internal.ApplicationInstallInfo@1764a9f2
    serialVersionUID = 5227817860647895780
    $$$tc$$$ = class com.ibm.websphere.ras.TraceComponent@7b463372
      strings[0] = "TraceComponent[com.ibm.ws.container.service.app.deploy.internal.ApplicationInfoImpl,class com.ibm.ws.container.service.app.deploy.internal.ApplicationInfoImpl,[container.service],com.ibm.ws.container.service.resources.Messages,null]"
  appInfoRegistration = null
  modulesDeployed = class java.util.ArrayList@4403a83a
    serialVersionUID = 8683452581122892189
    DEFAULT_CAPACITY = 10
    EMPTY_ELEMENTDATA = class java.lang.Object[0]
    DEFAULTCAPACITY_EMPTY_ELEMENTDATA = class java.lang.Object[0]
    elementData = class java.lang.Object[10]
      Object[0] = class com.ibm.ws.app.manager.module.internal.DeployedModuleInfoImpl@31303155
      Object[1] = null
      Object[2] = null
      Object[3] = null
      Object[4] = null
      Object[5] = null
      Object[6] = null
      Object[7] = null
      Object[8] = null
      Object[9] = null
    size = 1
    MAX_ARRAY_SIZE = 2147483639
    modCount = 1
    MAX_ARRAY_SIZE = 2147483639
  starting = true
  started = false
  deployedAppServices = class com.ibm.ws.app.manager.module.internal.DeployedAppServicesImpl@d367972
    SERVER_APPS_DIR = "${server.output.dir}/apps/"
    EXPANDED_APPS_DIR = "${server.output.dir}/apps/expanded/"
    bundleContext = class org.eclipse.osgi.internal.framework.BundleContextImpl@6b3ba0b
      findHookName = "org.osgi.framework.hooks.bundle.FindHook"
      valid = true
      bundle = class org.eclipse.osgi.internal.framework.EquinoxBundle@55040170
      container = class org.eclipse.osgi.internal.framework.EquinoxContainer@561756ec
      debug = class org.eclipse.osgi.internal.debug.Debug@4d0ae001
      servicesInUse = class java.util.HashMap@79d39148
      activator = null
      contextLock = class java.lang.Object@6aa16fc2
    applicationInfoFactory = class com.ibm.ws.container.service.app.deploy.internal.ApplicationInfoFactoryImpl@3cf0132a
    futureMonitor = class com.ibm.ws.threading.internal.FutureMonitorImpl@209b1ee0
    classLoadingService = class com.ibm.ws.classloading.internal.ClassLoadingServiceImpl@7ba0bdfa
    globalSharedLibrary = class com.ibm.ws.library.internal.SharedLibraryImpl@54724ba
    globalSharedLibraryPid = "com.ibm.ws.classloading.sharedlibrary_10"
    configAdmin = class com.ibm.ws.config.admin.internal.ConfigurationAdminImpl@2b4a6838
    metaDataService = class com.ibm.ws.container.service.metadata.internal.MetaDataServiceImpl@337afe1d
    stateChangeService = class com.ibm.ws.container.service.state.internal.StateChangeServiceImpl@4b1a8cbc
    allModuleTypes = class java.lang.String[4]
      String[0] = "ejb"
      String[1] = "web"
      String[2] = "client"
      String[3] = "connector"
    moduleMetaDataExtenders = class java.util.concurrent.ConcurrentHashMap@61e9d708
      serialVersionUID = 7249069246763182397
      MAXIMUM_CAPACITY = 1073741824
      DEFAULT_CAPACITY = 16
      MAX_ARRAY_SIZE = 2147483639
      DEFAULT_CONCURRENCY_LEVEL = 16
      LOAD_FACTOR = 0.75
      TREEIFY_THRESHOLD = 8
      UNTREEIFY_THRESHOLD = 6
      MIN_TREEIFY_CAPACITY = 64
      MIN_TRANSFER_STRIDE = 16
      RESIZE_STAMP_BITS = 16
      MAX_RESIZERS = 65535
      RESIZE_STAMP_SHIFT = 16
      MOVED = -1
      TREEBIN = -2
      RESERVED = -3
      HASH_BITS = 2147483647
      NCPU = 8
      serialPersistentFields = class java.io.ObjectStreamField[3]
      table = class java.util.concurrent.ConcurrentHashMap$Node[16]
      nextTable = null
      baseCount = 4
      sizeCtl = 12
      transferIndex = 0
      cellsBusy = 0
      counterCells = null
      keySet = null
      values = null
      entrySet = null
      U = class sun.misc.Unsafe@dd8e8da
      SIZECTL = 20
      TRANSFERINDEX = 32
      BASECOUNT = 24
      CELLSBUSY = 36
      CELLVALUE = 144
      ABASE = 16
      ASHIFT = 2
      keySet = null
      values = null
    nestedModuleMetaDataFactories = class java.util.concurrent.ConcurrentHashMap@4e3d399b
      serialVersionUID = 7249069246763182397
      MAXIMUM_CAPACITY = 1073741824
      DEFAULT_CAPACITY = 16
      MAX_ARRAY_SIZE = 2147483639
      DEFAULT_CONCURRENCY_LEVEL = 16
      LOAD_FACTOR = 0.75
      TREEIFY_THRESHOLD = 8
      UNTREEIFY_THRESHOLD = 6
      MIN_TREEIFY_CAPACITY = 64
      MIN_TRANSFER_STRIDE = 16
      RESIZE_STAMP_BITS = 16
      MAX_RESIZERS = 65535
      RESIZE_STAMP_SHIFT = 16
      MOVED = -1
      TREEBIN = -2
      RESERVED = -3
      HASH_BITS = 2147483647
      NCPU = 8
      serialPersistentFields = class java.io.ObjectStreamField[3]
      table = class java.util.concurrent.ConcurrentHashMap$Node[16]
      nextTable = null
      baseCount = 4
      sizeCtl = 12
      transferIndex = 0
      cellsBusy = 0
      counterCells = null
      keySet = null
      values = null
      entrySet = null
      U = class sun.misc.Unsafe@dd8e8da
      SIZECTL = 20
      TRANSFERINDEX = 32
      BASECOUNT = 24
      CELLSBUSY = 36
      CELLVALUE = 144
      ABASE = 16
      ASHIFT = 2
      keySet = null
      values = null
    permissionManager = class com.ibm.ws.classloading.java2sec.PermissionManager@6925d327
    locAdmin = class com.ibm.ws.kernel.service.location.internal.WsLocationAdminImpl@4bff6ec0
      tc = class com.ibm.websphere.ras.TraceComponent@7830236
      LOC_INTERNAL_LIB_DIR = "wlp.lib.dir"
      LOC_INTERNAL_WORKAREA_DIR = "wlp.workarea.dir"
      LOC_AREA_NAME_APPS = "shared/apps/"
      LOC_AREA_NAME_CONFIG = "shared/config/"
      LOC_AREA_NAME_RESC = "shared/resources/"
      LOC_AREA_NAME_STATE = "logs/state/"
      LOC_AREA_NAME_SERVERS = "servers/"
      LOC_AREA_NAME_CLIENTS = "clients/"
      LOC_AREA_NAME_WORKING = "workarea/"
      LOC_AREA_NAME_EXTENSION = "extension/"
      instance = class com.ibm.ws.kernel.service.location.internal.WsLocationAdminImpl@4bff6ec0
      installRoot = class com.ibm.ws.kernel.service.location.internal.SymbolicRootResource@7ffa0f34
      installParentRoot = class com.ibm.ws.kernel.service.location.internal.SymbolicRootResource@662ffda5
      userRoot = class com.ibm.ws.kernel.service.location.internal.SymbolicRootResource@74fe1d9e
      usrExtensionRoot = class com.ibm.ws.kernel.service.location.internal.SymbolicRootResource@544eaf57
      serverConfigDir = class com.ibm.ws.kernel.service.location.internal.SymbolicRootResource@7be29945
      serverOutputDir = class com.ibm.ws.kernel.service.location.internal.SymbolicRootResource@7be29945
      bootstrapLib = class com.ibm.ws.kernel.service.location.internal.LocalFileResource@62b99149
      serverWorkarea = class com.ibm.ws.kernel.service.location.internal.LocalFileResource@662f626d
      serverState = class com.ibm.ws.kernel.service.location.internal.LocalFileResource@47ba5de8
      sharedAppsRoot = class com.ibm.ws.kernel.service.location.internal.SymbolicRootResource@287dcceb
      sharedConfigRoot = class com.ibm.ws.kernel.service.location.internal.SymbolicRootResource@6e03374
      sharedResourceRoot = class com.ibm.ws.kernel.service.location.internal.SymbolicRootResource@1b4105cf
      tmpRoot = class com.ibm.ws.kernel.service.location.internal.SymbolicRootResource@e815e52
      serverName = "AirlineLogicServer"
      resourcePaths = class java.util.ArrayList@48ddd1fd
      resourceGroups = class java.util.HashMap@4fa13001
      commonRoot = class com.ibm.ws.kernel.service.location.internal.VirtualRootResource@5c5d2b47
      serialVersionUID = -5748835026800463299
    artifactFactory = class com.ibm.ws.artifact.internal.ArtifactContainerFactoryService@2aff0415
      CATEGORY_PROP_NAME = "category"
      ENTRY_KEY = "com.ibm.wsspi.artifact.ArtifactEntry"
      helperMap = class com.ibm.wsspi.kernel.service.utils.ConcurrentServiceReferenceSetMap@46efbc2e
      contributorMap = class com.ibm.wsspi.kernel.service.utils.ConcurrentServiceReferenceSetMap@5dade646
      helperCategoryMap = class com.ibm.wsspi.kernel.service.utils.ConcurrentServiceReferenceSetMap@5d10fe92
      contributorCategoryMap = class com.ibm.wsspi.kernel.service.utils.ConcurrentServiceReferenceSetMap@43950dab
      categories = class java.util.Collections$SynchronizedSet@7820d73b
      baseProperties = class org.apache.felix.scr.impl.helper.ReadOnlyDictionary@4a8d91af
      registration = class com.ibm.ws.kernel.service.util.ServiceRegistrationModifier@10331202
      serialVersionUID = 6566424214406946230
      $$$tc$$$ = class com.ibm.websphere.ras.TraceComponent@13116854
    moduleFactory = class com.ibm.ws.adaptable.module.internal.AdaptableModuleFactoryImpl@53a427ef
      adapterFactoryService = class com.ibm.ws.adaptable.module.internal.AdapterFactoryServiceImpl@39a3843
      containerFactory = class com.ibm.ws.artifact.internal.ArtifactContainerFactoryService@2aff0415
      overlayContainerFactory = class com.ibm.ws.artifact.overlay.internal.OverlayContainerFactoryImpl@14cd00f0
      serialVersionUID = 4200251809856292987
      $$$tc$$$ = class com.ibm.websphere.ras.TraceComponent@764e36a4
    serialVersionUID = 8537801607979767986
    $$$tc$$$ = class com.ibm.websphere.ras.TraceComponent@5d3dc0d9
      strings[0] = "TraceComponent[com.ibm.ws.app.manager.module.internal.DeployedAppServicesImpl,class com.ibm.ws.app.manager.module.internal.DeployedAppServicesImpl,[applications, app.manager],null,null]"
  futureMonitor = class com.ibm.ws.threading.internal.FutureMonitorImpl@209b1ee0
    _monitor = class java.util.concurrent.ConcurrentLinkedQueue@6e901307
      serialVersionUID = 196745693267521676
      head = class java.util.concurrent.ConcurrentLinkedQueue$Node@98d0a50
      tail = class java.util.concurrent.ConcurrentLinkedQueue$Node@98d0a50
      UNSAFE = class sun.misc.Unsafe@dd8e8da
      headOffset = 12
      tailOffset = 16
      MAX_ARRAY_SIZE = 2147483639
    _executor = class com.ibm.ws.threading.internal.DeferrableScheduledExecutorImpl@a99da6e
      PERIOD_MILLISECONDS = 15000
      executor = class com.ibm.ws.threading.internal.ScheduledExecutorImpl@6f19730b
      serialVersionUID = 117550544710569826
      $$$tc$$$ = class com.ibm.websphere.ras.TraceComponent@50447b43
    _threadRunning = class java.util.concurrent.atomic.AtomicBoolean@846a4c7
      serialVersionUID = 4654671469794556979
      unsafe = class sun.misc.Unsafe@dd8e8da
      valueOffset = 12
      value = 0
    _thread = class com.ibm.ws.threading.internal.FutureMonitorImpl$1@78c123d8
      this$0 = class com.ibm.ws.threading.internal.FutureMonitorImpl@209b1ee0
      serialVersionUID = 2422512430832938099
      $$$tc$$$ = class com.ibm.websphere.ras.TraceComponent@27adb2f8
    serialVersionUID = 2765238413969174390
    $$$tc$$$ = class com.ibm.websphere.ras.TraceComponent@8487571
      strings[0] = "TraceComponent[com.ibm.ws.threading.internal.FutureMonitorImpl,class com.ibm.ws.threading.internal.FutureMonitorImpl,[Threading],com.ibm.ws.threading.internal.resources.ThreadingMessages,null]"
  appInfoFactory = class com.ibm.ws.container.service.app.deploy.internal.ApplicationInfoFactoryImpl@3cf0132a
    j2eeNameFactory = class com.ibm.wsspi.kernel.service.utils.AtomicServiceReference@69b9dc87
      referenceName = "j2eeNameFactory"
      tuple = class java.util.concurrent.atomic.AtomicReference@4dcbcb83
      serialVersionUID = 2226592364007985000
      $$$tc$$$ = class com.ibm.websphere.ras.TraceComponent@5ca18e56
    names = class java.util.HashSet@49983dd7
      serialVersionUID = -5024744406713321676
      map = class java.util.HashMap@1b8571fb
      PRESENT = class java.lang.Object@440f6784
      MAX_ARRAY_SIZE = 2147483639
    serialVersionUID = 6232436640731165768
    $$$tc$$$ = class com.ibm.websphere.ras.TraceComponent@460b6a7c
      strings[0] = "TraceComponent[com.ibm.ws.container.service.app.deploy.internal.ApplicationInfoFactoryImpl,class com.ibm.ws.container.service.app.deploy.internal.ApplicationInfoFactoryImpl,[container.service],com.ibm.ws.container.service.resources.Messages,null]"
  metaDataService = class com.ibm.ws.container.service.metadata.internal.MetaDataServiceImpl@337afe1d
    applicationMetaDataManager = class com.ibm.ws.container.service.metadata.internal.ApplicationMetaDataManager@477f240
      serialVersionUID = 1843747281024490904
      $$$tc$$$ = class com.ibm.websphere.ras.TraceComponent@423862ed
      listeners = class com.ibm.wsspi.kernel.service.utils.ConcurrentServiceReferenceSet@69321b33
      metaDataIDs = class com.ibm.ws.container.service.metadata.internal.IndexList@67d8cbd6
      metaDatas = class java.util.ArrayList@f55ee64
      slotIDs = class com.ibm.ws.container.service.metadata.internal.IndexList@3e66ae75
      serialVersionUID = 5464421863354792977
      $$$tc$$$ = class com.ibm.websphere.ras.TraceComponent@1d8324ce
    moduleMetaDataManager = class com.ibm.ws.container.service.metadata.internal.ModuleMetaDataManager@2321f2b4
      serialVersionUID = 2513574389899327209
      $$$tc$$$ = class com.ibm.websphere.ras.TraceComponent@89ffb29
      listeners = class com.ibm.wsspi.kernel.service.utils.ConcurrentServiceReferenceSet@24a27174
      metaDataIDs = class com.ibm.ws.container.service.metadata.internal.IndexList@4f493c0d
      metaDatas = class java.util.ArrayList@1f2eafe4
      slotIDs = class com.ibm.ws.container.service.metadata.internal.IndexList@383c195f
      serialVersionUID = 5464421863354792977
      $$$tc$$$ = class com.ibm.websphere.ras.TraceComponent@1d8324ce
    componentMetaDataManager = class com.ibm.ws.container.service.metadata.internal.ComponentMetaDataManager@7ebefbb2
      serialVersionUID = 8629793739641703882
      $$$tc$$$ = class com.ibm.websphere.ras.TraceComponent@7857ffbb
      listeners = class com.ibm.wsspi.kernel.service.utils.ConcurrentServiceReferenceSet@6f6ca9c7
      metaDataIDs = class com.ibm.ws.container.service.metadata.internal.IndexList@4bc4d17f
      metaDatas = class java.util.ArrayList@3cd349be
      slotIDs = class com.ibm.ws.container.service.metadata.internal.IndexList@503fac
      serialVersionUID = 5464421863354792977
      $$$tc$$$ = class com.ibm.websphere.ras.TraceComponent@1d8324ce
    methodMetaDataManager = class com.ibm.ws.container.service.metadata.internal.MethodMetaDataManager@1cd8a18a
      serialVersionUID = -8002489041502300640
      $$$tc$$$ = class com.ibm.websphere.ras.TraceComponent@6b3063e5
      listeners = class com.ibm.wsspi.kernel.service.utils.ConcurrentServiceReferenceSet@4c647b74
      metaDataIDs = class com.ibm.ws.container.service.metadata.internal.IndexList@66a148b5
      metaDatas = class java.util.ArrayList@62e93f95
      slotIDs = class com.ibm.ws.container.service.metadata.internal.IndexList@52d3909a
      serialVersionUID = 5464421863354792977
      $$$tc$$$ = class com.ibm.websphere.ras.TraceComponent@1d8324ce
    appModuleNameToModuleContainer = class java.util.concurrent.ConcurrentHashMap@2706a5a3
      serialVersionUID = 7249069246763182397
      MAXIMUM_CAPACITY = 1073741824
      DEFAULT_CAPACITY = 16
      MAX_ARRAY_SIZE = 2147483639
      DEFAULT_CONCURRENCY_LEVEL = 16
      LOAD_FACTOR = 0.75
      TREEIFY_THRESHOLD = 8
      UNTREEIFY_THRESHOLD = 6
      MIN_TREEIFY_CAPACITY = 64
      MIN_TRANSFER_STRIDE = 16
      RESIZE_STAMP_BITS = 16
      MAX_RESIZERS = 65535
      RESIZE_STAMP_SHIFT = 16
      MOVED = -1
      TREEBIN = -2
      RESERVED = -3
      HASH_BITS = 2147483647
      NCPU = 8
      serialPersistentFields = class java.io.ObjectStreamField[3]
      table = class java.util.concurrent.ConcurrentHashMap$Node[16]
      nextTable = null
      baseCount = 3
      sizeCtl = 12
      transferIndex = 0
      cellsBusy = 0
      counterCells = null
      keySet = null
      values = null
      entrySet = null
      U = class sun.misc.Unsafe@dd8e8da
      SIZECTL = 20
      TRANSFERINDEX = 32
      BASECOUNT = 24
      CELLSBUSY = 36
      CELLVALUE = 144
      ABASE = 16
      ASHIFT = 2
      keySet = null
      values = null
    jeeNameToComponentMetaData = class java.util.concurrent.ConcurrentHashMap@b9e57a5
      serialVersionUID = 7249069246763182397
      MAXIMUM_CAPACITY = 1073741824
      DEFAULT_CAPACITY = 16
      MAX_ARRAY_SIZE = 2147483639
      DEFAULT_CONCURRENCY_LEVEL = 16
      LOAD_FACTOR = 0.75
      TREEIFY_THRESHOLD = 8
      UNTREEIFY_THRESHOLD = 6
      MIN_TREEIFY_CAPACITY = 64
      MIN_TRANSFER_STRIDE = 16
      RESIZE_STAMP_BITS = 16
      MAX_RESIZERS = 65535
      RESIZE_STAMP_SHIFT = 16
      MOVED = -1
      TREEBIN = -2
      RESERVED = -3
      HASH_BITS = 2147483647
      NCPU = 8
      serialPersistentFields = class java.io.ObjectStreamField[3]
      table = class java.util.concurrent.ConcurrentHashMap$Node[16]
      nextTable = null
      baseCount = 8
      sizeCtl = 12
      transferIndex = 0
      cellsBusy = 0
      counterCells = null
      keySet = null
      values = null
      entrySet = null
      U = class sun.misc.Unsafe@dd8e8da
      SIZECTL = 20
      TRANSFERINDEX = 32
      BASECOUNT = 24
      CELLSBUSY = 36
      CELLVALUE = 144
      ABASE = 16
      ASHIFT = 2
      keySet = null
      values = null
    deferredMetaDataFactories = class com.ibm.wsspi.kernel.service.utils.ConcurrentServiceReferenceSet@2f44e0f
      referenceName = "deferredMetaDataFactory"
      contextRef = class java.util.concurrent.atomic.AtomicReference@27bb6cc1
      elementMap = class java.util.LinkedHashMap@d19f5ad
      elementSet = class java.util.concurrent.ConcurrentSkipListSet@6b2f54d3
      elementSetUnsorted = false
      serialVersionUID = 756240983881166148
      $$$tc$$$ = class com.ibm.websphere.ras.TraceComponent@f06dbfd
    deferredMetaDataInitializers = class com.ibm.wsspi.kernel.service.utils.ConcurrentServiceReferenceMap@5b797b2a
      referenceName = "deferredMetaDataFactory"
      context = class org.apache.felix.scr.impl.manager.ComponentContextImpl@3d83fe6f
      elementMap = class java.util.concurrent.ConcurrentHashMap@510bed8a
      serialVersionUID = 6980924785166233786
      $$$tc$$$ = class com.ibm.websphere.ras.TraceComponent@1168e42b
    serialVersionUID = -2494605732980966097
    $$$tc$$$ = class com.ibm.websphere.ras.TraceComponent@8ec9ac4
      strings[0] = "TraceComponent[com.ibm.ws.container.service.metadata.internal.MetaDataServiceImpl,class com.ibm.ws.container.service.metadata.internal.MetaDataServiceImpl,[Runtime],null,null]"
  stateChangeService = class com.ibm.ws.container.service.state.internal.StateChangeServiceImpl@4b1a8cbc
    applicationStateManager = class com.ibm.ws.container.service.state.internal.ApplicationStateManager@4d2884b2
      serialVersionUID = -6685368059484454124
      $$$tc$$$ = class com.ibm.websphere.ras.TraceComponent@37f22f35
      listeners = class com.ibm.wsspi.kernel.service.utils.ConcurrentServiceReferenceSet@16503767
      serialVersionUID = 2284273176985484160
      $$$tc$$$ = class com.ibm.websphere.ras.TraceComponent@5c525653
    moduleStateManager = class com.ibm.ws.container.service.state.internal.ModuleStateManager@47b272d
      serialVersionUID = -5540260902341249963
      $$$tc$$$ = class com.ibm.websphere.ras.TraceComponent@6930f860
      listeners = class com.ibm.wsspi.kernel.service.utils.ConcurrentServiceReferenceSet@7a3575a9
      serialVersionUID = 2284273176985484160
      $$$tc$$$ = class com.ibm.websphere.ras.TraceComponent@5c525653
    serialVersionUID = -537917915330350560
    $$$tc$$$ = class com.ibm.websphere.ras.TraceComponent@4b5ee550
      strings[0] = "TraceComponent[com.ibm.ws.container.service.state.internal.StateChangeServiceImpl,class com.ibm.ws.container.service.state.internal.StateChangeServiceImpl,[Runtime],null,null]"
  moduleClassesInfo = class com.ibm.ws.app.manager.module.internal.SimpleDeployedAppInfoBase$ModuleClassesInfoProvider@7401afbe
    entryContainerInfosMap = class java.util.HashMap@77c97ec6
      serialVersionUID = 362498820763181265
      DEFAULT_INITIAL_CAPACITY = 16
      MAXIMUM_CAPACITY = 1073741824
      DEFAULT_LOAD_FACTOR = 0.75
      TREEIFY_THRESHOLD = 8
      UNTREEIFY_THRESHOLD = 6
      MIN_TREEIFY_CAPACITY = 64
      table = null
      entrySet = null
      size = 0
      modCount = 0
      threshold = 0
      loadFactor = 0.75
      keySet = null
      values = null
    serialVersionUID = -70332790531324534
    $$$tc$$$ = class com.ibm.websphere.ras.TraceComponent@4729117c
      strings[0] = "TraceComponent[com.ibm.ws.app.manager.module.internal.SimpleDeployedAppInfoBase$ModuleClassesInfoProvider,class com.ibm.ws.app.manager.module.internal.SimpleDeployedAppInfoBase$ModuleClassesInfoProvider,[applications, app.manager],null,null]"
  moduleContainerInfos = class java.util.ArrayList@2d9a8b7c
    serialVersionUID = 8683452581122892189
    DEFAULT_CAPACITY = 10
    EMPTY_ELEMENTDATA = class java.lang.Object[0]
    DEFAULTCAPACITY_EMPTY_ELEMENTDATA = class java.lang.Object[0]
    elementData = class java.lang.Object[10]
      Object[0] = class com.ibm.ws.app.manager.module.internal.SimpleDeployedAppInfoBase$WebModuleContainerInfo@ad11460
      Object[1] = null
      Object[2] = null
      Object[3] = null
      Object[4] = null
      Object[5] = null
      Object[6] = null
      Object[7] = null
      Object[8] = null
      Object[9] = null
    size = 1
    MAX_ARRAY_SIZE = 2147483639
    modCount = 1
    MAX_ARRAY_SIZE = 2147483639
  activeModuleHandlers = class java.util.IdentityHashMap@114fa4a6
    DEFAULT_CAPACITY = 32
    MINIMUM_CAPACITY = 4
    MAXIMUM_CAPACITY = 536870912
    table = class java.lang.Object[16]
      Object[0] = null
      Object[1] = null
      Object[2] = null
      Object[3] = null
      Object[4] = null
      Object[5] = null
      Object[6] = null
      Object[7] = null
      Object[8] = null
      Object[9] = null
      Object[10] = null
      Object[11] = null
      Object[12] = null
      Object[13] = null
      Object[14] = null
      Object[15] = null
    size = 0
    modCount = 2
    NULL_KEY = class java.lang.Object@5ec520f9
    entrySet = null
    serialVersionUID = 8188218128353913216
    keySet = null
    values = null
  serialVersionUID = -2685719801501752993
  $$$tc$$$ = class com.ibm.websphere.ras.TraceComponent@b71bd70
    strings[0] = "TraceComponent[com.ibm.ws.app.manager.module.internal.SimpleDeployedAppInfoBase,class com.ibm.ws.app.manager.module.internal.SimpleDeployedAppInfoBase,[applications, app.manager],null,null]"

Dump of objectArray[0]
Object type = com.ibm.ws.threading.internal.NonCancelableResultFuture
  _done = false
  _result = null
  _failure = null
  _listeners = class java.util.concurrent.ConcurrentLinkedQueue@909c0a2
    serialVersionUID = 196745693267521676
    head = class java.util.concurrent.ConcurrentLinkedQueue$Node@7dc393c3
      item = null
      next = null
      UNSAFE = class sun.misc.Unsafe@dd8e8da
      itemOffset = 12
      nextOffset = 16
    tail = class java.util.concurrent.ConcurrentLinkedQueue$Node@7dc393c3
    UNSAFE = class sun.misc.Unsafe@dd8e8da
      theUnsafe = class sun.misc.Unsafe@dd8e8da
      INVALID_FIELD_OFFSET = -1
      ARRAY_BOOLEAN_BASE_OFFSET = 16
      ARRAY_BYTE_BASE_OFFSET = 16
      ARRAY_SHORT_BASE_OFFSET = 16
      ARRAY_CHAR_BASE_OFFSET = 16
      ARRAY_INT_BASE_OFFSET = 16
      ARRAY_LONG_BASE_OFFSET = 16
      ARRAY_FLOAT_BASE_OFFSET = 16
      ARRAY_DOUBLE_BASE_OFFSET = 16
      ARRAY_OBJECT_BASE_OFFSET = 16
      ARRAY_BOOLEAN_INDEX_SCALE = 1
      ARRAY_BYTE_INDEX_SCALE = 1
      ARRAY_SHORT_INDEX_SCALE = 2
      ARRAY_CHAR_INDEX_SCALE = 2
      ARRAY_INT_INDEX_SCALE = 4
      ARRAY_LONG_INDEX_SCALE = 8
      ARRAY_FLOAT_INDEX_SCALE = 4
      ARRAY_DOUBLE_INDEX_SCALE = 8
      ARRAY_OBJECT_INDEX_SCALE = 4
      ADDRESS_SIZE = 8
    headOffset = 12
    tailOffset = 16
    MAX_ARRAY_SIZE = 2147483639
  _notifiedListeners = class java.util.concurrent.atomic.AtomicBoolean@7dd2897c
    serialVersionUID = 4654671469794556979
    unsafe = class sun.misc.Unsafe@dd8e8da
    valueOffset = 12
    value = 0
  serialVersionUID = -296387658814354272
  $$$tc$$$ = class com.ibm.websphere.ras.TraceComponent@4eb28f0a
    strings[0] = "TraceComponent[com.ibm.ws.threading.internal.NonCancelableResultFuture,class com.ibm.ws.threading.internal.NonCancelableResultFuture,[Threading],com.ibm.ws.threading.internal.resources.ThreadingMessages,null]"

