------Start of DE processing------ = [3/21/21 21:43:54:855 EDT]
Exception = java.util.ServiceConfigurationError
Source = com.ibm.ws.microprofile.config.sources.DefaultSources
probeid = 96
Stack Dump = java.util.ServiceConfigurationError: org.eclipse.microprofile.config.spi.ConfigSource: Provider io.openliberty.sample.config.CustomConfigSource not found
	at java.util.ServiceLoader.fail(ServiceLoader.java:239)
	at java.util.ServiceLoader.access$300(ServiceLoader.java:185)
	at java.util.ServiceLoader$LazyIterator.nextService(ServiceLoader.java:372)
	at java.util.ServiceLoader$LazyIterator.next(ServiceLoader.java:404)
	at java.util.ServiceLoader$1.next(ServiceLoader.java:480)
	at com.ibm.ws.microprofile.config.sources.DefaultSources.getDiscoveredSources(DefaultSources.java:93)
	at com.ibm.ws.microprofile.config14.impl.Config14BuilderImpl.getSources(Config14BuilderImpl.java:52)
	at com.ibm.ws.microprofile.config.impl.AbstractConfigBuilder.build(AbstractConfigBuilder.java:144)
	at com.ibm.ws.microprofile.config.impl.AbstractProviderResolver.getConfig(AbstractProviderResolver.java:260)
	at org.eclipse.microprofile.config.ConfigProvider.getConfig(ConfigProvider.java:105)
	at com.ibm.ws.microprofile.config.cdi.ConfigCDIExtension.processConversionType(ConfigCDIExtension.java:147)
	at com.ibm.ws.microprofile.config.cdi.ConfigCDIExtension.processParameterizedType(ConfigCDIExtension.java:137)
	at com.ibm.ws.microprofile.config.cdi.ConfigCDIExtension.validateConfigProperty(ConfigCDIExtension.java:98)
	at com.ibm.ws.microprofile.config.cdi.ConfigCDIExtension.processInjectionTarget(ConfigCDIExtension.java:82)
	at sun.reflect.GeneratedMethodAccessor627.invoke(Unknown Source)
	at java.lang.reflect.Method.invoke(Method.java:498)
	at org.jboss.weld.injection.StaticMethodInjectionPoint.invoke(StaticMethodInjectionPoint.java:95)
	at org.jboss.weld.injection.StaticMethodInjectionPoint.invoke(StaticMethodInjectionPoint.java:85)
	at org.jboss.weld.injection.MethodInvocationStrategy$SimpleMethodInvocationStrategy.invoke(MethodInvocationStrategy.java:168)
	at org.jboss.weld.event.ObserverMethodImpl.sendEvent(ObserverMethodImpl.java:330)
	at org.jboss.weld.event.ExtensionObserverMethodImpl.sendEvent(ExtensionObserverMethodImpl.java:123)
	at org.jboss.weld.event.ObserverMethodImpl.sendEvent(ObserverMethodImpl.java:308)
	at org.jboss.weld.event.ObserverMethodImpl.notify(ObserverMethodImpl.java:286)
	at javax.enterprise.inject.spi.ObserverMethod.notify(ObserverMethod.java:124)
	at org.jboss.weld.util.Observers.notify(Observers.java:166)
	at org.jboss.weld.event.ObserverNotifier.notifySyncObservers(ObserverNotifier.java:285)
	at org.jboss.weld.event.ObserverNotifier.notify(ObserverNotifier.java:273)
	at org.jboss.weld.event.ObserverNotifier.fireEvent(ObserverNotifier.java:177)
	at org.jboss.weld.event.ObserverNotifier.fireEvent(ObserverNotifier.java:171)
	at org.jboss.weld.bootstrap.events.AbstractContainerEvent.fire(AbstractContainerEvent.java:53)
	at org.jboss.weld.bootstrap.events.AbstractDefinitionContainerEvent.fire(AbstractDefinitionContainerEvent.java:44)
	at org.jboss.weld.bootstrap.events.AbstractProcessInjectionTarget.fire(AbstractProcessInjectionTarget.java:33)
	at org.jboss.weld.bootstrap.events.ContainerLifecycleEvents.fireProcessInjectionTarget(ContainerLifecycleEvents.java:273)
	at org.jboss.weld.bootstrap.AbstractBeanDeployer.processInjectionTargetEvents(AbstractBeanDeployer.java:140)
	at org.jboss.weld.bootstrap.BeanDeployer.processBeans(BeanDeployer.java:262)
	at org.jboss.weld.bootstrap.BeanDeployer.processClassBeanAttributes(BeanDeployer.java:244)
	at org.jboss.weld.bootstrap.WeldStartup.deployBeans(WeldStartup.java:442)
	at org.jboss.weld.bootstrap.WeldBootstrap.deployBeans(WeldBootstrap.java:86)
	at com.ibm.ws.cdi.impl.CDIContainerImpl.startInitialization(CDIContainerImpl.java:160)
	at com.ibm.ws.cdi.liberty.CDIRuntimeImpl.applicationStarting(CDIRuntimeImpl.java:479)
	at com.ibm.ws.container.service.state.internal.ApplicationStateManager.fireStarting(ApplicationStateManager.java:51)
	at com.ibm.ws.container.service.state.internal.StateChangeServiceImpl.fireApplicationStarting(StateChangeServiceImpl.java:50)
	at com.ibm.ws.app.manager.module.internal.SimpleDeployedAppInfoBase.preDeployApp(SimpleDeployedAppInfoBase.java:547)
	at com.ibm.ws.app.manager.module.internal.SimpleDeployedAppInfoBase.installApp(SimpleDeployedAppInfoBase.java:508)
	at com.ibm.ws.app.manager.module.internal.DeployedAppInfoBase.deployApp(DeployedAppInfoBase.java:349)
	at com.ibm.ws.app.manager.war.internal.WARApplicationHandlerImpl.install(WARApplicationHandlerImpl.java:65)
	at com.ibm.ws.app.manager.internal.statemachine.StartAction.execute(StartAction.java:149)
	at com.ibm.ws.app.manager.internal.statemachine.ApplicationStateMachineImpl.enterState(ApplicationStateMachineImpl.java:1352)
	at com.ibm.ws.app.manager.internal.statemachine.ApplicationStateMachineImpl.run(ApplicationStateMachineImpl.java:897)
	at com.ibm.ws.threading.internal.ExecutorServiceImpl$RunnableWrapper.run(ExecutorServiceImpl.java:238)
	at java.util.concurrent.ThreadPoolExecutor.runWorker(ThreadPoolExecutor.java:1149)
	at java.util.concurrent.ThreadPoolExecutor$Worker.run(ThreadPoolExecutor.java:624)
	at java.lang.Thread.run(Thread.java:748)

Dump of callerThis
null
Dump of objectArray[0]
Object type = com.ibm.ws.classloading.internal.AppClassLoader
  tc = class com.ibm.websphere.ras.TraceComponent@7f3d4f1e
    strings[0] = "TraceComponent[com.ibm.ws.classloading.internal.AppClassLoader,class com.ibm.ws.classloading.internal.AppClassLoader,[ClassLoadingService],com.ibm.ws.classloading.internal.resources.ClassLoadingServiceMessages,null]"
  disableSharedClassesCache = false
  PARENT_FIRST_SEARCH_ORDER = class java.util.Collections$UnmodifiableRandomAccessList@325ba228
    serialVersionUID = -2542308836966382001
    serialVersionUID = -283967356065247728
    list = class java.util.Arrays$ArrayList@2eb3a318
      serialVersionUID = -2764017481108945198
      a = class com.ibm.ws.classloading.internal.AppClassLoader$SearchLocation[3]
      modCount = 0
      MAX_ARRAY_SIZE = 2147483639
    serialVersionUID = 1820017752578914078
    c = class java.util.Arrays$ArrayList@2eb3a318
  packagesDefined = class java.util.Collections$SetFromMap@4af6da48
    m = class java.util.concurrent.ConcurrentHashMap@2e4396d6
      serialVersionUID = 7249069246763182397
      MAXIMUM_CAPACITY = 1073741824
      DEFAULT_CAPACITY = 16
      MAX_ARRAY_SIZE = 2147483639
      DEFAULT_CONCURRENCY_LEVEL = 16
      LOAD_FACTOR = 0.75
      TREEIFY_THRESHOLD = 8
      UNTREEIFY_THRESHOLD = 6
      MIN_TREEIFY_CAPACITY = 64
      MIN_TRANSFER_STRIDE = 16
      RESIZE_STAMP_BITS = 16
      MAX_RESIZERS = 65535
      RESIZE_STAMP_SHIFT = 16
      MOVED = -1
      TREEBIN = -2
      RESERVED = -3
      HASH_BITS = 2147483647
      NCPU = 8
      serialPersistentFields = class java.io.ObjectStreamField[3]
      table = class java.util.concurrent.ConcurrentHashMap$Node[16]
      nextTable = null
      baseCount = 4
      sizeCtl = 12
      transferIndex = 0
      cellsBusy = 0
      counterCells = null
      keySet = class java.util.concurrent.ConcurrentHashMap$KeySetView@5d41b189
      values = null
      entrySet = null
      U = class sun.misc.Unsafe@43f66852
      SIZECTL = 20
      TRANSFERINDEX = 32
      BASECOUNT = 24
      CELLSBUSY = 36
      CELLVALUE = 144
      ABASE = 16
      ASHIFT = 2
      keySet = null
      values = null
    s = class java.util.concurrent.ConcurrentHashMap$KeySetView@5d41b189
      serialVersionUID = 7249069246763182397
      value = null
      serialVersionUID = 7249069246763182397
      map = class java.util.concurrent.ConcurrentHashMap@2e4396d6
      oomeMsg = "Required array size too large"
    serialVersionUID = 2454657854757543876
    MAX_ARRAY_SIZE = 2147483639
  CLASS_LOADING_TRACE_PREFIX = "com.ibm.ws.class.load."
  DEFAULT_PACKAGE = "default.package"
  perPackageClassLoadingTraceComponents = class java.util.concurrent.ConcurrentHashMap@144b64e9
    serialVersionUID = 7249069246763182397
    MAXIMUM_CAPACITY = 1073741824
    DEFAULT_CAPACITY = 16
    MAX_ARRAY_SIZE = 2147483639
    DEFAULT_CONCURRENCY_LEVEL = 16
    LOAD_FACTOR = 0.75
    TREEIFY_THRESHOLD = 8
    UNTREEIFY_THRESHOLD = 6
    MIN_TREEIFY_CAPACITY = 64
    MIN_TRANSFER_STRIDE = 16
    RESIZE_STAMP_BITS = 16
    MAX_RESIZERS = 65535
    RESIZE_STAMP_SHIFT = 16
    MOVED = -1
    TREEBIN = -2
    RESERVED = -3
    HASH_BITS = 2147483647
    NCPU = 8
    serialPersistentFields = class java.io.ObjectStreamField[3]
    table = null
    nextTable = null
    baseCount = 0
    sizeCtl = 0
    transferIndex = 0
    cellsBusy = 0
    counterCells = null
    keySet = null
    values = null
    entrySet = null
    U = class sun.misc.Unsafe@43f66852
    SIZECTL = 20
    TRANSFERINDEX = 32
    BASECOUNT = 24
    CELLSBUSY = 36
    CELLVALUE = 144
    ABASE = 16
    ASHIFT = 2
    keySet = null
    values = null
  config = class com.ibm.ws.classloading.internal.ClassLoaderConfigurationImpl@12cee8f8
    DEFAULT_PROTECTION_DOMAIN = class java.security.ProtectionDomain@6caf1547
      codesource = class java.security.CodeSource@6764358a
      classloader = null
      principals = interface java.security.Principal[0]
      permissions = null
      hasAllPerm = false
      staticPermissions = true
      key = class java.security.ProtectionDomain$Key@21e923f8
      debug = null
    delegateLast = false
    includeAppExtensions = true
    id = class com.ibm.ws.classloading.serializable.ClassLoaderIdentityImpl@48c43c60
      serialVersionUID = 1
      DOMAIN = "D"
      ID = "I"
      serialPersistentFields = class java.io.ObjectStreamField[2]
      SEPARATOR = ":"
      domain = "WebModule"
      id = "HelloWorld#HelloWorld.war"
      $$$tc$$$ = class com.ibm.websphere.ras.TraceComponent@211ab7bb
    parentId = null
    sharedLibraries = class java.util.ArrayList@6c9d73cf
      serialVersionUID = 8683452581122892189
      DEFAULT_CAPACITY = 10
      EMPTY_ELEMENTDATA = class java.lang.Object[0]
      DEFAULTCAPACITY_EMPTY_ELEMENTDATA = class java.lang.Object[0]
      elementData = class java.lang.Object[0]
      size = 0
      MAX_ARRAY_SIZE = 2147483639
      modCount = 0
      MAX_ARRAY_SIZE = 2147483639
    commonLibraries = class java.util.Collections$EmptyList@5f85b627
      serialVersionUID = 8842843931221139166
      modCount = 0
      MAX_ARRAY_SIZE = 2147483639
    providers = class java.util.Collections$EmptyList@5f85b627
    nativeLibraryContainers = class java.util.Collections$EmptyList@5f85b627
    protectionDomain = class java.security.ProtectionDomain@4b9485bd
      codesource = class java.security.CodeSource@50504fb9
      classloader = null
      principals = interface java.security.Principal[0]
      permissions = class java.security.Permissions@6f46cab
      hasAllPerm = true
      staticPermissions = true
      key = class java.security.ProtectionDomain$Key@654e0961
      debug = null
    serialVersionUID = 9091690180200375339
    $$$tc$$$ = class com.ibm.websphere.ras.TraceComponent@4e6090d8
      strings[0] = "TraceComponent[com.ibm.ws.classloading.internal.ClassLoaderConfigurationImpl,class com.ibm.ws.classloading.internal.ClassLoaderConfigurationImpl,[ClassLoadingService],com.ibm.ws.classloading.internal.resources.ClassLoadingServiceMessages,null]"
  privateLibraries = null
  delegateLoaders = class com.ibm.ws.classloading.internal.util.CompositeIterable@7deb526b
    iterables = class java.util.Arrays$ArrayList@1a138e91
      serialVersionUID = -2764017481108945198
      a = interface java.lang.Iterable[2]
      modCount = 0
      MAX_ARRAY_SIZE = 2147483639
    serialVersionUID = -1227195994638150837
    $$$tc$$$ = class com.ibm.websphere.ras.TraceComponent@1cb98ab0
      strings[0] = "TraceComponent[com.ibm.ws.classloading.internal.util.CompositeIterable,class com.ibm.ws.classloading.internal.util.CompositeIterable,[ClassLoadingService],com.ibm.ws.classloading.internal.resources.ClassLoadingServiceMessages,null]"
  nativeLibraryFiles = class java.util.ArrayList@133f304
    serialVersionUID = 8683452581122892189
    DEFAULT_CAPACITY = 10
    EMPTY_ELEMENTDATA = class java.lang.Object[0]
    DEFAULTCAPACITY_EMPTY_ELEMENTDATA = class java.lang.Object[0]
    elementData = class java.lang.Object[0]
    size = 0
    MAX_ARRAY_SIZE = 2147483639
    modCount = 0
    MAX_ARRAY_SIZE = 2147483639
  transformers = class java.util.ArrayList@4e90b3e7
    serialVersionUID = 8683452581122892189
    DEFAULT_CAPACITY = 10
    EMPTY_ELEMENTDATA = class java.lang.Object[0]
    DEFAULTCAPACITY_EMPTY_ELEMENTDATA = class java.lang.Object[0]
    elementData = class java.lang.Object[0]
    size = 0
    MAX_ARRAY_SIZE = 2147483639
    modCount = 0
    MAX_ARRAY_SIZE = 2147483639
  apiAccess = class com.ibm.ws.classloading.internal.GatewayClassLoader@2df6388e
    config = class com.ibm.ws.classloading.internal.GatewayConfigurationImpl@25de8b1c
      bundleRequirements = null
      packageImports = null
      dynamicPackageImports = class java.util.Collections$UnmodifiableRandomAccessList@5fc3879a
      delegateToSystem = true
      apiTypeVisibility = class java.util.RegularEnumSet@6e0a47e6
      appName = "HelloWorld"
      appVersion = null
    wiringMonitor = class com.ibm.ws.classloading.internal.GatewayClassLoader$1@5718250e
      this$0 = class com.ibm.ws.classloading.internal.GatewayClassLoader@2df6388e
      serialVersionUID = -6591900154872362572
      $$$tc$$$ = class com.ibm.websphere.ras.TraceComponent@45ec4a3f
    bundle = class org.eclipse.osgi.internal.framework.EquinoxBundle@2ab1fad0
      equinoxContainer = class org.eclipse.osgi.internal.framework.EquinoxContainer@4ef754f9
      module = class org.eclipse.osgi.internal.framework.EquinoxBundle$EquinoxModule@63b4e515
      monitor = class java.lang.Object@618eaa59
      context = class org.eclipse.osgi.internal.framework.BundleContextImpl@39990eff
      signerInfos = null
      $SWITCH_TABLE$org$eclipse$osgi$container$Module$State = {1,2,3,4,5,6,7} /* array length = 7 */
    wiring = class org.eclipse.osgi.container.ModuleWiring@38cefb3d
      GET_CLASSLOADER_PERM = class java.lang.RuntimePermission@44c66361
      DYNAMICALLY_ADDED_IMPORT_DIRECTIVE = "x.dynamically.added"
      revision = class org.eclipse.osgi.container.ModuleRevision@2d106e42
      capabilities = class java.util.ArrayList@23ebeb47
      requirements = class java.util.ArrayList@4db8c749
      substitutedPkgNames = class java.util.Collections$EmptyList@5f85b627
      loader = class org.eclipse.osgi.internal.container.AtomicLazyInitializer@6b3dbab6
      loaderInitializer = class org.eclipse.osgi.container.ModuleWiring$LoaderInitializer@1c1711db
      providedWires = class java.util.ArrayList@605a70cd
      requiredWires = class java.util.ArrayList@6bd36100
      isValid = true
      dynamicMissRef = class java.util.concurrent.atomic.AtomicReference@6d3d9ec6
    bundleLoader = class org.eclipse.osgi.internal.loader.EquinoxClassLoader@4e5e85a8
      EQUINOX_REGISTERED_AS_PARALLEL = true
      configuration = class org.eclipse.osgi.internal.framework.EquinoxConfiguration@4900d373
      debug = class org.eclipse.osgi.internal.debug.Debug@7aef1e86
      delegate = class org.eclipse.osgi.internal.loader.BundleLoader@a44abba
      generation = class org.eclipse.osgi.storage.BundleInfo$Generation@b8ecf9a
      manager = class org.eclipse.osgi.internal.loader.classpath.ClasspathManager@445a1ed3
      isRegisteredAsParallel = true
      ALLPERMISSIONS = class java.security.AllPermissionCollection@464323f0
      REGISTERED_AS_PARALLEL = true
      classNameLocks = class java.util.HashMap@697549f9
      pkgLock = class java.lang.Object@14faa952
      parent = class com.ibm.ws.kernel.internal.classloader.BootstrapChildFirstJarClassloader@4cc0edeb
      parallelLockMap = class java.util.concurrent.ConcurrentHashMap@c28198
      package2certs = class java.util.concurrent.ConcurrentHashMap@5fc16ed3
      nocerts = class java.security.cert.Certificate[0]
      classes = class java.util.Vector@1c38ce53
      defaultDomain = class java.security.ProtectionDomain@5d4944bf
      packages = class java.util.HashMap@4913d0cf
      scl = class sun.misc.Launcher$AppClassLoader@4e0e2f2a
      sclSet = true
      loadedLibraryNames = class java.util.Vector@6f853f8b
      systemNativeLibraries = class java.util.Vector@64cd1d07
      nativeLibraries = class java.util.Vector@1d7098c8
      nativeLibraryContext = class java.util.Stack@13bf21d9
      usr_paths = class java.lang.String[30]
      sys_paths = class java.lang.String[1]
      assertionLock = class java.lang.Object@47e09763
      defaultAssertionStatus = false
      packageAssertionStatus = null
      classAssertionStatus = null
    resourceProviders = class com.ibm.ws.classloading.internal.CompositeResourceProvider@1f897114
      lockFactory = class java.util.concurrent.locks.ReentrantReadWriteLock@6b6ec949
      providerMap = class com.ibm.ws.classloading.internal.util.MultiMap@3afc2ffd
      serialVersionUID = -5576435894946156347
      $$$tc$$$ = class com.ibm.websphere.ras.TraceComponent@510b8d7e
    serialVersionUID = -4256474098847905153
    $$$tc$$$ = class com.ibm.websphere.ras.TraceComponent@7835dd63
      strings[0] = "TraceComponent[com.ibm.ws.classloading.internal.GatewayClassLoader,class com.ibm.ws.classloading.internal.GatewayClassLoader,[ClassLoadingService],com.ibm.ws.classloading.internal.resources.ClassLoadingServiceMessages,null]"
    parent = class sun.misc.Launcher$AppClassLoader@4e0e2f2a
    parallelLockMap = null
    package2certs = class java.util.Hashtable@92f07be
      table = class java.util.Hashtable$Entry[11]
      count = 0
      threshold = 8
      loadFactor = 0.75
      modCount = 0
      serialVersionUID = 1421746759512286392
      MAX_ARRAY_SIZE = 2147483639
      keySet = null
      entrySet = null
      values = null
      KEYS = 0
      VALUES = 1
      ENTRIES = 2
    nocerts = class java.security.cert.Certificate[0]
    classes = class java.util.Vector@467702b5
      elementData = class java.lang.Object[10]
      elementCount = 0
      capacityIncrement = 0
      serialVersionUID = -2767605614048989439
      MAX_ARRAY_SIZE = 2147483639
      modCount = 0
      MAX_ARRAY_SIZE = 2147483639
    defaultDomain = class java.security.ProtectionDomain@7c3ebc16
      codesource = class java.security.CodeSource@9898b9c
      classloader = class com.ibm.ws.classloading.internal.GatewayClassLoader@2df6388e
      principals = interface java.security.Principal[0]
      permissions = null
      hasAllPerm = false
      staticPermissions = false
      key = class java.security.ProtectionDomain$Key@14b03f65
      debug = null
    packages = class java.util.HashMap@28eb6354
      serialVersionUID = 362498820763181265
      DEFAULT_INITIAL_CAPACITY = 16
      MAXIMUM_CAPACITY = 1073741824
      DEFAULT_LOAD_FACTOR = 0.75
      TREEIFY_THRESHOLD = 8
      UNTREEIFY_THRESHOLD = 6
      MIN_TREEIFY_CAPACITY = 64
      table = null
      entrySet = null
      size = 0
      modCount = 0
      threshold = 0
      loadFactor = 0.75
      keySet = null
      values = null
    scl = class sun.misc.Launcher$AppClassLoader@4e0e2f2a
    sclSet = true
    loadedLibraryNames = class java.util.Vector@6f853f8b
    systemNativeLibraries = class java.util.Vector@64cd1d07
    nativeLibraries = class java.util.Vector@59889300
      elementData = class java.lang.Object[10]
      elementCount = 0
      capacityIncrement = 0
      serialVersionUID = -2767605614048989439
      MAX_ARRAY_SIZE = 2147483639
      modCount = 0
      MAX_ARRAY_SIZE = 2147483639
    nativeLibraryContext = class java.util.Stack@13bf21d9
    usr_paths = class java.lang.String[30]
    sys_paths = class java.lang.String[1]
    assertionLock = class com.ibm.ws.classloading.internal.GatewayClassLoader@2df6388e
    defaultAssertionStatus = false
    packageAssertionStatus = null
    classAssertionStatus = null
  generator = class com.ibm.ws.classloading.internal.ClassGeneratorManager@2bfc0be5
    tc = class com.ibm.websphere.ras.TraceComponent@7d7ec807
      strings[0] = "TraceComponent[com.ibm.ws.classloading.internal.ClassGeneratorManager,class com.ibm.ws.classloading.internal.ClassGeneratorManager,[ClassLoadingService],com.ibm.ws.classloading.internal.resources.ClassLoadingServiceMessages,null]"
    generatorRefs = class com.ibm.wsspi.kernel.service.utils.ConcurrentServiceReferenceSet@7f8aec6
      referenceName = "generators"
      contextRef = class java.util.concurrent.atomic.AtomicReference@32c18da1
      elementMap = class java.util.LinkedHashMap@53aad9e4
      elementSet = class java.util.concurrent.ConcurrentSkipListSet@64e9f16a
      elementSetUnsorted = false
      serialVersionUID = 756240983881166148
      $$$tc$$$ = class com.ibm.websphere.ras.TraceComponent@398576ea
    serialVersionUID = 4152663586056483310
  protectionDomains = class java.util.concurrent.ConcurrentHashMap@c237cfb
    serialVersionUID = 7249069246763182397
    MAXIMUM_CAPACITY = 1073741824
    DEFAULT_CAPACITY = 16
    MAX_ARRAY_SIZE = 2147483639
    DEFAULT_CONCURRENCY_LEVEL = 16
    LOAD_FACTOR = 0.75
    TREEIFY_THRESHOLD = 8
    UNTREEIFY_THRESHOLD = 6
    MIN_TREEIFY_CAPACITY = 64
    MIN_TRANSFER_STRIDE = 16
    RESIZE_STAMP_BITS = 16
    MAX_RESIZERS = 65535
    RESIZE_STAMP_SHIFT = 16
    MOVED = -1
    TREEBIN = -2
    RESERVED = -3
    HASH_BITS = 2147483647
    NCPU = 8
    serialPersistentFields = class java.io.ObjectStreamField[3]
      ObjectStreamField[0] = class java.io.ObjectStreamField@2076088c
      ObjectStreamField[1] = class java.io.ObjectStreamField@2dbc51f5
      ObjectStreamField[2] = class java.io.ObjectStreamField@29dacd11
    table = class java.util.concurrent.ConcurrentHashMap$Node[16]
      Node[0] = null
      Node[1] = null
      Node[2] = null
      Node[3] = null
      Node[4] = null
      Node[5] = null
      Node[6] = null
      Node[7] = null
      Node[8] = null
      Node[9] = null
      Node[10] = null
      Node[11] = null
      Node[12] = null
      Node[13] = null
      Node[14] = class java.util.concurrent.ConcurrentHashMap$Node@39b31bdd
      Node[15] = null
    nextTable = null
    baseCount = 1
    sizeCtl = 12
    transferIndex = 0
    cellsBusy = 0
    counterCells = null
    keySet = null
    values = null
    entrySet = null
    U = class sun.misc.Unsafe@43f66852
      theUnsafe = class sun.misc.Unsafe@43f66852
      INVALID_FIELD_OFFSET = -1
      ARRAY_BOOLEAN_BASE_OFFSET = 16
      ARRAY_BYTE_BASE_OFFSET = 16
      ARRAY_SHORT_BASE_OFFSET = 16
      ARRAY_CHAR_BASE_OFFSET = 16
      ARRAY_INT_BASE_OFFSET = 16
      ARRAY_LONG_BASE_OFFSET = 16
      ARRAY_FLOAT_BASE_OFFSET = 16
      ARRAY_DOUBLE_BASE_OFFSET = 16
      ARRAY_OBJECT_BASE_OFFSET = 16
      ARRAY_BOOLEAN_INDEX_SCALE = 1
      ARRAY_BYTE_INDEX_SCALE = 1
      ARRAY_SHORT_INDEX_SCALE = 2
      ARRAY_CHAR_INDEX_SCALE = 2
      ARRAY_INT_INDEX_SCALE = 4
      ARRAY_LONG_INDEX_SCALE = 8
      ARRAY_FLOAT_INDEX_SCALE = 4
      ARRAY_DOUBLE_INDEX_SCALE = 8
      ARRAY_OBJECT_INDEX_SCALE = 4
      ADDRESS_SIZE = 8
    SIZECTL = 20
    TRANSFERINDEX = 32
    BASECOUNT = 24
    CELLSBUSY = 36
    CELLVALUE = 144
    ABASE = 16
    ASHIFT = 2
    keySet = null
    values = null
  parent = class com.ibm.ws.classloading.internal.GatewayClassLoader@2df6388e
  hook = null
  serialVersionUID = 8734164900246230615
  tc = class com.ibm.websphere.ras.TraceComponent@4396d414
    strings[0] = "TraceComponent[com.ibm.ws.classloading.internal.ContainerClassLoader,class com.ibm.ws.classloading.internal.ContainerClassLoader,[ClassLoadingService],com.ibm.ws.classloading.internal.resources.ClassLoadingServiceMessages,null]"
  smartClassPath = class com.ibm.ws.classloading.internal.ContainerClassLoader$SmartClassPathImpl@59529386
    rwLock = class java.util.concurrent.locks.ReentrantReadWriteLock@3a16abf2
      serialVersionUID = -6992448646407690164
      readerLock = class java.util.concurrent.locks.ReentrantReadWriteLock$ReadLock@4d3dc5a9
      writerLock = class java.util.concurrent.locks.ReentrantReadWriteLock$WriteLock@9e50d56
      sync = class java.util.concurrent.locks.ReentrantReadWriteLock$FairSync@1d2da251
      UNSAFE = class sun.misc.Unsafe@43f66852
      TID_OFFSET = 40
    outstandingContainers = class java.util.concurrent.atomic.AtomicInteger@4fe789d3
      serialVersionUID = 6214790243416807050
      unsafe = class sun.misc.Unsafe@43f66852
      valueOffset = 12
      value = 0
      serialVersionUID = -8742448824652078965
    usePackageMap = true
    maxLastNotFound = 250
    maxLastFound = 900
    maxLastReallyNotFound = 900
    propsInUse = false
    classPath = class java.util.concurrent.CopyOnWriteArrayList@5cb50aa8
      serialVersionUID = 8673264195747942595
      lock = class java.util.concurrent.locks.ReentrantLock@2eff1481
      array = class java.lang.Object[2]
      UNSAFE = class sun.misc.Unsafe@43f66852
      lockOffset = 12
    MAX_LASTNOTFOUND = 250
    lastNotFound = class java.util.concurrent.CopyOnWriteArrayList@45a113c1
      serialVersionUID = 8673264195747942595
      lock = class java.util.concurrent.locks.ReentrantLock@3aa1f2fd
      array = class java.lang.Object[2]
      UNSAFE = class sun.misc.Unsafe@43f66852
      lockOffset = 12
    MAX_LASTFOUND = 900
    lastFoundURL = class java.util.Collections$SynchronizedMap@36fbb3b7
      serialVersionUID = 1978198479659022715
      m = class com.ibm.ws.util.CacheHashMap@dc90870
      mutex = class java.util.Collections$SynchronizedMap@36fbb3b7
      keySet = null
      entrySet = null
      values = null
    MAX_LASTREALLYNOTFOUND = 900
    lastReallyNotFoundURL = class java.util.Collections$SynchronizedMap@426f1f8a
      serialVersionUID = 1978198479659022715
      m = class com.ibm.ws.util.CacheHashMap@6c32a9fd
      mutex = class java.util.Collections$SynchronizedMap@426f1f8a
      keySet = null
      entrySet = null
      values = null
    packageMap = class java.util.HashMap@33bbea4b
      serialVersionUID = 362498820763181265
      DEFAULT_INITIAL_CAPACITY = 16
      MAXIMUM_CAPACITY = 1073741824
      DEFAULT_LOAD_FACTOR = 0.75
      TREEIFY_THRESHOLD = 8
      UNTREEIFY_THRESHOLD = 6
      MIN_TREEIFY_CAPACITY = 64
      table = class java.util.HashMap$Node[32]
      entrySet = null
      size = 23
      modCount = 23
      threshold = 24
      loadFactor = 0.75
      keySet = null
      values = null
    containers = class java.util.Collections$SetFromMap@7e49d8e6
      m = class java.util.WeakHashMap@139cf066
      s = class java.util.WeakHashMap$KeySet@60ce675
      serialVersionUID = 2454657854757543876
      MAX_ARRAY_SIZE = 2147483639
    serialVersionUID = 1586111247084489525
    $$$tc$$$ = class com.ibm.websphere.ras.TraceComponent@77a62e9c
      strings[0] = "TraceComponent[com.ibm.ws.classloading.internal.ContainerClassLoader$SmartClassPathImpl,class com.ibm.ws.classloading.internal.ContainerClassLoader$SmartClassPathImpl,[ClassLoadingService],com.ibm.ws.classloading.internal.resources.ClassLoadingServiceMessages,null]"
  nativeLibraryContainers = class java.util.ArrayList@123a186a
    serialVersionUID = 8683452581122892189
    DEFAULT_CAPACITY = 10
    EMPTY_ELEMENTDATA = class java.lang.Object[0]
    DEFAULTCAPACITY_EMPTY_ELEMENTDATA = class java.lang.Object[0]
    elementData = class java.lang.Object[0]
    size = 0
    MAX_ARRAY_SIZE = 2147483639
    modCount = 0
    MAX_ARRAY_SIZE = 2147483639
  redefiner = class com.ibm.ws.classloading.internal.util.ClassRedefiner@5696a72
    tc = class com.ibm.websphere.ras.TraceComponent@7dd93252
      strings[0] = "TraceComponent[com.ibm.ws.classloading.internal.util.ClassRedefiner,class com.ibm.ws.classloading.internal.util.ClassRedefiner,[ClassLoadingService],com.ibm.ws.classloading.internal.resources.ClassLoadingServiceMessages,null]"
    LS = "
"
    inst = class com.sun.proxy.$Proxy0@5456b29
      m1 = class java.lang.reflect.Method@3742a833
      m14 = class java.lang.reflect.Method@29eb436b
      m13 = class java.lang.reflect.Method@6fe5ebb9
      m17 = class java.lang.reflect.Method@7fbe35e
      m15 = class java.lang.reflect.Method@25dad0a2
      m2 = class java.lang.reflect.Method@56593f69
      m16 = class java.lang.reflect.Method@1621ae38
      m7 = class java.lang.reflect.Method@4e184eb1
      m6 = class java.lang.reflect.Method@3db4d810
      m4 = class java.lang.reflect.Method@22891ab8
      m12 = class java.lang.reflect.Method@394220bf
      m0 = class java.lang.reflect.Method@35a39ce0
      m3 = class java.lang.reflect.Method@2eccb61c
      m5 = class java.lang.reflect.Method@44fa35a7
      m10 = class java.lang.reflect.Method@6c15a25f
      m8 = class java.lang.reflect.Method@457867a1
      m9 = class java.lang.reflect.Method@e4f5544
      m11 = class java.lang.reflect.Method@1b8d1e27
      serialVersionUID = -2222568056686623797
      constructorParams = class java.lang.Class[1]
      proxyClassCache = class java.lang.reflect.WeakCache@5c8861c4
      h = class com.ibm.ws.kernel.launch.internal.TraceInstrumentation@2899fa64
      key0 = class java.lang.Object@5b96b576
    serialVersionUID = 2420101865139508526
  jarProtocol = "wsjar:"
  mapCreationQueue = class java.util.concurrent.Executors$FinalizableDelegatedExecutorService@27708422
    e = class java.util.concurrent.ThreadPoolExecutor@66ee1547
      ctl = class java.util.concurrent.atomic.AtomicInteger@4f6869c9
      COUNT_BITS = 29
      CAPACITY = 536870911
      RUNNING = -536870912
      SHUTDOWN = 0
      STOP = 536870912
      TIDYING = 1073741824
      TERMINATED = 1610612736
      workQueue = class java.util.concurrent.LinkedBlockingQueue@28077f9c
      mainLock = class java.util.concurrent.locks.ReentrantLock@6d17c46b
      workers = class java.util.HashSet@784985bb
      termination = class java.util.concurrent.locks.AbstractQueuedSynchronizer$ConditionObject@74e39d5a
      largestPoolSize = 1
      completedTaskCount = 0
      threadFactory = class com.ibm.ws.classloading.internal.ContainerClassLoader$1@346c53d3
      handler = class java.util.concurrent.ThreadPoolExecutor$AbortPolicy@bc6cb8
      keepAliveTime = 0
      allowCoreThreadTimeOut = false
      corePoolSize = 1
      maximumPoolSize = 1
      defaultHandler = class java.util.concurrent.ThreadPoolExecutor$AbortPolicy@bc6cb8
      shutdownPerm = class java.lang.RuntimePermission@68dd38b8
      acc = null
      ONLY_ONE = true
      $assertionsDisabled = true
    $assertionsDisabled = true
  serialVersionUID = 6399598832433768509
  serialVersionUID = 1837293532091806117
  $$$tc$$$ = class com.ibm.websphere.ras.TraceComponent@5fb8a525
    strings[0] = "TraceComponent[com.ibm.ws.classloading.internal.IdentifiedLoader,class com.ibm.ws.classloading.internal.IdentifiedLoader,[ClassLoadingService],com.ibm.ws.classloading.internal.resources.ClassLoadingServiceMessages,null]"
  serialVersionUID = -4586727107834513475
  $$$tc$$$ = class com.ibm.websphere.ras.TraceComponent@3ac22755
    strings[0] = "TraceComponent[com.ibm.ws.classloading.internal.LibertyLoader,class com.ibm.ws.classloading.internal.LibertyLoader,[ClassLoadingService],com.ibm.ws.classloading.internal.resources.ClassLoadingServiceMessages,null]"
  serialVersionUID = -7709588811276454856
  $$$tc$$$ = class com.ibm.websphere.ras.TraceComponent@b08a62a
    strings[0] = "TraceComponent[com.ibm.ws.classloading.LibertyClassLoader,class com.ibm.ws.classloading.LibertyClassLoader,[ClassLoadingService],com.ibm.ws.classloading.internal.resources.ClassLoadingServiceMessages,null]"
  initialized = true
  pdcache = class java.util.HashMap@28c84185
    serialVersionUID = 362498820763181265
    DEFAULT_INITIAL_CAPACITY = 16
    MAXIMUM_CAPACITY = 1073741824
    DEFAULT_LOAD_FACTOR = 0.75
    TREEIFY_THRESHOLD = 8
    UNTREEIFY_THRESHOLD = 6
    MIN_TREEIFY_CAPACITY = 64
    table = null
    entrySet = null
    size = 0
    modCount = 0
    threshold = 16
    loadFactor = 0.75
    keySet = null
    values = null
  debug = null
  parent = class com.ibm.ws.classloading.internal.GatewayClassLoader@2df6388e
  parallelLockMap = class java.util.concurrent.ConcurrentHashMap@66bc8414
    serialVersionUID = 7249069246763182397
    MAXIMUM_CAPACITY = 1073741824
    DEFAULT_CAPACITY = 16
    MAX_ARRAY_SIZE = 2147483639
    DEFAULT_CONCURRENCY_LEVEL = 16
    LOAD_FACTOR = 0.75
    TREEIFY_THRESHOLD = 8
    UNTREEIFY_THRESHOLD = 6
    MIN_TREEIFY_CAPACITY = 64
    MIN_TRANSFER_STRIDE = 16
    RESIZE_STAMP_BITS = 16
    MAX_RESIZERS = 65535
    RESIZE_STAMP_SHIFT = 16
    MOVED = -1
    TREEBIN = -2
    RESERVED = -3
    HASH_BITS = 2147483647
    NCPU = 8
    serialPersistentFields = class java.io.ObjectStreamField[3]
    table = class java.util.concurrent.ConcurrentHashMap$Node[128]
      Node[0] = null
      Node[1] = class java.util.concurrent.ConcurrentHashMap$Node@26ce6c30
      Node[2] = null
      Node[3] = class java.util.concurrent.ConcurrentHashMap$Node@400377e9
      Node[4] = class java.util.concurrent.ConcurrentHashMap$Node@20e09b32
      Node[5] = null
      Node[6] = class java.util.concurrent.ConcurrentHashMap$Node@791245f
      Node[7] = null
      Node[8] = class java.util.concurrent.ConcurrentHashMap$Node@526b6771
      Node[9] = null
      Node[10] = class java.util.concurrent.ConcurrentHashMap$Node@98ceeea
      Node[11] = class java.util.concurrent.ConcurrentHashMap$Node@2d11dde2
      Node[12] = null
      Node[13] = class java.util.concurrent.ConcurrentHashMap$Node@232ca7c3
      Node[14] = class java.util.concurrent.ConcurrentHashMap$Node@2a751c38
      Node[15] = null
      Node[16] = class java.util.concurrent.ConcurrentHashMap$Node@44e05c22
      Node[17] = null
      Node[18] = null
      Node[19] = class java.util.concurrent.ConcurrentHashMap$Node@673d6791
      Node[20] = null
      Node[21] = class java.util.concurrent.ConcurrentHashMap$Node@2169c60a
      Node[22] = null
      Node[23] = null
      Node[24] = null
      Node[25] = class java.util.concurrent.ConcurrentHashMap$Node@237f8ac3
      Node[26] = null
      Node[27] = null
      Node[28] = class java.util.concurrent.ConcurrentHashMap$Node@6538d3c2
      Node[29] = class java.util.concurrent.ConcurrentHashMap$Node@69b5211b
      Node[30] = class java.util.concurrent.ConcurrentHashMap$Node@683e3b1
      Node[31] = null
      Node[32] = null
      Node[33] = class java.util.concurrent.ConcurrentHashMap$Node@59f55830
      Node[34] = null
      Node[35] = class java.util.concurrent.ConcurrentHashMap$Node@7a70360f
      Node[36] = class java.util.concurrent.ConcurrentHashMap$Node@3a0d7da3
      Node[37] = null
      Node[38] = null
      Node[39] = null
      Node[40] = class java.util.concurrent.ConcurrentHashMap$Node@238a9f38
      Node[41] = null
      Node[42] = null
      Node[43] = class java.util.concurrent.ConcurrentHashMap$Node@504d67a1
      Node[44] = null
      Node[45] = null
      Node[46] = class java.util.concurrent.ConcurrentHashMap$Node@2b76e3e9
      Node[47] = null
      Node[48] = null
      Node[49] = class java.util.concurrent.ConcurrentHashMap$Node@7a477341
      Node[50] = null
      Node[51] = null
      Node[52] = class java.util.concurrent.ConcurrentHashMap$Node@dc3506e
      Node[53] = null
      Node[54] = class java.util.concurrent.ConcurrentHashMap$Node@36885e18
      Node[55] = null
      Node[56] = class java.util.concurrent.ConcurrentHashMap$Node@2afd8a8b
      Node[57] = null
      Node[58] = class java.util.concurrent.ConcurrentHashMap$Node@6b6139ee
      Node[59] = class java.util.concurrent.ConcurrentHashMap$Node@7cb644cc
      Node[60] = null
      Node[61] = null
      Node[62] = class java.util.concurrent.ConcurrentHashMap$Node@83aaddc
      Node[63] = null
      Node[64] = null
      Node[65] = class java.util.concurrent.ConcurrentHashMap$Node@4ed5c782
      Node[66] = class java.util.concurrent.ConcurrentHashMap$Node@2c9939ff
      Node[67] = null
      Node[68] = null
      Node[69] = class java.util.concurrent.ConcurrentHashMap$Node@62c78884
      Node[70] = null
      Node[71] = class java.util.concurrent.ConcurrentHashMap$Node@3fce8d4d
      Node[72] = null
      Node[73] = null
      Node[74] = class java.util.concurrent.ConcurrentHashMap$Node@5f47a4e1
      Node[75] = null
      Node[76] = null
      Node[77] = null
      Node[78] = null
      Node[79] = null
      Node[80] = class java.util.concurrent.ConcurrentHashMap$Node@3af42837
      Node[81] = null
      Node[82] = class java.util.concurrent.ConcurrentHashMap$Node@64a90445
      Node[83] = null
      Node[84] = null
      Node[85] = null
      Node[86] = null
      Node[87] = null
      Node[88] = null
      Node[89] = class java.util.concurrent.ConcurrentHashMap$Node@2fc65978
      Node[90] = class java.util.concurrent.ConcurrentHashMap$Node@4d4490cd
      Node[91] = class java.util.concurrent.ConcurrentHashMap$Node@566aacc2
      Node[92] = null
      Node[93] = class java.util.concurrent.ConcurrentHashMap$Node@7a4d0166
      Node[94] = null
      Node[95] = null
      Node[96] = null
      Node[97] = null
      Node[98] = null
      Node[99] = null
      Node[100] = null
      Node[101] = null
      Node[102] = class java.util.concurrent.ConcurrentHashMap$Node@675d8ace
      Node[103] = null
      Node[104] = null
      Node[105] = class java.util.concurrent.ConcurrentHashMap$Node@e76ac10
      Node[106] = null
      Node[107] = class java.util.concurrent.ConcurrentHashMap$Node@d791da0
      Node[108] = class java.util.concurrent.ConcurrentHashMap$Node@1fad6b58
      Node[109] = class java.util.concurrent.ConcurrentHashMap$Node@14ad8999
      Node[110] = null
      Node[111] = null
      Node[112] = null
      Node[113] = null
      Node[114] = null
      Node[115] = null
      Node[116] = null
      Node[117] = null
      Node[118] = class java.util.concurrent.ConcurrentHashMap$Node@2f00a130
      Node[119] = class java.util.concurrent.ConcurrentHashMap$Node@6a512d6d
      Node[120] = class java.util.concurrent.ConcurrentHashMap$Node@1e526cd4
      Node[121] = null
      Node[122] = class java.util.concurrent.ConcurrentHashMap$Node@664bcfc6
      Node[123] = class java.util.concurrent.ConcurrentHashMap$Node@4c68fb1e
      Node[124] = null
      Node[125] = null
      Node[126] = null
      Node[127] = null
    nextTable = null
    baseCount = 60
    sizeCtl = 96
    transferIndex = 0
    cellsBusy = 0
    counterCells = null
    keySet = null
    values = null
    entrySet = null
    U = class sun.misc.Unsafe@43f66852
    SIZECTL = 20
    TRANSFERINDEX = 32
    BASECOUNT = 24
    CELLSBUSY = 36
    CELLVALUE = 144
    ABASE = 16
    ASHIFT = 2
    keySet = null
    values = null
  package2certs = class java.util.concurrent.ConcurrentHashMap@45ce4d75
    serialVersionUID = 7249069246763182397
    MAXIMUM_CAPACITY = 1073741824
    DEFAULT_CAPACITY = 16
    MAX_ARRAY_SIZE = 2147483639
    DEFAULT_CONCURRENCY_LEVEL = 16
    LOAD_FACTOR = 0.75
    TREEIFY_THRESHOLD = 8
    UNTREEIFY_THRESHOLD = 6
    MIN_TREEIFY_CAPACITY = 64
    MIN_TRANSFER_STRIDE = 16
    RESIZE_STAMP_BITS = 16
    MAX_RESIZERS = 65535
    RESIZE_STAMP_SHIFT = 16
    MOVED = -1
    TREEBIN = -2
    RESERVED = -3
    HASH_BITS = 2147483647
    NCPU = 8
    serialPersistentFields = class java.io.ObjectStreamField[3]
    table = class java.util.concurrent.ConcurrentHashMap$Node[16]
      Node[0] = null
      Node[1] = null
      Node[2] = null
      Node[3] = null
      Node[4] = null
      Node[5] = null
      Node[6] = class java.util.concurrent.ConcurrentHashMap$Node@2f319dbb
      Node[7] = null
      Node[8] = null
      Node[9] = null
      Node[10] = class java.util.concurrent.ConcurrentHashMap$Node@22887045
      Node[11] = null
      Node[12] = null
      Node[13] = class java.util.concurrent.ConcurrentHashMap$Node@1a05be2d
      Node[14] = class java.util.concurrent.ConcurrentHashMap$Node@113e1678
      Node[15] = null
    nextTable = null
    baseCount = 4
    sizeCtl = 12
    transferIndex = 0
    cellsBusy = 0
    counterCells = null
    keySet = null
    values = null
    entrySet = null
    U = class sun.misc.Unsafe@43f66852
    SIZECTL = 20
    TRANSFERINDEX = 32
    BASECOUNT = 24
    CELLSBUSY = 36
    CELLVALUE = 144
    ABASE = 16
    ASHIFT = 2
    keySet = null
    values = null
  nocerts = class java.security.cert.Certificate[0]
  classes = class java.util.Vector@30a76c90
    elementData = class java.lang.Object[10]
      Object[0] = class java.lang.Class@3b8b976f
      Object[1] = class java.lang.Class@250005ec
      Object[2] = class java.lang.Class@757842cb
      Object[3] = class java.lang.Class@761049a6
      Object[4] = class java.lang.Class@2760c16c
      Object[5] = class java.lang.Class@7f69227b
      Object[6] = class java.lang.Class@48305947
      Object[7] = null
      Object[8] = null
      Object[9] = null
    elementCount = 7
    capacityIncrement = 0
    serialVersionUID = -2767605614048989439
    MAX_ARRAY_SIZE = 2147483639
    modCount = 7
    MAX_ARRAY_SIZE = 2147483639
  defaultDomain = class java.security.ProtectionDomain@5a09d768
    codesource = class java.security.CodeSource@44761504
      serialVersionUID = 4977541819976013951
      location = null
      signers = null
      certs = null
      sp = null
      factory = null
    classloader = class com.ibm.ws.classloading.internal.AppClassLoader@417aad61
    principals = interface java.security.Principal[0]
    permissions = null
    hasAllPerm = false
    staticPermissions = false
    key = class java.security.ProtectionDomain$Key@34325120
      this$0 = class java.security.ProtectionDomain@5a09d768
    debug = null
  packages = class java.util.HashMap@58177419
    serialVersionUID = 362498820763181265
    DEFAULT_INITIAL_CAPACITY = 16
    MAXIMUM_CAPACITY = 1073741824
    DEFAULT_LOAD_FACTOR = 0.75
    TREEIFY_THRESHOLD = 8
    UNTREEIFY_THRESHOLD = 6
    MIN_TREEIFY_CAPACITY = 64
    table = class java.util.HashMap$Node[16]
      Node[0] = null
      Node[1] = null
      Node[2] = null
      Node[3] = null
      Node[4] = null
      Node[5] = null
      Node[6] = class java.util.HashMap$Node@31c05b58
      Node[7] = null
      Node[8] = null
      Node[9] = null
      Node[10] = class java.util.HashMap$Node@2f1a635e
      Node[11] = null
      Node[12] = null
      Node[13] = class java.util.HashMap$Node@4c47696f
      Node[14] = class java.util.HashMap$Node@908721f
      Node[15] = null
    entrySet = null
    size = 4
    modCount = 4
    threshold = 12
    loadFactor = 0.75
    keySet = null
    values = null
  scl = class sun.misc.Launcher$AppClassLoader@4e0e2f2a
    ucp = class sun.misc.URLClassPath@76fe57fe
      USER_AGENT_JAVA_VERSION = "UA-Java-Version"
      JAVA_VERSION = "1.8.0_281"
      DEBUG = false
      DEBUG_LOOKUP_CACHE = false
      DISABLE_JAR_CHECKING = false
      DISABLE_ACC_CHECKING = false
      DISABLE_CP_URL_CHECK = true
      DEBUG_CP_URL_CHECK = false
      path = class java.util.ArrayList@40cc39b2
      urls = class java.util.Stack@455c04b5
      loaders = class java.util.ArrayList@771bdfee
      lmap = class java.util.HashMap@2786f57d
      jarHandler = class sun.net.www.protocol.jar.Handler@6264996
      closed = false
      acc = class java.security.AccessControlContext@58cc762b
      lookupCacheEnabled = false
      lookupCacheURLs = null
      lookupCacheLoader = null
    $assertionsDisabled = true
    ucp = class sun.misc.URLClassPath@76fe57fe
    acc = class java.security.AccessControlContext@58cc762b
      context = null
      isPrivileged = true
      isAuthorized = true
      privilegedContext = null
      combiner = null
      permissions = null
      parent = null
      isWrapped = false
      isLimited = false
      limitedContext = null
      debugInit = false
      debug = null
    closeables = class java.util.WeakHashMap@2ce68603
      DEFAULT_INITIAL_CAPACITY = 16
      MAXIMUM_CAPACITY = 1073741824
      DEFAULT_LOAD_FACTOR = 0.75
      table = class java.util.WeakHashMap$Entry[16]
      size = 0
      threshold = 12
      loadFactor = 0.75
      queue = class java.lang.ref.ReferenceQueue@6e2f0254
      modCount = 0
      NULL_KEY = class java.lang.Object@1ee00aea
      entrySet = null
      keySet = null
      values = null
    initialized = true
    pdcache = class java.util.HashMap@a7b69ee
      serialVersionUID = 362498820763181265
      DEFAULT_INITIAL_CAPACITY = 16
      MAXIMUM_CAPACITY = 1073741824
      DEFAULT_LOAD_FACTOR = 0.75
      TREEIFY_THRESHOLD = 8
      UNTREEIFY_THRESHOLD = 6
      MIN_TREEIFY_CAPACITY = 64
      table = class java.util.HashMap$Node[16]
      entrySet = null
      size = 2
      modCount = 2
      threshold = 12
      loadFactor = 0.75
      keySet = null
      values = null
    debug = null
    parent = class sun.misc.Launcher$ExtClassLoader@233a9b8e
      instance = class sun.misc.Launcher$ExtClassLoader@233a9b8e
      ucp = class sun.misc.URLClassPath@5daca889
      acc = class java.security.AccessControlContext@296931a3
      closeables = class java.util.WeakHashMap@5d02fb28
      initialized = true
      pdcache = class java.util.HashMap@3c5c91b3
      debug = null
      parent = null
      parallelLockMap = class java.util.concurrent.ConcurrentHashMap@48c8e51
      package2certs = class java.util.concurrent.ConcurrentHashMap@6488534a
      nocerts = class java.security.cert.Certificate[0]
      classes = class java.util.Vector@2e993f48
      defaultDomain = class java.security.ProtectionDomain@7610f221
      packages = class java.util.HashMap@160e14b4
      scl = class sun.misc.Launcher$AppClassLoader@4e0e2f2a
      sclSet = true
      loadedLibraryNames = class java.util.Vector@6f853f8b
      systemNativeLibraries = class java.util.Vector@64cd1d07
      nativeLibraries = class java.util.Vector@303a073c
      nativeLibraryContext = class java.util.Stack@13bf21d9
      usr_paths = class java.lang.String[30]
      sys_paths = class java.lang.String[1]
      assertionLock = class java.lang.Object@573e1d0c
      defaultAssertionStatus = false
      packageAssertionStatus = null
      classAssertionStatus = null
    parallelLockMap = class java.util.concurrent.ConcurrentHashMap@e3e8ef8
      serialVersionUID = 7249069246763182397
      MAXIMUM_CAPACITY = 1073741824
      DEFAULT_CAPACITY = 16
      MAX_ARRAY_SIZE = 2147483639
      DEFAULT_CONCURRENCY_LEVEL = 16
      LOAD_FACTOR = 0.75
      TREEIFY_THRESHOLD = 8
      UNTREEIFY_THRESHOLD = 6
      MIN_TREEIFY_CAPACITY = 64
      MIN_TRANSFER_STRIDE = 16
      RESIZE_STAMP_BITS = 16
      MAX_RESIZERS = 65535
      RESIZE_STAMP_SHIFT = 16
      MOVED = -1
      TREEBIN = -2
      RESERVED = -3
      HASH_BITS = 2147483647
      NCPU = 8
      serialPersistentFields = class java.io.ObjectStreamField[3]
      table = class java.util.concurrent.ConcurrentHashMap$Node[1024]
      nextTable = null
      baseCount = 722
      sizeCtl = 768
      transferIndex = 0
      cellsBusy = 0
      counterCells = null
      keySet = null
      values = null
      entrySet = null
      U = class sun.misc.Unsafe@43f66852
      SIZECTL = 20
      TRANSFERINDEX = 32
      BASECOUNT = 24
      CELLSBUSY = 36
      CELLVALUE = 144
      ABASE = 16
      ASHIFT = 2
      keySet = null
      values = null
    package2certs = class java.util.concurrent.ConcurrentHashMap@35f8dc3a
      serialVersionUID = 7249069246763182397
      MAXIMUM_CAPACITY = 1073741824
      DEFAULT_CAPACITY = 16
      MAX_ARRAY_SIZE = 2147483639
      DEFAULT_CONCURRENCY_LEVEL = 16
      LOAD_FACTOR = 0.75
      TREEIFY_THRESHOLD = 8
      UNTREEIFY_THRESHOLD = 6
      MIN_TREEIFY_CAPACITY = 64
      MIN_TRANSFER_STRIDE = 16
      RESIZE_STAMP_BITS = 16
      MAX_RESIZERS = 65535
      RESIZE_STAMP_SHIFT = 16
      MOVED = -1
      TREEBIN = -2
      RESERVED = -3
      HASH_BITS = 2147483647
      NCPU = 8
      serialPersistentFields = class java.io.ObjectStreamField[3]
      table = class java.util.concurrent.ConcurrentHashMap$Node[32]
      nextTable = null
      baseCount = 15
      sizeCtl = 24
      transferIndex = 0
      cellsBusy = 0
      counterCells = null
      keySet = null
      values = null
      entrySet = null
      U = class sun.misc.Unsafe@43f66852
      SIZECTL = 20
      TRANSFERINDEX = 32
      BASECOUNT = 24
      CELLSBUSY = 36
      CELLVALUE = 144
      ABASE = 16
      ASHIFT = 2
      keySet = null
      values = null
    nocerts = class java.security.cert.Certificate[0]
    classes = class java.util.Vector@2d368218
      elementData = class java.lang.Object[160]
      elementCount = 100
      capacityIncrement = 0
      serialVersionUID = -2767605614048989439
      MAX_ARRAY_SIZE = 2147483639
      modCount = 100
      MAX_ARRAY_SIZE = 2147483639
    defaultDomain = class java.security.ProtectionDomain@7cd3ba49
      codesource = class java.security.CodeSource@48a37cab
      classloader = class sun.misc.Launcher$AppClassLoader@4e0e2f2a
      principals = interface java.security.Principal[0]
      permissions = null
      hasAllPerm = false
      staticPermissions = false
      key = class java.security.ProtectionDomain$Key@50402071
      debug = null
    packages = class java.util.HashMap@660b265
      serialVersionUID = 362498820763181265
      DEFAULT_INITIAL_CAPACITY = 16
      MAXIMUM_CAPACITY = 1073741824
      DEFAULT_LOAD_FACTOR = 0.75
      TREEIFY_THRESHOLD = 8
      UNTREEIFY_THRESHOLD = 6
      MIN_TREEIFY_CAPACITY = 64
      table = class java.util.HashMap$Node[32]
      entrySet = null
      size = 15
      modCount = 15
      threshold = 24
      loadFactor = 0.75
      keySet = null
      values = null
    scl = class sun.misc.Launcher$AppClassLoader@4e0e2f2a
    sclSet = true
    loadedLibraryNames = class java.util.Vector@6f853f8b
    systemNativeLibraries = class java.util.Vector@64cd1d07
    nativeLibraries = class java.util.Vector@750ab79f
      elementData = class java.lang.Object[10]
      elementCount = 0
      capacityIncrement = 0
      serialVersionUID = -2767605614048989439
      MAX_ARRAY_SIZE = 2147483639
      modCount = 0
      MAX_ARRAY_SIZE = 2147483639
    nativeLibraryContext = class java.util.Stack@13bf21d9
    usr_paths = class java.lang.String[30]
    sys_paths = class java.lang.String[1]
    assertionLock = class java.lang.Object@6c35cd64
    defaultAssertionStatus = false
    packageAssertionStatus = null
    classAssertionStatus = null
  sclSet = true
  loadedLibraryNames = class java.util.Vector@6f853f8b
    elementData = class java.lang.Object[10]
      Object[0] = "C:\Program Files\Java\jdk1.8.0_281\jre\bin\zip.dll"
      Object[1] = "C:\Program Files\Java\jdk1.8.0_281\jre\bin\instrument.dll"
      Object[2] = "C:\Program Files\Java\jdk1.8.0_281\jre\bin\net.dll"
      Object[3] = "C:\Program Files\Java\jdk1.8.0_281\jre\bin\nio.dll"
      Object[4] = "C:\Program Files\Java\jdk1.8.0_281\jre\bin\management.dll"
      Object[5] = "C:\Program Files\Java\jdk1.8.0_281\jre\bin\sunec.dll"
      Object[6] = "C:\Program Files\Java\jdk1.8.0_281\jre\bin\sunmscapi.dll"
      Object[7] = null
      Object[8] = null
      Object[9] = null
    elementCount = 7
    capacityIncrement = 0
    serialVersionUID = -2767605614048989439
    MAX_ARRAY_SIZE = 2147483639
    modCount = 7
    MAX_ARRAY_SIZE = 2147483639
  systemNativeLibraries = class java.util.Vector@64cd1d07
    elementData = class java.lang.Object[10]
      Object[0] = class java.lang.ClassLoader$NativeLibrary@23fa9c4b
      Object[1] = class java.lang.ClassLoader$NativeLibrary@a37c375
      Object[2] = class java.lang.ClassLoader$NativeLibrary@1a8ae253
      Object[3] = class java.lang.ClassLoader$NativeLibrary@2ed4726d
      Object[4] = class java.lang.ClassLoader$NativeLibrary@59bbab38
      Object[5] = null
      Object[6] = null
      Object[7] = null
      Object[8] = null
      Object[9] = null
    elementCount = 5
    capacityIncrement = 0
    serialVersionUID = -2767605614048989439
    MAX_ARRAY_SIZE = 2147483639
    modCount = 5
    MAX_ARRAY_SIZE = 2147483639
  nativeLibraries = class java.util.Vector@70eb2461
    elementData = class java.lang.Object[10]
      Object[0] = null
      Object[1] = null
      Object[2] = null
      Object[3] = null
      Object[4] = null
      Object[5] = null
      Object[6] = null
      Object[7] = null
      Object[8] = null
      Object[9] = null
    elementCount = 0
    capacityIncrement = 0
    serialVersionUID = -2767605614048989439
    MAX_ARRAY_SIZE = 2147483639
    modCount = 0
    MAX_ARRAY_SIZE = 2147483639
  nativeLibraryContext = class java.util.Stack@13bf21d9
    serialVersionUID = 1224463164541339165
    elementData = class java.lang.Object[10]
      Object[0] = null
      Object[1] = null
      Object[2] = null
      Object[3] = null
      Object[4] = null
      Object[5] = null
      Object[6] = null
      Object[7] = null
      Object[8] = null
      Object[9] = null
    elementCount = 0
    capacityIncrement = 0
    serialVersionUID = -2767605614048989439
    MAX_ARRAY_SIZE = 2147483639
    modCount = 14
    MAX_ARRAY_SIZE = 2147483639
  usr_paths = class java.lang.String[30]
    String[0] = "C:\Program Files\Java\jdk1.8.0_281\jre\bin"
    String[1] = "C:\WINDOWS\Sun\Java\bin"
    String[2] = "C:\WINDOWS\system32"
    String[3] = "C:\WINDOWS"
    String[4] = "C:\Program Files (x86)\Common Files\Oracle\Java\javapath"
    String[5] = "C:\WINDOWS\system32"
    String[6] = "C:\WINDOWS"
    String[7] = "C:\WINDOWS\System32\Wbem"
    String[8] = "C:\WINDOWS\System32\WindowsPowerShell\v1.0\"
    String[9] = "C:\WINDOWS\System32\OpenSSH\"
    String[10] = "C:\Program Files\Git\cmd"
    String[11] = "C:\Program Files\Java\jdk1.8.0_281\bin"
    String[12] = "C:\php-8.0.3-nts-Win32-vs16-x64"
    String[13] = "C:\Program Files\apache-maven-3.6.3\bin"
    String[14] = "."
    String[15] = "C:\Program Files\Docker\Docker\resources\bin"
    String[16] = "C:\ProgramData\DockerDesktop\version-bin"
    String[17] = "C:\Program Files\MySQL\MySQL Shell 8.0\bin\"
    String[18] = "C:\Users\felix\anaconda3"
    String[19] = "C:\Users\felix\anaconda3\Library\mingw-w64\bin"
    String[20] = "C:\Users\felix\anaconda3\Library\usr\bin"
    String[21] = "C:\Users\felix\anaconda3\Library\bin"
    String[22] = "C:\Users\felix\anaconda3\Scripts"
    String[23] = "C:\Users\felix\AppData\Local\Microsoft\WindowsApps"
    String[24] = "C:\Users\felix\AppData\Local\GitHubDesktop\bin"
    String[25] = "C:\Users\felix\AppData\Local\Programs\Microsoft VS Code\bin"
    String[26] = "C:\Program Files\JetBrains\IntelliJ IDEA 2020.3.2\bin"
    String[27] = "."
    String[28] = "."
    String[29] = "."
  sys_paths = class java.lang.String[1]
    String[0] = "C:\Program Files\Java\jdk1.8.0_281\jre\bin"
  assertionLock = class java.lang.Object@70c8d8b8
  defaultAssertionStatus = false
  packageAssertionStatus = null
  classAssertionStatus = null

