------Start of DE processing------ = [3/22/21 0:52:37:104 EDT]
Exception = javax.servlet.ServletException
Source = com.ibm.ws.webcontainer.filter.WebAppFilterManager.invokeFilters
probeid = 1064
Stack Dump = javax.servlet.ServletException: SRVE0207E: Uncaught initialization exception created by servlet
	at com.ibm.ws.webcontainer.servlet.ServletWrapper.init(ServletWrapper.java:367)
	at com.ibm.ws.webcontainer.servlet.ServletWrapper.handleRequest(ServletWrapper.java:600)
	at com.ibm.ws.webcontainer.servlet.ServletWrapper.handleRequest(ServletWrapper.java:442)
	at com.ibm.ws.webcontainer.filter.WebAppFilterManager.invokeFilters(WebAppFilterManager.java:1226)
	at com.ibm.ws.webcontainer.webapp.WebApp.handleRequest(WebApp.java:5057)
	at com.ibm.ws.webcontainer.osgi.DynamicVirtualHost$2.handleRequest(DynamicVirtualHost.java:314)
	at com.ibm.ws.webcontainer.WebContainer.handleRequest(WebContainer.java:1006)
	at com.ibm.ws.webcontainer.osgi.DynamicVirtualHost$2.run(DynamicVirtualHost.java:279)
	at com.ibm.ws.http.dispatcher.internal.channel.HttpDispatcherLink$TaskWrapper.run(HttpDispatcherLink.java:1146)
	at com.ibm.ws.http.dispatcher.internal.channel.HttpDispatcherLink.wrapHandlerAndExecute(HttpDispatcherLink.java:427)
	at com.ibm.ws.http.dispatcher.internal.channel.HttpDispatcherLink.ready(HttpDispatcherLink.java:386)
	at com.ibm.ws.http.channel.internal.inbound.HttpInboundLink.handleDiscrimination(HttpInboundLink.java:566)
	at com.ibm.ws.http.channel.internal.inbound.HttpInboundLink.handleNewRequest(HttpInboundLink.java:500)
	at com.ibm.ws.http.channel.internal.inbound.HttpInboundLink.processRequest(HttpInboundLink.java:360)
	at com.ibm.ws.http.channel.internal.inbound.HttpICLReadCallback.complete(HttpICLReadCallback.java:70)
	at com.ibm.ws.tcpchannel.internal.WorkQueueManager.requestComplete(WorkQueueManager.java:504)
	at com.ibm.ws.tcpchannel.internal.WorkQueueManager.attemptIO(WorkQueueManager.java:574)
	at com.ibm.ws.tcpchannel.internal.WorkQueueManager.workerRun(WorkQueueManager.java:958)
	at com.ibm.ws.tcpchannel.internal.WorkQueueManager$Worker.run(WorkQueueManager.java:1047)
	at com.ibm.ws.threading.internal.ExecutorServiceImpl$RunnableWrapper.run(ExecutorServiceImpl.java:238)
	at java.util.concurrent.ThreadPoolExecutor.runWorker(ThreadPoolExecutor.java:1149)
	at java.util.concurrent.ThreadPoolExecutor$Worker.run(ThreadPoolExecutor.java:624)
	at java.lang.Thread.run(Thread.java:748)
Caused by: java.lang.NoClassDefFoundError: Lorg/eclipse/microprofile/config/Config;
	at java.lang.Class.getDeclaredFields0(Native Method)
	at java.lang.Class.privateGetDeclaredFields(Class.java:2583)
	at java.lang.Class.getDeclaredFields(Class.java:1916)
	at org.apache.cxf.common.util.ReflectionUtil$10.run(ReflectionUtil.java:176)
	at org.apache.cxf.common.util.ReflectionUtil$10.run(ReflectionUtil.java:174)
	at java.security.AccessController.doPrivileged(Native Method)
	at org.apache.cxf.common.util.ReflectionUtil.getDeclaredFields(ReflectionUtil.java:174)
	at org.apache.cxf.jaxrs.model.AbstractResourceInfo.findContextFields(AbstractResourceInfo.java:262)
	at org.apache.cxf.jaxrs.model.AbstractResourceInfo.findContexts(AbstractResourceInfo.java:211)
	at org.apache.cxf.jaxrs.model.AbstractResourceInfo.<init>(AbstractResourceInfo.java:202)
	at org.apache.cxf.jaxrs.model.AbstractResourceInfo.<init>(AbstractResourceInfo.java:187)
	at org.apache.cxf.jaxrs.model.BeanResourceInfo.<init>(BeanResourceInfo.java:67)
	at org.apache.cxf.jaxrs.model.ClassResourceInfo.<init>(ClassResourceInfo.java:89)
	at org.apache.cxf.jaxrs.model.ClassResourceInfo.<init>(ClassResourceInfo.java:100)
	at org.apache.cxf.jaxrs.utils.ResourceUtils.createClassResourceInfo(ResourceUtils.java:316)
	at org.apache.cxf.jaxrs.utils.ResourceUtils.createClassResourceInfo(ResourceUtils.java:303)
	at org.apache.cxf.jaxrs.utils.ResourceUtils.createClassResourceInfo(ResourceUtils.java:294)
	at org.apache.cxf.jaxrs.JAXRSServiceFactoryBean.createResourceInfo(JAXRSServiceFactoryBean.java:202)
	at org.apache.cxf.jaxrs.JAXRSServiceFactoryBean.setResourceClasses(JAXRSServiceFactoryBean.java:165)
	at org.apache.cxf.jaxrs.JAXRSServerFactoryBean.setResourceClasses(JAXRSServerFactoryBean.java:305)
	at com.ibm.ws.jaxrs20.server.LibertyJaxRsServerFactoryBean.doInit(LibertyJaxRsServerFactoryBean.java:335)
	at com.ibm.ws.jaxrs20.server.JaxRsWebEndpointImpl.init(JaxRsWebEndpointImpl.java:66)
	at com.ibm.websphere.jaxrs.server.IBMRestServlet.init(IBMRestServlet.java:64)
	at com.ibm.ws.webcontainer.servlet.ServletWrapper.init(ServletWrapper.java:298)
	... 22 more
Caused by: java.lang.ClassNotFoundException: org.eclipse.microprofile.config.Config
	at com.ibm.ws.classloading.internal.AppClassLoader.findClassCommonLibraryClassLoaders(AppClassLoader.java:569)
	at com.ibm.ws.classloading.internal.AppClassLoader.findClass(AppClassLoader.java:291)
	at java.lang.ClassLoader.loadClass(ClassLoader.java:418)
	at com.ibm.ws.classloading.internal.AppClassLoader.findOrDelegateLoadClass(AppClassLoader.java:547)
	at com.ibm.ws.classloading.internal.AppClassLoader.loadClass(AppClassLoader.java:505)
	at java.lang.ClassLoader.loadClass(ClassLoader.java:351)
	... 46 more

Dump of callerThis
null
