------Start of DE processing------ = [3/21/21 21:39:49:033 EDT]
Exception = java.util.ServiceConfigurationError
Source = com.ibm.ws.microprofile.config.sources.DefaultSources
probeid = 96
Stack Dump = java.util.ServiceConfigurationError: org.eclipse.microprofile.config.spi.ConfigSource: Provider io.openliberty.sample.config.CustomConfigSource not found
	at java.util.ServiceLoader.fail(ServiceLoader.java:239)
	at java.util.ServiceLoader.access$300(ServiceLoader.java:185)
	at java.util.ServiceLoader$LazyIterator.nextService(ServiceLoader.java:372)
	at java.util.ServiceLoader$LazyIterator.next(ServiceLoader.java:404)
	at java.util.ServiceLoader$1.next(ServiceLoader.java:480)
	at com.ibm.ws.microprofile.config.sources.DefaultSources.getDiscoveredSources(DefaultSources.java:93)
	at com.ibm.ws.microprofile.config14.impl.Config14BuilderImpl.getSources(Config14BuilderImpl.java:52)
	at com.ibm.ws.microprofile.config.impl.AbstractConfigBuilder.build(AbstractConfigBuilder.java:144)
	at com.ibm.ws.microprofile.config.impl.AbstractProviderResolver.getConfig(AbstractProviderResolver.java:260)
	at org.eclipse.microprofile.config.ConfigProvider.getConfig(ConfigProvider.java:105)
	at com.ibm.ws.microprofile.config.cdi.ConfigCDIExtension.processConversionType(ConfigCDIExtension.java:147)
	at com.ibm.ws.microprofile.config.cdi.ConfigCDIExtension.processParameterizedType(ConfigCDIExtension.java:137)
	at com.ibm.ws.microprofile.config.cdi.ConfigCDIExtension.validateConfigProperty(ConfigCDIExtension.java:98)
	at com.ibm.ws.microprofile.config.cdi.ConfigCDIExtension.processInjectionTarget(ConfigCDIExtension.java:82)
	at sun.reflect.GeneratedMethodAccessor609.invoke(Unknown Source)
	at java.lang.reflect.Method.invoke(Method.java:498)
	at org.jboss.weld.injection.StaticMethodInjectionPoint.invoke(StaticMethodInjectionPoint.java:95)
	at org.jboss.weld.injection.StaticMethodInjectionPoint.invoke(StaticMethodInjectionPoint.java:85)
	at org.jboss.weld.injection.MethodInvocationStrategy$SimpleMethodInvocationStrategy.invoke(MethodInvocationStrategy.java:168)
	at org.jboss.weld.event.ObserverMethodImpl.sendEvent(ObserverMethodImpl.java:330)
	at org.jboss.weld.event.ExtensionObserverMethodImpl.sendEvent(ExtensionObserverMethodImpl.java:123)
	at org.jboss.weld.event.ObserverMethodImpl.sendEvent(ObserverMethodImpl.java:308)
	at org.jboss.weld.event.ObserverMethodImpl.notify(ObserverMethodImpl.java:286)
	at javax.enterprise.inject.spi.ObserverMethod.notify(ObserverMethod.java:124)
	at org.jboss.weld.util.Observers.notify(Observers.java:166)
	at org.jboss.weld.event.ObserverNotifier.notifySyncObservers(ObserverNotifier.java:285)
	at org.jboss.weld.event.ObserverNotifier.notify(ObserverNotifier.java:273)
	at org.jboss.weld.event.ObserverNotifier.fireEvent(ObserverNotifier.java:177)
	at org.jboss.weld.event.ObserverNotifier.fireEvent(ObserverNotifier.java:171)
	at org.jboss.weld.bootstrap.events.AbstractContainerEvent.fire(AbstractContainerEvent.java:53)
	at org.jboss.weld.bootstrap.events.AbstractDefinitionContainerEvent.fire(AbstractDefinitionContainerEvent.java:44)
	at org.jboss.weld.bootstrap.events.AbstractProcessInjectionTarget.fire(AbstractProcessInjectionTarget.java:33)
	at org.jboss.weld.bootstrap.events.ContainerLifecycleEvents.fireProcessInjectionTarget(ContainerLifecycleEvents.java:273)
	at org.jboss.weld.bootstrap.AbstractBeanDeployer.processInjectionTargetEvents(AbstractBeanDeployer.java:140)
	at org.jboss.weld.bootstrap.BeanDeployer.processBeans(BeanDeployer.java:262)
	at org.jboss.weld.bootstrap.BeanDeployer.processClassBeanAttributes(BeanDeployer.java:244)
	at org.jboss.weld.bootstrap.WeldStartup.deployBeans(WeldStartup.java:442)
	at org.jboss.weld.bootstrap.WeldBootstrap.deployBeans(WeldBootstrap.java:86)
	at com.ibm.ws.cdi.impl.CDIContainerImpl.startInitialization(CDIContainerImpl.java:160)
	at com.ibm.ws.cdi.liberty.CDIRuntimeImpl.applicationStarting(CDIRuntimeImpl.java:479)
	at com.ibm.ws.container.service.state.internal.ApplicationStateManager.fireStarting(ApplicationStateManager.java:51)
	at com.ibm.ws.container.service.state.internal.StateChangeServiceImpl.fireApplicationStarting(StateChangeServiceImpl.java:50)
	at com.ibm.ws.app.manager.module.internal.SimpleDeployedAppInfoBase.preDeployApp(SimpleDeployedAppInfoBase.java:547)
	at com.ibm.ws.app.manager.module.internal.SimpleDeployedAppInfoBase.installApp(SimpleDeployedAppInfoBase.java:508)
	at com.ibm.ws.app.manager.module.internal.DeployedAppInfoBase.deployApp(DeployedAppInfoBase.java:349)
	at com.ibm.ws.app.manager.war.internal.WARApplicationHandlerImpl.install(WARApplicationHandlerImpl.java:65)
	at com.ibm.ws.app.manager.internal.statemachine.StartAction.execute(StartAction.java:149)
	at com.ibm.ws.app.manager.internal.statemachine.ApplicationStateMachineImpl.enterState(ApplicationStateMachineImpl.java:1352)
	at com.ibm.ws.app.manager.internal.statemachine.ApplicationStateMachineImpl.run(ApplicationStateMachineImpl.java:897)
	at com.ibm.ws.threading.internal.ExecutorServiceImpl$RunnableWrapper.run(ExecutorServiceImpl.java:238)
	at java.util.concurrent.ThreadPoolExecutor.runWorker(ThreadPoolExecutor.java:1149)
	at java.util.concurrent.ThreadPoolExecutor$Worker.run(ThreadPoolExecutor.java:624)
	at java.lang.Thread.run(Thread.java:748)

Dump of callerThis
null
Dump of objectArray[0]
Object type = com.ibm.ws.classloading.internal.AppClassLoader
  tc = class com.ibm.websphere.ras.TraceComponent@18ed20bf
    strings[0] = "TraceComponent[com.ibm.ws.classloading.internal.AppClassLoader,class com.ibm.ws.classloading.internal.AppClassLoader,[ClassLoadingService],com.ibm.ws.classloading.internal.resources.ClassLoadingServiceMessages,null]"
  disableSharedClassesCache = false
  PARENT_FIRST_SEARCH_ORDER = class java.util.Collections$UnmodifiableRandomAccessList@51d97ac2
    serialVersionUID = -2542308836966382001
    serialVersionUID = -283967356065247728
    list = class java.util.Arrays$ArrayList@33c8592f
      serialVersionUID = -2764017481108945198
      a = class com.ibm.ws.classloading.internal.AppClassLoader$SearchLocation[3]
      modCount = 0
      MAX_ARRAY_SIZE = 2147483639
    serialVersionUID = 1820017752578914078
    c = class java.util.Arrays$ArrayList@33c8592f
  packagesDefined = class java.util.Collections$SetFromMap@48ff521e
    m = class java.util.concurrent.ConcurrentHashMap@60908074
      serialVersionUID = 7249069246763182397
      MAXIMUM_CAPACITY = 1073741824
      DEFAULT_CAPACITY = 16
      MAX_ARRAY_SIZE = 2147483639
      DEFAULT_CONCURRENCY_LEVEL = 16
      LOAD_FACTOR = 0.75
      TREEIFY_THRESHOLD = 8
      UNTREEIFY_THRESHOLD = 6
      MIN_TREEIFY_CAPACITY = 64
      MIN_TRANSFER_STRIDE = 16
      RESIZE_STAMP_BITS = 16
      MAX_RESIZERS = 65535
      RESIZE_STAMP_SHIFT = 16
      MOVED = -1
      TREEBIN = -2
      RESERVED = -3
      HASH_BITS = 2147483647
      NCPU = 8
      serialPersistentFields = class java.io.ObjectStreamField[3]
      table = class java.util.concurrent.ConcurrentHashMap$Node[16]
      nextTable = null
      baseCount = 4
      sizeCtl = 12
      transferIndex = 0
      cellsBusy = 0
      counterCells = null
      keySet = class java.util.concurrent.ConcurrentHashMap$KeySetView@70103ddc
      values = null
      entrySet = null
      U = class sun.misc.Unsafe@dd8e8da
      SIZECTL = 20
      TRANSFERINDEX = 32
      BASECOUNT = 24
      CELLSBUSY = 36
      CELLVALUE = 144
      ABASE = 16
      ASHIFT = 2
      keySet = null
      values = null
    s = class java.util.concurrent.ConcurrentHashMap$KeySetView@70103ddc
      serialVersionUID = 7249069246763182397
      value = null
      serialVersionUID = 7249069246763182397
      map = class java.util.concurrent.ConcurrentHashMap@60908074
      oomeMsg = "Required array size too large"
    serialVersionUID = 2454657854757543876
    MAX_ARRAY_SIZE = 2147483639
  CLASS_LOADING_TRACE_PREFIX = "com.ibm.ws.class.load."
  DEFAULT_PACKAGE = "default.package"
  perPackageClassLoadingTraceComponents = class java.util.concurrent.ConcurrentHashMap@3436ff70
    serialVersionUID = 7249069246763182397
    MAXIMUM_CAPACITY = 1073741824
    DEFAULT_CAPACITY = 16
    MAX_ARRAY_SIZE = 2147483639
    DEFAULT_CONCURRENCY_LEVEL = 16
    LOAD_FACTOR = 0.75
    TREEIFY_THRESHOLD = 8
    UNTREEIFY_THRESHOLD = 6
    MIN_TREEIFY_CAPACITY = 64
    MIN_TRANSFER_STRIDE = 16
    RESIZE_STAMP_BITS = 16
    MAX_RESIZERS = 65535
    RESIZE_STAMP_SHIFT = 16
    MOVED = -1
    TREEBIN = -2
    RESERVED = -3
    HASH_BITS = 2147483647
    NCPU = 8
    serialPersistentFields = class java.io.ObjectStreamField[3]
      ObjectStreamField[0] = class java.io.ObjectStreamField@40d93096
      ObjectStreamField[1] = class java.io.ObjectStreamField@75197eae
      ObjectStreamField[2] = class java.io.ObjectStreamField@70e33f65
    table = null
    nextTable = null
    baseCount = 0
    sizeCtl = 0
    transferIndex = 0
    cellsBusy = 0
    counterCells = null
    keySet = null
    values = null
    entrySet = null
    U = class sun.misc.Unsafe@dd8e8da
      theUnsafe = class sun.misc.Unsafe@dd8e8da
      INVALID_FIELD_OFFSET = -1
      ARRAY_BOOLEAN_BASE_OFFSET = 16
      ARRAY_BYTE_BASE_OFFSET = 16
      ARRAY_SHORT_BASE_OFFSET = 16
      ARRAY_CHAR_BASE_OFFSET = 16
      ARRAY_INT_BASE_OFFSET = 16
      ARRAY_LONG_BASE_OFFSET = 16
      ARRAY_FLOAT_BASE_OFFSET = 16
      ARRAY_DOUBLE_BASE_OFFSET = 16
      ARRAY_OBJECT_BASE_OFFSET = 16
      ARRAY_BOOLEAN_INDEX_SCALE = 1
      ARRAY_BYTE_INDEX_SCALE = 1
      ARRAY_SHORT_INDEX_SCALE = 2
      ARRAY_CHAR_INDEX_SCALE = 2
      ARRAY_INT_INDEX_SCALE = 4
      ARRAY_LONG_INDEX_SCALE = 8
      ARRAY_FLOAT_INDEX_SCALE = 4
      ARRAY_DOUBLE_INDEX_SCALE = 8
      ARRAY_OBJECT_INDEX_SCALE = 4
      ADDRESS_SIZE = 8
    SIZECTL = 20
    TRANSFERINDEX = 32
    BASECOUNT = 24
    CELLSBUSY = 36
    CELLVALUE = 144
    ABASE = 16
    ASHIFT = 2
    keySet = null
    values = null
  config = class com.ibm.ws.classloading.internal.ClassLoaderConfigurationImpl@7ff78d4a
    DEFAULT_PROTECTION_DOMAIN = class java.security.ProtectionDomain@37f718b2
      codesource = class java.security.CodeSource@2f9e1940
      classloader = null
      principals = interface java.security.Principal[0]
      permissions = null
      hasAllPerm = false
      staticPermissions = true
      key = class java.security.ProtectionDomain$Key@437192fb
      debug = null
    delegateLast = false
    includeAppExtensions = true
    id = class com.ibm.ws.classloading.serializable.ClassLoaderIdentityImpl@26358aa1
      serialVersionUID = 1
      DOMAIN = "D"
      ID = "I"
      serialPersistentFields = class java.io.ObjectStreamField[2]
      SEPARATOR = ":"
      domain = "WebModule"
      id = "HelloWorld#HelloWorld.war"
      $$$tc$$$ = class com.ibm.websphere.ras.TraceComponent@2e4acf7a
    parentId = null
    sharedLibraries = class java.util.ArrayList@150af114
      serialVersionUID = 8683452581122892189
      DEFAULT_CAPACITY = 10
      EMPTY_ELEMENTDATA = class java.lang.Object[0]
      DEFAULTCAPACITY_EMPTY_ELEMENTDATA = class java.lang.Object[0]
      elementData = class java.lang.Object[0]
      size = 0
      MAX_ARRAY_SIZE = 2147483639
      modCount = 0
      MAX_ARRAY_SIZE = 2147483639
    commonLibraries = class java.util.Collections$EmptyList@42bb877c
      serialVersionUID = 8842843931221139166
      modCount = 0
      MAX_ARRAY_SIZE = 2147483639
    providers = class java.util.Collections$EmptyList@42bb877c
    nativeLibraryContainers = class java.util.Collections$EmptyList@42bb877c
    protectionDomain = class java.security.ProtectionDomain@4d062511
      codesource = class java.security.CodeSource@36255602
      classloader = null
      principals = interface java.security.Principal[0]
      permissions = class java.security.Permissions@5e107561
      hasAllPerm = true
      staticPermissions = true
      key = class java.security.ProtectionDomain$Key@276740dd
      debug = null
    serialVersionUID = 9091690180200375339
    $$$tc$$$ = class com.ibm.websphere.ras.TraceComponent@7565abe1
      strings[0] = "TraceComponent[com.ibm.ws.classloading.internal.ClassLoaderConfigurationImpl,class com.ibm.ws.classloading.internal.ClassLoaderConfigurationImpl,[ClassLoadingService],com.ibm.ws.classloading.internal.resources.ClassLoadingServiceMessages,null]"
  privateLibraries = null
  delegateLoaders = class com.ibm.ws.classloading.internal.util.CompositeIterable@6562f71c
    iterables = class java.util.Arrays$ArrayList@47ecce92
      serialVersionUID = -2764017481108945198
      a = interface java.lang.Iterable[2]
      modCount = 0
      MAX_ARRAY_SIZE = 2147483639
    serialVersionUID = -1227195994638150837
    $$$tc$$$ = class com.ibm.websphere.ras.TraceComponent@3718219c
      strings[0] = "TraceComponent[com.ibm.ws.classloading.internal.util.CompositeIterable,class com.ibm.ws.classloading.internal.util.CompositeIterable,[ClassLoadingService],com.ibm.ws.classloading.internal.resources.ClassLoadingServiceMessages,null]"
  nativeLibraryFiles = class java.util.ArrayList@57bf360c
    serialVersionUID = 8683452581122892189
    DEFAULT_CAPACITY = 10
    EMPTY_ELEMENTDATA = class java.lang.Object[0]
    DEFAULTCAPACITY_EMPTY_ELEMENTDATA = class java.lang.Object[0]
    elementData = class java.lang.Object[0]
    size = 0
    MAX_ARRAY_SIZE = 2147483639
    modCount = 0
    MAX_ARRAY_SIZE = 2147483639
  transformers = class java.util.ArrayList@54719ef4
    serialVersionUID = 8683452581122892189
    DEFAULT_CAPACITY = 10
    EMPTY_ELEMENTDATA = class java.lang.Object[0]
    DEFAULTCAPACITY_EMPTY_ELEMENTDATA = class java.lang.Object[0]
    elementData = class java.lang.Object[0]
    size = 0
    MAX_ARRAY_SIZE = 2147483639
    modCount = 0
    MAX_ARRAY_SIZE = 2147483639
  apiAccess = class com.ibm.ws.classloading.internal.GatewayClassLoader@7c2c0f37
    config = class com.ibm.ws.classloading.internal.GatewayConfigurationImpl@50c5b384
      bundleRequirements = null
      packageImports = null
      dynamicPackageImports = class java.util.Collections$UnmodifiableRandomAccessList@2277740
      delegateToSystem = true
      apiTypeVisibility = class java.util.RegularEnumSet@2560575f
      appName = "HelloWorld"
      appVersion = null
    wiringMonitor = class com.ibm.ws.classloading.internal.GatewayClassLoader$1@9e7b049
      this$0 = class com.ibm.ws.classloading.internal.GatewayClassLoader@7c2c0f37
      serialVersionUID = -6591900154872362572
      $$$tc$$$ = class com.ibm.websphere.ras.TraceComponent@2c407786
    bundle = class org.eclipse.osgi.internal.framework.EquinoxBundle@7fb6eb2d
      equinoxContainer = class org.eclipse.osgi.internal.framework.EquinoxContainer@561756ec
      module = class org.eclipse.osgi.internal.framework.EquinoxBundle$EquinoxModule@34c2c3d6
      monitor = class java.lang.Object@143ab5b2
      context = class org.eclipse.osgi.internal.framework.BundleContextImpl@286572f0
      signerInfos = null
      $SWITCH_TABLE$org$eclipse$osgi$container$Module$State = {1,2,3,4,5,6,7} /* array length = 7 */
    wiring = class org.eclipse.osgi.container.ModuleWiring@3fe66fac
      GET_CLASSLOADER_PERM = class java.lang.RuntimePermission@5859f963
      DYNAMICALLY_ADDED_IMPORT_DIRECTIVE = "x.dynamically.added"
      revision = class org.eclipse.osgi.container.ModuleRevision@3948b14f
      capabilities = class java.util.ArrayList@6330c611
      requirements = class java.util.ArrayList@6e64c173
      substitutedPkgNames = class java.util.Collections$EmptyList@42bb877c
      loader = class org.eclipse.osgi.internal.container.AtomicLazyInitializer@5b8e2d11
      loaderInitializer = class org.eclipse.osgi.container.ModuleWiring$LoaderInitializer@4c0b55e2
      providedWires = class java.util.ArrayList@29ee123c
      requiredWires = class java.util.ArrayList@6149312b
      isValid = true
      dynamicMissRef = class java.util.concurrent.atomic.AtomicReference@4b857eb6
    bundleLoader = class org.eclipse.osgi.internal.loader.EquinoxClassLoader@4e96485e
      EQUINOX_REGISTERED_AS_PARALLEL = true
      configuration = class org.eclipse.osgi.internal.framework.EquinoxConfiguration@2a34ce4
      debug = class org.eclipse.osgi.internal.debug.Debug@4d0ae001
      delegate = class org.eclipse.osgi.internal.loader.BundleLoader@1c8b4972
      generation = class org.eclipse.osgi.storage.BundleInfo$Generation@16ef8a1
      manager = class org.eclipse.osgi.internal.loader.classpath.ClasspathManager@19b25004
      isRegisteredAsParallel = true
      ALLPERMISSIONS = class java.security.AllPermissionCollection@3a2b1db
      REGISTERED_AS_PARALLEL = true
      classNameLocks = class java.util.HashMap@4524a804
      pkgLock = class java.lang.Object@33f9fbf1
      parent = class com.ibm.ws.kernel.internal.classloader.BootstrapChildFirstJarClassloader@475530b9
      parallelLockMap = class java.util.concurrent.ConcurrentHashMap@3840bffa
      package2certs = class java.util.concurrent.ConcurrentHashMap@2e7aed40
      nocerts = class java.security.cert.Certificate[0]
      classes = class java.util.Vector@4e7e1403
      defaultDomain = class java.security.ProtectionDomain@32a4584e
      packages = class java.util.HashMap@fa68e8f
      scl = class sun.misc.Launcher$AppClassLoader@4e0e2f2a
      sclSet = true
      loadedLibraryNames = class java.util.Vector@172844c4
      systemNativeLibraries = class java.util.Vector@30dd5836
      nativeLibraries = class java.util.Vector@76cf62d6
      nativeLibraryContext = class java.util.Stack@705407fa
      usr_paths = class java.lang.String[30]
      sys_paths = class java.lang.String[1]
      assertionLock = class java.lang.Object@482fae00
      defaultAssertionStatus = false
      packageAssertionStatus = null
      classAssertionStatus = null
    resourceProviders = class com.ibm.ws.classloading.internal.CompositeResourceProvider@33328b9b
      lockFactory = class java.util.concurrent.locks.ReentrantReadWriteLock@6bacbc34
      providerMap = class com.ibm.ws.classloading.internal.util.MultiMap@26e7e720
      serialVersionUID = -5576435894946156347
      $$$tc$$$ = class com.ibm.websphere.ras.TraceComponent@cda26b1
    serialVersionUID = -4256474098847905153
    $$$tc$$$ = class com.ibm.websphere.ras.TraceComponent@359f515b
      strings[0] = "TraceComponent[com.ibm.ws.classloading.internal.GatewayClassLoader,class com.ibm.ws.classloading.internal.GatewayClassLoader,[ClassLoadingService],com.ibm.ws.classloading.internal.resources.ClassLoadingServiceMessages,null]"
    parent = class sun.misc.Launcher$AppClassLoader@4e0e2f2a
    parallelLockMap = null
    package2certs = class java.util.Hashtable@7e3004c
      table = class java.util.Hashtable$Entry[11]
      count = 0
      threshold = 8
      loadFactor = 0.75
      modCount = 0
      serialVersionUID = 1421746759512286392
      MAX_ARRAY_SIZE = 2147483639
      keySet = null
      entrySet = null
      values = null
      KEYS = 0
      VALUES = 1
      ENTRIES = 2
    nocerts = class java.security.cert.Certificate[0]
    classes = class java.util.Vector@b749413
      elementData = class java.lang.Object[10]
      elementCount = 0
      capacityIncrement = 0
      serialVersionUID = -2767605614048989439
      MAX_ARRAY_SIZE = 2147483639
      modCount = 0
      MAX_ARRAY_SIZE = 2147483639
    defaultDomain = class java.security.ProtectionDomain@775cf99b
      codesource = class java.security.CodeSource@7ad560a2
      classloader = class com.ibm.ws.classloading.internal.GatewayClassLoader@7c2c0f37
      principals = interface java.security.Principal[0]
      permissions = null
      hasAllPerm = false
      staticPermissions = false
      key = class java.security.ProtectionDomain$Key@5da80a08
      debug = null
    packages = class java.util.HashMap@5015dab8
      serialVersionUID = 362498820763181265
      DEFAULT_INITIAL_CAPACITY = 16
      MAXIMUM_CAPACITY = 1073741824
      DEFAULT_LOAD_FACTOR = 0.75
      TREEIFY_THRESHOLD = 8
      UNTREEIFY_THRESHOLD = 6
      MIN_TREEIFY_CAPACITY = 64
      table = null
      entrySet = null
      size = 0
      modCount = 0
      threshold = 0
      loadFactor = 0.75
      keySet = null
      values = null
    scl = class sun.misc.Launcher$AppClassLoader@4e0e2f2a
    sclSet = true
    loadedLibraryNames = class java.util.Vector@172844c4
    systemNativeLibraries = class java.util.Vector@30dd5836
    nativeLibraries = class java.util.Vector@4feb4196
      elementData = class java.lang.Object[10]
      elementCount = 0
      capacityIncrement = 0
      serialVersionUID = -2767605614048989439
      MAX_ARRAY_SIZE = 2147483639
      modCount = 0
      MAX_ARRAY_SIZE = 2147483639
    nativeLibraryContext = class java.util.Stack@705407fa
    usr_paths = class java.lang.String[30]
    sys_paths = class java.lang.String[1]
    assertionLock = class com.ibm.ws.classloading.internal.GatewayClassLoader@7c2c0f37
    defaultAssertionStatus = false
    packageAssertionStatus = null
    classAssertionStatus = null
  generator = class com.ibm.ws.classloading.internal.ClassGeneratorManager@17afc4ed
    tc = class com.ibm.websphere.ras.TraceComponent@7ad526de
      strings[0] = "TraceComponent[com.ibm.ws.classloading.internal.ClassGeneratorManager,class com.ibm.ws.classloading.internal.ClassGeneratorManager,[ClassLoadingService],com.ibm.ws.classloading.internal.resources.ClassLoadingServiceMessages,null]"
    generatorRefs = class com.ibm.wsspi.kernel.service.utils.ConcurrentServiceReferenceSet@3a34f9ec
      referenceName = "generators"
      contextRef = class java.util.concurrent.atomic.AtomicReference@12aa730c
      elementMap = class java.util.LinkedHashMap@69d23ad1
      elementSet = class java.util.concurrent.ConcurrentSkipListSet@5815b2f4
      elementSetUnsorted = false
      serialVersionUID = 756240983881166148
      $$$tc$$$ = class com.ibm.websphere.ras.TraceComponent@f06dbfd
    serialVersionUID = 4152663586056483310
  protectionDomains = class java.util.concurrent.ConcurrentHashMap@65071b13
    serialVersionUID = 7249069246763182397
    MAXIMUM_CAPACITY = 1073741824
    DEFAULT_CAPACITY = 16
    MAX_ARRAY_SIZE = 2147483639
    DEFAULT_CONCURRENCY_LEVEL = 16
    LOAD_FACTOR = 0.75
    TREEIFY_THRESHOLD = 8
    UNTREEIFY_THRESHOLD = 6
    MIN_TREEIFY_CAPACITY = 64
    MIN_TRANSFER_STRIDE = 16
    RESIZE_STAMP_BITS = 16
    MAX_RESIZERS = 65535
    RESIZE_STAMP_SHIFT = 16
    MOVED = -1
    TREEBIN = -2
    RESERVED = -3
    HASH_BITS = 2147483647
    NCPU = 8
    serialPersistentFields = class java.io.ObjectStreamField[3]
    table = class java.util.concurrent.ConcurrentHashMap$Node[16]
      Node[0] = null
      Node[1] = null
      Node[2] = null
      Node[3] = null
      Node[4] = null
      Node[5] = null
      Node[6] = null
      Node[7] = null
      Node[8] = null
      Node[9] = null
      Node[10] = null
      Node[11] = null
      Node[12] = null
      Node[13] = null
      Node[14] = class java.util.concurrent.ConcurrentHashMap$Node@4aa0a819
      Node[15] = null
    nextTable = null
    baseCount = 1
    sizeCtl = 12
    transferIndex = 0
    cellsBusy = 0
    counterCells = null
    keySet = null
    values = null
    entrySet = null
    U = class sun.misc.Unsafe@dd8e8da
    SIZECTL = 20
    TRANSFERINDEX = 32
    BASECOUNT = 24
    CELLSBUSY = 36
    CELLVALUE = 144
    ABASE = 16
    ASHIFT = 2
    keySet = null
    values = null
  parent = class com.ibm.ws.classloading.internal.GatewayClassLoader@7c2c0f37
  hook = null
  serialVersionUID = 8734164900246230615
  tc = class com.ibm.websphere.ras.TraceComponent@400a7
    strings[0] = "TraceComponent[com.ibm.ws.classloading.internal.ContainerClassLoader,class com.ibm.ws.classloading.internal.ContainerClassLoader,[ClassLoadingService],com.ibm.ws.classloading.internal.resources.ClassLoadingServiceMessages,null]"
  smartClassPath = class com.ibm.ws.classloading.internal.ContainerClassLoader$SmartClassPathImpl@13f8ff47
    rwLock = class java.util.concurrent.locks.ReentrantReadWriteLock@5ac052a
      serialVersionUID = -6992448646407690164
      readerLock = class java.util.concurrent.locks.ReentrantReadWriteLock$ReadLock@28c3b96b
      writerLock = class java.util.concurrent.locks.ReentrantReadWriteLock$WriteLock@1be460c0
      sync = class java.util.concurrent.locks.ReentrantReadWriteLock$FairSync@7b2f05b4
      UNSAFE = class sun.misc.Unsafe@dd8e8da
      TID_OFFSET = 40
    outstandingContainers = class java.util.concurrent.atomic.AtomicInteger@1b32e284
      serialVersionUID = 6214790243416807050
      unsafe = class sun.misc.Unsafe@dd8e8da
      valueOffset = 12
      value = 0
      serialVersionUID = -8742448824652078965
    usePackageMap = true
    maxLastNotFound = 250
    maxLastFound = 900
    maxLastReallyNotFound = 900
    propsInUse = false
    classPath = class java.util.concurrent.CopyOnWriteArrayList@6760625e
      serialVersionUID = 8673264195747942595
      lock = class java.util.concurrent.locks.ReentrantLock@18058c7
      array = class java.lang.Object[2]
      UNSAFE = class sun.misc.Unsafe@dd8e8da
      lockOffset = 12
    MAX_LASTNOTFOUND = 250
    lastNotFound = class java.util.concurrent.CopyOnWriteArrayList@4659a87e
      serialVersionUID = 8673264195747942595
      lock = class java.util.concurrent.locks.ReentrantLock@6ed5bcbc
      array = class java.lang.Object[2]
      UNSAFE = class sun.misc.Unsafe@dd8e8da
      lockOffset = 12
    MAX_LASTFOUND = 900
    lastFoundURL = class java.util.Collections$SynchronizedMap@23b960ca
      serialVersionUID = 1978198479659022715
      m = class com.ibm.ws.util.CacheHashMap@54ae80e4
      mutex = class java.util.Collections$SynchronizedMap@23b960ca
      keySet = null
      entrySet = null
      values = null
    MAX_LASTREALLYNOTFOUND = 900
    lastReallyNotFoundURL = class java.util.Collections$SynchronizedMap@2f1390fb
      serialVersionUID = 1978198479659022715
      m = class com.ibm.ws.util.CacheHashMap@5eb1e116
      mutex = class java.util.Collections$SynchronizedMap@2f1390fb
      keySet = null
      entrySet = null
      values = null
    packageMap = class java.util.HashMap@4b0575d5
      serialVersionUID = 362498820763181265
      DEFAULT_INITIAL_CAPACITY = 16
      MAXIMUM_CAPACITY = 1073741824
      DEFAULT_LOAD_FACTOR = 0.75
      TREEIFY_THRESHOLD = 8
      UNTREEIFY_THRESHOLD = 6
      MIN_TREEIFY_CAPACITY = 64
      table = class java.util.HashMap$Node[32]
      entrySet = null
      size = 23
      modCount = 23
      threshold = 24
      loadFactor = 0.75
      keySet = null
      values = null
    containers = class java.util.Collections$SetFromMap@40143e93
      m = class java.util.WeakHashMap@1a2e5ce4
      s = class java.util.WeakHashMap$KeySet@2f13b62b
      serialVersionUID = 2454657854757543876
      MAX_ARRAY_SIZE = 2147483639
    serialVersionUID = 1586111247084489525
    $$$tc$$$ = class com.ibm.websphere.ras.TraceComponent@17b8d890
      strings[0] = "TraceComponent[com.ibm.ws.classloading.internal.ContainerClassLoader$SmartClassPathImpl,class com.ibm.ws.classloading.internal.ContainerClassLoader$SmartClassPathImpl,[ClassLoadingService],com.ibm.ws.classloading.internal.resources.ClassLoadingServiceMessages,null]"
  nativeLibraryContainers = class java.util.ArrayList@7a99c979
    serialVersionUID = 8683452581122892189
    DEFAULT_CAPACITY = 10
    EMPTY_ELEMENTDATA = class java.lang.Object[0]
    DEFAULTCAPACITY_EMPTY_ELEMENTDATA = class java.lang.Object[0]
    elementData = class java.lang.Object[0]
    size = 0
    MAX_ARRAY_SIZE = 2147483639
    modCount = 0
    MAX_ARRAY_SIZE = 2147483639
  redefiner = class com.ibm.ws.classloading.internal.util.ClassRedefiner@279b9aba
    tc = class com.ibm.websphere.ras.TraceComponent@795cb0d
      strings[0] = "TraceComponent[com.ibm.ws.classloading.internal.util.ClassRedefiner,class com.ibm.ws.classloading.internal.util.ClassRedefiner,[ClassLoadingService],com.ibm.ws.classloading.internal.resources.ClassLoadingServiceMessages,null]"
    LS = "
"
    inst = class com.sun.proxy.$Proxy0@eaee97c
      m1 = class java.lang.reflect.Method@2d0c015c
      m14 = class java.lang.reflect.Method@21114dac
      m13 = class java.lang.reflect.Method@40471f36
      m17 = class java.lang.reflect.Method@44bb1d62
      m15 = class java.lang.reflect.Method@9f0e248
      m2 = class java.lang.reflect.Method@2227a2f7
      m16 = class java.lang.reflect.Method@5ae1b72a
      m7 = class java.lang.reflect.Method@46ade119
      m6 = class java.lang.reflect.Method@4841a926
      m4 = class java.lang.reflect.Method@576e8ac3
      m12 = class java.lang.reflect.Method@613fe3
      m0 = class java.lang.reflect.Method@29edb3df
      m3 = class java.lang.reflect.Method@6ca0275d
      m5 = class java.lang.reflect.Method@4fbb8098
      m10 = class java.lang.reflect.Method@462c30ab
      m8 = class java.lang.reflect.Method@21b00fa
      m9 = class java.lang.reflect.Method@6fec552b
      m11 = class java.lang.reflect.Method@7cc0a70e
      serialVersionUID = -2222568056686623797
      constructorParams = class java.lang.Class[1]
      proxyClassCache = class java.lang.reflect.WeakCache@188ae16
      h = class com.ibm.ws.kernel.launch.internal.TraceInstrumentation@cc0e601
      key0 = class java.lang.Object@75c1c840
    serialVersionUID = 2420101865139508526
  jarProtocol = "wsjar:"
  mapCreationQueue = class java.util.concurrent.Executors$FinalizableDelegatedExecutorService@5eb349b6
    e = class java.util.concurrent.ThreadPoolExecutor@47c7a6e9
      ctl = class java.util.concurrent.atomic.AtomicInteger@795d0532
      COUNT_BITS = 29
      CAPACITY = 536870911
      RUNNING = -536870912
      SHUTDOWN = 0
      STOP = 536870912
      TIDYING = 1073741824
      TERMINATED = 1610612736
      workQueue = class java.util.concurrent.LinkedBlockingQueue@61d60405
      mainLock = class java.util.concurrent.locks.ReentrantLock@5934ee42
      workers = class java.util.HashSet@1f38d60c
      termination = class java.util.concurrent.locks.AbstractQueuedSynchronizer$ConditionObject@edd244c
      largestPoolSize = 1
      completedTaskCount = 0
      threadFactory = class com.ibm.ws.classloading.internal.ContainerClassLoader$1@21c24ced
      handler = class java.util.concurrent.ThreadPoolExecutor$AbortPolicy@7813666f
      keepAliveTime = 0
      allowCoreThreadTimeOut = false
      corePoolSize = 1
      maximumPoolSize = 1
      defaultHandler = class java.util.concurrent.ThreadPoolExecutor$AbortPolicy@7813666f
      shutdownPerm = class java.lang.RuntimePermission@1f0bc265
      acc = null
      ONLY_ONE = true
      $assertionsDisabled = true
    $assertionsDisabled = true
  serialVersionUID = 6399598832433768509
  serialVersionUID = 1837293532091806117
  $$$tc$$$ = class com.ibm.websphere.ras.TraceComponent@1c4de1ae
    strings[0] = "TraceComponent[com.ibm.ws.classloading.internal.IdentifiedLoader,class com.ibm.ws.classloading.internal.IdentifiedLoader,[ClassLoadingService],com.ibm.ws.classloading.internal.resources.ClassLoadingServiceMessages,null]"
  serialVersionUID = -4586727107834513475
  $$$tc$$$ = class com.ibm.websphere.ras.TraceComponent@351abd08
    strings[0] = "TraceComponent[com.ibm.ws.classloading.internal.LibertyLoader,class com.ibm.ws.classloading.internal.LibertyLoader,[ClassLoadingService],com.ibm.ws.classloading.internal.resources.ClassLoadingServiceMessages,null]"
  serialVersionUID = -7709588811276454856
  $$$tc$$$ = class com.ibm.websphere.ras.TraceComponent@10d41c1
    strings[0] = "TraceComponent[com.ibm.ws.classloading.LibertyClassLoader,class com.ibm.ws.classloading.LibertyClassLoader,[ClassLoadingService],com.ibm.ws.classloading.internal.resources.ClassLoadingServiceMessages,null]"
  initialized = true
  pdcache = class java.util.HashMap@3e8355c4
    serialVersionUID = 362498820763181265
    DEFAULT_INITIAL_CAPACITY = 16
    MAXIMUM_CAPACITY = 1073741824
    DEFAULT_LOAD_FACTOR = 0.75
    TREEIFY_THRESHOLD = 8
    UNTREEIFY_THRESHOLD = 6
    MIN_TREEIFY_CAPACITY = 64
    table = null
    entrySet = null
    size = 0
    modCount = 0
    threshold = 16
    loadFactor = 0.75
    keySet = null
    values = null
  debug = null
  parent = class com.ibm.ws.classloading.internal.GatewayClassLoader@7c2c0f37
  parallelLockMap = class java.util.concurrent.ConcurrentHashMap@45b646e4
    serialVersionUID = 7249069246763182397
    MAXIMUM_CAPACITY = 1073741824
    DEFAULT_CAPACITY = 16
    MAX_ARRAY_SIZE = 2147483639
    DEFAULT_CONCURRENCY_LEVEL = 16
    LOAD_FACTOR = 0.75
    TREEIFY_THRESHOLD = 8
    UNTREEIFY_THRESHOLD = 6
    MIN_TREEIFY_CAPACITY = 64
    MIN_TRANSFER_STRIDE = 16
    RESIZE_STAMP_BITS = 16
    MAX_RESIZERS = 65535
    RESIZE_STAMP_SHIFT = 16
    MOVED = -1
    TREEBIN = -2
    RESERVED = -3
    HASH_BITS = 2147483647
    NCPU = 8
    serialPersistentFields = class java.io.ObjectStreamField[3]
    table = class java.util.concurrent.ConcurrentHashMap$Node[128]
      Node[0] = null
      Node[1] = class java.util.concurrent.ConcurrentHashMap$Node@9324074
      Node[2] = null
      Node[3] = class java.util.concurrent.ConcurrentHashMap$Node@15bb8216
      Node[4] = class java.util.concurrent.ConcurrentHashMap$Node@485d56bd
      Node[5] = null
      Node[6] = class java.util.concurrent.ConcurrentHashMap$Node@55a186c3
      Node[7] = null
      Node[8] = class java.util.concurrent.ConcurrentHashMap$Node@4e8b5de3
      Node[9] = null
      Node[10] = class java.util.concurrent.ConcurrentHashMap$Node@769cd16
      Node[11] = class java.util.concurrent.ConcurrentHashMap$Node@25a39bf8
      Node[12] = null
      Node[13] = class java.util.concurrent.ConcurrentHashMap$Node@7c6d9611
      Node[14] = class java.util.concurrent.ConcurrentHashMap$Node@681db83a
      Node[15] = null
      Node[16] = class java.util.concurrent.ConcurrentHashMap$Node@2155c952
      Node[17] = null
      Node[18] = null
      Node[19] = class java.util.concurrent.ConcurrentHashMap$Node@1810eadb
      Node[20] = null
      Node[21] = class java.util.concurrent.ConcurrentHashMap$Node@8dd2ad6
      Node[22] = null
      Node[23] = null
      Node[24] = null
      Node[25] = class java.util.concurrent.ConcurrentHashMap$Node@d849f9f
      Node[26] = null
      Node[27] = null
      Node[28] = class java.util.concurrent.ConcurrentHashMap$Node@214c824
      Node[29] = class java.util.concurrent.ConcurrentHashMap$Node@1dcdbc8f
      Node[30] = class java.util.concurrent.ConcurrentHashMap$Node@7ca7be7a
      Node[31] = null
      Node[32] = null
      Node[33] = class java.util.concurrent.ConcurrentHashMap$Node@5576ae16
      Node[34] = null
      Node[35] = class java.util.concurrent.ConcurrentHashMap$Node@71870974
      Node[36] = class java.util.concurrent.ConcurrentHashMap$Node@15eea0f
      Node[37] = null
      Node[38] = null
      Node[39] = null
      Node[40] = class java.util.concurrent.ConcurrentHashMap$Node@404bc030
      Node[41] = null
      Node[42] = null
      Node[43] = class java.util.concurrent.ConcurrentHashMap$Node@202dc031
      Node[44] = null
      Node[45] = null
      Node[46] = class java.util.concurrent.ConcurrentHashMap$Node@69a8b1e9
      Node[47] = null
      Node[48] = null
      Node[49] = class java.util.concurrent.ConcurrentHashMap$Node@1fd03041
      Node[50] = null
      Node[51] = null
      Node[52] = class java.util.concurrent.ConcurrentHashMap$Node@10429cb
      Node[53] = null
      Node[54] = class java.util.concurrent.ConcurrentHashMap$Node@4fe64d92
      Node[55] = null
      Node[56] = class java.util.concurrent.ConcurrentHashMap$Node@636d8a7e
      Node[57] = null
      Node[58] = class java.util.concurrent.ConcurrentHashMap$Node@7d21ec6a
      Node[59] = class java.util.concurrent.ConcurrentHashMap$Node@5d4bd874
      Node[60] = null
      Node[61] = null
      Node[62] = class java.util.concurrent.ConcurrentHashMap$Node@203c8492
      Node[63] = null
      Node[64] = null
      Node[65] = null
      Node[66] = class java.util.concurrent.ConcurrentHashMap$Node@2f0dd491
      Node[67] = null
      Node[68] = null
      Node[69] = class java.util.concurrent.ConcurrentHashMap$Node@5d3d3fa6
      Node[70] = null
      Node[71] = null
      Node[72] = null
      Node[73] = null
      Node[74] = class java.util.concurrent.ConcurrentHashMap$Node@5eb6d40d
      Node[75] = null
      Node[76] = null
      Node[77] = null
      Node[78] = null
      Node[79] = null
      Node[80] = class java.util.concurrent.ConcurrentHashMap$Node@1aeac35d
      Node[81] = null
      Node[82] = class java.util.concurrent.ConcurrentHashMap$Node@5b8225cd
      Node[83] = null
      Node[84] = null
      Node[85] = null
      Node[86] = null
      Node[87] = null
      Node[88] = null
      Node[89] = class java.util.concurrent.ConcurrentHashMap$Node@6f76e114
      Node[90] = class java.util.concurrent.ConcurrentHashMap$Node@708464b
      Node[91] = class java.util.concurrent.ConcurrentHashMap$Node@4b349ddc
      Node[92] = null
      Node[93] = class java.util.concurrent.ConcurrentHashMap$Node@1d2653a
      Node[94] = null
      Node[95] = null
      Node[96] = null
      Node[97] = null
      Node[98] = null
      Node[99] = null
      Node[100] = null
      Node[101] = null
      Node[102] = class java.util.concurrent.ConcurrentHashMap$Node@59744a55
      Node[103] = null
      Node[104] = null
      Node[105] = class java.util.concurrent.ConcurrentHashMap$Node@1c0b652e
      Node[106] = null
      Node[107] = class java.util.concurrent.ConcurrentHashMap$Node@73bec10e
      Node[108] = class java.util.concurrent.ConcurrentHashMap$Node@615781f6
      Node[109] = class java.util.concurrent.ConcurrentHashMap$Node@1a8a496b
      Node[110] = null
      Node[111] = null
      Node[112] = null
      Node[113] = null
      Node[114] = null
      Node[115] = null
      Node[116] = null
      Node[117] = null
      Node[118] = class java.util.concurrent.ConcurrentHashMap$Node@5def6d01
      Node[119] = class java.util.concurrent.ConcurrentHashMap$Node@58dc7103
      Node[120] = class java.util.concurrent.ConcurrentHashMap$Node@55913df
      Node[121] = null
      Node[122] = class java.util.concurrent.ConcurrentHashMap$Node@4d50d30e
      Node[123] = class java.util.concurrent.ConcurrentHashMap$Node@6b7138c0
      Node[124] = null
      Node[125] = null
      Node[126] = null
      Node[127] = null
    nextTable = null
    baseCount = 57
    sizeCtl = 96
    transferIndex = 0
    cellsBusy = 0
    counterCells = null
    keySet = null
    values = null
    entrySet = null
    U = class sun.misc.Unsafe@dd8e8da
    SIZECTL = 20
    TRANSFERINDEX = 32
    BASECOUNT = 24
    CELLSBUSY = 36
    CELLVALUE = 144
    ABASE = 16
    ASHIFT = 2
    keySet = null
    values = null
  package2certs = class java.util.concurrent.ConcurrentHashMap@18c591d
    serialVersionUID = 7249069246763182397
    MAXIMUM_CAPACITY = 1073741824
    DEFAULT_CAPACITY = 16
    MAX_ARRAY_SIZE = 2147483639
    DEFAULT_CONCURRENCY_LEVEL = 16
    LOAD_FACTOR = 0.75
    TREEIFY_THRESHOLD = 8
    UNTREEIFY_THRESHOLD = 6
    MIN_TREEIFY_CAPACITY = 64
    MIN_TRANSFER_STRIDE = 16
    RESIZE_STAMP_BITS = 16
    MAX_RESIZERS = 65535
    RESIZE_STAMP_SHIFT = 16
    MOVED = -1
    TREEBIN = -2
    RESERVED = -3
    HASH_BITS = 2147483647
    NCPU = 8
    serialPersistentFields = class java.io.ObjectStreamField[3]
    table = class java.util.concurrent.ConcurrentHashMap$Node[16]
      Node[0] = null
      Node[1] = null
      Node[2] = null
      Node[3] = null
      Node[4] = null
      Node[5] = null
      Node[6] = class java.util.concurrent.ConcurrentHashMap$Node@73e27a07
      Node[7] = null
      Node[8] = null
      Node[9] = null
      Node[10] = class java.util.concurrent.ConcurrentHashMap$Node@73c7d831
      Node[11] = null
      Node[12] = null
      Node[13] = class java.util.concurrent.ConcurrentHashMap$Node@3034baa9
      Node[14] = class java.util.concurrent.ConcurrentHashMap$Node@b7edd1e
      Node[15] = null
    nextTable = null
    baseCount = 4
    sizeCtl = 12
    transferIndex = 0
    cellsBusy = 0
    counterCells = null
    keySet = null
    values = null
    entrySet = null
    U = class sun.misc.Unsafe@dd8e8da
    SIZECTL = 20
    TRANSFERINDEX = 32
    BASECOUNT = 24
    CELLSBUSY = 36
    CELLVALUE = 144
    ABASE = 16
    ASHIFT = 2
    keySet = null
    values = null
  nocerts = class java.security.cert.Certificate[0]
  classes = class java.util.Vector@2770044b
    elementData = class java.lang.Object[10]
      Object[0] = class java.lang.Class@7803b07a
      Object[1] = class java.lang.Class@19ded505
      Object[2] = class java.lang.Class@5884581e
      Object[3] = class java.lang.Class@7f5b4336
      Object[4] = class java.lang.Class@36a9e98c
      Object[5] = class java.lang.Class@2874d4f9
      Object[6] = null
      Object[7] = null
      Object[8] = null
      Object[9] = null
    elementCount = 6
    capacityIncrement = 0
    serialVersionUID = -2767605614048989439
    MAX_ARRAY_SIZE = 2147483639
    modCount = 6
    MAX_ARRAY_SIZE = 2147483639
  defaultDomain = class java.security.ProtectionDomain@3f95814
    codesource = class java.security.CodeSource@294de906
      serialVersionUID = 4977541819976013951
      location = null
      signers = null
      certs = null
      sp = null
      factory = null
    classloader = class com.ibm.ws.classloading.internal.AppClassLoader@7d5dc85d
    principals = interface java.security.Principal[0]
    permissions = null
    hasAllPerm = false
    staticPermissions = false
    key = class java.security.ProtectionDomain$Key@616e17aa
      this$0 = class java.security.ProtectionDomain@3f95814
    debug = null
  packages = class java.util.HashMap@740fafe9
    serialVersionUID = 362498820763181265
    DEFAULT_INITIAL_CAPACITY = 16
    MAXIMUM_CAPACITY = 1073741824
    DEFAULT_LOAD_FACTOR = 0.75
    TREEIFY_THRESHOLD = 8
    UNTREEIFY_THRESHOLD = 6
    MIN_TREEIFY_CAPACITY = 64
    table = class java.util.HashMap$Node[16]
      Node[0] = null
      Node[1] = null
      Node[2] = null
      Node[3] = null
      Node[4] = null
      Node[5] = null
      Node[6] = class java.util.HashMap$Node@14c88491
      Node[7] = null
      Node[8] = null
      Node[9] = null
      Node[10] = class java.util.HashMap$Node@7c693390
      Node[11] = null
      Node[12] = null
      Node[13] = class java.util.HashMap$Node@4e7970d8
      Node[14] = class java.util.HashMap$Node@1065d207
      Node[15] = null
    entrySet = null
    size = 4
    modCount = 4
    threshold = 12
    loadFactor = 0.75
    keySet = null
    values = null
  scl = class sun.misc.Launcher$AppClassLoader@4e0e2f2a
    ucp = class sun.misc.URLClassPath@1bdcfece
      USER_AGENT_JAVA_VERSION = "UA-Java-Version"
      JAVA_VERSION = "1.8.0_281"
      DEBUG = false
      DEBUG_LOOKUP_CACHE = false
      DISABLE_JAR_CHECKING = false
      DISABLE_ACC_CHECKING = false
      DISABLE_CP_URL_CHECK = true
      DEBUG_CP_URL_CHECK = false
      path = class java.util.ArrayList@4e282e94
      urls = class java.util.Stack@47fcfa47
      loaders = class java.util.ArrayList@79ae0018
      lmap = class java.util.HashMap@10df005f
      jarHandler = class sun.net.www.protocol.jar.Handler@1f8cd05e
      closed = false
      acc = class java.security.AccessControlContext@7fab5ee1
      lookupCacheEnabled = false
      lookupCacheURLs = null
      lookupCacheLoader = null
    $assertionsDisabled = true
    ucp = class sun.misc.URLClassPath@1bdcfece
    acc = class java.security.AccessControlContext@7fab5ee1
      context = null
      isPrivileged = true
      isAuthorized = true
      privilegedContext = null
      combiner = null
      permissions = null
      parent = null
      isWrapped = false
      isLimited = false
      limitedContext = null
      debugInit = false
      debug = null
    closeables = class java.util.WeakHashMap@ea47215
      DEFAULT_INITIAL_CAPACITY = 16
      MAXIMUM_CAPACITY = 1073741824
      DEFAULT_LOAD_FACTOR = 0.75
      table = class java.util.WeakHashMap$Entry[16]
      size = 0
      threshold = 12
      loadFactor = 0.75
      queue = class java.lang.ref.ReferenceQueue@6081a8a
      modCount = 0
      NULL_KEY = class java.lang.Object@33f0b69f
      entrySet = null
      keySet = null
      values = null
    initialized = true
    pdcache = class java.util.HashMap@77388fb4
      serialVersionUID = 362498820763181265
      DEFAULT_INITIAL_CAPACITY = 16
      MAXIMUM_CAPACITY = 1073741824
      DEFAULT_LOAD_FACTOR = 0.75
      TREEIFY_THRESHOLD = 8
      UNTREEIFY_THRESHOLD = 6
      MIN_TREEIFY_CAPACITY = 64
      table = class java.util.HashMap$Node[16]
      entrySet = null
      size = 2
      modCount = 2
      threshold = 12
      loadFactor = 0.75
      keySet = null
      values = null
    debug = null
    parent = class sun.misc.Launcher$ExtClassLoader@62adab6
      instance = class sun.misc.Launcher$ExtClassLoader@62adab6
      ucp = class sun.misc.URLClassPath@44a9f126
      acc = class java.security.AccessControlContext@66d74616
      closeables = class java.util.WeakHashMap@2781f85b
      initialized = true
      pdcache = class java.util.HashMap@24f0eca9
      debug = null
      parent = null
      parallelLockMap = class java.util.concurrent.ConcurrentHashMap@2f5b09d0
      package2certs = class java.util.concurrent.ConcurrentHashMap@73600ddb
      nocerts = class java.security.cert.Certificate[0]
      classes = class java.util.Vector@5b8b60cc
      defaultDomain = class java.security.ProtectionDomain@78bd4ab0
      packages = class java.util.HashMap@fdfd9fe
      scl = class sun.misc.Launcher$AppClassLoader@4e0e2f2a
      sclSet = true
      loadedLibraryNames = class java.util.Vector@172844c4
      systemNativeLibraries = class java.util.Vector@30dd5836
      nativeLibraries = class java.util.Vector@7ca2030b
      nativeLibraryContext = class java.util.Stack@705407fa
      usr_paths = class java.lang.String[30]
      sys_paths = class java.lang.String[1]
      assertionLock = class java.lang.Object@7caf8153
      defaultAssertionStatus = false
      packageAssertionStatus = null
      classAssertionStatus = null
    parallelLockMap = class java.util.concurrent.ConcurrentHashMap@b6e3513
      serialVersionUID = 7249069246763182397
      MAXIMUM_CAPACITY = 1073741824
      DEFAULT_CAPACITY = 16
      MAX_ARRAY_SIZE = 2147483639
      DEFAULT_CONCURRENCY_LEVEL = 16
      LOAD_FACTOR = 0.75
      TREEIFY_THRESHOLD = 8
      UNTREEIFY_THRESHOLD = 6
      MIN_TREEIFY_CAPACITY = 64
      MIN_TRANSFER_STRIDE = 16
      RESIZE_STAMP_BITS = 16
      MAX_RESIZERS = 65535
      RESIZE_STAMP_SHIFT = 16
      MOVED = -1
      TREEBIN = -2
      RESERVED = -3
      HASH_BITS = 2147483647
      NCPU = 8
      serialPersistentFields = class java.io.ObjectStreamField[3]
      table = class java.util.concurrent.ConcurrentHashMap$Node[1024]
      nextTable = null
      baseCount = 743
      sizeCtl = 768
      transferIndex = 0
      cellsBusy = 0
      counterCells = null
      keySet = null
      values = null
      entrySet = null
      U = class sun.misc.Unsafe@dd8e8da
      SIZECTL = 20
      TRANSFERINDEX = 32
      BASECOUNT = 24
      CELLSBUSY = 36
      CELLVALUE = 144
      ABASE = 16
      ASHIFT = 2
      keySet = null
      values = null
    package2certs = class java.util.concurrent.ConcurrentHashMap@2e172ec9
      serialVersionUID = 7249069246763182397
      MAXIMUM_CAPACITY = 1073741824
      DEFAULT_CAPACITY = 16
      MAX_ARRAY_SIZE = 2147483639
      DEFAULT_CONCURRENCY_LEVEL = 16
      LOAD_FACTOR = 0.75
      TREEIFY_THRESHOLD = 8
      UNTREEIFY_THRESHOLD = 6
      MIN_TREEIFY_CAPACITY = 64
      MIN_TRANSFER_STRIDE = 16
      RESIZE_STAMP_BITS = 16
      MAX_RESIZERS = 65535
      RESIZE_STAMP_SHIFT = 16
      MOVED = -1
      TREEBIN = -2
      RESERVED = -3
      HASH_BITS = 2147483647
      NCPU = 8
      serialPersistentFields = class java.io.ObjectStreamField[3]
      table = class java.util.concurrent.ConcurrentHashMap$Node[32]
      nextTable = null
      baseCount = 15
      sizeCtl = 24
      transferIndex = 0
      cellsBusy = 0
      counterCells = null
      keySet = null
      values = null
      entrySet = null
      U = class sun.misc.Unsafe@dd8e8da
      SIZECTL = 20
      TRANSFERINDEX = 32
      BASECOUNT = 24
      CELLSBUSY = 36
      CELLVALUE = 144
      ABASE = 16
      ASHIFT = 2
      keySet = null
      values = null
    nocerts = class java.security.cert.Certificate[0]
    classes = class java.util.Vector@38ed5c4
      elementData = class java.lang.Object[160]
      elementCount = 103
      capacityIncrement = 0
      serialVersionUID = -2767605614048989439
      MAX_ARRAY_SIZE = 2147483639
      modCount = 103
      MAX_ARRAY_SIZE = 2147483639
    defaultDomain = class java.security.ProtectionDomain@30f8bf2e
      codesource = class java.security.CodeSource@5ded837c
      classloader = class sun.misc.Launcher$AppClassLoader@4e0e2f2a
      principals = interface java.security.Principal[0]
      permissions = null
      hasAllPerm = false
      staticPermissions = false
      key = class java.security.ProtectionDomain$Key@19516ec9
      debug = null
    packages = class java.util.HashMap@4ac4d28f
      serialVersionUID = 362498820763181265
      DEFAULT_INITIAL_CAPACITY = 16
      MAXIMUM_CAPACITY = 1073741824
      DEFAULT_LOAD_FACTOR = 0.75
      TREEIFY_THRESHOLD = 8
      UNTREEIFY_THRESHOLD = 6
      MIN_TREEIFY_CAPACITY = 64
      table = class java.util.HashMap$Node[32]
      entrySet = null
      size = 15
      modCount = 15
      threshold = 24
      loadFactor = 0.75
      keySet = null
      values = null
    scl = class sun.misc.Launcher$AppClassLoader@4e0e2f2a
    sclSet = true
    loadedLibraryNames = class java.util.Vector@172844c4
    systemNativeLibraries = class java.util.Vector@30dd5836
    nativeLibraries = class java.util.Vector@5db2cc78
      elementData = class java.lang.Object[10]
      elementCount = 0
      capacityIncrement = 0
      serialVersionUID = -2767605614048989439
      MAX_ARRAY_SIZE = 2147483639
      modCount = 0
      MAX_ARRAY_SIZE = 2147483639
    nativeLibraryContext = class java.util.Stack@705407fa
    usr_paths = class java.lang.String[30]
    sys_paths = class java.lang.String[1]
    assertionLock = class java.lang.Object@28e702ff
    defaultAssertionStatus = false
    packageAssertionStatus = null
    classAssertionStatus = null
  sclSet = true
  loadedLibraryNames = class java.util.Vector@172844c4
    elementData = class java.lang.Object[10]
      Object[0] = "C:\Program Files\Java\jdk1.8.0_281\jre\bin\zip.dll"
      Object[1] = "C:\Program Files\Java\jdk1.8.0_281\jre\bin\instrument.dll"
      Object[2] = "C:\Program Files\Java\jdk1.8.0_281\jre\bin\net.dll"
      Object[3] = "C:\Program Files\Java\jdk1.8.0_281\jre\bin\nio.dll"
      Object[4] = "C:\Program Files\Java\jdk1.8.0_281\jre\bin\management.dll"
      Object[5] = "C:\Program Files\Java\jdk1.8.0_281\jre\bin\sunec.dll"
      Object[6] = "C:\Program Files\Java\jdk1.8.0_281\jre\bin\sunmscapi.dll"
      Object[7] = null
      Object[8] = null
      Object[9] = null
    elementCount = 7
    capacityIncrement = 0
    serialVersionUID = -2767605614048989439
    MAX_ARRAY_SIZE = 2147483639
    modCount = 7
    MAX_ARRAY_SIZE = 2147483639
  systemNativeLibraries = class java.util.Vector@30dd5836
    elementData = class java.lang.Object[10]
      Object[0] = class java.lang.ClassLoader$NativeLibrary@3313f0a7
      Object[1] = class java.lang.ClassLoader$NativeLibrary@4ef84df6
      Object[2] = class java.lang.ClassLoader$NativeLibrary@40bb1501
      Object[3] = class java.lang.ClassLoader$NativeLibrary@597c24d1
      Object[4] = class java.lang.ClassLoader$NativeLibrary@75467191
      Object[5] = null
      Object[6] = null
      Object[7] = null
      Object[8] = null
      Object[9] = null
    elementCount = 5
    capacityIncrement = 0
    serialVersionUID = -2767605614048989439
    MAX_ARRAY_SIZE = 2147483639
    modCount = 5
    MAX_ARRAY_SIZE = 2147483639
  nativeLibraries = class java.util.Vector@79ad9fc1
    elementData = class java.lang.Object[10]
      Object[0] = null
      Object[1] = null
      Object[2] = null
      Object[3] = null
      Object[4] = null
      Object[5] = null
      Object[6] = null
      Object[7] = null
      Object[8] = null
      Object[9] = null
    elementCount = 0
    capacityIncrement = 0
    serialVersionUID = -2767605614048989439
    MAX_ARRAY_SIZE = 2147483639
    modCount = 0
    MAX_ARRAY_SIZE = 2147483639
  nativeLibraryContext = class java.util.Stack@705407fa
    serialVersionUID = 1224463164541339165
    elementData = class java.lang.Object[10]
      Object[0] = null
      Object[1] = null
      Object[2] = null
      Object[3] = null
      Object[4] = null
      Object[5] = null
      Object[6] = null
      Object[7] = null
      Object[8] = null
      Object[9] = null
    elementCount = 0
    capacityIncrement = 0
    serialVersionUID = -2767605614048989439
    MAX_ARRAY_SIZE = 2147483639
    modCount = 14
    MAX_ARRAY_SIZE = 2147483639
  usr_paths = class java.lang.String[30]
    String[0] = "C:\Program Files\Java\jdk1.8.0_281\jre\bin"
    String[1] = "C:\WINDOWS\Sun\Java\bin"
    String[2] = "C:\WINDOWS\system32"
    String[3] = "C:\WINDOWS"
    String[4] = "C:\Program Files (x86)\Common Files\Oracle\Java\javapath"
    String[5] = "C:\WINDOWS\system32"
    String[6] = "C:\WINDOWS"
    String[7] = "C:\WINDOWS\System32\Wbem"
    String[8] = "C:\WINDOWS\System32\WindowsPowerShell\v1.0\"
    String[9] = "C:\WINDOWS\System32\OpenSSH\"
    String[10] = "C:\Program Files\Git\cmd"
    String[11] = "C:\Program Files\Java\jdk1.8.0_281\bin"
    String[12] = "C:\php-8.0.3-nts-Win32-vs16-x64"
    String[13] = "C:\Program Files\apache-maven-3.6.3\bin"
    String[14] = "."
    String[15] = "C:\Program Files\Docker\Docker\resources\bin"
    String[16] = "C:\ProgramData\DockerDesktop\version-bin"
    String[17] = "C:\Program Files\MySQL\MySQL Shell 8.0\bin\"
    String[18] = "C:\Users\felix\anaconda3"
    String[19] = "C:\Users\felix\anaconda3\Library\mingw-w64\bin"
    String[20] = "C:\Users\felix\anaconda3\Library\usr\bin"
    String[21] = "C:\Users\felix\anaconda3\Library\bin"
    String[22] = "C:\Users\felix\anaconda3\Scripts"
    String[23] = "C:\Users\felix\AppData\Local\Microsoft\WindowsApps"
    String[24] = "C:\Users\felix\AppData\Local\GitHubDesktop\bin"
    String[25] = "C:\Users\felix\AppData\Local\Programs\Microsoft VS Code\bin"
    String[26] = "C:\Program Files\JetBrains\IntelliJ IDEA 2020.3.2\bin"
    String[27] = "."
    String[28] = "."
    String[29] = "."
  sys_paths = class java.lang.String[1]
    String[0] = "C:\Program Files\Java\jdk1.8.0_281\jre\bin"
  assertionLock = class java.lang.Object@6a0f5880
  defaultAssertionStatus = false
  packageAssertionStatus = null
  classAssertionStatus = null

