------Start of DE processing------ = [3/21/21 21:39:49:613 EDT]
Exception = org.jboss.weld.exceptions.DefinitionException
Source = com.ibm.ws.container.service.state.internal.ApplicationStateManager
probeid = 54
Stack Dump = org.jboss.weld.exceptions.DefinitionException: Exception List with 1 exceptions:
Exception 0 :
io.openliberty.microprofile.config.internal.common.ConfigException: CWMCG0010E: Unable to discover ConfigSources. The exception is: java.util.ServiceConfigurationError: org.eclipse.microprofile.config.spi.ConfigSource: Provider io.openliberty.sample.config.CustomConfigSource not found.
	at com.ibm.ws.microprofile.config.sources.DefaultSources.getDiscoveredSources(DefaultSources.java:97)
	at com.ibm.ws.microprofile.config14.impl.Config14BuilderImpl.getSources(Config14BuilderImpl.java:52)
	at com.ibm.ws.microprofile.config.impl.AbstractConfigBuilder.build(AbstractConfigBuilder.java:144)
	at com.ibm.ws.microprofile.config.impl.AbstractProviderResolver.getConfig(AbstractProviderResolver.java:260)
	at org.eclipse.microprofile.config.ConfigProvider.getConfig(ConfigProvider.java:105)
	at com.ibm.ws.microprofile.config.cdi.ConfigCDIExtension.processConversionType(ConfigCDIExtension.java:147)
	at com.ibm.ws.microprofile.config.cdi.ConfigCDIExtension.processParameterizedType(ConfigCDIExtension.java:137)
	at com.ibm.ws.microprofile.config.cdi.ConfigCDIExtension.validateConfigProperty(ConfigCDIExtension.java:98)
	at com.ibm.ws.microprofile.config.cdi.ConfigCDIExtension.processInjectionTarget(ConfigCDIExtension.java:82)
	at sun.reflect.GeneratedMethodAccessor609.invoke(Unknown Source)
	at java.lang.reflect.Method.invoke(Method.java:498)
	at org.jboss.weld.injection.StaticMethodInjectionPoint.invoke(StaticMethodInjectionPoint.java:95)
	at org.jboss.weld.injection.StaticMethodInjectionPoint.invoke(StaticMethodInjectionPoint.java:85)
	at org.jboss.weld.injection.MethodInvocationStrategy$SimpleMethodInvocationStrategy.invoke(MethodInvocationStrategy.java:168)
	at org.jboss.weld.event.ObserverMethodImpl.sendEvent(ObserverMethodImpl.java:330)
	at org.jboss.weld.event.ExtensionObserverMethodImpl.sendEvent(ExtensionObserverMethodImpl.java:123)
	at org.jboss.weld.event.ObserverMethodImpl.sendEvent(ObserverMethodImpl.java:308)
	at org.jboss.weld.event.ObserverMethodImpl.notify(ObserverMethodImpl.java:286)
	at javax.enterprise.inject.spi.ObserverMethod.notify(ObserverMethod.java:124)
	at org.jboss.weld.util.Observers.notify(Observers.java:166)
	at org.jboss.weld.event.ObserverNotifier.notifySyncObservers(ObserverNotifier.java:285)
	at org.jboss.weld.event.ObserverNotifier.notify(ObserverNotifier.java:273)
	at org.jboss.weld.event.ObserverNotifier.fireEvent(ObserverNotifier.java:177)
	at org.jboss.weld.event.ObserverNotifier.fireEvent(ObserverNotifier.java:171)
	at org.jboss.weld.bootstrap.events.AbstractContainerEvent.fire(AbstractContainerEvent.java:53)
	at org.jboss.weld.bootstrap.events.AbstractDefinitionContainerEvent.fire(AbstractDefinitionContainerEvent.java:44)
	at org.jboss.weld.bootstrap.events.AbstractProcessInjectionTarget.fire(AbstractProcessInjectionTarget.java:33)
	at org.jboss.weld.bootstrap.events.ContainerLifecycleEvents.fireProcessInjectionTarget(ContainerLifecycleEvents.java:273)
	at org.jboss.weld.bootstrap.AbstractBeanDeployer.processInjectionTargetEvents(AbstractBeanDeployer.java:140)
	at org.jboss.weld.bootstrap.BeanDeployer.processBeans(BeanDeployer.java:262)
	at org.jboss.weld.bootstrap.BeanDeployer.processClassBeanAttributes(BeanDeployer.java:244)
	at org.jboss.weld.bootstrap.WeldStartup.deployBeans(WeldStartup.java:442)
	at org.jboss.weld.bootstrap.WeldBootstrap.deployBeans(WeldBootstrap.java:86)
	at com.ibm.ws.cdi.impl.CDIContainerImpl.startInitialization(CDIContainerImpl.java:160)
	at com.ibm.ws.cdi.liberty.CDIRuntimeImpl.applicationStarting(CDIRuntimeImpl.java:479)
	at com.ibm.ws.container.service.state.internal.ApplicationStateManager.fireStarting(ApplicationStateManager.java:51)
	at com.ibm.ws.container.service.state.internal.StateChangeServiceImpl.fireApplicationStarting(StateChangeServiceImpl.java:50)
	at com.ibm.ws.app.manager.module.internal.SimpleDeployedAppInfoBase.preDeployApp(SimpleDeployedAppInfoBase.java:547)
	at com.ibm.ws.app.manager.module.internal.SimpleDeployedAppInfoBase.installApp(SimpleDeployedAppInfoBase.java:508)
	at com.ibm.ws.app.manager.module.internal.DeployedAppInfoBase.deployApp(DeployedAppInfoBase.java:349)
	at com.ibm.ws.app.manager.war.internal.WARApplicationHandlerImpl.install(WARApplicationHandlerImpl.java:65)
	at com.ibm.ws.app.manager.internal.statemachine.StartAction.execute(StartAction.java:149)
	at com.ibm.ws.app.manager.internal.statemachine.ApplicationStateMachineImpl.enterState(ApplicationStateMachineImpl.java:1352)
	at com.ibm.ws.app.manager.internal.statemachine.ApplicationStateMachineImpl.run(ApplicationStateMachineImpl.java:897)
	at com.ibm.ws.threading.internal.ExecutorServiceImpl$RunnableWrapper.run(ExecutorServiceImpl.java:238)
	at java.util.concurrent.ThreadPoolExecutor.runWorker(ThreadPoolExecutor.java:1149)
	at java.util.concurrent.ThreadPoolExecutor$Worker.run(ThreadPoolExecutor.java:624)
	at java.lang.Thread.run(Thread.java:748)
Caused by: java.util.ServiceConfigurationError: org.eclipse.microprofile.config.spi.ConfigSource: Provider io.openliberty.sample.config.CustomConfigSource not found
	at java.util.ServiceLoader.fail(ServiceLoader.java:239)
	at java.util.ServiceLoader.access$300(ServiceLoader.java:185)
	at java.util.ServiceLoader$LazyIterator.nextService(ServiceLoader.java:372)
	at java.util.ServiceLoader$LazyIterator.next(ServiceLoader.java:404)
	at java.util.ServiceLoader$1.next(ServiceLoader.java:480)
	at com.ibm.ws.microprofile.config.sources.DefaultSources.getDiscoveredSources(DefaultSources.java:93)
	... 47 more

	at org.jboss.weld.bootstrap.events.AbstractDefinitionContainerEvent.fire(AbstractDefinitionContainerEvent.java:46)
	at org.jboss.weld.bootstrap.events.AbstractProcessInjectionTarget.fire(AbstractProcessInjectionTarget.java:33)
	at org.jboss.weld.bootstrap.events.ContainerLifecycleEvents.fireProcessInjectionTarget(ContainerLifecycleEvents.java:273)
	at org.jboss.weld.bootstrap.AbstractBeanDeployer.processInjectionTargetEvents(AbstractBeanDeployer.java:140)
	at org.jboss.weld.bootstrap.BeanDeployer.processBeans(BeanDeployer.java:262)
	at org.jboss.weld.bootstrap.BeanDeployer.processClassBeanAttributes(BeanDeployer.java:244)
	at org.jboss.weld.bootstrap.WeldStartup.deployBeans(WeldStartup.java:442)
	at org.jboss.weld.bootstrap.WeldBootstrap.deployBeans(WeldBootstrap.java:86)
	at com.ibm.ws.cdi.impl.CDIContainerImpl.startInitialization(CDIContainerImpl.java:160)
	at com.ibm.ws.cdi.liberty.CDIRuntimeImpl.applicationStarting(CDIRuntimeImpl.java:479)
	at com.ibm.ws.container.service.state.internal.ApplicationStateManager.fireStarting(ApplicationStateManager.java:51)
	at com.ibm.ws.container.service.state.internal.StateChangeServiceImpl.fireApplicationStarting(StateChangeServiceImpl.java:50)
	at com.ibm.ws.app.manager.module.internal.SimpleDeployedAppInfoBase.preDeployApp(SimpleDeployedAppInfoBase.java:547)
	at com.ibm.ws.app.manager.module.internal.SimpleDeployedAppInfoBase.installApp(SimpleDeployedAppInfoBase.java:508)
	at com.ibm.ws.app.manager.module.internal.DeployedAppInfoBase.deployApp(DeployedAppInfoBase.java:349)
	at com.ibm.ws.app.manager.war.internal.WARApplicationHandlerImpl.install(WARApplicationHandlerImpl.java:65)
	at com.ibm.ws.app.manager.internal.statemachine.StartAction.execute(StartAction.java:149)
	at com.ibm.ws.app.manager.internal.statemachine.ApplicationStateMachineImpl.enterState(ApplicationStateMachineImpl.java:1352)
	at com.ibm.ws.app.manager.internal.statemachine.ApplicationStateMachineImpl.run(ApplicationStateMachineImpl.java:897)
	at com.ibm.ws.threading.internal.ExecutorServiceImpl$RunnableWrapper.run(ExecutorServiceImpl.java:238)
	at java.util.concurrent.ThreadPoolExecutor.runWorker(ThreadPoolExecutor.java:1149)
	at java.util.concurrent.ThreadPoolExecutor$Worker.run(ThreadPoolExecutor.java:624)
	at java.lang.Thread.run(Thread.java:748)
	Suppressed: io.openliberty.microprofile.config.internal.common.ConfigException: CWMCG0010E: Unable to discover ConfigSources. The exception is: java.util.ServiceConfigurationError: org.eclipse.microprofile.config.spi.ConfigSource: Provider io.openliberty.sample.config.CustomConfigSource not found.
		at com.ibm.ws.microprofile.config.sources.DefaultSources.getDiscoveredSources(DefaultSources.java:97)
		at com.ibm.ws.microprofile.config14.impl.Config14BuilderImpl.getSources(Config14BuilderImpl.java:52)
		at com.ibm.ws.microprofile.config.impl.AbstractConfigBuilder.build(AbstractConfigBuilder.java:144)
		at com.ibm.ws.microprofile.config.impl.AbstractProviderResolver.getConfig(AbstractProviderResolver.java:260)
		at org.eclipse.microprofile.config.ConfigProvider.getConfig(ConfigProvider.java:105)
		at com.ibm.ws.microprofile.config.cdi.ConfigCDIExtension.processConversionType(ConfigCDIExtension.java:147)
		at com.ibm.ws.microprofile.config.cdi.ConfigCDIExtension.processParameterizedType(ConfigCDIExtension.java:137)
		at com.ibm.ws.microprofile.config.cdi.ConfigCDIExtension.validateConfigProperty(ConfigCDIExtension.java:98)
		at com.ibm.ws.microprofile.config.cdi.ConfigCDIExtension.processInjectionTarget(ConfigCDIExtension.java:82)
		at sun.reflect.GeneratedMethodAccessor609.invoke(Unknown Source)
		at java.lang.reflect.Method.invoke(Method.java:498)
		at org.jboss.weld.injection.StaticMethodInjectionPoint.invoke(StaticMethodInjectionPoint.java:95)
		at org.jboss.weld.injection.StaticMethodInjectionPoint.invoke(StaticMethodInjectionPoint.java:85)
		at org.jboss.weld.injection.MethodInvocationStrategy$SimpleMethodInvocationStrategy.invoke(MethodInvocationStrategy.java:168)
		at org.jboss.weld.event.ObserverMethodImpl.sendEvent(ObserverMethodImpl.java:330)
		at org.jboss.weld.event.ExtensionObserverMethodImpl.sendEvent(ExtensionObserverMethodImpl.java:123)
		at org.jboss.weld.event.ObserverMethodImpl.sendEvent(ObserverMethodImpl.java:308)
		at org.jboss.weld.event.ObserverMethodImpl.notify(ObserverMethodImpl.java:286)
		at javax.enterprise.inject.spi.ObserverMethod.notify(ObserverMethod.java:124)
		at org.jboss.weld.util.Observers.notify(Observers.java:166)
		at org.jboss.weld.event.ObserverNotifier.notifySyncObservers(ObserverNotifier.java:285)
		at org.jboss.weld.event.ObserverNotifier.notify(ObserverNotifier.java:273)
		at org.jboss.weld.event.ObserverNotifier.fireEvent(ObserverNotifier.java:177)
		at org.jboss.weld.event.ObserverNotifier.fireEvent(ObserverNotifier.java:171)
		at org.jboss.weld.bootstrap.events.AbstractContainerEvent.fire(AbstractContainerEvent.java:53)
		at org.jboss.weld.bootstrap.events.AbstractDefinitionContainerEvent.fire(AbstractDefinitionContainerEvent.java:44)
		... 22 more
	Caused by: java.util.ServiceConfigurationError: org.eclipse.microprofile.config.spi.ConfigSource: Provider io.openliberty.sample.config.CustomConfigSource not found
		at java.util.ServiceLoader.fail(ServiceLoader.java:239)
		at java.util.ServiceLoader.access$300(ServiceLoader.java:185)
		at java.util.ServiceLoader$LazyIterator.nextService(ServiceLoader.java:372)
		at java.util.ServiceLoader$LazyIterator.next(ServiceLoader.java:404)
		at java.util.ServiceLoader$1.next(ServiceLoader.java:480)
		at com.ibm.ws.microprofile.config.sources.DefaultSources.getDiscoveredSources(DefaultSources.java:93)
		... 47 more

Dump of callerThis
Object type = com.ibm.ws.container.service.state.internal.ApplicationStateManager
  serialVersionUID = -6685368059484454124
  $$$tc$$$ = class com.ibm.websphere.ras.TraceComponent@37f22f35
    strings[0] = "TraceComponent[com.ibm.ws.container.service.state.internal.ApplicationStateManager,class com.ibm.ws.container.service.state.internal.ApplicationStateManager,[Runtime],null,null]"
  listeners = class com.ibm.wsspi.kernel.service.utils.ConcurrentServiceReferenceSet@16503767
    referenceName = "applicationStateListeners"
    contextRef = class java.util.concurrent.atomic.AtomicReference@2fb0cc8c
      serialVersionUID = -1848883965231344442
      unsafe = class sun.misc.Unsafe@dd8e8da
      valueOffset = 12
      value = class org.apache.felix.scr.impl.manager.ComponentContextImpl@7863b28f
    elementMap = class java.util.LinkedHashMap@6660cf72
      serialVersionUID = 3801124242820219131
      head = class java.util.LinkedHashMap$Entry@7818238c
      tail = class java.util.LinkedHashMap$Entry@516554af
      accessOrder = false
      serialVersionUID = 362498820763181265
      DEFAULT_INITIAL_CAPACITY = 16
      MAXIMUM_CAPACITY = 1073741824
      DEFAULT_LOAD_FACTOR = 0.75
      TREEIFY_THRESHOLD = 8
      UNTREEIFY_THRESHOLD = 6
      MIN_TREEIFY_CAPACITY = 64
      table = class java.util.HashMap$Node[16]
      entrySet = null
      size = 9
      modCount = 9
      threshold = 12
      loadFactor = 0.75
      keySet = null
      values = null
    elementSet = class java.util.concurrent.ConcurrentSkipListSet@6fe4ca18
      serialVersionUID = -2479143111061671589
      m = class java.util.concurrent.ConcurrentSkipListMap@41defa4c
      UNSAFE = class sun.misc.Unsafe@dd8e8da
      mapOffset = 12
      MAX_ARRAY_SIZE = 2147483639
    elementSetUnsorted = false
    serialVersionUID = 756240983881166148
    $$$tc$$$ = class com.ibm.websphere.ras.TraceComponent@f06dbfd
      strings[0] = "TraceComponent[com.ibm.wsspi.kernel.service.utils.ConcurrentServiceReferenceSet,class com.ibm.wsspi.kernel.service.utils.ConcurrentServiceReferenceSet,[kernelUtils],com.ibm.ws.kernel.service.utils.resources.ServiceMessages,null]"
  serialVersionUID = 2284273176985484160
  $$$tc$$$ = class com.ibm.websphere.ras.TraceComponent@5c525653
    strings[0] = "TraceComponent[com.ibm.ws.container.service.state.internal.StateChangeManager,class com.ibm.ws.container.service.state.internal.StateChangeManager,[Runtime],null,null]"

Dump of objectArray[0]
Object type = com.ibm.ws.container.service.app.deploy.internal.ApplicationInfoImpl
  appName = "HelloWorld"
  appMetaData = class com.ibm.ws.container.service.app.deploy.internal.ApplicationMetaDataImpl@498f48e2
    j2eeName = class com.ibm.ws.container.service.metadata.internal.J2EENameImpl@2e10b746
      serialVersionUID = 7488184044073147667
      application = "HelloWorld"
      module = null
      component = null
      string = "HelloWorld"
      j2eeNameBytes = null
      $$$tc$$$ = class com.ibm.websphere.ras.TraceComponent@a9369ed
    serialVersionUID = -7906531148367236579
    $$$tc$$$ = class com.ibm.websphere.ras.TraceComponent@2272f1e5
      strings[0] = "TraceComponent[com.ibm.ws.container.service.app.deploy.internal.ApplicationMetaDataImpl,class com.ibm.ws.container.service.app.deploy.internal.ApplicationMetaDataImpl,[container.service],com.ibm.ws.container.service.resources.Messages,null]"
    tc = class com.ibm.websphere.ras.TraceComponent@67701d15
      strings[0] = "TraceComponent[com.ibm.ws.runtime.metadata.MetaDataImpl,class com.ibm.ws.runtime.metadata.MetaDataImpl,[Runtime],null,null]"
    NUM_STATIC_SLOTS = 4
    ID_UNINITIALIZED = -1
    id = 3
    metaDataInterface = class java.lang.Class@5b48343b
      ANNOTATION = 8192
      ENUM = 16384
      SYNTHETIC = 4096
      cachedConstructor = null
      newInstanceCallerCache = null
      name = "com.ibm.ws.runtime.metadata.ApplicationMetaData"
      allPermDomain = class java.security.ProtectionDomain@36e43f1c
      useCaches = true
      reflectionData = null
      classRedefinedCount = 0
      genericInfo = null
      serialVersionUID = 3206093459760846163
      serialPersistentFields = class java.io.ObjectStreamField[0]
      reflectionFactory = class sun.reflect.ReflectionFactory@62d9527a
      initted = true
      enumConstants = null
      enumConstantDirectory = null
      annotationData = null
      annotationType = null
      classValueMap = null
    staticSlots = class java.lang.Object[4]
      Object[0] = class com.ibm.ws.cdi.impl.weld.WebSphereCDIDeploymentImpl@3aa481d8
      Object[1] = class com.ibm.ws.injectionengine.osgi.internal.OSGiInjectionScopeData@45b65736
      Object[2] = "HelloWorld"
      Object[3] = null
    dynamicSlots = null
  appContainer = class com.ibm.ws.adaptable.module.internal.AdaptableContainerImpl@48028086
    root = class com.ibm.ws.adaptable.module.internal.AdaptableContainerImpl@48028086
    rootOverlay = class com.ibm.ws.artifact.overlay.internal.DirectoryBasedOverlayContainerImpl@4d25fb1d
      base = class com.ibm.ws.artifact.loose.internal.LooseArchive@16ce7dd2
      maskSet = class java.util.HashSet@63b98d95
      cfHolder = class com.ibm.ws.artifact.overlay.internal.OverlayContainerFactoryImpl@14cd00f0
      fileOverlayContainer = class com.ibm.ws.artifact.file.internal.FileContainer@177ba840
      overlayDirectory = class java.io.File@2d3d8e4b
      cacheDirForOverlay = class java.io.File@48f856d3
      overlayNotifier = class com.ibm.ws.artifact.overlay.internal.DirectoryBasedOverlayNotifier@6702af7c
      enclosingContainer = null
      entryInEnclosingContainer = null
      nestedOverlays = class java.util.concurrent.ConcurrentHashMap@2df13274
      cacheStore = class com.ibm.ws.artifact.overlay.internal.OverlayCache@6cffbe57
      parentOverlay = null
      isPassThroughMode = true
      serialVersionUID = -6650153487216279998
      $$$tc$$$ = class com.ibm.websphere.ras.TraceComponent@26d271bb
    factoryHolder = class com.ibm.ws.adaptable.module.internal.AdaptableModuleFactoryImpl@53a427ef
      adapterFactoryService = class com.ibm.ws.adaptable.module.internal.AdapterFactoryServiceImpl@39a3843
      containerFactory = class com.ibm.ws.artifact.internal.ArtifactContainerFactoryService@2aff0415
      overlayContainerFactory = class com.ibm.ws.artifact.overlay.internal.OverlayContainerFactoryImpl@14cd00f0
      serialVersionUID = 4200251809856292987
      $$$tc$$$ = class com.ibm.websphere.ras.TraceComponent@764e36a4
    delegate = class com.ibm.ws.artifact.overlay.internal.DirectoryBasedOverlayContainerImpl@4d25fb1d
    notifier = class com.ibm.ws.adaptable.module.internal.NotifierImpl@605fbd21
      root = class com.ibm.ws.adaptable.module.internal.AdaptableContainerImpl@48028086
      delegateNotifier = class com.ibm.ws.artifact.overlay.internal.DirectoryBasedOverlayNotifier@6702af7c
      delegateRoot = class com.ibm.ws.artifact.overlay.internal.DirectoryBasedOverlayContainerImpl@4d25fb1d
      listenerDelegates = class java.util.HashMap@14301921
      serialVersionUID = 6839382523957017880
      $$$tc$$$ = class com.ibm.websphere.ras.TraceComponent@1a61c46
    serialVersionUID = -5950528200509051684
    $$$tc$$$ = class com.ibm.websphere.ras.TraceComponent@7edf7862
      strings[0] = "TraceComponent[com.ibm.ws.adaptable.module.internal.AdaptableContainerImpl,class com.ibm.ws.adaptable.module.internal.AdaptableContainerImpl,[archive.adaptable],null,null]"
  configHelper = class com.ibm.ws.app.manager.module.ApplicationNestedConfigHelper@566f5203
    appInfo = class com.ibm.ws.app.manager.internal.ApplicationInstallInfo@1764a9f2
    serialVersionUID = -3174031738676705046
    $$$tc$$$ = class com.ibm.websphere.ras.TraceComponent@4653e6ec
      strings[0] = "TraceComponent[com.ibm.ws.app.manager.module.ApplicationNestedConfigHelper,class com.ibm.ws.app.manager.module.ApplicationNestedConfigHelper,[applications, app.manager],null,null]"
  applicationInformation = class com.ibm.ws.app.manager.internal.ApplicationInstallInfo@1764a9f2
    _config = class com.ibm.ws.app.manager.internal.ApplicationConfig@4c0c0463
      tc = class com.ibm.websphere.ras.TraceComponent@378c1574
      _configPid = "com.ibm.ws.app.manager_4"
      _config = class com.ibm.ws.config.admin.ConfigurationDictionary@af9f9f0
      _applicationManager = class com.ibm.ws.app.manager.ApplicationManager@7d81107e
      _location = "HelloWorld.war"
      _type = "war"
      _name = "HelloWorld"
      _notificationBroadcasterSupport = class javax.management.NotificationBroadcasterSupport@2f0b67ad
      ONE_TIME_JANDEX_MSGS_DISPLAYED = true
      serialVersionUID = -2151423388299667431
    _handlerInfo = class java.util.concurrent.atomic.AtomicReference@7e950f29
      serialVersionUID = -1848883965231344442
      unsafe = class sun.misc.Unsafe@dd8e8da
      valueOffset = 12
      value = class com.ibm.ws.app.manager.war.internal.WARDeployedAppInfo@663b23d5
    _container = class java.util.concurrent.atomic.AtomicReference@c7cc44b
      serialVersionUID = -1848883965231344442
      unsafe = class sun.misc.Unsafe@dd8e8da
      valueOffset = 12
      value = class com.ibm.ws.adaptable.module.internal.AdaptableContainerImpl@48028086
    _resolvedLocation = class java.util.concurrent.atomic.AtomicReference@1157c650
      serialVersionUID = -1848883965231344442
      unsafe = class sun.misc.Unsafe@dd8e8da
      valueOffset = 12
      value = class com.ibm.ws.kernel.service.location.internal.LocalFileResource@1e013838
    _handler = class com.ibm.ws.app.manager.war.internal.WARApplicationHandlerImpl@3dd4e705
      futureMonitor = class com.ibm.ws.threading.internal.FutureMonitorImpl@209b1ee0
      deployedAppFactory = class com.ibm.ws.app.manager.war.internal.WARDeployedAppInfoFactoryImpl@533d383c
      serialVersionUID = 4622845147410944782
      $$$tc$$$ = class com.ibm.websphere.ras.TraceComponent@15ce4f50
    _ami = class java.util.concurrent.atomic.AtomicReference@6bee4bd1
      serialVersionUID = -1848883965231344442
      unsafe = class sun.misc.Unsafe@dd8e8da
      valueOffset = 12
      value = class com.ibm.wsspi.application.handler.DefaultApplicationMonitoringInformation@3076eb41
    _updateHandler = class com.ibm.ws.app.manager.internal.statemachine.ApplicationStateMachineImpl@15a947b
      _tc = class com.ibm.websphere.ras.TraceComponent@a5941a6
      EMPTY_FUTURE_ARRAY = interface java.util.concurrent.Future[0]
      asmSequenceNumber = class java.util.concurrent.atomic.AtomicLong@2d4ff4d0
      _qscaCounter = class java.util.concurrent.atomic.AtomicInteger@7863444e
      _failedThrowable = null
      _interruptibleLock = class com.ibm.ws.app.manager.internal.statemachine.ApplicationStateMachineImpl$2@53627683
      _interruptible = false
      _performingQueuedActions = true
      _queuedActions = class java.util.concurrent.ConcurrentLinkedQueue@530e7140
      _callbackState = class java.util.concurrent.atomic.AtomicReference@1b5f685
      blockAppStartingFutures = class java.util.Collections$SetFromMap@631693c9
      waitingForAppHandlerFuture = class java.util.concurrent.atomic.AtomicReference@23802746
      waitingForExplicitStartFuture = class java.util.concurrent.atomic.AtomicReference@3a4d607
      startAfterFutures = class java.util.Collections$SetFromMap@2d8b1928
      completionListener = class java.util.concurrent.atomic.AtomicReference@7ad45f8b
      _notifyAppStopped = class java.util.concurrent.ConcurrentLinkedQueue@584cfd80
      _notifyAppStarting = class java.util.concurrent.ConcurrentLinkedQueue@7dfd0c60
      _notifyAppInstallCalled = class java.util.concurrent.ConcurrentLinkedQueue@84a08ae
      _notifyAppStarted = class java.util.concurrent.ConcurrentLinkedQueue@50ba262b
      _notifyAppRemoved = class java.util.concurrent.ConcurrentLinkedQueue@6f256141
      _stateLock = class com.ibm.ws.app.manager.internal.statemachine.ApplicationStateMachineImpl$3@7aaeeec9
      _internalState = class java.util.concurrent.atomic.AtomicReference@22f9864a
      _currentAction = class java.util.concurrent.atomic.AtomicReference@23736740
      _rfa = class java.util.concurrent.atomic.AtomicReference@67983506
      _appInstallInfo = class java.util.concurrent.atomic.AtomicReference@6acd479a
      _update = class java.util.concurrent.atomic.AtomicBoolean@468475f
      _appConfig = class java.util.concurrent.atomic.AtomicReference@3c1979f5
      _nextAppConfig = class java.util.concurrent.atomic.AtomicReference@1a8f5b75
      _appContainer = class java.util.concurrent.atomic.AtomicReference@1afe3e29
      _resolvedLocation = class java.util.concurrent.atomic.AtomicReference@5c6ac096
      _handler = class java.util.concurrent.atomic.AtomicReference@2bcbcc3f
      _asmSeqNo = 0
      _ctx = class org.eclipse.osgi.internal.framework.BundleContextImpl@48e8715f
      _locAdmin = class com.ibm.ws.kernel.service.location.internal.WsLocationAdminImpl@4bff6ec0
      _futureMonitor = class com.ibm.ws.threading.internal.FutureMonitorImpl@209b1ee0
      _artifactFactory = class com.ibm.ws.artifact.internal.ArtifactContainerFactoryService@2aff0415
      _moduleFactory = class com.ibm.ws.adaptable.module.internal.AdaptableModuleFactoryImpl@53a427ef
      _executorService = class com.ibm.ws.threading.internal.ExecutorServiceImpl@5f209f41
      _scheduledExecutorService = class com.ibm.ws.threading.internal.ScheduledExecutorImpl@6f19730b
      _asmHelper = class com.ibm.ws.app.manager.internal.ApplicationConfigurator$NamedApplication@2af47403
      _appMonitor = class com.ibm.ws.app.manager.internal.monitor.ApplicationMonitor@178d1c16
      enterStateCalled = class java.util.concurrent.atomic.AtomicBoolean@45806d5e
      serialVersionUID = 7990273947104993494
      serialVersionUID = 300267208965883056
      $$$tc$$$ = class com.ibm.websphere.ras.TraceComponent@2f01e1c1
    serialVersionUID = 2630639237123415755
    $$$tc$$$ = class com.ibm.websphere.ras.TraceComponent@7076bc8d
      strings[0] = "TraceComponent[com.ibm.ws.app.manager.internal.ApplicationInstallInfo,class com.ibm.ws.app.manager.internal.ApplicationInstallInfo,[applications, app.manager],com.ibm.ws.app.manager.internal.resources.AppManagerMessages,null]"
  serialVersionUID = 5227817860647895780
  $$$tc$$$ = class com.ibm.websphere.ras.TraceComponent@7b463372
    strings[0] = "TraceComponent[com.ibm.ws.container.service.app.deploy.internal.ApplicationInfoImpl,class com.ibm.ws.container.service.app.deploy.internal.ApplicationInfoImpl,[container.service],com.ibm.ws.container.service.resources.Messages,null]"

