------Start of DE processing------ = [3/22/21 0:52:34:454 EDT]
Exception = java.lang.NoClassDefFoundError
Source = com.ibm.ws.webcontainer.servlet.ServletWrapper.init
probeid = 181
Stack Dump = java.lang.NoClassDefFoundError: Lorg/eclipse/microprofile/config/Config;
	at java.lang.Class.getDeclaredFields0(Native Method)
	at java.lang.Class.privateGetDeclaredFields(Class.java:2583)
	at java.lang.Class.getDeclaredFields(Class.java:1916)
	at org.apache.cxf.common.util.ReflectionUtil$10.run(ReflectionUtil.java:176)
	at org.apache.cxf.common.util.ReflectionUtil$10.run(ReflectionUtil.java:174)
	at java.security.AccessController.doPrivileged(Native Method)
	at org.apache.cxf.common.util.ReflectionUtil.getDeclaredFields(ReflectionUtil.java:174)
	at org.apache.cxf.jaxrs.model.AbstractResourceInfo.findContextFields(AbstractResourceInfo.java:262)
	at org.apache.cxf.jaxrs.model.AbstractResourceInfo.findContexts(AbstractResourceInfo.java:211)
	at org.apache.cxf.jaxrs.model.AbstractResourceInfo.<init>(AbstractResourceInfo.java:202)
	at org.apache.cxf.jaxrs.model.AbstractResourceInfo.<init>(AbstractResourceInfo.java:187)
	at org.apache.cxf.jaxrs.model.BeanResourceInfo.<init>(BeanResourceInfo.java:67)
	at org.apache.cxf.jaxrs.model.ClassResourceInfo.<init>(ClassResourceInfo.java:89)
	at org.apache.cxf.jaxrs.model.ClassResourceInfo.<init>(ClassResourceInfo.java:100)
	at org.apache.cxf.jaxrs.utils.ResourceUtils.createClassResourceInfo(ResourceUtils.java:316)
	at org.apache.cxf.jaxrs.utils.ResourceUtils.createClassResourceInfo(ResourceUtils.java:303)
	at org.apache.cxf.jaxrs.utils.ResourceUtils.createClassResourceInfo(ResourceUtils.java:294)
	at org.apache.cxf.jaxrs.JAXRSServiceFactoryBean.createResourceInfo(JAXRSServiceFactoryBean.java:202)
	at org.apache.cxf.jaxrs.JAXRSServiceFactoryBean.setResourceClasses(JAXRSServiceFactoryBean.java:165)
	at org.apache.cxf.jaxrs.JAXRSServerFactoryBean.setResourceClasses(JAXRSServerFactoryBean.java:305)
	at com.ibm.ws.jaxrs20.server.LibertyJaxRsServerFactoryBean.doInit(LibertyJaxRsServerFactoryBean.java:335)
	at com.ibm.ws.jaxrs20.server.JaxRsWebEndpointImpl.init(JaxRsWebEndpointImpl.java:66)
	at com.ibm.websphere.jaxrs.server.IBMRestServlet.init(IBMRestServlet.java:64)
	at com.ibm.ws.webcontainer.servlet.ServletWrapper.init(ServletWrapper.java:298)
	at com.ibm.ws.webcontainer.servlet.ServletWrapper.handleRequest(ServletWrapper.java:600)
	at com.ibm.ws.webcontainer.servlet.ServletWrapper.handleRequest(ServletWrapper.java:442)
	at com.ibm.ws.webcontainer.filter.WebAppFilterManager.invokeFilters(WebAppFilterManager.java:1226)
	at com.ibm.ws.webcontainer.webapp.WebApp.handleRequest(WebApp.java:5057)
	at com.ibm.ws.webcontainer.osgi.DynamicVirtualHost$2.handleRequest(DynamicVirtualHost.java:314)
	at com.ibm.ws.webcontainer.WebContainer.handleRequest(WebContainer.java:1006)
	at com.ibm.ws.webcontainer.osgi.DynamicVirtualHost$2.run(DynamicVirtualHost.java:279)
	at com.ibm.ws.http.dispatcher.internal.channel.HttpDispatcherLink$TaskWrapper.run(HttpDispatcherLink.java:1146)
	at com.ibm.ws.http.dispatcher.internal.channel.HttpDispatcherLink.wrapHandlerAndExecute(HttpDispatcherLink.java:427)
	at com.ibm.ws.http.dispatcher.internal.channel.HttpDispatcherLink.ready(HttpDispatcherLink.java:386)
	at com.ibm.ws.http.channel.internal.inbound.HttpInboundLink.handleDiscrimination(HttpInboundLink.java:566)
	at com.ibm.ws.http.channel.internal.inbound.HttpInboundLink.handleNewRequest(HttpInboundLink.java:500)
	at com.ibm.ws.http.channel.internal.inbound.HttpInboundLink.processRequest(HttpInboundLink.java:360)
	at com.ibm.ws.http.channel.internal.inbound.HttpICLReadCallback.complete(HttpICLReadCallback.java:70)
	at com.ibm.ws.tcpchannel.internal.WorkQueueManager.requestComplete(WorkQueueManager.java:504)
	at com.ibm.ws.tcpchannel.internal.WorkQueueManager.attemptIO(WorkQueueManager.java:574)
	at com.ibm.ws.tcpchannel.internal.WorkQueueManager.workerRun(WorkQueueManager.java:958)
	at com.ibm.ws.tcpchannel.internal.WorkQueueManager$Worker.run(WorkQueueManager.java:1047)
	at com.ibm.ws.threading.internal.ExecutorServiceImpl$RunnableWrapper.run(ExecutorServiceImpl.java:238)
	at java.util.concurrent.ThreadPoolExecutor.runWorker(ThreadPoolExecutor.java:1149)
	at java.util.concurrent.ThreadPoolExecutor$Worker.run(ThreadPoolExecutor.java:624)
	at java.lang.Thread.run(Thread.java:748)
Caused by: java.lang.ClassNotFoundException: org.eclipse.microprofile.config.Config
	at com.ibm.ws.classloading.internal.AppClassLoader.findClassCommonLibraryClassLoaders(AppClassLoader.java:569)
	at com.ibm.ws.classloading.internal.AppClassLoader.findClass(AppClassLoader.java:291)
	at java.lang.ClassLoader.loadClass(ClassLoader.java:418)
	at com.ibm.ws.classloading.internal.AppClassLoader.findOrDelegateLoadClass(AppClassLoader.java:547)
	at com.ibm.ws.classloading.internal.AppClassLoader.loadClass(AppClassLoader.java:505)
	at java.lang.ClassLoader.loadClass(ClassLoader.java:351)
	... 46 more

Dump of callerThis
Object type = com.ibm.ws.webcontainer.osgi.servlet.ServletWrapper
  serialVersionUID = 1
  _mo = null
  serialVersionUID = -4479626085298397598
  notifyInvocationListeners = false
  UNINITIALIZED_STATE = -1
  AVAILABLE_STATE = 0
  UNAVAILABLE_STATE = 1
  UNAVAILABLE_PERMANENTLY_STATE = 2
  collabHelper = class com.ibm.ws.webcontainer.osgi.collaborator.CollaboratorHelperImpl@3f05a90f
    webAppInvCollabs = class java.util.Collections$UnmodifiableSet@139474ae
      serialVersionUID = -9215047833775013803
      serialVersionUID = 1820017752578914078
      c = class java.util.concurrent.CopyOnWriteArraySet@424ef993
    securityDomainForApp = null
    logger = class com.ibm.ws.logging.internal.WsLogger@c4dc59a
      ivCachedResourceBundleName = null
      ivCachedResourceBundle = null
      ivComponent = null
      ivOrganization = null
      ivProduct = null
      ivMinimumLocalizationLevelIntValue = 625
      ivTC = class com.ibm.websphere.ras.TraceComponent@588e0c0e
      loggerRegistrationComponent = class java.lang.ThreadLocal@457bd7c1
      emptyHandlers = class java.util.logging.Handler[0]
      offValue = 2147483647
      SYSTEM_LOGGER_RB_NAME = "sun.util.logging.resources.logging"
      SYSTEM_BUNDLE = class java.util.logging.Logger$LoggerBundle@305be187
      NO_RESOURCE_BUNDLE = class java.util.logging.Logger$LoggerBundle@63ef0788
      manager = class com.ibm.ws.kernel.boot.logging.WsLogManager@45fc6f38
      name = "com.ibm.ws.webcontainer.collaborator"
      handlers = class java.util.concurrent.CopyOnWriteArrayList@26d5132a
      loggerBundle = class java.util.logging.Logger$LoggerBundle@20e75531
      useParentHandlers = true
      filter = null
      anonymous = false
      catalog = class com.ibm.ws.webcontainer.resources.Messages@2ad26aff
      catalogName = "com.ibm.ws.webcontainer.resources.Messages"
      catalogLocale = class java.util.Locale@c715532
      treeLock = class java.lang.Object@41f22f80
      parent = class com.ibm.ws.logging.internal.WsLogger@27ce1ddd
      kids = null
      levelObject = class java.util.logging.Level@1e721e49
      levelValue = 800
      callersClassLoaderRef = class java.lang.ref.WeakReference@7f9d8c9b
      isSystemLogger = false
      GLOBAL_LOGGER_NAME = "global"
      global = class java.util.logging.Logger@2367bf
      $assertionsDisabled = true
    staticDefaultSecurityCollaborator = class com.ibm.ws.webcontainer.collaborator.WebAppSecurityCollaborator@8988fdf
    logger = class com.ibm.ws.logging.internal.WsLogger@4952c1fc
      ivCachedResourceBundleName = null
      ivCachedResourceBundle = null
      ivComponent = null
      ivOrganization = null
      ivProduct = null
      ivMinimumLocalizationLevelIntValue = 625
      ivTC = class com.ibm.websphere.ras.TraceComponent@e68c063
      loggerRegistrationComponent = class java.lang.ThreadLocal@457bd7c1
      emptyHandlers = class java.util.logging.Handler[0]
      offValue = 2147483647
      SYSTEM_LOGGER_RB_NAME = "sun.util.logging.resources.logging"
      SYSTEM_BUNDLE = class java.util.logging.Logger$LoggerBundle@305be187
      NO_RESOURCE_BUNDLE = class java.util.logging.Logger$LoggerBundle@63ef0788
      manager = class com.ibm.ws.kernel.boot.logging.WsLogManager@45fc6f38
      name = "com.ibm.wsspi.webcontainer.collaborator"
      handlers = class java.util.concurrent.CopyOnWriteArrayList@5bf0bf28
      loggerBundle = class java.util.logging.Logger$LoggerBundle@1a913bf4
      useParentHandlers = true
      filter = null
      anonymous = false
      catalog = class com.ibm.ws.webcontainer.resources.Messages@2ad26aff
      catalogName = "com.ibm.ws.webcontainer.resources.Messages"
      catalogLocale = class java.util.Locale@c715532
      treeLock = class java.lang.Object@41f22f80
      parent = class com.ibm.ws.logging.internal.WsLogger@7b3fb7a3
      kids = null
      levelObject = class java.util.logging.Level@1e721e49
      levelValue = 800
      callersClassLoaderRef = class java.lang.ref.WeakReference@4c3cf752
      isSystemLogger = false
      GLOBAL_LOGGER_NAME = "global"
      global = class java.util.logging.Logger@2367bf
      $assertionsDisabled = true
    CLASS_NAME = "com.ibm.wsspi.webcontainer.collaborator.CollaboratorHelper"
    webApp = class com.ibm.ws.webcontainer40.osgi.webapp.WebApp40@40a3bb23
    securityCollaborator = class com.ibm.ws.webcontainer.collaborator.WebAppSecurityCollaborator@8988fdf
    nameSpaceCollaborator = class com.ibm.ws.webcontainer.osgi.collaborator.WebAppNameSpaceCollaboratorImpl@425d92f6
    transactionCollaborator = class com.ibm.ws.webcontainer.collaborator.WebAppTransactionCollaborator@77389504
    connectionCollaborator = class com.ibm.ws.webcontainer.collaborator.ConnectionHandleCollaborator@5706bf64
    allCollabEnum = class java.util.RegularEnumSet@79d3ed7c
      serialVersionUID = 3411599620347842686
      elements = 511
      elementType = class java.lang.Class@1e4b5e65
      universe = class com.ibm.wsspi.webcontainer.collaborator.CollaboratorInvocationEnum[9]
      ZERO_LENGTH_ENUM_ARRAY = class java.lang.Enum[0]
      MAX_ARRAY_SIZE = 2147483639
    servlet_23_or_greater = true
    DEFER_SERVLET_REQUEST_LISTENER_DESTROY_ON_ERROR = false
  nServicing = class java.util.concurrent.atomic.AtomicInteger@4792bcc4
    serialVersionUID = 6214790243416807050
    unsafe = class sun.misc.Unsafe@455fe258
      theUnsafe = class sun.misc.Unsafe@455fe258
      INVALID_FIELD_OFFSET = -1
      ARRAY_BOOLEAN_BASE_OFFSET = 16
      ARRAY_BYTE_BASE_OFFSET = 16
      ARRAY_SHORT_BASE_OFFSET = 16
      ARRAY_CHAR_BASE_OFFSET = 16
      ARRAY_INT_BASE_OFFSET = 16
      ARRAY_LONG_BASE_OFFSET = 16
      ARRAY_FLOAT_BASE_OFFSET = 16
      ARRAY_DOUBLE_BASE_OFFSET = 16
      ARRAY_OBJECT_BASE_OFFSET = 16
      ARRAY_BOOLEAN_INDEX_SCALE = 1
      ARRAY_BYTE_INDEX_SCALE = 1
      ARRAY_SHORT_INDEX_SCALE = 2
      ARRAY_CHAR_INDEX_SCALE = 2
      ARRAY_INT_INDEX_SCALE = 4
      ARRAY_LONG_INDEX_SCALE = 8
      ARRAY_FLOAT_INDEX_SCALE = 4
      ARRAY_DOUBLE_INDEX_SCALE = 8
      ARRAY_OBJECT_INDEX_SCALE = 4
      ADDRESS_SIZE = 8
    valueOffset = 12
    value = 0
    serialVersionUID = -8742448824652078965
  lastAccessTime = 1616388746685
  state = -1
  logger = class com.ibm.ws.logging.internal.WsLogger@41168064
    ivCachedResourceBundleName = null
    ivCachedResourceBundle = null
    ivComponent = null
    ivOrganization = null
    ivProduct = null
    ivMinimumLocalizationLevelIntValue = 625
    ivTC = class com.ibm.websphere.ras.TraceComponent@1699b896
      strings[0] = "TraceComponent[com.ibm.ws.webcontainer.servlet,class com.ibm.wsspi.webcontainer.logging.LoggerFactory$1,[com.ibm.ws.webcontainer.servlet],null,null]"
    loggerRegistrationComponent = class java.lang.ThreadLocal@457bd7c1
      threadLocalHashCode = 1288175339
      nextHashCode = class java.util.concurrent.atomic.AtomicInteger@62c0d131
      HASH_INCREMENT = 1640531527
    emptyHandlers = class java.util.logging.Handler[0]
    offValue = 2147483647
    SYSTEM_LOGGER_RB_NAME = "sun.util.logging.resources.logging"
    SYSTEM_BUNDLE = class java.util.logging.Logger$LoggerBundle@305be187
      resourceBundleName = "sun.util.logging.resources.logging"
      userBundle = null
    NO_RESOURCE_BUNDLE = class java.util.logging.Logger$LoggerBundle@63ef0788
      resourceBundleName = null
      userBundle = null
    manager = class com.ibm.ws.kernel.boot.logging.WsLogManager@45fc6f38
      CONFIGURE_BY_SERVER_PROPERTY_NAME = "java.util.logging.configureByServer"
      CONFIGURE_BY_LOGGING_PROPERTIES_FILE = "java.util.logging.configureByLoggingPropertiesFile"
      configureByServer = true
      configureByLoggingProperties = false
      wsLogger = class java.lang.reflect.Constructor@2c1f03d9
      resetEnabled = true
      svBinaryLoggingEnable = false
      manager = class com.ibm.ws.kernel.boot.logging.WsLogManager@45fc6f38
      props = class java.util.Properties@667e3550
      defaultLevel = class java.util.logging.Level@1e721e49
      listenerMap = class java.util.HashMap@510629e0
      systemContext = class java.util.logging.LogManager$SystemLoggerContext@413433f8
      userContext = class java.util.logging.LogManager$LoggerContext@1561e1cc
      rootLogger = class java.util.logging.LogManager$RootLogger@2a29285
      readPrimordialConfiguration = true
      initializedGlobalHandlers = true
      deathImminent = false
      initializedCalled = true
      initializationDone = true
      contextsMap = null
      loggerRefQueue = class java.lang.ref.ReferenceQueue@620be218
      MAX_ITERATIONS = 400
      controlPermission = class java.util.logging.LoggingPermission@2c0b652
      loggingMXBean = null
      LOGGING_MXBEAN_NAME = "java.util.logging:type=Logging"
      $assertionsDisabled = true
    name = "com.ibm.ws.webcontainer.servlet"
    handlers = class java.util.concurrent.CopyOnWriteArrayList@5ea26d99
      serialVersionUID = 8673264195747942595
      lock = class java.util.concurrent.locks.ReentrantLock@a25b01f
      array = class java.lang.Object[0]
      UNSAFE = class sun.misc.Unsafe@455fe258
      lockOffset = 12
    loggerBundle = class java.util.logging.Logger$LoggerBundle@311ae813
      resourceBundleName = "com.ibm.ws.webcontainer.resources.Messages"
      userBundle = null
    useParentHandlers = true
    filter = null
    anonymous = false
    catalog = class com.ibm.ws.webcontainer.resources.Messages@2ad26aff
      resources = class [Ljava.lang.Object;[338]
      lookup = class java.util.HashMap@76054a5a
      INITIAL_CACHE_SIZE = 32
      NONEXISTENT_BUNDLE = class java.util.ResourceBundle$1@46c97e3e
      cacheList = class java.util.concurrent.ConcurrentHashMap@6a613d23
      referenceQueue = class java.lang.ref.ReferenceQueue@50164f15
      parent = null
      locale = class java.util.Locale@6ac5f0ec
      name = "com.ibm.ws.webcontainer.resources.Messages"
      expired = false
      cacheKey = class java.util.ResourceBundle$CacheKey@d6b699c
      keySet = null
      providers = null
      $assertionsDisabled = true
    catalogName = "com.ibm.ws.webcontainer.resources.Messages"
    catalogLocale = class java.util.Locale@c715532
      LOCALECACHE = class java.util.Locale$Cache@774a8452
      ENGLISH = class java.util.Locale@1d2c2abe
      FRENCH = class java.util.Locale@b4b6557
      GERMAN = class java.util.Locale@4d24eeed
      ITALIAN = class java.util.Locale@6eef9b0f
      JAPANESE = class java.util.Locale@12ea25b6
      KOREAN = class java.util.Locale@42db8b61
      CHINESE = class java.util.Locale@28e24651
      SIMPLIFIED_CHINESE = class java.util.Locale@3a4787a1
      TRADITIONAL_CHINESE = class java.util.Locale@7943d2ca
      FRANCE = class java.util.Locale@67ddce00
      GERMANY = class java.util.Locale@5db7cc64
      ITALY = class java.util.Locale@5bcb32fc
      JAPAN = class java.util.Locale@3cf96ecd
      KOREA = class java.util.Locale@355d1a9c
      CHINA = class java.util.Locale@3a4787a1
      PRC = class java.util.Locale@3a4787a1
      TAIWAN = class java.util.Locale@7943d2ca
      UK = class java.util.Locale@566a34bf
      US = class java.util.Locale@c715532
      CANADA = class java.util.Locale@5434b05c
      CANADA_FRENCH = class java.util.Locale@23cc3311
      ROOT = class java.util.Locale@6ac5f0ec
      PRIVATE_USE_EXTENSION = x
      UNICODE_LOCALE_EXTENSION = u
      serialVersionUID = 9149081749638150636
      DISPLAY_LANGUAGE = 0
      DISPLAY_COUNTRY = 1
      DISPLAY_VARIANT = 2
      DISPLAY_SCRIPT = 3
      baseLocale = class sun.util.locale.BaseLocale@17be3a77
      localeExtensions = null
      hashCodeValue = 96636889
      defaultLocale = class java.util.Locale@c715532
      defaultDisplayLocale = null
      defaultFormatLocale = class java.util.Locale@c715532
      languageTag = "en-US"
      serialPersistentFields = class java.io.ObjectStreamField[6]
      isoLanguages = null
      isoCountries = null
      $assertionsDisabled = true
    treeLock = class java.lang.Object@41f22f80
    parent = class com.ibm.ws.logging.internal.WsLogger@27ce1ddd
      ivCachedResourceBundleName = "com.ibm.ws.webcontainer.resources.Messages"
      ivCachedResourceBundle = class com.ibm.ws.webcontainer.resources.Messages@2ad26aff
      ivComponent = null
      ivOrganization = null
      ivProduct = null
      ivMinimumLocalizationLevelIntValue = 625
      ivTC = class com.ibm.websphere.ras.TraceComponent@3635ae41
      loggerRegistrationComponent = class java.lang.ThreadLocal@457bd7c1
      emptyHandlers = class java.util.logging.Handler[0]
      offValue = 2147483647
      SYSTEM_LOGGER_RB_NAME = "sun.util.logging.resources.logging"
      SYSTEM_BUNDLE = class java.util.logging.Logger$LoggerBundle@305be187
      NO_RESOURCE_BUNDLE = class java.util.logging.Logger$LoggerBundle@63ef0788
      manager = class com.ibm.ws.kernel.boot.logging.WsLogManager@45fc6f38
      name = "com.ibm.ws.webcontainer"
      handlers = class java.util.concurrent.CopyOnWriteArrayList@71353a7
      loggerBundle = class java.util.logging.Logger$LoggerBundle@14195c1
      useParentHandlers = true
      filter = null
      anonymous = false
      catalog = class com.ibm.ws.webcontainer.resources.Messages@2ad26aff
      catalogName = "com.ibm.ws.webcontainer.resources.Messages"
      catalogLocale = class java.util.Locale@c715532
      treeLock = class java.lang.Object@41f22f80
      parent = class java.util.logging.Logger@21a13d14
      kids = class java.util.ArrayList@432e0d26
      levelObject = class java.util.logging.Level@1e721e49
      levelValue = 800
      callersClassLoaderRef = class java.lang.ref.WeakReference@5ebde08f
      isSystemLogger = false
      GLOBAL_LOGGER_NAME = "global"
      global = class java.util.logging.Logger@2367bf
      $assertionsDisabled = true
    kids = null
    levelObject = class java.util.logging.Level@1e721e49
      defaultBundle = "sun.util.logging.resources.logging"
      name = "INFO"
      value = 800
      resourceBundleName = "sun.util.logging.resources.logging"
      localizedLevelName = "INFO"
      cachedLocale = class java.util.Locale@c715532
      OFF = class java.util.logging.Level@3c526bb7
      SEVERE = class java.util.logging.Level@39ef8355
      WARNING = class java.util.logging.Level@cd8679a
      INFO = class java.util.logging.Level@1e721e49
      CONFIG = class java.util.logging.Level@2bda9b56
      FINE = class java.util.logging.Level@47a4249
      FINER = class java.util.logging.Level@41ca8cb8
      FINEST = class java.util.logging.Level@e61c7ac
      ALL = class java.util.logging.Level@719efd1d
      serialVersionUID = -8176160795706313070
    levelValue = 800
    callersClassLoaderRef = class java.lang.ref.WeakReference@4872a2ca
      referent = class org.eclipse.osgi.internal.loader.EquinoxClassLoader@5f9e763c
      queue = class java.lang.ref.ReferenceQueue$Null@46dd7a2e
      next = null
      discovered = null
      lock = class java.lang.ref.Reference$Lock@7b2f21a
      pending = null
    isSystemLogger = false
    GLOBAL_LOGGER_NAME = "global"
    global = class java.util.logging.Logger@2367bf
      emptyHandlers = class java.util.logging.Handler[0]
      offValue = 2147483647
      SYSTEM_LOGGER_RB_NAME = "sun.util.logging.resources.logging"
      SYSTEM_BUNDLE = class java.util.logging.Logger$LoggerBundle@305be187
      NO_RESOURCE_BUNDLE = class java.util.logging.Logger$LoggerBundle@63ef0788
      manager = class com.ibm.ws.kernel.boot.logging.WsLogManager@45fc6f38
      name = "global"
      handlers = class java.util.concurrent.CopyOnWriteArrayList@50a815f
      loggerBundle = class java.util.logging.Logger$LoggerBundle@63ef0788
      useParentHandlers = true
      filter = null
      anonymous = false
      catalog = null
      catalogName = null
      catalogLocale = null
      treeLock = class java.lang.Object@41f22f80
      parent = class java.util.logging.Logger@21a13d14
      kids = null
      levelObject = null
      levelValue = 800
      callersClassLoaderRef = null
      isSystemLogger = true
      GLOBAL_LOGGER_NAME = "global"
      global = class java.util.logging.Logger@2367bf
      $assertionsDisabled = true
    $assertionsDisabled = true
  CLASS_NAME = "com.ibm.ws.webcontainer.servlet.ServletWrapper"
  nls = class com.ibm.ejs.ras.TraceNLS@13b0701e
    resolver = class com.ibm.ws.logging.internal.TraceNLSResolver@336af581
      tc = class com.ibm.websphere.ras.TraceComponent@3aeaafa6
      DEBUG_TRACE_NLS_PROPERTY = "com.ibm.ejs.ras.debugTraceNLSResolver"
      debugTraceNLSResolver = false
      makeNoise = false
      nullKey = "null"
      svNullBundleName = "Resource Bundle name is null, key = {0}"
      svBundleNotLoaded = "Unable to load ResourceBundle {0}"
      svNullKeyMessage = "Null key passed while using ResourceBundle {0}"
      svMalformedMessage = "No message text associated with key {0} in bundle {1}"
    finder = null
    ivBundleName = "com.ibm.ws.webcontainer.resources.Messages"
    caller = class java.lang.Class@c4c271b
      ANNOTATION = 8192
      ENUM = 16384
      SYNTHETIC = 4096
      cachedConstructor = null
      newInstanceCallerCache = null
      name = null
      allPermDomain = class java.security.ProtectionDomain@38c50258
      useCaches = true
      reflectionData = class java.lang.ref.SoftReference@15225195
      classRedefinedCount = 0
      genericInfo = null
      serialVersionUID = 3206093459760846163
      serialPersistentFields = class java.io.ObjectStreamField[0]
      reflectionFactory = class sun.reflect.ReflectionFactory@24767060
      initted = true
      enumConstants = null
      enumConstantDirectory = null
      annotationData = class java.lang.Class$AnnotationData@536dcd45
      annotationType = null
      classValueMap = null
  servletConfig = class com.ibm.ws.webcontainer.servlet.ServletConfig@4af2803
    logger = class com.ibm.ws.logging.internal.WsLogger@41168064
    CLASS_NAME = "com.ibm.ws.webcontainer.servlet.ServletConfig"
    nls = class com.ibm.ejs.ras.TraceNLS@76827be8
      resolver = class com.ibm.ws.logging.internal.TraceNLSResolver@336af581
      finder = null
      ivBundleName = "com.ibm.ws.webcontainer.resources.Messages"
      caller = class java.lang.Class@2c802dbf
    liberty_nls = class com.ibm.ejs.ras.TraceNLS@3d20b6ab
      resolver = class com.ibm.ws.logging.internal.TraceNLSResolver@336af581
      finder = null
      ivBundleName = "com.ibm.ws.webcontainer.resources.LShimMessages"
      caller = class java.lang.Class@2c802dbf
    enabled = true
    servletName = "sample.SampleApplication"
    className = null
    mappings = class java.util.ArrayList@656cdba6
      serialVersionUID = 8683452581122892189
      DEFAULT_CAPACITY = 10
      EMPTY_ELEMENTDATA = class java.lang.Object[0]
      DEFAULTCAPACITY_EMPTY_ELEMENTDATA = class java.lang.Object[0]
      elementData = class java.lang.Object[10]
      size = 1
      MAX_ARRAY_SIZE = 2147483639
      modCount = 1
      MAX_ARRAY_SIZE = 2147483639
    startUpWeight = null
    DEFAULT_STARTUP = -1
    isCachingEnabled = true
    isStatisticsEnabled = true
    isInternal = false
    metaData = class com.ibm.ws.webcontainer.osgi.metadata.WebComponentMetaDataImpl@6b21c7cc
      j2eeName = class com.ibm.ws.container.service.metadata.internal.J2EENameImpl@7c581f8b
      webModuleMetaData = class com.ibm.ws.webcontainer.osgi.metadata.WebModuleMetaDataImpl@2b266fa
      mBeanServiceReg = null
      tc = class com.ibm.websphere.ras.TraceComponent@545f4408
      NUM_STATIC_SLOTS = 4
      ID_UNINITIALIZED = -1
      id = 3
      metaDataInterface = class java.lang.Class@500b2ff5
      staticSlots = class java.lang.Object[4]
      dynamicSlots = null
    singleThreadModelServlet = false
    isJsp = false
    webAppConfig = class com.ibm.ws.webcontainer.osgi.webapp.WebAppConfiguration@622238f5
    servletWrapper = class com.ibm.ws.webcontainer.osgi.servlet.ServletWrapper@42172e63
    servletClass = class java.lang.Class@48e13754
      ANNOTATION = 8192
      ENUM = 16384
      SYNTHETIC = 4096
      cachedConstructor = null
      newInstanceCallerCache = null
      name = "com.ibm.websphere.jaxrs.server.IBMRestServlet"
      allPermDomain = class java.security.ProtectionDomain@38c50258
      useCaches = true
      reflectionData = class java.lang.ref.SoftReference@12eb1802
      classRedefinedCount = 0
      genericInfo = null
      serialVersionUID = 3206093459760846163
      serialPersistentFields = class java.io.ObjectStreamField[0]
      reflectionFactory = class sun.reflect.ReflectionFactory@24767060
      initted = true
      enumConstants = null
      enumConstantDirectory = null
      annotationData = class java.lang.Class$AnnotationData@136cf30
      annotationType = null
      classValueMap = null
    servlet = class com.ibm.websphere.jaxrs.server.IBMRestServlet@1fcb495b
    addedToLoadOnStartup = true
    previousWeight = null
    multipartConfig = null
    multipartConfigBaseLocation = null
    runAsRole = null
    servletSecurityElement = null
    declareRolesAnnotation = null
    logger = class com.ibm.ws.logging.internal.WsLogger@41168064
    CLASS_NAME = "com.ibm.ws.webcontainer.servlet.TargetConfig"
    initParams = null
    fileName = null
    displayName = null
    name = "sample.SampleApplication"
    description = null
    smallIcon = null
    largeIcon = null
    context = class com.ibm.ws.webcontainer40.facade.ServletContextFacade40@5e11c6f7
    className = null
    asyncSupported = true
    _id = "sample.SampleApplication"
    _attributes = null
    serialVersionUID = 7511545662945734886
    $$$tc$$$ = class com.ibm.websphere.ras.TraceComponent@1ea1ad60
      strings[0] = "TraceComponent[com.ibm.ws.container.BaseConfiguration,class com.ibm.ws.container.BaseConfiguration,[],null,null]"
  context = class com.ibm.ws.webcontainer40.osgi.webapp.WebApp40@40a3bb23
    tc = class com.ibm.websphere.ras.TraceComponent@12f6a820
      strings[0] = "TraceComponent[com.ibm.ws.webcontainer40.osgi.webapp.WebApp40,class com.ibm.ws.webcontainer40.osgi.webapp.WebApp40,[webcontainer],com.ibm.ws.webcontainer31.resources.Messages,null]"
    servlet40NLS = class com.ibm.ejs.ras.TraceNLS@631afa43
      resolver = class com.ibm.ws.logging.internal.TraceNLSResolver@336af581
      finder = null
      ivBundleName = "com.ibm.ws.webcontainer40.resources.Messages"
      caller = class java.lang.Class@1b22ab33
    CLASS_NAME = "com.ibm.ws.webcontainer40.osgi.webapp.WebApp40"
    defaultSessionTimeout = 30
    tc = class com.ibm.websphere.ras.TraceComponent@3d4cbfe8
      strings[0] = "TraceComponent[com.ibm.ws.webcontainer31.osgi.webapp.WebApp31,class com.ibm.ws.webcontainer31.osgi.webapp.WebApp31,[webcontainer],com.ibm.ws.webcontainer31.resources.Messages,null]"
    CLASS_NAME = "com.ibm.ws.webcontainer31.osgi.webapp.WebApp31"
    servlet31NLS = class com.ibm.ejs.ras.TraceNLS@733d7881
      resolver = class com.ibm.ws.logging.internal.TraceNLSResolver@336af581
      finder = null
      ivBundleName = "com.ibm.ws.webcontainer31.resources.Messages"
      caller = class java.lang.Class@5ecf29e4
    validListenerClasses = class java.lang.Class[7]
      Class[0] = class java.lang.Class@fc2981c
      Class[1] = class java.lang.Class@3b5b1aa8
      Class[2] = class java.lang.Class@2298b525
      Class[3] = class java.lang.Class@3110208f
      Class[4] = class java.lang.Class@64aa00e7
      Class[5] = class java.lang.Class@491ec0dc
      Class[6] = class java.lang.Class@3fe6c533
    wsocServHandler = null
    tc = class com.ibm.websphere.ras.TraceComponent@60fce854
      strings[0] = "TraceComponent[com.ibm.ws.webcontainer.osgi.webapp.WebApp,class com.ibm.ws.webcontainer.osgi.webapp.WebApp,[webcontainer],com.ibm.ws.webcontainer.resources.LShimMessages,null]"
    CLASS_NAME = "com.ibm.ws.webcontainer.osgi.webapp.WebApp"
    metaDataService = class com.ibm.ws.container.service.metadata.internal.MetaDataServiceImpl@258d075b
      applicationMetaDataManager = class com.ibm.ws.container.service.metadata.internal.ApplicationMetaDataManager@5378610b
      moduleMetaDataManager = class com.ibm.ws.container.service.metadata.internal.ModuleMetaDataManager@1452c972
      componentMetaDataManager = class com.ibm.ws.container.service.metadata.internal.ComponentMetaDataManager@4c322d4e
      methodMetaDataManager = class com.ibm.ws.container.service.metadata.internal.MethodMetaDataManager@5f28ee63
      appModuleNameToModuleContainer = class java.util.concurrent.ConcurrentHashMap@4fc8bcb4
      jeeNameToComponentMetaData = class java.util.concurrent.ConcurrentHashMap@4d53f566
      deferredMetaDataFactories = class com.ibm.wsspi.kernel.service.utils.ConcurrentServiceReferenceSet@1056e9df
      deferredMetaDataInitializers = class com.ibm.wsspi.kernel.service.utils.ConcurrentServiceReferenceMap@8955640
      serialVersionUID = -2494605732980966097
      $$$tc$$$ = class com.ibm.websphere.ras.TraceComponent@7eab497e
    namespacePopulated = false
    referenceContext = class com.ibm.ws.injectionengine.osgi.internal.OSGiReferenceContextImpl@13cd98f5
      scopeData = class com.ibm.ws.injectionengine.osgi.internal.OSGiInjectionScopeData@17aeac7a
      serialVersionUID = 521511923892134915
      $$$tc$$$ = class com.ibm.websphere.ras.TraceComponent@31613ffe
      CLASS_NAME = "com.ibm.ws.injectionengine.ReferenceContextImpl"
      tc = class com.ibm.websphere.ras.TraceComponent@30c77821
      ivInjectionEngine = class com.ibm.ws.injectionengine.osgi.internal.OSGiInjectionEngineImpl@29adb8b2
      ivProviders = class java.util.ArrayList@2c433a09
      ivComponentJavaContext = null
      ivComponentNameSpace = null
      ivJavaColonCompEnvMap = class java.util.LinkedHashMap@486e3fe9
      ivEjbContext10 = class java.util.Properties@5033fc77
      ivResourceRefConfigList = null
      isAlreadyProcessed = true
      ivProcessFailure = null
      ivInjectionTargetMap = class java.util.concurrent.ConcurrentHashMap@4b5022a6
      svInjTarMapCacheSize = 256
      ivDeclaredInjectionTargets = class java.util.HashMap@7e76cab7
      ivProcessedInjectionClasses = class java.util.HashSet@475e33e7
      svInjClassMapCacheSize = 512
      ivProcessedInjectionBindings = class java.util.ArrayList@8c1af3f
      ivAnyProcessDynamic = false
      ivCheckAppConfig = false
    j2eeNameFactory = class com.ibm.ws.container.service.metadata.internal.J2EENameFactoryImpl@70b60a43
      serialVersionUID = 3486344295038028821
      $$$tc$$$ = class com.ibm.websphere.ras.TraceComponent@7dd93252
    moduleLoader = class com.ibm.ws.classloading.internal.AppClassLoader@2593d08a
      tc = class com.ibm.websphere.ras.TraceComponent@1ebb1d92
      disableSharedClassesCache = false
      PARENT_FIRST_SEARCH_ORDER = class java.util.Collections$UnmodifiableRandomAccessList@48ca228a
      packagesDefined = class java.util.Collections$SetFromMap@79c21a84
      CLASS_LOADING_TRACE_PREFIX = "com.ibm.ws.class.load."
      DEFAULT_PACKAGE = "default.package"
      perPackageClassLoadingTraceComponents = class java.util.concurrent.ConcurrentHashMap@56fa3b01
      config = class com.ibm.ws.classloading.internal.ClassLoaderConfigurationImpl@5f72d74f
      privateLibraries = null
      delegateLoaders = class com.ibm.ws.classloading.internal.util.CompositeIterable@46356059
      nativeLibraryFiles = class java.util.ArrayList@2f4a4421
      transformers = class java.util.ArrayList@286f50fa
      apiAccess = class com.ibm.ws.classloading.internal.GatewayClassLoader@6fa11391
      generator = class com.ibm.ws.classloading.internal.ClassGeneratorManager@61ee3217
      protectionDomains = class java.util.concurrent.ConcurrentHashMap@c34a1db
      parent = class com.ibm.ws.classloading.internal.GatewayClassLoader@6fa11391
      hook = null
      serialVersionUID = 8734164900246230615
      tc = class com.ibm.websphere.ras.TraceComponent@36767ef8
      smartClassPath = class com.ibm.ws.classloading.internal.ContainerClassLoader$SmartClassPathImpl@71229730
      nativeLibraryContainers = class java.util.ArrayList@2398e16e
      redefiner = class com.ibm.ws.classloading.internal.util.ClassRedefiner@33f60180
      jarProtocol = "wsjar:"
      mapCreationQueue = class java.util.concurrent.Executors$FinalizableDelegatedExecutorService@1ae5545c
      serialVersionUID = 6399598832433768509
      serialVersionUID = 1837293532091806117
      $$$tc$$$ = class com.ibm.websphere.ras.TraceComponent@4841e319
      serialVersionUID = -4586727107834513475
      $$$tc$$$ = class com.ibm.websphere.ras.TraceComponent@2c7b0007
      serialVersionUID = -7709588811276454856
      $$$tc$$$ = class com.ibm.websphere.ras.TraceComponent@3774a489
      initialized = true
      pdcache = class java.util.HashMap@7f9bcb27
      debug = null
      parent = class com.ibm.ws.classloading.internal.GatewayClassLoader@6fa11391
      parallelLockMap = class java.util.concurrent.ConcurrentHashMap@1b6cc62b
      package2certs = class java.util.concurrent.ConcurrentHashMap@18953ec7
      nocerts = class java.security.cert.Certificate[0]
      classes = class java.util.Vector@2862ce3d
      defaultDomain = class java.security.ProtectionDomain@901eae5
      packages = class java.util.HashMap@74212870
      scl = class sun.misc.Launcher$AppClassLoader@4e0e2f2a
      sclSet = true
      loadedLibraryNames = class java.util.Vector@45f34335
      systemNativeLibraries = class java.util.Vector@7b5e6e90
      nativeLibraries = class java.util.Vector@7d0ef5dc
      nativeLibraryContext = class java.util.Stack@1130a5
      usr_paths = class java.lang.String[30]
      sys_paths = class java.lang.String[1]
      assertionLock = class java.lang.Object@5dac51da
      defaultAssertionStatus = false
      packageAssertionStatus = null
      classAssertionStatus = null
    webAppConfig = class com.ibm.ws.webcontainer.osgi.webapp.WebAppConfiguration@622238f5
      webModuleMetaData = class com.ibm.ws.webcontainer.osgi.metadata.WebModuleMetaDataImpl@2b266fa
      webComponentMetaData = class com.ibm.ws.webcontainer.osgi.metadata.WebComponentMetaDataImpl@b45177e
      dVirtualHost = class com.ibm.ws.webcontainer.osgi.DynamicVirtualHost@636b8d7d
      orderedLibPaths = class java.util.Collections$UnmodifiableRandomAccessList@6b8341d8
      bundleHeaders = null
      cdiEnabled = false
      CLASS_NAME = "com.ibm.ws.webcontainer.webapp.WebAppConfiguration"
      logger = class com.ibm.ws.logging.internal.WsLogger@efc0531
      tc = class com.ibm.websphere.ras.TraceComponent@23372510
      nls = class com.ibm.ejs.ras.TraceNLS@50185b0f
      version = 31
      contextRoot = "/"
      isDefaultContextRootUsed = false
      sessionTimeout = 0
      moduleSessionTimeoutSet = false
      moduleSessionTrackingModeSet = false
      sessionCookieConfig = class com.ibm.ws.session.SessionCookieConfigImpl@772758c2
      hasProgrammaticCookieConfig = false
      sessionDefaultTrackingModeSet = class java.util.RegularEnumSet@55a22730
      sessionManagerConfig = class com.ibm.ws.session.SessionManagerConfig@5ae22b8e
      displayName = "Liberty Project"
      description = null
      reloadInterval = 0
      distributable = false
      denyUncoveredHttpMethods = false
      reloadingEnabled = false
      serveServletsByClassnameEnabled = false
      defaultErrorPage = null
      additionalClassPath = null
      fileServingEnabled = null
      directoryBrowsingEnabled = false
      autoRequestEncoding = false
      autoResponseEncoding = false
      autoLoadFilters = false
      requestListeners = null
      requestAttributeListeners = null
      sessionListeners = null
      localeMap = null
      moduleName = "HelloWorld"
      j2eeModuleName = "HelloWorld.war"
      moduleId = null
      isSyncToThreadEnabled = false
      encodeDispatchedRequestURI = false
      isSystemApp = false
      ardEnabled = false
      ardDispatchType = null
      listeners = class java.util.ArrayList@44b60ec8
      welcomeFileList = class java.util.ArrayList@56e4e572
      servletMappings = class java.util.HashMap@1b485624
      lastIndexBeforeDeclaredFilters = 0
      filterMappings = class java.util.ArrayList@5f1779da
      servletInfo = class java.util.concurrent.ConcurrentHashMap@2b23fcbe
      filterInfo = class java.util.HashMap@5a1d53dd
      mimeMappings = class java.util.HashMap@33dd7cc
      mimeFilters = null
      isMimeFilteringEnabled = false
      theWebGroup = null
      jspAttributes = class java.util.HashMap@6700b7d8
      fileServingAttributes = class java.util.HashMap@5372718a
      invokerAttributes = class java.util.HashMap@63415382
      contextParams = class java.util.HashMap@eaf6b91
      virtualHost = "default_host"
      exceptionErrorPages = class java.util.HashMap@6c73a3eb
      codeErrorPages = class java.util.HashMap@2ccd71ce
      tagLibList = null
      precompileJsps = false
      webApp = class com.ibm.ws.webcontainer40.osgi.webapp.WebApp40@40a3bb23
      virtualHostList = class java.util.Collections$EmptyList@4579ea96
      appStartupWeight = 0
      moduleStartupWeight = 0
      metaDataComplete = false
      classesToScan = class java.util.ArrayList@30fff24b
      uriFilterMappingInfos = null
      servletFilterMappingInfos = null
      dynamicServletRegistrationMap = null
      applicationName = "HelloWorld"
      libBinPathList = class java.util.ArrayList@41626344
      webXmlDefinedListeners = class java.util.HashSet@66639a7
      allRefs = class java.util.EnumMap@cc15ea7
      allRefBindings = class java.util.EnumMap@436398de
      envEntryValues = class java.util.HashMap@11c9bbb5
      resourceRefConfigList = null
      disallowAllFileServingProp = "false"
      disallowServeServletsByClassnameProp = "true"
      disableStaticMappingCache = false
      jspCachedLocations = null
      primedSTSHeader = "NoValue"
      enablemultireadofpostdata = false
      requestEncoding = null
      responseEncoding = null
      NULLSERVLETNAME = "com.ibm.ws.webcontainer.NullServletName"
      _id = "WebAppGeneratedId1"
      _attributes = null
      serialVersionUID = 7511545662945734886
      $$$tc$$$ = class com.ibm.websphere.ras.TraceComponent@1ea1ad60
    extensionProcessingDisabled = false
    managedObjectService = class com.ibm.ws.managedobject.internal.ManagedObjectServiceImpl@2f585c35
      serialVersionUID = -5207896281925798415
      $$$tc$$$ = class com.ibm.websphere.ras.TraceComponent@3b308ab5
    internalServletMetaData = interface com.ibm.wsspi.webcontainer.metadata.WebComponentMetaData[2]
      WebComponentMetaData[0] = null
      WebComponentMetaData[1] = null
    loginProcessor = null
    logoutProcessor = null
    collabHelper = class com.ibm.ws.webcontainer.osgi.collaborator.CollaboratorHelperImpl@3f05a90f
    envObject = class com.ibm.ws.util.WSThreadLocal@42c25ff6
      tc = class com.ibm.ejs.ras.TraceComponent@858b874
      count = 7
      index = 2
      SUSPECTED_MISUSAGE_THRESHOLD = 200
      threadLocalHashCode = 871072668
      nextHashCode = class java.util.concurrent.atomic.AtomicInteger@62c0d131
      HASH_INCREMENT = 1640531527
    orderedLibPaths = class java.util.Collections$UnmodifiableRandomAccessList@6b8341d8
      serialVersionUID = -2542308836966382001
      serialVersionUID = -283967356065247728
      list = class java.util.ArrayList@5ee624f6
      serialVersionUID = 1820017752578914078
      c = class java.util.ArrayList@5ee624f6
    perm = class com.ibm.websphere.security.WebSphereRuntimePermission@dff6cd8
      serialVersionUID = -3306242789188168337
      $$$tc$$$ = class com.ibm.websphere.ras.TraceComponent@1c72d82e
      serialVersionUID = 6279438298436773498
      wildcard = false
      path = "accessServletContext"
      exitVM = false
      serialVersionUID = -5636570222231596674
      name = "accessServletContext"
    WELCOME_FILE_LIST = "com.ibm.ws.webcontainer.config.WelcomeFileList"
    DIR_BROWSING_MAPPING = "__dirBrowsing__1616388745647"
    FILTER_PROXY_MAPPING = "/__filterProxy__1616388745647"
    logger = class com.ibm.ws.logging.internal.WsLogger@efc0531
      ivCachedResourceBundleName = null
      ivCachedResourceBundle = null
      ivComponent = null
      ivOrganization = null
      ivProduct = null
      ivMinimumLocalizationLevelIntValue = 625
      ivTC = class com.ibm.websphere.ras.TraceComponent@1fc56f7e
      loggerRegistrationComponent = class java.lang.ThreadLocal@457bd7c1
      emptyHandlers = class java.util.logging.Handler[0]
      offValue = 2147483647
      SYSTEM_LOGGER_RB_NAME = "sun.util.logging.resources.logging"
      SYSTEM_BUNDLE = class java.util.logging.Logger$LoggerBundle@305be187
      NO_RESOURCE_BUNDLE = class java.util.logging.Logger$LoggerBundle@63ef0788
      manager = class com.ibm.ws.kernel.boot.logging.WsLogManager@45fc6f38
      name = "com.ibm.ws.webcontainer.webapp"
      handlers = class java.util.concurrent.CopyOnWriteArrayList@5f5307d9
      loggerBundle = class java.util.logging.Logger$LoggerBundle@204f1ee8
      useParentHandlers = true
      filter = null
      anonymous = false
      catalog = class com.ibm.ws.webcontainer.resources.Messages@2ad26aff
      catalogName = "com.ibm.ws.webcontainer.resources.Messages"
      catalogLocale = class java.util.Locale@c715532
      treeLock = class java.lang.Object@41f22f80
      parent = class com.ibm.ws.logging.internal.WsLogger@27ce1ddd
      kids = null
      levelObject = class java.util.logging.Level@1e721e49
      levelValue = 800
      callersClassLoaderRef = class java.lang.ref.WeakReference@3921378
      isSystemLogger = false
      GLOBAL_LOGGER_NAME = "global"
      global = class java.util.logging.Logger@2367bf
      $assertionsDisabled = true
    CLASS_NAME = "com.ibm.ws.webcontainer.webapp.WebApp"
    loader = class com.ibm.ws.classloading.internal.ThreadContextClassLoader@4bbc4c2a
      tc = class com.ibm.websphere.ras.TraceComponent@2a12e483
      bundle = class java.util.concurrent.atomic.AtomicReference@666036d4
      key = "WebModule:HelloWorld#HelloWorld.war"
      refCount = class java.util.concurrent.atomic.AtomicInteger@37c16151
      appLoader = class com.ibm.ws.classloading.internal.AppClassLoader@2593d08a
      clSvc = class com.ibm.ws.classloading.internal.ClassLoadingServiceImpl@6cb6a5f7
      serialVersionUID = 846416563800781557
      tc = class com.ibm.websphere.ras.TraceComponent@113627e7
      followOnClassLoaders = class java.util.ArrayList@42486811
      serialVersionUID = 8829649920524275888
      serialVersionUID = -4586727107834513475
      $$$tc$$$ = class com.ibm.websphere.ras.TraceComponent@2c7b0007
      serialVersionUID = -7709588811276454856
      $$$tc$$$ = class com.ibm.websphere.ras.TraceComponent@3774a489
      initialized = true
      pdcache = class java.util.HashMap@25f9301a
      debug = null
      parent = class com.ibm.ws.classloading.internal.GatewayClassLoader@12cbc71e
      parallelLockMap = class java.util.concurrent.ConcurrentHashMap@198e061d
      package2certs = class java.util.concurrent.ConcurrentHashMap@40ce81c6
      nocerts = class java.security.cert.Certificate[0]
      classes = class java.util.Vector@4147712e
      defaultDomain = class java.security.ProtectionDomain@2d52e0fc
      packages = class java.util.HashMap@4485b5a5
      scl = class sun.misc.Launcher$AppClassLoader@4e0e2f2a
      sclSet = true
      loadedLibraryNames = class java.util.Vector@45f34335
      systemNativeLibraries = class java.util.Vector@7b5e6e90
      nativeLibraries = class java.util.Vector@70f1cc42
      nativeLibraryContext = class java.util.Stack@1130a5
      usr_paths = class java.lang.String[30]
      sys_paths = class java.lang.String[1]
      assertionLock = class java.lang.Object@a451d73
      defaultAssertionStatus = false
      packageAssertionStatus = null
      classAssertionStatus = null
    facade = class com.ibm.ws.webcontainer40.facade.ServletContextFacade40@5e11c6f7
      context = class com.ibm.ws.webcontainer40.osgi.webapp.WebApp40@40a3bb23
    features = class java.util.ArrayList@2fedc16c
      serialVersionUID = 8683452581122892189
      DEFAULT_CAPACITY = 10
      EMPTY_ELEMENTDATA = class java.lang.Object[0]
      DEFAULTCAPACITY_EMPTY_ELEMENTDATA = class java.lang.Object[0]
      elementData = class java.lang.Object[0]
      size = 0
      MAX_ARRAY_SIZE = 2147483639
      modCount = 0
      MAX_ARRAY_SIZE = 2147483639
    applicationName = "HelloWorld"
    config = class com.ibm.ws.webcontainer.osgi.webapp.WebAppConfiguration@622238f5
    securityEnabledForApp = false
    webExtensionProcessor = class com.ibm.ws.webcontainer.osgi.extension.WebExtensionProcessor@5982f1e5
      webApp = class com.ibm.ws.webcontainer40.osgi.webapp.WebApp40@40a3bb23
      extensionContext = class com.ibm.ws.webcontainer40.osgi.webapp.WebApp40@40a3bb23
    production = true
    isServlet23 = true
    contextPath = "/"
    internalServletList = class [Ljava.lang.String;[2]
      String[][0] = class java.lang.String[2]
      String[][1] = class java.lang.String[2]
    BY_NAME_ONLY = "/_1616388745651_/"
    filterManager = class com.ibm.ws.webcontainer.osgi.filter.WebAppFilterManagerImpl@67cffc07
      _filterWrappers = class java.util.Hashtable@18355847
      chainCache = class java.util.Collections$SynchronizedMap@e95c77e
      forwardChainCache = class java.util.Collections$SynchronizedMap@33b3ff96
      includeChainCache = class java.util.Collections$SynchronizedMap@34c6ad94
      errorChainCache = class java.util.Collections$SynchronizedMap@6033c2b
      _filtersDefined = false
      FMI_MAPPING_SINGLE_SLASH = 0
      FMI_MAPPING_PATH_MATCH = 1
      FMI_MAPPING_EXTENSION_MATCH = 2
      FMI_MAPPING_EXACT_MATCH = 3
      logger = class com.ibm.ws.logging.internal.WsLogger@260da5a2
      CLASS_NAME = "com.ibm.ws.webcontainer.filter.WebAppFilterManager"
      nls = class com.ibm.ejs.ras.TraceNLS@aeeb1ba
      webAppConfig = class com.ibm.ws.webcontainer.osgi.webapp.WebAppConfiguration@622238f5
      webApp = class com.ibm.ws.webcontainer40.osgi.webapp.WebApp40@40a3bb23
      collabHelper = class com.ibm.ws.webcontainer.osgi.collaborator.CollaboratorHelperImpl@3f05a90f
      secCollab = class com.ibm.ws.webcontainer.collaborator.WebAppSecurityCollaborator@8988fdf
      sessionSecurityIntegrationEnabled = true
      assumeFilterSuccessOnSecurityError = false
      useOriginalRequestState = false
      _evtSource = class com.ibm.ws.webcontainer.webapp.WebAppEventSource@6aabef66
      defaultComponentMetaData = class com.ibm.ws.webcontainer.osgi.metadata.WebComponentMetaDataImpl@b45177e
      DEFER_SERVLET_REQUEST_LISTENER_DESTROY_ON_ERROR = false
    documentRoot = null
    SERVLET_API_VERSION = "Servlet 2.5"
    disableServletAuditLogging = -1
    serverInfo = "IBM WebSphere Liberty/21.0.0.3"
    sessionCtx = class com.ibm.ws.webcontainer31.session.impl.HttpSessionContext31Impl@68ab67c2
      methodClassName = "HttpSessionContextImpl"
      _smc = class com.ibm.ws.session.SessionManagerConfig@5ae22b8e
      sessionStoreService = null
      _sap = class com.ibm.ws.session.SessionApplicationParameters@354c65b0
      _coreHttpSessionManager = class com.ibm.ws.session.SessionManager@5924c108
      _coreHttpAppSessionManager = null
      _sam = class com.ibm.ws.webcontainer.session.impl.SessionAffinityManagerImpl@78f34104
      isSIPApplication = false
      sessionAttributeListener = false
      sessionListener = false
      mHttpSessionAttributeListeners = class java.util.ArrayList@3386abcf
      mHttpSessionListeners = class java.util.ArrayList@653139ea
      mHttpSessionIdListeners = class java.util.ArrayList@1ae298c5
      mHttpSessionAttributeListenersJ2eeNames = class java.util.ArrayList@78fb11fc
      mHttpSessionListenersJ2eeNames = class java.util.ArrayList@7ea515ff
      mHttpSessionIdListenersJ2eeNames = class java.util.ArrayList@12b79da8
      mLocalHost = null
      _refCount = 1
      currentThreadSacHashtable = null
      methodClassName = "SessionContext"
      ANONYMOUS_USER = "anonymous"
      wasHttpSessionObserver = class com.ibm.ws.session.WasHttpSessionObserver@1c1d0b8b
      wasHttpSessionAttributeObserver = null
      _invalidator = class com.ibm.ws.session.SessionInvalidatorWithThreadPool@3cc99d05
      _storer = class com.ibm.ws.session.EOSSessionStorer@6a157d8e
      wasHttpAppSessionObserver = null
      mHttpAppSessionListeners = null
      cmvcInfo = "CMVC Version 1.9 6/24/07 11:12:24"
      _loggedVersion = true
      CREATE_CORE_SESSION_MANAGER = 0
      GET_REQUESTED_SESSION_ID = 1
      GET_IHTTP_SESSION = 2
      SESSION_PRE_INVOKE = 3
      SESSION_POST_INVOKE = 4
      STOP = 5
      STOP_LISTENERS = 6
      IS_VALID = 7
      ENCODE_URL = 8
      SHOULD_ENCODE_URL = 9
      IS_PROTOCOL_SWITCH = 10
      GET_LOCAL_HOST = 11
      ADD_HTTP_SESSION_ATTRIBUTE_LISTENER = 12
      ADD_HTTP_SESSION_LISTENER = 13
      GET_SESSION_AFFINITY_CONTEXT = 14
      CHECK_SECURITY = 15
      INVALIDATE = 16
      CHECK_SESSSIONID_IS_RIGHT_LENGTH = 17
      LOCK_SESSION = 18
      UNLOCK_SESSION = 19
      ADD_HTTP_SESSION_ID_LISTENER = 20
      methodNames = class java.lang.String[21]
    eventSource = class com.ibm.ws.webcontainer.webapp.WebAppEventSource@6aabef66
    nls = class com.ibm.ejs.ras.TraceNLS@127b2a44
      resolver = class com.ibm.ws.logging.internal.TraceNLSResolver@336af581
      finder = null
      ivBundleName = "com.ibm.ws.webcontainer.resources.Messages"
      caller = class java.lang.Class@3863c9e7
    liberty_nls = class com.ibm.ejs.ras.TraceNLS@a4cd3c8
      resolver = class com.ibm.ws.logging.internal.TraceNLSResolver@336af581
      finder = null
      ivBundleName = "com.ibm.ws.webcontainer.resources.LShimMessages"
      caller = class java.lang.Class@3863c9e7
    error_nls = class com.ibm.ejs.ras.TraceNLS@69fe3c9d
      resolver = class com.ibm.ws.logging.internal.TraceNLSResolver@336af581
      finder = null
      ivBundleName = "com.ibm.ws.webcontainer.resources.ErrorPage"
      caller = class java.lang.Class@3863c9e7
    sessionListeners = class java.util.ArrayList@5ad8c317
      serialVersionUID = 8683452581122892189
      DEFAULT_CAPACITY = 10
      EMPTY_ELEMENTDATA = class java.lang.Object[0]
      DEFAULTCAPACITY_EMPTY_ELEMENTDATA = class java.lang.Object[0]
      elementData = class java.lang.Object[0]
      size = 0
      MAX_ARRAY_SIZE = 2147483639
      modCount = 1
      MAX_ARRAY_SIZE = 2147483639
    sessionIdListeners = class java.util.ArrayList@11baeb02
      serialVersionUID = 8683452581122892189
      DEFAULT_CAPACITY = 10
      EMPTY_ELEMENTDATA = class java.lang.Object[0]
      DEFAULTCAPACITY_EMPTY_ELEMENTDATA = class java.lang.Object[0]
      elementData = class java.lang.Object[0]
      size = 0
      MAX_ARRAY_SIZE = 2147483639
      modCount = 0
      MAX_ARRAY_SIZE = 2147483639
    sessionAttrListeners = class java.util.ArrayList@7d84a86e
      serialVersionUID = 8683452581122892189
      DEFAULT_CAPACITY = 10
      EMPTY_ELEMENTDATA = class java.lang.Object[0]
      DEFAULTCAPACITY_EMPTY_ELEMENTDATA = class java.lang.Object[0]
      elementData = class java.lang.Object[0]
      size = 0
      MAX_ARRAY_SIZE = 2147483639
      modCount = 1
      MAX_ARRAY_SIZE = 2147483639
    addedSessionListeners = class java.util.ArrayList@65867997
      serialVersionUID = 8683452581122892189
      DEFAULT_CAPACITY = 10
      EMPTY_ELEMENTDATA = class java.lang.Object[0]
      DEFAULTCAPACITY_EMPTY_ELEMENTDATA = class java.lang.Object[0]
      elementData = class java.lang.Object[0]
      size = 0
      MAX_ARRAY_SIZE = 2147483639
      modCount = 0
      MAX_ARRAY_SIZE = 2147483639
    addedSessionAttrListeners = class java.util.ArrayList@79dade4b
      serialVersionUID = 8683452581122892189
      DEFAULT_CAPACITY = 10
      EMPTY_ELEMENTDATA = class java.lang.Object[0]
      DEFAULTCAPACITY_EMPTY_ELEMENTDATA = class java.lang.Object[0]
      elementData = class java.lang.Object[0]
      size = 0
      MAX_ARRAY_SIZE = 2147483639
      modCount = 0
      MAX_ARRAY_SIZE = 2147483639
    servletContextListeners = class java.util.ArrayList@3ffec889
      serialVersionUID = 8683452581122892189
      DEFAULT_CAPACITY = 10
      EMPTY_ELEMENTDATA = class java.lang.Object[0]
      DEFAULTCAPACITY_EMPTY_ELEMENTDATA = class java.lang.Object[0]
      elementData = class java.lang.Object[0]
      size = 0
      MAX_ARRAY_SIZE = 2147483639
      modCount = 1
      MAX_ARRAY_SIZE = 2147483639
    servletContextLAttrListeners = class java.util.ArrayList@67e1c0c0
      serialVersionUID = 8683452581122892189
      DEFAULT_CAPACITY = 10
      EMPTY_ELEMENTDATA = class java.lang.Object[0]
      DEFAULTCAPACITY_EMPTY_ELEMENTDATA = class java.lang.Object[0]
      elementData = class java.lang.Object[0]
      size = 0
      MAX_ARRAY_SIZE = 2147483639
      modCount = 1
      MAX_ARRAY_SIZE = 2147483639
    servletRequestListeners = class java.util.ArrayList@317d476a
      serialVersionUID = 8683452581122892189
      DEFAULT_CAPACITY = 10
      EMPTY_ELEMENTDATA = class java.lang.Object[0]
      DEFAULTCAPACITY_EMPTY_ELEMENTDATA = class java.lang.Object[0]
      elementData = class java.lang.Object[0]
      size = 0
      MAX_ARRAY_SIZE = 2147483639
      modCount = 1
      MAX_ARRAY_SIZE = 2147483639
    servletRequestLAttrListeners = class java.util.ArrayList@1efaff88
      serialVersionUID = 8683452581122892189
      DEFAULT_CAPACITY = 10
      EMPTY_ELEMENTDATA = class java.lang.Object[0]
      DEFAULTCAPACITY_EMPTY_ELEMENTDATA = class java.lang.Object[0]
      elementData = class java.lang.Object[0]
      size = 0
      MAX_ARRAY_SIZE = 2147483639
      modCount = 1
      MAX_ARRAY_SIZE = 2147483639
    prependSlashToResource = false
    destroyed = false
    webAppNameSpaceCollab = class com.ibm.ws.webcontainer.osgi.collaborator.WebAppNameSpaceCollaboratorImpl@425d92f6
    txCollab = class com.ibm.ws.webcontainer.collaborator.WebAppTransactionCollaborator@77389504
    sessionActivationListeners = class java.util.ArrayList@5709c65e
      serialVersionUID = 8683452581122892189
      DEFAULT_CAPACITY = 10
      EMPTY_ELEMENTDATA = class java.lang.Object[0]
      DEFAULTCAPACITY_EMPTY_ELEMENTDATA = class java.lang.Object[0]
      elementData = class java.lang.Object[0]
      size = 0
      MAX_ARRAY_SIZE = 2147483639
      modCount = 1
      MAX_ARRAY_SIZE = 2147483639
    sessionBindingListeners = class java.util.ArrayList@3e87ebbf
      serialVersionUID = 8683452581122892189
      DEFAULT_CAPACITY = 10
      EMPTY_ELEMENTDATA = class java.lang.Object[0]
      DEFAULTCAPACITY_EMPTY_ELEMENTDATA = class java.lang.Object[0]
      elementData = class java.lang.Object[0]
      size = 0
      MAX_ARRAY_SIZE = 2147483639
      modCount = 1
      MAX_ARRAY_SIZE = 2147483639
    scratchdir = null
    jspClassLoaderLimit = 0
    jspClassLoaderExclusionList = null
    jspClassLoadersMap = null
    jspClassLoaderLimitTrackIF = false
    defaultExtProc = null
    directoryBrowsingServlet = null
    cdiContexts = class java.util.concurrent.ConcurrentHashMap@2c550896
      serialVersionUID = 7249069246763182397
      MAXIMUM_CAPACITY = 1073741824
      DEFAULT_CAPACITY = 16
      MAX_ARRAY_SIZE = 2147483639
      DEFAULT_CONCURRENCY_LEVEL = 16
      LOAD_FACTOR = 0.75
      TREEIFY_THRESHOLD = 8
      UNTREEIFY_THRESHOLD = 6
      MIN_TREEIFY_CAPACITY = 64
      MIN_TRANSFER_STRIDE = 16
      RESIZE_STAMP_BITS = 16
      MAX_RESIZERS = 65535
      RESIZE_STAMP_SHIFT = 16
      MOVED = -1
      TREEBIN = -2
      RESERVED = -3
      HASH_BITS = 2147483647
      NCPU = 8
      serialPersistentFields = class java.io.ObjectStreamField[3]
      table = null
      nextTable = null
      baseCount = 0
      sizeCtl = 0
      transferIndex = 0
      cellsBusy = 0
      counterCells = null
      keySet = null
      values = null
      entrySet = null
      U = class sun.misc.Unsafe@455fe258
      SIZECTL = 20
      TRANSFERINDEX = 32
      BASECOUNT = 24
      CELLSBUSY = 36
      CELLVALUE = 144
      ABASE = 16
      ASHIFT = 2
      keySet = null
      values = null
    moduleConfig = class com.ibm.ws.webcontainer.osgi.container.DeployedModule@35771074
      tc = class com.ibm.websphere.ras.TraceComponent@7ed5d89a
      loader = class com.ibm.ws.classloading.internal.ThreadContextClassLoader@4bbc4c2a
      webApp = class com.ibm.ws.webcontainer40.osgi.webapp.WebApp40@40a3bb23
      webAppConfig = class com.ibm.ws.webcontainer.osgi.webapp.WebAppConfiguration@622238f5
      contextRootAdded = class com.ibm.ws.threading.internal.NonCancelableResultFuture@41bfaec
      properContextRoot = "/"
      mappingContextRoot = "/*"
      initTaskCount = class java.util.concurrent.atomic.AtomicInteger@6617639d
      initTasksDoneListener = class com.ibm.ws.webcontainer.osgi.WebContainer$2@2390ad23
      serialVersionUID = -2104814060051592457
      $$$tc$$$ = class com.ibm.websphere.ras.TraceComponent@5fd61683
    extensionFactories = class java.util.ArrayList@34accf76
      serialVersionUID = 8683452581122892189
      DEFAULT_CAPACITY = 10
      EMPTY_ELEMENTDATA = class java.lang.Object[0]
      DEFAULTCAPACITY_EMPTY_ELEMENTDATA = class java.lang.Object[0]
      elementData = class java.lang.Object[10]
      size = 1
      MAX_ARRAY_SIZE = 2147483639
      modCount = 1
      MAX_ARRAY_SIZE = 2147483639
    initialized = true
    lock = class com.ibm.ws.webcontainer.webapp.WebApp$1@46e86dc
      this$0 = class com.ibm.ws.webcontainer40.osgi.webapp.WebApp40@40a3bb23
    afterServletContextCreated = false
    redirectContextRoot = false
    errorExceptionTypeFirst = false
    initFilterBeforeServletInit = false
    SET_400_SC_ON_TOO_MANY_PARENT_DIRS = false
    sortedServletConfigs = class java.util.ArrayList@7b2f7f
      serialVersionUID = 8683452581122892189
      DEFAULT_CAPACITY = 10
      EMPTY_ELEMENTDATA = class java.lang.Object[0]
      DEFAULTCAPACITY_EMPTY_ELEMENTDATA = class java.lang.Object[0]
      elementData = class java.lang.Object[10]
      size = 2
      MAX_ARRAY_SIZE = 2147483639
      modCount = 2
      MAX_ARRAY_SIZE = 2147483639
    effectiveMajorVersion = 3
    effectiveMinorVersion = 1
    canAddServletContextListener = true
    withinContextInitOfProgAddListener = false
    lastProgAddListenerInitialized = null
    webInfLibClassloader = null
    metaInfCache = class com.ibm.ws.webcontainer.webapp.WebApp$2@d826bb4
      this$0 = class com.ibm.ws.webcontainer40.osgi.webapp.WebApp40@40a3bb23
      serialVersionUID = 3801124242820219131
      head = null
      tail = null
      accessOrder = true
      serialVersionUID = 362498820763181265
      DEFAULT_INITIAL_CAPACITY = 16
      MAXIMUM_CAPACITY = 1073741824
      DEFAULT_LOAD_FACTOR = 0.75
      TREEIFY_THRESHOLD = 8
      UNTREEIFY_THRESHOLD = 6
      MIN_TREEIFY_CAPACITY = 64
      table = null
      entrySet = null
      size = 0
      modCount = 0
      threshold = 32
      loadFactor = 1.0
      keySet = null
      values = null
    useMetaInfCache = true
    SUN_CONFIGURE_LISTENER_CLASSNAME = "com.sun.faces.config.ConfigureListener"
    MYFACES_LIFECYCLE_LISTENER_CLASSNAME = "org.apache.myfaces.webapp.StartupServletContextListener"
    JSF_IMPL_ENABLED_PARAM = "com.ibm.ws.jsf.JSF_IMPL_ENABLED"
    JSF_IMPL_ENABLED_CUSTOM = "Custom"
    JSF_IMPL_ENABLED_NONE = "None"
    staticDocRoot = class com.ibm.ws.webcontainer.util.DocumentRootUtils@5f87c20d
      logger = class com.ibm.ws.logging.internal.WsLogger@7287dafb
      CLASS_NAME = "com.ibm.ws.webcontainer.util.DocumentRootUtils"
      useContentLength = false
      matchedFile = null
      matchedZipFile = null
      matchedEntry = null
      matchedURL = null
      edrRoot = null
      pfedrRoot = null
      ctxt = class com.ibm.ws.webcontainer40.osgi.webapp.WebApp40@40a3bb23
      baseDir = null
      edr = null
      pfedr = null
      metaInfRes = null
      searchpfEDR = true
      searchEDR = true
      searchMetaInfRes = true
      matchFromEDR = false
      matchFromMetaInfRes = false
      matchIsADirectory = false
      appConfig = class com.ibm.ws.webcontainer.osgi.webapp.WebAppConfiguration@622238f5
      attributeType = "staticFile"
      STATIC_FILE = "staticFile"
      JSP = "jsp"
      PFEDR = "preFragmentExtendedDocumentRoot"
      EDR = "extendedDocumentRoot"
    jspDocRoot = class com.ibm.ws.webcontainer.util.DocumentRootUtils@2fafe747
      logger = class com.ibm.ws.logging.internal.WsLogger@7287dafb
      CLASS_NAME = "com.ibm.ws.webcontainer.util.DocumentRootUtils"
      useContentLength = false
      matchedFile = null
      matchedZipFile = null
      matchedEntry = null
      matchedURL = null
      edrRoot = null
      pfedrRoot = null
      ctxt = class com.ibm.ws.webcontainer40.osgi.webapp.WebApp40@40a3bb23
      baseDir = null
      edr = null
      pfedr = null
      metaInfRes = null
      searchpfEDR = true
      searchEDR = true
      searchMetaInfRes = true
      matchFromEDR = false
      matchFromMetaInfRes = false
      matchIsADirectory = false
      appConfig = class com.ibm.ws.webcontainer.osgi.webapp.WebAppConfiguration@622238f5
      attributeType = "jsp"
      STATIC_FILE = "staticFile"
      JSP = "jsp"
      PFEDR = "preFragmentExtendedDocumentRoot"
      EDR = "extendedDocumentRoot"
    container = class com.ibm.ws.adaptable.module.internal.AdaptableContainerImpl@37bfae25
      root = class com.ibm.ws.adaptable.module.internal.AdaptableContainerImpl@37bfae25
      rootOverlay = class com.ibm.ws.artifact.overlay.internal.DirectoryBasedOverlayContainerImpl@6322be4
      factoryHolder = class com.ibm.ws.adaptable.module.internal.AdaptableModuleFactoryImpl@59ebeaea
      delegate = class com.ibm.ws.artifact.overlay.internal.DirectoryBasedOverlayContainerImpl@6322be4
      notifier = class com.ibm.ws.adaptable.module.internal.NotifierImpl@2706ae49
      serialVersionUID = -5950528200509051684
      $$$tc$$$ = class com.ibm.websphere.ras.TraceComponent@7441212b
    metaInfResourceFinder = class com.ibm.ws.webcontainer.util.MetaInfResourceFinder@7676251a
      jarResourceContainers = class java.util.ArrayList@30d4fdfd
      container = class com.ibm.ws.adaptable.module.internal.AdaptableContainerImpl@37bfae25
    postConstructMethods = class com.ibm.ws.webcontainer.webapp.WebApp$AnnotatedMethods@68b73fab
      annotationClass = class java.lang.Class@57898f6d
      noOpClassNames = class java.util.HashSet@54b1c6d2
      annotatedMethodNames = class java.util.concurrent.ConcurrentHashMap@2ae01ac4
      EMPTY_METHODS = class java.lang.reflect.Method[0]
    preDestroyMethods = class com.ibm.ws.webcontainer.webapp.WebApp$AnnotatedMethods@9c10f1a
      annotationClass = class java.lang.Class@13eb25d9
      noOpClassNames = class java.util.HashSet@2d978fdd
      annotatedMethodNames = class java.util.concurrent.ConcurrentHashMap@37431983
      EMPTY_METHODS = class java.lang.reflect.Method[0]
    OBJ_EMPTY = class java.lang.Object[0]
    CLASS_EMPTY = class java.lang.Class[0]
    DEFAULT_JSP_EXTENSIONS = class java.util.ArrayList@598454ba
      serialVersionUID = 8683452581122892189
      DEFAULT_CAPACITY = 10
      EMPTY_ELEMENTDATA = class java.lang.Object[0]
      DEFAULTCAPACITY_EMPTY_ELEMENTDATA = class java.lang.Object[0]
      elementData = class java.lang.Object[10]
      size = 4
      MAX_ARRAY_SIZE = 2147483639
      modCount = 4
      MAX_ARRAY_SIZE = 2147483639
    DEFER_SERVLET_REQUEST_LISTENER_DESTROY_ON_ERROR = false
    DO_ACCEPT_PARTIAL = true
    DO_NOT_ACCEPT_PARTIAL = false
    DO_ACCEPT_EXCLUDED = true
    DO_NOT_ACCEPT_EXCLUDED = false
    commands = class java.util.ArrayList@1e1df465
      serialVersionUID = 8683452581122892189
      DEFAULT_CAPACITY = 10
      EMPTY_ELEMENTDATA = class java.lang.Object[0]
      DEFAULTCAPACITY_EMPTY_ELEMENTDATA = class java.lang.Object[0]
      elementData = class java.lang.Object[3]
      size = 0
      MAX_ARRAY_SIZE = 2147483639
      modCount = 0
      MAX_ARRAY_SIZE = 2147483639
    requestMapper = class com.ibm.wsspi.webcontainer.util.URIMapper@4f86ca6a
      matcher = class com.ibm.wsspi.webcontainer40.util.URIMatcher40@150db30c
    parent = class com.ibm.ws.webcontainer.osgi.webapp.WebGroup@4ebea55f
      tc = class com.ibm.websphere.ras.TraceComponent@56b07c90
      logger = class com.ibm.ws.logging.internal.WsLogger@efc0531
      CLASS_NAME = "com.ibm.ws.webcontainer.webapp.WebGroup"
      sessUrlRewritePrefix = ";jsessionid="
      qMark = "?"
      config = class com.ibm.ws.webcontainer.osgi.webapp.WebGroupConfiguration@2429a2a4
      webApp = class com.ibm.ws.webcontainer40.osgi.webapp.WebApp40@40a3bb23
      commands = class java.util.ArrayList@2b55a11b
      requestMapper = null
      parent = class com.ibm.ws.webcontainer.osgi.DynamicVirtualHost@636b8d7d
      name = "/*"
      isAlive = true
      subElements = class java.util.HashMap@3a2d3acb
      attributes = null
      config = null
      serialVersionUID = -8271459000149267764
      $$$tc$$$ = class com.ibm.websphere.ras.TraceComponent@40df865f
    name = "HelloWorld"
    isAlive = true
    subElements = null
    attributes = class java.util.concurrent.ConcurrentHashMap@35e419b6
      serialVersionUID = 7249069246763182397
      MAXIMUM_CAPACITY = 1073741824
      DEFAULT_CAPACITY = 16
      MAX_ARRAY_SIZE = 2147483639
      DEFAULT_CONCURRENCY_LEVEL = 16
      LOAD_FACTOR = 0.75
      TREEIFY_THRESHOLD = 8
      UNTREEIFY_THRESHOLD = 6
      MIN_TREEIFY_CAPACITY = 64
      MIN_TRANSFER_STRIDE = 16
      RESIZE_STAMP_BITS = 16
      MAX_RESIZERS = 65535
      RESIZE_STAMP_SHIFT = 16
      MOVED = -1
      TREEBIN = -2
      RESERVED = -3
      HASH_BITS = 2147483647
      NCPU = 8
      serialPersistentFields = class java.io.ObjectStreamField[3]
      table = class java.util.concurrent.ConcurrentHashMap$Node[16]
      nextTable = null
      baseCount = 9
      sizeCtl = 12
      transferIndex = 0
      cellsBusy = 0
      counterCells = null
      keySet = null
      values = null
      entrySet = null
      U = class sun.misc.Unsafe@455fe258
      SIZECTL = 20
      TRANSFERINDEX = 32
      BASECOUNT = 24
      CELLSBUSY = 36
      CELLVALUE = 144
      ABASE = 16
      ASHIFT = 2
      keySet = null
      values = null
    config = null
    serialVersionUID = -8271459000149267764
    $$$tc$$$ = class com.ibm.websphere.ras.TraceComponent@40df865f
      strings[0] = "TraceComponent[com.ibm.ws.container.AbstractContainer,class com.ibm.ws.container.AbstractContainer,[],null,null]"
  target = class com.ibm.websphere.jaxrs.server.IBMRestServlet@1fcb495b
    serialVersionUID = -6835560282014155024
    KNOWN_HTTP_VERBS = class java.util.Arrays$ArrayList@9106b99
      serialVersionUID = -2764017481108945198
      a = class java.lang.String[7]
      modCount = 0
      MAX_ARRAY_SIZE = 2147483639
    HTML_CONTENT_TYPE = "text/html"
    endpoint = class com.ibm.ws.jaxrs20.server.JaxRsWebEndpointImpl@3e897b82
      server = null
      beanCustomizers = class java.util.HashSet@4b62f945
      tc = class com.ibm.websphere.ras.TraceComponent@75fc6e9a
      features = class java.util.ArrayList@7403286
      serialVersionUID = -378337445187376906
      tc = class com.ibm.websphere.ras.TraceComponent@4b671ff4
      HTTP_PREFIX = "http"
      SET_JAXB_VALIDATION_EVENT_HANDLER = "set-jaxb-validation-event-handler"
      endpointInfo = class com.ibm.ws.jaxrs20.metadata.EndpointInfo@22404015
      jaxRsModuleMetaData = class com.ibm.ws.jaxrs20.metadata.JaxRsModuleMetaData@5be7314f
      servletConfig = class com.ibm.ws.webcontainer.servlet.ServletConfig@4af2803
      destination = null
      serialVersionUID = -5865334179039344363
    collaborator = class com.ibm.ws.webcontainer.osgi.collaborator.WebAppNameSpaceCollaboratorImpl@425d92f6
    providerFactoryService = class com.ibm.ws.jaxrs20.component.JaxRsProviderFactory@2b1f1f03
      jsonpProvider = class org.glassfish.json.JsonProviderImpl@4af1880d
      jsonbProvider = class org.eclipse.yasson.JsonBindingProvider@756c3208
      serviceInstance = class com.ibm.ws.jaxrs20.component.JaxRsProviderFactory@2b1f1f03
      providerRegisterList = class java.util.concurrent.CopyOnWriteArrayList@2f31ed21
      _featureProvisioner = class com.ibm.wsspi.kernel.service.utils.AtomicServiceReference@52df439
      serialVersionUID = -7573543353316237221
      $$$tc$$$ = class com.ibm.websphere.ras.TraceComponent@3fae1695
    $$$tc$$$ = class com.ibm.websphere.ras.TraceComponent@3b7d03b0
      strings[0] = "TraceComponent[com.ibm.websphere.jaxrs.server.IBMRestServlet,class com.ibm.websphere.jaxrs.server.IBMRestServlet,[],null,null]"
    METHOD_DELETE = "DELETE"
    METHOD_HEAD = "HEAD"
    METHOD_GET = "GET"
    METHOD_OPTIONS = "OPTIONS"
    METHOD_POST = "POST"
    METHOD_PUT = "PUT"
    METHOD_TRACE = "TRACE"
    HEADER_IFMODSINCE = "If-Modified-Since"
    HEADER_LASTMOD = "Last-Modified"
    LSTRING_FILE = "javax.servlet.http.LocalStrings"
    lStrings = class java.util.PropertyResourceBundle@4f3d311c
      lookup = class java.util.HashMap@43dab571
      INITIAL_CACHE_SIZE = 32
      NONEXISTENT_BUNDLE = class java.util.ResourceBundle$1@46c97e3e
      cacheList = class java.util.concurrent.ConcurrentHashMap@6a613d23
      referenceQueue = class java.lang.ref.ReferenceQueue@50164f15
      parent = null
      locale = class java.util.Locale@6ac5f0ec
      name = "javax.servlet.http.LocalStrings"
      expired = false
      cacheKey = class java.util.ResourceBundle$CacheKey@57322370
      keySet = null
      providers = null
      $assertionsDisabled = true
    LSTRING_FILE = "javax.servlet.LocalStrings"
    lStrings = class java.util.PropertyResourceBundle@1059898
    config = class com.ibm.ws.webcontainer.servlet.ServletConfig@4af2803
  cacheWrappers = null
  targetLoader = null
  evtSource = class com.ibm.ws.webcontainer.webapp.WebAppEventSource@6aabef66
    _invocationListeners = class com.ibm.ws.webcontainer.util.EventListeners@e19ac7b
      EMPTY_LISTENERS = interface java.util.EventListener[0]
      logger = class com.ibm.ws.logging.internal.WsLogger@7287dafb
      CLASS_NAME = "com.ibm.ws.webcontainer.util.EventListeners"
      listeners = interface java.util.EventListener[0]
    _servletListeners = class com.ibm.ws.webcontainer.util.EventListeners@3634d6fd
      EMPTY_LISTENERS = interface java.util.EventListener[0]
      logger = class com.ibm.ws.logging.internal.WsLogger@7287dafb
      CLASS_NAME = "com.ibm.ws.webcontainer.util.EventListeners"
      listeners = interface java.util.EventListener[0]
    _errorListeners = class com.ibm.ws.webcontainer.util.EventListeners@35869a76
      EMPTY_LISTENERS = interface java.util.EventListener[0]
      logger = class com.ibm.ws.logging.internal.WsLogger@7287dafb
      CLASS_NAME = "com.ibm.ws.webcontainer.util.EventListeners"
      listeners = interface java.util.EventListener[0]
    _applicationListeners = class com.ibm.ws.webcontainer.util.EventListeners@50fc34ad
      EMPTY_LISTENERS = interface java.util.EventListener[0]
      logger = class com.ibm.ws.logging.internal.WsLogger@7287dafb
      CLASS_NAME = "com.ibm.ws.webcontainer.util.EventListeners"
      listeners = interface java.util.EventListener[0]
    _filterInvocationListeners = class com.ibm.ws.webcontainer.util.EventListeners@134520bd
      EMPTY_LISTENERS = interface java.util.EventListener[0]
      logger = class com.ibm.ws.logging.internal.WsLogger@7287dafb
      CLASS_NAME = "com.ibm.ws.webcontainer.util.EventListeners"
      listeners = interface java.util.EventListener[0]
    _filterListeners = class com.ibm.ws.webcontainer.util.EventListeners@3d69f16
      EMPTY_LISTENERS = interface java.util.EventListener[0]
      logger = class com.ibm.ws.logging.internal.WsLogger@7287dafb
      CLASS_NAME = "com.ibm.ws.webcontainer.util.EventListeners"
      listeners = interface java.util.EventListener[0]
    _filterErrorListeners = class com.ibm.ws.webcontainer.util.EventListeners@202e030
      EMPTY_LISTENERS = interface java.util.EventListener[0]
      logger = class com.ibm.ws.logging.internal.WsLogger@7287dafb
      CLASS_NAME = "com.ibm.ws.webcontainer.util.EventListeners"
      listeners = interface java.util.EventListener[0]
  event = class com.ibm.websphere.servlet.event.ServletEvent@7a0b42ad
    serialVersionUID = 3906650803920713522
    _servletName = "sample.SampleApplication"
    _servletClassName = "com.ibm.websphere.jaxrs.server.IBMRestServlet"
    $$$tc$$$ = class com.ibm.websphere.ras.TraceComponent@59169f31
      strings[0] = "TraceComponent[com.ibm.websphere.servlet.event.ServletEvent,class com.ibm.websphere.servlet.event.ServletEvent,[],null,null]"
    serialVersionUID = 3546927969739289392
    _context = class com.ibm.ws.webcontainer40.facade.ServletContextFacade40@5e11c6f7
    _servletNames = class com.ibm.ws.webcontainer.util.EmptyEnumeration@628e474
      serialVersionUID = 3546642126931963953
      _instance = class com.ibm.ws.webcontainer.util.EmptyEnumeration@628e474
    $$$tc$$$ = class com.ibm.websphere.ras.TraceComponent@5ae332b0
      strings[0] = "TraceComponent[com.ibm.websphere.servlet.event.ApplicationEvent,class com.ibm.websphere.servlet.event.ApplicationEvent,[],null,null]"
    serialVersionUID = 5516075349620653480
    source = class com.ibm.ws.webcontainer.osgi.servlet.ServletWrapper@42172e63
  unavailableMessage = null
  unavailableUntil = -1
  isSTM = false
  internalServlet = false
  webAppInvocationCollaborators = null
  platformHelper = class com.ibm.ws.webcontainer.PlatformHelper@71992df
  webAppNameSpaceCollab = class com.ibm.ws.webcontainer.osgi.collaborator.WebAppNameSpaceCollaboratorImpl@425d92f6
    cmdai = class com.ibm.ws.threadContext.ComponentMetaDataAccessorImpl@1b5096c9
      tc = class com.ibm.websphere.ras.TraceComponent@6ed367f9
      cmdai = class com.ibm.ws.threadContext.ComponentMetaDataAccessorImpl@1b5096c9
      threadContext = class com.ibm.ws.threadContext.ThreadContextImpl@30aa59c7
      defaultCMD = null
  txCollab = class com.ibm.ws.webcontainer.collaborator.WebAppTransactionCollaborator@77389504
    logger = class com.ibm.ws.logging.internal.WsLogger@c4dc59a
    CLASS_NAME = "com.ibm.ws.webcontainer.collaborator.WebAppTransactionCollaborator"
  connCollab = class com.ibm.ws.webcontainer.collaborator.ConnectionHandleCollaborator@5706bf64
    tc = class com.ibm.websphere.ras.TraceComponent@2fc80e7
      strings[0] = "TraceComponent[com.ibm.ws.webcontainer.collaborator.ConnectionHandleCollaborator,class com.ibm.ws.webcontainer.collaborator.ConnectionHandleCollaborator,[webcontainer],com.ibm.ws.webcontainer.resources.LShimMessages,null]"
    threadContext = class com.ibm.ws.threadContext.ThreadContextImpl@442b6db3
      ivInitialStackEntry = null
      tc = class com.ibm.ejs.ras.TraceComponent@858b874
      count = 7
      index = 0
      SUSPECTED_MISUSAGE_THRESHOLD = 200
      threadLocalHashCode = 836151899
      nextHashCode = class java.util.concurrent.atomic.AtomicInteger@62c0d131
      HASH_INCREMENT = 1640531527
  suppressServletExceptionLogging = false
  throwExceptionEnum = class java.util.RegularEnumSet@1cc24031
    serialVersionUID = 3411599620347842686
    elements = 256
    elementType = class java.lang.Class@1e4b5e65
      ANNOTATION = 8192
      ENUM = 16384
      SYNTHETIC = 4096
      cachedConstructor = null
      newInstanceCallerCache = null
      name = "com.ibm.wsspi.webcontainer.collaborator.CollaboratorInvocationEnum"
      allPermDomain = class java.security.ProtectionDomain@38c50258
      useCaches = true
      reflectionData = class java.lang.ref.SoftReference@787db2af
      classRedefinedCount = 0
      genericInfo = null
      serialVersionUID = 3206093459760846163
      serialPersistentFields = class java.io.ObjectStreamField[0]
      reflectionFactory = class sun.reflect.ReflectionFactory@24767060
      initted = true
      enumConstants = class com.ibm.wsspi.webcontainer.collaborator.CollaboratorInvocationEnum[9]
      enumConstantDirectory = null
      annotationData = null
      annotationType = null
      classValueMap = null
    universe = class com.ibm.wsspi.webcontainer.collaborator.CollaboratorInvocationEnum[9]
      CollaboratorInvocationEnum[0] = class com.ibm.wsspi.webcontainer.collaborator.CollaboratorInvocationEnum@670c9458
      CollaboratorInvocationEnum[1] = class com.ibm.wsspi.webcontainer.collaborator.CollaboratorInvocationEnum@61b68ee9
      CollaboratorInvocationEnum[2] = class com.ibm.wsspi.webcontainer.collaborator.CollaboratorInvocationEnum@73d00070
      CollaboratorInvocationEnum[3] = class com.ibm.wsspi.webcontainer.collaborator.CollaboratorInvocationEnum@2201672c
      CollaboratorInvocationEnum[4] = class com.ibm.wsspi.webcontainer.collaborator.CollaboratorInvocationEnum@212c9960
      CollaboratorInvocationEnum[5] = class com.ibm.wsspi.webcontainer.collaborator.CollaboratorInvocationEnum@74b88a6a
      CollaboratorInvocationEnum[6] = class com.ibm.wsspi.webcontainer.collaborator.CollaboratorInvocationEnum@718c70d
      CollaboratorInvocationEnum[7] = class com.ibm.wsspi.webcontainer.collaborator.CollaboratorInvocationEnum@2e09e8c5
      CollaboratorInvocationEnum[8] = class com.ibm.wsspi.webcontainer.collaborator.CollaboratorInvocationEnum@6b2b83fd
    ZERO_LENGTH_ENUM_ARRAY = class java.lang.Enum[0]
    MAX_ARRAY_SIZE = 2147483639
  discernUnavailableServlet = false
  reInitServletonInitUnavailableException = true
  destroyServletonServiceUnavailableException = false
  servlet23 = true
  PARAMS_HEAD_TRACE = class java.lang.Class[2]
    Class[0] = class java.lang.Class@748cf1dc
      ANNOTATION = 8192
      ENUM = 16384
      SYNTHETIC = 4096
      cachedConstructor = null
      newInstanceCallerCache = null
      name = null
      allPermDomain = class java.security.ProtectionDomain@38c50258
      useCaches = true
      reflectionData = null
      classRedefinedCount = 0
      genericInfo = null
      serialVersionUID = 3206093459760846163
      serialPersistentFields = class java.io.ObjectStreamField[0]
      reflectionFactory = class sun.reflect.ReflectionFactory@24767060
      initted = true
      enumConstants = null
      enumConstantDirectory = null
      annotationData = null
      annotationType = null
      classValueMap = null
    Class[1] = class java.lang.Class@19d5ff06
      ANNOTATION = 8192
      ENUM = 16384
      SYNTHETIC = 4096
      cachedConstructor = null
      newInstanceCallerCache = null
      name = null
      allPermDomain = class java.security.ProtectionDomain@38c50258
      useCaches = true
      reflectionData = null
      classRedefinedCount = 0
      genericInfo = null
      serialVersionUID = 3206093459760846163
      serialPersistentFields = class java.io.ObjectStreamField[0]
      reflectionFactory = class sun.reflect.ReflectionFactory@24767060
      initted = true
      enumConstants = null
      enumConstantDirectory = null
      annotationData = null
      annotationType = null
      classValueMap = null
  defaultHeadMethodInUse = false
  defaultTraceMethodInUse = false
  checkedForDefaultMethods = null
  defaultTraceRequestBehavior = false
  defaultHeadRequestBehavior = false
  useOriginalRequestState = false
  warningStatusSet = false
  LSTRING_FILE = "javax.servlet.LocalStrings"
  lStrings = class java.util.PropertyResourceBundle@1059898
    lookup = class java.util.HashMap@5d4cf4b7
      serialVersionUID = 362498820763181265
      DEFAULT_INITIAL_CAPACITY = 16
      MAXIMUM_CAPACITY = 1073741824
      DEFAULT_LOAD_FACTOR = 0.75
      TREEIFY_THRESHOLD = 8
      UNTREEIFY_THRESHOLD = 6
      MIN_TREEIFY_CAPACITY = 64
      table = class java.util.HashMap$Node[8]
      entrySet = null
      size = 4
      modCount = 4
      threshold = 6
      loadFactor = 0.75
      keySet = null
      values = null
    INITIAL_CACHE_SIZE = 32
    NONEXISTENT_BUNDLE = class java.util.ResourceBundle$1@46c97e3e
      INITIAL_CACHE_SIZE = 32
      NONEXISTENT_BUNDLE = class java.util.ResourceBundle$1@46c97e3e
      cacheList = class java.util.concurrent.ConcurrentHashMap@6a613d23
      referenceQueue = class java.lang.ref.ReferenceQueue@50164f15
      parent = null
      locale = null
      name = null
      expired = false
      cacheKey = class java.util.ResourceBundle$CacheKey@29aba28b
      keySet = null
      providers = null
      $assertionsDisabled = true
    cacheList = class java.util.concurrent.ConcurrentHashMap@6a613d23
      serialVersionUID = 7249069246763182397
      MAXIMUM_CAPACITY = 1073741824
      DEFAULT_CAPACITY = 16
      MAX_ARRAY_SIZE = 2147483639
      DEFAULT_CONCURRENCY_LEVEL = 16
      LOAD_FACTOR = 0.75
      TREEIFY_THRESHOLD = 8
      UNTREEIFY_THRESHOLD = 6
      MIN_TREEIFY_CAPACITY = 64
      MIN_TRANSFER_STRIDE = 16
      RESIZE_STAMP_BITS = 16
      MAX_RESIZERS = 65535
      RESIZE_STAMP_SHIFT = 16
      MOVED = -1
      TREEBIN = -2
      RESERVED = -3
      HASH_BITS = 2147483647
      NCPU = 8
      serialPersistentFields = class java.io.ObjectStreamField[3]
      table = class java.util.concurrent.ConcurrentHashMap$Node[256]
      nextTable = null
      baseCount = 108
      sizeCtl = 192
      transferIndex = 0
      cellsBusy = 0
      counterCells = null
      keySet = null
      values = null
      entrySet = null
      U = class sun.misc.Unsafe@455fe258
      SIZECTL = 20
      TRANSFERINDEX = 32
      BASECOUNT = 24
      CELLSBUSY = 36
      CELLVALUE = 144
      ABASE = 16
      ASHIFT = 2
      keySet = null
      values = null
    referenceQueue = class java.lang.ref.ReferenceQueue@50164f15
      NULL = class java.lang.ref.ReferenceQueue$Null@46dd7a2e
      ENQUEUED = class java.lang.ref.ReferenceQueue$Null@1d4a3483
      lock = class java.lang.ref.ReferenceQueue$Lock@401ca73c
      head = null
      queueLength = 0
      $assertionsDisabled = true
    parent = null
    locale = class java.util.Locale@6ac5f0ec
      LOCALECACHE = class java.util.Locale$Cache@774a8452
      ENGLISH = class java.util.Locale@1d2c2abe
      FRENCH = class java.util.Locale@b4b6557
      GERMAN = class java.util.Locale@4d24eeed
      ITALIAN = class java.util.Locale@6eef9b0f
      JAPANESE = class java.util.Locale@12ea25b6
      KOREAN = class java.util.Locale@42db8b61
      CHINESE = class java.util.Locale@28e24651
      SIMPLIFIED_CHINESE = class java.util.Locale@3a4787a1
      TRADITIONAL_CHINESE = class java.util.Locale@7943d2ca
      FRANCE = class java.util.Locale@67ddce00
      GERMANY = class java.util.Locale@5db7cc64
      ITALY = class java.util.Locale@5bcb32fc
      JAPAN = class java.util.Locale@3cf96ecd
      KOREA = class java.util.Locale@355d1a9c
      CHINA = class java.util.Locale@3a4787a1
      PRC = class java.util.Locale@3a4787a1
      TAIWAN = class java.util.Locale@7943d2ca
      UK = class java.util.Locale@566a34bf
      US = class java.util.Locale@c715532
      CANADA = class java.util.Locale@5434b05c
      CANADA_FRENCH = class java.util.Locale@23cc3311
      ROOT = class java.util.Locale@6ac5f0ec
      PRIVATE_USE_EXTENSION = x
      UNICODE_LOCALE_EXTENSION = u
      serialVersionUID = 9149081749638150636
      DISPLAY_LANGUAGE = 0
      DISPLAY_COUNTRY = 1
      DISPLAY_VARIANT = 2
      DISPLAY_SCRIPT = 3
      baseLocale = class sun.util.locale.BaseLocale@79d048be
      localeExtensions = null
      hashCodeValue = 0
      defaultLocale = class java.util.Locale@c715532
      defaultDisplayLocale = null
      defaultFormatLocale = class java.util.Locale@c715532
      languageTag = null
      serialPersistentFields = class java.io.ObjectStreamField[6]
      isoLanguages = null
      isoCountries = null
      $assertionsDisabled = true
    name = "javax.servlet.LocalStrings"
    expired = false
    cacheKey = class java.util.ResourceBundle$CacheKey@67705b04
      name = "javax.servlet.LocalStrings"
      locale = class java.util.Locale@6ac5f0ec
      loaderRef = class java.util.ResourceBundle$LoaderReference@40856f57
      format = "java.properties"
      loadTime = 0
      expirationTime = -2
      cause = null
      hashCodeCache = -1463372678
    keySet = null
    providers = null
    $assertionsDisabled = true
  config = null

