------Start of DE processing------ = [3/21/21 22:00:19:262 EDT]
Exception = java.lang.NoClassDefFoundError
Source = com.ibm.ws.webcontainer.servlet.ServletWrapper.init
probeid = 181
Stack Dump = java.lang.NoClassDefFoundError: Lorg/eclipse/microprofile/config/Config;
	at java.lang.Class.getDeclaredFields0(Native Method)
	at java.lang.Class.privateGetDeclaredFields(Class.java:2583)
	at java.lang.Class.getDeclaredFields(Class.java:1916)
	at org.apache.cxf.common.util.ReflectionUtil$10.run(ReflectionUtil.java:176)
	at org.apache.cxf.common.util.ReflectionUtil$10.run(ReflectionUtil.java:174)
	at java.security.AccessController.doPrivileged(Native Method)
	at org.apache.cxf.common.util.ReflectionUtil.getDeclaredFields(ReflectionUtil.java:174)
	at org.apache.cxf.jaxrs.model.AbstractResourceInfo.findContextFields(AbstractResourceInfo.java:262)
	at org.apache.cxf.jaxrs.model.AbstractResourceInfo.findContexts(AbstractResourceInfo.java:211)
	at org.apache.cxf.jaxrs.model.AbstractResourceInfo.<init>(AbstractResourceInfo.java:202)
	at org.apache.cxf.jaxrs.model.AbstractResourceInfo.<init>(AbstractResourceInfo.java:187)
	at org.apache.cxf.jaxrs.model.BeanResourceInfo.<init>(BeanResourceInfo.java:67)
	at org.apache.cxf.jaxrs.model.ClassResourceInfo.<init>(ClassResourceInfo.java:89)
	at org.apache.cxf.jaxrs.model.ClassResourceInfo.<init>(ClassResourceInfo.java:100)
	at org.apache.cxf.jaxrs.utils.ResourceUtils.createClassResourceInfo(ResourceUtils.java:316)
	at org.apache.cxf.jaxrs.utils.ResourceUtils.createClassResourceInfo(ResourceUtils.java:303)
	at org.apache.cxf.jaxrs.utils.ResourceUtils.createClassResourceInfo(ResourceUtils.java:294)
	at org.apache.cxf.jaxrs.JAXRSServiceFactoryBean.createResourceInfo(JAXRSServiceFactoryBean.java:202)
	at org.apache.cxf.jaxrs.JAXRSServiceFactoryBean.setResourceClasses(JAXRSServiceFactoryBean.java:165)
	at org.apache.cxf.jaxrs.JAXRSServerFactoryBean.setResourceClasses(JAXRSServerFactoryBean.java:305)
	at com.ibm.ws.jaxrs20.server.LibertyJaxRsServerFactoryBean.doInit(LibertyJaxRsServerFactoryBean.java:335)
	at com.ibm.ws.jaxrs20.server.JaxRsWebEndpointImpl.init(JaxRsWebEndpointImpl.java:66)
	at com.ibm.websphere.jaxrs.server.IBMRestServlet.init(IBMRestServlet.java:64)
	at com.ibm.ws.webcontainer.servlet.ServletWrapper.init(ServletWrapper.java:298)
	at com.ibm.ws.webcontainer.servlet.ServletWrapper.handleRequest(ServletWrapper.java:600)
	at com.ibm.ws.webcontainer.servlet.ServletWrapper.handleRequest(ServletWrapper.java:442)
	at com.ibm.ws.webcontainer.filter.WebAppFilterManager.invokeFilters(WebAppFilterManager.java:1226)
	at com.ibm.ws.webcontainer.webapp.WebApp.handleRequest(WebApp.java:5057)
	at com.ibm.ws.webcontainer.osgi.DynamicVirtualHost$2.handleRequest(DynamicVirtualHost.java:314)
	at com.ibm.ws.webcontainer.WebContainer.handleRequest(WebContainer.java:1006)
	at com.ibm.ws.webcontainer.osgi.DynamicVirtualHost$2.run(DynamicVirtualHost.java:279)
	at com.ibm.ws.http.dispatcher.internal.channel.HttpDispatcherLink$TaskWrapper.run(HttpDispatcherLink.java:1146)
	at com.ibm.ws.http.dispatcher.internal.channel.HttpDispatcherLink.wrapHandlerAndExecute(HttpDispatcherLink.java:427)
	at com.ibm.ws.http.dispatcher.internal.channel.HttpDispatcherLink.ready(HttpDispatcherLink.java:386)
	at com.ibm.ws.http.channel.internal.inbound.HttpInboundLink.handleDiscrimination(HttpInboundLink.java:566)
	at com.ibm.ws.http.channel.internal.inbound.HttpInboundLink.handleNewRequest(HttpInboundLink.java:500)
	at com.ibm.ws.http.channel.internal.inbound.HttpInboundLink.processRequest(HttpInboundLink.java:360)
	at com.ibm.ws.http.channel.internal.inbound.HttpICLReadCallback.complete(HttpICLReadCallback.java:70)
	at com.ibm.ws.tcpchannel.internal.WorkQueueManager.requestComplete(WorkQueueManager.java:504)
	at com.ibm.ws.tcpchannel.internal.WorkQueueManager.attemptIO(WorkQueueManager.java:574)
	at com.ibm.ws.tcpchannel.internal.WorkQueueManager.workerRun(WorkQueueManager.java:958)
	at com.ibm.ws.tcpchannel.internal.WorkQueueManager$Worker.run(WorkQueueManager.java:1047)
	at com.ibm.ws.threading.internal.ExecutorServiceImpl$RunnableWrapper.run(ExecutorServiceImpl.java:238)
	at java.util.concurrent.ThreadPoolExecutor.runWorker(ThreadPoolExecutor.java:1149)
	at java.util.concurrent.ThreadPoolExecutor$Worker.run(ThreadPoolExecutor.java:624)
	at java.lang.Thread.run(Thread.java:748)
Caused by: java.lang.ClassNotFoundException: org.eclipse.microprofile.config.Config
	at com.ibm.ws.classloading.internal.AppClassLoader.findClassCommonLibraryClassLoaders(AppClassLoader.java:569)
	at com.ibm.ws.classloading.internal.AppClassLoader.findClass(AppClassLoader.java:291)
	at java.lang.ClassLoader.loadClass(ClassLoader.java:418)
	at com.ibm.ws.classloading.internal.AppClassLoader.findOrDelegateLoadClass(AppClassLoader.java:547)
	at com.ibm.ws.classloading.internal.AppClassLoader.loadClass(AppClassLoader.java:505)
	at java.lang.ClassLoader.loadClass(ClassLoader.java:351)
	... 46 more

Dump of callerThis
Object type = com.ibm.ws.webcontainer.osgi.servlet.ServletWrapper
  serialVersionUID = 1
  _mo = null
  serialVersionUID = -4479626085298397598
  notifyInvocationListeners = false
  UNINITIALIZED_STATE = -1
  AVAILABLE_STATE = 0
  UNAVAILABLE_STATE = 1
  UNAVAILABLE_PERMANENTLY_STATE = 2
  collabHelper = class com.ibm.ws.webcontainer.osgi.collaborator.CollaboratorHelperImpl@8e0481b
    webAppInvCollabs = class java.util.Collections$UnmodifiableSet@71bebd7f
      serialVersionUID = -9215047833775013803
      serialVersionUID = 1820017752578914078
      c = class java.util.concurrent.CopyOnWriteArraySet@6bac935
    securityDomainForApp = null
    logger = class com.ibm.ws.logging.internal.WsLogger@4a5fa974
    staticDefaultSecurityCollaborator = class com.ibm.ws.webcontainer.collaborator.WebAppSecurityCollaborator@62c3389c
    logger = class com.ibm.ws.logging.internal.WsLogger@1d1a3633
      ivCachedResourceBundleName = null
      ivCachedResourceBundle = null
      ivComponent = null
      ivOrganization = null
      ivProduct = null
      ivMinimumLocalizationLevelIntValue = 625
      ivTC = class com.ibm.websphere.ras.TraceComponent@ac5df7b
      loggerRegistrationComponent = class java.lang.ThreadLocal@6943dfb9
      emptyHandlers = class java.util.logging.Handler[0]
      offValue = 2147483647
      SYSTEM_LOGGER_RB_NAME = "sun.util.logging.resources.logging"
      SYSTEM_BUNDLE = class java.util.logging.Logger$LoggerBundle@2818066f
      NO_RESOURCE_BUNDLE = class java.util.logging.Logger$LoggerBundle@39984907
      manager = class com.ibm.ws.kernel.boot.logging.WsLogManager@343227c9
      name = "com.ibm.wsspi.webcontainer.collaborator"
      handlers = class java.util.concurrent.CopyOnWriteArrayList@218a9879
      loggerBundle = class java.util.logging.Logger$LoggerBundle@4d7f7dd3
      useParentHandlers = true
      filter = null
      anonymous = false
      catalog = class com.ibm.ws.webcontainer.resources.Messages@1f1246a3
      catalogName = "com.ibm.ws.webcontainer.resources.Messages"
      catalogLocale = class java.util.Locale@5013718e
      treeLock = class java.lang.Object@75ba182a
      parent = class com.ibm.ws.logging.internal.WsLogger@4726fc74
      kids = null
      levelObject = class java.util.logging.Level@6a993afc
      levelValue = 800
      callersClassLoaderRef = class java.lang.ref.WeakReference@6e14b17d
      isSystemLogger = false
      GLOBAL_LOGGER_NAME = "global"
      global = class java.util.logging.Logger@4c3400ee
      $assertionsDisabled = true
    CLASS_NAME = "com.ibm.wsspi.webcontainer.collaborator.CollaboratorHelper"
    webApp = class com.ibm.ws.webcontainer40.osgi.webapp.WebApp40@66bfc14
    securityCollaborator = class com.ibm.ws.webcontainer.collaborator.WebAppSecurityCollaborator@62c3389c
    nameSpaceCollaborator = class com.ibm.ws.webcontainer.osgi.collaborator.WebAppNameSpaceCollaboratorImpl@3704990d
    transactionCollaborator = class com.ibm.ws.webcontainer.collaborator.WebAppTransactionCollaborator@52a27270
    connectionCollaborator = class com.ibm.ws.webcontainer.collaborator.ConnectionHandleCollaborator@4697091f
    allCollabEnum = class java.util.RegularEnumSet@22d80f8d
      serialVersionUID = 3411599620347842686
      elements = 511
      elementType = class java.lang.Class@7caf8b2a
      universe = class com.ibm.wsspi.webcontainer.collaborator.CollaboratorInvocationEnum[9]
      ZERO_LENGTH_ENUM_ARRAY = class java.lang.Enum[0]
      MAX_ARRAY_SIZE = 2147483639
    servlet_23_or_greater = true
    DEFER_SERVLET_REQUEST_LISTENER_DESTROY_ON_ERROR = false
  nServicing = class java.util.concurrent.atomic.AtomicInteger@63f12269
    serialVersionUID = 6214790243416807050
    unsafe = class sun.misc.Unsafe@43f66852
      theUnsafe = class sun.misc.Unsafe@43f66852
      INVALID_FIELD_OFFSET = -1
      ARRAY_BOOLEAN_BASE_OFFSET = 16
      ARRAY_BYTE_BASE_OFFSET = 16
      ARRAY_SHORT_BASE_OFFSET = 16
      ARRAY_CHAR_BASE_OFFSET = 16
      ARRAY_INT_BASE_OFFSET = 16
      ARRAY_LONG_BASE_OFFSET = 16
      ARRAY_FLOAT_BASE_OFFSET = 16
      ARRAY_DOUBLE_BASE_OFFSET = 16
      ARRAY_OBJECT_BASE_OFFSET = 16
      ARRAY_BOOLEAN_INDEX_SCALE = 1
      ARRAY_BYTE_INDEX_SCALE = 1
      ARRAY_SHORT_INDEX_SCALE = 2
      ARRAY_CHAR_INDEX_SCALE = 2
      ARRAY_INT_INDEX_SCALE = 4
      ARRAY_LONG_INDEX_SCALE = 8
      ARRAY_FLOAT_INDEX_SCALE = 4
      ARRAY_DOUBLE_INDEX_SCALE = 8
      ARRAY_OBJECT_INDEX_SCALE = 4
      ADDRESS_SIZE = 8
    valueOffset = 12
    value = 0
    serialVersionUID = -8742448824652078965
  lastAccessTime = 1616377588653
  state = -1
  logger = class com.ibm.ws.logging.internal.WsLogger@514b5e00
    ivCachedResourceBundleName = "com.ibm.ws.webcontainer.resources.Messages"
    ivCachedResourceBundle = class com.ibm.ws.webcontainer.resources.Messages@1f1246a3
      resources = class [Ljava.lang.Object;[338]
      lookup = class java.util.HashMap@592487c7
      INITIAL_CACHE_SIZE = 32
      NONEXISTENT_BUNDLE = class java.util.ResourceBundle$1@27e2e0f9
      cacheList = class java.util.concurrent.ConcurrentHashMap@57fe473b
      referenceQueue = class java.lang.ref.ReferenceQueue@52235914
      parent = null
      locale = class java.util.Locale@2ad84dcf
      name = "com.ibm.ws.webcontainer.resources.Messages"
      expired = false
      cacheKey = class java.util.ResourceBundle$CacheKey@51fc57dc
      keySet = null
      providers = null
      $assertionsDisabled = true
    ivComponent = null
    ivOrganization = null
    ivProduct = null
    ivMinimumLocalizationLevelIntValue = 625
    ivTC = class com.ibm.websphere.ras.TraceComponent@a7b9a50
      strings[0] = "TraceComponent[com.ibm.ws.webcontainer.servlet,class com.ibm.wsspi.webcontainer.logging.LoggerFactory$1,[com.ibm.ws.webcontainer.servlet],null,null]"
    loggerRegistrationComponent = class java.lang.ThreadLocal@6943dfb9
      threadLocalHashCode = 900898382
      nextHashCode = class java.util.concurrent.atomic.AtomicInteger@61079cb3
      HASH_INCREMENT = 1640531527
    emptyHandlers = class java.util.logging.Handler[0]
    offValue = 2147483647
    SYSTEM_LOGGER_RB_NAME = "sun.util.logging.resources.logging"
    SYSTEM_BUNDLE = class java.util.logging.Logger$LoggerBundle@2818066f
      resourceBundleName = "sun.util.logging.resources.logging"
      userBundle = null
    NO_RESOURCE_BUNDLE = class java.util.logging.Logger$LoggerBundle@39984907
      resourceBundleName = null
      userBundle = null
    manager = class com.ibm.ws.kernel.boot.logging.WsLogManager@343227c9
      CONFIGURE_BY_SERVER_PROPERTY_NAME = "java.util.logging.configureByServer"
      CONFIGURE_BY_LOGGING_PROPERTIES_FILE = "java.util.logging.configureByLoggingPropertiesFile"
      configureByServer = true
      configureByLoggingProperties = false
      wsLogger = class java.lang.reflect.Constructor@4965597a
      resetEnabled = true
      svBinaryLoggingEnable = false
      manager = class com.ibm.ws.kernel.boot.logging.WsLogManager@343227c9
      props = class java.util.Properties@12028d10
      defaultLevel = class java.util.logging.Level@6a993afc
      listenerMap = class java.util.HashMap@7e42f0bb
      systemContext = class java.util.logging.LogManager$SystemLoggerContext@2f05b784
      userContext = class java.util.logging.LogManager$LoggerContext@4cc88597
      rootLogger = class java.util.logging.LogManager$RootLogger@4cba9b87
      readPrimordialConfiguration = true
      initializedGlobalHandlers = true
      deathImminent = false
      initializedCalled = true
      initializationDone = true
      contextsMap = null
      loggerRefQueue = class java.lang.ref.ReferenceQueue@4aa4fb13
      MAX_ITERATIONS = 400
      controlPermission = class java.util.logging.LoggingPermission@230a0dd4
      loggingMXBean = null
      LOGGING_MXBEAN_NAME = "java.util.logging:type=Logging"
      $assertionsDisabled = true
    name = "com.ibm.ws.webcontainer.servlet"
    handlers = class java.util.concurrent.CopyOnWriteArrayList@43fb88e1
      serialVersionUID = 8673264195747942595
      lock = class java.util.concurrent.locks.ReentrantLock@1b1ef0f3
      array = class java.lang.Object[0]
      UNSAFE = class sun.misc.Unsafe@43f66852
      lockOffset = 12
    loggerBundle = class java.util.logging.Logger$LoggerBundle@2bb8d58f
      resourceBundleName = "com.ibm.ws.webcontainer.resources.Messages"
      userBundle = null
    useParentHandlers = true
    filter = null
    anonymous = false
    catalog = class com.ibm.ws.webcontainer.resources.Messages@1f1246a3
    catalogName = "com.ibm.ws.webcontainer.resources.Messages"
    catalogLocale = class java.util.Locale@5013718e
      LOCALECACHE = class java.util.Locale$Cache@54ca0ce8
      ENGLISH = class java.util.Locale@2e2d2a30
      FRENCH = class java.util.Locale@21bc32b9
      GERMAN = class java.util.Locale@48be42db
      ITALIAN = class java.util.Locale@4c17aa68
      JAPANESE = class java.util.Locale@b2c7570
      KOREAN = class java.util.Locale@4bc5a756
      CHINESE = class java.util.Locale@71d78c6f
      SIMPLIFIED_CHINESE = class java.util.Locale@622cd7
      TRADITIONAL_CHINESE = class java.util.Locale@688d4e5e
      FRANCE = class java.util.Locale@e94bb0e
      GERMANY = class java.util.Locale@43edfa47
      ITALY = class java.util.Locale@52787279
      JAPAN = class java.util.Locale@500539d6
      KOREA = class java.util.Locale@7be2a413
      CHINA = class java.util.Locale@622cd7
      PRC = class java.util.Locale@622cd7
      TAIWAN = class java.util.Locale@688d4e5e
      UK = class java.util.Locale@577156ea
      US = class java.util.Locale@5013718e
      CANADA = class java.util.Locale@460b1dc7
      CANADA_FRENCH = class java.util.Locale@3f395759
      ROOT = class java.util.Locale@2ad84dcf
      PRIVATE_USE_EXTENSION = x
      UNICODE_LOCALE_EXTENSION = u
      serialVersionUID = 9149081749638150636
      DISPLAY_LANGUAGE = 0
      DISPLAY_COUNTRY = 1
      DISPLAY_VARIANT = 2
      DISPLAY_SCRIPT = 3
      baseLocale = class sun.util.locale.BaseLocale@19880879
      localeExtensions = null
      hashCodeValue = 96636889
      defaultLocale = class java.util.Locale@5013718e
      defaultDisplayLocale = null
      defaultFormatLocale = class java.util.Locale@5013718e
      languageTag = "en-US"
      serialPersistentFields = class java.io.ObjectStreamField[6]
      isoLanguages = null
      isoCountries = null
      $assertionsDisabled = true
    treeLock = class java.lang.Object@75ba182a
    parent = class com.ibm.ws.logging.internal.WsLogger@3cf55642
      ivCachedResourceBundleName = "com.ibm.ws.webcontainer.resources.Messages"
      ivCachedResourceBundle = class com.ibm.ws.webcontainer.resources.Messages@1f1246a3
      ivComponent = null
      ivOrganization = null
      ivProduct = null
      ivMinimumLocalizationLevelIntValue = 625
      ivTC = class com.ibm.websphere.ras.TraceComponent@19efd981
      loggerRegistrationComponent = class java.lang.ThreadLocal@6943dfb9
      emptyHandlers = class java.util.logging.Handler[0]
      offValue = 2147483647
      SYSTEM_LOGGER_RB_NAME = "sun.util.logging.resources.logging"
      SYSTEM_BUNDLE = class java.util.logging.Logger$LoggerBundle@2818066f
      NO_RESOURCE_BUNDLE = class java.util.logging.Logger$LoggerBundle@39984907
      manager = class com.ibm.ws.kernel.boot.logging.WsLogManager@343227c9
      name = "com.ibm.ws.webcontainer"
      handlers = class java.util.concurrent.CopyOnWriteArrayList@5b32796d
      loggerBundle = class java.util.logging.Logger$LoggerBundle@e92ae8a
      useParentHandlers = true
      filter = null
      anonymous = false
      catalog = class com.ibm.ws.webcontainer.resources.Messages@1f1246a3
      catalogName = "com.ibm.ws.webcontainer.resources.Messages"
      catalogLocale = class java.util.Locale@5013718e
      treeLock = class java.lang.Object@75ba182a
      parent = class java.util.logging.Logger@6002502c
      kids = class java.util.ArrayList@55f6203b
      levelObject = class java.util.logging.Level@6a993afc
      levelValue = 800
      callersClassLoaderRef = class java.lang.ref.WeakReference@1dc7d2f9
      isSystemLogger = false
      GLOBAL_LOGGER_NAME = "global"
      global = class java.util.logging.Logger@4c3400ee
      $assertionsDisabled = true
    kids = null
    levelObject = class java.util.logging.Level@6a993afc
      defaultBundle = "sun.util.logging.resources.logging"
      name = "INFO"
      value = 800
      resourceBundleName = "sun.util.logging.resources.logging"
      localizedLevelName = "INFO"
      cachedLocale = class java.util.Locale@5013718e
      OFF = class java.util.logging.Level@57e981e6
      SEVERE = class java.util.logging.Level@a8c480c
      WARNING = class java.util.logging.Level@14df7e82
      INFO = class java.util.logging.Level@6a993afc
      CONFIG = class java.util.logging.Level@1b30280e
      FINE = class java.util.logging.Level@cd7c3f
      FINER = class java.util.logging.Level@68699802
      FINEST = class java.util.logging.Level@72dd0e3
      ALL = class java.util.logging.Level@1dc7f850
      serialVersionUID = -8176160795706313070
    levelValue = 800
    callersClassLoaderRef = class java.lang.ref.WeakReference@7608e8d
      referent = class org.eclipse.osgi.internal.loader.EquinoxClassLoader@3188b217
      queue = class java.lang.ref.ReferenceQueue$Null@7dce3072
      next = null
      discovered = null
      lock = class java.lang.ref.Reference$Lock@55f1d9a7
      pending = null
    isSystemLogger = false
    GLOBAL_LOGGER_NAME = "global"
    global = class java.util.logging.Logger@4c3400ee
      emptyHandlers = class java.util.logging.Handler[0]
      offValue = 2147483647
      SYSTEM_LOGGER_RB_NAME = "sun.util.logging.resources.logging"
      SYSTEM_BUNDLE = class java.util.logging.Logger$LoggerBundle@2818066f
      NO_RESOURCE_BUNDLE = class java.util.logging.Logger$LoggerBundle@39984907
      manager = class com.ibm.ws.kernel.boot.logging.WsLogManager@343227c9
      name = "global"
      handlers = class java.util.concurrent.CopyOnWriteArrayList@69eebda2
      loggerBundle = class java.util.logging.Logger$LoggerBundle@39984907
      useParentHandlers = true
      filter = null
      anonymous = false
      catalog = null
      catalogName = null
      catalogLocale = null
      treeLock = class java.lang.Object@75ba182a
      parent = class java.util.logging.LogManager$RootLogger@4cba9b87
      kids = null
      levelObject = null
      levelValue = 800
      callersClassLoaderRef = null
      isSystemLogger = true
      GLOBAL_LOGGER_NAME = "global"
      global = class java.util.logging.Logger@4c3400ee
      $assertionsDisabled = true
    $assertionsDisabled = true
  CLASS_NAME = "com.ibm.ws.webcontainer.servlet.ServletWrapper"
  nls = class com.ibm.ejs.ras.TraceNLS@5be174a2
    resolver = class com.ibm.ws.logging.internal.TraceNLSResolver@4a575761
      tc = class com.ibm.websphere.ras.TraceComponent@3aeaafa6
      DEBUG_TRACE_NLS_PROPERTY = "com.ibm.ejs.ras.debugTraceNLSResolver"
      debugTraceNLSResolver = false
      makeNoise = false
      nullKey = "null"
      svNullBundleName = "Resource Bundle name is null, key = {0}"
      svBundleNotLoaded = "Unable to load ResourceBundle {0}"
      svNullKeyMessage = "Null key passed while using ResourceBundle {0}"
      svMalformedMessage = "No message text associated with key {0} in bundle {1}"
    finder = class com.ibm.ws.logging.internal.StackFinder@603cac9c
      inCheck = false
      initialized = true
      rootGroup = class java.lang.ThreadGroup@5250a0fa
      packageAccessValid = false
      packageAccess = null
      packageAccessLock = class java.lang.Object@658dbba4
      packageDefinitionValid = false
      packageDefinition = null
      packageDefinitionLock = class java.lang.Object@57b6a0c6
    ivBundleName = "com.ibm.ws.webcontainer.resources.Messages"
    caller = class java.lang.Class@7060ae9e
      ANNOTATION = 8192
      ENUM = 16384
      SYNTHETIC = 4096
      cachedConstructor = null
      newInstanceCallerCache = null
      name = "com.ibm.ws.webcontainer.servlet.ServletWrapper"
      allPermDomain = class java.security.ProtectionDomain@2c264771
      useCaches = true
      reflectionData = class java.lang.ref.SoftReference@213137a6
      classRedefinedCount = 2
      genericInfo = null
      serialVersionUID = 3206093459760846163
      serialPersistentFields = class java.io.ObjectStreamField[0]
      reflectionFactory = class sun.reflect.ReflectionFactory@1ef60603
      initted = true
      enumConstants = null
      enumConstantDirectory = null
      annotationData = class java.lang.Class$AnnotationData@295dea2a
      annotationType = null
      classValueMap = null
  servletConfig = class com.ibm.ws.webcontainer.servlet.ServletConfig@3169e7dd
    logger = class com.ibm.ws.logging.internal.WsLogger@514b5e00
    CLASS_NAME = "com.ibm.ws.webcontainer.servlet.ServletConfig"
    nls = class com.ibm.ejs.ras.TraceNLS@1295d770
      resolver = class com.ibm.ws.logging.internal.TraceNLSResolver@4a575761
      finder = class com.ibm.ws.logging.internal.StackFinder@603cac9c
      ivBundleName = "com.ibm.ws.webcontainer.resources.Messages"
      caller = class java.lang.Class@7b13c2ba
    liberty_nls = class com.ibm.ejs.ras.TraceNLS@205fad0b
      resolver = class com.ibm.ws.logging.internal.TraceNLSResolver@4a575761
      finder = class com.ibm.ws.logging.internal.StackFinder@603cac9c
      ivBundleName = "com.ibm.ws.webcontainer.resources.LShimMessages"
      caller = class java.lang.Class@7b13c2ba
    enabled = true
    servletName = "sample.SampleApplication"
    className = null
    mappings = class java.util.ArrayList@3ffc421
      serialVersionUID = 8683452581122892189
      DEFAULT_CAPACITY = 10
      EMPTY_ELEMENTDATA = class java.lang.Object[0]
      DEFAULTCAPACITY_EMPTY_ELEMENTDATA = class java.lang.Object[0]
      elementData = class java.lang.Object[10]
      size = 1
      MAX_ARRAY_SIZE = 2147483639
      modCount = 1
      MAX_ARRAY_SIZE = 2147483639
    startUpWeight = null
    DEFAULT_STARTUP = -1
    isCachingEnabled = true
    isStatisticsEnabled = true
    isInternal = false
    metaData = class com.ibm.ws.webcontainer.osgi.metadata.WebComponentMetaDataImpl@34dcd923
      j2eeName = class com.ibm.ws.container.service.metadata.internal.J2EENameImpl@44cce071
      webModuleMetaData = class com.ibm.ws.webcontainer.osgi.metadata.WebModuleMetaDataImpl@47f9a7af
      mBeanServiceReg = null
      tc = class com.ibm.websphere.ras.TraceComponent@40a46cf2
      NUM_STATIC_SLOTS = 4
      ID_UNINITIALIZED = -1
      id = 1
      metaDataInterface = class java.lang.Class@1c67c2e4
      staticSlots = class java.lang.Object[4]
      dynamicSlots = null
    singleThreadModelServlet = false
    isJsp = false
    webAppConfig = class com.ibm.ws.webcontainer.osgi.webapp.WebAppConfiguration@8cea69f
      webModuleMetaData = class com.ibm.ws.webcontainer.osgi.metadata.WebModuleMetaDataImpl@47f9a7af
      webComponentMetaData = class com.ibm.ws.webcontainer.osgi.metadata.WebComponentMetaDataImpl@3d61fd5f
      dVirtualHost = class com.ibm.ws.webcontainer.osgi.DynamicVirtualHost@6273b625
      orderedLibPaths = class java.util.Collections$UnmodifiableRandomAccessList@4d0eb4fa
      bundleHeaders = null
      cdiEnabled = false
      CLASS_NAME = "com.ibm.ws.webcontainer.webapp.WebAppConfiguration"
      logger = class com.ibm.ws.logging.internal.WsLogger@67942878
      tc = class com.ibm.websphere.ras.TraceComponent@34259949
      nls = class com.ibm.ejs.ras.TraceNLS@6eb0e4e5
      version = 31
      contextRoot = "/"
      isDefaultContextRootUsed = false
      sessionTimeout = 0
      moduleSessionTimeoutSet = false
      moduleSessionTrackingModeSet = false
      sessionCookieConfig = class com.ibm.ws.session.SessionCookieConfigImpl@ddb064
      hasProgrammaticCookieConfig = false
      sessionDefaultTrackingModeSet = class java.util.RegularEnumSet@a93ab0f
      sessionManagerConfig = class com.ibm.ws.session.SessionManagerConfig@1d0e047f
      displayName = "Liberty Project"
      description = null
      reloadInterval = 0
      distributable = false
      denyUncoveredHttpMethods = false
      reloadingEnabled = false
      serveServletsByClassnameEnabled = false
      defaultErrorPage = null
      additionalClassPath = null
      fileServingEnabled = null
      directoryBrowsingEnabled = false
      autoRequestEncoding = false
      autoResponseEncoding = false
      autoLoadFilters = false
      requestListeners = null
      requestAttributeListeners = null
      sessionListeners = null
      localeMap = null
      moduleName = "HelloWorld"
      j2eeModuleName = "HelloWorld.war"
      moduleId = null
      isSyncToThreadEnabled = false
      encodeDispatchedRequestURI = false
      isSystemApp = false
      ardEnabled = false
      ardDispatchType = null
      listeners = class java.util.ArrayList@38aa3407
      welcomeFileList = class java.util.ArrayList@51d4683b
      servletMappings = class java.util.HashMap@3c67bcf5
      lastIndexBeforeDeclaredFilters = 0
      filterMappings = class java.util.ArrayList@2bbba3a5
      servletInfo = class java.util.concurrent.ConcurrentHashMap@42d8a0d9
      filterInfo = class java.util.HashMap@303f8d09
      mimeMappings = class java.util.HashMap@31be1fef
      mimeFilters = null
      isMimeFilteringEnabled = false
      theWebGroup = null
      jspAttributes = class java.util.HashMap@47ee34f6
      fileServingAttributes = class java.util.HashMap@40b79aba
      invokerAttributes = class java.util.HashMap@c2c0060
      contextParams = class java.util.HashMap@4dac376d
      virtualHost = "default_host"
      exceptionErrorPages = class java.util.HashMap@7b53f3aa
      codeErrorPages = class java.util.HashMap@7cdc430
      tagLibList = null
      precompileJsps = false
      webApp = class com.ibm.ws.webcontainer40.osgi.webapp.WebApp40@66bfc14
      virtualHostList = class java.util.Collections$EmptyList@5f85b627
      appStartupWeight = 0
      moduleStartupWeight = 0
      metaDataComplete = false
      classesToScan = class java.util.ArrayList@6b0eeba9
      uriFilterMappingInfos = null
      servletFilterMappingInfos = null
      dynamicServletRegistrationMap = null
      applicationName = "HelloWorld"
      libBinPathList = class java.util.ArrayList@4735befa
      webXmlDefinedListeners = class java.util.HashSet@239fcb15
      allRefs = class java.util.EnumMap@4a1a7712
      allRefBindings = class java.util.EnumMap@56d59e5b
      envEntryValues = class java.util.HashMap@3c7d3815
      resourceRefConfigList = null
      disallowAllFileServingProp = "false"
      disallowServeServletsByClassnameProp = "true"
      disableStaticMappingCache = false
      jspCachedLocations = null
      primedSTSHeader = "NoValue"
      enablemultireadofpostdata = false
      requestEncoding = null
      responseEncoding = null
      NULLSERVLETNAME = "com.ibm.ws.webcontainer.NullServletName"
      _id = "WebAppGeneratedId5"
      _attributes = null
      serialVersionUID = 7511545662945734886
      $$$tc$$$ = class com.ibm.websphere.ras.TraceComponent@188e12aa
    servletWrapper = class com.ibm.ws.webcontainer.osgi.servlet.ServletWrapper@77957008
    servletClass = class java.lang.Class@57547f07
      ANNOTATION = 8192
      ENUM = 16384
      SYNTHETIC = 4096
      cachedConstructor = null
      newInstanceCallerCache = null
      name = "com.ibm.websphere.jaxrs.server.IBMRestServlet"
      allPermDomain = class java.security.ProtectionDomain@2c264771
      useCaches = true
      reflectionData = class java.lang.ref.SoftReference@61e79bec
      classRedefinedCount = 0
      genericInfo = null
      serialVersionUID = 3206093459760846163
      serialPersistentFields = class java.io.ObjectStreamField[0]
      reflectionFactory = class sun.reflect.ReflectionFactory@1ef60603
      initted = true
      enumConstants = null
      enumConstantDirectory = null
      annotationData = class java.lang.Class$AnnotationData@785cd225
      annotationType = null
      classValueMap = null
    servlet = class com.ibm.websphere.jaxrs.server.IBMRestServlet@7b425c15
    addedToLoadOnStartup = true
    previousWeight = null
    multipartConfig = null
    multipartConfigBaseLocation = null
    runAsRole = null
    servletSecurityElement = null
    declareRolesAnnotation = null
    logger = class com.ibm.ws.logging.internal.WsLogger@514b5e00
    CLASS_NAME = "com.ibm.ws.webcontainer.servlet.TargetConfig"
    initParams = null
    fileName = null
    displayName = null
    name = "sample.SampleApplication"
    description = null
    smallIcon = null
    largeIcon = null
    context = class com.ibm.ws.webcontainer40.facade.ServletContextFacade40@696a3a0a
    className = null
    asyncSupported = true
    _id = "sample.SampleApplication"
    _attributes = null
    serialVersionUID = 7511545662945734886
    $$$tc$$$ = class com.ibm.websphere.ras.TraceComponent@188e12aa
      strings[0] = "TraceComponent[com.ibm.ws.container.BaseConfiguration,class com.ibm.ws.container.BaseConfiguration,[],null,null]"
  context = class com.ibm.ws.webcontainer40.osgi.webapp.WebApp40@66bfc14
    tc = class com.ibm.websphere.ras.TraceComponent@2ec6f73c
      strings[0] = "TraceComponent[com.ibm.ws.webcontainer40.osgi.webapp.WebApp40,class com.ibm.ws.webcontainer40.osgi.webapp.WebApp40,[webcontainer],com.ibm.ws.webcontainer31.resources.Messages,null]"
    servlet40NLS = class com.ibm.ejs.ras.TraceNLS@5d75d069
      resolver = class com.ibm.ws.logging.internal.TraceNLSResolver@4a575761
      finder = class com.ibm.ws.logging.internal.StackFinder@603cac9c
      ivBundleName = "com.ibm.ws.webcontainer40.resources.Messages"
      caller = class java.lang.Class@9a58310
    CLASS_NAME = "com.ibm.ws.webcontainer40.osgi.webapp.WebApp40"
    defaultSessionTimeout = 30
    tc = class com.ibm.websphere.ras.TraceComponent@67d23168
      strings[0] = "TraceComponent[com.ibm.ws.webcontainer31.osgi.webapp.WebApp31,class com.ibm.ws.webcontainer31.osgi.webapp.WebApp31,[webcontainer],com.ibm.ws.webcontainer31.resources.Messages,null]"
    CLASS_NAME = "com.ibm.ws.webcontainer31.osgi.webapp.WebApp31"
    servlet31NLS = class com.ibm.ejs.ras.TraceNLS@1decbc6f
      resolver = class com.ibm.ws.logging.internal.TraceNLSResolver@4a575761
      finder = class com.ibm.ws.logging.internal.StackFinder@603cac9c
      ivBundleName = "com.ibm.ws.webcontainer31.resources.Messages"
      caller = class java.lang.Class@70600763
    validListenerClasses = class java.lang.Class[7]
      Class[0] = class java.lang.Class@1c95b510
      Class[1] = class java.lang.Class@f2fce62
      Class[2] = class java.lang.Class@3f6deb6a
      Class[3] = class java.lang.Class@265968d2
      Class[4] = class java.lang.Class@28b773c4
      Class[5] = class java.lang.Class@32945496
      Class[6] = class java.lang.Class@223d3be2
    wsocServHandler = null
    tc = class com.ibm.websphere.ras.TraceComponent@45be76b
      strings[0] = "TraceComponent[com.ibm.ws.webcontainer.osgi.webapp.WebApp,class com.ibm.ws.webcontainer.osgi.webapp.WebApp,[webcontainer],com.ibm.ws.webcontainer.resources.LShimMessages,null]"
    CLASS_NAME = "com.ibm.ws.webcontainer.osgi.webapp.WebApp"
    metaDataService = class com.ibm.ws.container.service.metadata.internal.MetaDataServiceImpl@1b2dc11a
      applicationMetaDataManager = class com.ibm.ws.container.service.metadata.internal.ApplicationMetaDataManager@48568f46
      moduleMetaDataManager = class com.ibm.ws.container.service.metadata.internal.ModuleMetaDataManager@54be836a
      componentMetaDataManager = class com.ibm.ws.container.service.metadata.internal.ComponentMetaDataManager@5837287f
      methodMetaDataManager = class com.ibm.ws.container.service.metadata.internal.MethodMetaDataManager@4ce600a
      appModuleNameToModuleContainer = class java.util.concurrent.ConcurrentHashMap@789ef36a
      jeeNameToComponentMetaData = class java.util.concurrent.ConcurrentHashMap@589b8ac0
      deferredMetaDataFactories = class com.ibm.wsspi.kernel.service.utils.ConcurrentServiceReferenceSet@398e357c
      deferredMetaDataInitializers = class com.ibm.wsspi.kernel.service.utils.ConcurrentServiceReferenceMap@4e37dc77
      serialVersionUID = -2494605732980966097
      $$$tc$$$ = class com.ibm.websphere.ras.TraceComponent@4d6fc82
    namespacePopulated = false
    referenceContext = class com.ibm.ws.injectionengine.osgi.internal.OSGiReferenceContextImpl@6df0d013
      scopeData = class com.ibm.ws.injectionengine.osgi.internal.OSGiInjectionScopeData@1dfc3e7d
      serialVersionUID = 521511923892134915
      $$$tc$$$ = class com.ibm.websphere.ras.TraceComponent@63d78558
      CLASS_NAME = "com.ibm.ws.injectionengine.ReferenceContextImpl"
      tc = class com.ibm.websphere.ras.TraceComponent@cb0d040
      ivInjectionEngine = class com.ibm.ws.injectionengine.osgi.internal.OSGiInjectionEngineImpl@3fb7e6cd
      ivProviders = class java.util.ArrayList@7ff4c96e
      ivComponentJavaContext = null
      ivComponentNameSpace = null
      ivJavaColonCompEnvMap = class java.util.LinkedHashMap@670a13b4
      ivEjbContext10 = class java.util.Properties@512d860f
      ivResourceRefConfigList = null
      isAlreadyProcessed = true
      ivProcessFailure = null
      ivInjectionTargetMap = class java.util.concurrent.ConcurrentHashMap@69a634ad
      svInjTarMapCacheSize = 256
      ivDeclaredInjectionTargets = class java.util.HashMap@30403f4e
      ivProcessedInjectionClasses = class java.util.HashSet@7e01d41
      svInjClassMapCacheSize = 512
      ivProcessedInjectionBindings = class java.util.ArrayList@3a40fe4c
      ivAnyProcessDynamic = false
      ivCheckAppConfig = false
    j2eeNameFactory = class com.ibm.ws.container.service.metadata.internal.J2EENameFactoryImpl@4111ad7e
      serialVersionUID = 3486344295038028821
      $$$tc$$$ = class com.ibm.websphere.ras.TraceComponent@74de0d78
    moduleLoader = class com.ibm.ws.classloading.internal.AppClassLoader@640dfbeb
      tc = class com.ibm.websphere.ras.TraceComponent@7f3d4f1e
      disableSharedClassesCache = false
      PARENT_FIRST_SEARCH_ORDER = class java.util.Collections$UnmodifiableRandomAccessList@325ba228
      packagesDefined = class java.util.Collections$SetFromMap@7cb5a8ee
      CLASS_LOADING_TRACE_PREFIX = "com.ibm.ws.class.load."
      DEFAULT_PACKAGE = "default.package"
      perPackageClassLoadingTraceComponents = class java.util.concurrent.ConcurrentHashMap@49eb01f7
      config = class com.ibm.ws.classloading.internal.ClassLoaderConfigurationImpl@703e008e
      privateLibraries = null
      delegateLoaders = class com.ibm.ws.classloading.internal.util.CompositeIterable@7ef490c
      nativeLibraryFiles = class java.util.ArrayList@564c63c7
      transformers = class java.util.ArrayList@47b93440
      apiAccess = class com.ibm.ws.classloading.internal.GatewayClassLoader@6f73e16f
      generator = class com.ibm.ws.classloading.internal.ClassGeneratorManager@2bfc0be5
      protectionDomains = class java.util.concurrent.ConcurrentHashMap@47037649
      parent = class com.ibm.ws.classloading.internal.GatewayClassLoader@6f73e16f
      hook = null
      serialVersionUID = 8734164900246230615
      tc = class com.ibm.websphere.ras.TraceComponent@4396d414
      smartClassPath = class com.ibm.ws.classloading.internal.ContainerClassLoader$SmartClassPathImpl@3ad9e08c
      nativeLibraryContainers = class java.util.ArrayList@fbefe4b
      redefiner = class com.ibm.ws.classloading.internal.util.ClassRedefiner@5696a72
      jarProtocol = "wsjar:"
      mapCreationQueue = class java.util.concurrent.Executors$FinalizableDelegatedExecutorService@27708422
      serialVersionUID = 6399598832433768509
      serialVersionUID = 1837293532091806117
      $$$tc$$$ = class com.ibm.websphere.ras.TraceComponent@5fb8a525
      serialVersionUID = -4586727107834513475
      $$$tc$$$ = class com.ibm.websphere.ras.TraceComponent@3ac22755
      serialVersionUID = -7709588811276454856
      $$$tc$$$ = class com.ibm.websphere.ras.TraceComponent@b08a62a
      initialized = true
      pdcache = class java.util.HashMap@12bc0c8
      debug = null
      parent = class com.ibm.ws.classloading.internal.GatewayClassLoader@6f73e16f
      parallelLockMap = class java.util.concurrent.ConcurrentHashMap@5d464f9a
      package2certs = class java.util.concurrent.ConcurrentHashMap@28ee093e
      nocerts = class java.security.cert.Certificate[0]
      classes = class java.util.Vector@50daf6ce
      defaultDomain = class java.security.ProtectionDomain@fa8419d
      packages = class java.util.HashMap@607df56d
      scl = class sun.misc.Launcher$AppClassLoader@4e0e2f2a
      sclSet = true
      loadedLibraryNames = class java.util.Vector@6f853f8b
      systemNativeLibraries = class java.util.Vector@64cd1d07
      nativeLibraries = class java.util.Vector@3802a7a5
      nativeLibraryContext = class java.util.Stack@13bf21d9
      usr_paths = class java.lang.String[30]
      sys_paths = class java.lang.String[1]
      assertionLock = class java.lang.Object@3f695aed
      defaultAssertionStatus = false
      packageAssertionStatus = null
      classAssertionStatus = null
    webAppConfig = class com.ibm.ws.webcontainer.osgi.webapp.WebAppConfiguration@8cea69f
    extensionProcessingDisabled = false
    managedObjectService = class com.ibm.ws.managedobject.internal.ManagedObjectServiceImpl@698e22aa
      serialVersionUID = -5207896281925798415
      $$$tc$$$ = class com.ibm.websphere.ras.TraceComponent@36e33c6c
    internalServletMetaData = interface com.ibm.wsspi.webcontainer.metadata.WebComponentMetaData[2]
      WebComponentMetaData[0] = null
      WebComponentMetaData[1] = null
    loginProcessor = null
    logoutProcessor = null
    collabHelper = class com.ibm.ws.webcontainer.osgi.collaborator.CollaboratorHelperImpl@8e0481b
    envObject = class com.ibm.ws.util.WSThreadLocal@3c97f68c
      tc = class com.ibm.ejs.ras.TraceComponent@13c0b10a
      count = 8
      index = 3
      SUSPECTED_MISUSAGE_THRESHOLD = 200
      threadLocalHashCode = 1045676513
      nextHashCode = class java.util.concurrent.atomic.AtomicInteger@61079cb3
      HASH_INCREMENT = 1640531527
    orderedLibPaths = class java.util.Collections$UnmodifiableRandomAccessList@4d0eb4fa
      serialVersionUID = -2542308836966382001
      serialVersionUID = -283967356065247728
      list = class java.util.ArrayList@6d279629
      serialVersionUID = 1820017752578914078
      c = class java.util.ArrayList@6d279629
    perm = class com.ibm.websphere.security.WebSphereRuntimePermission@3b3fb24a
      serialVersionUID = -3306242789188168337
      $$$tc$$$ = class com.ibm.websphere.ras.TraceComponent@1f7a75d6
      serialVersionUID = 6279438298436773498
      wildcard = false
      path = "accessServletContext"
      exitVM = false
      serialVersionUID = -5636570222231596674
      name = "accessServletContext"
    WELCOME_FILE_LIST = "com.ibm.ws.webcontainer.config.WelcomeFileList"
    DIR_BROWSING_MAPPING = "__dirBrowsing__1616377430879"
    FILTER_PROXY_MAPPING = "/__filterProxy__1616377430879"
    logger = class com.ibm.ws.logging.internal.WsLogger@67942878
      ivCachedResourceBundleName = null
      ivCachedResourceBundle = null
      ivComponent = null
      ivOrganization = null
      ivProduct = null
      ivMinimumLocalizationLevelIntValue = 625
      ivTC = class com.ibm.websphere.ras.TraceComponent@11a1cf0d
      loggerRegistrationComponent = class java.lang.ThreadLocal@6943dfb9
      emptyHandlers = class java.util.logging.Handler[0]
      offValue = 2147483647
      SYSTEM_LOGGER_RB_NAME = "sun.util.logging.resources.logging"
      SYSTEM_BUNDLE = class java.util.logging.Logger$LoggerBundle@2818066f
      NO_RESOURCE_BUNDLE = class java.util.logging.Logger$LoggerBundle@39984907
      manager = class com.ibm.ws.kernel.boot.logging.WsLogManager@343227c9
      name = "com.ibm.ws.webcontainer.webapp"
      handlers = class java.util.concurrent.CopyOnWriteArrayList@7d590584
      loggerBundle = class java.util.logging.Logger$LoggerBundle@50cbaa05
      useParentHandlers = true
      filter = null
      anonymous = false
      catalog = class com.ibm.ws.webcontainer.resources.Messages@1f1246a3
      catalogName = "com.ibm.ws.webcontainer.resources.Messages"
      catalogLocale = class java.util.Locale@5013718e
      treeLock = class java.lang.Object@75ba182a
      parent = class com.ibm.ws.logging.internal.WsLogger@3cf55642
      kids = null
      levelObject = class java.util.logging.Level@6a993afc
      levelValue = 800
      callersClassLoaderRef = class java.lang.ref.WeakReference@25802cc3
      isSystemLogger = false
      GLOBAL_LOGGER_NAME = "global"
      global = class java.util.logging.Logger@4c3400ee
      $assertionsDisabled = true
    CLASS_NAME = "com.ibm.ws.webcontainer.webapp.WebApp"
    loader = class com.ibm.ws.classloading.internal.ThreadContextClassLoader@5915a1d1
      tc = class com.ibm.websphere.ras.TraceComponent@c8cc66f
      bundle = class java.util.concurrent.atomic.AtomicReference@74cb6afe
      key = "WebModule:HelloWorld#HelloWorld.war"
      refCount = class java.util.concurrent.atomic.AtomicInteger@10586ba4
      appLoader = class com.ibm.ws.classloading.internal.AppClassLoader@640dfbeb
      clSvc = class com.ibm.ws.classloading.internal.ClassLoadingServiceImpl@e8bdf84
      serialVersionUID = 846416563800781557
      tc = class com.ibm.websphere.ras.TraceComponent@1dd82f80
      followOnClassLoaders = class java.util.ArrayList@332b234c
      serialVersionUID = 8829649920524275888
      serialVersionUID = -4586727107834513475
      $$$tc$$$ = class com.ibm.websphere.ras.TraceComponent@3ac22755
      serialVersionUID = -7709588811276454856
      $$$tc$$$ = class com.ibm.websphere.ras.TraceComponent@b08a62a
      initialized = true
      pdcache = class java.util.HashMap@6388b77d
      debug = null
      parent = class com.ibm.ws.classloading.internal.GatewayClassLoader@485c6bdf
      parallelLockMap = class java.util.concurrent.ConcurrentHashMap@4c3bbd68
      package2certs = class java.util.concurrent.ConcurrentHashMap@1fedfa00
      nocerts = class java.security.cert.Certificate[0]
      classes = class java.util.Vector@75b69bf2
      defaultDomain = class java.security.ProtectionDomain@53a3e966
      packages = class java.util.HashMap@42e2de87
      scl = class sun.misc.Launcher$AppClassLoader@4e0e2f2a
      sclSet = true
      loadedLibraryNames = class java.util.Vector@6f853f8b
      systemNativeLibraries = class java.util.Vector@64cd1d07
      nativeLibraries = class java.util.Vector@322f1121
      nativeLibraryContext = class java.util.Stack@13bf21d9
      usr_paths = class java.lang.String[30]
      sys_paths = class java.lang.String[1]
      assertionLock = class java.lang.Object@7307659d
      defaultAssertionStatus = false
      packageAssertionStatus = null
      classAssertionStatus = null
    facade = class com.ibm.ws.webcontainer40.facade.ServletContextFacade40@696a3a0a
    features = class java.util.ArrayList@64b49190
      serialVersionUID = 8683452581122892189
      DEFAULT_CAPACITY = 10
      EMPTY_ELEMENTDATA = class java.lang.Object[0]
      DEFAULTCAPACITY_EMPTY_ELEMENTDATA = class java.lang.Object[0]
      elementData = class java.lang.Object[0]
      size = 0
      MAX_ARRAY_SIZE = 2147483639
      modCount = 0
      MAX_ARRAY_SIZE = 2147483639
    applicationName = "HelloWorld"
    config = class com.ibm.ws.webcontainer.osgi.webapp.WebAppConfiguration@8cea69f
    securityEnabledForApp = false
    webExtensionProcessor = class com.ibm.ws.webcontainer.osgi.extension.WebExtensionProcessor@5ca55098
      webApp = class com.ibm.ws.webcontainer40.osgi.webapp.WebApp40@66bfc14
      extensionContext = class com.ibm.ws.webcontainer40.osgi.webapp.WebApp40@66bfc14
    production = true
    isServlet23 = true
    contextPath = "/"
    internalServletList = class [Ljava.lang.String;[2]
      String[][0] = class java.lang.String[2]
      String[][1] = class java.lang.String[2]
    BY_NAME_ONLY = "/_1616377588213_/"
    filterManager = class com.ibm.ws.webcontainer.osgi.filter.WebAppFilterManagerImpl@5cdf386d
      _filterWrappers = class java.util.Hashtable@332e7db5
      chainCache = class java.util.Collections$SynchronizedMap@182d2aa0
      forwardChainCache = class java.util.Collections$SynchronizedMap@65ca9cdd
      includeChainCache = class java.util.Collections$SynchronizedMap@563b650f
      errorChainCache = class java.util.Collections$SynchronizedMap@16b869a8
      _filtersDefined = false
      FMI_MAPPING_SINGLE_SLASH = 0
      FMI_MAPPING_PATH_MATCH = 1
      FMI_MAPPING_EXTENSION_MATCH = 2
      FMI_MAPPING_EXACT_MATCH = 3
      logger = class com.ibm.ws.logging.internal.WsLogger@673129f5
      CLASS_NAME = "com.ibm.ws.webcontainer.filter.WebAppFilterManager"
      nls = class com.ibm.ejs.ras.TraceNLS@562c7dba
      webAppConfig = class com.ibm.ws.webcontainer.osgi.webapp.WebAppConfiguration@8cea69f
      webApp = class com.ibm.ws.webcontainer40.osgi.webapp.WebApp40@66bfc14
      collabHelper = class com.ibm.ws.webcontainer.osgi.collaborator.CollaboratorHelperImpl@8e0481b
      secCollab = class com.ibm.ws.webcontainer.collaborator.WebAppSecurityCollaborator@62c3389c
      sessionSecurityIntegrationEnabled = true
      assumeFilterSuccessOnSecurityError = false
      useOriginalRequestState = false
      _evtSource = class com.ibm.ws.webcontainer.webapp.WebAppEventSource@7072a623
      defaultComponentMetaData = class com.ibm.ws.webcontainer.osgi.metadata.WebComponentMetaDataImpl@3d61fd5f
      DEFER_SERVLET_REQUEST_LISTENER_DESTROY_ON_ERROR = false
    documentRoot = null
    SERVLET_API_VERSION = "Servlet 2.5"
    disableServletAuditLogging = -1
    serverInfo = "IBM WebSphere Liberty/21.0.0.3"
    sessionCtx = class com.ibm.ws.webcontainer31.session.impl.HttpSessionContext31Impl@1c270a77
      methodClassName = "HttpSessionContextImpl"
      _smc = class com.ibm.ws.session.SessionManagerConfig@1d0e047f
      sessionStoreService = null
      _sap = class com.ibm.ws.session.SessionApplicationParameters@63046bcc
      _coreHttpSessionManager = class com.ibm.ws.session.SessionManager@45228e9
      _coreHttpAppSessionManager = null
      _sam = class com.ibm.ws.webcontainer.session.impl.SessionAffinityManagerImpl@67785311
      isSIPApplication = false
      sessionAttributeListener = false
      sessionListener = false
      mHttpSessionAttributeListeners = class java.util.ArrayList@a388e7d
      mHttpSessionListeners = class java.util.ArrayList@4a22defd
      mHttpSessionIdListeners = class java.util.ArrayList@5f22a230
      mHttpSessionAttributeListenersJ2eeNames = class java.util.ArrayList@7a67921e
      mHttpSessionListenersJ2eeNames = class java.util.ArrayList@34e2a049
      mHttpSessionIdListenersJ2eeNames = class java.util.ArrayList@686b451e
      mLocalHost = null
      _refCount = 1
      currentThreadSacHashtable = null
      methodClassName = "SessionContext"
      ANONYMOUS_USER = "anonymous"
      wasHttpSessionObserver = class com.ibm.ws.session.WasHttpSessionObserver@22125901
      wasHttpSessionAttributeObserver = null
      _invalidator = class com.ibm.ws.session.SessionInvalidatorWithThreadPool@6423c83f
      _storer = class com.ibm.ws.session.EOSSessionStorer@45e2dc1a
      wasHttpAppSessionObserver = null
      mHttpAppSessionListeners = null
      cmvcInfo = "CMVC Version 1.9 6/24/07 11:12:24"
      _loggedVersion = true
      CREATE_CORE_SESSION_MANAGER = 0
      GET_REQUESTED_SESSION_ID = 1
      GET_IHTTP_SESSION = 2
      SESSION_PRE_INVOKE = 3
      SESSION_POST_INVOKE = 4
      STOP = 5
      STOP_LISTENERS = 6
      IS_VALID = 7
      ENCODE_URL = 8
      SHOULD_ENCODE_URL = 9
      IS_PROTOCOL_SWITCH = 10
      GET_LOCAL_HOST = 11
      ADD_HTTP_SESSION_ATTRIBUTE_LISTENER = 12
      ADD_HTTP_SESSION_LISTENER = 13
      GET_SESSION_AFFINITY_CONTEXT = 14
      CHECK_SECURITY = 15
      INVALIDATE = 16
      CHECK_SESSSIONID_IS_RIGHT_LENGTH = 17
      LOCK_SESSION = 18
      UNLOCK_SESSION = 19
      ADD_HTTP_SESSION_ID_LISTENER = 20
      methodNames = class java.lang.String[21]
    eventSource = class com.ibm.ws.webcontainer.webapp.WebAppEventSource@7072a623
    nls = class com.ibm.ejs.ras.TraceNLS@6af0b8fb
      resolver = class com.ibm.ws.logging.internal.TraceNLSResolver@4a575761
      finder = class com.ibm.ws.logging.internal.StackFinder@603cac9c
      ivBundleName = "com.ibm.ws.webcontainer.resources.Messages"
      caller = class java.lang.Class@77402707
    liberty_nls = class com.ibm.ejs.ras.TraceNLS@716a25
      resolver = class com.ibm.ws.logging.internal.TraceNLSResolver@4a575761
      finder = class com.ibm.ws.logging.internal.StackFinder@603cac9c
      ivBundleName = "com.ibm.ws.webcontainer.resources.LShimMessages"
      caller = class java.lang.Class@77402707
    error_nls = class com.ibm.ejs.ras.TraceNLS@25483616
      resolver = class com.ibm.ws.logging.internal.TraceNLSResolver@4a575761
      finder = class com.ibm.ws.logging.internal.StackFinder@603cac9c
      ivBundleName = "com.ibm.ws.webcontainer.resources.ErrorPage"
      caller = class java.lang.Class@77402707
    sessionListeners = class java.util.ArrayList@118e47a
      serialVersionUID = 8683452581122892189
      DEFAULT_CAPACITY = 10
      EMPTY_ELEMENTDATA = class java.lang.Object[0]
      DEFAULTCAPACITY_EMPTY_ELEMENTDATA = class java.lang.Object[0]
      elementData = class java.lang.Object[0]
      size = 0
      MAX_ARRAY_SIZE = 2147483639
      modCount = 1
      MAX_ARRAY_SIZE = 2147483639
    sessionIdListeners = class java.util.ArrayList@6e40a3c2
      serialVersionUID = 8683452581122892189
      DEFAULT_CAPACITY = 10
      EMPTY_ELEMENTDATA = class java.lang.Object[0]
      DEFAULTCAPACITY_EMPTY_ELEMENTDATA = class java.lang.Object[0]
      elementData = class java.lang.Object[0]
      size = 0
      MAX_ARRAY_SIZE = 2147483639
      modCount = 0
      MAX_ARRAY_SIZE = 2147483639
    sessionAttrListeners = class java.util.ArrayList@656bdc6d
      serialVersionUID = 8683452581122892189
      DEFAULT_CAPACITY = 10
      EMPTY_ELEMENTDATA = class java.lang.Object[0]
      DEFAULTCAPACITY_EMPTY_ELEMENTDATA = class java.lang.Object[0]
      elementData = class java.lang.Object[0]
      size = 0
      MAX_ARRAY_SIZE = 2147483639
      modCount = 1
      MAX_ARRAY_SIZE = 2147483639
    addedSessionListeners = class java.util.ArrayList@177be50
      serialVersionUID = 8683452581122892189
      DEFAULT_CAPACITY = 10
      EMPTY_ELEMENTDATA = class java.lang.Object[0]
      DEFAULTCAPACITY_EMPTY_ELEMENTDATA = class java.lang.Object[0]
      elementData = class java.lang.Object[0]
      size = 0
      MAX_ARRAY_SIZE = 2147483639
      modCount = 0
      MAX_ARRAY_SIZE = 2147483639
    addedSessionAttrListeners = class java.util.ArrayList@470ab130
      serialVersionUID = 8683452581122892189
      DEFAULT_CAPACITY = 10
      EMPTY_ELEMENTDATA = class java.lang.Object[0]
      DEFAULTCAPACITY_EMPTY_ELEMENTDATA = class java.lang.Object[0]
      elementData = class java.lang.Object[0]
      size = 0
      MAX_ARRAY_SIZE = 2147483639
      modCount = 0
      MAX_ARRAY_SIZE = 2147483639
    servletContextListeners = class java.util.ArrayList@2cbf54a0
      serialVersionUID = 8683452581122892189
      DEFAULT_CAPACITY = 10
      EMPTY_ELEMENTDATA = class java.lang.Object[0]
      DEFAULTCAPACITY_EMPTY_ELEMENTDATA = class java.lang.Object[0]
      elementData = class java.lang.Object[0]
      size = 0
      MAX_ARRAY_SIZE = 2147483639
      modCount = 1
      MAX_ARRAY_SIZE = 2147483639
    servletContextLAttrListeners = class java.util.ArrayList@178c7dee
      serialVersionUID = 8683452581122892189
      DEFAULT_CAPACITY = 10
      EMPTY_ELEMENTDATA = class java.lang.Object[0]
      DEFAULTCAPACITY_EMPTY_ELEMENTDATA = class java.lang.Object[0]
      elementData = class java.lang.Object[0]
      size = 0
      MAX_ARRAY_SIZE = 2147483639
      modCount = 1
      MAX_ARRAY_SIZE = 2147483639
    servletRequestListeners = class java.util.ArrayList@2bb5c471
      serialVersionUID = 8683452581122892189
      DEFAULT_CAPACITY = 10
      EMPTY_ELEMENTDATA = class java.lang.Object[0]
      DEFAULTCAPACITY_EMPTY_ELEMENTDATA = class java.lang.Object[0]
      elementData = class java.lang.Object[0]
      size = 0
      MAX_ARRAY_SIZE = 2147483639
      modCount = 1
      MAX_ARRAY_SIZE = 2147483639
    servletRequestLAttrListeners = class java.util.ArrayList@39246306
      serialVersionUID = 8683452581122892189
      DEFAULT_CAPACITY = 10
      EMPTY_ELEMENTDATA = class java.lang.Object[0]
      DEFAULTCAPACITY_EMPTY_ELEMENTDATA = class java.lang.Object[0]
      elementData = class java.lang.Object[0]
      size = 0
      MAX_ARRAY_SIZE = 2147483639
      modCount = 1
      MAX_ARRAY_SIZE = 2147483639
    prependSlashToResource = false
    destroyed = false
    webAppNameSpaceCollab = class com.ibm.ws.webcontainer.osgi.collaborator.WebAppNameSpaceCollaboratorImpl@3704990d
    txCollab = class com.ibm.ws.webcontainer.collaborator.WebAppTransactionCollaborator@52a27270
    sessionActivationListeners = class java.util.ArrayList@6f683ad6
      serialVersionUID = 8683452581122892189
      DEFAULT_CAPACITY = 10
      EMPTY_ELEMENTDATA = class java.lang.Object[0]
      DEFAULTCAPACITY_EMPTY_ELEMENTDATA = class java.lang.Object[0]
      elementData = class java.lang.Object[0]
      size = 0
      MAX_ARRAY_SIZE = 2147483639
      modCount = 1
      MAX_ARRAY_SIZE = 2147483639
    sessionBindingListeners = class java.util.ArrayList@1b7f49d8
      serialVersionUID = 8683452581122892189
      DEFAULT_CAPACITY = 10
      EMPTY_ELEMENTDATA = class java.lang.Object[0]
      DEFAULTCAPACITY_EMPTY_ELEMENTDATA = class java.lang.Object[0]
      elementData = class java.lang.Object[0]
      size = 0
      MAX_ARRAY_SIZE = 2147483639
      modCount = 1
      MAX_ARRAY_SIZE = 2147483639
    scratchdir = null
    jspClassLoaderLimit = 0
    jspClassLoaderExclusionList = null
    jspClassLoadersMap = null
    jspClassLoaderLimitTrackIF = false
    defaultExtProc = null
    directoryBrowsingServlet = null
    cdiContexts = class java.util.concurrent.ConcurrentHashMap@1eec808a
      serialVersionUID = 7249069246763182397
      MAXIMUM_CAPACITY = 1073741824
      DEFAULT_CAPACITY = 16
      MAX_ARRAY_SIZE = 2147483639
      DEFAULT_CONCURRENCY_LEVEL = 16
      LOAD_FACTOR = 0.75
      TREEIFY_THRESHOLD = 8
      UNTREEIFY_THRESHOLD = 6
      MIN_TREEIFY_CAPACITY = 64
      MIN_TRANSFER_STRIDE = 16
      RESIZE_STAMP_BITS = 16
      MAX_RESIZERS = 65535
      RESIZE_STAMP_SHIFT = 16
      MOVED = -1
      TREEBIN = -2
      RESERVED = -3
      HASH_BITS = 2147483647
      NCPU = 8
      serialPersistentFields = class java.io.ObjectStreamField[3]
      table = null
      nextTable = null
      baseCount = 0
      sizeCtl = 0
      transferIndex = 0
      cellsBusy = 0
      counterCells = null
      keySet = null
      values = null
      entrySet = null
      U = class sun.misc.Unsafe@43f66852
      SIZECTL = 20
      TRANSFERINDEX = 32
      BASECOUNT = 24
      CELLSBUSY = 36
      CELLVALUE = 144
      ABASE = 16
      ASHIFT = 2
      keySet = null
      values = null
    moduleConfig = class com.ibm.ws.webcontainer.osgi.container.DeployedModule@44afc02
      tc = class com.ibm.websphere.ras.TraceComponent@233759a2
      loader = class com.ibm.ws.classloading.internal.ThreadContextClassLoader@5915a1d1
      webApp = class com.ibm.ws.webcontainer40.osgi.webapp.WebApp40@66bfc14
      webAppConfig = class com.ibm.ws.webcontainer.osgi.webapp.WebAppConfiguration@8cea69f
      contextRootAdded = class com.ibm.ws.threading.internal.NonCancelableResultFuture@285e9b20
      properContextRoot = "/"
      mappingContextRoot = "/*"
      initTaskCount = class java.util.concurrent.atomic.AtomicInteger@718ecb07
      initTasksDoneListener = class com.ibm.ws.webcontainer.osgi.WebContainer$2@5c34480a
      serialVersionUID = -2104814060051592457
      $$$tc$$$ = class com.ibm.websphere.ras.TraceComponent@56477e0b
    extensionFactories = class java.util.ArrayList@6c335e16
      serialVersionUID = 8683452581122892189
      DEFAULT_CAPACITY = 10
      EMPTY_ELEMENTDATA = class java.lang.Object[0]
      DEFAULTCAPACITY_EMPTY_ELEMENTDATA = class java.lang.Object[0]
      elementData = class java.lang.Object[10]
      size = 1
      MAX_ARRAY_SIZE = 2147483639
      modCount = 4
      MAX_ARRAY_SIZE = 2147483639
    initialized = true
    lock = class com.ibm.ws.webcontainer.webapp.WebApp$1@2a5ac8d7
      this$0 = class com.ibm.ws.webcontainer40.osgi.webapp.WebApp40@66bfc14
    afterServletContextCreated = false
    redirectContextRoot = false
    errorExceptionTypeFirst = false
    initFilterBeforeServletInit = false
    SET_400_SC_ON_TOO_MANY_PARENT_DIRS = false
    sortedServletConfigs = class java.util.ArrayList@4b0a65cd
      serialVersionUID = 8683452581122892189
      DEFAULT_CAPACITY = 10
      EMPTY_ELEMENTDATA = class java.lang.Object[0]
      DEFAULTCAPACITY_EMPTY_ELEMENTDATA = class java.lang.Object[0]
      elementData = class java.lang.Object[10]
      size = 2
      MAX_ARRAY_SIZE = 2147483639
      modCount = 2
      MAX_ARRAY_SIZE = 2147483639
    effectiveMajorVersion = 3
    effectiveMinorVersion = 1
    canAddServletContextListener = true
    withinContextInitOfProgAddListener = false
    lastProgAddListenerInitialized = null
    webInfLibClassloader = null
    metaInfCache = class com.ibm.ws.webcontainer.webapp.WebApp$2@311844f6
      this$0 = class com.ibm.ws.webcontainer40.osgi.webapp.WebApp40@66bfc14
      serialVersionUID = 3801124242820219131
      head = null
      tail = null
      accessOrder = true
      serialVersionUID = 362498820763181265
      DEFAULT_INITIAL_CAPACITY = 16
      MAXIMUM_CAPACITY = 1073741824
      DEFAULT_LOAD_FACTOR = 0.75
      TREEIFY_THRESHOLD = 8
      UNTREEIFY_THRESHOLD = 6
      MIN_TREEIFY_CAPACITY = 64
      table = null
      entrySet = null
      size = 0
      modCount = 0
      threshold = 32
      loadFactor = 1.0
      keySet = null
      values = null
    useMetaInfCache = true
    SUN_CONFIGURE_LISTENER_CLASSNAME = "com.sun.faces.config.ConfigureListener"
    MYFACES_LIFECYCLE_LISTENER_CLASSNAME = "org.apache.myfaces.webapp.StartupServletContextListener"
    JSF_IMPL_ENABLED_PARAM = "com.ibm.ws.jsf.JSF_IMPL_ENABLED"
    JSF_IMPL_ENABLED_CUSTOM = "Custom"
    JSF_IMPL_ENABLED_NONE = "None"
    staticDocRoot = class com.ibm.ws.webcontainer.util.DocumentRootUtils@62e1043b
      logger = class com.ibm.ws.logging.internal.WsLogger@c99af3a
      CLASS_NAME = "com.ibm.ws.webcontainer.util.DocumentRootUtils"
      useContentLength = false
      matchedFile = null
      matchedZipFile = null
      matchedEntry = null
      matchedURL = null
      edrRoot = null
      pfedrRoot = null
      ctxt = class com.ibm.ws.webcontainer40.osgi.webapp.WebApp40@66bfc14
      baseDir = null
      edr = null
      pfedr = null
      metaInfRes = null
      searchpfEDR = true
      searchEDR = true
      searchMetaInfRes = true
      matchFromEDR = false
      matchFromMetaInfRes = false
      matchIsADirectory = false
      appConfig = class com.ibm.ws.webcontainer.osgi.webapp.WebAppConfiguration@8cea69f
      attributeType = "staticFile"
      STATIC_FILE = "staticFile"
      JSP = "jsp"
      PFEDR = "preFragmentExtendedDocumentRoot"
      EDR = "extendedDocumentRoot"
    jspDocRoot = class com.ibm.ws.webcontainer.util.DocumentRootUtils@1e8164c0
      logger = class com.ibm.ws.logging.internal.WsLogger@c99af3a
      CLASS_NAME = "com.ibm.ws.webcontainer.util.DocumentRootUtils"
      useContentLength = false
      matchedFile = null
      matchedZipFile = null
      matchedEntry = null
      matchedURL = null
      edrRoot = null
      pfedrRoot = null
      ctxt = class com.ibm.ws.webcontainer40.osgi.webapp.WebApp40@66bfc14
      baseDir = null
      edr = null
      pfedr = null
      metaInfRes = null
      searchpfEDR = true
      searchEDR = true
      searchMetaInfRes = true
      matchFromEDR = false
      matchFromMetaInfRes = false
      matchIsADirectory = false
      appConfig = class com.ibm.ws.webcontainer.osgi.webapp.WebAppConfiguration@8cea69f
      attributeType = "jsp"
      STATIC_FILE = "staticFile"
      JSP = "jsp"
      PFEDR = "preFragmentExtendedDocumentRoot"
      EDR = "extendedDocumentRoot"
    container = class com.ibm.ws.adaptable.module.internal.AdaptableContainerImpl@6c208345
      root = class com.ibm.ws.adaptable.module.internal.AdaptableContainerImpl@6c208345
      rootOverlay = class com.ibm.ws.artifact.overlay.internal.DirectoryBasedOverlayContainerImpl@537fbadf
      factoryHolder = class com.ibm.ws.adaptable.module.internal.AdaptableModuleFactoryImpl@1b7064cf
      delegate = class com.ibm.ws.artifact.overlay.internal.DirectoryBasedOverlayContainerImpl@537fbadf
      notifier = class com.ibm.ws.adaptable.module.internal.NotifierImpl@76804353
      serialVersionUID = -5950528200509051684
      $$$tc$$$ = class com.ibm.websphere.ras.TraceComponent@a2f9779
    metaInfResourceFinder = class com.ibm.ws.webcontainer.util.MetaInfResourceFinder@63d4ed0
      jarResourceContainers = class java.util.ArrayList@60b193b8
      container = class com.ibm.ws.adaptable.module.internal.AdaptableContainerImpl@6c208345
    postConstructMethods = class com.ibm.ws.webcontainer.webapp.WebApp$AnnotatedMethods@75f19515
      annotationClass = class java.lang.Class@2c8a20ea
      noOpClassNames = class java.util.HashSet@621bb6f5
      annotatedMethodNames = class java.util.concurrent.ConcurrentHashMap@53905fb7
      EMPTY_METHODS = class java.lang.reflect.Method[0]
    preDestroyMethods = class com.ibm.ws.webcontainer.webapp.WebApp$AnnotatedMethods@1f5b874c
      annotationClass = class java.lang.Class@5ee09491
      noOpClassNames = class java.util.HashSet@12f5b52c
      annotatedMethodNames = class java.util.concurrent.ConcurrentHashMap@6703bbb4
      EMPTY_METHODS = class java.lang.reflect.Method[0]
    OBJ_EMPTY = class java.lang.Object[0]
    CLASS_EMPTY = class java.lang.Class[0]
    DEFAULT_JSP_EXTENSIONS = class java.util.ArrayList@ae94703
      serialVersionUID = 8683452581122892189
      DEFAULT_CAPACITY = 10
      EMPTY_ELEMENTDATA = class java.lang.Object[0]
      DEFAULTCAPACITY_EMPTY_ELEMENTDATA = class java.lang.Object[0]
      elementData = class java.lang.Object[10]
      size = 4
      MAX_ARRAY_SIZE = 2147483639
      modCount = 4
      MAX_ARRAY_SIZE = 2147483639
    DEFER_SERVLET_REQUEST_LISTENER_DESTROY_ON_ERROR = false
    DO_ACCEPT_PARTIAL = true
    DO_NOT_ACCEPT_PARTIAL = false
    DO_ACCEPT_EXCLUDED = true
    DO_NOT_ACCEPT_EXCLUDED = false
    commands = class java.util.ArrayList@66cec340
      serialVersionUID = 8683452581122892189
      DEFAULT_CAPACITY = 10
      EMPTY_ELEMENTDATA = class java.lang.Object[0]
      DEFAULTCAPACITY_EMPTY_ELEMENTDATA = class java.lang.Object[0]
      elementData = class java.lang.Object[3]
      size = 0
      MAX_ARRAY_SIZE = 2147483639
      modCount = 0
      MAX_ARRAY_SIZE = 2147483639
    requestMapper = class com.ibm.wsspi.webcontainer.util.URIMapper@1f6eabb1
      matcher = class com.ibm.wsspi.webcontainer40.util.URIMatcher40@63eb7b1c
    parent = class com.ibm.ws.webcontainer.osgi.webapp.WebGroup@5ccc3ef7
      tc = class com.ibm.websphere.ras.TraceComponent@3036d9d9
      logger = class com.ibm.ws.logging.internal.WsLogger@67942878
      CLASS_NAME = "com.ibm.ws.webcontainer.webapp.WebGroup"
      sessUrlRewritePrefix = ";jsessionid="
      qMark = "?"
      config = class com.ibm.ws.webcontainer.osgi.webapp.WebGroupConfiguration@1a7720ca
      webApp = class com.ibm.ws.webcontainer40.osgi.webapp.WebApp40@66bfc14
      commands = class java.util.ArrayList@76343686
      requestMapper = null
      parent = class com.ibm.ws.webcontainer.osgi.DynamicVirtualHost@6273b625
      name = "/*"
      isAlive = true
      subElements = class java.util.HashMap@2ea84b52
      attributes = null
      config = null
      serialVersionUID = -8271459000149267764
      $$$tc$$$ = class com.ibm.websphere.ras.TraceComponent@1bdb7c25
    name = "HelloWorld"
    isAlive = true
    subElements = null
    attributes = class java.util.concurrent.ConcurrentHashMap@1c5dbb32
      serialVersionUID = 7249069246763182397
      MAXIMUM_CAPACITY = 1073741824
      DEFAULT_CAPACITY = 16
      MAX_ARRAY_SIZE = 2147483639
      DEFAULT_CONCURRENCY_LEVEL = 16
      LOAD_FACTOR = 0.75
      TREEIFY_THRESHOLD = 8
      UNTREEIFY_THRESHOLD = 6
      MIN_TREEIFY_CAPACITY = 64
      MIN_TRANSFER_STRIDE = 16
      RESIZE_STAMP_BITS = 16
      MAX_RESIZERS = 65535
      RESIZE_STAMP_SHIFT = 16
      MOVED = -1
      TREEBIN = -2
      RESERVED = -3
      HASH_BITS = 2147483647
      NCPU = 8
      serialPersistentFields = class java.io.ObjectStreamField[3]
      table = class java.util.concurrent.ConcurrentHashMap$Node[16]
      nextTable = null
      baseCount = 9
      sizeCtl = 12
      transferIndex = 0
      cellsBusy = 0
      counterCells = null
      keySet = null
      values = null
      entrySet = null
      U = class sun.misc.Unsafe@43f66852
      SIZECTL = 20
      TRANSFERINDEX = 32
      BASECOUNT = 24
      CELLSBUSY = 36
      CELLVALUE = 144
      ABASE = 16
      ASHIFT = 2
      keySet = null
      values = null
    config = null
    serialVersionUID = -8271459000149267764
    $$$tc$$$ = class com.ibm.websphere.ras.TraceComponent@1bdb7c25
      strings[0] = "TraceComponent[com.ibm.ws.container.AbstractContainer,class com.ibm.ws.container.AbstractContainer,[],null,null]"
  target = class com.ibm.websphere.jaxrs.server.IBMRestServlet@7b425c15
    serialVersionUID = -6835560282014155024
    KNOWN_HTTP_VERBS = class java.util.Arrays$ArrayList@55246578
      serialVersionUID = -2764017481108945198
      a = class java.lang.String[7]
      modCount = 0
      MAX_ARRAY_SIZE = 2147483639
    HTML_CONTENT_TYPE = "text/html"
    endpoint = class com.ibm.ws.jaxrs20.server.JaxRsWebEndpointImpl@28076d31
      server = null
      beanCustomizers = class java.util.HashSet@16ee83df
      tc = class com.ibm.websphere.ras.TraceComponent@44c2dd95
      features = class java.util.ArrayList@48b49091
      serialVersionUID = -378337445187376906
      tc = class com.ibm.websphere.ras.TraceComponent@20c5d33b
      HTTP_PREFIX = "http"
      SET_JAXB_VALIDATION_EVENT_HANDLER = "set-jaxb-validation-event-handler"
      endpointInfo = class com.ibm.ws.jaxrs20.metadata.EndpointInfo@1bfefa38
      jaxRsModuleMetaData = class com.ibm.ws.jaxrs20.metadata.JaxRsModuleMetaData@14399fa5
      servletConfig = class com.ibm.ws.webcontainer.servlet.ServletConfig@3169e7dd
      destination = null
      serialVersionUID = -5865334179039344363
    collaborator = class com.ibm.ws.webcontainer.osgi.collaborator.WebAppNameSpaceCollaboratorImpl@3704990d
    providerFactoryService = class com.ibm.ws.jaxrs20.component.JaxRsProviderFactory@7ac0bcd3
      jsonpProvider = class org.glassfish.json.JsonProviderImpl@2a33abf3
      jsonbProvider = class org.eclipse.yasson.JsonBindingProvider@6b1231f0
      serviceInstance = class com.ibm.ws.jaxrs20.component.JaxRsProviderFactory@7ac0bcd3
      providerRegisterList = class java.util.concurrent.CopyOnWriteArrayList@840fbcf
      _featureProvisioner = class com.ibm.wsspi.kernel.service.utils.AtomicServiceReference@63114f4a
      serialVersionUID = -7573543353316237221
      $$$tc$$$ = class com.ibm.websphere.ras.TraceComponent@417c4a04
    $$$tc$$$ = class com.ibm.websphere.ras.TraceComponent@5283e0d
      strings[0] = "TraceComponent[com.ibm.websphere.jaxrs.server.IBMRestServlet,class com.ibm.websphere.jaxrs.server.IBMRestServlet,[],null,null]"
    METHOD_DELETE = "DELETE"
    METHOD_HEAD = "HEAD"
    METHOD_GET = "GET"
    METHOD_OPTIONS = "OPTIONS"
    METHOD_POST = "POST"
    METHOD_PUT = "PUT"
    METHOD_TRACE = "TRACE"
    HEADER_IFMODSINCE = "If-Modified-Since"
    HEADER_LASTMOD = "Last-Modified"
    LSTRING_FILE = "javax.servlet.http.LocalStrings"
    lStrings = class java.util.PropertyResourceBundle@747074a
      lookup = class java.util.HashMap@6640be3b
      INITIAL_CACHE_SIZE = 32
      NONEXISTENT_BUNDLE = class java.util.ResourceBundle$1@27e2e0f9
      cacheList = class java.util.concurrent.ConcurrentHashMap@57fe473b
      referenceQueue = class java.lang.ref.ReferenceQueue@52235914
      parent = null
      locale = class java.util.Locale@2ad84dcf
      name = "javax.servlet.http.LocalStrings"
      expired = false
      cacheKey = class java.util.ResourceBundle$CacheKey@5b461f82
      keySet = null
      providers = null
      $assertionsDisabled = true
    LSTRING_FILE = "javax.servlet.LocalStrings"
    lStrings = class java.util.PropertyResourceBundle@34f67f11
    config = class com.ibm.ws.webcontainer.servlet.ServletConfig@3169e7dd
  cacheWrappers = null
  targetLoader = null
  evtSource = class com.ibm.ws.webcontainer.webapp.WebAppEventSource@7072a623
    _invocationListeners = class com.ibm.ws.webcontainer.util.EventListeners@4910483a
      EMPTY_LISTENERS = interface java.util.EventListener[0]
      logger = class com.ibm.ws.logging.internal.WsLogger@c99af3a
      CLASS_NAME = "com.ibm.ws.webcontainer.util.EventListeners"
      listeners = interface java.util.EventListener[0]
    _servletListeners = class com.ibm.ws.webcontainer.util.EventListeners@25cf0286
      EMPTY_LISTENERS = interface java.util.EventListener[0]
      logger = class com.ibm.ws.logging.internal.WsLogger@c99af3a
      CLASS_NAME = "com.ibm.ws.webcontainer.util.EventListeners"
      listeners = interface java.util.EventListener[0]
    _errorListeners = class com.ibm.ws.webcontainer.util.EventListeners@1d4dc65f
      EMPTY_LISTENERS = interface java.util.EventListener[0]
      logger = class com.ibm.ws.logging.internal.WsLogger@c99af3a
      CLASS_NAME = "com.ibm.ws.webcontainer.util.EventListeners"
      listeners = interface java.util.EventListener[0]
    _applicationListeners = class com.ibm.ws.webcontainer.util.EventListeners@6a25e15c
      EMPTY_LISTENERS = interface java.util.EventListener[0]
      logger = class com.ibm.ws.logging.internal.WsLogger@c99af3a
      CLASS_NAME = "com.ibm.ws.webcontainer.util.EventListeners"
      listeners = interface java.util.EventListener[0]
    _filterInvocationListeners = class com.ibm.ws.webcontainer.util.EventListeners@21bf25ba
      EMPTY_LISTENERS = interface java.util.EventListener[0]
      logger = class com.ibm.ws.logging.internal.WsLogger@c99af3a
      CLASS_NAME = "com.ibm.ws.webcontainer.util.EventListeners"
      listeners = interface java.util.EventListener[0]
    _filterListeners = class com.ibm.ws.webcontainer.util.EventListeners@7cb9d839
      EMPTY_LISTENERS = interface java.util.EventListener[0]
      logger = class com.ibm.ws.logging.internal.WsLogger@c99af3a
      CLASS_NAME = "com.ibm.ws.webcontainer.util.EventListeners"
      listeners = interface java.util.EventListener[0]
    _filterErrorListeners = class com.ibm.ws.webcontainer.util.EventListeners@f3596cf
      EMPTY_LISTENERS = interface java.util.EventListener[0]
      logger = class com.ibm.ws.logging.internal.WsLogger@c99af3a
      CLASS_NAME = "com.ibm.ws.webcontainer.util.EventListeners"
      listeners = interface java.util.EventListener[0]
  event = class com.ibm.websphere.servlet.event.ServletEvent@20e688eb
    serialVersionUID = 3906650803920713522
    _servletName = "sample.SampleApplication"
    _servletClassName = "com.ibm.websphere.jaxrs.server.IBMRestServlet"
    $$$tc$$$ = class com.ibm.websphere.ras.TraceComponent@7c240a0
      strings[0] = "TraceComponent[com.ibm.websphere.servlet.event.ServletEvent,class com.ibm.websphere.servlet.event.ServletEvent,[],null,null]"
    serialVersionUID = 3546927969739289392
    _context = class com.ibm.ws.webcontainer40.facade.ServletContextFacade40@696a3a0a
      context = class com.ibm.ws.webcontainer40.osgi.webapp.WebApp40@66bfc14
    _servletNames = class com.ibm.ws.webcontainer.util.EmptyEnumeration@4a87a301
      serialVersionUID = 3546642126931963953
      _instance = class com.ibm.ws.webcontainer.util.EmptyEnumeration@4a87a301
    $$$tc$$$ = class com.ibm.websphere.ras.TraceComponent@12d077fa
      strings[0] = "TraceComponent[com.ibm.websphere.servlet.event.ApplicationEvent,class com.ibm.websphere.servlet.event.ApplicationEvent,[],null,null]"
    serialVersionUID = 5516075349620653480
    source = class com.ibm.ws.webcontainer.osgi.servlet.ServletWrapper@77957008
  unavailableMessage = null
  unavailableUntil = -1
  isSTM = false
  internalServlet = false
  webAppInvocationCollaborators = null
  platformHelper = class com.ibm.ws.webcontainer.PlatformHelper@5e4fc425
  webAppNameSpaceCollab = class com.ibm.ws.webcontainer.osgi.collaborator.WebAppNameSpaceCollaboratorImpl@3704990d
    cmdai = class com.ibm.ws.threadContext.ComponentMetaDataAccessorImpl@77cccba0
      tc = class com.ibm.websphere.ras.TraceComponent@6469478e
      cmdai = class com.ibm.ws.threadContext.ComponentMetaDataAccessorImpl@77cccba0
      threadContext = class com.ibm.ws.threadContext.ThreadContextImpl@19696e32
      defaultCMD = null
  txCollab = class com.ibm.ws.webcontainer.collaborator.WebAppTransactionCollaborator@52a27270
    logger = class com.ibm.ws.logging.internal.WsLogger@4a5fa974
      ivCachedResourceBundleName = null
      ivCachedResourceBundle = null
      ivComponent = null
      ivOrganization = null
      ivProduct = null
      ivMinimumLocalizationLevelIntValue = 625
      ivTC = class com.ibm.websphere.ras.TraceComponent@dfc34b
      loggerRegistrationComponent = class java.lang.ThreadLocal@6943dfb9
      emptyHandlers = class java.util.logging.Handler[0]
      offValue = 2147483647
      SYSTEM_LOGGER_RB_NAME = "sun.util.logging.resources.logging"
      SYSTEM_BUNDLE = class java.util.logging.Logger$LoggerBundle@2818066f
      NO_RESOURCE_BUNDLE = class java.util.logging.Logger$LoggerBundle@39984907
      manager = class com.ibm.ws.kernel.boot.logging.WsLogManager@343227c9
      name = "com.ibm.ws.webcontainer.collaborator"
      handlers = class java.util.concurrent.CopyOnWriteArrayList@1ba8b596
      loggerBundle = class java.util.logging.Logger$LoggerBundle@2d0fc2d5
      useParentHandlers = true
      filter = null
      anonymous = false
      catalog = class com.ibm.ws.webcontainer.resources.Messages@1f1246a3
      catalogName = "com.ibm.ws.webcontainer.resources.Messages"
      catalogLocale = class java.util.Locale@5013718e
      treeLock = class java.lang.Object@75ba182a
      parent = class com.ibm.ws.logging.internal.WsLogger@3cf55642
      kids = null
      levelObject = class java.util.logging.Level@6a993afc
      levelValue = 800
      callersClassLoaderRef = class java.lang.ref.WeakReference@5d3a5e5c
      isSystemLogger = false
      GLOBAL_LOGGER_NAME = "global"
      global = class java.util.logging.Logger@4c3400ee
      $assertionsDisabled = true
    CLASS_NAME = "com.ibm.ws.webcontainer.collaborator.WebAppTransactionCollaborator"
  connCollab = class com.ibm.ws.webcontainer.collaborator.ConnectionHandleCollaborator@4697091f
    tc = class com.ibm.websphere.ras.TraceComponent@6b6de131
      strings[0] = "TraceComponent[com.ibm.ws.webcontainer.collaborator.ConnectionHandleCollaborator,class com.ibm.ws.webcontainer.collaborator.ConnectionHandleCollaborator,[webcontainer],com.ibm.ws.webcontainer.resources.LShimMessages,null]"
    threadContext = class com.ibm.ws.threadContext.ThreadContextImpl@3fefceb0
      ivInitialStackEntry = null
      tc = class com.ibm.ejs.ras.TraceComponent@13c0b10a
      count = 8
      index = 1
      SUSPECTED_MISUSAGE_THRESHOLD = 200
      threadLocalHashCode = 1580880099
      nextHashCode = class java.util.concurrent.atomic.AtomicInteger@61079cb3
      HASH_INCREMENT = 1640531527
  suppressServletExceptionLogging = false
  throwExceptionEnum = class java.util.RegularEnumSet@66d99304
    serialVersionUID = 3411599620347842686
    elements = 256
    elementType = class java.lang.Class@7caf8b2a
      ANNOTATION = 8192
      ENUM = 16384
      SYNTHETIC = 4096
      cachedConstructor = null
      newInstanceCallerCache = null
      name = "com.ibm.wsspi.webcontainer.collaborator.CollaboratorInvocationEnum"
      allPermDomain = class java.security.ProtectionDomain@2c264771
      useCaches = true
      reflectionData = class java.lang.ref.SoftReference@1f7513ff
      classRedefinedCount = 0
      genericInfo = null
      serialVersionUID = 3206093459760846163
      serialPersistentFields = class java.io.ObjectStreamField[0]
      reflectionFactory = class sun.reflect.ReflectionFactory@1ef60603
      initted = true
      enumConstants = class com.ibm.wsspi.webcontainer.collaborator.CollaboratorInvocationEnum[9]
      enumConstantDirectory = null
      annotationData = null
      annotationType = null
      classValueMap = null
    universe = class com.ibm.wsspi.webcontainer.collaborator.CollaboratorInvocationEnum[9]
      CollaboratorInvocationEnum[0] = class com.ibm.wsspi.webcontainer.collaborator.CollaboratorInvocationEnum@549d5a91
      CollaboratorInvocationEnum[1] = class com.ibm.wsspi.webcontainer.collaborator.CollaboratorInvocationEnum@69926cd0
      CollaboratorInvocationEnum[2] = class com.ibm.wsspi.webcontainer.collaborator.CollaboratorInvocationEnum@5601d309
      CollaboratorInvocationEnum[3] = class com.ibm.wsspi.webcontainer.collaborator.CollaboratorInvocationEnum@73d5399
      CollaboratorInvocationEnum[4] = class com.ibm.wsspi.webcontainer.collaborator.CollaboratorInvocationEnum@394ac83d
      CollaboratorInvocationEnum[5] = class com.ibm.wsspi.webcontainer.collaborator.CollaboratorInvocationEnum@4344d728
      CollaboratorInvocationEnum[6] = class com.ibm.wsspi.webcontainer.collaborator.CollaboratorInvocationEnum@1b85cdd2
      CollaboratorInvocationEnum[7] = class com.ibm.wsspi.webcontainer.collaborator.CollaboratorInvocationEnum@76c9e4a0
      CollaboratorInvocationEnum[8] = class com.ibm.wsspi.webcontainer.collaborator.CollaboratorInvocationEnum@19adc164
    ZERO_LENGTH_ENUM_ARRAY = class java.lang.Enum[0]
    MAX_ARRAY_SIZE = 2147483639
  discernUnavailableServlet = false
  reInitServletonInitUnavailableException = true
  destroyServletonServiceUnavailableException = false
  servlet23 = true
  PARAMS_HEAD_TRACE = class java.lang.Class[2]
    Class[0] = class java.lang.Class@5508c559
      ANNOTATION = 8192
      ENUM = 16384
      SYNTHETIC = 4096
      cachedConstructor = null
      newInstanceCallerCache = null
      name = "javax.servlet.http.HttpServletRequest"
      allPermDomain = class java.security.ProtectionDomain@2c264771
      useCaches = true
      reflectionData = null
      classRedefinedCount = 0
      genericInfo = null
      serialVersionUID = 3206093459760846163
      serialPersistentFields = class java.io.ObjectStreamField[0]
      reflectionFactory = class sun.reflect.ReflectionFactory@1ef60603
      initted = true
      enumConstants = null
      enumConstantDirectory = null
      annotationData = null
      annotationType = null
      classValueMap = null
    Class[1] = class java.lang.Class@1afec853
      ANNOTATION = 8192
      ENUM = 16384
      SYNTHETIC = 4096
      cachedConstructor = null
      newInstanceCallerCache = null
      name = "javax.servlet.http.HttpServletResponse"
      allPermDomain = class java.security.ProtectionDomain@2c264771
      useCaches = true
      reflectionData = null
      classRedefinedCount = 0
      genericInfo = null
      serialVersionUID = 3206093459760846163
      serialPersistentFields = class java.io.ObjectStreamField[0]
      reflectionFactory = class sun.reflect.ReflectionFactory@1ef60603
      initted = true
      enumConstants = null
      enumConstantDirectory = null
      annotationData = null
      annotationType = null
      classValueMap = null
  defaultHeadMethodInUse = false
  defaultTraceMethodInUse = false
  checkedForDefaultMethods = null
  defaultTraceRequestBehavior = false
  defaultHeadRequestBehavior = false
  useOriginalRequestState = false
  warningStatusSet = false
  LSTRING_FILE = "javax.servlet.LocalStrings"
  lStrings = class java.util.PropertyResourceBundle@34f67f11
    lookup = class java.util.HashMap@206b1d12
      serialVersionUID = 362498820763181265
      DEFAULT_INITIAL_CAPACITY = 16
      MAXIMUM_CAPACITY = 1073741824
      DEFAULT_LOAD_FACTOR = 0.75
      TREEIFY_THRESHOLD = 8
      UNTREEIFY_THRESHOLD = 6
      MIN_TREEIFY_CAPACITY = 64
      table = class java.util.HashMap$Node[8]
      entrySet = null
      size = 4
      modCount = 4
      threshold = 6
      loadFactor = 0.75
      keySet = null
      values = null
    INITIAL_CACHE_SIZE = 32
    NONEXISTENT_BUNDLE = class java.util.ResourceBundle$1@27e2e0f9
      INITIAL_CACHE_SIZE = 32
      NONEXISTENT_BUNDLE = class java.util.ResourceBundle$1@27e2e0f9
      cacheList = class java.util.concurrent.ConcurrentHashMap@57fe473b
      referenceQueue = class java.lang.ref.ReferenceQueue@52235914
      parent = null
      locale = null
      name = null
      expired = false
      cacheKey = class java.util.ResourceBundle$CacheKey@64cdd3c3
      keySet = null
      providers = null
      $assertionsDisabled = true
    cacheList = class java.util.concurrent.ConcurrentHashMap@57fe473b
      serialVersionUID = 7249069246763182397
      MAXIMUM_CAPACITY = 1073741824
      DEFAULT_CAPACITY = 16
      MAX_ARRAY_SIZE = 2147483639
      DEFAULT_CONCURRENCY_LEVEL = 16
      LOAD_FACTOR = 0.75
      TREEIFY_THRESHOLD = 8
      UNTREEIFY_THRESHOLD = 6
      MIN_TREEIFY_CAPACITY = 64
      MIN_TRANSFER_STRIDE = 16
      RESIZE_STAMP_BITS = 16
      MAX_RESIZERS = 65535
      RESIZE_STAMP_SHIFT = 16
      MOVED = -1
      TREEBIN = -2
      RESERVED = -3
      HASH_BITS = 2147483647
      NCPU = 8
      serialPersistentFields = class java.io.ObjectStreamField[3]
      table = class java.util.concurrent.ConcurrentHashMap$Node[256]
      nextTable = null
      baseCount = 147
      sizeCtl = 192
      transferIndex = 0
      cellsBusy = 0
      counterCells = null
      keySet = null
      values = null
      entrySet = null
      U = class sun.misc.Unsafe@43f66852
      SIZECTL = 20
      TRANSFERINDEX = 32
      BASECOUNT = 24
      CELLSBUSY = 36
      CELLVALUE = 144
      ABASE = 16
      ASHIFT = 2
      keySet = null
      values = null
    referenceQueue = class java.lang.ref.ReferenceQueue@52235914
      NULL = class java.lang.ref.ReferenceQueue$Null@7dce3072
      ENQUEUED = class java.lang.ref.ReferenceQueue$Null@19304167
      lock = class java.lang.ref.ReferenceQueue$Lock@762b0686
      head = null
      queueLength = 0
      $assertionsDisabled = true
    parent = null
    locale = class java.util.Locale@2ad84dcf
      LOCALECACHE = class java.util.Locale$Cache@54ca0ce8
      ENGLISH = class java.util.Locale@2e2d2a30
      FRENCH = class java.util.Locale@21bc32b9
      GERMAN = class java.util.Locale@48be42db
      ITALIAN = class java.util.Locale@4c17aa68
      JAPANESE = class java.util.Locale@b2c7570
      KOREAN = class java.util.Locale@4bc5a756
      CHINESE = class java.util.Locale@71d78c6f
      SIMPLIFIED_CHINESE = class java.util.Locale@622cd7
      TRADITIONAL_CHINESE = class java.util.Locale@688d4e5e
      FRANCE = class java.util.Locale@e94bb0e
      GERMANY = class java.util.Locale@43edfa47
      ITALY = class java.util.Locale@52787279
      JAPAN = class java.util.Locale@500539d6
      KOREA = class java.util.Locale@7be2a413
      CHINA = class java.util.Locale@622cd7
      PRC = class java.util.Locale@622cd7
      TAIWAN = class java.util.Locale@688d4e5e
      UK = class java.util.Locale@577156ea
      US = class java.util.Locale@5013718e
      CANADA = class java.util.Locale@460b1dc7
      CANADA_FRENCH = class java.util.Locale@3f395759
      ROOT = class java.util.Locale@2ad84dcf
      PRIVATE_USE_EXTENSION = x
      UNICODE_LOCALE_EXTENSION = u
      serialVersionUID = 9149081749638150636
      DISPLAY_LANGUAGE = 0
      DISPLAY_COUNTRY = 1
      DISPLAY_VARIANT = 2
      DISPLAY_SCRIPT = 3
      baseLocale = class sun.util.locale.BaseLocale@5195be91
      localeExtensions = null
      hashCodeValue = 0
      defaultLocale = class java.util.Locale@5013718e
      defaultDisplayLocale = null
      defaultFormatLocale = class java.util.Locale@5013718e
      languageTag = null
      serialPersistentFields = class java.io.ObjectStreamField[6]
      isoLanguages = null
      isoCountries = null
      $assertionsDisabled = true
    name = "javax.servlet.LocalStrings"
    expired = false
    cacheKey = class java.util.ResourceBundle$CacheKey@1a8d9545
      name = "javax.servlet.LocalStrings"
      locale = class java.util.Locale@2ad84dcf
      loaderRef = class java.util.ResourceBundle$LoaderReference@210d0f93
      format = "java.properties"
      loadTime = 0
      expirationTime = -2
      cause = null
      hashCodeCache = -1591692572
    keySet = null
    providers = null
    $assertionsDisabled = true
  config = null

