------Start of DE processing------ = [3/21/21 21:43:55:167 EDT]
Exception = org.jboss.weld.exceptions.DefinitionException
Source = com.ibm.ws.container.service.state.internal.ApplicationStateManager
probeid = 54
Stack Dump = org.jboss.weld.exceptions.DefinitionException: Exception List with 1 exceptions:
Exception 0 :
io.openliberty.microprofile.config.internal.common.ConfigException: CWMCG0010E: Unable to discover ConfigSources. The exception is: java.util.ServiceConfigurationError: org.eclipse.microprofile.config.spi.ConfigSource: Provider io.openliberty.sample.config.CustomConfigSource not found.
	at com.ibm.ws.microprofile.config.sources.DefaultSources.getDiscoveredSources(DefaultSources.java:97)
	at com.ibm.ws.microprofile.config14.impl.Config14BuilderImpl.getSources(Config14BuilderImpl.java:52)
	at com.ibm.ws.microprofile.config.impl.AbstractConfigBuilder.build(AbstractConfigBuilder.java:144)
	at com.ibm.ws.microprofile.config.impl.AbstractProviderResolver.getConfig(AbstractProviderResolver.java:260)
	at org.eclipse.microprofile.config.ConfigProvider.getConfig(ConfigProvider.java:105)
	at com.ibm.ws.microprofile.config.cdi.ConfigCDIExtension.processConversionType(ConfigCDIExtension.java:147)
	at com.ibm.ws.microprofile.config.cdi.ConfigCDIExtension.processParameterizedType(ConfigCDIExtension.java:137)
	at com.ibm.ws.microprofile.config.cdi.ConfigCDIExtension.validateConfigProperty(ConfigCDIExtension.java:98)
	at com.ibm.ws.microprofile.config.cdi.ConfigCDIExtension.processInjectionTarget(ConfigCDIExtension.java:82)
	at sun.reflect.GeneratedMethodAccessor627.invoke(Unknown Source)
	at java.lang.reflect.Method.invoke(Method.java:498)
	at org.jboss.weld.injection.StaticMethodInjectionPoint.invoke(StaticMethodInjectionPoint.java:95)
	at org.jboss.weld.injection.StaticMethodInjectionPoint.invoke(StaticMethodInjectionPoint.java:85)
	at org.jboss.weld.injection.MethodInvocationStrategy$SimpleMethodInvocationStrategy.invoke(MethodInvocationStrategy.java:168)
	at org.jboss.weld.event.ObserverMethodImpl.sendEvent(ObserverMethodImpl.java:330)
	at org.jboss.weld.event.ExtensionObserverMethodImpl.sendEvent(ExtensionObserverMethodImpl.java:123)
	at org.jboss.weld.event.ObserverMethodImpl.sendEvent(ObserverMethodImpl.java:308)
	at org.jboss.weld.event.ObserverMethodImpl.notify(ObserverMethodImpl.java:286)
	at javax.enterprise.inject.spi.ObserverMethod.notify(ObserverMethod.java:124)
	at org.jboss.weld.util.Observers.notify(Observers.java:166)
	at org.jboss.weld.event.ObserverNotifier.notifySyncObservers(ObserverNotifier.java:285)
	at org.jboss.weld.event.ObserverNotifier.notify(ObserverNotifier.java:273)
	at org.jboss.weld.event.ObserverNotifier.fireEvent(ObserverNotifier.java:177)
	at org.jboss.weld.event.ObserverNotifier.fireEvent(ObserverNotifier.java:171)
	at org.jboss.weld.bootstrap.events.AbstractContainerEvent.fire(AbstractContainerEvent.java:53)
	at org.jboss.weld.bootstrap.events.AbstractDefinitionContainerEvent.fire(AbstractDefinitionContainerEvent.java:44)
	at org.jboss.weld.bootstrap.events.AbstractProcessInjectionTarget.fire(AbstractProcessInjectionTarget.java:33)
	at org.jboss.weld.bootstrap.events.ContainerLifecycleEvents.fireProcessInjectionTarget(ContainerLifecycleEvents.java:273)
	at org.jboss.weld.bootstrap.AbstractBeanDeployer.processInjectionTargetEvents(AbstractBeanDeployer.java:140)
	at org.jboss.weld.bootstrap.BeanDeployer.processBeans(BeanDeployer.java:262)
	at org.jboss.weld.bootstrap.BeanDeployer.processClassBeanAttributes(BeanDeployer.java:244)
	at org.jboss.weld.bootstrap.WeldStartup.deployBeans(WeldStartup.java:442)
	at org.jboss.weld.bootstrap.WeldBootstrap.deployBeans(WeldBootstrap.java:86)
	at com.ibm.ws.cdi.impl.CDIContainerImpl.startInitialization(CDIContainerImpl.java:160)
	at com.ibm.ws.cdi.liberty.CDIRuntimeImpl.applicationStarting(CDIRuntimeImpl.java:479)
	at com.ibm.ws.container.service.state.internal.ApplicationStateManager.fireStarting(ApplicationStateManager.java:51)
	at com.ibm.ws.container.service.state.internal.StateChangeServiceImpl.fireApplicationStarting(StateChangeServiceImpl.java:50)
	at com.ibm.ws.app.manager.module.internal.SimpleDeployedAppInfoBase.preDeployApp(SimpleDeployedAppInfoBase.java:547)
	at com.ibm.ws.app.manager.module.internal.SimpleDeployedAppInfoBase.installApp(SimpleDeployedAppInfoBase.java:508)
	at com.ibm.ws.app.manager.module.internal.DeployedAppInfoBase.deployApp(DeployedAppInfoBase.java:349)
	at com.ibm.ws.app.manager.war.internal.WARApplicationHandlerImpl.install(WARApplicationHandlerImpl.java:65)
	at com.ibm.ws.app.manager.internal.statemachine.StartAction.execute(StartAction.java:149)
	at com.ibm.ws.app.manager.internal.statemachine.ApplicationStateMachineImpl.enterState(ApplicationStateMachineImpl.java:1352)
	at com.ibm.ws.app.manager.internal.statemachine.ApplicationStateMachineImpl.run(ApplicationStateMachineImpl.java:897)
	at com.ibm.ws.threading.internal.ExecutorServiceImpl$RunnableWrapper.run(ExecutorServiceImpl.java:238)
	at java.util.concurrent.ThreadPoolExecutor.runWorker(ThreadPoolExecutor.java:1149)
	at java.util.concurrent.ThreadPoolExecutor$Worker.run(ThreadPoolExecutor.java:624)
	at java.lang.Thread.run(Thread.java:748)
Caused by: java.util.ServiceConfigurationError: org.eclipse.microprofile.config.spi.ConfigSource: Provider io.openliberty.sample.config.CustomConfigSource not found
	at java.util.ServiceLoader.fail(ServiceLoader.java:239)
	at java.util.ServiceLoader.access$300(ServiceLoader.java:185)
	at java.util.ServiceLoader$LazyIterator.nextService(ServiceLoader.java:372)
	at java.util.ServiceLoader$LazyIterator.next(ServiceLoader.java:404)
	at java.util.ServiceLoader$1.next(ServiceLoader.java:480)
	at com.ibm.ws.microprofile.config.sources.DefaultSources.getDiscoveredSources(DefaultSources.java:93)
	... 47 more

	at org.jboss.weld.bootstrap.events.AbstractDefinitionContainerEvent.fire(AbstractDefinitionContainerEvent.java:46)
	at org.jboss.weld.bootstrap.events.AbstractProcessInjectionTarget.fire(AbstractProcessInjectionTarget.java:33)
	at org.jboss.weld.bootstrap.events.ContainerLifecycleEvents.fireProcessInjectionTarget(ContainerLifecycleEvents.java:273)
	at org.jboss.weld.bootstrap.AbstractBeanDeployer.processInjectionTargetEvents(AbstractBeanDeployer.java:140)
	at org.jboss.weld.bootstrap.BeanDeployer.processBeans(BeanDeployer.java:262)
	at org.jboss.weld.bootstrap.BeanDeployer.processClassBeanAttributes(BeanDeployer.java:244)
	at org.jboss.weld.bootstrap.WeldStartup.deployBeans(WeldStartup.java:442)
	at org.jboss.weld.bootstrap.WeldBootstrap.deployBeans(WeldBootstrap.java:86)
	at com.ibm.ws.cdi.impl.CDIContainerImpl.startInitialization(CDIContainerImpl.java:160)
	at com.ibm.ws.cdi.liberty.CDIRuntimeImpl.applicationStarting(CDIRuntimeImpl.java:479)
	at com.ibm.ws.container.service.state.internal.ApplicationStateManager.fireStarting(ApplicationStateManager.java:51)
	at com.ibm.ws.container.service.state.internal.StateChangeServiceImpl.fireApplicationStarting(StateChangeServiceImpl.java:50)
	at com.ibm.ws.app.manager.module.internal.SimpleDeployedAppInfoBase.preDeployApp(SimpleDeployedAppInfoBase.java:547)
	at com.ibm.ws.app.manager.module.internal.SimpleDeployedAppInfoBase.installApp(SimpleDeployedAppInfoBase.java:508)
	at com.ibm.ws.app.manager.module.internal.DeployedAppInfoBase.deployApp(DeployedAppInfoBase.java:349)
	at com.ibm.ws.app.manager.war.internal.WARApplicationHandlerImpl.install(WARApplicationHandlerImpl.java:65)
	at com.ibm.ws.app.manager.internal.statemachine.StartAction.execute(StartAction.java:149)
	at com.ibm.ws.app.manager.internal.statemachine.ApplicationStateMachineImpl.enterState(ApplicationStateMachineImpl.java:1352)
	at com.ibm.ws.app.manager.internal.statemachine.ApplicationStateMachineImpl.run(ApplicationStateMachineImpl.java:897)
	at com.ibm.ws.threading.internal.ExecutorServiceImpl$RunnableWrapper.run(ExecutorServiceImpl.java:238)
	at java.util.concurrent.ThreadPoolExecutor.runWorker(ThreadPoolExecutor.java:1149)
	at java.util.concurrent.ThreadPoolExecutor$Worker.run(ThreadPoolExecutor.java:624)
	at java.lang.Thread.run(Thread.java:748)
	Suppressed: io.openliberty.microprofile.config.internal.common.ConfigException: CWMCG0010E: Unable to discover ConfigSources. The exception is: java.util.ServiceConfigurationError: org.eclipse.microprofile.config.spi.ConfigSource: Provider io.openliberty.sample.config.CustomConfigSource not found.
		at com.ibm.ws.microprofile.config.sources.DefaultSources.getDiscoveredSources(DefaultSources.java:97)
		at com.ibm.ws.microprofile.config14.impl.Config14BuilderImpl.getSources(Config14BuilderImpl.java:52)
		at com.ibm.ws.microprofile.config.impl.AbstractConfigBuilder.build(AbstractConfigBuilder.java:144)
		at com.ibm.ws.microprofile.config.impl.AbstractProviderResolver.getConfig(AbstractProviderResolver.java:260)
		at org.eclipse.microprofile.config.ConfigProvider.getConfig(ConfigProvider.java:105)
		at com.ibm.ws.microprofile.config.cdi.ConfigCDIExtension.processConversionType(ConfigCDIExtension.java:147)
		at com.ibm.ws.microprofile.config.cdi.ConfigCDIExtension.processParameterizedType(ConfigCDIExtension.java:137)
		at com.ibm.ws.microprofile.config.cdi.ConfigCDIExtension.validateConfigProperty(ConfigCDIExtension.java:98)
		at com.ibm.ws.microprofile.config.cdi.ConfigCDIExtension.processInjectionTarget(ConfigCDIExtension.java:82)
		at sun.reflect.GeneratedMethodAccessor627.invoke(Unknown Source)
		at java.lang.reflect.Method.invoke(Method.java:498)
		at org.jboss.weld.injection.StaticMethodInjectionPoint.invoke(StaticMethodInjectionPoint.java:95)
		at org.jboss.weld.injection.StaticMethodInjectionPoint.invoke(StaticMethodInjectionPoint.java:85)
		at org.jboss.weld.injection.MethodInvocationStrategy$SimpleMethodInvocationStrategy.invoke(MethodInvocationStrategy.java:168)
		at org.jboss.weld.event.ObserverMethodImpl.sendEvent(ObserverMethodImpl.java:330)
		at org.jboss.weld.event.ExtensionObserverMethodImpl.sendEvent(ExtensionObserverMethodImpl.java:123)
		at org.jboss.weld.event.ObserverMethodImpl.sendEvent(ObserverMethodImpl.java:308)
		at org.jboss.weld.event.ObserverMethodImpl.notify(ObserverMethodImpl.java:286)
		at javax.enterprise.inject.spi.ObserverMethod.notify(ObserverMethod.java:124)
		at org.jboss.weld.util.Observers.notify(Observers.java:166)
		at org.jboss.weld.event.ObserverNotifier.notifySyncObservers(ObserverNotifier.java:285)
		at org.jboss.weld.event.ObserverNotifier.notify(ObserverNotifier.java:273)
		at org.jboss.weld.event.ObserverNotifier.fireEvent(ObserverNotifier.java:177)
		at org.jboss.weld.event.ObserverNotifier.fireEvent(ObserverNotifier.java:171)
		at org.jboss.weld.bootstrap.events.AbstractContainerEvent.fire(AbstractContainerEvent.java:53)
		at org.jboss.weld.bootstrap.events.AbstractDefinitionContainerEvent.fire(AbstractDefinitionContainerEvent.java:44)
		... 22 more
	Caused by: java.util.ServiceConfigurationError: org.eclipse.microprofile.config.spi.ConfigSource: Provider io.openliberty.sample.config.CustomConfigSource not found
		at java.util.ServiceLoader.fail(ServiceLoader.java:239)
		at java.util.ServiceLoader.access$300(ServiceLoader.java:185)
		at java.util.ServiceLoader$LazyIterator.nextService(ServiceLoader.java:372)
		at java.util.ServiceLoader$LazyIterator.next(ServiceLoader.java:404)
		at java.util.ServiceLoader$1.next(ServiceLoader.java:480)
		at com.ibm.ws.microprofile.config.sources.DefaultSources.getDiscoveredSources(DefaultSources.java:93)
		... 47 more

Dump of callerThis
Object type = com.ibm.ws.container.service.state.internal.ApplicationStateManager
  serialVersionUID = -6685368059484454124
  $$$tc$$$ = class com.ibm.websphere.ras.TraceComponent@44847aed
    strings[0] = "TraceComponent[com.ibm.ws.container.service.state.internal.ApplicationStateManager,class com.ibm.ws.container.service.state.internal.ApplicationStateManager,[Runtime],null,null]"
  listeners = class com.ibm.wsspi.kernel.service.utils.ConcurrentServiceReferenceSet@2e531757
    referenceName = "applicationStateListeners"
    contextRef = class java.util.concurrent.atomic.AtomicReference@596d4690
      serialVersionUID = -1848883965231344442
      unsafe = class sun.misc.Unsafe@43f66852
      valueOffset = 12
      value = class org.apache.felix.scr.impl.manager.ComponentContextImpl@58d44603
    elementMap = class java.util.LinkedHashMap@6178a7a8
      serialVersionUID = 3801124242820219131
      head = class java.util.LinkedHashMap$Entry@34ea76f
      tail = class java.util.LinkedHashMap$Entry@30243850
      accessOrder = false
      serialVersionUID = 362498820763181265
      DEFAULT_INITIAL_CAPACITY = 16
      MAXIMUM_CAPACITY = 1073741824
      DEFAULT_LOAD_FACTOR = 0.75
      TREEIFY_THRESHOLD = 8
      UNTREEIFY_THRESHOLD = 6
      MIN_TREEIFY_CAPACITY = 64
      table = class java.util.HashMap$Node[16]
      entrySet = null
      size = 9
      modCount = 9
      threshold = 12
      loadFactor = 0.75
      keySet = null
      values = null
    elementSet = class java.util.concurrent.ConcurrentSkipListSet@3591e725
      serialVersionUID = -2479143111061671589
      m = class java.util.concurrent.ConcurrentSkipListMap@2ed7e969
      UNSAFE = class sun.misc.Unsafe@43f66852
      mapOffset = 12
      MAX_ARRAY_SIZE = 2147483639
    elementSetUnsorted = false
    serialVersionUID = 756240983881166148
    $$$tc$$$ = class com.ibm.websphere.ras.TraceComponent@398576ea
      strings[0] = "TraceComponent[com.ibm.wsspi.kernel.service.utils.ConcurrentServiceReferenceSet,class com.ibm.wsspi.kernel.service.utils.ConcurrentServiceReferenceSet,[kernelUtils],com.ibm.ws.kernel.service.utils.resources.ServiceMessages,null]"
  serialVersionUID = 2284273176985484160
  $$$tc$$$ = class com.ibm.websphere.ras.TraceComponent@3349acce
    strings[0] = "TraceComponent[com.ibm.ws.container.service.state.internal.StateChangeManager,class com.ibm.ws.container.service.state.internal.StateChangeManager,[Runtime],null,null]"

Dump of objectArray[0]
Object type = com.ibm.ws.container.service.app.deploy.internal.ApplicationInfoImpl
  appName = "HelloWorld"
  appMetaData = class com.ibm.ws.container.service.app.deploy.internal.ApplicationMetaDataImpl@739c75d9
    j2eeName = class com.ibm.ws.container.service.metadata.internal.J2EENameImpl@58f5d017
      serialVersionUID = 7488184044073147667
      application = "HelloWorld"
      module = null
      component = null
      string = "HelloWorld"
      j2eeNameBytes = null
      $$$tc$$$ = class com.ibm.websphere.ras.TraceComponent@3c2d19ae
    serialVersionUID = -7906531148367236579
    $$$tc$$$ = class com.ibm.websphere.ras.TraceComponent@1c107d9f
      strings[0] = "TraceComponent[com.ibm.ws.container.service.app.deploy.internal.ApplicationMetaDataImpl,class com.ibm.ws.container.service.app.deploy.internal.ApplicationMetaDataImpl,[container.service],com.ibm.ws.container.service.resources.Messages,null]"
    tc = class com.ibm.websphere.ras.TraceComponent@40a46cf2
      strings[0] = "TraceComponent[com.ibm.ws.runtime.metadata.MetaDataImpl,class com.ibm.ws.runtime.metadata.MetaDataImpl,[Runtime],null,null]"
    NUM_STATIC_SLOTS = 4
    ID_UNINITIALIZED = -1
    id = 3
    metaDataInterface = class java.lang.Class@326e04fc
      ANNOTATION = 8192
      ENUM = 16384
      SYNTHETIC = 4096
      cachedConstructor = null
      newInstanceCallerCache = null
      name = "com.ibm.ws.runtime.metadata.ApplicationMetaData"
      allPermDomain = class java.security.ProtectionDomain@2c264771
      useCaches = true
      reflectionData = null
      classRedefinedCount = 0
      genericInfo = null
      serialVersionUID = 3206093459760846163
      serialPersistentFields = class java.io.ObjectStreamField[0]
      reflectionFactory = class sun.reflect.ReflectionFactory@1ef60603
      initted = true
      enumConstants = null
      enumConstantDirectory = null
      annotationData = null
      annotationType = null
      classValueMap = null
    staticSlots = class java.lang.Object[4]
      Object[0] = class com.ibm.ws.cdi.impl.weld.WebSphereCDIDeploymentImpl@6927473f
      Object[1] = class com.ibm.ws.injectionengine.osgi.internal.OSGiInjectionScopeData@2963abca
      Object[2] = "HelloWorld"
      Object[3] = null
    dynamicSlots = null
  appContainer = class com.ibm.ws.adaptable.module.internal.AdaptableContainerImpl@72f0e130
    root = class com.ibm.ws.adaptable.module.internal.AdaptableContainerImpl@72f0e130
    rootOverlay = class com.ibm.ws.artifact.overlay.internal.DirectoryBasedOverlayContainerImpl@73c0c4a4
      base = class com.ibm.ws.artifact.loose.internal.LooseArchive@7b9d1c6
      maskSet = class java.util.HashSet@72b79c37
      cfHolder = class com.ibm.ws.artifact.overlay.internal.OverlayContainerFactoryImpl@56f9eb21
      fileOverlayContainer = class com.ibm.ws.artifact.file.internal.FileContainer@3847216c
      overlayDirectory = class java.io.File@71b9e043
      cacheDirForOverlay = class java.io.File@3fa19c67
      overlayNotifier = class com.ibm.ws.artifact.overlay.internal.DirectoryBasedOverlayNotifier@2698d851
      enclosingContainer = null
      entryInEnclosingContainer = null
      nestedOverlays = class java.util.concurrent.ConcurrentHashMap@2755c1af
      cacheStore = class com.ibm.ws.artifact.overlay.internal.OverlayCache@195086fe
      parentOverlay = null
      isPassThroughMode = true
      serialVersionUID = -6650153487216279998
      $$$tc$$$ = class com.ibm.websphere.ras.TraceComponent@692b2dea
    factoryHolder = class com.ibm.ws.adaptable.module.internal.AdaptableModuleFactoryImpl@1b7064cf
      adapterFactoryService = class com.ibm.ws.adaptable.module.internal.AdapterFactoryServiceImpl@5b6f0f3d
      containerFactory = class com.ibm.ws.artifact.internal.ArtifactContainerFactoryService@13e7f674
      overlayContainerFactory = class com.ibm.ws.artifact.overlay.internal.OverlayContainerFactoryImpl@56f9eb21
      serialVersionUID = 4200251809856292987
      $$$tc$$$ = class com.ibm.websphere.ras.TraceComponent@6b6aa784
    delegate = class com.ibm.ws.artifact.overlay.internal.DirectoryBasedOverlayContainerImpl@73c0c4a4
    notifier = class com.ibm.ws.adaptable.module.internal.NotifierImpl@bd2e8c5
      root = class com.ibm.ws.adaptable.module.internal.AdaptableContainerImpl@72f0e130
      delegateNotifier = class com.ibm.ws.artifact.overlay.internal.DirectoryBasedOverlayNotifier@2698d851
      delegateRoot = class com.ibm.ws.artifact.overlay.internal.DirectoryBasedOverlayContainerImpl@73c0c4a4
      listenerDelegates = class java.util.HashMap@32b97ec7
      serialVersionUID = 6839382523957017880
      $$$tc$$$ = class com.ibm.websphere.ras.TraceComponent@461a8a27
    serialVersionUID = -5950528200509051684
    $$$tc$$$ = class com.ibm.websphere.ras.TraceComponent@a2f9779
      strings[0] = "TraceComponent[com.ibm.ws.adaptable.module.internal.AdaptableContainerImpl,class com.ibm.ws.adaptable.module.internal.AdaptableContainerImpl,[archive.adaptable],null,null]"
  configHelper = class com.ibm.ws.app.manager.module.ApplicationNestedConfigHelper@285f7575
    appInfo = class com.ibm.ws.app.manager.internal.ApplicationInstallInfo@399fb976
    serialVersionUID = -3174031738676705046
    $$$tc$$$ = class com.ibm.websphere.ras.TraceComponent@11cb1e3b
      strings[0] = "TraceComponent[com.ibm.ws.app.manager.module.ApplicationNestedConfigHelper,class com.ibm.ws.app.manager.module.ApplicationNestedConfigHelper,[applications, app.manager],null,null]"
  applicationInformation = class com.ibm.ws.app.manager.internal.ApplicationInstallInfo@399fb976
    _config = class com.ibm.ws.app.manager.internal.ApplicationConfig@42bcf39
      tc = class com.ibm.websphere.ras.TraceComponent@26437ee1
      _configPid = "com.ibm.ws.app.manager_26"
      _config = class com.ibm.ws.config.admin.ConfigurationDictionary@4a1b6c52
      _applicationManager = class com.ibm.ws.app.manager.ApplicationManager@43ca9407
      _location = "HelloWorld.war"
      _type = "war"
      _name = "HelloWorld"
      _notificationBroadcasterSupport = class javax.management.NotificationBroadcasterSupport@5eb08df6
      ONE_TIME_JANDEX_MSGS_DISPLAYED = true
      serialVersionUID = -2151423388299667431
    _handlerInfo = class java.util.concurrent.atomic.AtomicReference@18a38bb9
      serialVersionUID = -1848883965231344442
      unsafe = class sun.misc.Unsafe@43f66852
      valueOffset = 12
      value = class com.ibm.ws.app.manager.war.internal.WARDeployedAppInfo@1650c60c
    _container = class java.util.concurrent.atomic.AtomicReference@6e2085d2
      serialVersionUID = -1848883965231344442
      unsafe = class sun.misc.Unsafe@43f66852
      valueOffset = 12
      value = class com.ibm.ws.adaptable.module.internal.AdaptableContainerImpl@72f0e130
    _resolvedLocation = class java.util.concurrent.atomic.AtomicReference@5ec66856
      serialVersionUID = -1848883965231344442
      unsafe = class sun.misc.Unsafe@43f66852
      valueOffset = 12
      value = class com.ibm.ws.kernel.service.location.internal.LocalFileResource@2a217317
    _handler = class com.ibm.ws.app.manager.war.internal.WARApplicationHandlerImpl@44e36b0
      futureMonitor = class com.ibm.ws.threading.internal.FutureMonitorImpl@3a3d61a0
      deployedAppFactory = class com.ibm.ws.app.manager.war.internal.WARDeployedAppInfoFactoryImpl@225902f7
      serialVersionUID = 4622845147410944782
      $$$tc$$$ = class com.ibm.websphere.ras.TraceComponent@78895ac1
    _ami = class java.util.concurrent.atomic.AtomicReference@349bc3
      serialVersionUID = -1848883965231344442
      unsafe = class sun.misc.Unsafe@43f66852
      valueOffset = 12
      value = class com.ibm.wsspi.application.handler.DefaultApplicationMonitoringInformation@451d6f2f
    _updateHandler = class com.ibm.ws.app.manager.internal.statemachine.ApplicationStateMachineImpl@6a508002
      _tc = class com.ibm.websphere.ras.TraceComponent@5ee40e92
      EMPTY_FUTURE_ARRAY = interface java.util.concurrent.Future[0]
      asmSequenceNumber = class java.util.concurrent.atomic.AtomicLong@7fa8f4fc
      _qscaCounter = class java.util.concurrent.atomic.AtomicInteger@6ec06ea7
      _failedThrowable = null
      _interruptibleLock = class com.ibm.ws.app.manager.internal.statemachine.ApplicationStateMachineImpl$2@79bdb5d4
      _interruptible = false
      _performingQueuedActions = true
      _queuedActions = class java.util.concurrent.ConcurrentLinkedQueue@23b84828
      _callbackState = class java.util.concurrent.atomic.AtomicReference@1b0f57b7
      blockAppStartingFutures = class java.util.Collections$SetFromMap@7657a727
      waitingForAppHandlerFuture = class java.util.concurrent.atomic.AtomicReference@6250af2c
      waitingForExplicitStartFuture = class java.util.concurrent.atomic.AtomicReference@3485246
      startAfterFutures = class java.util.Collections$SetFromMap@621b1f77
      completionListener = class java.util.concurrent.atomic.AtomicReference@29bee28c
      _notifyAppStopped = class java.util.concurrent.ConcurrentLinkedQueue@4e701158
      _notifyAppStarting = class java.util.concurrent.ConcurrentLinkedQueue@f6ba0b2
      _notifyAppInstallCalled = class java.util.concurrent.ConcurrentLinkedQueue@3531f68f
      _notifyAppStarted = class java.util.concurrent.ConcurrentLinkedQueue@6bc5d827
      _notifyAppRemoved = class java.util.concurrent.ConcurrentLinkedQueue@25f1fed6
      _stateLock = class com.ibm.ws.app.manager.internal.statemachine.ApplicationStateMachineImpl$3@774db4ea
      _internalState = class java.util.concurrent.atomic.AtomicReference@4d72b102
      _currentAction = class java.util.concurrent.atomic.AtomicReference@8334c6b
      _rfa = class java.util.concurrent.atomic.AtomicReference@221e14f5
      _appInstallInfo = class java.util.concurrent.atomic.AtomicReference@38ee0eb8
      _update = class java.util.concurrent.atomic.AtomicBoolean@604c4206
      _appConfig = class java.util.concurrent.atomic.AtomicReference@720e1a70
      _nextAppConfig = class java.util.concurrent.atomic.AtomicReference@20e50178
      _appContainer = class java.util.concurrent.atomic.AtomicReference@68b64012
      _resolvedLocation = class java.util.concurrent.atomic.AtomicReference@6a686370
      _handler = class java.util.concurrent.atomic.AtomicReference@683739d7
      _asmSeqNo = 0
      _ctx = class org.eclipse.osgi.internal.framework.BundleContextImpl@8ac5d5
      _locAdmin = class com.ibm.ws.kernel.service.location.internal.WsLocationAdminImpl@60511b68
      _futureMonitor = class com.ibm.ws.threading.internal.FutureMonitorImpl@3a3d61a0
      _artifactFactory = class com.ibm.ws.artifact.internal.ArtifactContainerFactoryService@13e7f674
      _moduleFactory = class com.ibm.ws.adaptable.module.internal.AdaptableModuleFactoryImpl@1b7064cf
      _executorService = class com.ibm.ws.threading.internal.ExecutorServiceImpl@42cf9c5e
      _scheduledExecutorService = class com.ibm.ws.threading.internal.ScheduledExecutorImpl@2a2d4534
      _asmHelper = class com.ibm.ws.app.manager.internal.ApplicationConfigurator$NamedApplication@1d20e265
      _appMonitor = class com.ibm.ws.app.manager.internal.monitor.ApplicationMonitor@7bcc11b0
      enterStateCalled = class java.util.concurrent.atomic.AtomicBoolean@57340ceb
      serialVersionUID = 7990273947104993494
      serialVersionUID = 300267208965883056
      $$$tc$$$ = class com.ibm.websphere.ras.TraceComponent@4a1636eb
    serialVersionUID = 2630639237123415755
    $$$tc$$$ = class com.ibm.websphere.ras.TraceComponent@214d96cc
      strings[0] = "TraceComponent[com.ibm.ws.app.manager.internal.ApplicationInstallInfo,class com.ibm.ws.app.manager.internal.ApplicationInstallInfo,[applications, app.manager],com.ibm.ws.app.manager.internal.resources.AppManagerMessages,null]"
  serialVersionUID = 5227817860647895780
  $$$tc$$$ = class com.ibm.websphere.ras.TraceComponent@179fd184
    strings[0] = "TraceComponent[com.ibm.ws.container.service.app.deploy.internal.ApplicationInfoImpl,class com.ibm.ws.container.service.app.deploy.internal.ApplicationInfoImpl,[container.service],com.ibm.ws.container.service.resources.Messages,null]"

