********************************************************************************
product = Open Liberty 21.0.0.3 (wlp-1.0.50.cl210320210309-1101)
wlp.install.dir = /Users/kor/IdeaProjects/FlightLogix/HelloWorld/target/liberty/wlp/
java.home = /Library/Java/JavaVirtualMachines/jdk1.8.0_181.jdk/Contents/Home/jre
java.version = 1.8.0_181
java.runtime = Java(TM) SE Runtime Environment (1.8.0_181-b13)
os = Mac OS X (10.16; x86_64) (en_CA)
process = 62515@Andrews-MacBook-Pro.local
********************************************************************************
[29/03/21 17:09:03:109 EDT] 00000001 com.ibm.ws.kernel.launch.internal.FrameworkManager           A CWWKE0001I: The server AirlineLogicServer has been launched.
[29/03/21 17:09:05:109 EDT] 00000018 com.ibm.ws.config.xml.internal.ServerXMLConfiguration        A CWWKG0093A: Processing configuration drop-ins resource: /Users/kor/IdeaProjects/FlightLogix/HelloWorld/target/liberty/wlp/usr/servers/AirlineLogicServer/configDropins/overrides/liberty-plugin-variable-config.xml
[29/03/21 17:09:05:836 EDT] 00000001 com.ibm.ws.kernel.launch.internal.FrameworkManager           I CWWKE0002I: The kernel started after 3.556 seconds
[29/03/21 17:09:05:907 EDT] 00000021 com.ibm.ws.kernel.feature.internal.FeatureManager            I CWWKF0007I: Feature update started.
[29/03/21 17:09:07:645 EDT] 00000017 g.apache.cxf.cxf.core.3.2:1.0.50.cl210320210309-1101(id=87)] I Aries Blueprint packages not available. So namespaces will not be registered
[29/03/21 17:09:08:427 EDT] 00000016 com.ibm.ws.app.manager.internal.monitor.DropinMonitor        A CWWKZ0058I: Monitoring dropins for applications.
[29/03/21 17:09:09:103 EDT] 00000035 com.ibm.ws.app.manager.AppMessageHelper                      I CWWKZ0018I: Starting application HelloWorld.
[29/03/21 17:09:09:106 EDT] 00000035 bm.ws.app.manager.war.internal.WARDeployedAppInfoFactoryImpl I CWWKZ0134I: The HelloWorld application is using the loose application definition at the /Users/kor/IdeaProjects/FlightLogix/HelloWorld/target/liberty/wlp/usr/servers/AirlineLogicServer/apps/HelloWorld.war.xml location.
[29/03/21 17:09:10:186 EDT] 00000035 com.ibm.ws.session.WASSessionCore                            I SESN8501I: The session manager did not find a persistent storage location; HttpSession objects will be stored in the local application server's memory.
[29/03/21 17:09:10:208 EDT] 00000035 com.ibm.ws.webcontainer.osgi.webapp.WebGroup                 I SRVE0169I: Loading Web Module: Liberty Project.
[29/03/21 17:09:10:215 EDT] 00000035 com.ibm.ws.webcontainer                                      I SRVE0250I: Web Module Liberty Project has been bound to default_host.
[29/03/21 17:09:10:218 EDT] 00000035 com.ibm.ws.http.internal.VirtualHostImpl                     A CWWKT0016I: Web application available (default_host): http://192.168.0.177:9080/
[29/03/21 17:09:10:339 EDT] 00000025 com.ibm.ws.session.WASSessionCore                            I SESN0176I: A new session context will be created for application key default_host/
[29/03/21 17:09:10:369 EDT] 00000025 com.ibm.ws.util                                              I SESN0172I: The session manager is using the Java default SecureRandom implementation for session ID generation.
[29/03/21 17:09:10:461 EDT] 00000025 com.ibm.ws.app.manager.AppMessageHelper                      A CWWKZ0001I: Application HelloWorld started in 1.359 seconds.
[29/03/21 17:09:10:553 EDT] 00000021 com.ibm.ws.tcpchannel.internal.TCPPort                       I CWWKO0219I: TCP Channel defaultHttpEndpoint has been started and is now listening for requests on host *  (IPv6) port 9080.
[29/03/21 17:09:10:601 EDT] 00000021 com.ibm.ws.kernel.feature.internal.FeatureManager            A CWWKF0012I: The server installed the following features: [jaxrs-2.1, jaxrsClient-2.1, jsonp-1.1, servlet-4.0].
[29/03/21 17:09:10:602 EDT] 00000021 com.ibm.ws.kernel.feature.internal.FeatureManager            I CWWKF0008I: Feature update completed in 4.771 seconds.
[29/03/21 17:09:10:603 EDT] 00000021 com.ibm.ws.kernel.feature.internal.FeatureManager            A CWWKF0011I: The AirlineLogicServer server is ready to run a smarter planet. The AirlineLogicServer server started in 8.325 seconds.
[29/03/21 17:09:10:769 EDT] 00000026 com.ibm.ws.webcontainer.osgi.mbeans.PluginGenerator          I SRVE9103I: A configuration file for a web server plugin was automatically generated for this server at /Users/kor/IdeaProjects/FlightLogix/HelloWorld/target/liberty/wlp/usr/servers/AirlineLogicServer/logs/state/plugin-cfg.xml.
[29/03/21 20:39:16:409 EDT] 0000002c g.apache.cxf.cxf.core.3.2:1.0.50.cl210320210309-1101(id=87)] I Setting the server's publish address to be /api/
[29/03/21 20:39:16:496 EDT] 0000002c com.ibm.ws.webcontainer.servlet                              I SRVE0242I: [HelloWorld] [/] [com.example.HelloWorld.HelloApplication]: Initialization successful.
[29/03/21 20:39:16:768 EDT] 00000033 com.ibm.ws.webcontainer.extension                            W SRVE0190E: File not found: /favicon.ico
[29/03/21 20:39:45:420 EDT] 00000011 com.ibm.ws.kernel.launch.internal.FrameworkManager           A CWWKE0085I: The server AirlineLogicServer is stopping because the JVM is exiting.
[29/03/21 20:39:45:427 EDT] 000000ac com.ibm.ws.runtime.update.internal.RuntimeUpdateManagerImpl  A CWWKE1100I: Waiting for up to 30 seconds for the server to quiesce.
[29/03/21 20:39:45:439 EDT] 0000002c com.ibm.ws.tcpchannel.internal.TCPChannel                    I CWWKO0220I: TCP Channel defaultHttpEndpoint has stopped listening for requests on host *  (IPv6) port 9080.
[29/03/21 20:39:45:442 EDT] 0000002c com.ibm.ws.http.internal.VirtualHostImpl                     A CWWKT0017I: Web application removed (default_host): http://192.168.0.177:9080/
[29/03/21 20:39:45:448 EDT] 000000ac com.ibm.ws.runtime.update.internal.RuntimeUpdateManagerImpl  I CWWKE1101I: Server quiesce complete.
[29/03/21 20:39:45:493 EDT] 0000004c com.ibm.ws.app.manager.AppMessageHelper                      A CWWKZ0009I: The application HelloWorld has stopped successfully.
[29/03/21 20:39:45:874 EDT] 00000012 com.ibm.ws.kernel.launch.internal.ServerCommandListener      A CWWKE0055I: Server shutdown requested on Monday, March 29, 2021 at 8:39 PM. The server AirlineLogicServer is shutting down.
[29/03/21 20:39:45:919 EDT] 00000001 com.ibm.ws.kernel.launch.internal.FrameworkManager           A CWWKE0036I: The server AirlineLogicServer stopped after 44 minutes, 9.914 seconds.
