!SESSION 2021-04-02 13:11:01.547 -----------------------------------------------
eclipse.buildId=unknown
java.version=1.8.0_181
java.vendor=Oracle Corporation
BootLoader constants: OS=macosx, ARCH=x86_64, WS=cocoa, NL=en_CA

!ENTRY com.ibm.ws.runtime.update 4 0 2021-04-02 13:11:01.549
!MESSAGE FrameworkEvent ERROR
!STACK 0
java.io.IOException: Exception in opening zip file: /Users/kor/IdeaProjects/FlightLogix/HelloWorld/target/liberty/wlp/lib/com.ibm.ws.runtime.update_1.0.50.jar
	at org.eclipse.osgi.framework.util.SecureAction.getZipFile(SecureAction.java:340)
	at org.eclipse.osgi.storage.bundlefile.ZipBundleFile.doOpen(ZipBundleFile.java:48)
	at org.eclipse.osgi.storage.bundlefile.CloseableBundleFile.open(CloseableBundleFile.java:128)
	at org.eclipse.osgi.storage.bundlefile.CloseableBundleFile.lockOpen(CloseableBundleFile.java:77)
	at org.eclipse.osgi.storage.bundlefile.CloseableBundleFile.getEntry(CloseableBundleFile.java:261)
	at org.eclipse.osgi.internal.loader.classpath.ClasspathEntry.findEntry(ClasspathEntry.java:195)
	at org.eclipse.osgi.internal.loader.classpath.ClasspathManager.findClassImpl(ClasspathManager.java:622)
	at org.eclipse.osgi.internal.loader.classpath.ClasspathManager.findLocalClassImpl(ClasspathManager.java:608)
	at org.eclipse.osgi.internal.loader.classpath.ClasspathManager.findLocalClassImpl(ClasspathManager.java:588)
	at org.eclipse.osgi.internal.loader.classpath.ClasspathManager.findLocalClass(ClasspathManager.java:567)
	at org.eclipse.osgi.internal.loader.ModuleClassLoader.findLocalClass(ModuleClassLoader.java:346)
	at org.eclipse.osgi.internal.loader.BundleLoader.findLocalClass(BundleLoader.java:398)
	at org.eclipse.osgi.internal.loader.BundleLoader.findClass(BundleLoader.java:477)
	at org.eclipse.osgi.internal.loader.ModuleClassLoader.loadClass(ModuleClassLoader.java:171)
	at java.lang.ClassLoader.loadClass(ClassLoader.java:357)
	at com.ibm.ws.runtime.update.internal.RuntimeUpdateManagerImpl$NotificationImpl.waitForCompletion(RuntimeUpdateManagerImpl.java:228)
	at com.ibm.ws.config.xml.internal.ConfigRefresher.endConfigChanges(ConfigRefresher.java:219)
	at com.ibm.ws.config.xml.internal.ConfigRefresher.access$000(ConfigRefresher.java:40)
	at com.ibm.ws.config.xml.internal.ConfigRefresher$1.run(ConfigRefresher.java:187)
	at com.ibm.ws.threading.internal.ExecutorServiceImpl$RunnableWrapper.run(ExecutorServiceImpl.java:238)
	at java.util.concurrent.ThreadPoolExecutor.runWorker(ThreadPoolExecutor.java:1149)
	at java.util.concurrent.ThreadPoolExecutor$Worker.run(ThreadPoolExecutor.java:624)
	at java.lang.Thread.run(Thread.java:748)
Caused by: java.io.FileNotFoundException: /Users/kor/IdeaProjects/FlightLogix/HelloWorld/target/liberty/wlp/lib/com.ibm.ws.runtime.update_1.0.50.jar (No such file or directory)
	at java.util.zip.ZipFile.open(Native Method)
	at java.util.zip.ZipFile.<init>(ZipFile.java:225)
	at java.util.zip.ZipFile.<init>(ZipFile.java:155)
	at java.util.zip.ZipFile.<init>(ZipFile.java:169)
	at org.eclipse.osgi.framework.util.SecureAction.getZipFile(SecureAction.java:322)
	... 22 more

!ENTRY com.ibm.ws.runtime.update 4 0 2021-04-02 13:11:01.649
!MESSAGE FrameworkEvent ERROR
!STACK 0
java.io.IOException: Exception in opening zip file: /Users/kor/IdeaProjects/FlightLogix/HelloWorld/target/liberty/wlp/lib/com.ibm.ws.runtime.update_1.0.50.jar
	at org.eclipse.osgi.framework.util.SecureAction.getZipFile(SecureAction.java:340)
	at org.eclipse.osgi.storage.bundlefile.ZipBundleFile.doOpen(ZipBundleFile.java:48)
	at org.eclipse.osgi.storage.bundlefile.CloseableBundleFile.open(CloseableBundleFile.java:128)
	at org.eclipse.osgi.storage.bundlefile.CloseableBundleFile.lockOpen(CloseableBundleFile.java:77)
	at org.eclipse.osgi.storage.bundlefile.CloseableBundleFile.getEntry(CloseableBundleFile.java:261)
	at org.eclipse.osgi.storage.BundleInfo$Generation.getRawHeaders(BundleInfo.java:130)
	at org.eclipse.osgi.storage.BundleInfo$CachedManifest.get(BundleInfo.java:599)
	at org.eclipse.osgi.storage.BundleInfo$CachedManifest.get(BundleInfo.java:1)
	at com.ibm.ws.logging.internal.osgi.TrOSGiLogForwarder.getTraceComponent(TrOSGiLogForwarder.java:81)
	at com.ibm.ws.logging.internal.osgi.TrOSGiLogForwarder.isLoggable(TrOSGiLogForwarder.java:279)
	at org.eclipse.osgi.internal.log.ExtendedLogReaderServiceFactory.safeIsLoggable(ExtendedLogReaderServiceFactory.java:86)
	at org.eclipse.osgi.internal.log.ExtendedLogReaderServiceFactory.logPrivileged(ExtendedLogReaderServiceFactory.java:246)
	at org.eclipse.osgi.internal.log.ExtendedLogReaderServiceFactory.log(ExtendedLogReaderServiceFactory.java:225)
	at org.eclipse.osgi.internal.log.ExtendedLogServiceFactory.log(ExtendedLogServiceFactory.java:102)
	at org.eclipse.osgi.internal.log.LoggerImpl.log(LoggerImpl.java:88)
	at org.eclipse.osgi.internal.log.LogServiceManager.frameworkEvent(LogServiceManager.java:185)
	at org.eclipse.osgi.internal.framework.BundleContextImpl.dispatchEvent(BundleContextImpl.java:997)
	at org.eclipse.osgi.framework.eventmgr.EventManager.dispatchEvent(EventManager.java:234)
	at org.eclipse.osgi.framework.eventmgr.EventManager$EventThread.run(EventManager.java:345)
Caused by: java.io.FileNotFoundException: /Users/kor/IdeaProjects/FlightLogix/HelloWorld/target/liberty/wlp/lib/com.ibm.ws.runtime.update_1.0.50.jar (No such file or directory)
	at java.util.zip.ZipFile.open(Native Method)
	at java.util.zip.ZipFile.<init>(ZipFile.java:225)
	at java.util.zip.ZipFile.<init>(ZipFile.java:155)
	at java.util.zip.ZipFile.<init>(ZipFile.java:169)
	at org.eclipse.osgi.framework.util.SecureAction.getZipFile(SecureAction.java:322)
	... 18 more

!ENTRY com.ibm.ws.logging.osgi 4 0 2021-04-02 13:11:01.650
!MESSAGE FrameworkEvent ERROR
!STACK 0
java.io.IOException: Exception in opening zip file: /Users/kor/IdeaProjects/FlightLogix/HelloWorld/target/liberty/wlp/lib/com.ibm.ws.logging.osgi_1.0.50.jar
	at org.eclipse.osgi.framework.util.SecureAction.getZipFile(SecureAction.java:340)
	at org.eclipse.osgi.storage.bundlefile.ZipBundleFile.doOpen(ZipBundleFile.java:48)
	at org.eclipse.osgi.storage.bundlefile.CloseableBundleFile.open(CloseableBundleFile.java:128)
	at org.eclipse.osgi.storage.bundlefile.CloseableBundleFile.lockOpen(CloseableBundleFile.java:77)
	at org.eclipse.osgi.storage.bundlefile.CloseableBundleFile.getEntry(CloseableBundleFile.java:261)
	at org.eclipse.osgi.internal.loader.classpath.ClasspathEntry.findEntry(ClasspathEntry.java:195)
	at org.eclipse.osgi.internal.loader.classpath.ClasspathManager.findClassImpl(ClasspathManager.java:622)
	at org.eclipse.osgi.internal.loader.classpath.ClasspathManager.findLocalClassImpl(ClasspathManager.java:608)
	at org.eclipse.osgi.internal.loader.classpath.ClasspathManager.findLocalClassImpl(ClasspathManager.java:588)
	at org.eclipse.osgi.internal.loader.classpath.ClasspathManager.findLocalClass(ClasspathManager.java:567)
	at org.eclipse.osgi.internal.loader.ModuleClassLoader.findLocalClass(ModuleClassLoader.java:346)
	at org.eclipse.osgi.internal.loader.BundleLoader.findLocalClass(BundleLoader.java:398)
	at org.eclipse.osgi.internal.loader.BundleLoader.findClass(BundleLoader.java:477)
	at org.eclipse.osgi.internal.loader.ModuleClassLoader.loadClass(ModuleClassLoader.java:171)
	at java.lang.ClassLoader.loadClass(ClassLoader.java:357)
	at com.ibm.ws.logging.internal.osgi.TrOSGiLogForwarder.logged(TrOSGiLogForwarder.java:122)
	at org.eclipse.osgi.internal.log.ExtendedLogReaderServiceFactory.safeLogged(ExtendedLogReaderServiceFactory.java:110)
	at org.eclipse.osgi.internal.log.ExtendedLogReaderServiceFactory.logPrivileged(ExtendedLogReaderServiceFactory.java:253)
	at org.eclipse.osgi.internal.log.ExtendedLogReaderServiceFactory.log(ExtendedLogReaderServiceFactory.java:225)
	at org.eclipse.osgi.internal.log.ExtendedLogServiceFactory.log(ExtendedLogServiceFactory.java:102)
	at org.eclipse.osgi.internal.log.LoggerImpl.log(LoggerImpl.java:88)
	at org.eclipse.osgi.internal.log.LogServiceManager.frameworkEvent(LogServiceManager.java:185)
	at org.eclipse.osgi.internal.framework.BundleContextImpl.dispatchEvent(BundleContextImpl.java:997)
	at org.eclipse.osgi.framework.eventmgr.EventManager.dispatchEvent(EventManager.java:234)
	at org.eclipse.osgi.framework.eventmgr.EventManager$EventThread.run(EventManager.java:345)
Caused by: java.io.FileNotFoundException: /Users/kor/IdeaProjects/FlightLogix/HelloWorld/target/liberty/wlp/lib/com.ibm.ws.logging.osgi_1.0.50.jar (No such file or directory)
	at java.util.zip.ZipFile.open(Native Method)
	at java.util.zip.ZipFile.<init>(ZipFile.java:225)
	at java.util.zip.ZipFile.<init>(ZipFile.java:155)
	at java.util.zip.ZipFile.<init>(ZipFile.java:169)
	at org.eclipse.osgi.framework.util.SecureAction.getZipFile(SecureAction.java:322)
	... 24 more

!ENTRY com.ibm.ws.org.eclipse.equinox.region 4 0 2021-04-02 13:11:01.800
!MESSAGE FrameworkEvent ERROR
!STACK 0
java.io.IOException: Exception in opening zip file: /Users/kor/IdeaProjects/FlightLogix/HelloWorld/target/liberty/wlp/lib/com.ibm.ws.org.eclipse.equinox.region_1.0.50.jar
	at org.eclipse.osgi.framework.util.SecureAction.getZipFile(SecureAction.java:340)
	at org.eclipse.osgi.storage.bundlefile.ZipBundleFile.doOpen(ZipBundleFile.java:48)
	at org.eclipse.osgi.storage.bundlefile.CloseableBundleFile.open(CloseableBundleFile.java:128)
	at org.eclipse.osgi.storage.bundlefile.CloseableBundleFile.lockOpen(CloseableBundleFile.java:77)
	at org.eclipse.osgi.storage.bundlefile.CloseableBundleFile.getEntry(CloseableBundleFile.java:261)
	at org.eclipse.osgi.storage.BundleInfo$Generation.getRawHeaders(BundleInfo.java:130)
	at org.eclipse.osgi.storage.BundleInfo$CachedManifest.get(BundleInfo.java:599)
	at org.eclipse.osgi.storage.BundleInfo$CachedManifest.get(BundleInfo.java:1)
	at com.ibm.ws.logging.internal.PackageProcessor.isGateway(PackageProcessor.java:391)
	at com.ibm.ws.logging.internal.PackageProcessor.addingBundle(PackageProcessor.java:351)
	at org.osgi.util.tracker.BundleTracker$Tracked.customizerAdding(BundleTracker.java:475)
	at org.osgi.util.tracker.BundleTracker$Tracked.customizerAdding(BundleTracker.java:1)
	at org.osgi.util.tracker.AbstractTracked.trackAdding(AbstractTracked.java:256)
	at org.osgi.util.tracker.AbstractTracked.trackInitial(AbstractTracked.java:183)
	at org.osgi.util.tracker.BundleTracker.open(BundleTracker.java:159)
	at com.ibm.ws.logging.internal.PackageProcessor$1.run(PackageProcessor.java:79)
	at java.security.AccessController.doPrivileged(Native Method)
	at com.ibm.ws.logging.internal.PackageProcessor.getPackageProcessor(PackageProcessor.java:64)
	at com.ibm.websphere.ras.TruncatableThrowable.<init>(TruncatableThrowable.java:47)
	at com.ibm.websphere.ras.TruncatableThrowable.<init>(TruncatableThrowable.java:50)
	at com.ibm.ws.logging.internal.impl.BaseTraceFormatter.formatMessage(BaseTraceFormatter.java:290)
	at com.ibm.ws.logging.internal.impl.BaseTraceFormatter.formatMessage(BaseTraceFormatter.java:237)
	at com.ibm.ws.logging.internal.impl.BaseTraceService.publishLogRecord(BaseTraceService.java:983)
	at com.ibm.ws.logging.internal.impl.BaseTraceService.error(BaseTraceService.java:715)
	at com.ibm.websphere.ras.Tr.error(Tr.java:525)
	at com.ibm.ws.kernel.feature.internal.FeatureManager.checkInstallStatus(FeatureManager.java:2147)
	at com.ibm.ws.kernel.feature.internal.FeatureManager.updateFeatures(FeatureManager.java:1425)
	at com.ibm.ws.kernel.feature.internal.FeatureManager.update(FeatureManager.java:743)
	at com.ibm.ws.kernel.feature.internal.FeatureManager.processFeatureChanges(FeatureManager.java:857)
	at com.ibm.ws.kernel.feature.internal.FeatureManager$1.run(FeatureManager.java:643)
	at com.ibm.ws.threading.internal.ExecutorServiceImpl$RunnableWrapper.run(ExecutorServiceImpl.java:238)
	at java.util.concurrent.ThreadPoolExecutor.runWorker(ThreadPoolExecutor.java:1149)
	at java.util.concurrent.ThreadPoolExecutor$Worker.run(ThreadPoolExecutor.java:624)
	at java.lang.Thread.run(Thread.java:748)
Caused by: java.io.FileNotFoundException: /Users/kor/IdeaProjects/FlightLogix/HelloWorld/target/liberty/wlp/lib/com.ibm.ws.org.eclipse.equinox.region_1.0.50.jar (No such file or directory)
	at java.util.zip.ZipFile.open(Native Method)
	at java.util.zip.ZipFile.<init>(ZipFile.java:225)
	at java.util.zip.ZipFile.<init>(ZipFile.java:155)
	at java.util.zip.ZipFile.<init>(ZipFile.java:169)
	at org.eclipse.osgi.framework.util.SecureAction.getZipFile(SecureAction.java:322)
	... 33 more
