********************************************************************************
product = Open Liberty 21.0.0.4 (wlp-1.0.51.cl210420210407-0944)
wlp.install.dir = C:/Users/felix/Desktop/FlightLogix/FlightLogix/target/liberty/wlp/
java.home = C:\Program Files\Java\jdk1.8.0_281\jre
java.version = 1.8.0_281
java.runtime = Java(TM) SE Runtime Environment (1.8.0_281-b09)
os = Windows 10 (10.0; amd64) (en_029)
process = 8604@Johanson
********************************************************************************
[4/17/21 22:22:59:813 EDT] 00000001 com.ibm.ws.kernel.launch.internal.FrameworkManager           A CWWKE0001I: The server defaultServer has been launched.
[4/17/21 22:23:00:905 EDT] 00000017 com.ibm.ws.config.xml.internal.ServerXMLConfiguration        A CWWKG0093A: Processing configuration drop-ins resource: C:\Users\felix\Desktop\FlightLogix\FlightLogix\target\liberty\wlp\usr\servers\defaultServer\configDropins\overrides\liberty-plugin-variable-config.xml
[4/17/21 22:23:01:315 EDT] 00000001 com.ibm.ws.kernel.launch.internal.FrameworkManager           I CWWKE0002I: The kernel started after 1.772 seconds
[4/17/21 22:23:01:382 EDT] 00000022 com.ibm.ws.kernel.feature.internal.FeatureManager            I CWWKF0007I: Feature update started.
[4/17/21 22:23:01:841 EDT] 00000019 .apache.cxf.cxf.core.3.2:1.0.51.cl210420210407-0944(id=139)] I Aries Blueprint packages not available. So namespaces will not be registered
[4/17/21 22:23:02:145 EDT] 00000019 com.ibm.ws.app.manager.internal.monitor.DropinMonitor        A CWWKZ0058I: Monitoring dropins for applications.
[4/17/21 22:23:04:621 EDT] 0000001e com.ibm.ws.ssl.config.WSKeyStore                             I Successfully loaded default keystore: C:/Users/felix/Desktop/FlightLogix/FlightLogix/target/liberty/wlp/usr/servers/defaultServer/resources/security/key.p12 of type: PKCS12
[4/17/21 22:23:04:779 EDT] 0000002c com.ibm.ws.app.manager.AppMessageHelper                      I CWWKZ0018I: Starting application FlightLogix.
[4/17/21 22:23:04:783 EDT] 0000002c bm.ws.app.manager.war.internal.WARDeployedAppInfoFactoryImpl I CWWKZ0134I: The FlightLogix application is using the loose application definition at the C:\Users\felix\Desktop\FlightLogix\FlightLogix\target\liberty\wlp\usr\servers\defaultServer\apps\FlightLogix.war.xml location.
[4/17/21 22:23:07:296 EDT] 0000002c com.ibm.ws.logging.internal.impl.IncidentImpl                I FFDC1015I: An FFDC Incident has been created: "java.lang.Exception: Found duplicated servlet mapping url, /app/*, with endpoint infos com.ibm.ws.jaxrs20.metadata.EndpointInfo@67eb00e4 and com.ibm.ws.jaxrs20.metadata.EndpointInfo@4c41a8e9, throw exception to fail application starting. com.ibm.ws.jaxrs20.server.component.JaxRsWebModuleInfoBuilder 292" at ffdc_21.04.17_22.23.07.0.log
[4/17/21 22:23:07:716 EDT] 0000002c com.ibm.ws.jca.cm.ConnectorService                           I J2CA8050I: An authentication alias should be used instead of defining a user name and password on dataSource[default-0].
[4/17/21 22:23:08:281 EDT] 0000002c com.ibm.ws.recoverylog.spi.RecoveryDirectorImpl              I CWRLS0010I: Performing recovery processing for local WebSphere server (defaultServer).
[4/17/21 22:23:08:463 EDT] 0000002c com.ibm.ws.recoverylog.spi.RecoveryDirectorImpl              I CWRLS0012I: All persistent services have been directed to perform recovery processing for this WebSphere server (defaultServer).
[4/17/21 22:23:08:463 EDT] 0000003d com.ibm.tx.jta.impl.RecoveryManager                          I WTRN0135I: Transaction service recovering no transactions.
[4/17/21 22:23:10:102 EDT] 0000002c com.ibm.ws.session.WASSessionCore                            I SESN8501I: The session manager did not find a persistent storage location; HttpSession objects will be stored in the local application server's memory.
[4/17/21 22:23:10:170 EDT] 0000002c org.jboss.weld.Version                                       I WELD-000900: 3.1.4 (Final)
[4/17/21 22:23:13:607 EDT] 0000002c com.ibm.ws.webcontainer.osgi.webapp.WebGroup                 I SRVE0169I: Loading Web Module: Liberty Project.
[4/17/21 22:23:13:619 EDT] 0000002c com.ibm.ws.webcontainer                                      I SRVE0250I: Web Module Liberty Project has been bound to default_host.
[4/17/21 22:23:13:619 EDT] 0000002c com.ibm.ws.http.internal.VirtualHostImpl                     A CWWKT0016I: Web application available (default_host): http://johanson:8080/
[4/17/21 22:23:13:659 EDT] 0000002d com.ibm.ws.session.WASSessionCore                            I SESN0176I: A new session context will be created for application key default_host/
[4/17/21 22:23:13:679 EDT] 0000002d com.ibm.ws.util                                              I SESN0172I: The session manager is using the Java default SecureRandom implementation for session ID generation.
[4/17/21 22:23:13:776 EDT] 0000002d com.ibm.ws.app.manager.AppMessageHelper                      A CWWKZ0001I: Application FlightLogix started in 8.997 seconds.
[4/17/21 22:23:13:836 EDT] 00000022 com.ibm.ws.tcpchannel.internal.TCPPort                       I CWWKO0219I: TCP Channel defaultHttpEndpoint has been started and is now listening for requests on host *  (IPv6) port 8080.
[4/17/21 22:23:13:836 EDT] 00000022 com.ibm.ws.tcpchannel.internal.TCPPort                       I CWWKO0219I: TCP Channel defaultHttpEndpoint-ssl has been started and is now listening for requests on host *  (IPv6) port 8081.
[4/17/21 22:23:13:848 EDT] 00000022 com.ibm.ws.kernel.feature.internal.FeatureManager            A CWWKF0012I: The server installed the following features: [cdi-2.0, jaxrs-2.1, jaxrsClient-2.1, jdbc-4.2, jndi-1.0, jpa-2.2, jpaContainer-2.2, jsonp-1.1, servlet-4.0, ssl-1.0, transportSecurity-1.0].
[4/17/21 22:23:13:848 EDT] 00000022 com.ibm.ws.kernel.feature.internal.FeatureManager            I CWWKF0008I: Feature update completed in 12.526 seconds.
[4/17/21 22:23:13:848 EDT] 00000022 com.ibm.ws.kernel.feature.internal.FeatureManager            A CWWKF0011I: The defaultServer server is ready to run a smarter planet. The defaultServer server started in 14.301 seconds.
[4/17/21 22:23:14:520 EDT] 0000002e com.ibm.ws.webcontainer.osgi.mbeans.PluginGenerator          I SRVE9103I: A configuration file for a web server plugin was automatically generated for this server at C:\Users\felix\Desktop\FlightLogix\FlightLogix\target\liberty\wlp\usr\servers\defaultServer\logs\state\plugin-cfg.xml.
[4/17/21 22:23:19:110 EDT] 00000026 com.ibm.ws.http.internal.VirtualHostImpl                     A CWWKT0017I: Web application removed (default_host): http://johanson:8080/
[4/17/21 22:23:19:178 EDT] 00000026 com.ibm.ws.app.manager.AppMessageHelper                      A CWWKZ0009I: The application FlightLogix has stopped successfully.
[4/17/21 22:23:19:190 EDT] 00000026 com.ibm.ws.app.manager.AppMessageHelper                      I CWWKZ0018I: Starting application FlightLogix.
[4/17/21 22:23:19:190 EDT] 00000026 bm.ws.app.manager.war.internal.WARDeployedAppInfoFactoryImpl I CWWKZ0134I: The FlightLogix application is using the loose application definition at the C:\Users\felix\Desktop\FlightLogix\FlightLogix\target\liberty\wlp\usr\servers\defaultServer\apps\FlightLogix.war.xml location.
[4/17/21 22:23:20:186 EDT] 00000026 com.ibm.ws.logging.internal.impl.IncidentImpl                I FFDC1015I: An FFDC Incident has been created: "java.lang.Exception: Found duplicated servlet mapping url, /app/*, with endpoint infos com.ibm.ws.jaxrs20.metadata.EndpointInfo@133789da and com.ibm.ws.jaxrs20.metadata.EndpointInfo@54f9b50d, throw exception to fail application starting. com.ibm.ws.jaxrs20.server.component.JaxRsWebModuleInfoBuilder 292" at ffdc_21.04.17_22.23.20.0.log
[4/17/21 22:23:21:101 EDT] 0000002c com.ibm.ws.webcontainer.osgi.mbeans.PluginGenerator          I SRVE9103I: A configuration file for a web server plugin was automatically generated for this server at C:\Users\felix\Desktop\FlightLogix\FlightLogix\target\liberty\wlp\usr\servers\defaultServer\logs\state\plugin-cfg.xml.
[4/17/21 22:23:21:589 EDT] 00000026 com.ibm.ws.webcontainer.osgi.webapp.WebGroup                 I SRVE0169I: Loading Web Module: Liberty Project.
[4/17/21 22:23:21:589 EDT] 00000026 com.ibm.ws.webcontainer                                      I SRVE0250I: Web Module Liberty Project has been bound to default_host.
[4/17/21 22:23:21:589 EDT] 00000026 com.ibm.ws.http.internal.VirtualHostImpl                     A CWWKT0016I: Web application available (default_host): http://johanson:8080/
[4/17/21 22:23:21:593 EDT] 00000028 com.ibm.ws.session.WASSessionCore                            I SESN0176I: A new session context will be created for application key default_host/
[4/17/21 22:23:21:593 EDT] 00000028 com.ibm.ws.util                                              I SESN0172I: The session manager is using the Java default SecureRandom implementation for session ID generation.
[4/17/21 22:23:21:597 EDT] 00000028 com.ibm.ws.app.manager.AppMessageHelper                      A CWWKZ0003I: The application FlightLogix updated in 2.407 seconds.
[4/17/21 22:23:22:254 EDT] 00000026 com.ibm.ws.webcontainer.osgi.mbeans.PluginGenerator          I SRVE9103I: A configuration file for a web server plugin was automatically generated for this server at C:\Users\felix\Desktop\FlightLogix\FlightLogix\target\liberty\wlp\usr\servers\defaultServer\logs\state\plugin-cfg.xml.
[4/17/21 22:24:52:030 EDT] 00000062 .jaxrs20.cdi.component.JaxRsFactoryImplicitBeanCDICustomizer W CWWKW1002W: The CDI scope of JAXRS Provider AuthenticationFilter is javax.enterprise.context.Dependent. Liberty gets the provider instance from CDI.
[4/17/21 22:24:52:030 EDT] 00000062 .jaxrs20.cdi.component.JaxRsFactoryImplicitBeanCDICustomizer W CWWKW1002W: The CDI scope of JAXRS Provider AuthorizationFilter is javax.enterprise.context.Dependent. Liberty gets the provider instance from CDI.
[4/17/21 22:24:52:094 EDT] 00000062 .apache.cxf.cxf.core.3.2:1.0.51.cl210420210407-0944(id=139)] I Setting the server's publish address to be /app/
[4/17/21 22:24:52:178 EDT] 00000062 com.ibm.ws.webcontainer.servlet                              I SRVE0242I: [FlightLogix] [/] [com.FlightLogix.Service.FlightLogixApplicatioon]: Initialization successful.
[4/17/21 22:24:52:259 EDT] 00000062 SystemOut                                                    O Bearer eyJhbGciOiJIUzI1NiJ9.eyJqdGkiOiIyM2RhMWVlYWQxZTIxMGNhYmIxY2ZiZjNkYjljNDU3MGQ1MDdjMjg1OTJmYjAwOGZlNDY0NWYzNmFkODlmZmRhIiwiaXNzIjoiaHR0cHM6Ly9GbGlnaHRMb2dpeC5jb20iLCJhdWQiOiJodHRwczovL0ZsaWdodExvZ2l4LmNvbSIsInN1YiI6ImZlbGl4LmpvaGFuc29uQGdtYWlsLmNvbSIsImlhdCI6MTYxODcxMjMwOCwiZXhwIjoxNjE4NzQ4MzA4LCJyb2xlIjoiQ1VTVE9NRVIiLCJyZWZyZXNoQ291bnQiOjAsInJlZnJlc2hMaW1pdCI6MX0.fUxMIV-x25LFzCoq8fbMhNsQqyGGcYsHI8E7B1wp4P4
[4/17/21 22:24:52:970 EDT] 00000062 eclipselink                                                  I CWWJP9990I: [eclipselink] EclipseLink, version: Eclipse Persistence Services - 2.7.8.v20201217-ecdf3c32c4
[4/17/21 22:24:56:385 EDT] 00000062 com.ibm.ws.rsadapter.impl.DatabaseHelper                     I DSRA8203I: Database product name : MySQL
[4/17/21 22:24:56:385 EDT] 00000062 com.ibm.ws.rsadapter.impl.DatabaseHelper                     I DSRA8204I: Database product version : 8.0.20
[4/17/21 22:24:56:385 EDT] 00000062 com.ibm.ws.rsadapter.impl.DatabaseHelper                     I DSRA8205I: JDBC driver name  : MySQL Connector/J
[4/17/21 22:24:56:385 EDT] 00000062 com.ibm.ws.rsadapter.impl.DatabaseHelper                     I DSRA8206I: JDBC driver version  : mysql-connector-java-8.0.23 (Revision: 18bbd5e68195d0da083cbd5bd0d05d76320df7cd)
[4/17/21 22:24:57:138 EDT] 00000062 eclipselink.server                                           W CWWJP9991W: [eclipselink.server] Failed to find MBean Server: null or empty List returned from MBeanServerFactory.findMBeanServer(null)
[4/17/21 22:25:00:894 EDT] 00000062 SystemOut                                                    O here
[4/17/21 22:25:02:939 EDT] 00000062 SystemOut                                                    O TOKEN->MqNb3kZc8HnKZgJQpxrx8AbbiKYA
[4/17/21 22:25:02:964 EDT] 00000062 SystemOut                                                    O Hello from bookingSearch
[4/17/21 22:25:39:817 EDT] 0000007b SystemOut                                                    O Bearer eyJhbGciOiJIUzI1NiJ9.eyJqdGkiOiIyM2RhMWVlYWQxZTIxMGNhYmIxY2ZiZjNkYjljNDU3MGQ1MDdjMjg1OTJmYjAwOGZlNDY0NWYzNmFkODlmZmRhIiwiaXNzIjoiaHR0cHM6Ly9GbGlnaHRMb2dpeC5jb20iLCJhdWQiOiJodHRwczovL0ZsaWdodExvZ2l4LmNvbSIsInN1YiI6ImZlbGl4LmpvaGFuc29uQGdtYWlsLmNvbSIsImlhdCI6MTYxODcxMjMwOCwiZXhwIjoxNjE4NzQ4MzA4LCJyb2xlIjoiQ1VTVE9NRVIiLCJyZWZyZXNoQ291bnQiOjAsInJlZnJlc2hMaW1pdCI6MX0.fUxMIV-x25LFzCoq8fbMhNsQqyGGcYsHI8E7B1wp4P4
[4/17/21 22:25:40:004 EDT] 0000007b SystemOut                                                    O here
[4/17/21 22:25:40:012 EDT] 0000007b SystemOut                                                    O Hello from bookingSearch
[4/17/21 22:26:51:561 EDT] 00000083 SystemOut                                                    O Bearer eyJhbGciOiJIUzI1NiJ9.eyJqdGkiOiIyM2RhMWVlYWQxZTIxMGNhYmIxY2ZiZjNkYjljNDU3MGQ1MDdjMjg1OTJmYjAwOGZlNDY0NWYzNmFkODlmZmRhIiwiaXNzIjoiaHR0cHM6Ly9GbGlnaHRMb2dpeC5jb20iLCJhdWQiOiJodHRwczovL0ZsaWdodExvZ2l4LmNvbSIsInN1YiI6ImZlbGl4LmpvaGFuc29uQGdtYWlsLmNvbSIsImlhdCI6MTYxODcxMjMwOCwiZXhwIjoxNjE4NzQ4MzA4LCJyb2xlIjoiQ1VTVE9NRVIiLCJyZWZyZXNoQ291bnQiOjAsInJlZnJlc2hMaW1pdCI6MX0.fUxMIV-x25LFzCoq8fbMhNsQqyGGcYsHI8E7B1wp4P4
[4/17/21 22:26:51:675 EDT] 00000083 SystemOut                                                    O here
[4/17/21 22:26:51:675 EDT] 00000083 SystemOut                                                    O Hello from bookingSearch
[4/17/21 22:28:42:054 EDT] 00000076 SystemOut                                                    O Bearer eyJhbGciOiJIUzI1NiJ9.eyJqdGkiOiIyM2RhMWVlYWQxZTIxMGNhYmIxY2ZiZjNkYjljNDU3MGQ1MDdjMjg1OTJmYjAwOGZlNDY0NWYzNmFkODlmZmRhIiwiaXNzIjoiaHR0cHM6Ly9GbGlnaHRMb2dpeC5jb20iLCJhdWQiOiJodHRwczovL0ZsaWdodExvZ2l4LmNvbSIsInN1YiI6ImZlbGl4LmpvaGFuc29uQGdtYWlsLmNvbSIsImlhdCI6MTYxODcxMjMwOCwiZXhwIjoxNjE4NzQ4MzA4LCJyb2xlIjoiQ1VTVE9NRVIiLCJyZWZyZXNoQ291bnQiOjAsInJlZnJlc2hMaW1pdCI6MX0.fUxMIV-x25LFzCoq8fbMhNsQqyGGcYsHI8E7B1wp4P4
[4/17/21 22:28:42:171 EDT] 00000076 SystemOut                                                    O here
[4/17/21 22:28:42:179 EDT] 00000076 SystemOut                                                    O Hello from bookingSearch
[4/17/21 22:29:03:465 EDT] 0000006f SystemOut                                                    O Bearer eyJhbGciOiJIUzI1NiJ9.eyJqdGkiOiIyM2RhMWVlYWQxZTIxMGNhYmIxY2ZiZjNkYjljNDU3MGQ1MDdjMjg1OTJmYjAwOGZlNDY0NWYzNmFkODlmZmRhIiwiaXNzIjoiaHR0cHM6Ly9GbGlnaHRMb2dpeC5jb20iLCJhdWQiOiJodHRwczovL0ZsaWdodExvZ2l4LmNvbSIsInN1YiI6ImZlbGl4LmpvaGFuc29uQGdtYWlsLmNvbSIsImlhdCI6MTYxODcxMjMwOCwiZXhwIjoxNjE4NzQ4MzA4LCJyb2xlIjoiQ1VTVE9NRVIiLCJyZWZyZXNoQ291bnQiOjAsInJlZnJlc2hMaW1pdCI6MX0.fUxMIV-x25LFzCoq8fbMhNsQqyGGcYsHI8E7B1wp4P4
[4/17/21 22:29:03:780 EDT] 0000006f SystemOut                                                    O here
[4/17/21 22:29:03:780 EDT] 0000006f SystemOut                                                    O Hello from bookingSearch
[4/17/21 22:29:30:758 EDT] 00000042 SystemOut                                                    O Bearer eyJhbGciOiJIUzI1NiJ9.eyJqdGkiOiIyM2RhMWVlYWQxZTIxMGNhYmIxY2ZiZjNkYjljNDU3MGQ1MDdjMjg1OTJmYjAwOGZlNDY0NWYzNmFkODlmZmRhIiwiaXNzIjoiaHR0cHM6Ly9GbGlnaHRMb2dpeC5jb20iLCJhdWQiOiJodHRwczovL0ZsaWdodExvZ2l4LmNvbSIsInN1YiI6ImZlbGl4LmpvaGFuc29uQGdtYWlsLmNvbSIsImlhdCI6MTYxODcxMjMwOCwiZXhwIjoxNjE4NzQ4MzA4LCJyb2xlIjoiQ1VTVE9NRVIiLCJyZWZyZXNoQ291bnQiOjAsInJlZnJlc2hMaW1pdCI6MX0.fUxMIV-x25LFzCoq8fbMhNsQqyGGcYsHI8E7B1wp4P4
[4/17/21 22:29:30:863 EDT] 00000042 SystemOut                                                    O here
[4/17/21 22:29:30:882 EDT] 00000042 SystemOut                                                    O Hello from bookingSearch
[4/17/21 22:32:49:949 EDT] 000000a8 SystemOut                                                    O Bearer eyJhbGciOiJIUzI1NiJ9.eyJqdGkiOiIyM2RhMWVlYWQxZTIxMGNhYmIxY2ZiZjNkYjljNDU3MGQ1MDdjMjg1OTJmYjAwOGZlNDY0NWYzNmFkODlmZmRhIiwiaXNzIjoiaHR0cHM6Ly9GbGlnaHRMb2dpeC5jb20iLCJhdWQiOiJodHRwczovL0ZsaWdodExvZ2l4LmNvbSIsInN1YiI6ImZlbGl4LmpvaGFuc29uQGdtYWlsLmNvbSIsImlhdCI6MTYxODcxMjMwOCwiZXhwIjoxNjE4NzQ4MzA4LCJyb2xlIjoiQ1VTVE9NRVIiLCJyZWZyZXNoQ291bnQiOjAsInJlZnJlc2hMaW1pdCI6MX0.fUxMIV-x25LFzCoq8fbMhNsQqyGGcYsHI8E7B1wp4P4
[4/17/21 22:32:50:086 EDT] 000000a8 SystemOut                                                    O here
[4/17/21 22:32:50:086 EDT] 000000a8 SystemOut                                                    O Hello from bookingSearch
[4/17/21 22:33:20:822 EDT] 000000d6 SystemOut                                                    O Bearer eyJhbGciOiJIUzI1NiJ9.eyJqdGkiOiIyM2RhMWVlYWQxZTIxMGNhYmIxY2ZiZjNkYjljNDU3MGQ1MDdjMjg1OTJmYjAwOGZlNDY0NWYzNmFkODlmZmRhIiwiaXNzIjoiaHR0cHM6Ly9GbGlnaHRMb2dpeC5jb20iLCJhdWQiOiJodHRwczovL0ZsaWdodExvZ2l4LmNvbSIsInN1YiI6ImZlbGl4LmpvaGFuc29uQGdtYWlsLmNvbSIsImlhdCI6MTYxODcxMjMwOCwiZXhwIjoxNjE4NzQ4MzA4LCJyb2xlIjoiQ1VTVE9NRVIiLCJyZWZyZXNoQ291bnQiOjAsInJlZnJlc2hMaW1pdCI6MX0.fUxMIV-x25LFzCoq8fbMhNsQqyGGcYsHI8E7B1wp4P4
[4/17/21 22:33:21:009 EDT] 000000d6 SystemOut                                                    O here
[4/17/21 22:33:21:009 EDT] 000000d6 SystemOut                                                    O Hello from bookingSearch
[4/17/21 22:33:42:061 EDT] 00000042 SystemOut                                                    O Bearer eyJhbGciOiJIUzI1NiJ9.eyJqdGkiOiIyM2RhMWVlYWQxZTIxMGNhYmIxY2ZiZjNkYjljNDU3MGQ1MDdjMjg1OTJmYjAwOGZlNDY0NWYzNmFkODlmZmRhIiwiaXNzIjoiaHR0cHM6Ly9GbGlnaHRMb2dpeC5jb20iLCJhdWQiOiJodHRwczovL0ZsaWdodExvZ2l4LmNvbSIsInN1YiI6ImZlbGl4LmpvaGFuc29uQGdtYWlsLmNvbSIsImlhdCI6MTYxODcxMjMwOCwiZXhwIjoxNjE4NzQ4MzA4LCJyb2xlIjoiQ1VTVE9NRVIiLCJyZWZyZXNoQ291bnQiOjAsInJlZnJlc2hMaW1pdCI6MX0.fUxMIV-x25LFzCoq8fbMhNsQqyGGcYsHI8E7B1wp4P4
[4/17/21 22:33:42:309 EDT] 00000042 SystemOut                                                    O here
[4/17/21 22:33:42:309 EDT] 00000042 SystemOut                                                    O Hello from bookingSearch
[4/17/21 22:34:10:306 EDT] 000000af SystemOut                                                    O Bearer eyJhbGciOiJIUzI1NiJ9.eyJqdGkiOiIyM2RhMWVlYWQxZTIxMGNhYmIxY2ZiZjNkYjljNDU3MGQ1MDdjMjg1OTJmYjAwOGZlNDY0NWYzNmFkODlmZmRhIiwiaXNzIjoiaHR0cHM6Ly9GbGlnaHRMb2dpeC5jb20iLCJhdWQiOiJodHRwczovL0ZsaWdodExvZ2l4LmNvbSIsInN1YiI6ImZlbGl4LmpvaGFuc29uQGdtYWlsLmNvbSIsImlhdCI6MTYxODcxMjMwOCwiZXhwIjoxNjE4NzQ4MzA4LCJyb2xlIjoiQ1VTVE9NRVIiLCJyZWZyZXNoQ291bnQiOjAsInJlZnJlc2hMaW1pdCI6MX0.fUxMIV-x25LFzCoq8fbMhNsQqyGGcYsHI8E7B1wp4P4
[4/17/21 22:34:10:569 EDT] 000000af SystemOut                                                    O here
[4/17/21 22:34:10:578 EDT] 000000af SystemOut                                                    O Hello from bookingSearch
[4/17/21 22:35:04:508 EDT] 000000ef SystemOut                                                    O Bearer eyJhbGciOiJIUzI1NiJ9.eyJqdGkiOiIyM2RhMWVlYWQxZTIxMGNhYmIxY2ZiZjNkYjljNDU3MGQ1MDdjMjg1OTJmYjAwOGZlNDY0NWYzNmFkODlmZmRhIiwiaXNzIjoiaHR0cHM6Ly9GbGlnaHRMb2dpeC5jb20iLCJhdWQiOiJodHRwczovL0ZsaWdodExvZ2l4LmNvbSIsInN1YiI6ImZlbGl4LmpvaGFuc29uQGdtYWlsLmNvbSIsImlhdCI6MTYxODcxMjMwOCwiZXhwIjoxNjE4NzQ4MzA4LCJyb2xlIjoiQ1VTVE9NRVIiLCJyZWZyZXNoQ291bnQiOjAsInJlZnJlc2hMaW1pdCI6MX0.fUxMIV-x25LFzCoq8fbMhNsQqyGGcYsHI8E7B1wp4P4
[4/17/21 22:35:04:638 EDT] 000000ef SystemOut                                                    O here
[4/17/21 22:35:04:646 EDT] 000000ef SystemOut                                                    O Hello from bookingSearch
