------Start of DE processing------ = [4/2/21 15:15:38:465 EDT]
Exception = java.lang.Exception
Source = com.ibm.ws.jaxrs20.server.component.JaxRsWebModuleInfoBuilder
probeid = 292
Stack Dump = java.lang.Exception: Found duplicated servlet mapping url, /api/*, with endpoint infos com.ibm.ws.jaxrs20.metadata.EndpointInfo@78c53105 and com.ibm.ws.jaxrs20.metadata.EndpointInfo@5d040b6d, throw exception to fail application starting.
	at com.ibm.ws.jaxrs20.server.component.JaxRsWebModuleInfoBuilder.registerEndpointInfo(JaxRsWebModuleInfoBuilder.java:340)
	at com.ibm.ws.jaxrs20.server.component.JaxRsWebModuleInfoBuilder.build(JaxRsWebModuleInfoBuilder.java:291)
	at com.ibm.ws.jaxrs20.component.JaxRsModuleMetaDataListener.extendModuleMetaData(JaxRsModuleMetaDataListener.java:106)
	at com.ibm.ws.app.manager.module.internal.SimpleDeployedAppInfoBase$ModuleContainerInfoBase.createModuleMetaData(SimpleDeployedAppInfoBase.java:198)
	at com.ibm.ws.app.manager.module.internal.SimpleDeployedAppInfoBase.preDeployApp(SimpleDeployedAppInfoBase.java:532)
	at com.ibm.ws.app.manager.module.internal.SimpleDeployedAppInfoBase.installApp(SimpleDeployedAppInfoBase.java:508)
	at com.ibm.ws.app.manager.module.internal.DeployedAppInfoBase.deployApp(DeployedAppInfoBase.java:349)
	at com.ibm.ws.app.manager.war.internal.WARApplicationHandlerImpl.install(WARApplicationHandlerImpl.java:65)
	at com.ibm.ws.app.manager.internal.statemachine.StartAction.execute(StartAction.java:149)
	at com.ibm.ws.app.manager.internal.statemachine.ApplicationStateMachineImpl.enterState(ApplicationStateMachineImpl.java:1352)
	at com.ibm.ws.app.manager.internal.statemachine.ApplicationStateMachineImpl.performAction(ApplicationStateMachineImpl.java:1217)
	at com.ibm.ws.app.manager.internal.statemachine.ApplicationStateMachineImpl.run(ApplicationStateMachineImpl.java:905)
	at com.ibm.ws.threading.internal.ExecutorServiceImpl$RunnableWrapper.run(ExecutorServiceImpl.java:238)
	at java.util.concurrent.ThreadPoolExecutor.runWorker(ThreadPoolExecutor.java:1149)
	at java.util.concurrent.ThreadPoolExecutor$Worker.run(ThreadPoolExecutor.java:624)
	at java.lang.Thread.run(Thread.java:748)

Dump of callerThis
Object type = com.ibm.ws.jaxrs20.server.component.JaxRsWebModuleInfoBuilder
  tc = class com.ibm.websphere.ras.TraceComponent@798b8a76
    strings[0] = "TraceComponent[com.ibm.ws.jaxrs20.server.component.JaxRsWebModuleInfoBuilder,class com.ibm.ws.jaxrs20.server.component.JaxRsWebModuleInfoBuilder,[JaxRsServer],com.ibm.ws.jaxrs20.server.internal.resources.JaxRsServerMessages,null]"
  serialVersionUID = 6845839107088740932

Dump of objectArray[0]
Object type = com.ibm.ws.webcontainer.osgi.metadata.WebModuleMetaDataImpl
  applicationMetaData = class com.ibm.ws.container.service.app.deploy.internal.ApplicationMetaDataImpl@3a3d568a
    j2eeName = class com.ibm.ws.container.service.metadata.internal.J2EENameImpl@1076a324
      serialVersionUID = 7488184044073147667
      application = "FlightLogix"
      module = null
      component = null
      string = null
      j2eeNameBytes = null
      $$$tc$$$ = class com.ibm.websphere.ras.TraceComponent@61a63e95
    serialVersionUID = -7906531148367236579
    $$$tc$$$ = class com.ibm.websphere.ras.TraceComponent@6a77dad8
      strings[0] = "TraceComponent[com.ibm.ws.container.service.app.deploy.internal.ApplicationMetaDataImpl,class com.ibm.ws.container.service.app.deploy.internal.ApplicationMetaDataImpl,[container.service],com.ibm.ws.container.service.resources.Messages,null]"
    tc = class com.ibm.websphere.ras.TraceComponent@6736c143
    NUM_STATIC_SLOTS = 4
    ID_UNINITIALIZED = -1
    id = 0
    metaDataInterface = class java.lang.Class@639194fe
      ANNOTATION = 8192
      ENUM = 16384
      SYNTHETIC = 4096
      cachedConstructor = null
      newInstanceCallerCache = null
      name = null
      allPermDomain = class java.security.ProtectionDomain@4b4fe500
      useCaches = true
      reflectionData = null
      classRedefinedCount = 0
      genericInfo = null
      serialVersionUID = 3206093459760846163
      serialPersistentFields = class java.io.ObjectStreamField[0]
      reflectionFactory = class sun.reflect.ReflectionFactory@51d3df7b
      initted = true
      enumConstants = null
      enumConstantDirectory = null
      annotationData = null
      annotationType = null
      classValueMap = null
    staticSlots = class java.lang.Object[4]
      Object[0] = null
      Object[1] = class com.ibm.ws.injectionengine.osgi.internal.OSGiInjectionScopeData@2d05795b
      Object[2] = "FlightLogix"
      Object[3] = null
    dynamicSlots = null
  j2eeName = class com.ibm.ws.container.service.metadata.internal.J2EENameImpl@471f6dc3
    serialVersionUID = 7488184044073147667
    application = "FlightLogix"
    module = "FlightLogix.war"
    component = null
    string = null
    j2eeNameBytes = null
    $$$tc$$$ = class com.ibm.websphere.ras.TraceComponent@61a63e95
      strings[0] = "TraceComponent[com.ibm.ws.container.service.metadata.internal.J2EENameImpl,class com.ibm.ws.container.service.metadata.internal.J2EENameImpl,[Runtime],null,null]"
  wccmd = class com.ibm.ws.webcontainer.osgi.metadata.WebCollaboratorComponentMetaDataImpl@1f5f7013
    j2eeName = null
    webModuleMetaData = class com.ibm.ws.webcontainer.osgi.metadata.WebModuleMetaDataImpl@6ba11fe2
    tc = class com.ibm.websphere.ras.TraceComponent@6736c143
    NUM_STATIC_SLOTS = 4
    ID_UNINITIALIZED = -1
    id = -1
    metaDataInterface = class java.lang.Class@281e1e23
      ANNOTATION = 8192
      ENUM = 16384
      SYNTHETIC = 4096
      cachedConstructor = null
      newInstanceCallerCache = null
      name = null
      allPermDomain = class java.security.ProtectionDomain@4b4fe500
      useCaches = true
      reflectionData = null
      classRedefinedCount = 0
      genericInfo = null
      serialVersionUID = 3206093459760846163
      serialPersistentFields = class java.io.ObjectStreamField[0]
      reflectionFactory = class sun.reflect.ReflectionFactory@51d3df7b
      initted = true
      enumConstants = null
      enumConstantDirectory = null
      annotationData = null
      annotationType = null
      classValueMap = null
    staticSlots = class java.lang.Object[4]
      Object[0] = null
      Object[1] = null
      Object[2] = null
      Object[3] = null
    dynamicSlots = null
  securityMetaData = null
  annotatedSecurityMetaData = null
  webAppConfig = class com.ibm.ws.webcontainer.osgi.webapp.WebAppConfiguration@7ce23215
    webModuleMetaData = class com.ibm.ws.webcontainer.osgi.metadata.WebModuleMetaDataImpl@6ba11fe2
    webComponentMetaData = class com.ibm.ws.webcontainer.osgi.metadata.WebComponentMetaDataImpl@19d270c7
      j2eeName = null
      webModuleMetaData = class com.ibm.ws.webcontainer.osgi.metadata.WebModuleMetaDataImpl@6ba11fe2
      mBeanServiceReg = null
      tc = class com.ibm.websphere.ras.TraceComponent@6736c143
      NUM_STATIC_SLOTS = 4
      ID_UNINITIALIZED = -1
      id = -1
      metaDataInterface = class java.lang.Class@281e1e23
      staticSlots = class java.lang.Object[4]
      dynamicSlots = null
    dVirtualHost = null
    orderedLibPaths = class java.util.Collections$UnmodifiableRandomAccessList@6888c262
      serialVersionUID = -2542308836966382001
      serialVersionUID = -283967356065247728
      list = class java.util.ArrayList@9febe6a
      serialVersionUID = 1820017752578914078
      c = class java.util.ArrayList@9febe6a
    bundleHeaders = null
    cdiEnabled = false
    CLASS_NAME = "com.ibm.ws.webcontainer.webapp.WebAppConfiguration"
    logger = class com.ibm.ws.logging.internal.WsLogger@70062da1
      ivCachedResourceBundleName = "com.ibm.ws.webcontainer.resources.Messages"
      ivCachedResourceBundle = class com.ibm.ws.webcontainer.resources.Messages@680c2713
      ivComponent = null
      ivOrganization = null
      ivProduct = null
      ivMinimumLocalizationLevelIntValue = 625
      ivTC = class com.ibm.websphere.ras.TraceComponent@58e2882
      loggerRegistrationComponent = class java.lang.ThreadLocal@4e1e0ee4
      emptyHandlers = class java.util.logging.Handler[0]
      offValue = 2147483647
      SYSTEM_LOGGER_RB_NAME = "sun.util.logging.resources.logging"
      SYSTEM_BUNDLE = class java.util.logging.Logger$LoggerBundle@752e1689
      NO_RESOURCE_BUNDLE = class java.util.logging.Logger$LoggerBundle@531a56b6
      manager = class com.ibm.ws.kernel.boot.logging.WsLogManager@52eae7a0
      name = "com.ibm.ws.webcontainer.webapp"
      handlers = class java.util.concurrent.CopyOnWriteArrayList@2a9bb74d
      loggerBundle = class java.util.logging.Logger$LoggerBundle@2086aaea
      useParentHandlers = true
      filter = null
      anonymous = false
      catalog = class com.ibm.ws.webcontainer.resources.Messages@680c2713
      catalogName = "com.ibm.ws.webcontainer.resources.Messages"
      catalogLocale = class java.util.Locale@6d5e1a55
      treeLock = class java.lang.Object@6c33e9cb
      parent = class com.ibm.ws.logging.internal.WsLogger@16701661
      kids = null
      levelObject = class java.util.logging.Level@1f4d8f03
      levelValue = 800
      callersClassLoaderRef = class java.lang.ref.WeakReference@197388aa
      isSystemLogger = false
      GLOBAL_LOGGER_NAME = "global"
      global = class java.util.logging.Logger@1441031d
      $assertionsDisabled = true
    tc = class com.ibm.websphere.ras.TraceComponent@722097cf
      strings[0] = "TraceComponent[com.ibm.ws.webcontainer.webapp.WebAppConfiguration,class com.ibm.ws.webcontainer.webapp.WebAppConfiguration,[webcontainer],com.ibm.ws.webcontainer.resources.LShimMessages,null]"
    nls = class com.ibm.ejs.ras.TraceNLS@73768ca3
      resolver = class com.ibm.ws.logging.internal.TraceNLSResolver@73ea1752
      finder = null
      ivBundleName = "com.ibm.ws.webcontainer.resources.Messages"
      caller = class java.lang.Class@39c1d1ff
    version = 31
    contextRoot = "/"
    isDefaultContextRootUsed = false
    sessionTimeout = 0
    moduleSessionTimeoutSet = false
    moduleSessionTrackingModeSet = false
    sessionCookieConfig = null
    hasProgrammaticCookieConfig = false
    sessionDefaultTrackingModeSet = null
    sessionManagerConfig = null
    displayName = "Liberty Project"
    description = null
    reloadInterval = 0
    distributable = false
    denyUncoveredHttpMethods = false
    reloadingEnabled = false
    serveServletsByClassnameEnabled = null
    defaultErrorPage = null
    additionalClassPath = null
    fileServingEnabled = null
    directoryBrowsingEnabled = null
    autoRequestEncoding = false
    autoResponseEncoding = false
    autoLoadFilters = false
    requestListeners = null
    requestAttributeListeners = null
    sessionListeners = null
    localeMap = null
    moduleName = "FlightLogix"
    j2eeModuleName = "FlightLogix.war"
    moduleId = null
    isSyncToThreadEnabled = false
    encodeDispatchedRequestURI = false
    isSystemApp = false
    ardEnabled = false
    ardDispatchType = null
    listeners = class java.util.ArrayList@4d4223d4
      serialVersionUID = 8683452581122892189
      DEFAULT_CAPACITY = 10
      EMPTY_ELEMENTDATA = class java.lang.Object[0]
      DEFAULTCAPACITY_EMPTY_ELEMENTDATA = class java.lang.Object[0]
      elementData = class java.lang.Object[0]
      size = 0
      MAX_ARRAY_SIZE = 2147483639
      modCount = 0
      MAX_ARRAY_SIZE = 2147483639
    welcomeFileList = class java.util.ArrayList@55215fb3
      serialVersionUID = 8683452581122892189
      DEFAULT_CAPACITY = 10
      EMPTY_ELEMENTDATA = class java.lang.Object[0]
      DEFAULTCAPACITY_EMPTY_ELEMENTDATA = class java.lang.Object[0]
      elementData = class java.lang.Object[10]
      size = 1
      MAX_ARRAY_SIZE = 2147483639
      modCount = 1
      MAX_ARRAY_SIZE = 2147483639
    servletMappings = class java.util.HashMap@5fff5998
      serialVersionUID = 362498820763181265
      DEFAULT_INITIAL_CAPACITY = 16
      MAXIMUM_CAPACITY = 1073741824
      DEFAULT_LOAD_FACTOR = 0.75
      TREEIFY_THRESHOLD = 8
      UNTREEIFY_THRESHOLD = 6
      MIN_TREEIFY_CAPACITY = 64
      table = null
      entrySet = null
      size = 0
      modCount = 0
      threshold = 0
      loadFactor = 0.75
      keySet = null
      values = null
    lastIndexBeforeDeclaredFilters = 0
    filterMappings = class java.util.ArrayList@714a1bd7
      serialVersionUID = 8683452581122892189
      DEFAULT_CAPACITY = 10
      EMPTY_ELEMENTDATA = class java.lang.Object[0]
      DEFAULTCAPACITY_EMPTY_ELEMENTDATA = class java.lang.Object[0]
      elementData = class java.lang.Object[0]
      size = 0
      MAX_ARRAY_SIZE = 2147483639
      modCount = 0
      MAX_ARRAY_SIZE = 2147483639
    servletInfo = class java.util.concurrent.ConcurrentHashMap@2dcacaa9
      serialVersionUID = 7249069246763182397
      MAXIMUM_CAPACITY = 1073741824
      DEFAULT_CAPACITY = 16
      MAX_ARRAY_SIZE = 2147483639
      DEFAULT_CONCURRENCY_LEVEL = 16
      LOAD_FACTOR = 0.75
      TREEIFY_THRESHOLD = 8
      UNTREEIFY_THRESHOLD = 6
      MIN_TREEIFY_CAPACITY = 64
      MIN_TRANSFER_STRIDE = 16
      RESIZE_STAMP_BITS = 16
      MAX_RESIZERS = 65535
      RESIZE_STAMP_SHIFT = 16
      MOVED = -1
      TREEBIN = -2
      RESERVED = -3
      HASH_BITS = 2147483647
      NCPU = 8
      serialPersistentFields = class java.io.ObjectStreamField[3]
      table = null
      nextTable = null
      baseCount = 0
      sizeCtl = 0
      transferIndex = 0
      cellsBusy = 0
      counterCells = null
      keySet = null
      values = class java.util.concurrent.ConcurrentHashMap$ValuesView@1fa226c4
      entrySet = null
      U = class sun.misc.Unsafe@30cd3bd0
      SIZECTL = 20
      TRANSFERINDEX = 32
      BASECOUNT = 24
      CELLSBUSY = 36
      CELLVALUE = 144
      ABASE = 16
      ASHIFT = 2
      keySet = null
      values = null
    filterInfo = class java.util.HashMap@72c9c464
      serialVersionUID = 362498820763181265
      DEFAULT_INITIAL_CAPACITY = 16
      MAXIMUM_CAPACITY = 1073741824
      DEFAULT_LOAD_FACTOR = 0.75
      TREEIFY_THRESHOLD = 8
      UNTREEIFY_THRESHOLD = 6
      MIN_TREEIFY_CAPACITY = 64
      table = null
      entrySet = null
      size = 0
      modCount = 0
      threshold = 0
      loadFactor = 0.75
      keySet = null
      values = null
    mimeMappings = class java.util.HashMap@575f603c
      serialVersionUID = 362498820763181265
      DEFAULT_INITIAL_CAPACITY = 16
      MAXIMUM_CAPACITY = 1073741824
      DEFAULT_LOAD_FACTOR = 0.75
      TREEIFY_THRESHOLD = 8
      UNTREEIFY_THRESHOLD = 6
      MIN_TREEIFY_CAPACITY = 64
      table = null
      entrySet = null
      size = 0
      modCount = 0
      threshold = 0
      loadFactor = 0.75
      keySet = null
      values = null
    mimeFilters = null
    isMimeFilteringEnabled = false
    theWebGroup = null
    jspAttributes = null
    fileServingAttributes = class java.util.HashMap@76ea4da3
      serialVersionUID = 362498820763181265
      DEFAULT_INITIAL_CAPACITY = 16
      MAXIMUM_CAPACITY = 1073741824
      DEFAULT_LOAD_FACTOR = 0.75
      TREEIFY_THRESHOLD = 8
      UNTREEIFY_THRESHOLD = 6
      MIN_TREEIFY_CAPACITY = 64
      table = null
      entrySet = null
      size = 0
      modCount = 0
      threshold = 0
      loadFactor = 0.75
      keySet = null
      values = null
    invokerAttributes = class java.util.HashMap@d8e4e55
      serialVersionUID = 362498820763181265
      DEFAULT_INITIAL_CAPACITY = 16
      MAXIMUM_CAPACITY = 1073741824
      DEFAULT_LOAD_FACTOR = 0.75
      TREEIFY_THRESHOLD = 8
      UNTREEIFY_THRESHOLD = 6
      MIN_TREEIFY_CAPACITY = 64
      table = null
      entrySet = null
      size = 0
      modCount = 0
      threshold = 0
      loadFactor = 0.75
      keySet = null
      values = null
    contextParams = class java.util.HashMap@31584164
      serialVersionUID = 362498820763181265
      DEFAULT_INITIAL_CAPACITY = 16
      MAXIMUM_CAPACITY = 1073741824
      DEFAULT_LOAD_FACTOR = 0.75
      TREEIFY_THRESHOLD = 8
      UNTREEIFY_THRESHOLD = 6
      MIN_TREEIFY_CAPACITY = 64
      table = null
      entrySet = null
      size = 0
      modCount = 0
      threshold = 0
      loadFactor = 0.75
      keySet = null
      values = null
    virtualHost = null
    exceptionErrorPages = class java.util.HashMap@1d2a99f3
      serialVersionUID = 362498820763181265
      DEFAULT_INITIAL_CAPACITY = 16
      MAXIMUM_CAPACITY = 1073741824
      DEFAULT_LOAD_FACTOR = 0.75
      TREEIFY_THRESHOLD = 8
      UNTREEIFY_THRESHOLD = 6
      MIN_TREEIFY_CAPACITY = 64
      table = null
      entrySet = null
      size = 0
      modCount = 0
      threshold = 0
      loadFactor = 0.75
      keySet = null
      values = null
    codeErrorPages = class java.util.HashMap@390948a0
      serialVersionUID = 362498820763181265
      DEFAULT_INITIAL_CAPACITY = 16
      MAXIMUM_CAPACITY = 1073741824
      DEFAULT_LOAD_FACTOR = 0.75
      TREEIFY_THRESHOLD = 8
      UNTREEIFY_THRESHOLD = 6
      MIN_TREEIFY_CAPACITY = 64
      table = null
      entrySet = null
      size = 0
      modCount = 0
      threshold = 0
      loadFactor = 0.75
      keySet = null
      values = null
    tagLibList = null
    precompileJsps = false
    webApp = class com.ibm.ws.webcontainer40.osgi.webapp.WebApp40@468a4532
      tc = class com.ibm.websphere.ras.TraceComponent@11b496e3
      servlet40NLS = class com.ibm.ejs.ras.TraceNLS@79f7e950
      CLASS_NAME = "com.ibm.ws.webcontainer40.osgi.webapp.WebApp40"
      defaultSessionTimeout = 30
      tc = class com.ibm.websphere.ras.TraceComponent@64490834
      CLASS_NAME = "com.ibm.ws.webcontainer31.osgi.webapp.WebApp31"
      servlet31NLS = class com.ibm.ejs.ras.TraceNLS@4d5e8a18
      validListenerClasses = class java.lang.Class[7]
      wsocServHandler = null
      tc = class com.ibm.websphere.ras.TraceComponent@1c0d515b
      CLASS_NAME = "com.ibm.ws.webcontainer.osgi.webapp.WebApp"
      metaDataService = class com.ibm.ws.container.service.metadata.internal.MetaDataServiceImpl@32e58cd0
      namespacePopulated = false
      referenceContext = class com.ibm.ws.injectionengine.osgi.internal.OSGiReferenceContextImpl@228f5f75
      j2eeNameFactory = class com.ibm.ws.container.service.metadata.internal.J2EENameFactoryImpl@60c0ba13
      moduleLoader = class com.ibm.ws.classloading.internal.AppClassLoader@1c56c95d
      webAppConfig = class com.ibm.ws.webcontainer.osgi.webapp.WebAppConfiguration@7ce23215
      extensionProcessingDisabled = false
      managedObjectService = class com.ibm.ws.cdi.impl.managedobject.CDIManagedObjectService@41f83886
      internalServletMetaData = interface com.ibm.wsspi.webcontainer.metadata.WebComponentMetaData[2]
      loginProcessor = null
      logoutProcessor = null
      collabHelper = null
      envObject = class com.ibm.ws.util.WSThreadLocal@68c83113
      orderedLibPaths = class java.util.Collections$UnmodifiableRandomAccessList@6888c262
      perm = class com.ibm.websphere.security.WebSphereRuntimePermission@9ed93bb
      WELCOME_FILE_LIST = "com.ibm.ws.webcontainer.config.WelcomeFileList"
      DIR_BROWSING_MAPPING = "__dirBrowsing__1617385426362"
      FILTER_PROXY_MAPPING = "/__filterProxy__1617385426362"
      logger = class com.ibm.ws.logging.internal.WsLogger@70062da1
      CLASS_NAME = "com.ibm.ws.webcontainer.webapp.WebApp"
      loader = null
      facade = null
      features = class java.util.ArrayList@757ce684
      applicationName = null
      config = class com.ibm.ws.webcontainer.osgi.webapp.WebAppConfiguration@7ce23215
      securityEnabledForApp = null
      webExtensionProcessor = null
      production = true
      isServlet23 = false
      contextPath = null
      internalServletList = class [Ljava.lang.String;[2]
      BY_NAME_ONLY = "/_1617390938188_/"
      filterManager = null
      documentRoot = null
      SERVLET_API_VERSION = "Servlet 2.5"
      disableServletAuditLogging = -1
      serverInfo = null
      sessionCtx = null
      eventSource = class com.ibm.ws.webcontainer.webapp.WebAppEventSource@2f6ecd9c
      nls = class com.ibm.ejs.ras.TraceNLS@2a959f3e
      liberty_nls = class com.ibm.ejs.ras.TraceNLS@1c314735
      error_nls = class com.ibm.ejs.ras.TraceNLS@4c423d5b
      sessionListeners = class java.util.ArrayList@4ea3e8cc
      sessionIdListeners = class java.util.ArrayList@5cf96f5a
      sessionAttrListeners = class java.util.ArrayList@1b1aff11
      addedSessionListeners = class java.util.ArrayList@4241c3c3
      addedSessionAttrListeners = class java.util.ArrayList@13f5b6cf
      servletContextListeners = class java.util.ArrayList@4e19854
      servletContextLAttrListeners = class java.util.ArrayList@484f0dae
      servletRequestListeners = class java.util.ArrayList@4dc80bf
      servletRequestLAttrListeners = class java.util.ArrayList@3aa11d25
      prependSlashToResource = false
      destroyed = false
      webAppNameSpaceCollab = null
      txCollab = null
      sessionActivationListeners = class java.util.ArrayList@328a111d
      sessionBindingListeners = class java.util.ArrayList@298589f
      scratchdir = null
      jspClassLoaderLimit = 0
      jspClassLoaderExclusionList = null
      jspClassLoadersMap = null
      jspClassLoaderLimitTrackIF = false
      defaultExtProc = null
      directoryBrowsingServlet = null
      cdiContexts = class java.util.concurrent.ConcurrentHashMap@6221e90b
      moduleConfig = null
      extensionFactories = null
      initialized = false
      lock = class com.ibm.ws.webcontainer.webapp.WebApp$1@50db885f
      afterServletContextCreated = false
      redirectContextRoot = false
      errorExceptionTypeFirst = false
      initFilterBeforeServletInit = false
      SET_400_SC_ON_TOO_MANY_PARENT_DIRS = false
      sortedServletConfigs = null
      effectiveMajorVersion = 0
      effectiveMinorVersion = 0
      canAddServletContextListener = true
      withinContextInitOfProgAddListener = false
      lastProgAddListenerInitialized = null
      webInfLibClassloader = null
      metaInfCache = class com.ibm.ws.webcontainer.webapp.WebApp$2@323b79a0
      useMetaInfCache = true
      SUN_CONFIGURE_LISTENER_CLASSNAME = "com.sun.faces.config.ConfigureListener"
      MYFACES_LIFECYCLE_LISTENER_CLASSNAME = "org.apache.myfaces.webapp.StartupServletContextListener"
      JSF_IMPL_ENABLED_PARAM = "com.ibm.ws.jsf.JSF_IMPL_ENABLED"
      JSF_IMPL_ENABLED_CUSTOM = "Custom"
      JSF_IMPL_ENABLED_NONE = "None"
      staticDocRoot = null
      jspDocRoot = null
      container = class com.ibm.ws.adaptable.module.internal.AdaptableContainerImpl@2c9bc2f0
      metaInfResourceFinder = class com.ibm.ws.webcontainer.util.MetaInfResourceFinder@722793d8
      postConstructMethods = class com.ibm.ws.webcontainer.webapp.WebApp$AnnotatedMethods@1fa35526
      preDestroyMethods = class com.ibm.ws.webcontainer.webapp.WebApp$AnnotatedMethods@13b6bffd
      OBJ_EMPTY = class java.lang.Object[0]
      CLASS_EMPTY = class java.lang.Class[0]
      DEFAULT_JSP_EXTENSIONS = class java.util.ArrayList@24cf54c6
      DEFER_SERVLET_REQUEST_LISTENER_DESTROY_ON_ERROR = false
      DO_ACCEPT_PARTIAL = true
      DO_NOT_ACCEPT_PARTIAL = false
      DO_ACCEPT_EXCLUDED = true
      DO_NOT_ACCEPT_EXCLUDED = false
      commands = class java.util.ArrayList@7a292252
      requestMapper = class com.ibm.wsspi.webcontainer.util.URIMapper@345ed79c
      parent = null
      name = "FlightLogix"
      isAlive = true
      subElements = null
      attributes = class java.util.concurrent.ConcurrentHashMap@3151be54
      config = null
      serialVersionUID = -8271459000149267764
      $$$tc$$$ = class com.ibm.websphere.ras.TraceComponent@310974bf
    virtualHostList = class java.util.Collections$EmptyList@59f363b2
      serialVersionUID = 8842843931221139166
      modCount = 0
      MAX_ARRAY_SIZE = 2147483639
    appStartupWeight = 0
    moduleStartupWeight = 0
    metaDataComplete = false
    classesToScan = class java.util.ArrayList@352a6fe6
      serialVersionUID = 8683452581122892189
      DEFAULT_CAPACITY = 10
      EMPTY_ELEMENTDATA = class java.lang.Object[0]
      DEFAULTCAPACITY_EMPTY_ELEMENTDATA = class java.lang.Object[0]
      elementData = class java.lang.Object[0]
      size = 0
      MAX_ARRAY_SIZE = 2147483639
      modCount = 0
      MAX_ARRAY_SIZE = 2147483639
    uriFilterMappingInfos = null
    servletFilterMappingInfos = null
    dynamicServletRegistrationMap = null
    applicationName = "FlightLogix"
    libBinPathList = null
    webXmlDefinedListeners = class java.util.HashSet@7c868db1
      serialVersionUID = -5024744406713321676
      map = class java.util.HashMap@4afbb3bf
      PRESENT = class java.lang.Object@611ec669
      MAX_ARRAY_SIZE = 2147483639
    allRefs = class java.util.EnumMap@f3986c9
      keyType = class java.lang.Class@365ca1fd
      keyUniverse = class com.ibm.wsspi.injectionengine.JNDIEnvironmentRefType[14]
      vals = class java.lang.Object[14]
      size = 0
      NULL = class java.util.EnumMap$1@6548539d
      ZERO_LENGTH_ENUM_ARRAY = class java.lang.Enum[0]
      entrySet = null
      serialVersionUID = 458661240069192865
      keySet = null
      values = null
    allRefBindings = class java.util.EnumMap@1b0ee1c9
      keyType = class java.lang.Class@365ca1fd
      keyUniverse = class com.ibm.wsspi.injectionengine.JNDIEnvironmentRefType[14]
      vals = class java.lang.Object[14]
      size = 6
      NULL = class java.util.EnumMap$1@6548539d
      ZERO_LENGTH_ENUM_ARRAY = class java.lang.Enum[0]
      entrySet = null
      serialVersionUID = 458661240069192865
      keySet = null
      values = null
    envEntryValues = null
    resourceRefConfigList = null
    disallowAllFileServingProp = "false"
    disallowServeServletsByClassnameProp = "true"
    disableStaticMappingCache = false
    jspCachedLocations = null
    primedSTSHeader = "NoValue"
    enablemultireadofpostdata = false
    requestEncoding = null
    responseEncoding = null
    NULLSERVLETNAME = "com.ibm.ws.webcontainer.NullServletName"
    _id = "WebAppGeneratedId39"
    _attributes = null
    serialVersionUID = 7511545662945734886
    $$$tc$$$ = class com.ibm.websphere.ras.TraceComponent@6ce698d
      strings[0] = "TraceComponent[com.ibm.ws.container.BaseConfiguration,class com.ibm.ws.container.BaseConfiguration,[],null,null]"
  _isServlet23OrHigher = false
  jspComponentMetaData = null
  sessionCookieNameInUse = null
  mBeanServiceReg = null
  tc = class com.ibm.websphere.ras.TraceComponent@6736c143
    strings[0] = "TraceComponent[com.ibm.ws.runtime.metadata.MetaDataImpl,class com.ibm.ws.runtime.metadata.MetaDataImpl,[Runtime],null,null]"
  NUM_STATIC_SLOTS = 4
  ID_UNINITIALIZED = -1
  id = -1
  metaDataInterface = class java.lang.Class@4101bf62
    ANNOTATION = 8192
    ENUM = 16384
    SYNTHETIC = 4096
    cachedConstructor = null
    newInstanceCallerCache = null
    name = null
    allPermDomain = class java.security.ProtectionDomain@4b4fe500
      codesource = null
      classloader = null
      principals = interface java.security.Principal[0]
      permissions = class java.security.Permissions@4a687ac
      hasAllPerm = true
      staticPermissions = true
      key = class java.security.ProtectionDomain$Key@28f3f27c
      debug = null
    useCaches = true
    reflectionData = null
    classRedefinedCount = 0
    genericInfo = null
    serialVersionUID = 3206093459760846163
    serialPersistentFields = class java.io.ObjectStreamField[0]
    reflectionFactory = class sun.reflect.ReflectionFactory@51d3df7b
      initted = true
      reflectionFactoryAccessPerm = class java.lang.RuntimePermission@4af860b
      soleInstance = class sun.reflect.ReflectionFactory@51d3df7b
      langReflectAccess = class java.lang.reflect.ReflectAccess@60542514
      hasStaticInitializerMethod = null
      noInflation = true
      inflationThreshold = 15
    initted = true
    enumConstants = null
    enumConstantDirectory = null
    annotationData = null
    annotationType = null
    classValueMap = null
  staticSlots = class java.lang.Object[4]
    Object[0] = class com.ibm.ws.jaxrs20.metadata.JaxRsModuleMetaData@359e0902
      tc = class com.ibm.websphere.ras.TraceComponent@106efc24
      serverMetaData = null
      name = null
      appContextClassLoader = class com.ibm.ws.classloading.internal.ThreadContextClassLoader@441a93fe
      j2EEName = class com.ibm.ws.container.service.metadata.internal.J2EENameImpl@471f6dc3
      moduleContainer = class com.ibm.ws.adaptable.module.internal.AdaptableContainerImpl@2c9bc2f0
      moduleInfo = class com.ibm.ws.app.manager.module.internal.WebModuleInfoImpl@370c0e4e
      managedAppRef = null
      jaxrsModuleSlot = class com.ibm.ws.runtime.metadata.MetaDataSlotImpl@2942e72e
      enclosingModuleMetaDatas = class java.util.ArrayList@47f15470
      serialVersionUID = -7464020320882459427
    Object[1] = class com.ibm.ws.injectionengine.osgi.internal.OSGiInjectionScopeData@76d2ceb6
      tc = class com.ibm.websphere.ras.TraceComponent@1ad91383
      namespace = class com.ibm.ws.container.service.naming.NamingConstants$JavaColonNamespace@13ecf55f
      parent = class com.ibm.ws.injectionengine.osgi.internal.OSGiInjectionScopeData@2d05795b
      compLock = null
      compEnvBindings = null
      compBindings = null
      contributedBindings = null
      nonCompEnvLock = class java.util.concurrent.locks.ReentrantReadWriteLock@70a0fc6
      nonCompBindings = null
      savedNonCompEnvBindings = null
      deferredReferenceDataEnabled = false
      deferredReferenceDatas = class java.util.LinkedHashMap@19eb4bca
      serialVersionUID = 8824531358335413825
      CLASS_NAME = "com.ibm.ws.injectionengine.InjectionScopeData"
      tc = class com.ibm.websphere.ras.TraceComponent@a9fcd44
      ivJ2EEName = class com.ibm.ws.container.service.metadata.internal.J2EENameImpl@471f6dc3
      ivLogicalAppName = null
      ivDestroyed = false
      ivInjectableEnvEntries = null
      ivDefinitionReferences = null
      ivReferenceContext = class com.ibm.ws.injectionengine.osgi.internal.OSGiReferenceContextImpl@228f5f75
    Object[2] = null
    Object[3] = null
  dynamicSlots = null

Dump of objectArray[1]
Object type = com.ibm.ws.adaptable.module.internal.AdaptableContainerImpl
  root = class com.ibm.ws.adaptable.module.internal.AdaptableContainerImpl@2c9bc2f0
  rootOverlay = class com.ibm.ws.artifact.overlay.internal.DirectoryBasedOverlayContainerImpl@6913a9b
    base = class com.ibm.ws.artifact.loose.internal.LooseArchive@49f5c687
      cacheDir = class java.io.File@6196c0c8
      xmlFile = class java.io.File@605351ba
      parent = null
      cfh = class com.ibm.ws.artifact.loose.internal.LooseContainerFactoryHelper@2883eb02
      pathInParent = null
      _entries = class java.util.ArrayList@6cedcc22
      tc = class com.ibm.websphere.ras.TraceComponent@39b4321e
      artifactNotifier = class com.ibm.ws.artifact.loose.internal.LooseArtifactNotifier@15144f91
      serialVersionUID = 345486831272892625
    maskSet = class java.util.HashSet@46eaa7c1
      serialVersionUID = -5024744406713321676
      map = class java.util.HashMap@61cc0109
      PRESENT = class java.lang.Object@611ec669
      MAX_ARRAY_SIZE = 2147483639
    cfHolder = class com.ibm.ws.artifact.overlay.internal.OverlayContainerFactoryImpl@3183235e
      containerFactory = class com.ibm.ws.artifact.internal.ArtifactContainerFactoryService@d8c116d
      registeredContainers = class com.ibm.ws.artifact.overlay.internal.DirectoryBasedOverlayContainerRegistry@2cf99750
      serialVersionUID = -6737526700663704564
      $$$tc$$$ = class com.ibm.websphere.ras.TraceComponent@5465740d
    fileOverlayContainer = class com.ibm.ws.artifact.file.internal.FileContainer@156ceec4
      containerFactoryHolder = class com.ibm.ws.artifact.file.internal.FileContainerFactory@6c548afc
      parent = null
      thisInParent = null
      dir = class java.io.File@31ffe9d3
      cacheDir = class java.io.File@5659d095
      isRoot = true
      root = class com.ibm.ws.artifact.file.internal.FileContainer@156ceec4
      artifactNotifier = class com.ibm.ws.artifact.file.FileArtifactNotifier@7989bbd5
      serialVersionUID = 556130772302156267
      $$$tc$$$ = class com.ibm.websphere.ras.TraceComponent@1dda4a09
    overlayDirectory = class java.io.File@31ffe9d3
      fs = class java.io.WinNTFileSystem@79fb4b63
      path = "C:\Users\felix\Desktop\FlightLogix\FlightLogix\target\liberty\wlp\usr\servers\FlightLogixServer\workarea\org.eclipse.osgi\65\data\cacheAdapt\com.ibm.ws.app.manager_17\.overlay"
      status = class java.io.File$PathStatus@455c44cc
      prefixLength = 3
      separatorChar = \
      separator = "\"
      pathSeparatorChar = ;
      pathSeparator = ";"
      PATH_OFFSET = 16
      PREFIX_LENGTH_OFFSET = 12
      UNSAFE = class sun.misc.Unsafe@30cd3bd0
      serialVersionUID = 301077366599181567
      filePath = null
      $assertionsDisabled = true
    cacheDirForOverlay = class java.io.File@5659d095
      fs = class java.io.WinNTFileSystem@79fb4b63
      path = "C:\Users\felix\Desktop\FlightLogix\FlightLogix\target\liberty\wlp\usr\servers\FlightLogixServer\workarea\org.eclipse.osgi\65\data\cacheOverlay\com.ibm.ws.app.manager_17"
      status = class java.io.File$PathStatus@455c44cc
      prefixLength = 3
      separatorChar = \
      separator = "\"
      pathSeparatorChar = ;
      pathSeparator = ";"
      PATH_OFFSET = 16
      PREFIX_LENGTH_OFFSET = 12
      UNSAFE = class sun.misc.Unsafe@30cd3bd0
      serialVersionUID = 301077366599181567
      filePath = null
      $assertionsDisabled = true
    overlayNotifier = class com.ibm.ws.artifact.overlay.internal.DirectoryBasedOverlayNotifier@6c77f44c
    enclosingContainer = null
    entryInEnclosingContainer = null
    nestedOverlays = class java.util.concurrent.ConcurrentHashMap@459ea130
      serialVersionUID = 7249069246763182397
      MAXIMUM_CAPACITY = 1073741824
      DEFAULT_CAPACITY = 16
      MAX_ARRAY_SIZE = 2147483639
      DEFAULT_CONCURRENCY_LEVEL = 16
      LOAD_FACTOR = 0.75
      TREEIFY_THRESHOLD = 8
      UNTREEIFY_THRESHOLD = 6
      MIN_TREEIFY_CAPACITY = 64
      MIN_TRANSFER_STRIDE = 16
      RESIZE_STAMP_BITS = 16
      MAX_RESIZERS = 65535
      RESIZE_STAMP_SHIFT = 16
      MOVED = -1
      TREEBIN = -2
      RESERVED = -3
      HASH_BITS = 2147483647
      NCPU = 8
      serialPersistentFields = class java.io.ObjectStreamField[3]
      table = class java.util.concurrent.ConcurrentHashMap$Node[16]
      nextTable = null
      baseCount = 11
      sizeCtl = 12
      transferIndex = 0
      cellsBusy = 0
      counterCells = null
      keySet = null
      values = null
      entrySet = null
      U = class sun.misc.Unsafe@30cd3bd0
      SIZECTL = 20
      TRANSFERINDEX = 32
      BASECOUNT = 24
      CELLSBUSY = 36
      CELLVALUE = 144
      ABASE = 16
      ASHIFT = 2
      keySet = null
      values = null
    cacheStore = class com.ibm.ws.artifact.overlay.internal.OverlayCache@37f67d89
      cache = class java.util.HashMap@3af94dea
      serialVersionUID = 4443220618296337968
      $$$tc$$$ = class com.ibm.websphere.ras.TraceComponent@3c7972b0
    parentOverlay = null
    isPassThroughMode = true
    serialVersionUID = -6650153487216279998
    $$$tc$$$ = class com.ibm.websphere.ras.TraceComponent@494e2e99
      strings[0] = "TraceComponent[com.ibm.ws.artifact.overlay.internal.DirectoryBasedOverlayContainerImpl,class com.ibm.ws.artifact.overlay.internal.DirectoryBasedOverlayContainerImpl,[archive.overlay],null,null]"
  factoryHolder = class com.ibm.ws.adaptable.module.internal.AdaptableModuleFactoryImpl@5127a0c9
    adapterFactoryService = class com.ibm.ws.adaptable.module.internal.AdapterFactoryServiceImpl@7dc72f63
      toType = "toType"
      priv = class com.ibm.ws.kernel.service.util.SecureAction@39e9e689
      containerHelperMap = class com.ibm.wsspi.kernel.service.utils.ConcurrentServiceReferenceSetMap@e85d14d
      entryHelperMap = class com.ibm.wsspi.kernel.service.utils.ConcurrentServiceReferenceSetMap@2d520a0a
      containerToTypes = class java.util.Collections$SynchronizedSet@234b40df
      entryToTypes = class java.util.Collections$SynchronizedSet@55602791
      baseProperties = class org.apache.felix.scr.impl.helper.ReadOnlyDictionary@754f9bc9
      registration = class com.ibm.ws.kernel.service.util.ServiceRegistrationModifier@4870cd30
      serialVersionUID = 292472261820243508
      $$$tc$$$ = class com.ibm.websphere.ras.TraceComponent@3f989646
    containerFactory = class com.ibm.ws.artifact.internal.ArtifactContainerFactoryService@d8c116d
      CATEGORY_PROP_NAME = "category"
      ENTRY_KEY = "com.ibm.wsspi.artifact.ArtifactEntry"
      helperMap = class com.ibm.wsspi.kernel.service.utils.ConcurrentServiceReferenceSetMap@519b1b6b
      contributorMap = class com.ibm.wsspi.kernel.service.utils.ConcurrentServiceReferenceSetMap@36fc1758
      helperCategoryMap = class com.ibm.wsspi.kernel.service.utils.ConcurrentServiceReferenceSetMap@76fc526a
      contributorCategoryMap = class com.ibm.wsspi.kernel.service.utils.ConcurrentServiceReferenceSetMap@4df62ae6
      categories = class java.util.Collections$SynchronizedSet@443f2070
      baseProperties = class org.apache.felix.scr.impl.helper.ReadOnlyDictionary@122fa978
      registration = class com.ibm.ws.kernel.service.util.ServiceRegistrationModifier@654d655
      serialVersionUID = 6566424214406946230
      $$$tc$$$ = class com.ibm.websphere.ras.TraceComponent@24950a79
    overlayContainerFactory = class com.ibm.ws.artifact.overlay.internal.OverlayContainerFactoryImpl@3183235e
    serialVersionUID = 4200251809856292987
    $$$tc$$$ = class com.ibm.websphere.ras.TraceComponent@160ccd7c
      strings[0] = "TraceComponent[com.ibm.ws.adaptable.module.internal.AdaptableModuleFactoryImpl,class com.ibm.ws.adaptable.module.internal.AdaptableModuleFactoryImpl,[archive.adaptable],null,null]"
  delegate = class com.ibm.ws.artifact.overlay.internal.DirectoryBasedOverlayContainerImpl@6913a9b
  notifier = class com.ibm.ws.adaptable.module.internal.NotifierImpl@5fa22077
    root = class com.ibm.ws.adaptable.module.internal.AdaptableContainerImpl@2c9bc2f0
    delegateNotifier = class com.ibm.ws.artifact.overlay.internal.DirectoryBasedOverlayNotifier@6c77f44c
      root = class com.ibm.ws.artifact.overlay.internal.DirectoryBasedOverlayContainerImpl@6913a9b
      overlayContainer = class com.ibm.ws.artifact.file.internal.FileContainer@156ceec4
      overlaidContainer = class com.ibm.ws.artifact.loose.internal.LooseArchive@49f5c687
      listeningToContainers = true
      listeners = class java.util.concurrent.ConcurrentHashMap@42d34d7b
      pathsMonitored = class java.util.HashSet@38770a1a
      parentNotifier = null
      pathOfEntryInParent = null
      id = null
      serialVersionUID = -5716655730663296309
      $$$tc$$$ = class com.ibm.websphere.ras.TraceComponent@31857a2d
    delegateRoot = class com.ibm.ws.artifact.overlay.internal.DirectoryBasedOverlayContainerImpl@6913a9b
    listenerDelegates = class java.util.HashMap@1b27f208
      serialVersionUID = 362498820763181265
      DEFAULT_INITIAL_CAPACITY = 16
      MAXIMUM_CAPACITY = 1073741824
      DEFAULT_LOAD_FACTOR = 0.75
      TREEIFY_THRESHOLD = 8
      UNTREEIFY_THRESHOLD = 6
      MIN_TREEIFY_CAPACITY = 64
      table = class java.util.HashMap$Node[16]
      entrySet = null
      size = 3
      modCount = 3
      threshold = 12
      loadFactor = 0.75
      keySet = null
      values = null
    serialVersionUID = 6839382523957017880
    $$$tc$$$ = class com.ibm.websphere.ras.TraceComponent@3510cff
      strings[0] = "TraceComponent[com.ibm.ws.adaptable.module.internal.NotifierImpl,class com.ibm.ws.adaptable.module.internal.NotifierImpl,[archive.adaptable],null,null]"
  serialVersionUID = -5950528200509051684
  $$$tc$$$ = class com.ibm.websphere.ras.TraceComponent@1afec4e1
    strings[0] = "TraceComponent[com.ibm.ws.adaptable.module.internal.AdaptableContainerImpl,class com.ibm.ws.adaptable.module.internal.AdaptableContainerImpl,[archive.adaptable],null,null]"

Dump of objectArray[2]
Object type = com.ibm.ws.jaxrs20.metadata.JaxRsModuleInfo
  serialVersionUID = -8116043459266953308
  moduleType = class com.ibm.ws.jaxrs20.metadata.JaxRsModuleType@172d5a8a
    WEB = class com.ibm.ws.jaxrs20.metadata.JaxRsModuleType@172d5a8a
    EJB = class com.ibm.ws.jaxrs20.metadata.JaxRsModuleType@182471
      WEB = class com.ibm.ws.jaxrs20.metadata.JaxRsModuleType@172d5a8a
      EJB = class com.ibm.ws.jaxrs20.metadata.JaxRsModuleType@182471
      $VALUES = class com.ibm.ws.jaxrs20.metadata.JaxRsModuleType[2]
      name = "EJB"
      ordinal = 1
    $VALUES = class com.ibm.ws.jaxrs20.metadata.JaxRsModuleType[2]
      JaxRsModuleType[0] = class com.ibm.ws.jaxrs20.metadata.JaxRsModuleType@172d5a8a
      JaxRsModuleType[1] = class com.ibm.ws.jaxrs20.metadata.JaxRsModuleType@182471
    name = "WEB"
    ordinal = 0
  endpointInfoMap = class java.util.HashMap@6c656472
    serialVersionUID = 362498820763181265
    DEFAULT_INITIAL_CAPACITY = 16
    MAXIMUM_CAPACITY = 1073741824
    DEFAULT_LOAD_FACTOR = 0.75
    TREEIFY_THRESHOLD = 8
    UNTREEIFY_THRESHOLD = 6
    MIN_TREEIFY_CAPACITY = 64
    table = null
    entrySet = null
    size = 0
    modCount = 0
    threshold = 0
    loadFactor = 0.75
    keySet = null
    values = null
  isShareEJBJarWithJAXWS = false
  $$$tc$$$ = class com.ibm.websphere.ras.TraceComponent@56dce8b3
    strings[0] = "TraceComponent[com.ibm.ws.jaxrs20.metadata.JaxRsModuleInfo,class com.ibm.ws.jaxrs20.metadata.JaxRsModuleInfo,[],null,null]"

