------Start of DE processing------ = [4/2/21 19:12:03:635 EDT]
Exception = javax.persistence.PersistenceException
Source = com.ibm.ws.jpa.management.JPAPUnitInfo.createEMFactory
probeid = 759
Stack Dump = javax.persistence.PersistenceException: Exception [EclipseLink-28018] (Eclipse Persistence Services - 2.7.8.v20201217-ecdf3c32c4): org.eclipse.persistence.exceptions.EntityManagerSetupException
Exception Description: Predeployment of PersistenceUnit [jpa-unit] failed.
Internal Exception: Exception [EclipseLink-7237] (Eclipse Persistence Services - 2.7.8.v20201217-ecdf3c32c4): org.eclipse.persistence.exceptions.ValidationException
Exception Description: Entity name must be unique in a persistence unit. Entity name [User] is used for the entity classes [com.FlightLogix.HelloWorld.User] and [com.FlightLogix.Core.User].
	at org.eclipse.persistence.internal.jpa.EntityManagerSetupImpl.createPredeployFailedPersistenceException(EntityManagerSetupImpl.java:2109)
	at org.eclipse.persistence.internal.jpa.EntityManagerSetupImpl.predeploy(EntityManagerSetupImpl.java:2085)
	at org.eclipse.persistence.jpa.PersistenceProvider.createContainerEntityManagerFactoryImpl(PersistenceProvider.java:350)
	at org.eclipse.persistence.jpa.PersistenceProvider.createContainerEntityManagerFactory(PersistenceProvider.java:316)
	at com.ibm.ws.jpa.management.JPAPUnitInfo.createEMFactory(JPAPUnitInfo.java:919)
	at com.ibm.ws.jpa.management.JPAPUnitInfo.initialize(JPAPUnitInfo.java:766)
	at com.ibm.ws.jpa.management.JPAPxmlInfo.extractPersistenceUnits(JPAPxmlInfo.java:182)
	at com.ibm.ws.jpa.management.JPAScopeInfo.processPersistenceUnit(JPAScopeInfo.java:88)
	at com.ibm.ws.jpa.management.JPAApplInfo.addPersistenceUnits(JPAApplInfo.java:119)
	at com.ibm.ws.jpa.container.osgi.internal.JPAComponentImpl.processWebModulePersistenceXml(JPAComponentImpl.java:518)
	at com.ibm.ws.jpa.container.osgi.internal.JPAComponentImpl.applicationStarting(JPAComponentImpl.java:305)
	at com.ibm.ws.container.service.state.internal.ApplicationStateManager.fireStarting(ApplicationStateManager.java:51)
	at com.ibm.ws.container.service.state.internal.StateChangeServiceImpl.fireApplicationStarting(StateChangeServiceImpl.java:50)
	at com.ibm.ws.app.manager.module.internal.SimpleDeployedAppInfoBase.preDeployApp(SimpleDeployedAppInfoBase.java:547)
	at com.ibm.ws.app.manager.module.internal.SimpleDeployedAppInfoBase.installApp(SimpleDeployedAppInfoBase.java:508)
	at com.ibm.ws.app.manager.module.internal.DeployedAppInfoBase.deployApp(DeployedAppInfoBase.java:349)
	at com.ibm.ws.app.manager.war.internal.WARApplicationHandlerImpl.install(WARApplicationHandlerImpl.java:65)
	at com.ibm.ws.app.manager.internal.statemachine.StartAction.execute(StartAction.java:149)
	at com.ibm.ws.app.manager.internal.statemachine.ApplicationStateMachineImpl.enterState(ApplicationStateMachineImpl.java:1352)
	at com.ibm.ws.app.manager.internal.statemachine.ApplicationStateMachineImpl.run(ApplicationStateMachineImpl.java:897)
	at com.ibm.ws.threading.internal.ExecutorServiceImpl$RunnableWrapper.run(ExecutorServiceImpl.java:238)
	at java.util.concurrent.ThreadPoolExecutor.runWorker(ThreadPoolExecutor.java:1149)
	at java.util.concurrent.ThreadPoolExecutor$Worker.run(ThreadPoolExecutor.java:624)
	at java.lang.Thread.run(Thread.java:748)
Caused by: Exception [EclipseLink-28018] (Eclipse Persistence Services - 2.7.8.v20201217-ecdf3c32c4): org.eclipse.persistence.exceptions.EntityManagerSetupException
Exception Description: Predeployment of PersistenceUnit [jpa-unit] failed.
Internal Exception: Exception [EclipseLink-7237] (Eclipse Persistence Services - 2.7.8.v20201217-ecdf3c32c4): org.eclipse.persistence.exceptions.ValidationException
Exception Description: Entity name must be unique in a persistence unit. Entity name [User] is used for the entity classes [com.FlightLogix.HelloWorld.User] and [com.FlightLogix.Core.User].
	at org.eclipse.persistence.exceptions.EntityManagerSetupException.predeployFailed(EntityManagerSetupException.java:233)
	... 24 more
Caused by: Exception [EclipseLink-7237] (Eclipse Persistence Services - 2.7.8.v20201217-ecdf3c32c4): org.eclipse.persistence.exceptions.ValidationException
Exception Description: Entity name must be unique in a persistence unit. Entity name [User] is used for the entity classes [com.FlightLogix.HelloWorld.User] and [com.FlightLogix.Core.User].
	at org.eclipse.persistence.exceptions.ValidationException.nonUniqueEntityName(ValidationException.java:1391)
	at org.eclipse.persistence.internal.jpa.metadata.MetadataProject.addAlias(MetadataProject.java:454)
	at org.eclipse.persistence.internal.jpa.metadata.accessors.classes.EntityAccessor.processEntity(EntityAccessor.java:1072)
	at org.eclipse.persistence.internal.jpa.metadata.accessors.classes.EntityAccessor.process(EntityAccessor.java:674)
	at org.eclipse.persistence.internal.jpa.metadata.MetadataProject.processStage2(MetadataProject.java:1879)
	at org.eclipse.persistence.internal.jpa.metadata.MetadataProcessor.processORMMetadata(MetadataProcessor.java:580)
	at org.eclipse.persistence.internal.jpa.deployment.PersistenceUnitProcessor.processORMetadata(PersistenceUnitProcessor.java:629)
	at org.eclipse.persistence.internal.jpa.EntityManagerSetupImpl.predeploy(EntityManagerSetupImpl.java:2006)
	... 22 more

Dump of callerThis
Object type = com.ibm.ws.jpa.container.osgi.internal.OSGiJPAPUnitInfo
  tc = class com.ibm.websphere.ras.TraceComponent@a46ffa1
    strings[0] = "TraceComponent[com.ibm.ws.jpa.container.osgi.internal.OSGiJPAPUnitInfo,class com.ibm.ws.jpa.container.osgi.internal.OSGiJPAPUnitInfo,[JPA],com.ibm.ws.jpa.jpa,null]"
  disableWsJpaUrlProcessing = false
  ECLIPSELINK_TARGET_SERVER = "WebSphere_Liberty"
  scopeInfo = class com.ibm.ws.jpa.management.JPAScopeInfo@12c517ff
    tc = class com.ibm.websphere.ras.TraceComponent@47221d84
      strings[0] = "TraceComponent[com.ibm.ws.jpa.management.JPAScopeInfo,class com.ibm.ws.jpa.management.JPAScopeInfo,[JPA],com.ibm.ws.jpa.jpa,null]"
    scopeName = "FlightLogix.war"
    scope = class com.ibm.ws.jpa.management.JPAPuScope@600fda10
      EJB_Scope = class com.ibm.ws.jpa.management.JPAPuScope@2e8c6e4b
      Web_Scope = class com.ibm.ws.jpa.management.JPAPuScope@600fda10
      EAR_Scope = class com.ibm.ws.jpa.management.JPAPuScope@43e5f82a
      Client_Scope = class com.ibm.ws.jpa.management.JPAPuScope@7e7e42f2
      $VALUES = class com.ibm.ws.jpa.management.JPAPuScope[4]
      name = "Web_Scope"
      ordinal = 1
    pxmlsInfo = class java.util.HashMap@21ab058
      serialVersionUID = 362498820763181265
      DEFAULT_INITIAL_CAPACITY = 16
      MAXIMUM_CAPACITY = 1073741824
      DEFAULT_LOAD_FACTOR = 0.75
      TREEIFY_THRESHOLD = 8
      UNTREEIFY_THRESHOLD = 6
      MIN_TREEIFY_CAPACITY = 64
      table = class java.util.HashMap$Node[16]
      entrySet = null
      size = 1
      modCount = 1
      threshold = 12
      loadFactor = 0.75
      keySet = null
      values = null
  serialVersionUID = -898488667409903028
  CLASS_NAME = "com.ibm.ws.jpa.management.JPAPUnitInfo"
  tc = class com.ibm.websphere.ras.TraceComponent@48752400
    strings[0] = "TraceComponent[com.ibm.ws.jpa.management.JPAPUnitInfo,class com.ibm.ws.jpa.management.JPAPUnitInfo,[JPA],com.ibm.ws.jpa.jpa,null]"
  tcTransformer = class com.ibm.websphere.ras.TraceComponent@152757c2
    strings[0] = "TraceComponent[com.ibm.ws.jpa.management.JPAPUnitInfo_Transformer,class com.ibm.ws.jpa.management.JPAPUnitInfo,[JPA.Transformer],com.ibm.ws.jpa.jpa,null]"
  tcBytecodeCapture = class com.ibm.websphere.ras.TraceComponent@2e04fbe6
    strings[0] = "TraceComponent[com.ibm.ws.jpa.management.JPAPUnitInfo_BytecodeCapture,class com.ibm.ws.jpa.management.JPAPUnitInfo,[JavaPersistenceByteCode],com.ibm.ws.jpa.jpa,null]"
  svThreadContextAccessor = class com.ibm.ws.util.ThreadContextAccessor$ReflectionThreadContextAccessorImpl@527a5548
    field = class java.lang.reflect.Field@62d6c9d6
      clazz = class java.lang.Class@6504e3b2
      slot = 9
      name = "contextClassLoader"
      type = class java.lang.Class@251a69d7
      modifiers = 2
      signature = null
      genericInfo = null
      annotations = null
      fieldAccessor = null
      overrideFieldAccessor = null
      root = class java.lang.reflect.Field@156ff963
      declaredAnnotations = null
      ACCESS_PERMISSION = class java.lang.reflect.ReflectPermission@2380ec80
      override = true
      reflectionFactory = class sun.reflect.ReflectionFactory@1e914d02
      securityCheckCache = null
    tc = class com.ibm.ejs.ras.TraceComponent@2e6ece43
      strings[0] = "TraceComponent[com.ibm.ws.util.ThreadContextAccessor,class com.ibm.ws.util.ThreadContextAccessor,[Runtime],null,null]"
    PRINT_STACK_ON_SET_CTX_CLASSLOADER = false
    PRIVILEGED_ACTION = class com.ibm.ws.util.ThreadContextAccessor$1@3699a5dc
    UNCHANGED = class com.ibm.ws.util.ThreadContextAccessor$Unchanged@87d4148
    threadContextAccessor = class com.ibm.ws.util.ThreadContextAccessor$ReflectionThreadContextAccessorImpl@527a5548
  ivApplInfo = class com.ibm.ws.jpa.container.osgi.internal.OSGiJPAApplInfo@6764cca3
    appInfo = class com.ibm.ws.container.service.app.deploy.internal.ApplicationInfoImpl@e200bb6
      appName = "FlightLogix"
      appMetaData = class com.ibm.ws.container.service.app.deploy.internal.ApplicationMetaDataImpl@2ad90f67
      appContainer = class com.ibm.ws.adaptable.module.internal.AdaptableContainerImpl@407cbc7b
      configHelper = class com.ibm.ws.app.manager.module.ApplicationNestedConfigHelper@7b38786
      applicationInformation = class com.ibm.ws.app.manager.internal.ApplicationInstallInfo@60cb7fd2
      serialVersionUID = 5227817860647895780
      $$$tc$$$ = class com.ibm.websphere.ras.TraceComponent@1b55ab0e
    serialVersionUID = 4444074326423067409
    $$$tc$$$ = class com.ibm.websphere.ras.TraceComponent@6d077fb2
      strings[0] = "TraceComponent[com.ibm.ws.jpa.container.osgi.internal.OSGiJPAApplInfo,class com.ibm.ws.jpa.container.osgi.internal.OSGiJPAApplInfo,[JPA],com.ibm.ws.jpa.jpa,null]"
    tc = class com.ibm.websphere.ras.TraceComponent@1f1bac16
      strings[0] = "TraceComponent[com.ibm.ws.jpa.management.JPAApplInfo,class com.ibm.ws.jpa.management.JPAApplInfo,[JPA],com.ibm.ws.jpa.jpa,null]"
    ivJPAComponent = class com.ibm.ws.jpa.container.osgi.internal.JPAComponentImpl@25246d29
      tc = class com.ibm.websphere.ras.TraceComponent@7183c034
      priv = class com.ibm.ws.kernel.service.util.SecureAction@13cfa619
      REFERENCE_JPA_RUNTIME = "jpaRuntime"
      REFERENCE_TRANSACTION_MANAGER = "transactionManager"
      REFERENCE_CONTEXT_ACCESSOR = "contextAccessor"
      REFERENCE_RESOURCE_BINDING_LISTENERS = "resourceBindingListeners"
      REFERENCE_JPA_PROVIDER = "jpaProvider"
      REFERENCE_JPA_PROPS_PROVIDER = "jpaPropsProvider"
      REFERENCE_APP_COORD = "appCoord"
      REFERENCE_CLASSLOADING_SERVICE = "classLoadingService"
      context = class org.apache.felix.scr.impl.manager.ComponentContextImpl@7a2103f
      props = class org.apache.felix.scr.impl.helper.ReadOnlyDictionary@5504e273
      server = true
      stuckApps = class java.util.concurrent.ConcurrentSkipListSet@1f053b5f
      jpaRuntime = class com.ibm.wsspi.kernel.service.utils.AtomicServiceReference@7114b9c8
      ivTransactionManagerSR = class com.ibm.wsspi.kernel.service.utils.AtomicServiceReference@66207c3d
      ivContextAccessorSR = class com.ibm.wsspi.kernel.service.utils.AtomicServiceReference@14451df0
      resourceBindingListeners = class com.ibm.wsspi.kernel.service.utils.ConcurrentServiceReferenceSet@222c03e4
      providerIntegrationSR = class com.ibm.wsspi.kernel.service.utils.AtomicServiceReference@76223490
      propProviderSRs = class com.ibm.wsspi.kernel.service.utils.ConcurrentServiceReferenceSet@13866ffd
      classLoadingService = class com.ibm.ws.classloading.internal.ClassLoadingServiceImpl@2f105ae0
      serialVersionUID = -1386978515111860254
      tc = class com.ibm.websphere.ras.TraceComponent@311c46b1
      applList = class java.util.Collections$SynchronizedMap@6de14fc5
      ivCallBackHandler = class com.ibm.ws.jpa.management.JPAUserTxCallBackHandler@a00605d
      ivTxCallbackRegistered = false
    applName = "FlightLogix"
    puScopes = class java.util.HashMap@1f7a3f17
      serialVersionUID = 362498820763181265
      DEFAULT_INITIAL_CAPACITY = 16
      MAXIMUM_CAPACITY = 1073741824
      DEFAULT_LOAD_FACTOR = 0.75
      TREEIFY_THRESHOLD = 8
      UNTREEIFY_THRESHOLD = 6
      MIN_TREEIFY_CAPACITY = 64
      table = class java.util.HashMap$Node[16]
      entrySet = null
      size = 1
      modCount = 1
      threshold = 12
      loadFactor = 0.75
      keySet = null
      values = null
  ivArchivePuId = class com.ibm.ws.jpa.JPAPuId@28db774
    serialVersionUID = 662612505904938066
    ivAppName = "FlightLogix"
    ivModJarName = "FlightLogix.war"
    ivPuName = "jpa-unit"
    ivCurHashCode = -2136671178
  ivTxType = class javax.persistence.spi.PersistenceUnitTransactionType@38cd3235
    JTA = class javax.persistence.spi.PersistenceUnitTransactionType@38cd3235
    RESOURCE_LOCAL = class javax.persistence.spi.PersistenceUnitTransactionType@4f0fd3af
      JTA = class javax.persistence.spi.PersistenceUnitTransactionType@38cd3235
      RESOURCE_LOCAL = class javax.persistence.spi.PersistenceUnitTransactionType@4f0fd3af
      $VALUES = class javax.persistence.spi.PersistenceUnitTransactionType[2]
      name = "RESOURCE_LOCAL"
      ordinal = 1
    $VALUES = class javax.persistence.spi.PersistenceUnitTransactionType[2]
      PersistenceUnitTransactionType[0] = class javax.persistence.spi.PersistenceUnitTransactionType@38cd3235
      PersistenceUnitTransactionType[1] = class javax.persistence.spi.PersistenceUnitTransactionType@4f0fd3af
    name = "JTA"
    ordinal = 0
  ivDesc = ""
  ivProviderClassName = "org.eclipse.persistence.jpa.PersistenceProvider"
  ivJtaDataSource = class com.ibm.ws.rsadapter.jdbc.WSJdbcDataSource@381de071
    strings[0] = "_______________________________________________________________________"
    strings[1] = ""
    strings[2] = "    First Failure Data Capture information for"
    strings[3] = "          com.ibm.ws.rsadapter.jdbc.WSJdbcDataSource@381de071"
    strings[4] = "_______________________________________________________________________"
    strings[5] = ""
    strings[6] = "ResourceRefInfo:"
    strings[7] = "  
[Resource-ref CMConfigData key items]

	res-sharing-scope:        0 (SHAREABLE)
	res-isolation-level:      0 (TRANSACTION_NONE)
	res-auth:                 1 (APPLICATION)
	commitPriority            0
	branchCoupling            -1
	loginConfigurationName:   null
	loginConfigProperties:    null
	Resource ref name:        not set
	Queue manager id:        not set

"
    strings[8] = "Connection Manager:"
    strings[9] = "  [ConnectionManager]@7218a365
JNDI Name <jdbc/myDB>
shareable <true>

"
    strings[10] = "_______________________________________________________________________"
    strings[11] = ""
    strings[12] = "    First Failure Data Capture information for"
    strings[13] = "          com.ibm.ws.rsadapter.impl.WSManagedConnectionFactoryImpl@33c7d7b5"
    strings[14] = "_______________________________________________________________________"
    strings[15] = ""
    strings[16] = "com.ibm.ws.rsadapter.DSConfig@4bc60547"
    strings[17] = "[beginTranForResultSetScrollingAPIs, true, beginTranForVendorAPIs, true, commitOrRollbackOnCleanup, null, connectionSharing, MatchOriginalRequest, isolationLevel, -1, jndiName, jdbc/myDB, enableConnectionCasting, false, queryTimeout, null, statementCacheSize, 10, supplementalJDBCTrace, null, syncQueryTimeoutWithTransactionTimeout, false, transactional, true]"
    strings[18] = "{serverName=soen.mysql.database.azure.com, password=******, databaseName=db, user=username@soen, portNumber=3306}"
    strings[19] = "Vendor implementation class:"
    strings[20] = "  class com.mysql.cj.jdbc.MysqlConnectionPoolDataSource
"
    strings[21] = "Type:"
    strings[22] = "  interface javax.sql.ConnectionPoolDataSource
"
    strings[23] = "Underlying DataSource or Driver Object: com.mysql.cj.jdbc.MysqlConnectionPoolDataSource@47a94e01"
    strings[24] = "  com.mysql.cj.jdbc.MysqlConnectionPoolDataSource@47a94e01
"
    strings[25] = "Instance id:"
    strings[26] = "  1
"
    strings[27] = "Log Writer:"
    strings[28] = "  null
"
    strings[29] = "Counter of fatal connection errors on ManagedConnections created by this MCF:"
    strings[30] = "  0
"
  ivNonJtaDataSource = null
  ivMappingFileNames = class java.util.ArrayList@795d2205
    serialVersionUID = 8683452581122892189
    DEFAULT_CAPACITY = 10
    EMPTY_ELEMENTDATA = class java.lang.Object[0]
    DEFAULTCAPACITY_EMPTY_ELEMENTDATA = class java.lang.Object[0]
    elementData = class java.lang.Object[0]
    size = 0
    MAX_ARRAY_SIZE = 2147483639
    modCount = 1
    MAX_ARRAY_SIZE = 2147483639
  ivJarFileURLs = class java.util.ArrayList@16841c4d
    serialVersionUID = 8683452581122892189
    DEFAULT_CAPACITY = 10
    EMPTY_ELEMENTDATA = class java.lang.Object[0]
    DEFAULTCAPACITY_EMPTY_ELEMENTDATA = class java.lang.Object[0]
    elementData = class java.lang.Object[0]
    size = 0
    MAX_ARRAY_SIZE = 2147483639
    modCount = 1
    MAX_ARRAY_SIZE = 2147483639
  ivManagedClassNames = class java.util.ArrayList@4709d832
    serialVersionUID = 8683452581122892189
    DEFAULT_CAPACITY = 10
    EMPTY_ELEMENTDATA = class java.lang.Object[0]
    DEFAULTCAPACITY_EMPTY_ELEMENTDATA = class java.lang.Object[0]
    elementData = class java.lang.Object[0]
    size = 0
    MAX_ARRAY_SIZE = 2147483639
    modCount = 1
    MAX_ARRAY_SIZE = 2147483639
  ivExcludeUnlistedClasses = false
  ivProperties = class java.util.Properties@1de3cd
    serialVersionUID = 4112578634029874840
    defaults = null
    hexDigit = {0123456789ABCDEF} /* array length = 16 */
    table = class java.util.Hashtable$Entry[11]
      Entry[0] = class java.util.Hashtable$Entry@7c08a5d5
      Entry[1] = class java.util.Hashtable$Entry@271c16fb
      Entry[2] = null
      Entry[3] = null
      Entry[4] = null
      Entry[5] = null
      Entry[6] = null
      Entry[7] = null
      Entry[8] = null
      Entry[9] = null
      Entry[10] = null
    count = 2
    threshold = 8
    loadFactor = 0.75
    modCount = 2
    serialVersionUID = 1421746759512286392
    MAX_ARRAY_SIZE = 2147483639
    keySet = null
    entrySet = class java.util.Collections$SynchronizedSet@7d07465e
      serialVersionUID = 487447009682186044
      serialVersionUID = 3053995032091335093
      c = class java.util.Hashtable$EntrySet@9f8c0d0
      mutex = class java.util.Properties@1de3cd
    values = null
    KEYS = 0
    VALUES = 1
    ENTRIES = 2
  ivJtaDataSourceJNDIName = "jdbc/myDB"
  ivNonJtaDataSourceJNDIName = null
  ivPUnitRootURL = class java.net.URL@364de1f7
    BUILTIN_HANDLERS_PREFIX = "sun.net.www.protocol"
    serialVersionUID = -7627629688361524110
    protocolPathProp = "java.protocol.handler.pkgs"
    protocol = "file"
    host = ""
    port = -1
    file = "/C:/Users/felix/Desktop/FlightLogix/FlightLogix/target/classes/"
    query = null
    authority = null
    path = "/C:/Users/felix/Desktop/FlightLogix/FlightLogix/target/classes/"
    userInfo = null
    ref = null
    hostAddress = null
    handler = class sun.net.www.protocol.file.Handler@3339991f
    hashCode = 391279636
    tempState = null
    factory = class org.eclipse.osgi.internal.url.URLStreamHandlerFactoryImpl@3127a0ba
      URLSTREAMHANDLERCLASS = "org.osgi.service.url.URLStreamHandlerService"
      PROTOCOL_HANDLER_PKGS = "java.protocol.handler.pkgs"
      PROTOCOL_REFERENCE = "reference"
      secureAction = class org.eclipse.osgi.framework.util.SecureAction@b807166
      handlerTracker = class org.osgi.util.tracker.ServiceTracker@10944827
      ignoredClasses = class java.util.Arrays$ArrayList@2b1a8008
      proxies = class java.util.Hashtable@457c946c
      parentFactory = null
      creatingProtocols = class java.lang.ThreadLocal@4d7fd6e4
      setAccessible = class java.net.SetAccessible/1922930974@7f987a1c
      systemLoaders = class java.util.Collections$UnmodifiableCollection@7daf27
      container = class org.eclipse.osgi.internal.framework.EquinoxContainer@210394b0
      context = class org.eclipse.osgi.internal.framework.BundleContextImpl@3bf9ce3e
      factories = null
      internalSecurityManager = class org.eclipse.osgi.internal.url.MultiplexingFactory$InternalSecurityManager@1278ae82
    handlers = class java.util.Hashtable@2f6623d4
      table = class java.util.Hashtable$Entry[11]
      count = 6
      threshold = 8
      loadFactor = 0.75
      modCount = 8
      serialVersionUID = 1421746759512286392
      MAX_ARRAY_SIZE = 2147483639
      keySet = null
      entrySet = null
      values = null
      KEYS = 0
      VALUES = 1
      ENTRIES = 2
    streamHandlerLock = class java.lang.Object@78a9de10
    serialPersistentFields = class java.io.ObjectStreamField[7]
      ObjectStreamField[0] = class java.io.ObjectStreamField@285a3fbf
      ObjectStreamField[1] = class java.io.ObjectStreamField@6d63713a
      ObjectStreamField[2] = class java.io.ObjectStreamField@230ad6d3
      ObjectStreamField[3] = class java.io.ObjectStreamField@6c3b7c22
      ObjectStreamField[4] = class java.io.ObjectStreamField@15e511dd
      ObjectStreamField[5] = class java.io.ObjectStreamField@637958fa
      ObjectStreamField[6] = class java.io.ObjectStreamField@1630a608
  ivClassLoader = class com.ibm.ws.classloading.internal.AppClassLoader@5f23814f
    tc = class com.ibm.websphere.ras.TraceComponent@3431cfd5
      strings[0] = "TraceComponent[com.ibm.ws.classloading.internal.AppClassLoader,class com.ibm.ws.classloading.internal.AppClassLoader,[ClassLoadingService],com.ibm.ws.classloading.internal.resources.ClassLoadingServiceMessages,null]"
    disableSharedClassesCache = false
    PARENT_FIRST_SEARCH_ORDER = class java.util.Collections$UnmodifiableRandomAccessList@67d0b14
      serialVersionUID = -2542308836966382001
      serialVersionUID = -283967356065247728
      list = class java.util.Arrays$ArrayList@351ca17c
      serialVersionUID = 1820017752578914078
      c = class java.util.Arrays$ArrayList@351ca17c
    packagesDefined = class java.util.Collections$SetFromMap@ba9949c
      m = class java.util.concurrent.ConcurrentHashMap@52c7809f
      s = class java.util.concurrent.ConcurrentHashMap$KeySetView@2c8fb599
      serialVersionUID = 2454657854757543876
      MAX_ARRAY_SIZE = 2147483639
    CLASS_LOADING_TRACE_PREFIX = "com.ibm.ws.class.load."
    DEFAULT_PACKAGE = "default.package"
    perPackageClassLoadingTraceComponents = class java.util.concurrent.ConcurrentHashMap@15dae6ed
      serialVersionUID = 7249069246763182397
      MAXIMUM_CAPACITY = 1073741824
      DEFAULT_CAPACITY = 16
      MAX_ARRAY_SIZE = 2147483639
      DEFAULT_CONCURRENCY_LEVEL = 16
      LOAD_FACTOR = 0.75
      TREEIFY_THRESHOLD = 8
      UNTREEIFY_THRESHOLD = 6
      MIN_TREEIFY_CAPACITY = 64
      MIN_TRANSFER_STRIDE = 16
      RESIZE_STAMP_BITS = 16
      MAX_RESIZERS = 65535
      RESIZE_STAMP_SHIFT = 16
      MOVED = -1
      TREEBIN = -2
      RESERVED = -3
      HASH_BITS = 2147483647
      NCPU = 8
      serialPersistentFields = class java.io.ObjectStreamField[3]
      table = null
      nextTable = null
      baseCount = 0
      sizeCtl = 0
      transferIndex = 0
      cellsBusy = 0
      counterCells = null
      keySet = null
      values = null
      entrySet = null
      U = class sun.misc.Unsafe@40aee99
      SIZECTL = 20
      TRANSFERINDEX = 32
      BASECOUNT = 24
      CELLSBUSY = 36
      CELLVALUE = 144
      ABASE = 16
      ASHIFT = 2
      keySet = null
      values = null
    config = class com.ibm.ws.classloading.internal.ClassLoaderConfigurationImpl@3eb5edc8
      DEFAULT_PROTECTION_DOMAIN = class java.security.ProtectionDomain@a6eadc2
      delegateLast = false
      includeAppExtensions = true
      id = class com.ibm.ws.classloading.serializable.ClassLoaderIdentityImpl@3ccb4673
      parentId = null
      sharedLibraries = class java.util.ArrayList@3ec74d99
      commonLibraries = class java.util.Collections$EmptyList@75ee9f6b
      providers = class java.util.Collections$EmptyList@75ee9f6b
      nativeLibraryContainers = class java.util.Collections$EmptyList@75ee9f6b
      protectionDomain = class java.security.ProtectionDomain@a912ca9
      serialVersionUID = 9091690180200375339
      $$$tc$$$ = class com.ibm.websphere.ras.TraceComponent@67c98384
    privateLibraries = null
    delegateLoaders = class com.ibm.ws.classloading.internal.util.CompositeIterable@507e64a1
      iterables = class java.util.Arrays$ArrayList@215d0280
      serialVersionUID = -1227195994638150837
      $$$tc$$$ = class com.ibm.websphere.ras.TraceComponent@762b5f1
    nativeLibraryFiles = class java.util.ArrayList@17340746
      serialVersionUID = 8683452581122892189
      DEFAULT_CAPACITY = 10
      EMPTY_ELEMENTDATA = class java.lang.Object[0]
      DEFAULTCAPACITY_EMPTY_ELEMENTDATA = class java.lang.Object[0]
      elementData = class java.lang.Object[0]
      size = 0
      MAX_ARRAY_SIZE = 2147483639
      modCount = 0
      MAX_ARRAY_SIZE = 2147483639
    transformers = class java.util.ArrayList@551b76c3
      serialVersionUID = 8683452581122892189
      DEFAULT_CAPACITY = 10
      EMPTY_ELEMENTDATA = class java.lang.Object[0]
      DEFAULTCAPACITY_EMPTY_ELEMENTDATA = class java.lang.Object[0]
      elementData = class java.lang.Object[10]
      size = 1
      MAX_ARRAY_SIZE = 2147483639
      modCount = 1
      MAX_ARRAY_SIZE = 2147483639
    apiAccess = class com.ibm.ws.classloading.internal.GatewayClassLoader@579ddee5
      config = class com.ibm.ws.classloading.internal.GatewayConfigurationImpl@237d433d
      wiringMonitor = class com.ibm.ws.classloading.internal.GatewayClassLoader$1@349635be
      bundle = class org.eclipse.osgi.internal.framework.EquinoxBundle@40553910
      wiring = class org.eclipse.osgi.container.ModuleWiring@19dc048c
      bundleLoader = class org.eclipse.osgi.internal.loader.EquinoxClassLoader@5e25321d
      resourceProviders = class com.ibm.ws.classloading.internal.CompositeResourceProvider@1708e64f
      serialVersionUID = -4256474098847905153
      $$$tc$$$ = class com.ibm.websphere.ras.TraceComponent@30dffec6
      parent = class sun.misc.Launcher$AppClassLoader@4e0e2f2a
      parallelLockMap = null
      package2certs = class java.util.Hashtable@12360ad5
      nocerts = class java.security.cert.Certificate[0]
      classes = class java.util.Vector@6bb7847b
      defaultDomain = class java.security.ProtectionDomain@1cf5f6ca
      packages = class java.util.HashMap@4c1f5185
      scl = class sun.misc.Launcher$AppClassLoader@4e0e2f2a
      sclSet = true
      loadedLibraryNames = class java.util.Vector@2ff3a86a
      systemNativeLibraries = class java.util.Vector@352cd242
      nativeLibraries = class java.util.Vector@6e5d8a71
      nativeLibraryContext = class java.util.Stack@626f507
      usr_paths = class java.lang.String[34]
      sys_paths = class java.lang.String[1]
      assertionLock = class com.ibm.ws.classloading.internal.GatewayClassLoader@579ddee5
      defaultAssertionStatus = false
      packageAssertionStatus = null
      classAssertionStatus = null
    generator = class com.ibm.ws.classloading.internal.ClassGeneratorManager@44510a05
      tc = class com.ibm.websphere.ras.TraceComponent@23030b85
      generatorRefs = class com.ibm.wsspi.kernel.service.utils.ConcurrentServiceReferenceSet@2d900100
      serialVersionUID = 4152663586056483310
    protectionDomains = class java.util.concurrent.ConcurrentHashMap@67292542
      serialVersionUID = 7249069246763182397
      MAXIMUM_CAPACITY = 1073741824
      DEFAULT_CAPACITY = 16
      MAX_ARRAY_SIZE = 2147483639
      DEFAULT_CONCURRENCY_LEVEL = 16
      LOAD_FACTOR = 0.75
      TREEIFY_THRESHOLD = 8
      UNTREEIFY_THRESHOLD = 6
      MIN_TREEIFY_CAPACITY = 64
      MIN_TRANSFER_STRIDE = 16
      RESIZE_STAMP_BITS = 16
      MAX_RESIZERS = 65535
      RESIZE_STAMP_SHIFT = 16
      MOVED = -1
      TREEBIN = -2
      RESERVED = -3
      HASH_BITS = 2147483647
      NCPU = 8
      serialPersistentFields = class java.io.ObjectStreamField[3]
      table = class java.util.concurrent.ConcurrentHashMap$Node[16]
      nextTable = null
      baseCount = 1
      sizeCtl = 12
      transferIndex = 0
      cellsBusy = 0
      counterCells = null
      keySet = null
      values = null
      entrySet = null
      U = class sun.misc.Unsafe@40aee99
      SIZECTL = 20
      TRANSFERINDEX = 32
      BASECOUNT = 24
      CELLSBUSY = 36
      CELLVALUE = 144
      ABASE = 16
      ASHIFT = 2
      keySet = null
      values = null
    parent = class com.ibm.ws.classloading.internal.GatewayClassLoader@579ddee5
    hook = null
    serialVersionUID = 8734164900246230615
    tc = class com.ibm.websphere.ras.TraceComponent@1fd51fac
      strings[0] = "TraceComponent[com.ibm.ws.classloading.internal.ContainerClassLoader,class com.ibm.ws.classloading.internal.ContainerClassLoader,[ClassLoadingService],com.ibm.ws.classloading.internal.resources.ClassLoadingServiceMessages,null]"
    smartClassPath = class com.ibm.ws.classloading.internal.ContainerClassLoader$SmartClassPathImpl@501000d6
      rwLock = class java.util.concurrent.locks.ReentrantReadWriteLock@2a9d82f8
      outstandingContainers = class java.util.concurrent.atomic.AtomicInteger@16a0e15d
      usePackageMap = true
      maxLastNotFound = 250
      maxLastFound = 900
      maxLastReallyNotFound = 900
      propsInUse = false
      classPath = class java.util.concurrent.CopyOnWriteArrayList@3ae5ff55
      MAX_LASTNOTFOUND = 250
      lastNotFound = class java.util.concurrent.CopyOnWriteArrayList@4f8b646f
      MAX_LASTFOUND = 900
      lastFoundURL = class java.util.Collections$SynchronizedMap@9c7b524
      MAX_LASTREALLYNOTFOUND = 900
      lastReallyNotFoundURL = class java.util.Collections$SynchronizedMap@187c1748
      packageMap = class java.util.HashMap@df65c45
      containers = class java.util.Collections$SetFromMap@19caf988
      serialVersionUID = 1586111247084489525
      $$$tc$$$ = class com.ibm.websphere.ras.TraceComponent@535ec0d6
    nativeLibraryContainers = class java.util.ArrayList@5e33d979
      serialVersionUID = 8683452581122892189
      DEFAULT_CAPACITY = 10
      EMPTY_ELEMENTDATA = class java.lang.Object[0]
      DEFAULTCAPACITY_EMPTY_ELEMENTDATA = class java.lang.Object[0]
      elementData = class java.lang.Object[0]
      size = 0
      MAX_ARRAY_SIZE = 2147483639
      modCount = 0
      MAX_ARRAY_SIZE = 2147483639
    redefiner = class com.ibm.ws.classloading.internal.util.ClassRedefiner@127ef198
      tc = class com.ibm.websphere.ras.TraceComponent@5a96628f
      LS = "
"
      inst = class com.sun.proxy.$Proxy0@1c0b948f
      serialVersionUID = 2420101865139508526
    jarProtocol = "wsjar:"
    mapCreationQueue = class java.util.concurrent.Executors$FinalizableDelegatedExecutorService@3cd3c5a0
      e = class java.util.concurrent.ThreadPoolExecutor@7f271331
      $assertionsDisabled = true
    serialVersionUID = 6399598832433768509
    serialVersionUID = 1837293532091806117
    $$$tc$$$ = class com.ibm.websphere.ras.TraceComponent@77d11798
      strings[0] = "TraceComponent[com.ibm.ws.classloading.internal.IdentifiedLoader,class com.ibm.ws.classloading.internal.IdentifiedLoader,[ClassLoadingService],com.ibm.ws.classloading.internal.resources.ClassLoadingServiceMessages,null]"
    serialVersionUID = -4586727107834513475
    $$$tc$$$ = class com.ibm.websphere.ras.TraceComponent@4a03b3e
      strings[0] = "TraceComponent[com.ibm.ws.classloading.internal.LibertyLoader,class com.ibm.ws.classloading.internal.LibertyLoader,[ClassLoadingService],com.ibm.ws.classloading.internal.resources.ClassLoadingServiceMessages,null]"
    serialVersionUID = -7709588811276454856
    $$$tc$$$ = class com.ibm.websphere.ras.TraceComponent@3d73a083
      strings[0] = "TraceComponent[com.ibm.ws.classloading.LibertyClassLoader,class com.ibm.ws.classloading.LibertyClassLoader,[ClassLoadingService],com.ibm.ws.classloading.internal.resources.ClassLoadingServiceMessages,null]"
    initialized = true
    pdcache = class java.util.HashMap@2cad80a6
      serialVersionUID = 362498820763181265
      DEFAULT_INITIAL_CAPACITY = 16
      MAXIMUM_CAPACITY = 1073741824
      DEFAULT_LOAD_FACTOR = 0.75
      TREEIFY_THRESHOLD = 8
      UNTREEIFY_THRESHOLD = 6
      MIN_TREEIFY_CAPACITY = 64
      table = null
      entrySet = null
      size = 0
      modCount = 0
      threshold = 16
      loadFactor = 0.75
      keySet = null
      values = null
    debug = null
    parent = class com.ibm.ws.classloading.internal.GatewayClassLoader@579ddee5
    parallelLockMap = class java.util.concurrent.ConcurrentHashMap@49ba469a
      serialVersionUID = 7249069246763182397
      MAXIMUM_CAPACITY = 1073741824
      DEFAULT_CAPACITY = 16
      MAX_ARRAY_SIZE = 2147483639
      DEFAULT_CONCURRENCY_LEVEL = 16
      LOAD_FACTOR = 0.75
      TREEIFY_THRESHOLD = 8
      UNTREEIFY_THRESHOLD = 6
      MIN_TREEIFY_CAPACITY = 64
      MIN_TRANSFER_STRIDE = 16
      RESIZE_STAMP_BITS = 16
      MAX_RESIZERS = 65535
      RESIZE_STAMP_SHIFT = 16
      MOVED = -1
      TREEBIN = -2
      RESERVED = -3
      HASH_BITS = 2147483647
      NCPU = 8
      serialPersistentFields = class java.io.ObjectStreamField[3]
      table = class java.util.concurrent.ConcurrentHashMap$Node[16]
      nextTable = null
      baseCount = 6
      sizeCtl = 12
      transferIndex = 0
      cellsBusy = 0
      counterCells = null
      keySet = null
      values = null
      entrySet = null
      U = class sun.misc.Unsafe@40aee99
      SIZECTL = 20
      TRANSFERINDEX = 32
      BASECOUNT = 24
      CELLSBUSY = 36
      CELLVALUE = 144
      ABASE = 16
      ASHIFT = 2
      keySet = null
      values = null
    package2certs = class java.util.concurrent.ConcurrentHashMap@6b6664c8
      serialVersionUID = 7249069246763182397
      MAXIMUM_CAPACITY = 1073741824
      DEFAULT_CAPACITY = 16
      MAX_ARRAY_SIZE = 2147483639
      DEFAULT_CONCURRENCY_LEVEL = 16
      LOAD_FACTOR = 0.75
      TREEIFY_THRESHOLD = 8
      UNTREEIFY_THRESHOLD = 6
      MIN_TREEIFY_CAPACITY = 64
      MIN_TRANSFER_STRIDE = 16
      RESIZE_STAMP_BITS = 16
      MAX_RESIZERS = 65535
      RESIZE_STAMP_SHIFT = 16
      MOVED = -1
      TREEBIN = -2
      RESERVED = -3
      HASH_BITS = 2147483647
      NCPU = 8
      serialPersistentFields = class java.io.ObjectStreamField[3]
      table = class java.util.concurrent.ConcurrentHashMap$Node[16]
      nextTable = null
      baseCount = 1
      sizeCtl = 12
      transferIndex = 0
      cellsBusy = 0
      counterCells = null
      keySet = null
      values = null
      entrySet = null
      U = class sun.misc.Unsafe@40aee99
      SIZECTL = 20
      TRANSFERINDEX = 32
      BASECOUNT = 24
      CELLSBUSY = 36
      CELLVALUE = 144
      ABASE = 16
      ASHIFT = 2
      keySet = null
      values = null
    nocerts = class java.security.cert.Certificate[0]
    classes = class java.util.Vector@2c16da6c
      elementData = class java.lang.Object[10]
      elementCount = 1
      capacityIncrement = 0
      serialVersionUID = -2767605614048989439
      MAX_ARRAY_SIZE = 2147483639
      modCount = 1
      MAX_ARRAY_SIZE = 2147483639
    defaultDomain = class java.security.ProtectionDomain@6cfed7f8
      codesource = class java.security.CodeSource@5d41f6be
      classloader = class com.ibm.ws.classloading.internal.AppClassLoader@5f23814f
      principals = interface java.security.Principal[0]
      permissions = null
      hasAllPerm = false
      staticPermissions = false
      key = class java.security.ProtectionDomain$Key@370fb894
      debug = null
    packages = class java.util.HashMap@776bd26b
      serialVersionUID = 362498820763181265
      DEFAULT_INITIAL_CAPACITY = 16
      MAXIMUM_CAPACITY = 1073741824
      DEFAULT_LOAD_FACTOR = 0.75
      TREEIFY_THRESHOLD = 8
      UNTREEIFY_THRESHOLD = 6
      MIN_TREEIFY_CAPACITY = 64
      table = class java.util.HashMap$Node[16]
      entrySet = null
      size = 1
      modCount = 1
      threshold = 12
      loadFactor = 0.75
      keySet = null
      values = null
    scl = class sun.misc.Launcher$AppClassLoader@4e0e2f2a
      ucp = class sun.misc.URLClassPath@2a8060a8
      $assertionsDisabled = true
      ucp = class sun.misc.URLClassPath@2a8060a8
      acc = class java.security.AccessControlContext@76a49d1b
      closeables = class java.util.WeakHashMap@7557d1ef
      initialized = true
      pdcache = class java.util.HashMap@2c183dc5
      debug = null
      parent = class sun.misc.Launcher$ExtClassLoader@5348dce
      parallelLockMap = class java.util.concurrent.ConcurrentHashMap@57aa8436
      package2certs = class java.util.concurrent.ConcurrentHashMap@1cb9ef85
      nocerts = class java.security.cert.Certificate[0]
      classes = class java.util.Vector@71220fc2
      defaultDomain = class java.security.ProtectionDomain@50d9a6d5
      packages = class java.util.HashMap@53d103cc
      scl = class sun.misc.Launcher$AppClassLoader@4e0e2f2a
      sclSet = true
      loadedLibraryNames = class java.util.Vector@2ff3a86a
      systemNativeLibraries = class java.util.Vector@352cd242
      nativeLibraries = class java.util.Vector@c70bf4
      nativeLibraryContext = class java.util.Stack@626f507
      usr_paths = class java.lang.String[34]
      sys_paths = class java.lang.String[1]
      assertionLock = class java.lang.Object@61fa5831
      defaultAssertionStatus = false
      packageAssertionStatus = null
      classAssertionStatus = null
    sclSet = true
    loadedLibraryNames = class java.util.Vector@2ff3a86a
      elementData = class java.lang.Object[10]
      elementCount = 5
      capacityIncrement = 0
      serialVersionUID = -2767605614048989439
      MAX_ARRAY_SIZE = 2147483639
      modCount = 5
      MAX_ARRAY_SIZE = 2147483639
    systemNativeLibraries = class java.util.Vector@352cd242
      elementData = class java.lang.Object[10]
      elementCount = 5
      capacityIncrement = 0
      serialVersionUID = -2767605614048989439
      MAX_ARRAY_SIZE = 2147483639
      modCount = 5
      MAX_ARRAY_SIZE = 2147483639
    nativeLibraries = class java.util.Vector@2f778208
      elementData = class java.lang.Object[10]
      elementCount = 0
      capacityIncrement = 0
      serialVersionUID = -2767605614048989439
      MAX_ARRAY_SIZE = 2147483639
      modCount = 0
      MAX_ARRAY_SIZE = 2147483639
    nativeLibraryContext = class java.util.Stack@626f507
      serialVersionUID = 1224463164541339165
      elementData = class java.lang.Object[10]
      elementCount = 0
      capacityIncrement = 0
      serialVersionUID = -2767605614048989439
      MAX_ARRAY_SIZE = 2147483639
      modCount = 10
      MAX_ARRAY_SIZE = 2147483639
    usr_paths = class java.lang.String[34]
      String[0] = "C:\Program Files\Java\jdk1.8.0_281\jre\bin"
      String[1] = "C:\WINDOWS\Sun\Java\bin"
      String[2] = "C:\WINDOWS\system32"
      String[3] = "C:\WINDOWS"
      String[4] = "C:\Python39\Scripts\"
      String[5] = "C:\Python39\"
      String[6] = "C:\Program Files (x86)\Common Files\Oracle\Java\javapath"
      String[7] = "C:\WINDOWS\system32"
      String[8] = "C:\WINDOWS"
      String[9] = "C:\WINDOWS\System32\Wbem"
      String[10] = "C:\WINDOWS\System32\WindowsPowerShell\v1.0\"
      String[11] = "C:\WINDOWS\System32\OpenSSH\"
      String[12] = "C:\Program Files\Java\jdk1.8.0_281\bin"
      String[13] = "C:\php-8.0.3-nts-Win32-vs16-x64"
      String[14] = "C:\Program Files\apache-maven-3.6.3\bin"
      String[15] = "C:\Program Files\Docker\Docker\resources\bin"
      String[16] = "C:\ProgramData\DockerDesktop\version-bin"
      String[17] = "C:\Program Files\Git\cmd"
      String[18] = "C:\Program Files\nodejs\"
      String[19] = "C:\ProgramData\chocolatey\bin"
      String[20] = "C:\Program Files\MySQL\MySQL Server 8.0\bin"
      String[21] = "C:\Program Files\MySQL\MySQL Shell 8.0\bin\"
      String[22] = "C:\Users\felix\anaconda3"
      String[23] = "C:\Users\felix\anaconda3\Library\mingw-w64\bin"
      String[24] = "C:\Users\felix\anaconda3\Library\usr\bin"
      String[25] = "C:\Users\felix\anaconda3\Library\bin"
      String[26] = "C:\Users\felix\anaconda3\Scripts"
      String[27] = "C:\Users\felix\AppData\Local\Microsoft\WindowsApps"
      String[28] = "C:\Users\felix\AppData\Local\GitHubDesktop\bin"
      String[29] = "C:\Users\felix\AppData\Local\Programs\Microsoft VS Code\bin"
      String[30] = "C:\Program Files\JetBrains\IntelliJ IDEA 2020.3.2\bin"
      String[31] = "."
      String[32] = "C:\Users\felix\AppData\Roaming\npm"
      String[33] = "."
    sys_paths = class java.lang.String[1]
      String[0] = "C:\Program Files\Java\jdk1.8.0_281\jre\bin"
    assertionLock = class java.lang.Object@743d7e66
    defaultAssertionStatus = false
    packageAssertionStatus = null
    classAssertionStatus = null
  tempClassLoader = null
  ivTransformers = class java.util.concurrent.CopyOnWriteArrayList@3f0c7744
    serialVersionUID = 8673264195747942595
    lock = class java.util.concurrent.locks.ReentrantLock@af939cb
      serialVersionUID = 7373984872572414699
      sync = class java.util.concurrent.locks.ReentrantLock$NonfairSync@2c34d941
    array = class java.lang.Object[0]
    UNSAFE = class sun.misc.Unsafe@40aee99
      theUnsafe = class sun.misc.Unsafe@40aee99
      INVALID_FIELD_OFFSET = -1
      ARRAY_BOOLEAN_BASE_OFFSET = 16
      ARRAY_BYTE_BASE_OFFSET = 16
      ARRAY_SHORT_BASE_OFFSET = 16
      ARRAY_CHAR_BASE_OFFSET = 16
      ARRAY_INT_BASE_OFFSET = 16
      ARRAY_LONG_BASE_OFFSET = 16
      ARRAY_FLOAT_BASE_OFFSET = 16
      ARRAY_DOUBLE_BASE_OFFSET = 16
      ARRAY_OBJECT_BASE_OFFSET = 16
      ARRAY_BOOLEAN_INDEX_SCALE = 1
      ARRAY_BYTE_INDEX_SCALE = 1
      ARRAY_SHORT_INDEX_SCALE = 2
      ARRAY_CHAR_INDEX_SCALE = 2
      ARRAY_INT_INDEX_SCALE = 4
      ARRAY_LONG_INDEX_SCALE = 8
      ARRAY_FLOAT_INDEX_SCALE = 4
      ARRAY_DOUBLE_INDEX_SCALE = 8
      ARRAY_OBJECT_INDEX_SCALE = 4
      ADDRESS_SIZE = 8
    lockOffset = 12
  xmlSchemaVersion = "2.2"
  ivCaching = class javax.persistence.SharedCacheMode@2a6f6089
    ALL = class javax.persistence.SharedCacheMode@13ae720c
      ALL = class javax.persistence.SharedCacheMode@13ae720c
      NONE = class javax.persistence.SharedCacheMode@32cd4d63
      ENABLE_SELECTIVE = class javax.persistence.SharedCacheMode@77a699de
      DISABLE_SELECTIVE = class javax.persistence.SharedCacheMode@75abc083
      UNSPECIFIED = class javax.persistence.SharedCacheMode@2a6f6089
      $VALUES = class javax.persistence.SharedCacheMode[5]
      name = "ALL"
      ordinal = 0
    NONE = class javax.persistence.SharedCacheMode@32cd4d63
      ALL = class javax.persistence.SharedCacheMode@13ae720c
      NONE = class javax.persistence.SharedCacheMode@32cd4d63
      ENABLE_SELECTIVE = class javax.persistence.SharedCacheMode@77a699de
      DISABLE_SELECTIVE = class javax.persistence.SharedCacheMode@75abc083
      UNSPECIFIED = class javax.persistence.SharedCacheMode@2a6f6089
      $VALUES = class javax.persistence.SharedCacheMode[5]
      name = "NONE"
      ordinal = 1
    ENABLE_SELECTIVE = class javax.persistence.SharedCacheMode@77a699de
      ALL = class javax.persistence.SharedCacheMode@13ae720c
      NONE = class javax.persistence.SharedCacheMode@32cd4d63
      ENABLE_SELECTIVE = class javax.persistence.SharedCacheMode@77a699de
      DISABLE_SELECTIVE = class javax.persistence.SharedCacheMode@75abc083
      UNSPECIFIED = class javax.persistence.SharedCacheMode@2a6f6089
      $VALUES = class javax.persistence.SharedCacheMode[5]
      name = "ENABLE_SELECTIVE"
      ordinal = 2
    DISABLE_SELECTIVE = class javax.persistence.SharedCacheMode@75abc083
      ALL = class javax.persistence.SharedCacheMode@13ae720c
      NONE = class javax.persistence.SharedCacheMode@32cd4d63
      ENABLE_SELECTIVE = class javax.persistence.SharedCacheMode@77a699de
      DISABLE_SELECTIVE = class javax.persistence.SharedCacheMode@75abc083
      UNSPECIFIED = class javax.persistence.SharedCacheMode@2a6f6089
      $VALUES = class javax.persistence.SharedCacheMode[5]
      name = "DISABLE_SELECTIVE"
      ordinal = 3
    UNSPECIFIED = class javax.persistence.SharedCacheMode@2a6f6089
    $VALUES = class javax.persistence.SharedCacheMode[5]
      SharedCacheMode[0] = class javax.persistence.SharedCacheMode@13ae720c
      SharedCacheMode[1] = class javax.persistence.SharedCacheMode@32cd4d63
      SharedCacheMode[2] = class javax.persistence.SharedCacheMode@77a699de
      SharedCacheMode[3] = class javax.persistence.SharedCacheMode@75abc083
      SharedCacheMode[4] = class javax.persistence.SharedCacheMode@2a6f6089
    name = "UNSPECIFIED"
    ordinal = 4
  ivValidationMode = null
  ivEMFactory = null
  ivEMFactoryException = null
  ivCreateEMFAllowed = true
  ivEMFMap = null
  ivEMPoolMap = class java.util.HashMap@4503fd82
    serialVersionUID = 362498820763181265
    DEFAULT_INITIAL_CAPACITY = 16
    MAXIMUM_CAPACITY = 1073741824
    DEFAULT_LOAD_FACTOR = 0.75
    TREEIFY_THRESHOLD = 8
    UNTREEIFY_THRESHOLD = 6
    MIN_TREEIFY_CAPACITY = 64
    table = null
    entrySet = null
    size = 0
    modCount = 0
    threshold = 0
    loadFactor = 0.75
    keySet = null
    values = null
  ivEMPoolCapacity = -1
  transformExclusionRegEx = class java.lang.String[2]
    String[0] = ".*_(Stub|Tie)$"
    String[1] = ".*_(\p{XDigit}){8}$"
  transformExclusionPatterns = class java.util.regex.Pattern[2]
    Pattern[0] = class java.util.regex.Pattern@2418614
      UNIX_LINES = 1
      CASE_INSENSITIVE = 2
      COMMENTS = 4
      MULTILINE = 8
      LITERAL = 16
      DOTALL = 32
      UNICODE_CASE = 64
      CANON_EQ = 128
      UNICODE_CHARACTER_CLASS = 256
      serialVersionUID = 5073258162644648461
      pattern = ".*_(Stub|Tie)$"
      flags = 0
      compiled = true
      normalizedPattern = ".*_(Stub|Tie)$"
      root = class java.util.regex.Pattern$Start@55ae95ad
      matchRoot = class java.util.regex.Pattern$Curly@6a85ef29
      buffer = null
      namedGroups = null
      groupNodes = null
      temp = null
      capturingGroupCount = 2
      localCount = 1
      cursor = 14
      patternLength = 0
      hasSupplementary = false
      MAX_REPS = 2147483647
      GREEDY = 0
      LAZY = 1
      POSSESSIVE = 2
      INDEPENDENT = 3
      lookbehindEnd = class java.util.regex.Pattern$4@28fb124
      accept = class java.util.regex.Pattern$Node@537def91
      lastAccept = class java.util.regex.Pattern$LastNode@2900bd29
      $assertionsDisabled = true
    Pattern[1] = class java.util.regex.Pattern@4c8d83cc
      UNIX_LINES = 1
      CASE_INSENSITIVE = 2
      COMMENTS = 4
      MULTILINE = 8
      LITERAL = 16
      DOTALL = 32
      UNICODE_CASE = 64
      CANON_EQ = 128
      UNICODE_CHARACTER_CLASS = 256
      serialVersionUID = 5073258162644648461
      pattern = ".*_(\p{XDigit}){8}$"
      flags = 0
      compiled = true
      normalizedPattern = ".*_(\p{XDigit}){8}$"
      root = class java.util.regex.Pattern$Start@267b8f98
      matchRoot = class java.util.regex.Pattern$Curly@6ca21757
      buffer = null
      namedGroups = null
      groupNodes = null
      temp = null
      capturingGroupCount = 2
      localCount = 1
      cursor = 19
      patternLength = 0
      hasSupplementary = false
      MAX_REPS = 2147483647
      GREEDY = 0
      LAZY = 1
      POSSESSIVE = 2
      INDEPENDENT = 3
      lookbehindEnd = class java.util.regex.Pattern$4@28fb124
      accept = class java.util.regex.Pattern$Node@537def91
      lastAccept = class java.util.regex.Pattern$LastNode@2900bd29
      $assertionsDisabled = true

