------Start of DE processing------ = [4/2/21 20:24:35:268 EDT]
Exception = com.ibm.ws.container.service.state.StateChangeException
Source = com.ibm.ws.app.manager.module.internal.SimpleDeployedAppInfoBase
probeid = 548
Stack Dump = com.ibm.ws.container.service.state.StateChangeException: java.lang.IllegalStateException: CWWJP0051E: Unable to locate any default persistence provider in the server configuration.  To configure a default persistence provider, use the <jpa defaultPersistenceProvider="com.acme.PersistenceProviderImpl"/> configuration, or enable the bells-1.0 feature and configure a <bell> for the <library> containing the JPA provider. 
	at com.ibm.ws.container.service.state.internal.ApplicationStateManager.fireStarting(ApplicationStateManager.java:55)
	at com.ibm.ws.container.service.state.internal.StateChangeServiceImpl.fireApplicationStarting(StateChangeServiceImpl.java:50)
	at com.ibm.ws.app.manager.module.internal.SimpleDeployedAppInfoBase.preDeployApp(SimpleDeployedAppInfoBase.java:547)
	at com.ibm.ws.app.manager.module.internal.SimpleDeployedAppInfoBase.installApp(SimpleDeployedAppInfoBase.java:508)
	at com.ibm.ws.app.manager.module.internal.DeployedAppInfoBase.deployApp(DeployedAppInfoBase.java:349)
	at com.ibm.ws.app.manager.war.internal.WARApplicationHandlerImpl.install(WARApplicationHandlerImpl.java:65)
	at com.ibm.ws.app.manager.internal.statemachine.StartAction.execute(StartAction.java:149)
	at com.ibm.ws.app.manager.internal.statemachine.ApplicationStateMachineImpl.enterState(ApplicationStateMachineImpl.java:1352)
	at com.ibm.ws.app.manager.internal.statemachine.ApplicationStateMachineImpl.run(ApplicationStateMachineImpl.java:897)
	at com.ibm.ws.threading.internal.ExecutorServiceImpl$RunnableWrapper.run(ExecutorServiceImpl.java:238)
	at java.util.concurrent.ThreadPoolExecutor.runWorker(ThreadPoolExecutor.java:1149)
	at java.util.concurrent.ThreadPoolExecutor$Worker.run(ThreadPoolExecutor.java:624)
	at java.lang.Thread.run(Thread.java:748)
Caused by: java.lang.IllegalStateException: CWWJP0051E: Unable to locate any default persistence provider in the server configuration.  To configure a default persistence provider, use the <jpa defaultPersistenceProvider="com.acme.PersistenceProviderImpl"/> configuration, or enable the bells-1.0 feature and configure a <bell> for the <library> containing the JPA provider. 
	at com.ibm.ws.jpa.container.thirdparty.ThirdPartyJPAProvider.getProviderClassName(ThirdPartyJPAProvider.java:71)
	at com.ibm.ws.jpa.container.osgi.internal.JPAComponentImpl.getDefaultJPAProviderClassName(JPAComponentImpl.java:650)
	at com.ibm.ws.jpa.management.JPAPUnitInfo.setPersistenceProviderClassName(JPAPUnitInfo.java:276)
	at com.ibm.ws.jpa.management.JPAPxmlInfo.extractPersistenceUnits(JPAPxmlInfo.java:108)
	at com.ibm.ws.jpa.management.JPAScopeInfo.processPersistenceUnit(JPAScopeInfo.java:88)
	at com.ibm.ws.jpa.management.JPAApplInfo.addPersistenceUnits(JPAApplInfo.java:119)
	at com.ibm.ws.jpa.container.osgi.internal.JPAComponentImpl.processWebModulePersistenceXml(JPAComponentImpl.java:518)
	at com.ibm.ws.jpa.container.osgi.internal.JPAComponentImpl.applicationStarting(JPAComponentImpl.java:305)
	at com.ibm.ws.container.service.state.internal.ApplicationStateManager.fireStarting(ApplicationStateManager.java:51)
	... 12 more

Dump of callerThis
Object type = com.ibm.ws.app.manager.war.internal.WARDeployedAppInfo
  CONTEXT_ROOT = "context-root"
  webContainerModuleInfo = class com.ibm.ws.app.manager.module.internal.SimpleDeployedAppInfoBase$WebModuleContainerInfo@5f8eb230
    contextRoot = "/"
    defaultContextRoot = "FlightLogix"
    serialVersionUID = 4617657913043497664
    $$$tc$$$ = class com.ibm.websphere.ras.TraceComponent@5be716a8
      strings[0] = "TraceComponent[com.ibm.ws.app.manager.module.internal.SimpleDeployedAppInfoBase$WebModuleContainerInfo,class com.ibm.ws.app.manager.module.internal.SimpleDeployedAppInfoBase$WebModuleContainerInfo,[applications, app.manager],null,null]"
    moduleHandler = class com.ibm.ws.app.manager.web.internal.WebModuleHandlerImpl@54db94
      serialVersionUID = 4795602325763828210
      $$$tc$$$ = class com.ibm.websphere.ras.TraceComponent@60c1e123
      futureMonitor = class com.ibm.ws.threading.internal.FutureMonitorImpl@16824ca7
      metaDataService = class com.ibm.ws.container.service.metadata.internal.MetaDataServiceImpl@3034174c
      stateChangeService = class com.ibm.ws.container.service.state.internal.StateChangeServiceImpl@5984677c
      moduleRuntimeContainer = class com.ibm.ws.webcontainer.osgi.WebContainer@4d391ead
      firstFailure = null
      serialVersionUID = -4563697739413190872
      $$$tc$$$ = class com.ibm.websphere.ras.TraceComponent@751ce725
    moduleMetaDataExtenders = class java.util.Collections$UnmodifiableRandomAccessList@e651452
      serialVersionUID = -2542308836966382001
      serialVersionUID = -283967356065247728
      list = class java.util.concurrent.CopyOnWriteArrayList@80c02cc
      serialVersionUID = 1820017752578914078
      c = class java.util.concurrent.CopyOnWriteArrayList@80c02cc
    nestedModuleMetaDataFactories = class java.util.Collections$UnmodifiableRandomAccessList@fa7c1fd
      serialVersionUID = -2542308836966382001
      serialVersionUID = -283967356065247728
      list = class java.util.concurrent.CopyOnWriteArrayList@606de46d
      serialVersionUID = 1820017752578914078
      c = class java.util.concurrent.CopyOnWriteArrayList@606de46d
    nestedModules = null
    moduleName = "FlightLogix"
    moduleDD = class com.ibm.ws.javaee.ddmodel.web.common.WebAppType@63bbd36e
      version = class com.ibm.ws.javaee.ddmodel.TokenType@65c6972b
      metadata_complete = null
      module_name = null
      absolute_ordering = null
      serialVersionUID = 4092807504738198665
      $$$tc$$$ = class com.ibm.websphere.ras.TraceComponent@3b9960c8
      description = null
      display_name = class com.ibm.ws.javaee.ddmodel.common.DisplayNameType$ListType@1fbca1d7
      icon = null
      distributable = null
      context_param = null
      filter = null
      filter_mapping = null
      listener = null
      servlet = null
      servlet_mapping = null
      session_config = null
      mime_mapping = null
      welcome_file_list = class com.ibm.ws.javaee.ddmodel.web.common.WelcomeFileListType@593e8a17
      error_page = null
      jsp_config = null
      security_constraint = null
      deny_uncovered_http_methods = null
      login_config = null
      security_role = null
      message_destination = null
      locale_encoding_mapping_list = null
      default_context_path = null
      request_encoding = null
      response_encoding = null
      servletNameToServletMap = null
      filterNameToFilterMap = null
      ejbRefNameToEJBLocalRefMap = null
      ejbRefNameToEJBRefMap = null
      resourceEnvRefNameToResourceEnvRefMap = null
      messageDestinationRefNameToMessageDestinationRefMap = null
      resRefNameToResourceRefMap = null
      envEntryNameToEnvEntryMap = null
      roleNameToSecurityRoleMap = null
      roleLinkToSecurityRoleRefMap = null
      handlerNameToHandlerMap = null
      path = "WEB-INF/web.xml"
      idMap = class com.ibm.ws.javaee.ddmodel.DDParser$ComponentIDMap@194accdb
      serialVersionUID = 5321339975883512588
      $$$tc$$$ = class com.ibm.websphere.ras.TraceComponent@40f672b0
      post_construct = null
      pre_destroy = null
      serialVersionUID = 1102064201943992836
      $$$tc$$$ = class com.ibm.websphere.ras.TraceComponent@202ceb7f
      env_entry = null
      ejb_ref = null
      ejb_local_ref = null
      resource_ref = null
      resource_env_ref = null
      message_destination_ref = null
      persistence_context_ref = null
      persistence_unit_ref = null
      data_source = null
      jms_connection_factory = null
      jms_destination = null
      mail_session = null
      connection_factory = null
      administered_object = null
      serialVersionUID = 8931982405528922228
      $$$tc$$$ = class com.ibm.websphere.ras.TraceComponent@795d5fd1
      service_ref = null
      serialVersionUID = -6199862059825607270
      $$$tc$$$ = class com.ibm.websphere.ras.TraceComponent@61635ef8
      nilled = false
      serialVersionUID = -2826386306561723362
      $$$tc$$$ = class com.ibm.websphere.ras.TraceComponent@6e41cf6d
    moduleInfo = class com.ibm.ws.app.manager.module.internal.WebModuleInfoImpl@552eec03
      contextRoot = "/"
      isDefaultContextRootUsed = false
      defaultContextRoot = "FlightLogix"
      serialVersionUID = -6699247856069243844
      $$$tc$$$ = class com.ibm.websphere.ras.TraceComponent@4aa9eac2
      tc = class com.ibm.websphere.ras.TraceComponent@4d6dd4cf
      appInfo = class com.ibm.ws.container.service.app.deploy.internal.ApplicationInfoImpl@32cf375d
      moduleName = "FlightLogix"
      path = "FlightLogix.war"
      moduleContainer = class com.ibm.ws.adaptable.module.internal.AdaptableContainerImpl@36e260de
      altDDEntry = null
      moduleClassesContainers = class java.util.ArrayList@26743905
      classLoaderFactory = class com.ibm.ws.app.manager.war.internal.WARDeployedAppInfo@7126d0f5
      containerInfoType = class com.ibm.ws.container.service.app.deploy.ContainerInfo$Type@157ad1
      classLoader = class com.ibm.ws.classloading.internal.AppClassLoader@120750de
      moduleMetaData = class com.ibm.ws.webcontainer.osgi.metadata.WebModuleMetaDataImpl@45254e8
      nestedModuleMetaDataTypes = null
      nestedModuleMetaDataValues = null
      serialVersionUID = 3986734351620206554
    serialVersionUID = 5122721995888983779
    $$$tc$$$ = class com.ibm.websphere.ras.TraceComponent@67ddd832
      strings[0] = "TraceComponent[com.ibm.ws.app.manager.module.internal.SimpleDeployedAppInfoBase$ModuleContainerInfoBase,class com.ibm.ws.app.manager.module.internal.SimpleDeployedAppInfoBase$ModuleContainerInfoBase,[applications, app.manager],null,null]"
    type = class com.ibm.ws.container.service.app.deploy.ContainerInfo$Type@157ad1
      MANIFEST_CLASSPATH = class com.ibm.ws.container.service.app.deploy.ContainerInfo$Type@46202491
      WEB_INF_CLASSES = class com.ibm.ws.container.service.app.deploy.ContainerInfo$Type@10548cd3
      WEB_INF_LIB = class com.ibm.ws.container.service.app.deploy.ContainerInfo$Type@1f1813e
      EAR_LIB = class com.ibm.ws.container.service.app.deploy.ContainerInfo$Type@4382bdb
      WEB_MODULE = class com.ibm.ws.container.service.app.deploy.ContainerInfo$Type@157ad1
      EJB_MODULE = class com.ibm.ws.container.service.app.deploy.ContainerInfo$Type@437b9361
      CLIENT_MODULE = class com.ibm.ws.container.service.app.deploy.ContainerInfo$Type@777dadc9
      RAR_MODULE = class com.ibm.ws.container.service.app.deploy.ContainerInfo$Type@7a883a69
      JAR_MODULE = class com.ibm.ws.container.service.app.deploy.ContainerInfo$Type@3fabb010
      SHARED_LIB = class com.ibm.ws.container.service.app.deploy.ContainerInfo$Type@2054dc1f
      $VALUES = class com.ibm.ws.container.service.app.deploy.ContainerInfo$Type[10]
      name = "WEB_MODULE"
      ordinal = 4
    name = "FlightLogix.war"
    container = class com.ibm.ws.adaptable.module.internal.AdaptableContainerImpl@36e260de
    moduleClassLoaderFactory = class com.ibm.ws.app.manager.war.internal.WARDeployedAppInfo@7126d0f5
    altDDEntry = null
    classesContainerInfo = class java.util.ArrayList@26743905
      serialVersionUID = 8683452581122892189
      DEFAULT_CAPACITY = 10
      EMPTY_ELEMENTDATA = class java.lang.Object[0]
      DEFAULTCAPACITY_EMPTY_ELEMENTDATA = class java.lang.Object[0]
      elementData = class java.lang.Object[15]
      size = 13
      MAX_ARRAY_SIZE = 2147483639
      modCount = 14
      MAX_ARRAY_SIZE = 2147483639
    serialVersionUID = 4636874131959542427
    $$$tc$$$ = class com.ibm.websphere.ras.TraceComponent@4d4e47b8
      strings[0] = "TraceComponent[com.ibm.ws.app.manager.module.internal.SimpleDeployedAppInfoBase$ExtendedContainerInfo,class com.ibm.ws.app.manager.module.internal.SimpleDeployedAppInfoBase$ExtendedContainerInfo,[applications, app.manager],null,null]"
  DYNAMIC_IMPORT_PACKAGE_LIST = class java.util.Collections$UnmodifiableRandomAccessList@3d241051
    serialVersionUID = -2542308836966382001
    serialVersionUID = -283967356065247728
    list = class java.util.Arrays$ArrayList@784157e6
      serialVersionUID = -2764017481108945198
      a = class java.lang.String[1]
      modCount = 0
      MAX_ARRAY_SIZE = 2147483639
    serialVersionUID = 1820017752578914078
    c = class java.util.Arrays$ArrayList@784157e6
  serialVersionUID = 6176035338244935179
  $$$tc$$$ = class com.ibm.websphere.ras.TraceComponent@6fb1285d
    strings[0] = "TraceComponent[com.ibm.ws.app.manager.war.internal.WARDeployedAppInfo,class com.ibm.ws.app.manager.war.internal.WARDeployedAppInfo,[webcontainer, applications, app.manager],com.ibm.ws.app.manager.war.internal.resources.Messages,null]"
  _tc = class com.ibm.websphere.ras.TraceComponent@89a24c0
    strings[0] = "TraceComponent[com.ibm.ws.app.manager.module.internal.DeployedAppInfoBase,class com.ibm.ws.app.manager.module.internal.DeployedAppInfoBase,[app.manager],com.ibm.ws.app.manager.module.internal.resources.Messages,null]"
  PERMISSION_XML = "permissions.xml"
  applicationInformation = class com.ibm.ws.app.manager.internal.ApplicationInstallInfo@4293f5f1
    _config = class com.ibm.ws.app.manager.internal.ApplicationConfig@9ad5721
      tc = class com.ibm.websphere.ras.TraceComponent@3be80a79
      _configPid = "com.ibm.ws.app.manager_19"
      _config = class com.ibm.ws.config.admin.ConfigurationDictionary@7c644d6c
      _applicationManager = class com.ibm.ws.app.manager.ApplicationManager@581ab292
      _location = "FlightLogix.war"
      _type = "war"
      _name = "FlightLogix"
      _notificationBroadcasterSupport = class javax.management.NotificationBroadcasterSupport@1d1d52d9
      ONE_TIME_JANDEX_MSGS_DISPLAYED = true
      serialVersionUID = -2151423388299667431
    _handlerInfo = class java.util.concurrent.atomic.AtomicReference@1264e7e0
      serialVersionUID = -1848883965231344442
      unsafe = class sun.misc.Unsafe@7499cf54
      valueOffset = 12
      value = class com.ibm.ws.app.manager.war.internal.WARDeployedAppInfo@7126d0f5
    _container = class java.util.concurrent.atomic.AtomicReference@6db18c31
      serialVersionUID = -1848883965231344442
      unsafe = class sun.misc.Unsafe@7499cf54
      valueOffset = 12
      value = class com.ibm.ws.adaptable.module.internal.AdaptableContainerImpl@36e260de
    _resolvedLocation = class java.util.concurrent.atomic.AtomicReference@3050c00b
      serialVersionUID = -1848883965231344442
      unsafe = class sun.misc.Unsafe@7499cf54
      valueOffset = 12
      value = class com.ibm.ws.kernel.service.location.internal.LocalFileResource@357cd7b8
    _handler = class com.ibm.ws.app.manager.war.internal.WARApplicationHandlerImpl@53279d7f
      futureMonitor = class com.ibm.ws.threading.internal.FutureMonitorImpl@16824ca7
      deployedAppFactory = class com.ibm.ws.app.manager.war.internal.WARDeployedAppInfoFactoryImpl@425d0143
      serialVersionUID = 4622845147410944782
      $$$tc$$$ = class com.ibm.websphere.ras.TraceComponent@7a7c0294
    _ami = class java.util.concurrent.atomic.AtomicReference@66493b1c
      serialVersionUID = -1848883965231344442
      unsafe = class sun.misc.Unsafe@7499cf54
      valueOffset = 12
      value = class com.ibm.wsspi.application.handler.DefaultApplicationMonitoringInformation@617e41cb
    _updateHandler = class com.ibm.ws.app.manager.internal.statemachine.ApplicationStateMachineImpl@778f3e0
      _tc = class com.ibm.websphere.ras.TraceComponent@15d8b0aa
      EMPTY_FUTURE_ARRAY = interface java.util.concurrent.Future[0]
      asmSequenceNumber = class java.util.concurrent.atomic.AtomicLong@4124b33c
      _qscaCounter = class java.util.concurrent.atomic.AtomicInteger@5247c2ca
      _failedThrowable = null
      _interruptibleLock = class com.ibm.ws.app.manager.internal.statemachine.ApplicationStateMachineImpl$2@56244b51
      _interruptible = false
      _performingQueuedActions = true
      _queuedActions = class java.util.concurrent.ConcurrentLinkedQueue@7c590fcf
      _callbackState = class java.util.concurrent.atomic.AtomicReference@1800ee2b
      blockAppStartingFutures = class java.util.Collections$SetFromMap@74bd3e73
      waitingForAppHandlerFuture = class java.util.concurrent.atomic.AtomicReference@b78d76
      waitingForExplicitStartFuture = class java.util.concurrent.atomic.AtomicReference@3424ddd8
      startAfterFutures = class java.util.Collections$SetFromMap@2bca0cc1
      completionListener = class java.util.concurrent.atomic.AtomicReference@3619e16d
      _notifyAppStopped = class java.util.concurrent.ConcurrentLinkedQueue@a7916e5
      _notifyAppStarting = class java.util.concurrent.ConcurrentLinkedQueue@1821c06f
      _notifyAppInstallCalled = class java.util.concurrent.ConcurrentLinkedQueue@63f67bae
      _notifyAppStarted = class java.util.concurrent.ConcurrentLinkedQueue@1a9dfc34
      _notifyAppRemoved = class java.util.concurrent.ConcurrentLinkedQueue@58911fbc
      _stateLock = class com.ibm.ws.app.manager.internal.statemachine.ApplicationStateMachineImpl$3@4e258e79
      _internalState = class java.util.concurrent.atomic.AtomicReference@1e5eb718
      _currentAction = class java.util.concurrent.atomic.AtomicReference@6b5784bb
      _rfa = class java.util.concurrent.atomic.AtomicReference@3beb0a92
      _appInstallInfo = class java.util.concurrent.atomic.AtomicReference@595f1dd0
      _update = class java.util.concurrent.atomic.AtomicBoolean@32d29794
      _appConfig = class java.util.concurrent.atomic.AtomicReference@65f7af29
      _nextAppConfig = class java.util.concurrent.atomic.AtomicReference@62b969f
      _appContainer = class java.util.concurrent.atomic.AtomicReference@27bbaa17
      _resolvedLocation = class java.util.concurrent.atomic.AtomicReference@1f3e743
      _handler = class java.util.concurrent.atomic.AtomicReference@59259eb3
      _asmSeqNo = 0
      _ctx = class org.eclipse.osgi.internal.framework.BundleContextImpl@21733c63
      _locAdmin = class com.ibm.ws.kernel.service.location.internal.WsLocationAdminImpl@3607466
      _futureMonitor = class com.ibm.ws.threading.internal.FutureMonitorImpl@16824ca7
      _artifactFactory = class com.ibm.ws.artifact.internal.ArtifactContainerFactoryService@2ccd31f1
      _moduleFactory = class com.ibm.ws.adaptable.module.internal.AdaptableModuleFactoryImpl@7103c5a5
      _executorService = class com.ibm.ws.threading.internal.ExecutorServiceImpl@79f18d0f
      _scheduledExecutorService = class com.ibm.ws.threading.internal.ScheduledExecutorImpl@6726b48d
      _asmHelper = class com.ibm.ws.app.manager.internal.ApplicationConfigurator$NamedApplication@4e1211be
      _appMonitor = class com.ibm.ws.app.manager.internal.monitor.ApplicationMonitor@12036edc
      enterStateCalled = class java.util.concurrent.atomic.AtomicBoolean@12c0fbbe
      serialVersionUID = 7990273947104993494
      serialVersionUID = 300267208965883056
      $$$tc$$$ = class com.ibm.websphere.ras.TraceComponent@1704a7e3
    serialVersionUID = 2630639237123415755
    $$$tc$$$ = class com.ibm.websphere.ras.TraceComponent@5d843fb2
      strings[0] = "TraceComponent[com.ibm.ws.app.manager.internal.ApplicationInstallInfo,class com.ibm.ws.app.manager.internal.ApplicationInstallInfo,[applications, app.manager],com.ibm.ws.app.manager.internal.resources.AppManagerMessages,null]"
  location = "C:\Users\felix\Desktop\FlightLogix\FlightLogix\target\liberty\wlp\usr\servers\FlightLogixServer\apps\FlightLogix.war.xml"
  classLoadingService = class com.ibm.ws.classloading.internal.ClassLoadingServiceImpl@b592dfc
    tc = class com.ibm.websphere.ras.TraceComponent@1581c1c0
      strings[0] = "TraceComponent[com.ibm.ws.classloading.internal.ClassLoadingServiceImpl,class com.ibm.ws.classloading.internal.ClassLoadingServiceImpl,[ClassLoadingService],com.ibm.ws.classloading.internal.resources.ClassLoadingServiceMessages,null]"
    leakDetectionMap = class java.util.HashMap@69f6fb7e
      serialVersionUID = 362498820763181265
      DEFAULT_INITIAL_CAPACITY = 16
      MAXIMUM_CAPACITY = 1073741824
      DEFAULT_LOAD_FACTOR = 0.75
      TREEIFY_THRESHOLD = 8
      UNTREEIFY_THRESHOLD = 6
      MIN_TREEIFY_CAPACITY = 64
      table = null
      entrySet = null
      size = 0
      modCount = 0
      threshold = 0
      loadFactor = 0.75
      keySet = null
      values = null
    appClassLoaders = class java.util.Collections$SetFromMap@6aad45ae
      m = class java.util.WeakHashMap@4b291a60
      s = class java.util.WeakHashMap$KeySet@26a276b6
      serialVersionUID = 2454657854757543876
      MAX_ARRAY_SIZE = 2147483639
    TCCL_LOCK_WAIT = 15000
    REFERENCE_GENERATORS = "generators"
    bundleContext = class org.eclipse.osgi.internal.framework.BundleContextImpl@410d0ae7
      findHookName = "org.osgi.framework.hooks.bundle.FindHook"
      valid = true
      bundle = class org.eclipse.osgi.internal.framework.EquinoxBundle@29efb6f1
      container = class org.eclipse.osgi.internal.framework.EquinoxContainer@4c3ec513
      debug = class org.eclipse.osgi.internal.debug.Debug@4a1c6f2a
      servicesInUse = class java.util.HashMap@1fd9420
      activator = null
      contextLock = class java.lang.Object@280d74e5
    aclStore = class com.ibm.ws.classloading.internal.util.CanonicalStore@33d37158
      map = class java.util.concurrent.ConcurrentHashMap@3ddd97ab
      q = class com.ibm.ws.classloading.internal.util.RefQueue@4f25b179
      serialVersionUID = 6715157558227169968
      $$$tc$$$ = class com.ibm.websphere.ras.TraceComponent@ab40b84
    tcclStore = class com.ibm.ws.classloading.internal.util.CanonicalStore@6da04157
      map = class java.util.concurrent.ConcurrentHashMap@5e43225b
      q = class com.ibm.ws.classloading.internal.util.RefQueue@57998b0d
      serialVersionUID = 6715157558227169968
      $$$tc$$$ = class com.ibm.websphere.ras.TraceComponent@ab40b84
    tcclStoreLock = class java.util.concurrent.locks.ReentrantLock@6da0e978
      serialVersionUID = 7373984872572414699
      sync = class java.util.concurrent.locks.ReentrantLock$NonfairSync@3615a22d
    digraph = class org.eclipse.equinox.internal.region.StandardRegionDigraph@33b61b06
      EMPTY_EDGE_SET = class java.util.Collections$UnmodifiableSet@1c89e234
      monitor = class java.lang.Object@5d3d8c9d
      regions = class java.util.HashMap@1998e1a8
      bundleIdToRegionMapping = class org.eclipse.equinox.internal.region.StandardBundleIdToRegionMapping@79c17111
      edges = class java.util.HashMap@2a0aa45f
      bundleContext = class org.eclipse.osgi.internal.framework.BundleContextImpl@149dd36b
      threadLocal = class java.lang.ThreadLocal@1be29ce7
      subgraphTraverser = class org.eclipse.equinox.internal.region.SubgraphTraverser@4529bb92
      bundleCollisionHook = class org.eclipse.equinox.internal.region.hook.RegionBundleCollisionHook@371213df
      bundleEventHook = class org.eclipse.equinox.internal.region.hook.RegionBundleEventHook@4845713e
      bundleFindHook = class org.eclipse.equinox.internal.region.hook.RegionBundleFindHook@47cfc975
      serviceEventHook = class org.eclipse.equinox.internal.region.hook.RegionServiceEventHook@4fb21f35
      serviceFindHook = class org.eclipse.equinox.internal.region.hook.RegionServiceFindHook@681961f7
      resolverHookFactory = class org.eclipse.equinox.internal.region.hook.RegionResolverHookFactory@b36314b
      origin = null
      originUpdateCount = -1
      updateCount = class java.util.concurrent.atomic.AtomicLong@328bd539
      defaultRegion = null
    redefiner = class com.ibm.ws.classloading.internal.util.ClassRedefiner@1bc7e599
      tc = class com.ibm.websphere.ras.TraceComponent@7a9f0d20
      LS = "
"
      inst = class com.sun.proxy.$Proxy0@270d545c
      serialVersionUID = 2420101865139508526
    listener = class com.ibm.ws.classloading.internal.ClassLoadingServiceImpl$1@7482a54f
      this$0 = class com.ibm.ws.classloading.internal.ClassLoadingServiceImpl@b592dfc
      serialVersionUID = -9159707349812113172
      $$$tc$$$ = class com.ibm.websphere.ras.TraceComponent@57afbe91
    classloaders = class java.util.Collections$SynchronizedMap@1e03698e
      serialVersionUID = 1978198479659022715
      m = class java.util.HashMap@1e847865
      mutex = class java.util.Collections$SynchronizedMap@1e03698e
      keySet = null
      entrySet = null
      values = null
    resourceProviders = class com.ibm.ws.classloading.internal.CompositeResourceProvider@1d6e2f63
      lockFactory = class java.util.concurrent.locks.ReentrantReadWriteLock@12e68c4
      providerMap = class com.ibm.ws.classloading.internal.util.MultiMap@501fd785
      serialVersionUID = -5576435894946156347
      $$$tc$$$ = class com.ibm.websphere.ras.TraceComponent@726bef78
    rememberedBundles = class java.util.concurrent.ConcurrentHashMap@3921ea7a
      serialVersionUID = 7249069246763182397
      MAXIMUM_CAPACITY = 1073741824
      DEFAULT_CAPACITY = 16
      MAX_ARRAY_SIZE = 2147483639
      DEFAULT_CONCURRENCY_LEVEL = 16
      LOAD_FACTOR = 0.75
      TREEIFY_THRESHOLD = 8
      UNTREEIFY_THRESHOLD = 6
      MIN_TREEIFY_CAPACITY = 64
      MIN_TRANSFER_STRIDE = 16
      RESIZE_STAMP_BITS = 16
      MAX_RESIZERS = 65535
      RESIZE_STAMP_SHIFT = 16
      MOVED = -1
      TREEBIN = -2
      RESERVED = -3
      HASH_BITS = 2147483647
      NCPU = 8
      serialPersistentFields = class java.io.ObjectStreamField[3]
      table = class java.util.concurrent.ConcurrentHashMap$Node[16]
      nextTable = null
      baseCount = 1
      sizeCtl = 12
      transferIndex = 0
      cellsBusy = 0
      counterCells = null
      keySet = null
      values = null
      entrySet = null
      U = class sun.misc.Unsafe@7499cf54
      SIZECTL = 20
      TRANSFERINDEX = 32
      BASECOUNT = 24
      CELLSBUSY = 36
      CELLVALUE = 144
      ABASE = 16
      ASHIFT = 2
      keySet = null
      values = null
    collectedBundles = class java.lang.ref.ReferenceQueue@58e888cc
      NULL = class java.lang.ref.ReferenceQueue$Null@1d75464f
      ENQUEUED = class java.lang.ref.ReferenceQueue$Null@34da5ff2
      lock = class java.lang.ref.ReferenceQueue$Lock@675f39be
      head = null
      queueLength = 0
      $assertionsDisabled = true
    generatorRefs = class com.ibm.wsspi.kernel.service.utils.ConcurrentServiceReferenceSet@5da2c546
      referenceName = "generators"
      contextRef = class java.util.concurrent.atomic.AtomicReference@3d5faf8b
      elementMap = class java.util.LinkedHashMap@35d2b2fe
      elementSet = class java.util.concurrent.ConcurrentSkipListSet@7830afac
      elementSetUnsorted = false
      serialVersionUID = 756240983881166148
      $$$tc$$$ = class com.ibm.websphere.ras.TraceComponent@85584a4
    generatorManager = class com.ibm.ws.classloading.internal.ClassGeneratorManager@31dbfca6
      tc = class com.ibm.websphere.ras.TraceComponent@35fb2d85
      generatorRefs = class com.ibm.wsspi.kernel.service.utils.ConcurrentServiceReferenceSet@5da2c546
      serialVersionUID = 4152663586056483310
    appExtLibs = class java.util.concurrent.CopyOnWriteArrayList@71fa2dd
      serialVersionUID = 8673264195747942595
      lock = class java.util.concurrent.locks.ReentrantLock@c969cb8
      array = class java.lang.Object[0]
      UNSAFE = class sun.misc.Unsafe@7499cf54
      lockOffset = 12
    globalConfig = class com.ibm.ws.classloading.configuration.GlobalClassloadingConfiguration@1b2de41a
      properties = class org.apache.felix.scr.impl.helper.ReadOnlyDictionary@18e21031
      serialVersionUID = 452562347104713756
      $$$tc$$$ = class com.ibm.websphere.ras.TraceComponent@728c58ba
    metaInfServicesProviders = class java.util.concurrent.ConcurrentHashMap@506e8acc
      serialVersionUID = 7249069246763182397
      MAXIMUM_CAPACITY = 1073741824
      DEFAULT_CAPACITY = 16
      MAX_ARRAY_SIZE = 2147483639
      DEFAULT_CONCURRENCY_LEVEL = 16
      LOAD_FACTOR = 0.75
      TREEIFY_THRESHOLD = 8
      UNTREEIFY_THRESHOLD = 6
      MIN_TREEIFY_CAPACITY = 64
      MIN_TRANSFER_STRIDE = 16
      RESIZE_STAMP_BITS = 16
      MAX_RESIZERS = 65535
      RESIZE_STAMP_SHIFT = 16
      MOVED = -1
      TREEBIN = -2
      RESERVED = -3
      HASH_BITS = 2147483647
      NCPU = 8
      serialPersistentFields = class java.io.ObjectStreamField[3]
      table = null
      nextTable = null
      baseCount = 0
      sizeCtl = 0
      transferIndex = 0
      cellsBusy = 0
      counterCells = null
      keySet = null
      values = null
      entrySet = null
      U = class sun.misc.Unsafe@7499cf54
      SIZECTL = 20
      TRANSFERINDEX = 32
      BASECOUNT = 24
      CELLSBUSY = 36
      CELLVALUE = 144
      ABASE = 16
      ASHIFT = 2
      keySet = null
      values = null
    metaInfServicesRefs = class com.ibm.wsspi.kernel.service.utils.ConcurrentServiceReferenceMap@3e3e72ab
      referenceName = "MetaInfServicesProvider"
      context = class org.apache.felix.scr.impl.manager.ComponentContextImpl@7d333a80
      elementMap = class java.util.concurrent.ConcurrentHashMap@53be695c
      serialVersionUID = 6980924785166233786
      $$$tc$$$ = class com.ibm.websphere.ras.TraceComponent@2786ac8a
    protectionDomainMap = class java.util.HashMap@44cd36fb
      serialVersionUID = 362498820763181265
      DEFAULT_INITIAL_CAPACITY = 16
      MAXIMUM_CAPACITY = 1073741824
      DEFAULT_LOAD_FACTOR = 0.75
      TREEIFY_THRESHOLD = 8
      UNTREEIFY_THRESHOLD = 6
      MIN_TREEIFY_CAPACITY = 64
      table = class java.util.HashMap$Node[16]
      entrySet = null
      size = 1
      modCount = 1
      threshold = 12
      loadFactor = 0.75
      keySet = null
      values = null
    metadataIdentifierService = class com.ibm.ws.container.service.metadata.internal.MetaDataServiceImpl@3034174c
    globalSharedLibrary = class java.util.concurrent.atomic.AtomicReference@1428c36c
      serialVersionUID = -1848883965231344442
      unsafe = class sun.misc.Unsafe@7499cf54
      valueOffset = 12
      value = null
    serialVersionUID = 4365026902615131286
  globalSharedLibrary = class com.ibm.ws.library.internal.SharedLibraryImpl@3544ab71
    tc = class com.ibm.websphere.ras.TraceComponent@6e1123c4
      strings[0] = "TraceComponent[com.ibm.ws.library.internal.SharedLibraryImpl,class com.ibm.ws.library.internal.SharedLibraryImpl,[SharedLibrary],com.ibm.ws.classloading.internal.resources.ClassLoadingServiceMessages,null]"
    EMPTY_LIBRARY_LISTENERS = interface com.ibm.wsspi.library.LibraryChangeListener[0]
    deleted = false
    libraryListenersTracker = class org.osgi.util.tracker.ServiceTracker@890b312
      DEBUG = false
      context = class org.eclipse.osgi.internal.framework.BundleContextImpl@410d0ae7
      filter = class org.eclipse.osgi.internal.framework.FilterImpl$And@67c4a5f9
      customizer = class org.osgi.util.tracker.ServiceTracker@890b312
      listenerFilter = "(&(objectClass=com.ibm.wsspi.library.LibraryChangeListener)(|(library=global)(libraryRef=*com.ibm.ws.classloading.sharedlibrary_17*)))"
      trackClass = null
      trackReference = null
      tracked = class org.osgi.util.tracker.ServiceTracker$Tracked@7c5cd267
      cachedReference = null
      cachedService = null
    libraryReg = class org.eclipse.osgi.internal.serviceregistry.ServiceRegistrationImpl@4bcb28dc
      registry = class org.eclipse.osgi.internal.serviceregistry.ServiceRegistry@38d18b48
      context = class org.eclipse.osgi.internal.framework.BundleContextImpl@410d0ae7
      bundle = class org.eclipse.osgi.internal.framework.EquinoxBundle@29efb6f1
      clazzes = class java.lang.String[1]
      service = class com.ibm.ws.library.internal.SharedLibraryImpl@3544ab71
      reference = class org.eclipse.osgi.internal.serviceregistry.ServiceReferenceImpl@16f57f2d
      contextsUsing = class java.util.ArrayList@deee11a
      properties = class java.util.Collections$UnmodifiableMap@568ee6e0
      serviceid = 277
      serviceranking = 0
      registrationLock = class java.lang.Object@34fe1055
      state = 0
      REGISTERED = 0
      UNREGISTERING = 1
      UNREGISTERED = 2
      FRAMEWORK_SET_SERVICE_PROPERTIES_COUNT = 4
      $assertionsDisabled = true
    ctx = class org.eclipse.osgi.internal.framework.BundleContextImpl@410d0ae7
    classLoadingService = class com.ibm.ws.classloading.internal.ClassLoadingServiceImpl@b592dfc
    configAdmin = class com.ibm.ws.config.admin.internal.ConfigurationAdminImpl@6e0f8024
      tc = class com.ibm.websphere.ras.TraceComponent@7f6b6e8b
      bundle = class org.eclipse.osgi.internal.framework.EquinoxBundle@29efb6f1
      caFactory = class com.ibm.ws.config.admin.internal.ConfigAdminServiceFactory@7014bf43
      serialVersionUID = -2875522750804142523
    resolvedBasePath = "C:/Users/felix/Desktop/FlightLogix/FlightLogix/target/liberty/wlp/usr/servers/FlightLogixServer/"
    generationLock = class com.ibm.ws.library.internal.SharedLibraryImpl$1@62a01d
      this$0 = class com.ibm.ws.library.internal.SharedLibraryImpl@3544ab71
      serialVersionUID = 2483639803450672373
      $$$tc$$$ = class com.ibm.websphere.ras.TraceComponent@4b0912f7
    currentGeneration = class com.ibm.ws.library.internal.LibraryGeneration@726e3990
      tc = class com.ibm.websphere.ras.TraceComponent@8602823
      nextInt = class java.util.concurrent.atomic.AtomicInteger@60b67c00
      libraryId = "global"
      genId = 0
      libraryProps = class java.util.Hashtable@2b250cdb
      filesetRefs = class java.util.Collections$UnmodifiableRandomAccessList@36d52ad0
      apiTypeVisibility = class java.util.RegularEnumSet@461264a8
      files = class java.util.Collections$EmptyList@70ee5cbe
      folders = class java.util.ArrayList@15175616
      fileAndFolderContainers = class java.util.Collections$EmptyList@70ee5cbe
      filesets = class java.util.concurrent.ArrayBlockingQueue@16d7d3bb
      filesetListenerRegs = class java.util.concurrent.ConcurrentLinkedQueue@94bf81b
      cancelled = false
      library = class com.ibm.ws.library.internal.SharedLibraryImpl@3544ab71
      serialVersionUID = 6965220007121905717
    nextGeneration = class com.ibm.ws.library.internal.LibraryGeneration@726e3990
    artifactContainerFactory = class com.ibm.ws.library.internal.SharedLibraryFactory$1@7feb0cec
      this$0 = class com.ibm.ws.library.internal.SharedLibraryFactory@176dac1f
      serialVersionUID = 7730244564205089330
      $$$tc$$$ = class com.ibm.websphere.ras.TraceComponent@431037b0
    packageExporter = class com.ibm.ws.library.internal.LibraryPackageExporter@6d77ad95
      EXPORTER_POSTFIX = "_library_exporter"
      REGION_EXPORT_TO_LIBERTY = "liberty.library.export.to.liberty"
      REGION_EXPORT_TO_OSGI_APPS = "liberty.library.export.to.osgi.app"
      REGION_KERNEL = "org.eclipse.equinox.region.kernel"
      counter = class java.util.concurrent.atomic.AtomicLong@3df827e3
      context = class org.eclipse.osgi.internal.framework.BundleContextImpl@410d0ae7
      digraph = class org.eclipse.equinox.internal.region.StandardRegionDigraph@33b61b06
      bundleToLibrary = class java.util.concurrent.ConcurrentHashMap@103b7c79
      libraryToVisibility = class java.util.concurrent.ConcurrentHashMap@5f5856b1
      serialVersionUID = 8074378969667956573
      $$$tc$$$ = class com.ibm.websphere.ras.TraceComponent@21d541f2
    serialVersionUID = 6288237618632180389
  sharedLibDeploymentInfo = class com.ibm.ws.app.manager.module.internal.DeployedAppInfoBase$SharedLibDeploymentInfo@17e7438e
    locAdmin = class com.ibm.ws.kernel.service.location.internal.WsLocationAdminImpl@3607466
      tc = class com.ibm.websphere.ras.TraceComponent@28fc09b7
      LOC_INTERNAL_LIB_DIR = "wlp.lib.dir"
      LOC_INTERNAL_WORKAREA_DIR = "wlp.workarea.dir"
      LOC_AREA_NAME_APPS = "shared/apps/"
      LOC_AREA_NAME_CONFIG = "shared/config/"
      LOC_AREA_NAME_RESC = "shared/resources/"
      LOC_AREA_NAME_STATE = "logs/state/"
      LOC_AREA_NAME_SERVERS = "servers/"
      LOC_AREA_NAME_CLIENTS = "clients/"
      LOC_AREA_NAME_WORKING = "workarea/"
      LOC_AREA_NAME_EXTENSION = "extension/"
      instance = class com.ibm.ws.kernel.service.location.internal.WsLocationAdminImpl@3607466
      installRoot = class com.ibm.ws.kernel.service.location.internal.SymbolicRootResource@5a0f7874
      installParentRoot = class com.ibm.ws.kernel.service.location.internal.SymbolicRootResource@78b8e1eb
      userRoot = class com.ibm.ws.kernel.service.location.internal.SymbolicRootResource@19e1b1a5
      usrExtensionRoot = class com.ibm.ws.kernel.service.location.internal.SymbolicRootResource@4330f7b8
      serverConfigDir = class com.ibm.ws.kernel.service.location.internal.SymbolicRootResource@625dfb72
      serverOutputDir = class com.ibm.ws.kernel.service.location.internal.SymbolicRootResource@625dfb72
      bootstrapLib = class com.ibm.ws.kernel.service.location.internal.LocalFileResource@5dd5f96b
      serverWorkarea = class com.ibm.ws.kernel.service.location.internal.LocalFileResource@492d07ed
      serverState = class com.ibm.ws.kernel.service.location.internal.LocalFileResource@de4a447
      sharedAppsRoot = class com.ibm.ws.kernel.service.location.internal.SymbolicRootResource@ef58e2
      sharedConfigRoot = class com.ibm.ws.kernel.service.location.internal.SymbolicRootResource@7203e735
      sharedResourceRoot = class com.ibm.ws.kernel.service.location.internal.SymbolicRootResource@53b084f7
      tmpRoot = class com.ibm.ws.kernel.service.location.internal.SymbolicRootResource@7bded45a
      serverName = "FlightLogixServer"
      resourcePaths = class java.util.ArrayList@18cab8b
      resourceGroups = class java.util.HashMap@6c5bcec0
      commonRoot = class com.ibm.ws.kernel.service.location.internal.VirtualRootResource@3b1b6880
      serialVersionUID = -5748835026800463299
    artifactFactory = class com.ibm.ws.artifact.internal.ArtifactContainerFactoryService@2ccd31f1
      CATEGORY_PROP_NAME = "category"
      ENTRY_KEY = "com.ibm.wsspi.artifact.ArtifactEntry"
      helperMap = class com.ibm.wsspi.kernel.service.utils.ConcurrentServiceReferenceSetMap@64e14d9c
      contributorMap = class com.ibm.wsspi.kernel.service.utils.ConcurrentServiceReferenceSetMap@1991644
      helperCategoryMap = class com.ibm.wsspi.kernel.service.utils.ConcurrentServiceReferenceSetMap@7f846fed
      contributorCategoryMap = class com.ibm.wsspi.kernel.service.utils.ConcurrentServiceReferenceSetMap@77af130e
      categories = class java.util.Collections$SynchronizedSet@19cc3dca
      baseProperties = class org.apache.felix.scr.impl.helper.ReadOnlyDictionary@50ae3381
      registration = class com.ibm.ws.kernel.service.util.ServiceRegistrationModifier@c09d57e
      serialVersionUID = 6566424214406946230
      $$$tc$$$ = class com.ibm.websphere.ras.TraceComponent@6836b4ad
    moduleFactory = class com.ibm.ws.adaptable.module.internal.AdaptableModuleFactoryImpl@7103c5a5
      adapterFactoryService = class com.ibm.ws.adaptable.module.internal.AdapterFactoryServiceImpl@438cfac8
      containerFactory = class com.ibm.ws.artifact.internal.ArtifactContainerFactoryService@2ccd31f1
      overlayContainerFactory = class com.ibm.ws.artifact.overlay.internal.OverlayContainerFactoryImpl@3b828391
      serialVersionUID = 4200251809856292987
      $$$tc$$$ = class com.ibm.websphere.ras.TraceComponent@4a6c6f5c
    classesContainerInfo = class java.util.ArrayList@58a9a5f0
      serialVersionUID = 8683452581122892189
      DEFAULT_CAPACITY = 10
      EMPTY_ELEMENTDATA = class java.lang.Object[0]
      DEFAULTCAPACITY_EMPTY_ELEMENTDATA = class java.lang.Object[0]
      elementData = class java.lang.Object[0]
      size = 0
      MAX_ARRAY_SIZE = 2147483639
      modCount = 0
      MAX_ARRAY_SIZE = 2147483639
    serialVersionUID = 5154735746662585226
    $$$tc$$$ = class com.ibm.websphere.ras.TraceComponent@2860be0
      strings[0] = "TraceComponent[com.ibm.ws.app.manager.module.internal.DeployedAppInfoBase$SharedLibDeploymentInfo,class com.ibm.ws.app.manager.module.internal.DeployedAppInfoBase$SharedLibDeploymentInfo,[applications, app.manager],null,null]"
  configAdmin = class com.ibm.ws.config.admin.internal.ConfigurationAdminImpl@3d526c70
    tc = class com.ibm.websphere.ras.TraceComponent@7f6b6e8b
      strings[0] = "TraceComponent[com.ibm.ws.config.admin.internal.ConfigurationAdminImpl,class com.ibm.ws.config.admin.internal.ConfigurationAdminImpl,[config],com.ibm.ws.config.internal.resources.ConfigMessages,null]"
    bundle = class org.eclipse.osgi.internal.framework.EquinoxBundle@50ec69c
      equinoxContainer = class org.eclipse.osgi.internal.framework.EquinoxContainer@4c3ec513
      module = class org.eclipse.osgi.internal.framework.EquinoxBundle$EquinoxModule@7d880ecf
      monitor = class java.lang.Object@3f2187ea
      context = class org.eclipse.osgi.internal.framework.BundleContextImpl@2fb57f1f
      signerInfos = null
      $SWITCH_TABLE$org$eclipse$osgi$container$Module$State = {1,2,3,4,5,6,7} /* array length = 7 */
    caFactory = class com.ibm.ws.config.admin.internal.ConfigAdminServiceFactory@7014bf43
      tc = class com.ibm.websphere.ras.TraceComponent@70afdab
      configurationPermission = class org.osgi.service.cm.ConfigurationPermission@5f7a9e84
      INDEX_DICTIONARY = 0
      INDEX_LOCATION = 1
      INDEX_METATYPE_PROCESSED = 2
      INDEX_IN_OVERRIDES_FILE = 3
      INDEX_REFERENCES = 4
      INDEX_UNIQUES = 5
      bundleContext = class org.eclipse.osgi.internal.framework.BundleContextImpl@4311991f
      msTracker = class com.ibm.ws.config.admin.internal.ManagedServiceTracker@3044ccc0
      msfTracker = class com.ibm.ws.config.admin.internal.ManagedServiceFactoryTracker@56f458a9
      pluginManager = class com.ibm.ws.config.admin.internal.PluginManager@4b75adb9
      configurationStore = class com.ibm.ws.config.admin.internal.ConfigurationStore@407094ed
      updateQueue = class com.ibm.ws.config.admin.internal.UpdateQueue@56c462ef
      ced = class com.ibm.ws.config.admin.internal.ConfigEventDispatcher@2201498e
      idMap = class java.util.Collections$SynchronizedMap@44ff2012
      referenceMap = class java.util.Collections$SynchronizedMap@6c039c
      variableRegistryTracker = class org.osgi.util.tracker.ServiceTracker@75caca64
      variableRegistry = class com.ibm.ws.kernel.service.location.internal.VariableRegistryHelper@5d2fb06a
      configurationAdminRef = class org.eclipse.osgi.internal.serviceregistry.ServiceRegistrationImpl@54973ea8
      serialVersionUID = 6695202270027014725
    serialVersionUID = -2875522750804142523
  libraryConfigHelper = class com.ibm.ws.classloading.ClassLoaderConfigHelper@20e94513
    tc = class com.ibm.websphere.ras.TraceComponent@740dcc45
      strings[0] = "TraceComponent[com.ibm.ws.classloading.ClassLoaderConfigHelper,class com.ibm.ws.classloading.ClassLoaderConfigHelper,[ClassLoadingService],com.ibm.ws.classloading.internal.resources.ClassLoadingServiceMessages,null]"
    DEFAULT_API_TYPES = class java.util.RegularEnumSet@cc164a2
      serialVersionUID = 3411599620347842686
      elements = 23
      elementType = class java.lang.Class@76c54402
      universe = class com.ibm.wsspi.classloading.ApiType[5]
      ZERO_LENGTH_ENUM_ARRAY = class java.lang.Enum[0]
      MAX_ARRAY_SIZE = 2147483639
    sharedLibraries = class java.util.Collections$EmptyList@70ee5cbe
      serialVersionUID = 8842843931221139166
      modCount = 0
      MAX_ARRAY_SIZE = 2147483639
    commonLibraries = class java.util.Collections$EmptyList@70ee5cbe
    classProviders = class java.util.Collections$EmptyList@70ee5cbe
    sharedLibrariesPids = null
    commonLibrariesPids = null
    isDelegateLast = false
    apiTypes = class java.util.RegularEnumSet@cc164a2
    classLoaderConfigProps = null
    serialVersionUID = 7643888529935916418
  isDelegateLast = false
  permissionManager = class com.ibm.ws.classloading.java2sec.PermissionManager@30666d5c
    tc = class com.ibm.websphere.ras.TraceComponent@4aa16fce
      strings[0] = "TraceComponent[com.ibm.ws.classloading.java2sec.PermissionManager,class com.ibm.ws.classloading.java2sec.PermissionManager,[Java2SecurityUtil],com.ibm.ws.classloading.internal.resources.Java2SecurityUtilMessages,null]"
    bundleContext = class org.eclipse.osgi.internal.framework.BundleContextImpl@410d0ae7
    classLoadingService = class com.ibm.ws.classloading.internal.ClassLoadingServiceImpl@b592dfc
    DEFAULT_SERVER_RESTRICTABLE_PERMISSIONS = class java.security.Permission[4]
      Permission[0] = class java.lang.RuntimePermission@2af02d3f
      Permission[1] = class java.lang.RuntimePermission@1980942
      Permission[2] = class java.security.SecurityPermission@623a465
      Permission[3] = class javax.security.auth.AuthPermission@7c54fdea
    DEFAULT_CLIENT_RESTRICTABLE_PERMISSIONS = class java.security.Permission[3]
      Permission[0] = class java.lang.RuntimePermission@73d3dbe2
      Permission[1] = class java.security.SecurityPermission@524b9a9e
      Permission[2] = class javax.security.auth.AuthPermission@16f3443a
    isServer = true
    wsjarUrlStreamHandlerAvailable = true
    restrictablePermissions = class java.util.ArrayList@fa1c8bf
      serialVersionUID = 8683452581122892189
      DEFAULT_CAPACITY = 10
      EMPTY_ELEMENTDATA = class java.lang.Object[0]
      DEFAULTCAPACITY_EMPTY_ELEMENTDATA = class java.lang.Object[0]
      elementData = class java.lang.Object[10]
      size = 4
      MAX_ARRAY_SIZE = 2147483639
      modCount = 4
      MAX_ARRAY_SIZE = 2147483639
    javaAllCodeBasePermissions = class java.util.ArrayList@d287e59
      serialVersionUID = 8683452581122892189
      DEFAULT_CAPACITY = 10
      EMPTY_ELEMENTDATA = class java.lang.Object[0]
      DEFAULTCAPACITY_EMPTY_ELEMENTDATA = class java.lang.Object[0]
      elementData = class java.lang.Object[22]
      size = 21
      MAX_ARRAY_SIZE = 2147483639
      modCount = 21
      MAX_ARRAY_SIZE = 2147483639
    expandProps = true
    grantedPermissions = class java.util.ArrayList@5b0ea899
      serialVersionUID = 8683452581122892189
      DEFAULT_CAPACITY = 10
      EMPTY_ELEMENTDATA = class java.lang.Object[0]
      DEFAULTCAPACITY_EMPTY_ELEMENTDATA = class java.lang.Object[0]
      elementData = class java.lang.Object[0]
      size = 0
      MAX_ARRAY_SIZE = 2147483639
      modCount = 0
      MAX_ARRAY_SIZE = 2147483639
    KEY_PERMISSION = "permission"
    INCORRECT_PERMISSION_CONFIGURATION = "INCORRECT_PERMISSION_CONFIGURATION"
    PERMISSION_CLASSNOTFOUND = "PERMISSION_CLASSNOTFOUND"
    SERVER_XML = "server.xml"
    CLIENT_XML = "client.xml"
    JAVA_POLICY = "java.policy"
    os_name = "Windows 10"
    os_version = "10.0"
    originationFile = "server.xml"
    permissions = class com.ibm.wsspi.kernel.service.utils.ConcurrentServiceReferenceSet@419dfbd8
      referenceName = "permission"
      contextRef = class java.util.concurrent.atomic.AtomicReference@7c06def7
      elementMap = class java.util.LinkedHashMap@6b509023
      elementSet = class java.util.concurrent.ConcurrentSkipListSet@7db37cb5
      elementSetUnsorted = false
      serialVersionUID = 756240983881166148
      $$$tc$$$ = class com.ibm.websphere.ras.TraceComponent@85584a4
    codeBasePermissionMap = class java.util.HashMap@40f82764
      serialVersionUID = 362498820763181265
      DEFAULT_INITIAL_CAPACITY = 16
      MAXIMUM_CAPACITY = 1073741824
      DEFAULT_LOAD_FACTOR = 0.75
      TREEIFY_THRESHOLD = 8
      UNTREEIFY_THRESHOLD = 6
      MIN_TREEIFY_CAPACITY = 64
      table = class java.util.HashMap$Node[16]
      entrySet = null
      size = 1
      modCount = 1
      threshold = 12
      loadFactor = 0.75
      keySet = class java.util.HashMap$KeySet@695864b8
      values = null
    permissionXMLPermissionMap = class java.util.HashMap@e6c5394
      serialVersionUID = 362498820763181265
      DEFAULT_INITIAL_CAPACITY = 16
      MAXIMUM_CAPACITY = 1073741824
      DEFAULT_LOAD_FACTOR = 0.75
      TREEIFY_THRESHOLD = 8
      UNTREEIFY_THRESHOLD = 6
      MIN_TREEIFY_CAPACITY = 64
      table = null
      entrySet = null
      size = 0
      modCount = 0
      threshold = 0
      loadFactor = 0.75
      keySet = null
      values = null
    serialVersionUID = 8583289148510585888
  permissionsConfig = null
  serialVersionUID = 1131686356392279747
  appInfo = class com.ibm.ws.container.service.app.deploy.internal.ApplicationInfoImpl@32cf375d
    appName = "FlightLogix"
    appMetaData = class com.ibm.ws.container.service.app.deploy.internal.ApplicationMetaDataImpl@6d0edb97
      j2eeName = class com.ibm.ws.container.service.metadata.internal.J2EENameImpl@311e3b9c
      serialVersionUID = -7906531148367236579
      $$$tc$$$ = class com.ibm.websphere.ras.TraceComponent@46019a1e
      tc = class com.ibm.websphere.ras.TraceComponent@a0ace1e
      NUM_STATIC_SLOTS = 4
      ID_UNINITIALIZED = -1
      id = 0
      metaDataInterface = class java.lang.Class@503d81a6
      staticSlots = class java.lang.Object[4]
      dynamicSlots = null
    appContainer = class com.ibm.ws.adaptable.module.internal.AdaptableContainerImpl@36e260de
      root = class com.ibm.ws.adaptable.module.internal.AdaptableContainerImpl@36e260de
      rootOverlay = class com.ibm.ws.artifact.overlay.internal.DirectoryBasedOverlayContainerImpl@182a0c76
      factoryHolder = class com.ibm.ws.adaptable.module.internal.AdaptableModuleFactoryImpl@7103c5a5
      delegate = class com.ibm.ws.artifact.overlay.internal.DirectoryBasedOverlayContainerImpl@182a0c76
      notifier = class com.ibm.ws.adaptable.module.internal.NotifierImpl@3124df96
      serialVersionUID = -5950528200509051684
      $$$tc$$$ = class com.ibm.websphere.ras.TraceComponent@1ca08339
    configHelper = class com.ibm.ws.app.manager.module.ApplicationNestedConfigHelper@7e30335e
      appInfo = class com.ibm.ws.app.manager.internal.ApplicationInstallInfo@4293f5f1
      serialVersionUID = -3174031738676705046
      $$$tc$$$ = class com.ibm.websphere.ras.TraceComponent@71ff0cdf
    applicationInformation = class com.ibm.ws.app.manager.internal.ApplicationInstallInfo@4293f5f1
    serialVersionUID = 5227817860647895780
    $$$tc$$$ = class com.ibm.websphere.ras.TraceComponent@7e3b9100
      strings[0] = "TraceComponent[com.ibm.ws.container.service.app.deploy.internal.ApplicationInfoImpl,class com.ibm.ws.container.service.app.deploy.internal.ApplicationInfoImpl,[container.service],com.ibm.ws.container.service.resources.Messages,null]"
  appInfoRegistration = null
  modulesDeployed = class java.util.ArrayList@1db0a3ed
    serialVersionUID = 8683452581122892189
    DEFAULT_CAPACITY = 10
    EMPTY_ELEMENTDATA = class java.lang.Object[0]
    DEFAULTCAPACITY_EMPTY_ELEMENTDATA = class java.lang.Object[0]
    elementData = class java.lang.Object[10]
      Object[0] = class com.ibm.ws.app.manager.module.internal.DeployedModuleInfoImpl@67226b99
      Object[1] = null
      Object[2] = null
      Object[3] = null
      Object[4] = null
      Object[5] = null
      Object[6] = null
      Object[7] = null
      Object[8] = null
      Object[9] = null
    size = 1
    MAX_ARRAY_SIZE = 2147483639
    modCount = 1
    MAX_ARRAY_SIZE = 2147483639
  starting = true
  started = false
  deployedAppServices = class com.ibm.ws.app.manager.module.internal.DeployedAppServicesImpl@1a6981a0
    SERVER_APPS_DIR = "${server.output.dir}/apps/"
    EXPANDED_APPS_DIR = "${server.output.dir}/apps/expanded/"
    bundleContext = class org.eclipse.osgi.internal.framework.BundleContextImpl@2fb57f1f
      findHookName = "org.osgi.framework.hooks.bundle.FindHook"
      valid = true
      bundle = class org.eclipse.osgi.internal.framework.EquinoxBundle@50ec69c
      container = class org.eclipse.osgi.internal.framework.EquinoxContainer@4c3ec513
      debug = class org.eclipse.osgi.internal.debug.Debug@4a1c6f2a
      servicesInUse = class java.util.HashMap@67b62284
      activator = null
      contextLock = class java.lang.Object@67eecb4c
    applicationInfoFactory = class com.ibm.ws.container.service.app.deploy.internal.ApplicationInfoFactoryImpl@33af7dc7
    futureMonitor = class com.ibm.ws.threading.internal.FutureMonitorImpl@16824ca7
    classLoadingService = class com.ibm.ws.classloading.internal.ClassLoadingServiceImpl@b592dfc
    globalSharedLibrary = class com.ibm.ws.library.internal.SharedLibraryImpl@3544ab71
    globalSharedLibraryPid = "com.ibm.ws.classloading.sharedlibrary_17"
    configAdmin = class com.ibm.ws.config.admin.internal.ConfigurationAdminImpl@3d526c70
    metaDataService = class com.ibm.ws.container.service.metadata.internal.MetaDataServiceImpl@3034174c
    stateChangeService = class com.ibm.ws.container.service.state.internal.StateChangeServiceImpl@5984677c
    allModuleTypes = class java.lang.String[4]
      String[0] = "ejb"
      String[1] = "web"
      String[2] = "client"
      String[3] = "connector"
    moduleMetaDataExtenders = class java.util.concurrent.ConcurrentHashMap@7770ea26
      serialVersionUID = 7249069246763182397
      MAXIMUM_CAPACITY = 1073741824
      DEFAULT_CAPACITY = 16
      MAX_ARRAY_SIZE = 2147483639
      DEFAULT_CONCURRENCY_LEVEL = 16
      LOAD_FACTOR = 0.75
      TREEIFY_THRESHOLD = 8
      UNTREEIFY_THRESHOLD = 6
      MIN_TREEIFY_CAPACITY = 64
      MIN_TRANSFER_STRIDE = 16
      RESIZE_STAMP_BITS = 16
      MAX_RESIZERS = 65535
      RESIZE_STAMP_SHIFT = 16
      MOVED = -1
      TREEBIN = -2
      RESERVED = -3
      HASH_BITS = 2147483647
      NCPU = 8
      serialPersistentFields = class java.io.ObjectStreamField[3]
      table = class java.util.concurrent.ConcurrentHashMap$Node[16]
      nextTable = null
      baseCount = 4
      sizeCtl = 12
      transferIndex = 0
      cellsBusy = 0
      counterCells = null
      keySet = null
      values = null
      entrySet = null
      U = class sun.misc.Unsafe@7499cf54
      SIZECTL = 20
      TRANSFERINDEX = 32
      BASECOUNT = 24
      CELLSBUSY = 36
      CELLVALUE = 144
      ABASE = 16
      ASHIFT = 2
      keySet = null
      values = null
    nestedModuleMetaDataFactories = class java.util.concurrent.ConcurrentHashMap@77e2336f
      serialVersionUID = 7249069246763182397
      MAXIMUM_CAPACITY = 1073741824
      DEFAULT_CAPACITY = 16
      MAX_ARRAY_SIZE = 2147483639
      DEFAULT_CONCURRENCY_LEVEL = 16
      LOAD_FACTOR = 0.75
      TREEIFY_THRESHOLD = 8
      UNTREEIFY_THRESHOLD = 6
      MIN_TREEIFY_CAPACITY = 64
      MIN_TRANSFER_STRIDE = 16
      RESIZE_STAMP_BITS = 16
      MAX_RESIZERS = 65535
      RESIZE_STAMP_SHIFT = 16
      MOVED = -1
      TREEBIN = -2
      RESERVED = -3
      HASH_BITS = 2147483647
      NCPU = 8
      serialPersistentFields = class java.io.ObjectStreamField[3]
      table = class java.util.concurrent.ConcurrentHashMap$Node[16]
      nextTable = null
      baseCount = 4
      sizeCtl = 12
      transferIndex = 0
      cellsBusy = 0
      counterCells = null
      keySet = null
      values = null
      entrySet = null
      U = class sun.misc.Unsafe@7499cf54
      SIZECTL = 20
      TRANSFERINDEX = 32
      BASECOUNT = 24
      CELLSBUSY = 36
      CELLVALUE = 144
      ABASE = 16
      ASHIFT = 2
      keySet = null
      values = null
    permissionManager = class com.ibm.ws.classloading.java2sec.PermissionManager@30666d5c
    locAdmin = class com.ibm.ws.kernel.service.location.internal.WsLocationAdminImpl@3607466
    artifactFactory = class com.ibm.ws.artifact.internal.ArtifactContainerFactoryService@2ccd31f1
    moduleFactory = class com.ibm.ws.adaptable.module.internal.AdaptableModuleFactoryImpl@7103c5a5
    serialVersionUID = 8537801607979767986
    $$$tc$$$ = class com.ibm.websphere.ras.TraceComponent@2f923978
      strings[0] = "TraceComponent[com.ibm.ws.app.manager.module.internal.DeployedAppServicesImpl,class com.ibm.ws.app.manager.module.internal.DeployedAppServicesImpl,[applications, app.manager],null,null]"
  futureMonitor = class com.ibm.ws.threading.internal.FutureMonitorImpl@16824ca7
    _monitor = class java.util.concurrent.ConcurrentLinkedQueue@62af212d
      serialVersionUID = 196745693267521676
      head = class java.util.concurrent.ConcurrentLinkedQueue$Node@c8a92f4
      tail = class java.util.concurrent.ConcurrentLinkedQueue$Node@c8a92f4
      UNSAFE = class sun.misc.Unsafe@7499cf54
      headOffset = 12
      tailOffset = 16
      MAX_ARRAY_SIZE = 2147483639
    _executor = class com.ibm.ws.threading.internal.DeferrableScheduledExecutorImpl@2d13be4b
      PERIOD_MILLISECONDS = 15000
      executor = class com.ibm.ws.threading.internal.ScheduledExecutorImpl@6726b48d
      serialVersionUID = 117550544710569826
      $$$tc$$$ = class com.ibm.websphere.ras.TraceComponent@6a8aba78
    _threadRunning = class java.util.concurrent.atomic.AtomicBoolean@264274d9
      serialVersionUID = 4654671469794556979
      unsafe = class sun.misc.Unsafe@7499cf54
      valueOffset = 12
      value = 0
    _thread = class com.ibm.ws.threading.internal.FutureMonitorImpl$1@6cdb7999
      this$0 = class com.ibm.ws.threading.internal.FutureMonitorImpl@16824ca7
      serialVersionUID = 2422512430832938099
      $$$tc$$$ = class com.ibm.websphere.ras.TraceComponent@9c092ee
    serialVersionUID = 2765238413969174390
    $$$tc$$$ = class com.ibm.websphere.ras.TraceComponent@5f7feea5
      strings[0] = "TraceComponent[com.ibm.ws.threading.internal.FutureMonitorImpl,class com.ibm.ws.threading.internal.FutureMonitorImpl,[Threading],com.ibm.ws.threading.internal.resources.ThreadingMessages,null]"
  appInfoFactory = class com.ibm.ws.container.service.app.deploy.internal.ApplicationInfoFactoryImpl@33af7dc7
    j2eeNameFactory = class com.ibm.wsspi.kernel.service.utils.AtomicServiceReference@3af80c11
      referenceName = "j2eeNameFactory"
      tuple = class java.util.concurrent.atomic.AtomicReference@1c8d874d
      serialVersionUID = 2226592364007985000
      $$$tc$$$ = class com.ibm.websphere.ras.TraceComponent@66dbb856
    names = class java.util.HashSet@4eb9d562
      serialVersionUID = -5024744406713321676
      map = class java.util.HashMap@473084cb
      PRESENT = class java.lang.Object@531fac9e
      MAX_ARRAY_SIZE = 2147483639
    serialVersionUID = 6232436640731165768
    $$$tc$$$ = class com.ibm.websphere.ras.TraceComponent@3f835503
      strings[0] = "TraceComponent[com.ibm.ws.container.service.app.deploy.internal.ApplicationInfoFactoryImpl,class com.ibm.ws.container.service.app.deploy.internal.ApplicationInfoFactoryImpl,[container.service],com.ibm.ws.container.service.resources.Messages,null]"
  metaDataService = class com.ibm.ws.container.service.metadata.internal.MetaDataServiceImpl@3034174c
    applicationMetaDataManager = class com.ibm.ws.container.service.metadata.internal.ApplicationMetaDataManager@12ca7410
      serialVersionUID = 1843747281024490904
      $$$tc$$$ = class com.ibm.websphere.ras.TraceComponent@31c6e45b
      listeners = class com.ibm.wsspi.kernel.service.utils.ConcurrentServiceReferenceSet@77604f08
      metaDataIDs = class com.ibm.ws.container.service.metadata.internal.IndexList@5769c8b5
      metaDatas = class java.util.ArrayList@41c57e28
      slotIDs = class com.ibm.ws.container.service.metadata.internal.IndexList@7dfa378d
      serialVersionUID = 5464421863354792977
      $$$tc$$$ = class com.ibm.websphere.ras.TraceComponent@51ae2cd8
    moduleMetaDataManager = class com.ibm.ws.container.service.metadata.internal.ModuleMetaDataManager@530c193c
      serialVersionUID = 2513574389899327209
      $$$tc$$$ = class com.ibm.websphere.ras.TraceComponent@edf7893
      listeners = class com.ibm.wsspi.kernel.service.utils.ConcurrentServiceReferenceSet@75c4221b
      metaDataIDs = class com.ibm.ws.container.service.metadata.internal.IndexList@338342f7
      metaDatas = class java.util.ArrayList@5d21ef15
      slotIDs = class com.ibm.ws.container.service.metadata.internal.IndexList@662f766a
      serialVersionUID = 5464421863354792977
      $$$tc$$$ = class com.ibm.websphere.ras.TraceComponent@51ae2cd8
    componentMetaDataManager = class com.ibm.ws.container.service.metadata.internal.ComponentMetaDataManager@141ab8fc
      serialVersionUID = 8629793739641703882
      $$$tc$$$ = class com.ibm.websphere.ras.TraceComponent@1ec1b37b
      listeners = class com.ibm.wsspi.kernel.service.utils.ConcurrentServiceReferenceSet@18dd76b1
      metaDataIDs = class com.ibm.ws.container.service.metadata.internal.IndexList@3247b260
      metaDatas = class java.util.ArrayList@248c8d28
      slotIDs = class com.ibm.ws.container.service.metadata.internal.IndexList@381a13e8
      serialVersionUID = 5464421863354792977
      $$$tc$$$ = class com.ibm.websphere.ras.TraceComponent@51ae2cd8
    methodMetaDataManager = class com.ibm.ws.container.service.metadata.internal.MethodMetaDataManager@f409891
      serialVersionUID = -8002489041502300640
      $$$tc$$$ = class com.ibm.websphere.ras.TraceComponent@64abdb85
      listeners = class com.ibm.wsspi.kernel.service.utils.ConcurrentServiceReferenceSet@11e3e143
      metaDataIDs = class com.ibm.ws.container.service.metadata.internal.IndexList@858d959
      metaDatas = class java.util.ArrayList@4090dce9
      slotIDs = class com.ibm.ws.container.service.metadata.internal.IndexList@716a3861
      serialVersionUID = 5464421863354792977
      $$$tc$$$ = class com.ibm.websphere.ras.TraceComponent@51ae2cd8
    appModuleNameToModuleContainer = class java.util.concurrent.ConcurrentHashMap@4e6b179d
      serialVersionUID = 7249069246763182397
      MAXIMUM_CAPACITY = 1073741824
      DEFAULT_CAPACITY = 16
      MAX_ARRAY_SIZE = 2147483639
      DEFAULT_CONCURRENCY_LEVEL = 16
      LOAD_FACTOR = 0.75
      TREEIFY_THRESHOLD = 8
      UNTREEIFY_THRESHOLD = 6
      MIN_TREEIFY_CAPACITY = 64
      MIN_TRANSFER_STRIDE = 16
      RESIZE_STAMP_BITS = 16
      MAX_RESIZERS = 65535
      RESIZE_STAMP_SHIFT = 16
      MOVED = -1
      TREEBIN = -2
      RESERVED = -3
      HASH_BITS = 2147483647
      NCPU = 8
      serialPersistentFields = class java.io.ObjectStreamField[3]
      table = null
      nextTable = null
      baseCount = 0
      sizeCtl = 0
      transferIndex = 0
      cellsBusy = 0
      counterCells = null
      keySet = null
      values = null
      entrySet = null
      U = class sun.misc.Unsafe@7499cf54
      SIZECTL = 20
      TRANSFERINDEX = 32
      BASECOUNT = 24
      CELLSBUSY = 36
      CELLVALUE = 144
      ABASE = 16
      ASHIFT = 2
      keySet = null
      values = null
    jeeNameToComponentMetaData = class java.util.concurrent.ConcurrentHashMap@7d9d3295
      serialVersionUID = 7249069246763182397
      MAXIMUM_CAPACITY = 1073741824
      DEFAULT_CAPACITY = 16
      MAX_ARRAY_SIZE = 2147483639
      DEFAULT_CONCURRENCY_LEVEL = 16
      LOAD_FACTOR = 0.75
      TREEIFY_THRESHOLD = 8
      UNTREEIFY_THRESHOLD = 6
      MIN_TREEIFY_CAPACITY = 64
      MIN_TRANSFER_STRIDE = 16
      RESIZE_STAMP_BITS = 16
      MAX_RESIZERS = 65535
      RESIZE_STAMP_SHIFT = 16
      MOVED = -1
      TREEBIN = -2
      RESERVED = -3
      HASH_BITS = 2147483647
      NCPU = 8
      serialPersistentFields = class java.io.ObjectStreamField[3]
      table = null
      nextTable = null
      baseCount = 0
      sizeCtl = 0
      transferIndex = 0
      cellsBusy = 0
      counterCells = null
      keySet = null
      values = null
      entrySet = null
      U = class sun.misc.Unsafe@7499cf54
      SIZECTL = 20
      TRANSFERINDEX = 32
      BASECOUNT = 24
      CELLSBUSY = 36
      CELLVALUE = 144
      ABASE = 16
      ASHIFT = 2
      keySet = null
      values = null
    deferredMetaDataFactories = class com.ibm.wsspi.kernel.service.utils.ConcurrentServiceReferenceSet@3c81a882
      referenceName = "deferredMetaDataFactory"
      contextRef = class java.util.concurrent.atomic.AtomicReference@42b21802
      elementMap = class java.util.LinkedHashMap@1b0ce251
      elementSet = class java.util.concurrent.ConcurrentSkipListSet@3aee9024
      elementSetUnsorted = false
      serialVersionUID = 756240983881166148
      $$$tc$$$ = class com.ibm.websphere.ras.TraceComponent@85584a4
    deferredMetaDataInitializers = class com.ibm.wsspi.kernel.service.utils.ConcurrentServiceReferenceMap@378e3b93
      referenceName = "deferredMetaDataFactory"
      context = class org.apache.felix.scr.impl.manager.ComponentContextImpl@38fd1fba
      elementMap = class java.util.concurrent.ConcurrentHashMap@3a84caff
      serialVersionUID = 6980924785166233786
      $$$tc$$$ = class com.ibm.websphere.ras.TraceComponent@2786ac8a
    serialVersionUID = -2494605732980966097
    $$$tc$$$ = class com.ibm.websphere.ras.TraceComponent@55cf687f
      strings[0] = "TraceComponent[com.ibm.ws.container.service.metadata.internal.MetaDataServiceImpl,class com.ibm.ws.container.service.metadata.internal.MetaDataServiceImpl,[Runtime],null,null]"
  stateChangeService = class com.ibm.ws.container.service.state.internal.StateChangeServiceImpl@5984677c
    applicationStateManager = class com.ibm.ws.container.service.state.internal.ApplicationStateManager@5b75179a
      serialVersionUID = -6685368059484454124
      $$$tc$$$ = class com.ibm.websphere.ras.TraceComponent@522a6ac2
      listeners = class com.ibm.wsspi.kernel.service.utils.ConcurrentServiceReferenceSet@1ee4bf0
      serialVersionUID = 2284273176985484160
      $$$tc$$$ = class com.ibm.websphere.ras.TraceComponent@45c07771
    moduleStateManager = class com.ibm.ws.container.service.state.internal.ModuleStateManager@5c8a71a3
      serialVersionUID = -5540260902341249963
      $$$tc$$$ = class com.ibm.websphere.ras.TraceComponent@6f3073c3
      listeners = class com.ibm.wsspi.kernel.service.utils.ConcurrentServiceReferenceSet@a43a054
      serialVersionUID = 2284273176985484160
      $$$tc$$$ = class com.ibm.websphere.ras.TraceComponent@45c07771
    serialVersionUID = -537917915330350560
    $$$tc$$$ = class com.ibm.websphere.ras.TraceComponent@22cff63a
      strings[0] = "TraceComponent[com.ibm.ws.container.service.state.internal.StateChangeServiceImpl,class com.ibm.ws.container.service.state.internal.StateChangeServiceImpl,[Runtime],null,null]"
  moduleClassesInfo = class com.ibm.ws.app.manager.module.internal.SimpleDeployedAppInfoBase$ModuleClassesInfoProvider@5a8bfd9d
    entryContainerInfosMap = class java.util.HashMap@78009a6e
      serialVersionUID = 362498820763181265
      DEFAULT_INITIAL_CAPACITY = 16
      MAXIMUM_CAPACITY = 1073741824
      DEFAULT_LOAD_FACTOR = 0.75
      TREEIFY_THRESHOLD = 8
      UNTREEIFY_THRESHOLD = 6
      MIN_TREEIFY_CAPACITY = 64
      table = null
      entrySet = null
      size = 0
      modCount = 0
      threshold = 0
      loadFactor = 0.75
      keySet = null
      values = null
    serialVersionUID = -70332790531324534
    $$$tc$$$ = class com.ibm.websphere.ras.TraceComponent@75bde703
      strings[0] = "TraceComponent[com.ibm.ws.app.manager.module.internal.SimpleDeployedAppInfoBase$ModuleClassesInfoProvider,class com.ibm.ws.app.manager.module.internal.SimpleDeployedAppInfoBase$ModuleClassesInfoProvider,[applications, app.manager],null,null]"
  moduleContainerInfos = class java.util.ArrayList@42bc82ea
    serialVersionUID = 8683452581122892189
    DEFAULT_CAPACITY = 10
    EMPTY_ELEMENTDATA = class java.lang.Object[0]
    DEFAULTCAPACITY_EMPTY_ELEMENTDATA = class java.lang.Object[0]
    elementData = class java.lang.Object[10]
      Object[0] = class com.ibm.ws.app.manager.module.internal.SimpleDeployedAppInfoBase$WebModuleContainerInfo@5f8eb230
      Object[1] = null
      Object[2] = null
      Object[3] = null
      Object[4] = null
      Object[5] = null
      Object[6] = null
      Object[7] = null
      Object[8] = null
      Object[9] = null
    size = 1
    MAX_ARRAY_SIZE = 2147483639
    modCount = 1
    MAX_ARRAY_SIZE = 2147483639
  activeModuleHandlers = class java.util.IdentityHashMap@ab58e3f
    DEFAULT_CAPACITY = 32
    MINIMUM_CAPACITY = 4
    MAXIMUM_CAPACITY = 536870912
    table = class java.lang.Object[16]
      Object[0] = null
      Object[1] = null
      Object[2] = null
      Object[3] = null
      Object[4] = null
      Object[5] = null
      Object[6] = null
      Object[7] = null
      Object[8] = null
      Object[9] = null
      Object[10] = null
      Object[11] = null
      Object[12] = null
      Object[13] = null
      Object[14] = null
      Object[15] = null
    size = 0
    modCount = 2
    NULL_KEY = class java.lang.Object@697b905f
    entrySet = null
    serialVersionUID = 8188218128353913216
    keySet = null
    values = null
  serialVersionUID = -2685719801501752993
  $$$tc$$$ = class com.ibm.websphere.ras.TraceComponent@d32e1bd
    strings[0] = "TraceComponent[com.ibm.ws.app.manager.module.internal.SimpleDeployedAppInfoBase,class com.ibm.ws.app.manager.module.internal.SimpleDeployedAppInfoBase,[applications, app.manager],null,null]"

Dump of objectArray[0]
Object type = com.ibm.ws.threading.internal.NonCancelableResultFuture
  _done = false
  _result = null
  _failure = null
  _listeners = class java.util.concurrent.ConcurrentLinkedQueue@75114337
    serialVersionUID = 196745693267521676
    head = class java.util.concurrent.ConcurrentLinkedQueue$Node@39d8e881
      item = null
      next = null
      UNSAFE = class sun.misc.Unsafe@7499cf54
      itemOffset = 12
      nextOffset = 16
    tail = class java.util.concurrent.ConcurrentLinkedQueue$Node@39d8e881
    UNSAFE = class sun.misc.Unsafe@7499cf54
    headOffset = 12
    tailOffset = 16
    MAX_ARRAY_SIZE = 2147483639
  _notifiedListeners = class java.util.concurrent.atomic.AtomicBoolean@780a02fb
    serialVersionUID = 4654671469794556979
    unsafe = class sun.misc.Unsafe@7499cf54
      theUnsafe = class sun.misc.Unsafe@7499cf54
      INVALID_FIELD_OFFSET = -1
      ARRAY_BOOLEAN_BASE_OFFSET = 16
      ARRAY_BYTE_BASE_OFFSET = 16
      ARRAY_SHORT_BASE_OFFSET = 16
      ARRAY_CHAR_BASE_OFFSET = 16
      ARRAY_INT_BASE_OFFSET = 16
      ARRAY_LONG_BASE_OFFSET = 16
      ARRAY_FLOAT_BASE_OFFSET = 16
      ARRAY_DOUBLE_BASE_OFFSET = 16
      ARRAY_OBJECT_BASE_OFFSET = 16
      ARRAY_BOOLEAN_INDEX_SCALE = 1
      ARRAY_BYTE_INDEX_SCALE = 1
      ARRAY_SHORT_INDEX_SCALE = 2
      ARRAY_CHAR_INDEX_SCALE = 2
      ARRAY_INT_INDEX_SCALE = 4
      ARRAY_LONG_INDEX_SCALE = 8
      ARRAY_FLOAT_INDEX_SCALE = 4
      ARRAY_DOUBLE_INDEX_SCALE = 8
      ARRAY_OBJECT_INDEX_SCALE = 4
      ADDRESS_SIZE = 8
    valueOffset = 12
    value = 0
  serialVersionUID = -296387658814354272
  $$$tc$$$ = class com.ibm.websphere.ras.TraceComponent@7b0f76bb
    strings[0] = "TraceComponent[com.ibm.ws.threading.internal.NonCancelableResultFuture,class com.ibm.ws.threading.internal.NonCancelableResultFuture,[Threading],com.ibm.ws.threading.internal.resources.ThreadingMessages,null]"

