------Start of DE processing------ = [4/2/21 20:54:29:564 EDT]
Exception = org.jboss.weld.exceptions.DeploymentException
Source = com.ibm.ws.container.service.state.internal.ApplicationStateManager
probeid = 54
Stack Dump = org.jboss.weld.exceptions.DeploymentException: WELD-001408: Unsatisfied dependencies for type EntityManager with qualifiers @Default
  at injection point [BackedAnnotatedField] @Inject @PersistenceContext private com.FlightLogix.Persistence.User.UserDAO.em
  at com.FlightLogix.Persistence.User.UserDAO.em(UserDAO.java:0)

	at org.jboss.weld.bootstrap.Validator.validateInjectionPointForDeploymentProblems(Validator.java:378)
	at org.jboss.weld.bootstrap.Validator.validateInjectionPoint(Validator.java:290)
	at org.jboss.weld.bootstrap.Validator.validateGeneralBean(Validator.java:143)
	at org.jboss.weld.bootstrap.Validator.validateRIBean(Validator.java:164)
	at org.jboss.weld.bootstrap.Validator.validateBean(Validator.java:526)
	at org.jboss.weld.bootstrap.ConcurrentValidator$1.doWork(ConcurrentValidator.java:64)
	at org.jboss.weld.bootstrap.ConcurrentValidator$1.doWork(ConcurrentValidator.java:62)
	at org.jboss.weld.executor.IterativeWorkerTaskFactory$1.call(IterativeWorkerTaskFactory.java:62)
	at org.jboss.weld.executor.IterativeWorkerTaskFactory$1.call(IterativeWorkerTaskFactory.java:55)
	at java.util.concurrent.FutureTask.run(FutureTask.java:266)
	at java.util.concurrent.ThreadPoolExecutor.runWorker(ThreadPoolExecutor.java:1149)
	at java.util.concurrent.ThreadPoolExecutor$Worker.run(ThreadPoolExecutor.java:624)
	at java.lang.Thread.run(Thread.java:748)

Dump of callerThis
Object type = com.ibm.ws.container.service.state.internal.ApplicationStateManager
  serialVersionUID = -6685368059484454124
  $$$tc$$$ = class com.ibm.websphere.ras.TraceComponent@3d554a52
    strings[0] = "TraceComponent[com.ibm.ws.container.service.state.internal.ApplicationStateManager,class com.ibm.ws.container.service.state.internal.ApplicationStateManager,[Runtime],null,null]"
  listeners = class com.ibm.wsspi.kernel.service.utils.ConcurrentServiceReferenceSet@3fd9df9e
    referenceName = "applicationStateListeners"
    contextRef = class java.util.concurrent.atomic.AtomicReference@38023ad5
      serialVersionUID = -1848883965231344442
      unsafe = class sun.misc.Unsafe@6b528050
      valueOffset = 12
      value = class org.apache.felix.scr.impl.manager.ComponentContextImpl@73195c27
    elementMap = class java.util.LinkedHashMap@703fa1f
      serialVersionUID = 3801124242820219131
      head = class java.util.LinkedHashMap$Entry@5dd5cbba
      tail = class java.util.LinkedHashMap$Entry@64145c43
      accessOrder = false
      serialVersionUID = 362498820763181265
      DEFAULT_INITIAL_CAPACITY = 16
      MAXIMUM_CAPACITY = 1073741824
      DEFAULT_LOAD_FACTOR = 0.75
      TREEIFY_THRESHOLD = 8
      UNTREEIFY_THRESHOLD = 6
      MIN_TREEIFY_CAPACITY = 64
      table = class java.util.HashMap$Node[16]
      entrySet = null
      size = 6
      modCount = 6
      threshold = 12
      loadFactor = 0.75
      keySet = null
      values = null
    elementSet = class java.util.concurrent.ConcurrentSkipListSet@337bd29c
      serialVersionUID = -2479143111061671589
      m = class java.util.concurrent.ConcurrentSkipListMap@1e9b9fea
      UNSAFE = class sun.misc.Unsafe@6b528050
      mapOffset = 12
      MAX_ARRAY_SIZE = 2147483639
    elementSetUnsorted = false
    serialVersionUID = 756240983881166148
    $$$tc$$$ = class com.ibm.websphere.ras.TraceComponent@5abb799e
      strings[0] = "TraceComponent[com.ibm.wsspi.kernel.service.utils.ConcurrentServiceReferenceSet,class com.ibm.wsspi.kernel.service.utils.ConcurrentServiceReferenceSet,[kernelUtils],com.ibm.ws.kernel.service.utils.resources.ServiceMessages,null]"
  serialVersionUID = 2284273176985484160
  $$$tc$$$ = class com.ibm.websphere.ras.TraceComponent@4a49ac77
    strings[0] = "TraceComponent[com.ibm.ws.container.service.state.internal.StateChangeManager,class com.ibm.ws.container.service.state.internal.StateChangeManager,[Runtime],null,null]"

Dump of objectArray[0]
Object type = com.ibm.ws.container.service.app.deploy.internal.ApplicationInfoImpl
  appName = "FlightLogix"
  appMetaData = class com.ibm.ws.container.service.app.deploy.internal.ApplicationMetaDataImpl@2fa8a916
    j2eeName = class com.ibm.ws.container.service.metadata.internal.J2EENameImpl@77410cfc
      serialVersionUID = 7488184044073147667
      application = "FlightLogix"
      module = null
      component = null
      string = "FlightLogix"
      j2eeNameBytes = null
      $$$tc$$$ = class com.ibm.websphere.ras.TraceComponent@15c93923
    serialVersionUID = -7906531148367236579
    $$$tc$$$ = class com.ibm.websphere.ras.TraceComponent@3d739af7
      strings[0] = "TraceComponent[com.ibm.ws.container.service.app.deploy.internal.ApplicationMetaDataImpl,class com.ibm.ws.container.service.app.deploy.internal.ApplicationMetaDataImpl,[container.service],com.ibm.ws.container.service.resources.Messages,null]"
    tc = class com.ibm.websphere.ras.TraceComponent@1f253ea8
      strings[0] = "TraceComponent[com.ibm.ws.runtime.metadata.MetaDataImpl,class com.ibm.ws.runtime.metadata.MetaDataImpl,[Runtime],null,null]"
    NUM_STATIC_SLOTS = 4
    ID_UNINITIALIZED = -1
    id = 0
    metaDataInterface = class java.lang.Class@4fb7112e
      ANNOTATION = 8192
      ENUM = 16384
      SYNTHETIC = 4096
      cachedConstructor = null
      newInstanceCallerCache = null
      name = null
      allPermDomain = class java.security.ProtectionDomain@4533fcb4
      useCaches = true
      reflectionData = null
      classRedefinedCount = 0
      genericInfo = null
      serialVersionUID = 3206093459760846163
      serialPersistentFields = class java.io.ObjectStreamField[0]
      reflectionFactory = class sun.reflect.ReflectionFactory@56d19381
      initted = true
      enumConstants = null
      enumConstantDirectory = null
      annotationData = null
      annotationType = null
      classValueMap = null
    staticSlots = class java.lang.Object[4]
      Object[0] = class com.ibm.ws.cdi.impl.weld.WebSphereCDIDeploymentImpl@361fd045
      Object[1] = class com.ibm.ws.injectionengine.osgi.internal.OSGiInjectionScopeData@79192653
      Object[2] = "FlightLogix"
      Object[3] = null
    dynamicSlots = null
  appContainer = class com.ibm.ws.adaptable.module.internal.AdaptableContainerImpl@6714408e
    root = class com.ibm.ws.adaptable.module.internal.AdaptableContainerImpl@6714408e
    rootOverlay = class com.ibm.ws.artifact.overlay.internal.DirectoryBasedOverlayContainerImpl@27f67cc6
      base = class com.ibm.ws.artifact.loose.internal.LooseArchive@47f0e423
      maskSet = class java.util.HashSet@2580f066
      cfHolder = class com.ibm.ws.artifact.overlay.internal.OverlayContainerFactoryImpl@6d55916b
      fileOverlayContainer = class com.ibm.ws.artifact.file.internal.FileContainer@5dce092c
      overlayDirectory = class java.io.File@1d5f3f4a
      cacheDirForOverlay = class java.io.File@3f7eef47
      overlayNotifier = class com.ibm.ws.artifact.overlay.internal.DirectoryBasedOverlayNotifier@7e61ef0a
      enclosingContainer = null
      entryInEnclosingContainer = null
      nestedOverlays = class java.util.concurrent.ConcurrentHashMap@534b0e83
      cacheStore = class com.ibm.ws.artifact.overlay.internal.OverlayCache@378adecf
      parentOverlay = null
      isPassThroughMode = true
      serialVersionUID = -6650153487216279998
      $$$tc$$$ = class com.ibm.websphere.ras.TraceComponent@579bc9d8
    factoryHolder = class com.ibm.ws.adaptable.module.internal.AdaptableModuleFactoryImpl@226b02da
      adapterFactoryService = class com.ibm.ws.adaptable.module.internal.AdapterFactoryServiceImpl@7fc61bae
      containerFactory = class com.ibm.ws.artifact.internal.ArtifactContainerFactoryService@eaea2e3
      overlayContainerFactory = class com.ibm.ws.artifact.overlay.internal.OverlayContainerFactoryImpl@6d55916b
      serialVersionUID = 4200251809856292987
      $$$tc$$$ = class com.ibm.websphere.ras.TraceComponent@6ca84f83
    delegate = class com.ibm.ws.artifact.overlay.internal.DirectoryBasedOverlayContainerImpl@27f67cc6
    notifier = class com.ibm.ws.adaptable.module.internal.NotifierImpl@4861ef98
      root = class com.ibm.ws.adaptable.module.internal.AdaptableContainerImpl@6714408e
      delegateNotifier = class com.ibm.ws.artifact.overlay.internal.DirectoryBasedOverlayNotifier@7e61ef0a
      delegateRoot = class com.ibm.ws.artifact.overlay.internal.DirectoryBasedOverlayContainerImpl@27f67cc6
      listenerDelegates = class java.util.HashMap@4d90d547
      serialVersionUID = 6839382523957017880
      $$$tc$$$ = class com.ibm.websphere.ras.TraceComponent@caa7c4c
    serialVersionUID = -5950528200509051684
    $$$tc$$$ = class com.ibm.websphere.ras.TraceComponent@6f909bb5
      strings[0] = "TraceComponent[com.ibm.ws.adaptable.module.internal.AdaptableContainerImpl,class com.ibm.ws.adaptable.module.internal.AdaptableContainerImpl,[archive.adaptable],null,null]"
  configHelper = class com.ibm.ws.app.manager.module.ApplicationNestedConfigHelper@2b5a1e5c
    appInfo = class com.ibm.ws.app.manager.internal.ApplicationInstallInfo@613f7305
    serialVersionUID = -3174031738676705046
    $$$tc$$$ = class com.ibm.websphere.ras.TraceComponent@164d2f53
      strings[0] = "TraceComponent[com.ibm.ws.app.manager.module.ApplicationNestedConfigHelper,class com.ibm.ws.app.manager.module.ApplicationNestedConfigHelper,[applications, app.manager],null,null]"
  applicationInformation = class com.ibm.ws.app.manager.internal.ApplicationInstallInfo@613f7305
    _config = class com.ibm.ws.app.manager.internal.ApplicationConfig@3332b036
      tc = class com.ibm.websphere.ras.TraceComponent@7725e117
      _configPid = "com.ibm.ws.app.manager_15"
      _config = class com.ibm.ws.config.admin.ConfigurationDictionary@43114c88
      _applicationManager = class com.ibm.ws.app.manager.ApplicationManager@7986c9fc
      _location = "FlightLogix.war"
      _type = "war"
      _name = "FlightLogix"
      _notificationBroadcasterSupport = class javax.management.NotificationBroadcasterSupport@30c1d2c9
      ONE_TIME_JANDEX_MSGS_DISPLAYED = true
      serialVersionUID = -2151423388299667431
    _handlerInfo = class java.util.concurrent.atomic.AtomicReference@298f5a0e
      serialVersionUID = -1848883965231344442
      unsafe = class sun.misc.Unsafe@6b528050
      valueOffset = 12
      value = class com.ibm.ws.app.manager.war.internal.WARDeployedAppInfo@47e68923
    _container = class java.util.concurrent.atomic.AtomicReference@5308e037
      serialVersionUID = -1848883965231344442
      unsafe = class sun.misc.Unsafe@6b528050
      valueOffset = 12
      value = class com.ibm.ws.adaptable.module.internal.AdaptableContainerImpl@6714408e
    _resolvedLocation = class java.util.concurrent.atomic.AtomicReference@1452d8e1
      serialVersionUID = -1848883965231344442
      unsafe = class sun.misc.Unsafe@6b528050
      valueOffset = 12
      value = class com.ibm.ws.kernel.service.location.internal.LocalFileResource@328fe943
    _handler = class com.ibm.ws.app.manager.war.internal.WARApplicationHandlerImpl@32c7695d
      futureMonitor = class com.ibm.ws.threading.internal.FutureMonitorImpl@2ffeafbd
      deployedAppFactory = class com.ibm.ws.app.manager.war.internal.WARDeployedAppInfoFactoryImpl@59c9a901
      serialVersionUID = 4622845147410944782
      $$$tc$$$ = class com.ibm.websphere.ras.TraceComponent@71b1e00
    _ami = class java.util.concurrent.atomic.AtomicReference@614b1a21
      serialVersionUID = -1848883965231344442
      unsafe = class sun.misc.Unsafe@6b528050
      valueOffset = 12
      value = class com.ibm.wsspi.application.handler.DefaultApplicationMonitoringInformation@7f23b625
    _updateHandler = class com.ibm.ws.app.manager.internal.statemachine.ApplicationStateMachineImpl@75565767
      _tc = class com.ibm.websphere.ras.TraceComponent@25c03d0
      EMPTY_FUTURE_ARRAY = interface java.util.concurrent.Future[0]
      asmSequenceNumber = class java.util.concurrent.atomic.AtomicLong@51a9aa3
      _qscaCounter = class java.util.concurrent.atomic.AtomicInteger@64874069
      _failedThrowable = null
      _interruptibleLock = class com.ibm.ws.app.manager.internal.statemachine.ApplicationStateMachineImpl$2@2b532c3c
      _interruptible = false
      _performingQueuedActions = true
      _queuedActions = class java.util.concurrent.ConcurrentLinkedQueue@50112a0f
      _callbackState = class java.util.concurrent.atomic.AtomicReference@10f7d2c
      blockAppStartingFutures = class java.util.Collections$SetFromMap@5f55f16c
      waitingForAppHandlerFuture = class java.util.concurrent.atomic.AtomicReference@6dd51476
      waitingForExplicitStartFuture = class java.util.concurrent.atomic.AtomicReference@34cd0a91
      startAfterFutures = class java.util.Collections$SetFromMap@4e51f739
      completionListener = class java.util.concurrent.atomic.AtomicReference@3effb10e
      _notifyAppStopped = class java.util.concurrent.ConcurrentLinkedQueue@7b4c6403
      _notifyAppStarting = class java.util.concurrent.ConcurrentLinkedQueue@27896079
      _notifyAppInstallCalled = class java.util.concurrent.ConcurrentLinkedQueue@66a0a38e
      _notifyAppStarted = class java.util.concurrent.ConcurrentLinkedQueue@25141995
      _notifyAppRemoved = class java.util.concurrent.ConcurrentLinkedQueue@3de01d48
      _stateLock = class com.ibm.ws.app.manager.internal.statemachine.ApplicationStateMachineImpl$3@51863825
      _internalState = class java.util.concurrent.atomic.AtomicReference@32594d48
      _currentAction = class java.util.concurrent.atomic.AtomicReference@37843227
      _rfa = class java.util.concurrent.atomic.AtomicReference@ab373c2
      _appInstallInfo = class java.util.concurrent.atomic.AtomicReference@6a1435a1
      _update = class java.util.concurrent.atomic.AtomicBoolean@125f06a6
      _appConfig = class java.util.concurrent.atomic.AtomicReference@4dc1bc0
      _nextAppConfig = class java.util.concurrent.atomic.AtomicReference@15e045fa
      _appContainer = class java.util.concurrent.atomic.AtomicReference@5e92d3da
      _resolvedLocation = class java.util.concurrent.atomic.AtomicReference@34128498
      _handler = class java.util.concurrent.atomic.AtomicReference@50748bc1
      _asmSeqNo = 0
      _ctx = class org.eclipse.osgi.internal.framework.BundleContextImpl@6579ea28
      _locAdmin = class com.ibm.ws.kernel.service.location.internal.WsLocationAdminImpl@fe8cc9c
      _futureMonitor = class com.ibm.ws.threading.internal.FutureMonitorImpl@2ffeafbd
      _artifactFactory = class com.ibm.ws.artifact.internal.ArtifactContainerFactoryService@eaea2e3
      _moduleFactory = class com.ibm.ws.adaptable.module.internal.AdaptableModuleFactoryImpl@226b02da
      _executorService = class com.ibm.ws.threading.internal.ExecutorServiceImpl@5ba01300
      _scheduledExecutorService = class com.ibm.ws.threading.internal.ScheduledExecutorImpl@7af0b21f
      _asmHelper = class com.ibm.ws.app.manager.internal.ApplicationConfigurator$NamedApplication@3fc3b402
      _appMonitor = class com.ibm.ws.app.manager.internal.monitor.ApplicationMonitor@33b50df1
      enterStateCalled = class java.util.concurrent.atomic.AtomicBoolean@696ccf7d
      serialVersionUID = 7990273947104993494
      serialVersionUID = 300267208965883056
      $$$tc$$$ = class com.ibm.websphere.ras.TraceComponent@13970628
    serialVersionUID = 2630639237123415755
    $$$tc$$$ = class com.ibm.websphere.ras.TraceComponent@747f7498
      strings[0] = "TraceComponent[com.ibm.ws.app.manager.internal.ApplicationInstallInfo,class com.ibm.ws.app.manager.internal.ApplicationInstallInfo,[applications, app.manager],com.ibm.ws.app.manager.internal.resources.AppManagerMessages,null]"
  serialVersionUID = 5227817860647895780
  $$$tc$$$ = class com.ibm.websphere.ras.TraceComponent@13e97ae8
    strings[0] = "TraceComponent[com.ibm.ws.container.service.app.deploy.internal.ApplicationInfoImpl,class com.ibm.ws.container.service.app.deploy.internal.ApplicationInfoImpl,[container.service],com.ibm.ws.container.service.resources.Messages,null]"

