------Start of DE processing------ = [4/2/21 20:54:29:700 EDT]
Exception = com.ibm.ws.container.service.state.StateChangeException
Source = com.ibm.ws.app.manager.module.internal.SimpleDeployedAppInfoBase
probeid = 548
Stack Dump = com.ibm.ws.container.service.state.StateChangeException: org.jboss.weld.exceptions.DeploymentException: WELD-001408: Unsatisfied dependencies for type EntityManager with qualifiers @Default
  at injection point [BackedAnnotatedField] @Inject @PersistenceContext private com.FlightLogix.Persistence.User.UserDAO.em
  at com.FlightLogix.Persistence.User.UserDAO.em(UserDAO.java:0)

	at com.ibm.ws.container.service.state.internal.ApplicationStateManager.fireStarting(ApplicationStateManager.java:55)
	at com.ibm.ws.container.service.state.internal.StateChangeServiceImpl.fireApplicationStarting(StateChangeServiceImpl.java:50)
	at com.ibm.ws.app.manager.module.internal.SimpleDeployedAppInfoBase.preDeployApp(SimpleDeployedAppInfoBase.java:547)
	at com.ibm.ws.app.manager.module.internal.SimpleDeployedAppInfoBase.installApp(SimpleDeployedAppInfoBase.java:508)
	at com.ibm.ws.app.manager.module.internal.DeployedAppInfoBase.deployApp(DeployedAppInfoBase.java:349)
	at com.ibm.ws.app.manager.war.internal.WARApplicationHandlerImpl.install(WARApplicationHandlerImpl.java:65)
	at com.ibm.ws.app.manager.internal.statemachine.StartAction.execute(StartAction.java:149)
	at com.ibm.ws.app.manager.internal.statemachine.ApplicationStateMachineImpl.enterState(ApplicationStateMachineImpl.java:1352)
	at com.ibm.ws.app.manager.internal.statemachine.ApplicationStateMachineImpl.run(ApplicationStateMachineImpl.java:897)
	at com.ibm.ws.threading.internal.ExecutorServiceImpl$RunnableWrapper.run(ExecutorServiceImpl.java:238)
	at java.util.concurrent.ThreadPoolExecutor.runWorker(ThreadPoolExecutor.java:1149)
	at java.util.concurrent.ThreadPoolExecutor$Worker.run(ThreadPoolExecutor.java:624)
	at java.lang.Thread.run(Thread.java:748)
Caused by: org.jboss.weld.exceptions.DeploymentException: WELD-001408: Unsatisfied dependencies for type EntityManager with qualifiers @Default
  at injection point [BackedAnnotatedField] @Inject @PersistenceContext private com.FlightLogix.Persistence.User.UserDAO.em
  at com.FlightLogix.Persistence.User.UserDAO.em(UserDAO.java:0)

	at org.jboss.weld.bootstrap.Validator.validateInjectionPointForDeploymentProblems(Validator.java:378)
	at org.jboss.weld.bootstrap.Validator.validateInjectionPoint(Validator.java:290)
	at org.jboss.weld.bootstrap.Validator.validateGeneralBean(Validator.java:143)
	at org.jboss.weld.bootstrap.Validator.validateRIBean(Validator.java:164)
	at org.jboss.weld.bootstrap.Validator.validateBean(Validator.java:526)
	at org.jboss.weld.bootstrap.ConcurrentValidator$1.doWork(ConcurrentValidator.java:64)
	at org.jboss.weld.bootstrap.ConcurrentValidator$1.doWork(ConcurrentValidator.java:62)
	at org.jboss.weld.executor.IterativeWorkerTaskFactory$1.call(IterativeWorkerTaskFactory.java:62)
	at org.jboss.weld.executor.IterativeWorkerTaskFactory$1.call(IterativeWorkerTaskFactory.java:55)
	at java.util.concurrent.FutureTask.run(FutureTask.java:266)
	... 3 more

Dump of callerThis
Object type = com.ibm.ws.app.manager.war.internal.WARDeployedAppInfo
  CONTEXT_ROOT = "context-root"
  webContainerModuleInfo = class com.ibm.ws.app.manager.module.internal.SimpleDeployedAppInfoBase$WebModuleContainerInfo@640848ae
    contextRoot = "/"
    defaultContextRoot = "FlightLogix"
    serialVersionUID = 4617657913043497664
    $$$tc$$$ = class com.ibm.websphere.ras.TraceComponent@5c83555d
      strings[0] = "TraceComponent[com.ibm.ws.app.manager.module.internal.SimpleDeployedAppInfoBase$WebModuleContainerInfo,class com.ibm.ws.app.manager.module.internal.SimpleDeployedAppInfoBase$WebModuleContainerInfo,[applications, app.manager],null,null]"
    moduleHandler = class com.ibm.ws.app.manager.web.internal.WebModuleHandlerImpl@3932b491
      serialVersionUID = 4795602325763828210
      $$$tc$$$ = class com.ibm.websphere.ras.TraceComponent@11f2825c
      futureMonitor = class com.ibm.ws.threading.internal.FutureMonitorImpl@2ffeafbd
      metaDataService = class com.ibm.ws.container.service.metadata.internal.MetaDataServiceImpl@18df3937
      stateChangeService = class com.ibm.ws.container.service.state.internal.StateChangeServiceImpl@353496c3
      moduleRuntimeContainer = class com.ibm.ws.webcontainer.osgi.WebContainer@6dddbcf
      firstFailure = null
      serialVersionUID = -4563697739413190872
      $$$tc$$$ = class com.ibm.websphere.ras.TraceComponent@7ac1e5a3
    moduleMetaDataExtenders = class java.util.Collections$UnmodifiableRandomAccessList@20d4fc51
      serialVersionUID = -2542308836966382001
      serialVersionUID = -283967356065247728
      list = class java.util.concurrent.CopyOnWriteArrayList@26bdeaec
      serialVersionUID = 1820017752578914078
      c = class java.util.concurrent.CopyOnWriteArrayList@26bdeaec
    nestedModuleMetaDataFactories = class java.util.Collections$UnmodifiableRandomAccessList@642c4a4b
      serialVersionUID = -2542308836966382001
      serialVersionUID = -283967356065247728
      list = class java.util.concurrent.CopyOnWriteArrayList@132b8611
      serialVersionUID = 1820017752578914078
      c = class java.util.concurrent.CopyOnWriteArrayList@132b8611
    nestedModules = null
    moduleName = "FlightLogix"
    moduleDD = class com.ibm.ws.javaee.ddmodel.web.common.WebAppType@7ed4c255
      version = class com.ibm.ws.javaee.ddmodel.TokenType@72e89fde
      metadata_complete = null
      module_name = null
      absolute_ordering = null
      serialVersionUID = 4092807504738198665
      $$$tc$$$ = class com.ibm.websphere.ras.TraceComponent@43c1c931
      description = null
      display_name = class com.ibm.ws.javaee.ddmodel.common.DisplayNameType$ListType@6b3f6985
      icon = null
      distributable = null
      context_param = null
      filter = null
      filter_mapping = null
      listener = null
      servlet = null
      servlet_mapping = null
      session_config = null
      mime_mapping = null
      welcome_file_list = class com.ibm.ws.javaee.ddmodel.web.common.WelcomeFileListType@7f1af2bb
      error_page = null
      jsp_config = null
      security_constraint = null
      deny_uncovered_http_methods = null
      login_config = null
      security_role = null
      message_destination = null
      locale_encoding_mapping_list = null
      default_context_path = null
      request_encoding = null
      response_encoding = null
      servletNameToServletMap = null
      filterNameToFilterMap = null
      ejbRefNameToEJBLocalRefMap = null
      ejbRefNameToEJBRefMap = null
      resourceEnvRefNameToResourceEnvRefMap = null
      messageDestinationRefNameToMessageDestinationRefMap = null
      resRefNameToResourceRefMap = null
      envEntryNameToEnvEntryMap = null
      roleNameToSecurityRoleMap = null
      roleLinkToSecurityRoleRefMap = null
      handlerNameToHandlerMap = null
      path = "WEB-INF/web.xml"
      idMap = class com.ibm.ws.javaee.ddmodel.DDParser$ComponentIDMap@b8aa021
      serialVersionUID = 5321339975883512588
      $$$tc$$$ = class com.ibm.websphere.ras.TraceComponent@4b6adfd3
      post_construct = null
      pre_destroy = null
      serialVersionUID = 1102064201943992836
      $$$tc$$$ = class com.ibm.websphere.ras.TraceComponent@73267869
      env_entry = null
      ejb_ref = null
      ejb_local_ref = null
      resource_ref = null
      resource_env_ref = null
      message_destination_ref = null
      persistence_context_ref = null
      persistence_unit_ref = null
      data_source = null
      jms_connection_factory = null
      jms_destination = null
      mail_session = null
      connection_factory = null
      administered_object = null
      serialVersionUID = 8931982405528922228
      $$$tc$$$ = class com.ibm.websphere.ras.TraceComponent@63bc609b
      service_ref = null
      serialVersionUID = -6199862059825607270
      $$$tc$$$ = class com.ibm.websphere.ras.TraceComponent@398634a3
      nilled = false
      serialVersionUID = -2826386306561723362
      $$$tc$$$ = class com.ibm.websphere.ras.TraceComponent@5adc5513
    moduleInfo = class com.ibm.ws.app.manager.module.internal.WebModuleInfoImpl@78ef3c24
      contextRoot = "/"
      isDefaultContextRootUsed = false
      defaultContextRoot = "FlightLogix"
      serialVersionUID = -6699247856069243844
      $$$tc$$$ = class com.ibm.websphere.ras.TraceComponent@1f44a596
      tc = class com.ibm.websphere.ras.TraceComponent@4ea79da8
      appInfo = class com.ibm.ws.container.service.app.deploy.internal.ApplicationInfoImpl@57e5b55
      moduleName = "FlightLogix"
      path = "FlightLogix.war"
      moduleContainer = class com.ibm.ws.adaptable.module.internal.AdaptableContainerImpl@6714408e
      altDDEntry = null
      moduleClassesContainers = class java.util.ArrayList@c8ae345
      classLoaderFactory = class com.ibm.ws.app.manager.war.internal.WARDeployedAppInfo@47e68923
      containerInfoType = class com.ibm.ws.container.service.app.deploy.ContainerInfo$Type@b3bb007
      classLoader = class com.ibm.ws.classloading.internal.AppClassLoader@662a5d19
      moduleMetaData = class com.ibm.ws.webcontainer.osgi.metadata.WebModuleMetaDataImpl@29195d88
      nestedModuleMetaDataTypes = null
      nestedModuleMetaDataValues = null
      serialVersionUID = 3986734351620206554
    serialVersionUID = 5122721995888983779
    $$$tc$$$ = class com.ibm.websphere.ras.TraceComponent@30d3525e
      strings[0] = "TraceComponent[com.ibm.ws.app.manager.module.internal.SimpleDeployedAppInfoBase$ModuleContainerInfoBase,class com.ibm.ws.app.manager.module.internal.SimpleDeployedAppInfoBase$ModuleContainerInfoBase,[applications, app.manager],null,null]"
    type = class com.ibm.ws.container.service.app.deploy.ContainerInfo$Type@b3bb007
      MANIFEST_CLASSPATH = class com.ibm.ws.container.service.app.deploy.ContainerInfo$Type@627d9840
      WEB_INF_CLASSES = class com.ibm.ws.container.service.app.deploy.ContainerInfo$Type@204497ae
      WEB_INF_LIB = class com.ibm.ws.container.service.app.deploy.ContainerInfo$Type@43bd587
      EAR_LIB = class com.ibm.ws.container.service.app.deploy.ContainerInfo$Type@3c0018e9
      WEB_MODULE = class com.ibm.ws.container.service.app.deploy.ContainerInfo$Type@b3bb007
      EJB_MODULE = class com.ibm.ws.container.service.app.deploy.ContainerInfo$Type@323138b1
      CLIENT_MODULE = class com.ibm.ws.container.service.app.deploy.ContainerInfo$Type@36cc30be
      RAR_MODULE = class com.ibm.ws.container.service.app.deploy.ContainerInfo$Type@6c815c0d
      JAR_MODULE = class com.ibm.ws.container.service.app.deploy.ContainerInfo$Type@507ac624
      SHARED_LIB = class com.ibm.ws.container.service.app.deploy.ContainerInfo$Type@6bb5882a
      $VALUES = class com.ibm.ws.container.service.app.deploy.ContainerInfo$Type[10]
      name = "WEB_MODULE"
      ordinal = 4
    name = "FlightLogix.war"
    container = class com.ibm.ws.adaptable.module.internal.AdaptableContainerImpl@6714408e
      root = class com.ibm.ws.adaptable.module.internal.AdaptableContainerImpl@6714408e
      rootOverlay = class com.ibm.ws.artifact.overlay.internal.DirectoryBasedOverlayContainerImpl@27f67cc6
      factoryHolder = class com.ibm.ws.adaptable.module.internal.AdaptableModuleFactoryImpl@226b02da
      delegate = class com.ibm.ws.artifact.overlay.internal.DirectoryBasedOverlayContainerImpl@27f67cc6
      notifier = class com.ibm.ws.adaptable.module.internal.NotifierImpl@4861ef98
      serialVersionUID = -5950528200509051684
      $$$tc$$$ = class com.ibm.websphere.ras.TraceComponent@6f909bb5
    moduleClassLoaderFactory = class com.ibm.ws.app.manager.war.internal.WARDeployedAppInfo@47e68923
    altDDEntry = null
    classesContainerInfo = class java.util.ArrayList@c8ae345
      serialVersionUID = 8683452581122892189
      DEFAULT_CAPACITY = 10
      EMPTY_ELEMENTDATA = class java.lang.Object[0]
      DEFAULTCAPACITY_EMPTY_ELEMENTDATA = class java.lang.Object[0]
      elementData = class java.lang.Object[15]
      size = 13
      MAX_ARRAY_SIZE = 2147483639
      modCount = 14
      MAX_ARRAY_SIZE = 2147483639
    serialVersionUID = 4636874131959542427
    $$$tc$$$ = class com.ibm.websphere.ras.TraceComponent@18d8976a
      strings[0] = "TraceComponent[com.ibm.ws.app.manager.module.internal.SimpleDeployedAppInfoBase$ExtendedContainerInfo,class com.ibm.ws.app.manager.module.internal.SimpleDeployedAppInfoBase$ExtendedContainerInfo,[applications, app.manager],null,null]"
  DYNAMIC_IMPORT_PACKAGE_LIST = class java.util.Collections$UnmodifiableRandomAccessList@670e8dc9
    serialVersionUID = -2542308836966382001
    serialVersionUID = -283967356065247728
    list = class java.util.Arrays$ArrayList@4811a2e
      serialVersionUID = -2764017481108945198
      a = class java.lang.String[1]
      modCount = 0
      MAX_ARRAY_SIZE = 2147483639
    serialVersionUID = 1820017752578914078
    c = class java.util.Arrays$ArrayList@4811a2e
  serialVersionUID = 6176035338244935179
  $$$tc$$$ = class com.ibm.websphere.ras.TraceComponent@36132710
    strings[0] = "TraceComponent[com.ibm.ws.app.manager.war.internal.WARDeployedAppInfo,class com.ibm.ws.app.manager.war.internal.WARDeployedAppInfo,[webcontainer, applications, app.manager],com.ibm.ws.app.manager.war.internal.resources.Messages,null]"
  _tc = class com.ibm.websphere.ras.TraceComponent@d4028f2
    strings[0] = "TraceComponent[com.ibm.ws.app.manager.module.internal.DeployedAppInfoBase,class com.ibm.ws.app.manager.module.internal.DeployedAppInfoBase,[app.manager],com.ibm.ws.app.manager.module.internal.resources.Messages,null]"
  PERMISSION_XML = "permissions.xml"
  applicationInformation = class com.ibm.ws.app.manager.internal.ApplicationInstallInfo@613f7305
    _config = class com.ibm.ws.app.manager.internal.ApplicationConfig@3332b036
      tc = class com.ibm.websphere.ras.TraceComponent@7725e117
      _configPid = "com.ibm.ws.app.manager_15"
      _config = class com.ibm.ws.config.admin.ConfigurationDictionary@43114c88
      _applicationManager = class com.ibm.ws.app.manager.ApplicationManager@7986c9fc
      _location = "FlightLogix.war"
      _type = "war"
      _name = "FlightLogix"
      _notificationBroadcasterSupport = class javax.management.NotificationBroadcasterSupport@30c1d2c9
      ONE_TIME_JANDEX_MSGS_DISPLAYED = true
      serialVersionUID = -2151423388299667431
    _handlerInfo = class java.util.concurrent.atomic.AtomicReference@298f5a0e
      serialVersionUID = -1848883965231344442
      unsafe = class sun.misc.Unsafe@6b528050
      valueOffset = 12
      value = class com.ibm.ws.app.manager.war.internal.WARDeployedAppInfo@47e68923
    _container = class java.util.concurrent.atomic.AtomicReference@5308e037
      serialVersionUID = -1848883965231344442
      unsafe = class sun.misc.Unsafe@6b528050
      valueOffset = 12
      value = class com.ibm.ws.adaptable.module.internal.AdaptableContainerImpl@6714408e
    _resolvedLocation = class java.util.concurrent.atomic.AtomicReference@1452d8e1
      serialVersionUID = -1848883965231344442
      unsafe = class sun.misc.Unsafe@6b528050
      valueOffset = 12
      value = class com.ibm.ws.kernel.service.location.internal.LocalFileResource@328fe943
    _handler = class com.ibm.ws.app.manager.war.internal.WARApplicationHandlerImpl@32c7695d
      futureMonitor = class com.ibm.ws.threading.internal.FutureMonitorImpl@2ffeafbd
      deployedAppFactory = class com.ibm.ws.app.manager.war.internal.WARDeployedAppInfoFactoryImpl@59c9a901
      serialVersionUID = 4622845147410944782
      $$$tc$$$ = class com.ibm.websphere.ras.TraceComponent@71b1e00
    _ami = class java.util.concurrent.atomic.AtomicReference@614b1a21
      serialVersionUID = -1848883965231344442
      unsafe = class sun.misc.Unsafe@6b528050
      valueOffset = 12
      value = class com.ibm.wsspi.application.handler.DefaultApplicationMonitoringInformation@7f23b625
    _updateHandler = class com.ibm.ws.app.manager.internal.statemachine.ApplicationStateMachineImpl@75565767
      _tc = class com.ibm.websphere.ras.TraceComponent@25c03d0
      EMPTY_FUTURE_ARRAY = interface java.util.concurrent.Future[0]
      asmSequenceNumber = class java.util.concurrent.atomic.AtomicLong@51a9aa3
      _qscaCounter = class java.util.concurrent.atomic.AtomicInteger@64874069
      _failedThrowable = null
      _interruptibleLock = class com.ibm.ws.app.manager.internal.statemachine.ApplicationStateMachineImpl$2@2b532c3c
      _interruptible = false
      _performingQueuedActions = true
      _queuedActions = class java.util.concurrent.ConcurrentLinkedQueue@50112a0f
      _callbackState = class java.util.concurrent.atomic.AtomicReference@10f7d2c
      blockAppStartingFutures = class java.util.Collections$SetFromMap@5f55f16c
      waitingForAppHandlerFuture = class java.util.concurrent.atomic.AtomicReference@6dd51476
      waitingForExplicitStartFuture = class java.util.concurrent.atomic.AtomicReference@34cd0a91
      startAfterFutures = class java.util.Collections$SetFromMap@4e51f739
      completionListener = class java.util.concurrent.atomic.AtomicReference@3effb10e
      _notifyAppStopped = class java.util.concurrent.ConcurrentLinkedQueue@7b4c6403
      _notifyAppStarting = class java.util.concurrent.ConcurrentLinkedQueue@27896079
      _notifyAppInstallCalled = class java.util.concurrent.ConcurrentLinkedQueue@66a0a38e
      _notifyAppStarted = class java.util.concurrent.ConcurrentLinkedQueue@25141995
      _notifyAppRemoved = class java.util.concurrent.ConcurrentLinkedQueue@3de01d48
      _stateLock = class com.ibm.ws.app.manager.internal.statemachine.ApplicationStateMachineImpl$3@51863825
      _internalState = class java.util.concurrent.atomic.AtomicReference@32594d48
      _currentAction = class java.util.concurrent.atomic.AtomicReference@37843227
      _rfa = class java.util.concurrent.atomic.AtomicReference@ab373c2
      _appInstallInfo = class java.util.concurrent.atomic.AtomicReference@6a1435a1
      _update = class java.util.concurrent.atomic.AtomicBoolean@125f06a6
      _appConfig = class java.util.concurrent.atomic.AtomicReference@4dc1bc0
      _nextAppConfig = class java.util.concurrent.atomic.AtomicReference@15e045fa
      _appContainer = class java.util.concurrent.atomic.AtomicReference@5e92d3da
      _resolvedLocation = class java.util.concurrent.atomic.AtomicReference@34128498
      _handler = class java.util.concurrent.atomic.AtomicReference@50748bc1
      _asmSeqNo = 0
      _ctx = class org.eclipse.osgi.internal.framework.BundleContextImpl@6579ea28
      _locAdmin = class com.ibm.ws.kernel.service.location.internal.WsLocationAdminImpl@fe8cc9c
      _futureMonitor = class com.ibm.ws.threading.internal.FutureMonitorImpl@2ffeafbd
      _artifactFactory = class com.ibm.ws.artifact.internal.ArtifactContainerFactoryService@eaea2e3
      _moduleFactory = class com.ibm.ws.adaptable.module.internal.AdaptableModuleFactoryImpl@226b02da
      _executorService = class com.ibm.ws.threading.internal.ExecutorServiceImpl@5ba01300
      _scheduledExecutorService = class com.ibm.ws.threading.internal.ScheduledExecutorImpl@7af0b21f
      _asmHelper = class com.ibm.ws.app.manager.internal.ApplicationConfigurator$NamedApplication@3fc3b402
      _appMonitor = class com.ibm.ws.app.manager.internal.monitor.ApplicationMonitor@33b50df1
      enterStateCalled = class java.util.concurrent.atomic.AtomicBoolean@696ccf7d
      serialVersionUID = 7990273947104993494
      serialVersionUID = 300267208965883056
      $$$tc$$$ = class com.ibm.websphere.ras.TraceComponent@13970628
    serialVersionUID = 2630639237123415755
    $$$tc$$$ = class com.ibm.websphere.ras.TraceComponent@747f7498
      strings[0] = "TraceComponent[com.ibm.ws.app.manager.internal.ApplicationInstallInfo,class com.ibm.ws.app.manager.internal.ApplicationInstallInfo,[applications, app.manager],com.ibm.ws.app.manager.internal.resources.AppManagerMessages,null]"
  location = "C:\Users\felix\Desktop\FlightLogix\FlightLogix\target\liberty\wlp\usr\servers\FlightLogixServer\apps\FlightLogix.war.xml"
  classLoadingService = class com.ibm.ws.classloading.internal.ClassLoadingServiceImpl@7bd15c01
    tc = class com.ibm.websphere.ras.TraceComponent@6646d00d
      strings[0] = "TraceComponent[com.ibm.ws.classloading.internal.ClassLoadingServiceImpl,class com.ibm.ws.classloading.internal.ClassLoadingServiceImpl,[ClassLoadingService],com.ibm.ws.classloading.internal.resources.ClassLoadingServiceMessages,null]"
    leakDetectionMap = class java.util.HashMap@192dcd07
      serialVersionUID = 362498820763181265
      DEFAULT_INITIAL_CAPACITY = 16
      MAXIMUM_CAPACITY = 1073741824
      DEFAULT_LOAD_FACTOR = 0.75
      TREEIFY_THRESHOLD = 8
      UNTREEIFY_THRESHOLD = 6
      MIN_TREEIFY_CAPACITY = 64
      table = null
      entrySet = null
      size = 0
      modCount = 0
      threshold = 0
      loadFactor = 0.75
      keySet = null
      values = null
    appClassLoaders = class java.util.Collections$SetFromMap@56378025
      m = class java.util.WeakHashMap@148a7121
      s = class java.util.WeakHashMap$KeySet@192ffe9d
      serialVersionUID = 2454657854757543876
      MAX_ARRAY_SIZE = 2147483639
    TCCL_LOCK_WAIT = 15000
    REFERENCE_GENERATORS = "generators"
    bundleContext = class org.eclipse.osgi.internal.framework.BundleContextImpl@6275b6c4
    aclStore = class com.ibm.ws.classloading.internal.util.CanonicalStore@4279712
      map = class java.util.concurrent.ConcurrentHashMap@2717616c
      q = class com.ibm.ws.classloading.internal.util.RefQueue@24cd39e8
      serialVersionUID = 6715157558227169968
      $$$tc$$$ = class com.ibm.websphere.ras.TraceComponent@6773cf51
    tcclStore = class com.ibm.ws.classloading.internal.util.CanonicalStore@15e41c53
      map = class java.util.concurrent.ConcurrentHashMap@baa06b0
      q = class com.ibm.ws.classloading.internal.util.RefQueue@5a8b60e4
      serialVersionUID = 6715157558227169968
      $$$tc$$$ = class com.ibm.websphere.ras.TraceComponent@6773cf51
    tcclStoreLock = class java.util.concurrent.locks.ReentrantLock@62d6be1d
      serialVersionUID = 7373984872572414699
      sync = class java.util.concurrent.locks.ReentrantLock$NonfairSync@72dd419d
    digraph = class org.eclipse.equinox.internal.region.StandardRegionDigraph@88a3cca
      EMPTY_EDGE_SET = class java.util.Collections$UnmodifiableSet@5a2c4e9e
      monitor = class java.lang.Object@5ce1f819
      regions = class java.util.HashMap@1bd2df77
      bundleIdToRegionMapping = class org.eclipse.equinox.internal.region.StandardBundleIdToRegionMapping@7f7c9a33
      edges = class java.util.HashMap@479c73fc
      bundleContext = class org.eclipse.osgi.internal.framework.BundleContextImpl@5829e4f4
      threadLocal = class java.lang.ThreadLocal@14ee7a26
      subgraphTraverser = class org.eclipse.equinox.internal.region.SubgraphTraverser@19ca26ab
      bundleCollisionHook = class org.eclipse.equinox.internal.region.hook.RegionBundleCollisionHook@2fc9aa3
      bundleEventHook = class org.eclipse.equinox.internal.region.hook.RegionBundleEventHook@26db0a93
      bundleFindHook = class org.eclipse.equinox.internal.region.hook.RegionBundleFindHook@41037b24
      serviceEventHook = class org.eclipse.equinox.internal.region.hook.RegionServiceEventHook@934e2d1
      serviceFindHook = class org.eclipse.equinox.internal.region.hook.RegionServiceFindHook@6ffb48d6
      resolverHookFactory = class org.eclipse.equinox.internal.region.hook.RegionResolverHookFactory@118a4828
      origin = null
      originUpdateCount = -1
      updateCount = class java.util.concurrent.atomic.AtomicLong@4b8acb66
      defaultRegion = null
    redefiner = class com.ibm.ws.classloading.internal.util.ClassRedefiner@30adb5ce
      tc = class com.ibm.websphere.ras.TraceComponent@345d2bf5
      LS = "
"
      inst = class com.sun.proxy.$Proxy0@2def5fdd
      serialVersionUID = 2420101865139508526
    listener = class com.ibm.ws.classloading.internal.ClassLoadingServiceImpl$1@51e310c
      this$0 = class com.ibm.ws.classloading.internal.ClassLoadingServiceImpl@7bd15c01
      serialVersionUID = -9159707349812113172
      $$$tc$$$ = class com.ibm.websphere.ras.TraceComponent@2aa10a9b
    classloaders = class java.util.Collections$SynchronizedMap@526f51e4
      serialVersionUID = 1978198479659022715
      m = class java.util.HashMap@114d5707
      mutex = class java.util.Collections$SynchronizedMap@526f51e4
      keySet = null
      entrySet = null
      values = null
    resourceProviders = class com.ibm.ws.classloading.internal.CompositeResourceProvider@bda4b0f
      lockFactory = class java.util.concurrent.locks.ReentrantReadWriteLock@c0bfe5a
      providerMap = class com.ibm.ws.classloading.internal.util.MultiMap@22d5deef
      serialVersionUID = -5576435894946156347
      $$$tc$$$ = class com.ibm.websphere.ras.TraceComponent@aed5c3b
    rememberedBundles = class java.util.concurrent.ConcurrentHashMap@56848c7f
      serialVersionUID = 7249069246763182397
      MAXIMUM_CAPACITY = 1073741824
      DEFAULT_CAPACITY = 16
      MAX_ARRAY_SIZE = 2147483639
      DEFAULT_CONCURRENCY_LEVEL = 16
      LOAD_FACTOR = 0.75
      TREEIFY_THRESHOLD = 8
      UNTREEIFY_THRESHOLD = 6
      MIN_TREEIFY_CAPACITY = 64
      MIN_TRANSFER_STRIDE = 16
      RESIZE_STAMP_BITS = 16
      MAX_RESIZERS = 65535
      RESIZE_STAMP_SHIFT = 16
      MOVED = -1
      TREEBIN = -2
      RESERVED = -3
      HASH_BITS = 2147483647
      NCPU = 8
      serialPersistentFields = class java.io.ObjectStreamField[3]
      table = class java.util.concurrent.ConcurrentHashMap$Node[16]
      nextTable = null
      baseCount = 2
      sizeCtl = 12
      transferIndex = 0
      cellsBusy = 0
      counterCells = null
      keySet = null
      values = null
      entrySet = null
      U = class sun.misc.Unsafe@6b528050
      SIZECTL = 20
      TRANSFERINDEX = 32
      BASECOUNT = 24
      CELLSBUSY = 36
      CELLVALUE = 144
      ABASE = 16
      ASHIFT = 2
      keySet = null
      values = null
    collectedBundles = class java.lang.ref.ReferenceQueue@226641f2
      NULL = class java.lang.ref.ReferenceQueue$Null@1c22f16e
      ENQUEUED = class java.lang.ref.ReferenceQueue$Null@7d7de13c
      lock = class java.lang.ref.ReferenceQueue$Lock@4adb95d1
      head = null
      queueLength = 0
      $assertionsDisabled = true
    generatorRefs = class com.ibm.wsspi.kernel.service.utils.ConcurrentServiceReferenceSet@a2ed42b
      referenceName = "generators"
      contextRef = class java.util.concurrent.atomic.AtomicReference@23ae3683
      elementMap = class java.util.LinkedHashMap@df94a53
      elementSet = class java.util.concurrent.ConcurrentSkipListSet@286df9e3
      elementSetUnsorted = false
      serialVersionUID = 756240983881166148
      $$$tc$$$ = class com.ibm.websphere.ras.TraceComponent@5abb799e
    generatorManager = class com.ibm.ws.classloading.internal.ClassGeneratorManager@53757452
      tc = class com.ibm.websphere.ras.TraceComponent@f959190
      generatorRefs = class com.ibm.wsspi.kernel.service.utils.ConcurrentServiceReferenceSet@a2ed42b
      serialVersionUID = 4152663586056483310
    appExtLibs = class java.util.concurrent.CopyOnWriteArrayList@21e0ed37
      serialVersionUID = 8673264195747942595
      lock = class java.util.concurrent.locks.ReentrantLock@45b64d4d
      array = class java.lang.Object[0]
      UNSAFE = class sun.misc.Unsafe@6b528050
      lockOffset = 12
    globalConfig = class com.ibm.ws.classloading.configuration.GlobalClassloadingConfiguration@31995128
      properties = class org.apache.felix.scr.impl.helper.ReadOnlyDictionary@56f5b575
      serialVersionUID = 452562347104713756
      $$$tc$$$ = class com.ibm.websphere.ras.TraceComponent@30565e20
    metaInfServicesProviders = class java.util.concurrent.ConcurrentHashMap@4dea54bc
      serialVersionUID = 7249069246763182397
      MAXIMUM_CAPACITY = 1073741824
      DEFAULT_CAPACITY = 16
      MAX_ARRAY_SIZE = 2147483639
      DEFAULT_CONCURRENCY_LEVEL = 16
      LOAD_FACTOR = 0.75
      TREEIFY_THRESHOLD = 8
      UNTREEIFY_THRESHOLD = 6
      MIN_TREEIFY_CAPACITY = 64
      MIN_TRANSFER_STRIDE = 16
      RESIZE_STAMP_BITS = 16
      MAX_RESIZERS = 65535
      RESIZE_STAMP_SHIFT = 16
      MOVED = -1
      TREEBIN = -2
      RESERVED = -3
      HASH_BITS = 2147483647
      NCPU = 8
      serialPersistentFields = class java.io.ObjectStreamField[3]
      table = null
      nextTable = null
      baseCount = 0
      sizeCtl = 0
      transferIndex = 0
      cellsBusy = 0
      counterCells = null
      keySet = null
      values = null
      entrySet = null
      U = class sun.misc.Unsafe@6b528050
      SIZECTL = 20
      TRANSFERINDEX = 32
      BASECOUNT = 24
      CELLSBUSY = 36
      CELLVALUE = 144
      ABASE = 16
      ASHIFT = 2
      keySet = null
      values = null
    metaInfServicesRefs = class com.ibm.wsspi.kernel.service.utils.ConcurrentServiceReferenceMap@35c57eb7
      referenceName = "MetaInfServicesProvider"
      context = class org.apache.felix.scr.impl.manager.ComponentContextImpl@73f55711
      elementMap = class java.util.concurrent.ConcurrentHashMap@6108e0f
      serialVersionUID = 6980924785166233786
      $$$tc$$$ = class com.ibm.websphere.ras.TraceComponent@12143e16
    protectionDomainMap = class java.util.HashMap@136aa46d
      serialVersionUID = 362498820763181265
      DEFAULT_INITIAL_CAPACITY = 16
      MAXIMUM_CAPACITY = 1073741824
      DEFAULT_LOAD_FACTOR = 0.75
      TREEIFY_THRESHOLD = 8
      UNTREEIFY_THRESHOLD = 6
      MIN_TREEIFY_CAPACITY = 64
      table = class java.util.HashMap$Node[16]
      entrySet = null
      size = 1
      modCount = 1
      threshold = 12
      loadFactor = 0.75
      keySet = class java.util.HashMap$KeySet@a00f518
      values = null
    metadataIdentifierService = class com.ibm.ws.container.service.metadata.internal.MetaDataServiceImpl@18df3937
    globalSharedLibrary = class java.util.concurrent.atomic.AtomicReference@6881a739
      serialVersionUID = -1848883965231344442
      unsafe = class sun.misc.Unsafe@6b528050
      valueOffset = 12
      value = null
    serialVersionUID = 4365026902615131286
  globalSharedLibrary = class com.ibm.ws.library.internal.SharedLibraryImpl@a842a27
    tc = class com.ibm.websphere.ras.TraceComponent@7d4a62b6
      strings[0] = "TraceComponent[com.ibm.ws.library.internal.SharedLibraryImpl,class com.ibm.ws.library.internal.SharedLibraryImpl,[SharedLibrary],com.ibm.ws.classloading.internal.resources.ClassLoadingServiceMessages,null]"
    EMPTY_LIBRARY_LISTENERS = interface com.ibm.wsspi.library.LibraryChangeListener[0]
    deleted = false
    libraryListenersTracker = class org.osgi.util.tracker.ServiceTracker@58ecfae3
      DEBUG = false
      context = class org.eclipse.osgi.internal.framework.BundleContextImpl@6275b6c4
      filter = class org.eclipse.osgi.internal.framework.FilterImpl$And@4d6c8dd9
      customizer = class org.osgi.util.tracker.ServiceTracker@58ecfae3
      listenerFilter = "(&(objectClass=com.ibm.wsspi.library.LibraryChangeListener)(|(library=global)(libraryRef=*com.ibm.ws.classloading.sharedlibrary_18*)))"
      trackClass = null
      trackReference = null
      tracked = class org.osgi.util.tracker.ServiceTracker$Tracked@a09d776
      cachedReference = null
      cachedService = null
    libraryReg = class org.eclipse.osgi.internal.serviceregistry.ServiceRegistrationImpl@1c3c06ed
      registry = class org.eclipse.osgi.internal.serviceregistry.ServiceRegistry@226d48a9
      context = class org.eclipse.osgi.internal.framework.BundleContextImpl@6275b6c4
      bundle = class org.eclipse.osgi.internal.framework.EquinoxBundle@63f01eca
      clazzes = class java.lang.String[1]
      service = class com.ibm.ws.library.internal.SharedLibraryImpl@a842a27
      reference = class org.eclipse.osgi.internal.serviceregistry.ServiceReferenceImpl@4d987b65
      contextsUsing = class java.util.ArrayList@513ff9e5
      properties = class java.util.Collections$UnmodifiableMap@195fcb6b
      serviceid = 277
      serviceranking = 0
      registrationLock = class java.lang.Object@246ee24
      state = 0
      REGISTERED = 0
      UNREGISTERING = 1
      UNREGISTERED = 2
      FRAMEWORK_SET_SERVICE_PROPERTIES_COUNT = 4
      $assertionsDisabled = true
    ctx = class org.eclipse.osgi.internal.framework.BundleContextImpl@6275b6c4
      findHookName = "org.osgi.framework.hooks.bundle.FindHook"
      valid = true
      bundle = class org.eclipse.osgi.internal.framework.EquinoxBundle@63f01eca
      container = class org.eclipse.osgi.internal.framework.EquinoxContainer@63414fe9
      debug = class org.eclipse.osgi.internal.debug.Debug@391a9f7f
      servicesInUse = class java.util.HashMap@38cd27b6
      activator = null
      contextLock = class java.lang.Object@62bd5042
    classLoadingService = class com.ibm.ws.classloading.internal.ClassLoadingServiceImpl@7bd15c01
    configAdmin = class com.ibm.ws.config.admin.internal.ConfigurationAdminImpl@540c2c86
      tc = class com.ibm.websphere.ras.TraceComponent@72d6e20c
      bundle = class org.eclipse.osgi.internal.framework.EquinoxBundle@63f01eca
      caFactory = class com.ibm.ws.config.admin.internal.ConfigAdminServiceFactory@77514121
      serialVersionUID = -2875522750804142523
    resolvedBasePath = "C:/Users/felix/Desktop/FlightLogix/FlightLogix/target/liberty/wlp/usr/servers/FlightLogixServer/"
    generationLock = class com.ibm.ws.library.internal.SharedLibraryImpl$1@24797cdc
      this$0 = class com.ibm.ws.library.internal.SharedLibraryImpl@a842a27
      serialVersionUID = 2483639803450672373
      $$$tc$$$ = class com.ibm.websphere.ras.TraceComponent@7d2c0c82
    currentGeneration = class com.ibm.ws.library.internal.LibraryGeneration@1848a406
      tc = class com.ibm.websphere.ras.TraceComponent@838e2d1
      nextInt = class java.util.concurrent.atomic.AtomicInteger@13061a13
      libraryId = "global"
      genId = 0
      libraryProps = class java.util.Hashtable@e4a32ee
      filesetRefs = class java.util.Collections$UnmodifiableRandomAccessList@5fc80a71
      apiTypeVisibility = class java.util.RegularEnumSet@79f9c569
      files = class java.util.Collections$EmptyList@3788eba1
      folders = class java.util.ArrayList@5a0c8ec7
      fileAndFolderContainers = class java.util.Collections$EmptyList@3788eba1
      filesets = class java.util.concurrent.ArrayBlockingQueue@50e0a2a
      filesetListenerRegs = class java.util.concurrent.ConcurrentLinkedQueue@1a0a1378
      cancelled = false
      library = class com.ibm.ws.library.internal.SharedLibraryImpl@a842a27
      serialVersionUID = 6965220007121905717
    nextGeneration = class com.ibm.ws.library.internal.LibraryGeneration@1848a406
    artifactContainerFactory = class com.ibm.ws.library.internal.SharedLibraryFactory$1@274c7e0e
      this$0 = class com.ibm.ws.library.internal.SharedLibraryFactory@65069aac
      serialVersionUID = 7730244564205089330
      $$$tc$$$ = class com.ibm.websphere.ras.TraceComponent@5d6c9db3
    packageExporter = class com.ibm.ws.library.internal.LibraryPackageExporter@12110e7d
      EXPORTER_POSTFIX = "_library_exporter"
      REGION_EXPORT_TO_LIBERTY = "liberty.library.export.to.liberty"
      REGION_EXPORT_TO_OSGI_APPS = "liberty.library.export.to.osgi.app"
      REGION_KERNEL = "org.eclipse.equinox.region.kernel"
      counter = class java.util.concurrent.atomic.AtomicLong@66018104
      context = class org.eclipse.osgi.internal.framework.BundleContextImpl@6275b6c4
      digraph = class org.eclipse.equinox.internal.region.StandardRegionDigraph@88a3cca
      bundleToLibrary = class java.util.concurrent.ConcurrentHashMap@2c5acf6f
      libraryToVisibility = class java.util.concurrent.ConcurrentHashMap@7b9c7c8e
      serialVersionUID = 8074378969667956573
      $$$tc$$$ = class com.ibm.websphere.ras.TraceComponent@6d7a9e5
    serialVersionUID = 6288237618632180389
  sharedLibDeploymentInfo = class com.ibm.ws.app.manager.module.internal.DeployedAppInfoBase$SharedLibDeploymentInfo@23f57d6
    locAdmin = class com.ibm.ws.kernel.service.location.internal.WsLocationAdminImpl@fe8cc9c
      tc = class com.ibm.websphere.ras.TraceComponent@58b87a9c
      LOC_INTERNAL_LIB_DIR = "wlp.lib.dir"
      LOC_INTERNAL_WORKAREA_DIR = "wlp.workarea.dir"
      LOC_AREA_NAME_APPS = "shared/apps/"
      LOC_AREA_NAME_CONFIG = "shared/config/"
      LOC_AREA_NAME_RESC = "shared/resources/"
      LOC_AREA_NAME_STATE = "logs/state/"
      LOC_AREA_NAME_SERVERS = "servers/"
      LOC_AREA_NAME_CLIENTS = "clients/"
      LOC_AREA_NAME_WORKING = "workarea/"
      LOC_AREA_NAME_EXTENSION = "extension/"
      instance = class com.ibm.ws.kernel.service.location.internal.WsLocationAdminImpl@fe8cc9c
      installRoot = class com.ibm.ws.kernel.service.location.internal.SymbolicRootResource@4fc53b32
      installParentRoot = class com.ibm.ws.kernel.service.location.internal.SymbolicRootResource@50b576c2
      userRoot = class com.ibm.ws.kernel.service.location.internal.SymbolicRootResource@64ad12c4
      usrExtensionRoot = class com.ibm.ws.kernel.service.location.internal.SymbolicRootResource@5375d132
      serverConfigDir = class com.ibm.ws.kernel.service.location.internal.SymbolicRootResource@350f6cc5
      serverOutputDir = class com.ibm.ws.kernel.service.location.internal.SymbolicRootResource@350f6cc5
      bootstrapLib = class com.ibm.ws.kernel.service.location.internal.LocalFileResource@4e770fc0
      serverWorkarea = class com.ibm.ws.kernel.service.location.internal.LocalFileResource@42c00ff8
      serverState = class com.ibm.ws.kernel.service.location.internal.LocalFileResource@3fc1aad3
      sharedAppsRoot = class com.ibm.ws.kernel.service.location.internal.SymbolicRootResource@71e680aa
      sharedConfigRoot = class com.ibm.ws.kernel.service.location.internal.SymbolicRootResource@7198859
      sharedResourceRoot = class com.ibm.ws.kernel.service.location.internal.SymbolicRootResource@4564e88d
      tmpRoot = class com.ibm.ws.kernel.service.location.internal.SymbolicRootResource@77c145c0
      serverName = "FlightLogixServer"
      resourcePaths = class java.util.ArrayList@32677842
      resourceGroups = class java.util.HashMap@79776517
      commonRoot = class com.ibm.ws.kernel.service.location.internal.VirtualRootResource@1b35ca34
      serialVersionUID = -5748835026800463299
    artifactFactory = class com.ibm.ws.artifact.internal.ArtifactContainerFactoryService@eaea2e3
      CATEGORY_PROP_NAME = "category"
      ENTRY_KEY = "com.ibm.wsspi.artifact.ArtifactEntry"
      helperMap = class com.ibm.wsspi.kernel.service.utils.ConcurrentServiceReferenceSetMap@1750774
      contributorMap = class com.ibm.wsspi.kernel.service.utils.ConcurrentServiceReferenceSetMap@113a1345
      helperCategoryMap = class com.ibm.wsspi.kernel.service.utils.ConcurrentServiceReferenceSetMap@6ea6c571
      contributorCategoryMap = class com.ibm.wsspi.kernel.service.utils.ConcurrentServiceReferenceSetMap@3efafcfd
      categories = class java.util.Collections$SynchronizedSet@179d02f1
      baseProperties = class org.apache.felix.scr.impl.helper.ReadOnlyDictionary@567c8b7c
      registration = class com.ibm.ws.kernel.service.util.ServiceRegistrationModifier@e29518f
      serialVersionUID = 6566424214406946230
      $$$tc$$$ = class com.ibm.websphere.ras.TraceComponent@7aca7451
    moduleFactory = class com.ibm.ws.adaptable.module.internal.AdaptableModuleFactoryImpl@226b02da
      adapterFactoryService = class com.ibm.ws.adaptable.module.internal.AdapterFactoryServiceImpl@7fc61bae
      containerFactory = class com.ibm.ws.artifact.internal.ArtifactContainerFactoryService@eaea2e3
      overlayContainerFactory = class com.ibm.ws.artifact.overlay.internal.OverlayContainerFactoryImpl@6d55916b
      serialVersionUID = 4200251809856292987
      $$$tc$$$ = class com.ibm.websphere.ras.TraceComponent@6ca84f83
    classesContainerInfo = class java.util.ArrayList@3b5219ea
      serialVersionUID = 8683452581122892189
      DEFAULT_CAPACITY = 10
      EMPTY_ELEMENTDATA = class java.lang.Object[0]
      DEFAULTCAPACITY_EMPTY_ELEMENTDATA = class java.lang.Object[0]
      elementData = class java.lang.Object[0]
      size = 0
      MAX_ARRAY_SIZE = 2147483639
      modCount = 0
      MAX_ARRAY_SIZE = 2147483639
    serialVersionUID = 5154735746662585226
    $$$tc$$$ = class com.ibm.websphere.ras.TraceComponent@673e286e
      strings[0] = "TraceComponent[com.ibm.ws.app.manager.module.internal.DeployedAppInfoBase$SharedLibDeploymentInfo,class com.ibm.ws.app.manager.module.internal.DeployedAppInfoBase$SharedLibDeploymentInfo,[applications, app.manager],null,null]"
  configAdmin = class com.ibm.ws.config.admin.internal.ConfigurationAdminImpl@11cce29d
    tc = class com.ibm.websphere.ras.TraceComponent@72d6e20c
      strings[0] = "TraceComponent[com.ibm.ws.config.admin.internal.ConfigurationAdminImpl,class com.ibm.ws.config.admin.internal.ConfigurationAdminImpl,[config],com.ibm.ws.config.internal.resources.ConfigMessages,null]"
    bundle = class org.eclipse.osgi.internal.framework.EquinoxBundle@72b5dd10
      equinoxContainer = class org.eclipse.osgi.internal.framework.EquinoxContainer@63414fe9
      module = class org.eclipse.osgi.internal.framework.EquinoxBundle$EquinoxModule@7355a05
      monitor = class java.lang.Object@6fdefa8f
      context = class org.eclipse.osgi.internal.framework.BundleContextImpl@10a7b4df
      signerInfos = null
      $SWITCH_TABLE$org$eclipse$osgi$container$Module$State = {1,2,3,4,5,6,7} /* array length = 7 */
    caFactory = class com.ibm.ws.config.admin.internal.ConfigAdminServiceFactory@77514121
      tc = class com.ibm.websphere.ras.TraceComponent@1fe3e411
      configurationPermission = class org.osgi.service.cm.ConfigurationPermission@34c866e2
      INDEX_DICTIONARY = 0
      INDEX_LOCATION = 1
      INDEX_METATYPE_PROCESSED = 2
      INDEX_IN_OVERRIDES_FILE = 3
      INDEX_REFERENCES = 4
      INDEX_UNIQUES = 5
      bundleContext = class org.eclipse.osgi.internal.framework.BundleContextImpl@380d1002
      msTracker = class com.ibm.ws.config.admin.internal.ManagedServiceTracker@5eabc8de
      msfTracker = class com.ibm.ws.config.admin.internal.ManagedServiceFactoryTracker@24f055d3
      pluginManager = class com.ibm.ws.config.admin.internal.PluginManager@3c1025cf
      configurationStore = class com.ibm.ws.config.admin.internal.ConfigurationStore@4b98bbd9
      updateQueue = class com.ibm.ws.config.admin.internal.UpdateQueue@4b75774c
      ced = class com.ibm.ws.config.admin.internal.ConfigEventDispatcher@6d8dfd3c
      idMap = class java.util.Collections$SynchronizedMap@508e931f
      referenceMap = class java.util.Collections$SynchronizedMap@5ec6aca4
      variableRegistryTracker = class org.osgi.util.tracker.ServiceTracker@3e697f27
      variableRegistry = class com.ibm.ws.kernel.service.location.internal.VariableRegistryHelper@3c0f01cb
      configurationAdminRef = class org.eclipse.osgi.internal.serviceregistry.ServiceRegistrationImpl@6cc37a22
      serialVersionUID = 6695202270027014725
    serialVersionUID = -2875522750804142523
  libraryConfigHelper = class com.ibm.ws.classloading.ClassLoaderConfigHelper@608c85f1
    tc = class com.ibm.websphere.ras.TraceComponent@1eb9e9e8
      strings[0] = "TraceComponent[com.ibm.ws.classloading.ClassLoaderConfigHelper,class com.ibm.ws.classloading.ClassLoaderConfigHelper,[ClassLoadingService],com.ibm.ws.classloading.internal.resources.ClassLoadingServiceMessages,null]"
    DEFAULT_API_TYPES = class java.util.RegularEnumSet@4a2de38c
      serialVersionUID = 3411599620347842686
      elements = 23
      elementType = class java.lang.Class@5cb9a245
      universe = class com.ibm.wsspi.classloading.ApiType[5]
      ZERO_LENGTH_ENUM_ARRAY = class java.lang.Enum[0]
      MAX_ARRAY_SIZE = 2147483639
    sharedLibraries = class java.util.Collections$EmptyList@3788eba1
      serialVersionUID = 8842843931221139166
      modCount = 0
      MAX_ARRAY_SIZE = 2147483639
    commonLibraries = class java.util.Collections$EmptyList@3788eba1
    classProviders = class java.util.Collections$EmptyList@3788eba1
    sharedLibrariesPids = null
    commonLibrariesPids = null
    isDelegateLast = false
    apiTypes = class java.util.RegularEnumSet@4a2de38c
    classLoaderConfigProps = null
    serialVersionUID = 7643888529935916418
  isDelegateLast = false
  permissionManager = class com.ibm.ws.classloading.java2sec.PermissionManager@4bf24ed5
    tc = class com.ibm.websphere.ras.TraceComponent@128e5f1c
      strings[0] = "TraceComponent[com.ibm.ws.classloading.java2sec.PermissionManager,class com.ibm.ws.classloading.java2sec.PermissionManager,[Java2SecurityUtil],com.ibm.ws.classloading.internal.resources.Java2SecurityUtilMessages,null]"
    bundleContext = class org.eclipse.osgi.internal.framework.BundleContextImpl@6275b6c4
    classLoadingService = class com.ibm.ws.classloading.internal.ClassLoadingServiceImpl@7bd15c01
    DEFAULT_SERVER_RESTRICTABLE_PERMISSIONS = class java.security.Permission[4]
      Permission[0] = class java.lang.RuntimePermission@68d63546
      Permission[1] = class java.lang.RuntimePermission@6a34aea5
      Permission[2] = class java.security.SecurityPermission@63f7a92
      Permission[3] = class javax.security.auth.AuthPermission@22540444
    DEFAULT_CLIENT_RESTRICTABLE_PERMISSIONS = class java.security.Permission[3]
      Permission[0] = class java.lang.RuntimePermission@70b4bc11
      Permission[1] = class java.security.SecurityPermission@231e6573
      Permission[2] = class javax.security.auth.AuthPermission@2fb0e559
    isServer = true
    wsjarUrlStreamHandlerAvailable = true
    restrictablePermissions = class java.util.ArrayList@72120237
      serialVersionUID = 8683452581122892189
      DEFAULT_CAPACITY = 10
      EMPTY_ELEMENTDATA = class java.lang.Object[0]
      DEFAULTCAPACITY_EMPTY_ELEMENTDATA = class java.lang.Object[0]
      elementData = class java.lang.Object[10]
      size = 4
      MAX_ARRAY_SIZE = 2147483639
      modCount = 4
      MAX_ARRAY_SIZE = 2147483639
    javaAllCodeBasePermissions = class java.util.ArrayList@7e4e2631
      serialVersionUID = 8683452581122892189
      DEFAULT_CAPACITY = 10
      EMPTY_ELEMENTDATA = class java.lang.Object[0]
      DEFAULTCAPACITY_EMPTY_ELEMENTDATA = class java.lang.Object[0]
      elementData = class java.lang.Object[22]
      size = 21
      MAX_ARRAY_SIZE = 2147483639
      modCount = 21
      MAX_ARRAY_SIZE = 2147483639
    expandProps = true
    grantedPermissions = class java.util.ArrayList@7300bb09
      serialVersionUID = 8683452581122892189
      DEFAULT_CAPACITY = 10
      EMPTY_ELEMENTDATA = class java.lang.Object[0]
      DEFAULTCAPACITY_EMPTY_ELEMENTDATA = class java.lang.Object[0]
      elementData = class java.lang.Object[0]
      size = 0
      MAX_ARRAY_SIZE = 2147483639
      modCount = 0
      MAX_ARRAY_SIZE = 2147483639
    KEY_PERMISSION = "permission"
    INCORRECT_PERMISSION_CONFIGURATION = "INCORRECT_PERMISSION_CONFIGURATION"
    PERMISSION_CLASSNOTFOUND = "PERMISSION_CLASSNOTFOUND"
    SERVER_XML = "server.xml"
    CLIENT_XML = "client.xml"
    JAVA_POLICY = "java.policy"
    os_name = "Windows 10"
    os_version = "10.0"
    originationFile = "server.xml"
    permissions = class com.ibm.wsspi.kernel.service.utils.ConcurrentServiceReferenceSet@23571861
      referenceName = "permission"
      contextRef = class java.util.concurrent.atomic.AtomicReference@2ffdb0d9
      elementMap = class java.util.LinkedHashMap@33b2fd3c
      elementSet = class java.util.concurrent.ConcurrentSkipListSet@2fb2f627
      elementSetUnsorted = false
      serialVersionUID = 756240983881166148
      $$$tc$$$ = class com.ibm.websphere.ras.TraceComponent@5abb799e
    codeBasePermissionMap = class java.util.HashMap@4136b586
      serialVersionUID = 362498820763181265
      DEFAULT_INITIAL_CAPACITY = 16
      MAXIMUM_CAPACITY = 1073741824
      DEFAULT_LOAD_FACTOR = 0.75
      TREEIFY_THRESHOLD = 8
      UNTREEIFY_THRESHOLD = 6
      MIN_TREEIFY_CAPACITY = 64
      table = class java.util.HashMap$Node[16]
      entrySet = null
      size = 1
      modCount = 1
      threshold = 12
      loadFactor = 0.75
      keySet = class java.util.HashMap$KeySet@20dfbba0
      values = null
    permissionXMLPermissionMap = class java.util.HashMap@4ec67c3f
      serialVersionUID = 362498820763181265
      DEFAULT_INITIAL_CAPACITY = 16
      MAXIMUM_CAPACITY = 1073741824
      DEFAULT_LOAD_FACTOR = 0.75
      TREEIFY_THRESHOLD = 8
      UNTREEIFY_THRESHOLD = 6
      MIN_TREEIFY_CAPACITY = 64
      table = null
      entrySet = null
      size = 0
      modCount = 0
      threshold = 0
      loadFactor = 0.75
      keySet = null
      values = null
    serialVersionUID = 8583289148510585888
  permissionsConfig = null
  serialVersionUID = 1131686356392279747
  appInfo = class com.ibm.ws.container.service.app.deploy.internal.ApplicationInfoImpl@57e5b55
    appName = "FlightLogix"
    appMetaData = class com.ibm.ws.container.service.app.deploy.internal.ApplicationMetaDataImpl@2fa8a916
      j2eeName = class com.ibm.ws.container.service.metadata.internal.J2EENameImpl@77410cfc
      serialVersionUID = -7906531148367236579
      $$$tc$$$ = class com.ibm.websphere.ras.TraceComponent@3d739af7
      tc = class com.ibm.websphere.ras.TraceComponent@1f253ea8
      NUM_STATIC_SLOTS = 4
      ID_UNINITIALIZED = -1
      id = 0
      metaDataInterface = class java.lang.Class@4fb7112e
      staticSlots = class java.lang.Object[4]
      dynamicSlots = null
    appContainer = class com.ibm.ws.adaptable.module.internal.AdaptableContainerImpl@6714408e
    configHelper = class com.ibm.ws.app.manager.module.ApplicationNestedConfigHelper@2b5a1e5c
      appInfo = class com.ibm.ws.app.manager.internal.ApplicationInstallInfo@613f7305
      serialVersionUID = -3174031738676705046
      $$$tc$$$ = class com.ibm.websphere.ras.TraceComponent@164d2f53
    applicationInformation = class com.ibm.ws.app.manager.internal.ApplicationInstallInfo@613f7305
    serialVersionUID = 5227817860647895780
    $$$tc$$$ = class com.ibm.websphere.ras.TraceComponent@13e97ae8
      strings[0] = "TraceComponent[com.ibm.ws.container.service.app.deploy.internal.ApplicationInfoImpl,class com.ibm.ws.container.service.app.deploy.internal.ApplicationInfoImpl,[container.service],com.ibm.ws.container.service.resources.Messages,null]"
  appInfoRegistration = null
  modulesDeployed = class java.util.ArrayList@330b319a
    serialVersionUID = 8683452581122892189
    DEFAULT_CAPACITY = 10
    EMPTY_ELEMENTDATA = class java.lang.Object[0]
    DEFAULTCAPACITY_EMPTY_ELEMENTDATA = class java.lang.Object[0]
    elementData = class java.lang.Object[10]
      Object[0] = class com.ibm.ws.app.manager.module.internal.DeployedModuleInfoImpl@52bc04b7
      Object[1] = null
      Object[2] = null
      Object[3] = null
      Object[4] = null
      Object[5] = null
      Object[6] = null
      Object[7] = null
      Object[8] = null
      Object[9] = null
    size = 1
    MAX_ARRAY_SIZE = 2147483639
    modCount = 1
    MAX_ARRAY_SIZE = 2147483639
  starting = true
  started = false
  deployedAppServices = class com.ibm.ws.app.manager.module.internal.DeployedAppServicesImpl@45a5f56c
    SERVER_APPS_DIR = "${server.output.dir}/apps/"
    EXPANDED_APPS_DIR = "${server.output.dir}/apps/expanded/"
    bundleContext = class org.eclipse.osgi.internal.framework.BundleContextImpl@10a7b4df
      findHookName = "org.osgi.framework.hooks.bundle.FindHook"
      valid = true
      bundle = class org.eclipse.osgi.internal.framework.EquinoxBundle@72b5dd10
      container = class org.eclipse.osgi.internal.framework.EquinoxContainer@63414fe9
      debug = class org.eclipse.osgi.internal.debug.Debug@391a9f7f
      servicesInUse = class java.util.HashMap@4255d65f
      activator = null
      contextLock = class java.lang.Object@3142b1a0
    applicationInfoFactory = class com.ibm.ws.container.service.app.deploy.internal.ApplicationInfoFactoryImpl@41024324
    futureMonitor = class com.ibm.ws.threading.internal.FutureMonitorImpl@2ffeafbd
    classLoadingService = class com.ibm.ws.classloading.internal.ClassLoadingServiceImpl@7bd15c01
    globalSharedLibrary = class com.ibm.ws.library.internal.SharedLibraryImpl@a842a27
    globalSharedLibraryPid = "com.ibm.ws.classloading.sharedlibrary_18"
    configAdmin = class com.ibm.ws.config.admin.internal.ConfigurationAdminImpl@11cce29d
    metaDataService = class com.ibm.ws.container.service.metadata.internal.MetaDataServiceImpl@18df3937
    stateChangeService = class com.ibm.ws.container.service.state.internal.StateChangeServiceImpl@353496c3
    allModuleTypes = class java.lang.String[4]
      String[0] = "ejb"
      String[1] = "web"
      String[2] = "client"
      String[3] = "connector"
    moduleMetaDataExtenders = class java.util.concurrent.ConcurrentHashMap@265be22a
      serialVersionUID = 7249069246763182397
      MAXIMUM_CAPACITY = 1073741824
      DEFAULT_CAPACITY = 16
      MAX_ARRAY_SIZE = 2147483639
      DEFAULT_CONCURRENCY_LEVEL = 16
      LOAD_FACTOR = 0.75
      TREEIFY_THRESHOLD = 8
      UNTREEIFY_THRESHOLD = 6
      MIN_TREEIFY_CAPACITY = 64
      MIN_TRANSFER_STRIDE = 16
      RESIZE_STAMP_BITS = 16
      MAX_RESIZERS = 65535
      RESIZE_STAMP_SHIFT = 16
      MOVED = -1
      TREEBIN = -2
      RESERVED = -3
      HASH_BITS = 2147483647
      NCPU = 8
      serialPersistentFields = class java.io.ObjectStreamField[3]
      table = class java.util.concurrent.ConcurrentHashMap$Node[16]
      nextTable = null
      baseCount = 4
      sizeCtl = 12
      transferIndex = 0
      cellsBusy = 0
      counterCells = null
      keySet = null
      values = null
      entrySet = null
      U = class sun.misc.Unsafe@6b528050
      SIZECTL = 20
      TRANSFERINDEX = 32
      BASECOUNT = 24
      CELLSBUSY = 36
      CELLVALUE = 144
      ABASE = 16
      ASHIFT = 2
      keySet = null
      values = null
    nestedModuleMetaDataFactories = class java.util.concurrent.ConcurrentHashMap@4097b9c
      serialVersionUID = 7249069246763182397
      MAXIMUM_CAPACITY = 1073741824
      DEFAULT_CAPACITY = 16
      MAX_ARRAY_SIZE = 2147483639
      DEFAULT_CONCURRENCY_LEVEL = 16
      LOAD_FACTOR = 0.75
      TREEIFY_THRESHOLD = 8
      UNTREEIFY_THRESHOLD = 6
      MIN_TREEIFY_CAPACITY = 64
      MIN_TRANSFER_STRIDE = 16
      RESIZE_STAMP_BITS = 16
      MAX_RESIZERS = 65535
      RESIZE_STAMP_SHIFT = 16
      MOVED = -1
      TREEBIN = -2
      RESERVED = -3
      HASH_BITS = 2147483647
      NCPU = 8
      serialPersistentFields = class java.io.ObjectStreamField[3]
      table = class java.util.concurrent.ConcurrentHashMap$Node[16]
      nextTable = null
      baseCount = 4
      sizeCtl = 12
      transferIndex = 0
      cellsBusy = 0
      counterCells = null
      keySet = null
      values = null
      entrySet = null
      U = class sun.misc.Unsafe@6b528050
      SIZECTL = 20
      TRANSFERINDEX = 32
      BASECOUNT = 24
      CELLSBUSY = 36
      CELLVALUE = 144
      ABASE = 16
      ASHIFT = 2
      keySet = null
      values = null
    permissionManager = class com.ibm.ws.classloading.java2sec.PermissionManager@4bf24ed5
    locAdmin = class com.ibm.ws.kernel.service.location.internal.WsLocationAdminImpl@fe8cc9c
    artifactFactory = class com.ibm.ws.artifact.internal.ArtifactContainerFactoryService@eaea2e3
    moduleFactory = class com.ibm.ws.adaptable.module.internal.AdaptableModuleFactoryImpl@226b02da
    serialVersionUID = 8537801607979767986
    $$$tc$$$ = class com.ibm.websphere.ras.TraceComponent@7b47e32
      strings[0] = "TraceComponent[com.ibm.ws.app.manager.module.internal.DeployedAppServicesImpl,class com.ibm.ws.app.manager.module.internal.DeployedAppServicesImpl,[applications, app.manager],null,null]"
  futureMonitor = class com.ibm.ws.threading.internal.FutureMonitorImpl@2ffeafbd
    _monitor = class java.util.concurrent.ConcurrentLinkedQueue@1d50f69e
      serialVersionUID = 196745693267521676
      head = class java.util.concurrent.ConcurrentLinkedQueue$Node@73d08362
      tail = class java.util.concurrent.ConcurrentLinkedQueue$Node@73d08362
      UNSAFE = class sun.misc.Unsafe@6b528050
      headOffset = 12
      tailOffset = 16
      MAX_ARRAY_SIZE = 2147483639
    _executor = class com.ibm.ws.threading.internal.ScheduledExecutorImpl@7af0b21f
      threadGroupName = "Scheduled Executor Thread Group"
      executor = class com.ibm.ws.threading.internal.ExecutorServiceImpl@5ba01300
      serialVersionUID = -9110693807503469597
      $$$tc$$$ = class com.ibm.websphere.ras.TraceComponent@16ae6967
      continueExistingPeriodicTasksAfterShutdown = false
      executeExistingDelayedTasksAfterShutdown = true
      removeOnCancel = false
      sequencer = class java.util.concurrent.atomic.AtomicLong@5f996412
      ctl = class java.util.concurrent.atomic.AtomicInteger@6c4e8496
      COUNT_BITS = 29
      CAPACITY = 536870911
      RUNNING = -536870912
      SHUTDOWN = 0
      STOP = 536870912
      TIDYING = 1073741824
      TERMINATED = 1610612736
      workQueue = class java.util.concurrent.ScheduledThreadPoolExecutor$DelayedWorkQueue@714d3dd3
      mainLock = class java.util.concurrent.locks.ReentrantLock@6ca29367
      workers = class java.util.HashSet@788fc315
      termination = class java.util.concurrent.locks.AbstractQueuedSynchronizer$ConditionObject@607d92a6
      largestPoolSize = 1
      completedTaskCount = 0
      threadFactory = class com.ibm.ws.threading.internal.ThreadFactoryImpl@7050b
      handler = class java.util.concurrent.ThreadPoolExecutor$AbortPolicy@696f975
      keepAliveTime = 0
      allowCoreThreadTimeOut = false
      corePoolSize = 1
      maximumPoolSize = 2147483647
      defaultHandler = class java.util.concurrent.ThreadPoolExecutor$AbortPolicy@696f975
      shutdownPerm = class java.lang.RuntimePermission@a72b3a3
      acc = null
      ONLY_ONE = true
      $assertionsDisabled = true
    _threadRunning = class java.util.concurrent.atomic.AtomicBoolean@320d92fc
      serialVersionUID = 4654671469794556979
      unsafe = class sun.misc.Unsafe@6b528050
      valueOffset = 12
      value = 0
    _thread = class com.ibm.ws.threading.internal.FutureMonitorImpl$1@3b32ab4d
      this$0 = class com.ibm.ws.threading.internal.FutureMonitorImpl@2ffeafbd
      serialVersionUID = 2422512430832938099
      $$$tc$$$ = class com.ibm.websphere.ras.TraceComponent@70f8e342
    serialVersionUID = 2765238413969174390
    $$$tc$$$ = class com.ibm.websphere.ras.TraceComponent@4eac34e7
      strings[0] = "TraceComponent[com.ibm.ws.threading.internal.FutureMonitorImpl,class com.ibm.ws.threading.internal.FutureMonitorImpl,[Threading],com.ibm.ws.threading.internal.resources.ThreadingMessages,null]"
  appInfoFactory = class com.ibm.ws.container.service.app.deploy.internal.ApplicationInfoFactoryImpl@41024324
    j2eeNameFactory = class com.ibm.wsspi.kernel.service.utils.AtomicServiceReference@af28e8d
      referenceName = "j2eeNameFactory"
      tuple = class java.util.concurrent.atomic.AtomicReference@7bf1694d
      serialVersionUID = 2226592364007985000
      $$$tc$$$ = class com.ibm.websphere.ras.TraceComponent@567b6760
    names = class java.util.HashSet@526c23ec
      serialVersionUID = -5024744406713321676
      map = class java.util.HashMap@49e9a6f7
      PRESENT = class java.lang.Object@ff908c3
      MAX_ARRAY_SIZE = 2147483639
    serialVersionUID = 6232436640731165768
    $$$tc$$$ = class com.ibm.websphere.ras.TraceComponent@5b4cd123
      strings[0] = "TraceComponent[com.ibm.ws.container.service.app.deploy.internal.ApplicationInfoFactoryImpl,class com.ibm.ws.container.service.app.deploy.internal.ApplicationInfoFactoryImpl,[container.service],com.ibm.ws.container.service.resources.Messages,null]"
  metaDataService = class com.ibm.ws.container.service.metadata.internal.MetaDataServiceImpl@18df3937
    applicationMetaDataManager = class com.ibm.ws.container.service.metadata.internal.ApplicationMetaDataManager@38e85e1d
      serialVersionUID = 1843747281024490904
      $$$tc$$$ = class com.ibm.websphere.ras.TraceComponent@15c32247
      listeners = class com.ibm.wsspi.kernel.service.utils.ConcurrentServiceReferenceSet@589b09c7
      metaDataIDs = class com.ibm.ws.container.service.metadata.internal.IndexList@d1a62f1
      metaDatas = class java.util.ArrayList@5dffbbdc
      slotIDs = class com.ibm.ws.container.service.metadata.internal.IndexList@754d0717
      serialVersionUID = 5464421863354792977
      $$$tc$$$ = class com.ibm.websphere.ras.TraceComponent@6776d775
    moduleMetaDataManager = class com.ibm.ws.container.service.metadata.internal.ModuleMetaDataManager@2367cd71
      serialVersionUID = 2513574389899327209
      $$$tc$$$ = class com.ibm.websphere.ras.TraceComponent@9397d53
      listeners = class com.ibm.wsspi.kernel.service.utils.ConcurrentServiceReferenceSet@3084aa24
      metaDataIDs = class com.ibm.ws.container.service.metadata.internal.IndexList@74727925
      metaDatas = class java.util.ArrayList@33b60df3
      slotIDs = class com.ibm.ws.container.service.metadata.internal.IndexList@558bd60e
      serialVersionUID = 5464421863354792977
      $$$tc$$$ = class com.ibm.websphere.ras.TraceComponent@6776d775
    componentMetaDataManager = class com.ibm.ws.container.service.metadata.internal.ComponentMetaDataManager@5789c61e
      serialVersionUID = 8629793739641703882
      $$$tc$$$ = class com.ibm.websphere.ras.TraceComponent@6bb83e71
      listeners = class com.ibm.wsspi.kernel.service.utils.ConcurrentServiceReferenceSet@3af73837
      metaDataIDs = class com.ibm.ws.container.service.metadata.internal.IndexList@28115a54
      metaDatas = class java.util.ArrayList@3e72379a
      slotIDs = class com.ibm.ws.container.service.metadata.internal.IndexList@278954b0
      serialVersionUID = 5464421863354792977
      $$$tc$$$ = class com.ibm.websphere.ras.TraceComponent@6776d775
    methodMetaDataManager = class com.ibm.ws.container.service.metadata.internal.MethodMetaDataManager@2ad37f54
      serialVersionUID = -8002489041502300640
      $$$tc$$$ = class com.ibm.websphere.ras.TraceComponent@426659fb
      listeners = class com.ibm.wsspi.kernel.service.utils.ConcurrentServiceReferenceSet@365eccff
      metaDataIDs = class com.ibm.ws.container.service.metadata.internal.IndexList@1e796fa5
      metaDatas = class java.util.ArrayList@40ac5fe3
      slotIDs = class com.ibm.ws.container.service.metadata.internal.IndexList@90f2790
      serialVersionUID = 5464421863354792977
      $$$tc$$$ = class com.ibm.websphere.ras.TraceComponent@6776d775
    appModuleNameToModuleContainer = class java.util.concurrent.ConcurrentHashMap@5031c4a5
      serialVersionUID = 7249069246763182397
      MAXIMUM_CAPACITY = 1073741824
      DEFAULT_CAPACITY = 16
      MAX_ARRAY_SIZE = 2147483639
      DEFAULT_CONCURRENCY_LEVEL = 16
      LOAD_FACTOR = 0.75
      TREEIFY_THRESHOLD = 8
      UNTREEIFY_THRESHOLD = 6
      MIN_TREEIFY_CAPACITY = 64
      MIN_TRANSFER_STRIDE = 16
      RESIZE_STAMP_BITS = 16
      MAX_RESIZERS = 65535
      RESIZE_STAMP_SHIFT = 16
      MOVED = -1
      TREEBIN = -2
      RESERVED = -3
      HASH_BITS = 2147483647
      NCPU = 8
      serialPersistentFields = class java.io.ObjectStreamField[3]
      table = null
      nextTable = null
      baseCount = 0
      sizeCtl = 0
      transferIndex = 0
      cellsBusy = 0
      counterCells = null
      keySet = null
      values = null
      entrySet = null
      U = class sun.misc.Unsafe@6b528050
      SIZECTL = 20
      TRANSFERINDEX = 32
      BASECOUNT = 24
      CELLSBUSY = 36
      CELLVALUE = 144
      ABASE = 16
      ASHIFT = 2
      keySet = null
      values = null
    jeeNameToComponentMetaData = class java.util.concurrent.ConcurrentHashMap@4da08797
      serialVersionUID = 7249069246763182397
      MAXIMUM_CAPACITY = 1073741824
      DEFAULT_CAPACITY = 16
      MAX_ARRAY_SIZE = 2147483639
      DEFAULT_CONCURRENCY_LEVEL = 16
      LOAD_FACTOR = 0.75
      TREEIFY_THRESHOLD = 8
      UNTREEIFY_THRESHOLD = 6
      MIN_TREEIFY_CAPACITY = 64
      MIN_TRANSFER_STRIDE = 16
      RESIZE_STAMP_BITS = 16
      MAX_RESIZERS = 65535
      RESIZE_STAMP_SHIFT = 16
      MOVED = -1
      TREEBIN = -2
      RESERVED = -3
      HASH_BITS = 2147483647
      NCPU = 8
      serialPersistentFields = class java.io.ObjectStreamField[3]
      table = null
      nextTable = null
      baseCount = 0
      sizeCtl = 0
      transferIndex = 0
      cellsBusy = 0
      counterCells = null
      keySet = null
      values = null
      entrySet = null
      U = class sun.misc.Unsafe@6b528050
      SIZECTL = 20
      TRANSFERINDEX = 32
      BASECOUNT = 24
      CELLSBUSY = 36
      CELLVALUE = 144
      ABASE = 16
      ASHIFT = 2
      keySet = null
      values = null
    deferredMetaDataFactories = class com.ibm.wsspi.kernel.service.utils.ConcurrentServiceReferenceSet@5480110b
      referenceName = "deferredMetaDataFactory"
      contextRef = class java.util.concurrent.atomic.AtomicReference@3e566696
      elementMap = class java.util.LinkedHashMap@4e95e56b
      elementSet = class java.util.concurrent.ConcurrentSkipListSet@36402a28
      elementSetUnsorted = false
      serialVersionUID = 756240983881166148
      $$$tc$$$ = class com.ibm.websphere.ras.TraceComponent@5abb799e
    deferredMetaDataInitializers = class com.ibm.wsspi.kernel.service.utils.ConcurrentServiceReferenceMap@6598ed10
      referenceName = "deferredMetaDataFactory"
      context = class org.apache.felix.scr.impl.manager.ComponentContextImpl@49f63b7a
      elementMap = class java.util.concurrent.ConcurrentHashMap@1ca771a6
      serialVersionUID = 6980924785166233786
      $$$tc$$$ = class com.ibm.websphere.ras.TraceComponent@12143e16
    serialVersionUID = -2494605732980966097
    $$$tc$$$ = class com.ibm.websphere.ras.TraceComponent@73fbccff
      strings[0] = "TraceComponent[com.ibm.ws.container.service.metadata.internal.MetaDataServiceImpl,class com.ibm.ws.container.service.metadata.internal.MetaDataServiceImpl,[Runtime],null,null]"
  stateChangeService = class com.ibm.ws.container.service.state.internal.StateChangeServiceImpl@353496c3
    applicationStateManager = class com.ibm.ws.container.service.state.internal.ApplicationStateManager@709b4df5
      serialVersionUID = -6685368059484454124
      $$$tc$$$ = class com.ibm.websphere.ras.TraceComponent@3d554a52
      listeners = class com.ibm.wsspi.kernel.service.utils.ConcurrentServiceReferenceSet@3fd9df9e
      serialVersionUID = 2284273176985484160
      $$$tc$$$ = class com.ibm.websphere.ras.TraceComponent@4a49ac77
    moduleStateManager = class com.ibm.ws.container.service.state.internal.ModuleStateManager@2f703134
      serialVersionUID = -5540260902341249963
      $$$tc$$$ = class com.ibm.websphere.ras.TraceComponent@1527e5ec
      listeners = class com.ibm.wsspi.kernel.service.utils.ConcurrentServiceReferenceSet@508ed322
      serialVersionUID = 2284273176985484160
      $$$tc$$$ = class com.ibm.websphere.ras.TraceComponent@4a49ac77
    serialVersionUID = -537917915330350560
    $$$tc$$$ = class com.ibm.websphere.ras.TraceComponent@6112cef3
      strings[0] = "TraceComponent[com.ibm.ws.container.service.state.internal.StateChangeServiceImpl,class com.ibm.ws.container.service.state.internal.StateChangeServiceImpl,[Runtime],null,null]"
  moduleClassesInfo = class com.ibm.ws.app.manager.module.internal.SimpleDeployedAppInfoBase$ModuleClassesInfoProvider@72b24c57
    entryContainerInfosMap = class java.util.HashMap@7de10f7f
      serialVersionUID = 362498820763181265
      DEFAULT_INITIAL_CAPACITY = 16
      MAXIMUM_CAPACITY = 1073741824
      DEFAULT_LOAD_FACTOR = 0.75
      TREEIFY_THRESHOLD = 8
      UNTREEIFY_THRESHOLD = 6
      MIN_TREEIFY_CAPACITY = 64
      table = null
      entrySet = null
      size = 0
      modCount = 0
      threshold = 0
      loadFactor = 0.75
      keySet = null
      values = null
    serialVersionUID = -70332790531324534
    $$$tc$$$ = class com.ibm.websphere.ras.TraceComponent@3fca2b05
      strings[0] = "TraceComponent[com.ibm.ws.app.manager.module.internal.SimpleDeployedAppInfoBase$ModuleClassesInfoProvider,class com.ibm.ws.app.manager.module.internal.SimpleDeployedAppInfoBase$ModuleClassesInfoProvider,[applications, app.manager],null,null]"
  moduleContainerInfos = class java.util.ArrayList@1856d9f8
    serialVersionUID = 8683452581122892189
    DEFAULT_CAPACITY = 10
    EMPTY_ELEMENTDATA = class java.lang.Object[0]
    DEFAULTCAPACITY_EMPTY_ELEMENTDATA = class java.lang.Object[0]
    elementData = class java.lang.Object[10]
      Object[0] = class com.ibm.ws.app.manager.module.internal.SimpleDeployedAppInfoBase$WebModuleContainerInfo@640848ae
      Object[1] = null
      Object[2] = null
      Object[3] = null
      Object[4] = null
      Object[5] = null
      Object[6] = null
      Object[7] = null
      Object[8] = null
      Object[9] = null
    size = 1
    MAX_ARRAY_SIZE = 2147483639
    modCount = 1
    MAX_ARRAY_SIZE = 2147483639
  activeModuleHandlers = class java.util.IdentityHashMap@4b9eb2b5
    DEFAULT_CAPACITY = 32
    MINIMUM_CAPACITY = 4
    MAXIMUM_CAPACITY = 536870912
    table = class java.lang.Object[16]
      Object[0] = null
      Object[1] = null
      Object[2] = null
      Object[3] = null
      Object[4] = null
      Object[5] = null
      Object[6] = null
      Object[7] = null
      Object[8] = null
      Object[9] = null
      Object[10] = null
      Object[11] = null
      Object[12] = null
      Object[13] = null
      Object[14] = null
      Object[15] = null
    size = 0
    modCount = 2
    NULL_KEY = class java.lang.Object@74ed414d
    entrySet = null
    serialVersionUID = 8188218128353913216
    keySet = null
    values = null
  serialVersionUID = -2685719801501752993
  $$$tc$$$ = class com.ibm.websphere.ras.TraceComponent@63332fde
    strings[0] = "TraceComponent[com.ibm.ws.app.manager.module.internal.SimpleDeployedAppInfoBase,class com.ibm.ws.app.manager.module.internal.SimpleDeployedAppInfoBase,[applications, app.manager],null,null]"

Dump of objectArray[0]
Object type = com.ibm.ws.threading.internal.NonCancelableResultFuture
  _done = false
  _result = null
  _failure = null
  _listeners = class java.util.concurrent.ConcurrentLinkedQueue@6425e7f8
    serialVersionUID = 196745693267521676
    head = class java.util.concurrent.ConcurrentLinkedQueue$Node@3b85a7d0
      item = null
      next = null
      UNSAFE = class sun.misc.Unsafe@6b528050
      itemOffset = 12
      nextOffset = 16
    tail = class java.util.concurrent.ConcurrentLinkedQueue$Node@3b85a7d0
    UNSAFE = class sun.misc.Unsafe@6b528050
    headOffset = 12
    tailOffset = 16
    MAX_ARRAY_SIZE = 2147483639
  _notifiedListeners = class java.util.concurrent.atomic.AtomicBoolean@4ae4301e
    serialVersionUID = 4654671469794556979
    unsafe = class sun.misc.Unsafe@6b528050
      theUnsafe = class sun.misc.Unsafe@6b528050
      INVALID_FIELD_OFFSET = -1
      ARRAY_BOOLEAN_BASE_OFFSET = 16
      ARRAY_BYTE_BASE_OFFSET = 16
      ARRAY_SHORT_BASE_OFFSET = 16
      ARRAY_CHAR_BASE_OFFSET = 16
      ARRAY_INT_BASE_OFFSET = 16
      ARRAY_LONG_BASE_OFFSET = 16
      ARRAY_FLOAT_BASE_OFFSET = 16
      ARRAY_DOUBLE_BASE_OFFSET = 16
      ARRAY_OBJECT_BASE_OFFSET = 16
      ARRAY_BOOLEAN_INDEX_SCALE = 1
      ARRAY_BYTE_INDEX_SCALE = 1
      ARRAY_SHORT_INDEX_SCALE = 2
      ARRAY_CHAR_INDEX_SCALE = 2
      ARRAY_INT_INDEX_SCALE = 4
      ARRAY_LONG_INDEX_SCALE = 8
      ARRAY_FLOAT_INDEX_SCALE = 4
      ARRAY_DOUBLE_INDEX_SCALE = 8
      ARRAY_OBJECT_INDEX_SCALE = 4
      ADDRESS_SIZE = 8
    valueOffset = 12
    value = 0
  serialVersionUID = -296387658814354272
  $$$tc$$$ = class com.ibm.websphere.ras.TraceComponent@1a1827b9
    strings[0] = "TraceComponent[com.ibm.ws.threading.internal.NonCancelableResultFuture,class com.ibm.ws.threading.internal.NonCancelableResultFuture,[Threading],com.ibm.ws.threading.internal.resources.ThreadingMessages,null]"

