------Start of DE processing------ = [4/2/21 15:13:53:660 EDT]
Exception = javax.persistence.PersistenceException
Source = com.ibm.ws.jpa.management.JPAPUnitInfo.createEMFactory
probeid = 759
Stack Dump = javax.persistence.PersistenceException: Exception [EclipseLink-28018] (Eclipse Persistence Services - 2.7.8.v20201217-ecdf3c32c4): org.eclipse.persistence.exceptions.EntityManagerSetupException
Exception Description: Predeployment of PersistenceUnit [jpa-unit] failed.
Internal Exception: Exception [EclipseLink-7237] (Eclipse Persistence Services - 2.7.8.v20201217-ecdf3c32c4): org.eclipse.persistence.exceptions.ValidationException
Exception Description: Entity name must be unique in a persistence unit. Entity name [User] is used for the entity classes [com.FlightLogix.HelloWorld.User] and [com.FlightLogix.Core.User].
	at org.eclipse.persistence.internal.jpa.EntityManagerSetupImpl.createPredeployFailedPersistenceException(EntityManagerSetupImpl.java:2109)
	at org.eclipse.persistence.internal.jpa.EntityManagerSetupImpl.predeploy(EntityManagerSetupImpl.java:2085)
	at org.eclipse.persistence.jpa.PersistenceProvider.createContainerEntityManagerFactoryImpl(PersistenceProvider.java:350)
	at org.eclipse.persistence.jpa.PersistenceProvider.createContainerEntityManagerFactory(PersistenceProvider.java:316)
	at com.ibm.ws.jpa.management.JPAPUnitInfo.createEMFactory(JPAPUnitInfo.java:919)
	at com.ibm.ws.jpa.management.JPAPUnitInfo.initialize(JPAPUnitInfo.java:766)
	at com.ibm.ws.jpa.management.JPAPxmlInfo.extractPersistenceUnits(JPAPxmlInfo.java:182)
	at com.ibm.ws.jpa.management.JPAScopeInfo.processPersistenceUnit(JPAScopeInfo.java:88)
	at com.ibm.ws.jpa.management.JPAApplInfo.addPersistenceUnits(JPAApplInfo.java:119)
	at com.ibm.ws.jpa.container.osgi.internal.JPAComponentImpl.processWebModulePersistenceXml(JPAComponentImpl.java:518)
	at com.ibm.ws.jpa.container.osgi.internal.JPAComponentImpl.applicationStarting(JPAComponentImpl.java:305)
	at com.ibm.ws.container.service.state.internal.ApplicationStateManager.fireStarting(ApplicationStateManager.java:51)
	at com.ibm.ws.container.service.state.internal.StateChangeServiceImpl.fireApplicationStarting(StateChangeServiceImpl.java:50)
	at com.ibm.ws.app.manager.module.internal.SimpleDeployedAppInfoBase.preDeployApp(SimpleDeployedAppInfoBase.java:547)
	at com.ibm.ws.app.manager.module.internal.SimpleDeployedAppInfoBase.installApp(SimpleDeployedAppInfoBase.java:508)
	at com.ibm.ws.app.manager.module.internal.DeployedAppInfoBase.deployApp(DeployedAppInfoBase.java:349)
	at com.ibm.ws.app.manager.war.internal.WARApplicationHandlerImpl.install(WARApplicationHandlerImpl.java:65)
	at com.ibm.ws.app.manager.internal.statemachine.StartAction.execute(StartAction.java:149)
	at com.ibm.ws.app.manager.internal.statemachine.ApplicationStateMachineImpl.enterState(ApplicationStateMachineImpl.java:1352)
	at com.ibm.ws.app.manager.internal.statemachine.ApplicationStateMachineImpl.performAction(ApplicationStateMachineImpl.java:1217)
	at com.ibm.ws.app.manager.internal.statemachine.ApplicationStateMachineImpl.run(ApplicationStateMachineImpl.java:905)
	at com.ibm.ws.threading.internal.ExecutorServiceImpl$RunnableWrapper.run(ExecutorServiceImpl.java:238)
	at java.util.concurrent.ThreadPoolExecutor.runWorker(ThreadPoolExecutor.java:1149)
	at java.util.concurrent.ThreadPoolExecutor$Worker.run(ThreadPoolExecutor.java:624)
	at java.lang.Thread.run(Thread.java:748)
Caused by: Exception [EclipseLink-28018] (Eclipse Persistence Services - 2.7.8.v20201217-ecdf3c32c4): org.eclipse.persistence.exceptions.EntityManagerSetupException
Exception Description: Predeployment of PersistenceUnit [jpa-unit] failed.
Internal Exception: Exception [EclipseLink-7237] (Eclipse Persistence Services - 2.7.8.v20201217-ecdf3c32c4): org.eclipse.persistence.exceptions.ValidationException
Exception Description: Entity name must be unique in a persistence unit. Entity name [User] is used for the entity classes [com.FlightLogix.HelloWorld.User] and [com.FlightLogix.Core.User].
	at org.eclipse.persistence.exceptions.EntityManagerSetupException.predeployFailed(EntityManagerSetupException.java:233)
	... 25 more
Caused by: Exception [EclipseLink-7237] (Eclipse Persistence Services - 2.7.8.v20201217-ecdf3c32c4): org.eclipse.persistence.exceptions.ValidationException
Exception Description: Entity name must be unique in a persistence unit. Entity name [User] is used for the entity classes [com.FlightLogix.HelloWorld.User] and [com.FlightLogix.Core.User].
	at org.eclipse.persistence.exceptions.ValidationException.nonUniqueEntityName(ValidationException.java:1391)
	at org.eclipse.persistence.internal.jpa.metadata.MetadataProject.addAlias(MetadataProject.java:454)
	at org.eclipse.persistence.internal.jpa.metadata.accessors.classes.EntityAccessor.processEntity(EntityAccessor.java:1072)
	at org.eclipse.persistence.internal.jpa.metadata.accessors.classes.EntityAccessor.process(EntityAccessor.java:674)
	at org.eclipse.persistence.internal.jpa.metadata.MetadataProject.processStage2(MetadataProject.java:1879)
	at org.eclipse.persistence.internal.jpa.metadata.MetadataProcessor.processORMMetadata(MetadataProcessor.java:580)
	at org.eclipse.persistence.internal.jpa.deployment.PersistenceUnitProcessor.processORMetadata(PersistenceUnitProcessor.java:629)
	at org.eclipse.persistence.internal.jpa.EntityManagerSetupImpl.predeploy(EntityManagerSetupImpl.java:2006)
	... 23 more

Dump of callerThis
Object type = com.ibm.ws.jpa.container.osgi.internal.OSGiJPAPUnitInfo
  tc = class com.ibm.websphere.ras.TraceComponent@5b670d65
    strings[0] = "TraceComponent[com.ibm.ws.jpa.container.osgi.internal.OSGiJPAPUnitInfo,class com.ibm.ws.jpa.container.osgi.internal.OSGiJPAPUnitInfo,[JPA],com.ibm.ws.jpa.jpa,null]"
  disableWsJpaUrlProcessing = false
  ECLIPSELINK_TARGET_SERVER = "WebSphere_Liberty"
  scopeInfo = class com.ibm.ws.jpa.management.JPAScopeInfo@75e5eee0
    tc = class com.ibm.websphere.ras.TraceComponent@3a311043
      strings[0] = "TraceComponent[com.ibm.ws.jpa.management.JPAScopeInfo,class com.ibm.ws.jpa.management.JPAScopeInfo,[JPA],com.ibm.ws.jpa.jpa,null]"
    scopeName = "FlightLogix.war"
    scope = class com.ibm.ws.jpa.management.JPAPuScope@23c296c
      EJB_Scope = class com.ibm.ws.jpa.management.JPAPuScope@6626ad09
      Web_Scope = class com.ibm.ws.jpa.management.JPAPuScope@23c296c
      EAR_Scope = class com.ibm.ws.jpa.management.JPAPuScope@3a464545
      Client_Scope = class com.ibm.ws.jpa.management.JPAPuScope@668cb80c
      $VALUES = class com.ibm.ws.jpa.management.JPAPuScope[4]
      name = "Web_Scope"
      ordinal = 1
    pxmlsInfo = class java.util.HashMap@10cc25e6
      serialVersionUID = 362498820763181265
      DEFAULT_INITIAL_CAPACITY = 16
      MAXIMUM_CAPACITY = 1073741824
      DEFAULT_LOAD_FACTOR = 0.75
      TREEIFY_THRESHOLD = 8
      UNTREEIFY_THRESHOLD = 6
      MIN_TREEIFY_CAPACITY = 64
      table = class java.util.HashMap$Node[16]
      entrySet = null
      size = 1
      modCount = 1
      threshold = 12
      loadFactor = 0.75
      keySet = null
      values = null
  serialVersionUID = -898488667409903028
  CLASS_NAME = "com.ibm.ws.jpa.management.JPAPUnitInfo"
  tc = class com.ibm.websphere.ras.TraceComponent@81ff615
    strings[0] = "TraceComponent[com.ibm.ws.jpa.management.JPAPUnitInfo,class com.ibm.ws.jpa.management.JPAPUnitInfo,[JPA],com.ibm.ws.jpa.jpa,null]"
  tcTransformer = class com.ibm.websphere.ras.TraceComponent@7d481b69
    strings[0] = "TraceComponent[com.ibm.ws.jpa.management.JPAPUnitInfo_Transformer,class com.ibm.ws.jpa.management.JPAPUnitInfo,[JPA.Transformer],com.ibm.ws.jpa.jpa,null]"
  tcBytecodeCapture = class com.ibm.websphere.ras.TraceComponent@e0f42c5
    strings[0] = "TraceComponent[com.ibm.ws.jpa.management.JPAPUnitInfo_BytecodeCapture,class com.ibm.ws.jpa.management.JPAPUnitInfo,[JavaPersistenceByteCode],com.ibm.ws.jpa.jpa,null]"
  svThreadContextAccessor = class com.ibm.ws.util.ThreadContextAccessor$ReflectionThreadContextAccessorImpl@2450b508
    field = class java.lang.reflect.Field@50883087
      clazz = class java.lang.Class@6504e3b2
      slot = 9
      name = "contextClassLoader"
      type = class java.lang.Class@251a69d7
      modifiers = 2
      signature = null
      genericInfo = null
      annotations = null
      fieldAccessor = null
      overrideFieldAccessor = null
      root = class java.lang.reflect.Field@2643a345
      declaredAnnotations = null
      ACCESS_PERMISSION = class java.lang.reflect.ReflectPermission@1d7b493d
      override = true
      reflectionFactory = class sun.reflect.ReflectionFactory@51d3df7b
      securityCheckCache = null
    tc = class com.ibm.ejs.ras.TraceComponent@322b0309
      strings[0] = "TraceComponent[com.ibm.ws.util.ThreadContextAccessor,class com.ibm.ws.util.ThreadContextAccessor,[Runtime],null,null]"
    PRINT_STACK_ON_SET_CTX_CLASSLOADER = false
    PRIVILEGED_ACTION = class com.ibm.ws.util.ThreadContextAccessor$1@6e8c5f59
    UNCHANGED = class com.ibm.ws.util.ThreadContextAccessor$Unchanged@8beec8b
    threadContextAccessor = class com.ibm.ws.util.ThreadContextAccessor$ReflectionThreadContextAccessorImpl@2450b508
  ivApplInfo = class com.ibm.ws.jpa.container.osgi.internal.OSGiJPAApplInfo@1eddb2c3
    appInfo = class com.ibm.ws.container.service.app.deploy.internal.ApplicationInfoImpl@7762e497
      appName = "FlightLogix"
      appMetaData = class com.ibm.ws.container.service.app.deploy.internal.ApplicationMetaDataImpl@1335fd88
      appContainer = class com.ibm.ws.adaptable.module.internal.AdaptableContainerImpl@6bd9edf5
      configHelper = class com.ibm.ws.app.manager.module.ApplicationNestedConfigHelper@547bcd4d
      applicationInformation = class com.ibm.ws.app.manager.internal.ApplicationInstallInfo@5129c28f
      serialVersionUID = 5227817860647895780
      $$$tc$$$ = class com.ibm.websphere.ras.TraceComponent@43ec0711
    serialVersionUID = 4444074326423067409
    $$$tc$$$ = class com.ibm.websphere.ras.TraceComponent@26bfcff
      strings[0] = "TraceComponent[com.ibm.ws.jpa.container.osgi.internal.OSGiJPAApplInfo,class com.ibm.ws.jpa.container.osgi.internal.OSGiJPAApplInfo,[JPA],com.ibm.ws.jpa.jpa,null]"
    tc = class com.ibm.websphere.ras.TraceComponent@56adb577
      strings[0] = "TraceComponent[com.ibm.ws.jpa.management.JPAApplInfo,class com.ibm.ws.jpa.management.JPAApplInfo,[JPA],com.ibm.ws.jpa.jpa,null]"
    ivJPAComponent = class com.ibm.ws.jpa.container.osgi.internal.JPAComponentImpl@163fd5e8
      tc = class com.ibm.websphere.ras.TraceComponent@3c4954cf
      priv = class com.ibm.ws.kernel.service.util.SecureAction@75644054
      REFERENCE_JPA_RUNTIME = "jpaRuntime"
      REFERENCE_TRANSACTION_MANAGER = "transactionManager"
      REFERENCE_CONTEXT_ACCESSOR = "contextAccessor"
      REFERENCE_RESOURCE_BINDING_LISTENERS = "resourceBindingListeners"
      REFERENCE_JPA_PROVIDER = "jpaProvider"
      REFERENCE_JPA_PROPS_PROVIDER = "jpaPropsProvider"
      REFERENCE_APP_COORD = "appCoord"
      REFERENCE_CLASSLOADING_SERVICE = "classLoadingService"
      context = class org.apache.felix.scr.impl.manager.ComponentContextImpl@7d004fd0
      props = class org.apache.felix.scr.impl.helper.ReadOnlyDictionary@7e4fd4a4
      server = true
      stuckApps = class java.util.concurrent.ConcurrentSkipListSet@17241ecd
      jpaRuntime = class com.ibm.wsspi.kernel.service.utils.AtomicServiceReference@40159a9d
      ivTransactionManagerSR = class com.ibm.wsspi.kernel.service.utils.AtomicServiceReference@3f142380
      ivContextAccessorSR = class com.ibm.wsspi.kernel.service.utils.AtomicServiceReference@3ffe3a32
      resourceBindingListeners = class com.ibm.wsspi.kernel.service.utils.ConcurrentServiceReferenceSet@81b9976
      providerIntegrationSR = class com.ibm.wsspi.kernel.service.utils.AtomicServiceReference@64362b9a
      propProviderSRs = class com.ibm.wsspi.kernel.service.utils.ConcurrentServiceReferenceSet@7aa01cbf
      classLoadingService = class com.ibm.ws.classloading.internal.ClassLoadingServiceImpl@2cd57dea
      serialVersionUID = -1386978515111860254
      tc = class com.ibm.websphere.ras.TraceComponent@5ccd83de
      applList = class java.util.Collections$SynchronizedMap@34419673
      ivCallBackHandler = class com.ibm.ws.jpa.management.JPAUserTxCallBackHandler@604579a4
      ivTxCallbackRegistered = false
    applName = "FlightLogix"
    puScopes = class java.util.HashMap@2f8d3aa5
      serialVersionUID = 362498820763181265
      DEFAULT_INITIAL_CAPACITY = 16
      MAXIMUM_CAPACITY = 1073741824
      DEFAULT_LOAD_FACTOR = 0.75
      TREEIFY_THRESHOLD = 8
      UNTREEIFY_THRESHOLD = 6
      MIN_TREEIFY_CAPACITY = 64
      table = class java.util.HashMap$Node[16]
      entrySet = null
      size = 1
      modCount = 1
      threshold = 12
      loadFactor = 0.75
      keySet = null
      values = null
  ivArchivePuId = class com.ibm.ws.jpa.JPAPuId@6dd744ee
    serialVersionUID = 662612505904938066
    ivAppName = "FlightLogix"
    ivModJarName = "FlightLogix.war"
    ivPuName = "jpa-unit"
    ivCurHashCode = -2136671178
  ivTxType = class javax.persistence.spi.PersistenceUnitTransactionType@5f0de39b
    JTA = class javax.persistence.spi.PersistenceUnitTransactionType@5f0de39b
    RESOURCE_LOCAL = class javax.persistence.spi.PersistenceUnitTransactionType@5b47b279
      JTA = class javax.persistence.spi.PersistenceUnitTransactionType@5f0de39b
      RESOURCE_LOCAL = class javax.persistence.spi.PersistenceUnitTransactionType@5b47b279
      $VALUES = class javax.persistence.spi.PersistenceUnitTransactionType[2]
      name = "RESOURCE_LOCAL"
      ordinal = 1
    $VALUES = class javax.persistence.spi.PersistenceUnitTransactionType[2]
      PersistenceUnitTransactionType[0] = class javax.persistence.spi.PersistenceUnitTransactionType@5f0de39b
      PersistenceUnitTransactionType[1] = class javax.persistence.spi.PersistenceUnitTransactionType@5b47b279
    name = "JTA"
    ordinal = 0
  ivDesc = ""
  ivProviderClassName = "org.eclipse.persistence.jpa.PersistenceProvider"
  ivJtaDataSource = class com.ibm.ws.rsadapter.jdbc.WSJdbcDataSource@87d46da
    strings[0] = "_______________________________________________________________________"
    strings[1] = ""
    strings[2] = "    First Failure Data Capture information for"
    strings[3] = "          com.ibm.ws.rsadapter.jdbc.WSJdbcDataSource@87d46da"
    strings[4] = "_______________________________________________________________________"
    strings[5] = ""
    strings[6] = "ResourceRefInfo:"
    strings[7] = "  
[Resource-ref CMConfigData key items]

	res-sharing-scope:        0 (SHAREABLE)
	res-isolation-level:      0 (TRANSACTION_NONE)
	res-auth:                 1 (APPLICATION)
	commitPriority            0
	branchCoupling            -1
	loginConfigurationName:   null
	loginConfigProperties:    null
	Resource ref name:        not set
	Queue manager id:        not set

"
    strings[8] = "Connection Manager:"
    strings[9] = "  [ConnectionManager]@35e4ce48
JNDI Name <jdbc/myDB>
shareable <true>

"
    strings[10] = "_______________________________________________________________________"
    strings[11] = ""
    strings[12] = "    First Failure Data Capture information for"
    strings[13] = "          com.ibm.ws.rsadapter.impl.WSManagedConnectionFactoryImpl@6099fff4"
    strings[14] = "_______________________________________________________________________"
    strings[15] = ""
    strings[16] = "com.ibm.ws.rsadapter.DSConfig@47a26f50"
    strings[17] = "[beginTranForResultSetScrollingAPIs, true, beginTranForVendorAPIs, true, commitOrRollbackOnCleanup, null, connectionSharing, MatchOriginalRequest, isolationLevel, -1, jndiName, jdbc/myDB, enableConnectionCasting, false, queryTimeout, null, statementCacheSize, 10, supplementalJDBCTrace, null, syncQueryTimeoutWithTransactionTimeout, false, transactional, true]"
    strings[18] = "{serverName=soen.mysql.database.azure.com, password=******, databaseName=db, user=username@soen, portNumber=3306}"
    strings[19] = "Vendor implementation class:"
    strings[20] = "  class com.mysql.cj.jdbc.MysqlConnectionPoolDataSource
"
    strings[21] = "Type:"
    strings[22] = "  interface javax.sql.ConnectionPoolDataSource
"
    strings[23] = "Underlying DataSource or Driver Object: com.mysql.cj.jdbc.MysqlConnectionPoolDataSource@2af3f6f5"
    strings[24] = "  com.mysql.cj.jdbc.MysqlConnectionPoolDataSource@2af3f6f5
"
    strings[25] = "Instance id:"
    strings[26] = "  1
"
    strings[27] = "Log Writer:"
    strings[28] = "  null
"
    strings[29] = "Counter of fatal connection errors on ManagedConnections created by this MCF:"
    strings[30] = "  0
"
  ivNonJtaDataSource = null
  ivMappingFileNames = class java.util.ArrayList@1eeb095b
    serialVersionUID = 8683452581122892189
    DEFAULT_CAPACITY = 10
    EMPTY_ELEMENTDATA = class java.lang.Object[0]
    DEFAULTCAPACITY_EMPTY_ELEMENTDATA = class java.lang.Object[0]
    elementData = class java.lang.Object[0]
    size = 0
    MAX_ARRAY_SIZE = 2147483639
    modCount = 1
    MAX_ARRAY_SIZE = 2147483639
  ivJarFileURLs = class java.util.ArrayList@44a36688
    serialVersionUID = 8683452581122892189
    DEFAULT_CAPACITY = 10
    EMPTY_ELEMENTDATA = class java.lang.Object[0]
    DEFAULTCAPACITY_EMPTY_ELEMENTDATA = class java.lang.Object[0]
    elementData = class java.lang.Object[0]
    size = 0
    MAX_ARRAY_SIZE = 2147483639
    modCount = 1
    MAX_ARRAY_SIZE = 2147483639
  ivManagedClassNames = class java.util.ArrayList@371b8f75
    serialVersionUID = 8683452581122892189
    DEFAULT_CAPACITY = 10
    EMPTY_ELEMENTDATA = class java.lang.Object[0]
    DEFAULTCAPACITY_EMPTY_ELEMENTDATA = class java.lang.Object[0]
    elementData = class java.lang.Object[0]
    size = 0
    MAX_ARRAY_SIZE = 2147483639
    modCount = 1
    MAX_ARRAY_SIZE = 2147483639
  ivExcludeUnlistedClasses = false
  ivProperties = class java.util.Properties@603c5d4c
    serialVersionUID = 4112578634029874840
    defaults = null
    hexDigit = {0123456789ABCDEF} /* array length = 16 */
    table = class java.util.Hashtable$Entry[11]
      Entry[0] = class java.util.Hashtable$Entry@3a59bda0
      Entry[1] = class java.util.Hashtable$Entry@525e0cc0
      Entry[2] = null
      Entry[3] = null
      Entry[4] = null
      Entry[5] = null
      Entry[6] = null
      Entry[7] = null
      Entry[8] = null
      Entry[9] = null
      Entry[10] = null
    count = 2
    threshold = 8
    loadFactor = 0.75
    modCount = 2
    serialVersionUID = 1421746759512286392
    MAX_ARRAY_SIZE = 2147483639
    keySet = null
    entrySet = class java.util.Collections$SynchronizedSet@a3544eb
      serialVersionUID = 487447009682186044
      serialVersionUID = 3053995032091335093
      c = class java.util.Hashtable$EntrySet@787f5473
      mutex = class java.util.Properties@603c5d4c
    values = null
    KEYS = 0
    VALUES = 1
    ENTRIES = 2
  ivJtaDataSourceJNDIName = "jdbc/myDB"
  ivNonJtaDataSourceJNDIName = null
  ivPUnitRootURL = class java.net.URL@265b21c1
    BUILTIN_HANDLERS_PREFIX = "sun.net.www.protocol"
    serialVersionUID = -7627629688361524110
    protocolPathProp = "java.protocol.handler.pkgs"
    protocol = "file"
    host = ""
    port = -1
    file = "/C:/Users/felix/Desktop/FlightLogix/FlightLogix/target/classes/"
    query = null
    authority = null
    path = "/C:/Users/felix/Desktop/FlightLogix/FlightLogix/target/classes/"
    userInfo = null
    ref = null
    hostAddress = null
    handler = class sun.net.www.protocol.file.Handler@57da9874
    hashCode = 391279636
    tempState = null
    factory = class org.eclipse.osgi.internal.url.URLStreamHandlerFactoryImpl@69042b94
      URLSTREAMHANDLERCLASS = "org.osgi.service.url.URLStreamHandlerService"
      PROTOCOL_HANDLER_PKGS = "java.protocol.handler.pkgs"
      PROTOCOL_REFERENCE = "reference"
      secureAction = class org.eclipse.osgi.framework.util.SecureAction@51dbbfd5
      handlerTracker = class org.osgi.util.tracker.ServiceTracker@38d9c940
      ignoredClasses = class java.util.Arrays$ArrayList@4cc48576
      proxies = class java.util.Hashtable@77265e20
      parentFactory = null
      creatingProtocols = class java.lang.ThreadLocal@7b0f7206
      setAccessible = class java.net.SetAccessible/390689829@dea37ee
      systemLoaders = class java.util.Collections$UnmodifiableCollection@656dfc10
      container = class org.eclipse.osgi.internal.framework.EquinoxContainer@207f69c3
      context = class org.eclipse.osgi.internal.framework.BundleContextImpl@2a54a73f
      factories = null
      internalSecurityManager = class org.eclipse.osgi.internal.url.MultiplexingFactory$InternalSecurityManager@2060b088
    handlers = class java.util.Hashtable@a101891
      table = class java.util.Hashtable$Entry[11]
      count = 7
      threshold = 8
      loadFactor = 0.75
      modCount = 9
      serialVersionUID = 1421746759512286392
      MAX_ARRAY_SIZE = 2147483639
      keySet = null
      entrySet = null
      values = null
      KEYS = 0
      VALUES = 1
      ENTRIES = 2
    streamHandlerLock = class java.lang.Object@6c5f966d
    serialPersistentFields = class java.io.ObjectStreamField[7]
      ObjectStreamField[0] = class java.io.ObjectStreamField@4f454339
      ObjectStreamField[1] = class java.io.ObjectStreamField@770fb6ac
      ObjectStreamField[2] = class java.io.ObjectStreamField@3ccc79b0
      ObjectStreamField[3] = class java.io.ObjectStreamField@5e72be68
      ObjectStreamField[4] = class java.io.ObjectStreamField@3b4b6214
      ObjectStreamField[5] = class java.io.ObjectStreamField@317b0907
      ObjectStreamField[6] = class java.io.ObjectStreamField@6ea5e761
  ivClassLoader = class com.ibm.ws.classloading.internal.AppClassLoader@cfed47
    tc = class com.ibm.websphere.ras.TraceComponent@2fdfd08b
      strings[0] = "TraceComponent[com.ibm.ws.classloading.internal.AppClassLoader,class com.ibm.ws.classloading.internal.AppClassLoader,[ClassLoadingService],com.ibm.ws.classloading.internal.resources.ClassLoadingServiceMessages,null]"
    disableSharedClassesCache = false
    PARENT_FIRST_SEARCH_ORDER = class java.util.Collections$UnmodifiableRandomAccessList@40302291
      serialVersionUID = -2542308836966382001
      serialVersionUID = -283967356065247728
      list = class java.util.Arrays$ArrayList@4f1b9c0
      serialVersionUID = 1820017752578914078
      c = class java.util.Arrays$ArrayList@4f1b9c0
    packagesDefined = class java.util.Collections$SetFromMap@19791c90
      m = class java.util.concurrent.ConcurrentHashMap@12e2982e
      s = class java.util.concurrent.ConcurrentHashMap$KeySetView@3807aa1f
      serialVersionUID = 2454657854757543876
      MAX_ARRAY_SIZE = 2147483639
    CLASS_LOADING_TRACE_PREFIX = "com.ibm.ws.class.load."
    DEFAULT_PACKAGE = "default.package"
    perPackageClassLoadingTraceComponents = class java.util.concurrent.ConcurrentHashMap@41d00f2e
      serialVersionUID = 7249069246763182397
      MAXIMUM_CAPACITY = 1073741824
      DEFAULT_CAPACITY = 16
      MAX_ARRAY_SIZE = 2147483639
      DEFAULT_CONCURRENCY_LEVEL = 16
      LOAD_FACTOR = 0.75
      TREEIFY_THRESHOLD = 8
      UNTREEIFY_THRESHOLD = 6
      MIN_TREEIFY_CAPACITY = 64
      MIN_TRANSFER_STRIDE = 16
      RESIZE_STAMP_BITS = 16
      MAX_RESIZERS = 65535
      RESIZE_STAMP_SHIFT = 16
      MOVED = -1
      TREEBIN = -2
      RESERVED = -3
      HASH_BITS = 2147483647
      NCPU = 8
      serialPersistentFields = class java.io.ObjectStreamField[3]
      table = null
      nextTable = null
      baseCount = 0
      sizeCtl = 0
      transferIndex = 0
      cellsBusy = 0
      counterCells = null
      keySet = null
      values = null
      entrySet = null
      U = class sun.misc.Unsafe@30cd3bd0
      SIZECTL = 20
      TRANSFERINDEX = 32
      BASECOUNT = 24
      CELLSBUSY = 36
      CELLVALUE = 144
      ABASE = 16
      ASHIFT = 2
      keySet = null
      values = null
    config = class com.ibm.ws.classloading.internal.ClassLoaderConfigurationImpl@188ee134
      DEFAULT_PROTECTION_DOMAIN = class java.security.ProtectionDomain@225877d
      delegateLast = false
      includeAppExtensions = true
      id = class com.ibm.ws.classloading.serializable.ClassLoaderIdentityImpl@4fc8b73e
      parentId = null
      sharedLibraries = class java.util.ArrayList@49fe1fb
      commonLibraries = class java.util.Collections$EmptyList@59f363b2
      providers = class java.util.Collections$EmptyList@59f363b2
      nativeLibraryContainers = class java.util.Collections$EmptyList@59f363b2
      protectionDomain = class java.security.ProtectionDomain@41a81a57
      serialVersionUID = 9091690180200375339
      $$$tc$$$ = class com.ibm.websphere.ras.TraceComponent@5d64435d
    privateLibraries = null
    delegateLoaders = class com.ibm.ws.classloading.internal.util.CompositeIterable@61e12638
      iterables = class java.util.Arrays$ArrayList@31b36f92
      serialVersionUID = -1227195994638150837
      $$$tc$$$ = class com.ibm.websphere.ras.TraceComponent@5d78d219
    nativeLibraryFiles = class java.util.ArrayList@30ad3b08
      serialVersionUID = 8683452581122892189
      DEFAULT_CAPACITY = 10
      EMPTY_ELEMENTDATA = class java.lang.Object[0]
      DEFAULTCAPACITY_EMPTY_ELEMENTDATA = class java.lang.Object[0]
      elementData = class java.lang.Object[0]
      size = 0
      MAX_ARRAY_SIZE = 2147483639
      modCount = 0
      MAX_ARRAY_SIZE = 2147483639
    transformers = class java.util.ArrayList@7145eb4c
      serialVersionUID = 8683452581122892189
      DEFAULT_CAPACITY = 10
      EMPTY_ELEMENTDATA = class java.lang.Object[0]
      DEFAULTCAPACITY_EMPTY_ELEMENTDATA = class java.lang.Object[0]
      elementData = class java.lang.Object[10]
      size = 1
      MAX_ARRAY_SIZE = 2147483639
      modCount = 1
      MAX_ARRAY_SIZE = 2147483639
    apiAccess = class com.ibm.ws.classloading.internal.GatewayClassLoader@378a7cde
      config = class com.ibm.ws.classloading.internal.GatewayConfigurationImpl@538b5bf3
      wiringMonitor = class com.ibm.ws.classloading.internal.GatewayClassLoader$1@70f5ebd9
      bundle = class org.eclipse.osgi.internal.framework.EquinoxBundle@953096a
      wiring = class org.eclipse.osgi.container.ModuleWiring@165f9aec
      bundleLoader = class org.eclipse.osgi.internal.loader.EquinoxClassLoader@3ed70b36
      resourceProviders = class com.ibm.ws.classloading.internal.CompositeResourceProvider@1d4f8a90
      serialVersionUID = -4256474098847905153
      $$$tc$$$ = class com.ibm.websphere.ras.TraceComponent@3ff7f3fc
      parent = class sun.misc.Launcher$AppClassLoader@4e0e2f2a
      parallelLockMap = null
      package2certs = class java.util.Hashtable@b3ae13
      nocerts = class java.security.cert.Certificate[0]
      classes = class java.util.Vector@56df5d14
      defaultDomain = class java.security.ProtectionDomain@5f82d0ff
      packages = class java.util.HashMap@f643f5
      scl = class sun.misc.Launcher$AppClassLoader@4e0e2f2a
      sclSet = true
      loadedLibraryNames = class java.util.Vector@50f81afe
      systemNativeLibraries = class java.util.Vector@d1ea35a
      nativeLibraries = class java.util.Vector@1da8b6ce
      nativeLibraryContext = class java.util.Stack@37c21bfb
      usr_paths = class java.lang.String[34]
      sys_paths = class java.lang.String[1]
      assertionLock = class com.ibm.ws.classloading.internal.GatewayClassLoader@378a7cde
      defaultAssertionStatus = false
      packageAssertionStatus = null
      classAssertionStatus = null
    generator = class com.ibm.ws.classloading.internal.ClassGeneratorManager@4b10c150
      tc = class com.ibm.websphere.ras.TraceComponent@5b6242f3
      generatorRefs = class com.ibm.wsspi.kernel.service.utils.ConcurrentServiceReferenceSet@48847751
      serialVersionUID = 4152663586056483310
    protectionDomains = class java.util.concurrent.ConcurrentHashMap@1e2d2311
      serialVersionUID = 7249069246763182397
      MAXIMUM_CAPACITY = 1073741824
      DEFAULT_CAPACITY = 16
      MAX_ARRAY_SIZE = 2147483639
      DEFAULT_CONCURRENCY_LEVEL = 16
      LOAD_FACTOR = 0.75
      TREEIFY_THRESHOLD = 8
      UNTREEIFY_THRESHOLD = 6
      MIN_TREEIFY_CAPACITY = 64
      MIN_TRANSFER_STRIDE = 16
      RESIZE_STAMP_BITS = 16
      MAX_RESIZERS = 65535
      RESIZE_STAMP_SHIFT = 16
      MOVED = -1
      TREEBIN = -2
      RESERVED = -3
      HASH_BITS = 2147483647
      NCPU = 8
      serialPersistentFields = class java.io.ObjectStreamField[3]
      table = class java.util.concurrent.ConcurrentHashMap$Node[16]
      nextTable = null
      baseCount = 1
      sizeCtl = 12
      transferIndex = 0
      cellsBusy = 0
      counterCells = null
      keySet = null
      values = null
      entrySet = null
      U = class sun.misc.Unsafe@30cd3bd0
      SIZECTL = 20
      TRANSFERINDEX = 32
      BASECOUNT = 24
      CELLSBUSY = 36
      CELLVALUE = 144
      ABASE = 16
      ASHIFT = 2
      keySet = null
      values = null
    parent = class com.ibm.ws.classloading.internal.GatewayClassLoader@378a7cde
    hook = null
    serialVersionUID = 8734164900246230615
    tc = class com.ibm.websphere.ras.TraceComponent@46e3c7bf
      strings[0] = "TraceComponent[com.ibm.ws.classloading.internal.ContainerClassLoader,class com.ibm.ws.classloading.internal.ContainerClassLoader,[ClassLoadingService],com.ibm.ws.classloading.internal.resources.ClassLoadingServiceMessages,null]"
    smartClassPath = class com.ibm.ws.classloading.internal.ContainerClassLoader$SmartClassPathImpl@7615060a
      rwLock = class java.util.concurrent.locks.ReentrantReadWriteLock@4461712
      outstandingContainers = class java.util.concurrent.atomic.AtomicInteger@bb3014d
      usePackageMap = true
      maxLastNotFound = 250
      maxLastFound = 900
      maxLastReallyNotFound = 900
      propsInUse = false
      classPath = class java.util.concurrent.CopyOnWriteArrayList@30cb1b24
      MAX_LASTNOTFOUND = 250
      lastNotFound = class java.util.concurrent.CopyOnWriteArrayList@7e46c937
      MAX_LASTFOUND = 900
      lastFoundURL = class java.util.Collections$SynchronizedMap@4a8cbf6a
      MAX_LASTREALLYNOTFOUND = 900
      lastReallyNotFoundURL = class java.util.Collections$SynchronizedMap@5926661f
      packageMap = class java.util.HashMap@31dc4424
      containers = class java.util.Collections$SetFromMap@799b2c59
      serialVersionUID = 1586111247084489525
      $$$tc$$$ = class com.ibm.websphere.ras.TraceComponent@29e141d5
    nativeLibraryContainers = class java.util.ArrayList@2f3906bb
      serialVersionUID = 8683452581122892189
      DEFAULT_CAPACITY = 10
      EMPTY_ELEMENTDATA = class java.lang.Object[0]
      DEFAULTCAPACITY_EMPTY_ELEMENTDATA = class java.lang.Object[0]
      elementData = class java.lang.Object[0]
      size = 0
      MAX_ARRAY_SIZE = 2147483639
      modCount = 0
      MAX_ARRAY_SIZE = 2147483639
    redefiner = class com.ibm.ws.classloading.internal.util.ClassRedefiner@2eefcb87
      tc = class com.ibm.websphere.ras.TraceComponent@76d5734e
      LS = "
"
      inst = class com.sun.proxy.$Proxy0@2cd3f3d0
      serialVersionUID = 2420101865139508526
    jarProtocol = "wsjar:"
    mapCreationQueue = class java.util.concurrent.Executors$FinalizableDelegatedExecutorService@59abcc08
      e = class java.util.concurrent.ThreadPoolExecutor@75d6be06
      $assertionsDisabled = true
    serialVersionUID = 6399598832433768509
    serialVersionUID = 1837293532091806117
    $$$tc$$$ = class com.ibm.websphere.ras.TraceComponent@2e6a034e
      strings[0] = "TraceComponent[com.ibm.ws.classloading.internal.IdentifiedLoader,class com.ibm.ws.classloading.internal.IdentifiedLoader,[ClassLoadingService],com.ibm.ws.classloading.internal.resources.ClassLoadingServiceMessages,null]"
    serialVersionUID = -4586727107834513475
    $$$tc$$$ = class com.ibm.websphere.ras.TraceComponent@5c25da24
      strings[0] = "TraceComponent[com.ibm.ws.classloading.internal.LibertyLoader,class com.ibm.ws.classloading.internal.LibertyLoader,[ClassLoadingService],com.ibm.ws.classloading.internal.resources.ClassLoadingServiceMessages,null]"
    serialVersionUID = -7709588811276454856
    $$$tc$$$ = class com.ibm.websphere.ras.TraceComponent@1e4f892a
      strings[0] = "TraceComponent[com.ibm.ws.classloading.LibertyClassLoader,class com.ibm.ws.classloading.LibertyClassLoader,[ClassLoadingService],com.ibm.ws.classloading.internal.resources.ClassLoadingServiceMessages,null]"
    initialized = true
    pdcache = class java.util.HashMap@7178979b
      serialVersionUID = 362498820763181265
      DEFAULT_INITIAL_CAPACITY = 16
      MAXIMUM_CAPACITY = 1073741824
      DEFAULT_LOAD_FACTOR = 0.75
      TREEIFY_THRESHOLD = 8
      UNTREEIFY_THRESHOLD = 6
      MIN_TREEIFY_CAPACITY = 64
      table = null
      entrySet = null
      size = 0
      modCount = 0
      threshold = 16
      loadFactor = 0.75
      keySet = null
      values = null
    debug = null
    parent = class com.ibm.ws.classloading.internal.GatewayClassLoader@378a7cde
    parallelLockMap = class java.util.concurrent.ConcurrentHashMap@6ba070e
      serialVersionUID = 7249069246763182397
      MAXIMUM_CAPACITY = 1073741824
      DEFAULT_CAPACITY = 16
      MAX_ARRAY_SIZE = 2147483639
      DEFAULT_CONCURRENCY_LEVEL = 16
      LOAD_FACTOR = 0.75
      TREEIFY_THRESHOLD = 8
      UNTREEIFY_THRESHOLD = 6
      MIN_TREEIFY_CAPACITY = 64
      MIN_TRANSFER_STRIDE = 16
      RESIZE_STAMP_BITS = 16
      MAX_RESIZERS = 65535
      RESIZE_STAMP_SHIFT = 16
      MOVED = -1
      TREEBIN = -2
      RESERVED = -3
      HASH_BITS = 2147483647
      NCPU = 8
      serialPersistentFields = class java.io.ObjectStreamField[3]
      table = class java.util.concurrent.ConcurrentHashMap$Node[16]
      nextTable = null
      baseCount = 8
      sizeCtl = 12
      transferIndex = 0
      cellsBusy = 0
      counterCells = null
      keySet = null
      values = null
      entrySet = null
      U = class sun.misc.Unsafe@30cd3bd0
      SIZECTL = 20
      TRANSFERINDEX = 32
      BASECOUNT = 24
      CELLSBUSY = 36
      CELLVALUE = 144
      ABASE = 16
      ASHIFT = 2
      keySet = null
      values = null
    package2certs = class java.util.concurrent.ConcurrentHashMap@58416485
      serialVersionUID = 7249069246763182397
      MAXIMUM_CAPACITY = 1073741824
      DEFAULT_CAPACITY = 16
      MAX_ARRAY_SIZE = 2147483639
      DEFAULT_CONCURRENCY_LEVEL = 16
      LOAD_FACTOR = 0.75
      TREEIFY_THRESHOLD = 8
      UNTREEIFY_THRESHOLD = 6
      MIN_TREEIFY_CAPACITY = 64
      MIN_TRANSFER_STRIDE = 16
      RESIZE_STAMP_BITS = 16
      MAX_RESIZERS = 65535
      RESIZE_STAMP_SHIFT = 16
      MOVED = -1
      TREEBIN = -2
      RESERVED = -3
      HASH_BITS = 2147483647
      NCPU = 8
      serialPersistentFields = class java.io.ObjectStreamField[3]
      table = class java.util.concurrent.ConcurrentHashMap$Node[16]
      nextTable = null
      baseCount = 2
      sizeCtl = 12
      transferIndex = 0
      cellsBusy = 0
      counterCells = null
      keySet = null
      values = null
      entrySet = null
      U = class sun.misc.Unsafe@30cd3bd0
      SIZECTL = 20
      TRANSFERINDEX = 32
      BASECOUNT = 24
      CELLSBUSY = 36
      CELLVALUE = 144
      ABASE = 16
      ASHIFT = 2
      keySet = null
      values = null
    nocerts = class java.security.cert.Certificate[0]
    classes = class java.util.Vector@3faabde8
      elementData = class java.lang.Object[10]
      elementCount = 2
      capacityIncrement = 0
      serialVersionUID = -2767605614048989439
      MAX_ARRAY_SIZE = 2147483639
      modCount = 2
      MAX_ARRAY_SIZE = 2147483639
    defaultDomain = class java.security.ProtectionDomain@adb21c9
      codesource = class java.security.CodeSource@72dfb4bb
      classloader = class com.ibm.ws.classloading.internal.AppClassLoader@cfed47
      principals = interface java.security.Principal[0]
      permissions = null
      hasAllPerm = false
      staticPermissions = false
      key = class java.security.ProtectionDomain$Key@34c1f057
      debug = null
    packages = class java.util.HashMap@5c0fd5eb
      serialVersionUID = 362498820763181265
      DEFAULT_INITIAL_CAPACITY = 16
      MAXIMUM_CAPACITY = 1073741824
      DEFAULT_LOAD_FACTOR = 0.75
      TREEIFY_THRESHOLD = 8
      UNTREEIFY_THRESHOLD = 6
      MIN_TREEIFY_CAPACITY = 64
      table = class java.util.HashMap$Node[16]
      entrySet = null
      size = 2
      modCount = 2
      threshold = 12
      loadFactor = 0.75
      keySet = null
      values = null
    scl = class sun.misc.Launcher$AppClassLoader@4e0e2f2a
      ucp = class sun.misc.URLClassPath@68981b71
      $assertionsDisabled = true
      ucp = class sun.misc.URLClassPath@68981b71
      acc = class java.security.AccessControlContext@c5a976d
      closeables = class java.util.WeakHashMap@1b3cec4c
      initialized = true
      pdcache = class java.util.HashMap@5ce3864f
      debug = null
      parent = class sun.misc.Launcher$ExtClassLoader@1cef5274
      parallelLockMap = class java.util.concurrent.ConcurrentHashMap@74084d31
      package2certs = class java.util.concurrent.ConcurrentHashMap@2cb15d22
      nocerts = class java.security.cert.Certificate[0]
      classes = class java.util.Vector@50938a74
      defaultDomain = class java.security.ProtectionDomain@1082afd7
      packages = class java.util.HashMap@26d51933
      scl = class sun.misc.Launcher$AppClassLoader@4e0e2f2a
      sclSet = true
      loadedLibraryNames = class java.util.Vector@50f81afe
      systemNativeLibraries = class java.util.Vector@d1ea35a
      nativeLibraries = class java.util.Vector@2b1886
      nativeLibraryContext = class java.util.Stack@37c21bfb
      usr_paths = class java.lang.String[34]
      sys_paths = class java.lang.String[1]
      assertionLock = class java.lang.Object@4c27f2dd
      defaultAssertionStatus = false
      packageAssertionStatus = null
      classAssertionStatus = null
    sclSet = true
    loadedLibraryNames = class java.util.Vector@50f81afe
      elementData = class java.lang.Object[10]
      elementCount = 7
      capacityIncrement = 0
      serialVersionUID = -2767605614048989439
      MAX_ARRAY_SIZE = 2147483639
      modCount = 7
      MAX_ARRAY_SIZE = 2147483639
    systemNativeLibraries = class java.util.Vector@d1ea35a
      elementData = class java.lang.Object[10]
      elementCount = 5
      capacityIncrement = 0
      serialVersionUID = -2767605614048989439
      MAX_ARRAY_SIZE = 2147483639
      modCount = 5
      MAX_ARRAY_SIZE = 2147483639
    nativeLibraries = class java.util.Vector@f39f7a3
      elementData = class java.lang.Object[10]
      elementCount = 0
      capacityIncrement = 0
      serialVersionUID = -2767605614048989439
      MAX_ARRAY_SIZE = 2147483639
      modCount = 0
      MAX_ARRAY_SIZE = 2147483639
    nativeLibraryContext = class java.util.Stack@37c21bfb
      serialVersionUID = 1224463164541339165
      elementData = class java.lang.Object[10]
      elementCount = 0
      capacityIncrement = 0
      serialVersionUID = -2767605614048989439
      MAX_ARRAY_SIZE = 2147483639
      modCount = 14
      MAX_ARRAY_SIZE = 2147483639
    usr_paths = class java.lang.String[34]
      String[0] = "C:\Program Files\Java\jdk1.8.0_281\jre\bin"
      String[1] = "C:\WINDOWS\Sun\Java\bin"
      String[2] = "C:\WINDOWS\system32"
      String[3] = "C:\WINDOWS"
      String[4] = "C:\Python39\Scripts\"
      String[5] = "C:\Python39\"
      String[6] = "C:\Program Files (x86)\Common Files\Oracle\Java\javapath"
      String[7] = "C:\WINDOWS\system32"
      String[8] = "C:\WINDOWS"
      String[9] = "C:\WINDOWS\System32\Wbem"
      String[10] = "C:\WINDOWS\System32\WindowsPowerShell\v1.0\"
      String[11] = "C:\WINDOWS\System32\OpenSSH\"
      String[12] = "C:\Program Files\Java\jdk1.8.0_281\bin"
      String[13] = "C:\php-8.0.3-nts-Win32-vs16-x64"
      String[14] = "C:\Program Files\apache-maven-3.6.3\bin"
      String[15] = "C:\Program Files\Docker\Docker\resources\bin"
      String[16] = "C:\ProgramData\DockerDesktop\version-bin"
      String[17] = "C:\Program Files\Git\cmd"
      String[18] = "C:\Program Files\nodejs\"
      String[19] = "C:\ProgramData\chocolatey\bin"
      String[20] = "C:\Program Files\MySQL\MySQL Server 8.0\bin"
      String[21] = "C:\Program Files\MySQL\MySQL Shell 8.0\bin\"
      String[22] = "C:\Users\felix\anaconda3"
      String[23] = "C:\Users\felix\anaconda3\Library\mingw-w64\bin"
      String[24] = "C:\Users\felix\anaconda3\Library\usr\bin"
      String[25] = "C:\Users\felix\anaconda3\Library\bin"
      String[26] = "C:\Users\felix\anaconda3\Scripts"
      String[27] = "C:\Users\felix\AppData\Local\Microsoft\WindowsApps"
      String[28] = "C:\Users\felix\AppData\Local\GitHubDesktop\bin"
      String[29] = "C:\Users\felix\AppData\Local\Programs\Microsoft VS Code\bin"
      String[30] = "C:\Program Files\JetBrains\IntelliJ IDEA 2020.3.2\bin"
      String[31] = "."
      String[32] = "C:\Users\felix\AppData\Roaming\npm"
      String[33] = "."
    sys_paths = class java.lang.String[1]
      String[0] = "C:\Program Files\Java\jdk1.8.0_281\jre\bin"
    assertionLock = class java.lang.Object@65964e51
    defaultAssertionStatus = false
    packageAssertionStatus = null
    classAssertionStatus = null
  tempClassLoader = null
  ivTransformers = class java.util.concurrent.CopyOnWriteArrayList@799384a4
    serialVersionUID = 8673264195747942595
    lock = class java.util.concurrent.locks.ReentrantLock@5e1fc795
      serialVersionUID = 7373984872572414699
      sync = class java.util.concurrent.locks.ReentrantLock$NonfairSync@525ce20a
    array = class java.lang.Object[0]
    UNSAFE = class sun.misc.Unsafe@30cd3bd0
      theUnsafe = class sun.misc.Unsafe@30cd3bd0
      INVALID_FIELD_OFFSET = -1
      ARRAY_BOOLEAN_BASE_OFFSET = 16
      ARRAY_BYTE_BASE_OFFSET = 16
      ARRAY_SHORT_BASE_OFFSET = 16
      ARRAY_CHAR_BASE_OFFSET = 16
      ARRAY_INT_BASE_OFFSET = 16
      ARRAY_LONG_BASE_OFFSET = 16
      ARRAY_FLOAT_BASE_OFFSET = 16
      ARRAY_DOUBLE_BASE_OFFSET = 16
      ARRAY_OBJECT_BASE_OFFSET = 16
      ARRAY_BOOLEAN_INDEX_SCALE = 1
      ARRAY_BYTE_INDEX_SCALE = 1
      ARRAY_SHORT_INDEX_SCALE = 2
      ARRAY_CHAR_INDEX_SCALE = 2
      ARRAY_INT_INDEX_SCALE = 4
      ARRAY_LONG_INDEX_SCALE = 8
      ARRAY_FLOAT_INDEX_SCALE = 4
      ARRAY_DOUBLE_INDEX_SCALE = 8
      ARRAY_OBJECT_INDEX_SCALE = 4
      ADDRESS_SIZE = 8
    lockOffset = 12
  xmlSchemaVersion = "2.2"
  ivCaching = class javax.persistence.SharedCacheMode@4cf0459e
    ALL = class javax.persistence.SharedCacheMode@7742e27d
      ALL = class javax.persistence.SharedCacheMode@7742e27d
      NONE = class javax.persistence.SharedCacheMode@79e1d26b
      ENABLE_SELECTIVE = class javax.persistence.SharedCacheMode@1119d82a
      DISABLE_SELECTIVE = class javax.persistence.SharedCacheMode@4c731de9
      UNSPECIFIED = class javax.persistence.SharedCacheMode@4cf0459e
      $VALUES = class javax.persistence.SharedCacheMode[5]
      name = "ALL"
      ordinal = 0
    NONE = class javax.persistence.SharedCacheMode@79e1d26b
      ALL = class javax.persistence.SharedCacheMode@7742e27d
      NONE = class javax.persistence.SharedCacheMode@79e1d26b
      ENABLE_SELECTIVE = class javax.persistence.SharedCacheMode@1119d82a
      DISABLE_SELECTIVE = class javax.persistence.SharedCacheMode@4c731de9
      UNSPECIFIED = class javax.persistence.SharedCacheMode@4cf0459e
      $VALUES = class javax.persistence.SharedCacheMode[5]
      name = "NONE"
      ordinal = 1
    ENABLE_SELECTIVE = class javax.persistence.SharedCacheMode@1119d82a
      ALL = class javax.persistence.SharedCacheMode@7742e27d
      NONE = class javax.persistence.SharedCacheMode@79e1d26b
      ENABLE_SELECTIVE = class javax.persistence.SharedCacheMode@1119d82a
      DISABLE_SELECTIVE = class javax.persistence.SharedCacheMode@4c731de9
      UNSPECIFIED = class javax.persistence.SharedCacheMode@4cf0459e
      $VALUES = class javax.persistence.SharedCacheMode[5]
      name = "ENABLE_SELECTIVE"
      ordinal = 2
    DISABLE_SELECTIVE = class javax.persistence.SharedCacheMode@4c731de9
      ALL = class javax.persistence.SharedCacheMode@7742e27d
      NONE = class javax.persistence.SharedCacheMode@79e1d26b
      ENABLE_SELECTIVE = class javax.persistence.SharedCacheMode@1119d82a
      DISABLE_SELECTIVE = class javax.persistence.SharedCacheMode@4c731de9
      UNSPECIFIED = class javax.persistence.SharedCacheMode@4cf0459e
      $VALUES = class javax.persistence.SharedCacheMode[5]
      name = "DISABLE_SELECTIVE"
      ordinal = 3
    UNSPECIFIED = class javax.persistence.SharedCacheMode@4cf0459e
    $VALUES = class javax.persistence.SharedCacheMode[5]
      SharedCacheMode[0] = class javax.persistence.SharedCacheMode@7742e27d
      SharedCacheMode[1] = class javax.persistence.SharedCacheMode@79e1d26b
      SharedCacheMode[2] = class javax.persistence.SharedCacheMode@1119d82a
      SharedCacheMode[3] = class javax.persistence.SharedCacheMode@4c731de9
      SharedCacheMode[4] = class javax.persistence.SharedCacheMode@4cf0459e
    name = "UNSPECIFIED"
    ordinal = 4
  ivValidationMode = null
  ivEMFactory = null
  ivEMFactoryException = null
  ivCreateEMFAllowed = true
  ivEMFMap = null
  ivEMPoolMap = class java.util.HashMap@1298dcc4
    serialVersionUID = 362498820763181265
    DEFAULT_INITIAL_CAPACITY = 16
    MAXIMUM_CAPACITY = 1073741824
    DEFAULT_LOAD_FACTOR = 0.75
    TREEIFY_THRESHOLD = 8
    UNTREEIFY_THRESHOLD = 6
    MIN_TREEIFY_CAPACITY = 64
    table = null
    entrySet = null
    size = 0
    modCount = 0
    threshold = 0
    loadFactor = 0.75
    keySet = null
    values = null
  ivEMPoolCapacity = -1
  transformExclusionRegEx = class java.lang.String[2]
    String[0] = ".*_(Stub|Tie)$"
    String[1] = ".*_(\p{XDigit}){8}$"
  transformExclusionPatterns = class java.util.regex.Pattern[2]
    Pattern[0] = class java.util.regex.Pattern@69f29ac9
      UNIX_LINES = 1
      CASE_INSENSITIVE = 2
      COMMENTS = 4
      MULTILINE = 8
      LITERAL = 16
      DOTALL = 32
      UNICODE_CASE = 64
      CANON_EQ = 128
      UNICODE_CHARACTER_CLASS = 256
      serialVersionUID = 5073258162644648461
      pattern = ".*_(Stub|Tie)$"
      flags = 0
      compiled = true
      normalizedPattern = ".*_(Stub|Tie)$"
      root = class java.util.regex.Pattern$Start@77f1a88a
      matchRoot = class java.util.regex.Pattern$Curly@6bdc2483
      buffer = null
      namedGroups = null
      groupNodes = null
      temp = null
      capturingGroupCount = 2
      localCount = 1
      cursor = 14
      patternLength = 0
      hasSupplementary = false
      MAX_REPS = 2147483647
      GREEDY = 0
      LAZY = 1
      POSSESSIVE = 2
      INDEPENDENT = 3
      lookbehindEnd = class java.util.regex.Pattern$4@2563a4a1
      accept = class java.util.regex.Pattern$Node@67121fbf
      lastAccept = class java.util.regex.Pattern$LastNode@5b164fa9
      $assertionsDisabled = true
    Pattern[1] = class java.util.regex.Pattern@6243dcc8
      UNIX_LINES = 1
      CASE_INSENSITIVE = 2
      COMMENTS = 4
      MULTILINE = 8
      LITERAL = 16
      DOTALL = 32
      UNICODE_CASE = 64
      CANON_EQ = 128
      UNICODE_CHARACTER_CLASS = 256
      serialVersionUID = 5073258162644648461
      pattern = ".*_(\p{XDigit}){8}$"
      flags = 0
      compiled = true
      normalizedPattern = ".*_(\p{XDigit}){8}$"
      root = class java.util.regex.Pattern$Start@5f9c7480
      matchRoot = class java.util.regex.Pattern$Curly@3fef5024
      buffer = null
      namedGroups = null
      groupNodes = null
      temp = null
      capturingGroupCount = 2
      localCount = 1
      cursor = 19
      patternLength = 0
      hasSupplementary = false
      MAX_REPS = 2147483647
      GREEDY = 0
      LAZY = 1
      POSSESSIVE = 2
      INDEPENDENT = 3
      lookbehindEnd = class java.util.regex.Pattern$4@2563a4a1
      accept = class java.util.regex.Pattern$Node@67121fbf
      lastAccept = class java.util.regex.Pattern$LastNode@5b164fa9
      $assertionsDisabled = true

