------Start of DE processing------ = [4/2/21 19:06:16:072 EDT]
Exception = org.jboss.weld.resources.spi.ResourceLoadingException
Source = com.ibm.ws.cdi.impl.weld.BeanDeploymentArchiveImpl
probeid = 897
Stack Dump = org.jboss.weld.resources.spi.ResourceLoadingException: Error while loading class Service.HelloResource
	at org.jboss.weld.resources.ClassTransformer.getBackedAnnotatedType(ClassTransformer.java:186)
	at org.jboss.weld.resources.ClassTransformer.getBackedAnnotatedType(ClassTransformer.java:194)
	at org.jboss.weld.manager.BeanManagerImpl.createAnnotatedType(BeanManagerImpl.java:1128)
	at com.ibm.ws.cdi.impl.weld.BeanDeploymentArchiveImpl.createJEEComponentInjectionTarget(BeanDeploymentArchiveImpl.java:896)
	at com.ibm.ws.cdi.impl.weld.BeanDeploymentArchiveImpl.createInjectionTargetsForJEEComponentClass(BeanDeploymentArchiveImpl.java:851)
	at com.ibm.ws.cdi.impl.weld.BeanDeploymentArchiveImpl.createInjectionTargetsForJEEComponentClasses(BeanDeploymentArchiveImpl.java:837)
	at com.ibm.ws.cdi.impl.weld.WebSphereCDIDeploymentImpl.validateJEEComponentClasses(WebSphereCDIDeploymentImpl.java:712)
	at com.ibm.ws.cdi.impl.CDIContainerImpl.startInitialization(CDIContainerImpl.java:159)
	at com.ibm.ws.cdi.liberty.CDIRuntimeImpl.applicationStarting(CDIRuntimeImpl.java:479)
	at com.ibm.ws.container.service.state.internal.ApplicationStateManager.fireStarting(ApplicationStateManager.java:51)
	at com.ibm.ws.container.service.state.internal.StateChangeServiceImpl.fireApplicationStarting(StateChangeServiceImpl.java:50)
	at com.ibm.ws.app.manager.module.internal.SimpleDeployedAppInfoBase.preDeployApp(SimpleDeployedAppInfoBase.java:547)
	at com.ibm.ws.app.manager.module.internal.SimpleDeployedAppInfoBase.installApp(SimpleDeployedAppInfoBase.java:508)
	at com.ibm.ws.app.manager.module.internal.DeployedAppInfoBase.deployApp(DeployedAppInfoBase.java:349)
	at com.ibm.ws.app.manager.war.internal.WARApplicationHandlerImpl.install(WARApplicationHandlerImpl.java:65)
	at com.ibm.ws.app.manager.internal.statemachine.StartAction.execute(StartAction.java:149)
	at com.ibm.ws.app.manager.internal.statemachine.ApplicationStateMachineImpl.enterState(ApplicationStateMachineImpl.java:1352)
	at com.ibm.ws.app.manager.internal.statemachine.ApplicationStateMachineImpl.performAction(ApplicationStateMachineImpl.java:1217)
	at com.ibm.ws.app.manager.internal.statemachine.ApplicationStateMachineImpl.run(ApplicationStateMachineImpl.java:905)
	at com.ibm.ws.threading.internal.ExecutorServiceImpl$RunnableWrapper.run(ExecutorServiceImpl.java:238)
	at java.util.concurrent.ThreadPoolExecutor.runWorker(ThreadPoolExecutor.java:1149)
	at java.util.concurrent.ThreadPoolExecutor$Worker.run(ThreadPoolExecutor.java:624)
	at java.lang.Thread.run(Thread.java:748)
Caused by: java.lang.NoClassDefFoundError: LPersistence/UserDao;
	at java.lang.Class.getDeclaredFields0(Native Method)
	at java.lang.Class.privateGetDeclaredFields(Class.java:2583)
	at java.lang.Class.getDeclaredFields(Class.java:1916)
	at org.jboss.weld.annotated.slim.backed.SecurityActions.getDeclaredFields(SecurityActions.java:49)
	at org.jboss.weld.annotated.slim.backed.BackedAnnotatedType$BackedAnnotatedFields.computeValue(BackedAnnotatedType.java:182)
	at org.jboss.weld.annotated.slim.backed.BackedAnnotatedType$BackedAnnotatedFields.computeValue(BackedAnnotatedType.java:176)
	at org.jboss.weld.util.LazyValueHolder.get(LazyValueHolder.java:46)
	at org.jboss.weld.annotated.slim.backed.BackedAnnotatedType$EagerlyInitializedLazyValueHolder.<init>(BackedAnnotatedType.java:159)
	at org.jboss.weld.annotated.slim.backed.BackedAnnotatedType$BackedAnnotatedFields.<init>(BackedAnnotatedType.java:176)
	at org.jboss.weld.annotated.slim.backed.BackedAnnotatedType$BackedAnnotatedFields.<init>(BackedAnnotatedType.java:176)
	at org.jboss.weld.annotated.slim.backed.BackedAnnotatedType.<init>(BackedAnnotatedType.java:65)
	at org.jboss.weld.annotated.slim.backed.BackedAnnotatedType.of(BackedAnnotatedType.java:47)
	at org.jboss.weld.resources.ClassTransformer$TransformClassToBackedAnnotatedType.apply(ClassTransformer.java:84)
	at org.jboss.weld.resources.ClassTransformer$TransformClassToBackedAnnotatedType.apply(ClassTransformer.java:79)
	at org.jboss.weld.util.cache.ReentrantMapBackedComputingCache.lambda$null$0(ReentrantMapBackedComputingCache.java:55)
	at org.jboss.weld.util.WeakLazyValueHolder$1.computeValue(WeakLazyValueHolder.java:35)
	at org.jboss.weld.util.WeakLazyValueHolder.get(WeakLazyValueHolder.java:53)
	at org.jboss.weld.util.cache.ReentrantMapBackedComputingCache.getValue(ReentrantMapBackedComputingCache.java:72)
	at org.jboss.weld.util.cache.ReentrantMapBackedComputingCache.getCastValue(ReentrantMapBackedComputingCache.java:78)
	at org.jboss.weld.resources.ClassTransformer.getBackedAnnotatedType(ClassTransformer.java:177)
	... 22 more
Caused by: java.lang.ClassNotFoundException: Persistence.UserDao
	at com.ibm.ws.classloading.internal.AppClassLoader.findClassCommonLibraryClassLoaders(AppClassLoader.java:569)
	at com.ibm.ws.classloading.internal.AppClassLoader.findClass(AppClassLoader.java:305)
	at java.lang.ClassLoader.loadClass(ClassLoader.java:418)
	at com.ibm.ws.classloading.internal.AppClassLoader.findOrDelegateLoadClass(AppClassLoader.java:547)
	at com.ibm.ws.classloading.internal.AppClassLoader.loadClass(AppClassLoader.java:505)
	at java.lang.ClassLoader.loadClass(ClassLoader.java:351)
	... 42 more

Dump of callerThis
Object type = com.ibm.ws.cdi.impl.weld.BeanDeploymentArchiveImpl
  archiveClassNames = class java.util.HashSet@799b9b5f
    serialVersionUID = -5024744406713321676
    map = class java.util.HashMap@3ddb4834
      serialVersionUID = 362498820763181265
      DEFAULT_INITIAL_CAPACITY = 16
      MAXIMUM_CAPACITY = 1073741824
      DEFAULT_LOAD_FACTOR = 0.75
      TREEIFY_THRESHOLD = 8
      UNTREEIFY_THRESHOLD = 6
      MIN_TREEIFY_CAPACITY = 64
      table = class java.util.HashMap$Node[32]
      entrySet = null
      size = 23
      modCount = 23
      threshold = 24
      loadFactor = 0.75
      keySet = class java.util.HashMap$KeySet@13ebb237
      values = null
    PRESENT = class java.lang.Object@611ec669
    MAX_ARRAY_SIZE = 2147483639
  allClasses = class java.util.HashSet@4fd2468b
    serialVersionUID = -5024744406713321676
    map = class java.util.HashMap@4375a5c4
      serialVersionUID = 362498820763181265
      DEFAULT_INITIAL_CAPACITY = 16
      MAXIMUM_CAPACITY = 1073741824
      DEFAULT_LOAD_FACTOR = 0.75
      TREEIFY_THRESHOLD = 8
      UNTREEIFY_THRESHOLD = 6
      MIN_TREEIFY_CAPACITY = 64
      table = class java.util.HashMap$Node[32]
      entrySet = null
      size = 23
      modCount = 23
      threshold = 24
      loadFactor = 0.75
      keySet = class java.util.HashMap$KeySet@2135f5fc
      values = null
    PRESENT = class java.lang.Object@611ec669
    MAX_ARRAY_SIZE = 2147483639
  beanClasses = class java.util.TreeMap@3c243311
    comparator = null
    root = class java.util.TreeMap$Entry@3c05bfae
      key = "com.FlightLogix.Core.Itinerary"
      value = class java.lang.Class@3d75709c
      left = class java.util.TreeMap$Entry@584869fc
      right = class java.util.TreeMap$Entry@46f234f6
      parent = null
      color = true
    size = 23
    modCount = 23
    entrySet = null
    navigableKeySet = class java.util.TreeMap$KeySet@5e65884e
      m = class java.util.TreeMap@3c243311
      MAX_ARRAY_SIZE = 2147483639
    descendingMap = null
    UNBOUNDED = class java.lang.Object@8bc1129
    RED = false
    BLACK = true
    serialVersionUID = 919286545866124006
    keySet = null
    values = class java.util.TreeMap$Values@1b07d88c
      this$0 = class java.util.TreeMap@3c243311
      MAX_ARRAY_SIZE = 2147483639
  classloader = class com.ibm.ws.classloading.internal.AppClassLoader@45f26cd1
    tc = class com.ibm.websphere.ras.TraceComponent@2fdfd08b
      strings[0] = "TraceComponent[com.ibm.ws.classloading.internal.AppClassLoader,class com.ibm.ws.classloading.internal.AppClassLoader,[ClassLoadingService],com.ibm.ws.classloading.internal.resources.ClassLoadingServiceMessages,null]"
    disableSharedClassesCache = false
    PARENT_FIRST_SEARCH_ORDER = class java.util.Collections$UnmodifiableRandomAccessList@40302291
      serialVersionUID = -2542308836966382001
      serialVersionUID = -283967356065247728
      list = class java.util.Arrays$ArrayList@4f1b9c0
      serialVersionUID = 1820017752578914078
      c = class java.util.Arrays$ArrayList@4f1b9c0
    packagesDefined = class java.util.Collections$SetFromMap@1ae684ba
      m = class java.util.concurrent.ConcurrentHashMap@7e65b907
      s = class java.util.concurrent.ConcurrentHashMap$KeySetView@3b29ae2d
      serialVersionUID = 2454657854757543876
      MAX_ARRAY_SIZE = 2147483639
    CLASS_LOADING_TRACE_PREFIX = "com.ibm.ws.class.load."
    DEFAULT_PACKAGE = "default.package"
    perPackageClassLoadingTraceComponents = class java.util.concurrent.ConcurrentHashMap@29b13ade
      serialVersionUID = 7249069246763182397
      MAXIMUM_CAPACITY = 1073741824
      DEFAULT_CAPACITY = 16
      MAX_ARRAY_SIZE = 2147483639
      DEFAULT_CONCURRENCY_LEVEL = 16
      LOAD_FACTOR = 0.75
      TREEIFY_THRESHOLD = 8
      UNTREEIFY_THRESHOLD = 6
      MIN_TREEIFY_CAPACITY = 64
      MIN_TRANSFER_STRIDE = 16
      RESIZE_STAMP_BITS = 16
      MAX_RESIZERS = 65535
      RESIZE_STAMP_SHIFT = 16
      MOVED = -1
      TREEBIN = -2
      RESERVED = -3
      HASH_BITS = 2147483647
      NCPU = 8
      serialPersistentFields = class java.io.ObjectStreamField[3]
      table = null
      nextTable = null
      baseCount = 0
      sizeCtl = 0
      transferIndex = 0
      cellsBusy = 0
      counterCells = null
      keySet = null
      values = null
      entrySet = null
      U = class sun.misc.Unsafe@30cd3bd0
      SIZECTL = 20
      TRANSFERINDEX = 32
      BASECOUNT = 24
      CELLSBUSY = 36
      CELLVALUE = 144
      ABASE = 16
      ASHIFT = 2
      keySet = null
      values = null
    config = class com.ibm.ws.classloading.internal.ClassLoaderConfigurationImpl@313d4fd5
      DEFAULT_PROTECTION_DOMAIN = class java.security.ProtectionDomain@225877d
      delegateLast = false
      includeAppExtensions = true
      id = class com.ibm.ws.classloading.serializable.ClassLoaderIdentityImpl@223ae63c
      parentId = null
      sharedLibraries = class java.util.ArrayList@69bf533f
      commonLibraries = class java.util.Collections$EmptyList@59f363b2
      providers = class java.util.Collections$EmptyList@59f363b2
      nativeLibraryContainers = class java.util.Collections$EmptyList@59f363b2
      protectionDomain = class java.security.ProtectionDomain@ff8ea70
      serialVersionUID = 9091690180200375339
      $$$tc$$$ = class com.ibm.websphere.ras.TraceComponent@5d64435d
    privateLibraries = null
    delegateLoaders = class com.ibm.ws.classloading.internal.util.CompositeIterable@1203ca81
      iterables = class java.util.Arrays$ArrayList@3311a2ba
      serialVersionUID = -1227195994638150837
      $$$tc$$$ = class com.ibm.websphere.ras.TraceComponent@5d78d219
    nativeLibraryFiles = class java.util.ArrayList@3cee4f2f
      serialVersionUID = 8683452581122892189
      DEFAULT_CAPACITY = 10
      EMPTY_ELEMENTDATA = class java.lang.Object[0]
      DEFAULTCAPACITY_EMPTY_ELEMENTDATA = class java.lang.Object[0]
      elementData = class java.lang.Object[0]
      size = 0
      MAX_ARRAY_SIZE = 2147483639
      modCount = 0
      MAX_ARRAY_SIZE = 2147483639
    transformers = class java.util.ArrayList@1c29f5a6
      serialVersionUID = 8683452581122892189
      DEFAULT_CAPACITY = 10
      EMPTY_ELEMENTDATA = class java.lang.Object[0]
      DEFAULTCAPACITY_EMPTY_ELEMENTDATA = class java.lang.Object[0]
      elementData = class java.lang.Object[10]
      size = 1
      MAX_ARRAY_SIZE = 2147483639
      modCount = 1
      MAX_ARRAY_SIZE = 2147483639
    apiAccess = class com.ibm.ws.classloading.internal.GatewayClassLoader@4721169d
      config = class com.ibm.ws.classloading.internal.GatewayConfigurationImpl@588a0441
      wiringMonitor = class com.ibm.ws.classloading.internal.GatewayClassLoader$1@28aed10b
      bundle = class org.eclipse.osgi.internal.framework.EquinoxBundle@953096a
      wiring = class org.eclipse.osgi.container.ModuleWiring@165f9aec
      bundleLoader = class org.eclipse.osgi.internal.loader.EquinoxClassLoader@3ed70b36
      resourceProviders = class com.ibm.ws.classloading.internal.CompositeResourceProvider@1d4f8a90
      serialVersionUID = -4256474098847905153
      $$$tc$$$ = class com.ibm.websphere.ras.TraceComponent@3ff7f3fc
      parent = class sun.misc.Launcher$AppClassLoader@4e0e2f2a
      parallelLockMap = null
      package2certs = class java.util.Hashtable@1a71dc31
      nocerts = class java.security.cert.Certificate[0]
      classes = class java.util.Vector@4ae044ab
      defaultDomain = class java.security.ProtectionDomain@42c0f9ba
      packages = class java.util.HashMap@1c385e60
      scl = class sun.misc.Launcher$AppClassLoader@4e0e2f2a
      sclSet = true
      loadedLibraryNames = class java.util.Vector@50f81afe
      systemNativeLibraries = class java.util.Vector@d1ea35a
      nativeLibraries = class java.util.Vector@83c8982
      nativeLibraryContext = class java.util.Stack@37c21bfb
      usr_paths = class java.lang.String[34]
      sys_paths = class java.lang.String[1]
      assertionLock = class com.ibm.ws.classloading.internal.GatewayClassLoader@4721169d
      defaultAssertionStatus = false
      packageAssertionStatus = null
      classAssertionStatus = null
    generator = class com.ibm.ws.classloading.internal.ClassGeneratorManager@4b10c150
      tc = class com.ibm.websphere.ras.TraceComponent@5b6242f3
      generatorRefs = class com.ibm.wsspi.kernel.service.utils.ConcurrentServiceReferenceSet@48847751
      serialVersionUID = 4152663586056483310
    protectionDomains = class java.util.concurrent.ConcurrentHashMap@47315211
      serialVersionUID = 7249069246763182397
      MAXIMUM_CAPACITY = 1073741824
      DEFAULT_CAPACITY = 16
      MAX_ARRAY_SIZE = 2147483639
      DEFAULT_CONCURRENCY_LEVEL = 16
      LOAD_FACTOR = 0.75
      TREEIFY_THRESHOLD = 8
      UNTREEIFY_THRESHOLD = 6
      MIN_TREEIFY_CAPACITY = 64
      MIN_TRANSFER_STRIDE = 16
      RESIZE_STAMP_BITS = 16
      MAX_RESIZERS = 65535
      RESIZE_STAMP_SHIFT = 16
      MOVED = -1
      TREEBIN = -2
      RESERVED = -3
      HASH_BITS = 2147483647
      NCPU = 8
      serialPersistentFields = class java.io.ObjectStreamField[3]
      table = class java.util.concurrent.ConcurrentHashMap$Node[16]
      nextTable = null
      baseCount = 1
      sizeCtl = 12
      transferIndex = 0
      cellsBusy = 0
      counterCells = null
      keySet = null
      values = null
      entrySet = null
      U = class sun.misc.Unsafe@30cd3bd0
      SIZECTL = 20
      TRANSFERINDEX = 32
      BASECOUNT = 24
      CELLSBUSY = 36
      CELLVALUE = 144
      ABASE = 16
      ASHIFT = 2
      keySet = null
      values = null
    parent = class com.ibm.ws.classloading.internal.GatewayClassLoader@4721169d
    hook = null
    serialVersionUID = 8734164900246230615
    tc = class com.ibm.websphere.ras.TraceComponent@46e3c7bf
      strings[0] = "TraceComponent[com.ibm.ws.classloading.internal.ContainerClassLoader,class com.ibm.ws.classloading.internal.ContainerClassLoader,[ClassLoadingService],com.ibm.ws.classloading.internal.resources.ClassLoadingServiceMessages,null]"
    smartClassPath = class com.ibm.ws.classloading.internal.ContainerClassLoader$SmartClassPathImpl@4beacfb4
      rwLock = class java.util.concurrent.locks.ReentrantReadWriteLock@58bc54f9
      outstandingContainers = class java.util.concurrent.atomic.AtomicInteger@563fd60f
      usePackageMap = true
      maxLastNotFound = 250
      maxLastFound = 900
      maxLastReallyNotFound = 900
      propsInUse = false
      classPath = class java.util.concurrent.CopyOnWriteArrayList@5c1e04e
      MAX_LASTNOTFOUND = 250
      lastNotFound = class java.util.concurrent.CopyOnWriteArrayList@73ef6e1d
      MAX_LASTFOUND = 900
      lastFoundURL = class java.util.Collections$SynchronizedMap@49cef705
      MAX_LASTREALLYNOTFOUND = 900
      lastReallyNotFoundURL = class java.util.Collections$SynchronizedMap@6169cf9d
      packageMap = class java.util.HashMap@6b20806e
      containers = class java.util.Collections$SetFromMap@63379491
      serialVersionUID = 1586111247084489525
      $$$tc$$$ = class com.ibm.websphere.ras.TraceComponent@29e141d5
    nativeLibraryContainers = class java.util.ArrayList@5b376d1
      serialVersionUID = 8683452581122892189
      DEFAULT_CAPACITY = 10
      EMPTY_ELEMENTDATA = class java.lang.Object[0]
      DEFAULTCAPACITY_EMPTY_ELEMENTDATA = class java.lang.Object[0]
      elementData = class java.lang.Object[0]
      size = 0
      MAX_ARRAY_SIZE = 2147483639
      modCount = 0
      MAX_ARRAY_SIZE = 2147483639
    redefiner = class com.ibm.ws.classloading.internal.util.ClassRedefiner@2eefcb87
      tc = class com.ibm.websphere.ras.TraceComponent@76d5734e
      LS = "
"
      inst = class com.sun.proxy.$Proxy0@2cd3f3d0
      serialVersionUID = 2420101865139508526
    jarProtocol = "wsjar:"
    mapCreationQueue = class java.util.concurrent.Executors$FinalizableDelegatedExecutorService@59abcc08
      e = class java.util.concurrent.ThreadPoolExecutor@75d6be06
      $assertionsDisabled = true
    serialVersionUID = 6399598832433768509
    serialVersionUID = 1837293532091806117
    $$$tc$$$ = class com.ibm.websphere.ras.TraceComponent@2e6a034e
      strings[0] = "TraceComponent[com.ibm.ws.classloading.internal.IdentifiedLoader,class com.ibm.ws.classloading.internal.IdentifiedLoader,[ClassLoadingService],com.ibm.ws.classloading.internal.resources.ClassLoadingServiceMessages,null]"
    serialVersionUID = -4586727107834513475
    $$$tc$$$ = class com.ibm.websphere.ras.TraceComponent@5c25da24
      strings[0] = "TraceComponent[com.ibm.ws.classloading.internal.LibertyLoader,class com.ibm.ws.classloading.internal.LibertyLoader,[ClassLoadingService],com.ibm.ws.classloading.internal.resources.ClassLoadingServiceMessages,null]"
    serialVersionUID = -7709588811276454856
    $$$tc$$$ = class com.ibm.websphere.ras.TraceComponent@1e4f892a
      strings[0] = "TraceComponent[com.ibm.ws.classloading.LibertyClassLoader,class com.ibm.ws.classloading.LibertyClassLoader,[ClassLoadingService],com.ibm.ws.classloading.internal.resources.ClassLoadingServiceMessages,null]"
    initialized = true
    pdcache = class java.util.HashMap@56643704
      serialVersionUID = 362498820763181265
      DEFAULT_INITIAL_CAPACITY = 16
      MAXIMUM_CAPACITY = 1073741824
      DEFAULT_LOAD_FACTOR = 0.75
      TREEIFY_THRESHOLD = 8
      UNTREEIFY_THRESHOLD = 6
      MIN_TREEIFY_CAPACITY = 64
      table = null
      entrySet = null
      size = 0
      modCount = 0
      threshold = 16
      loadFactor = 0.75
      keySet = null
      values = null
    debug = null
    parent = class com.ibm.ws.classloading.internal.GatewayClassLoader@4721169d
    parallelLockMap = class java.util.concurrent.ConcurrentHashMap@1b084603
      serialVersionUID = 7249069246763182397
      MAXIMUM_CAPACITY = 1073741824
      DEFAULT_CAPACITY = 16
      MAX_ARRAY_SIZE = 2147483639
      DEFAULT_CONCURRENCY_LEVEL = 16
      LOAD_FACTOR = 0.75
      TREEIFY_THRESHOLD = 8
      UNTREEIFY_THRESHOLD = 6
      MIN_TREEIFY_CAPACITY = 64
      MIN_TRANSFER_STRIDE = 16
      RESIZE_STAMP_BITS = 16
      MAX_RESIZERS = 65535
      RESIZE_STAMP_SHIFT = 16
      MOVED = -1
      TREEBIN = -2
      RESERVED = -3
      HASH_BITS = 2147483647
      NCPU = 8
      serialPersistentFields = class java.io.ObjectStreamField[3]
      table = class java.util.concurrent.ConcurrentHashMap$Node[128]
      nextTable = null
      baseCount = 86
      sizeCtl = 96
      transferIndex = 0
      cellsBusy = 0
      counterCells = null
      keySet = null
      values = null
      entrySet = null
      U = class sun.misc.Unsafe@30cd3bd0
      SIZECTL = 20
      TRANSFERINDEX = 32
      BASECOUNT = 24
      CELLSBUSY = 36
      CELLVALUE = 144
      ABASE = 16
      ASHIFT = 2
      keySet = null
      values = null
    package2certs = class java.util.concurrent.ConcurrentHashMap@602adb9
      serialVersionUID = 7249069246763182397
      MAXIMUM_CAPACITY = 1073741824
      DEFAULT_CAPACITY = 16
      MAX_ARRAY_SIZE = 2147483639
      DEFAULT_CONCURRENCY_LEVEL = 16
      LOAD_FACTOR = 0.75
      TREEIFY_THRESHOLD = 8
      UNTREEIFY_THRESHOLD = 6
      MIN_TREEIFY_CAPACITY = 64
      MIN_TRANSFER_STRIDE = 16
      RESIZE_STAMP_BITS = 16
      MAX_RESIZERS = 65535
      RESIZE_STAMP_SHIFT = 16
      MOVED = -1
      TREEBIN = -2
      RESERVED = -3
      HASH_BITS = 2147483647
      NCPU = 8
      serialPersistentFields = class java.io.ObjectStreamField[3]
      table = class java.util.concurrent.ConcurrentHashMap$Node[16]
      nextTable = null
      baseCount = 5
      sizeCtl = 12
      transferIndex = 0
      cellsBusy = 0
      counterCells = null
      keySet = null
      values = null
      entrySet = null
      U = class sun.misc.Unsafe@30cd3bd0
      SIZECTL = 20
      TRANSFERINDEX = 32
      BASECOUNT = 24
      CELLSBUSY = 36
      CELLVALUE = 144
      ABASE = 16
      ASHIFT = 2
      keySet = null
      values = null
    nocerts = class java.security.cert.Certificate[0]
    classes = class java.util.Vector@18995656
      elementData = class java.lang.Object[40]
      elementCount = 23
      capacityIncrement = 0
      serialVersionUID = -2767605614048989439
      MAX_ARRAY_SIZE = 2147483639
      modCount = 23
      MAX_ARRAY_SIZE = 2147483639
    defaultDomain = class java.security.ProtectionDomain@6f328e56
      codesource = class java.security.CodeSource@5dff212d
      classloader = class com.ibm.ws.classloading.internal.AppClassLoader@45f26cd1
      principals = interface java.security.Principal[0]
      permissions = null
      hasAllPerm = false
      staticPermissions = false
      key = class java.security.ProtectionDomain$Key@72451828
      debug = null
    packages = class java.util.HashMap@36d3f5ed
      serialVersionUID = 362498820763181265
      DEFAULT_INITIAL_CAPACITY = 16
      MAXIMUM_CAPACITY = 1073741824
      DEFAULT_LOAD_FACTOR = 0.75
      TREEIFY_THRESHOLD = 8
      UNTREEIFY_THRESHOLD = 6
      MIN_TREEIFY_CAPACITY = 64
      table = class java.util.HashMap$Node[16]
      entrySet = null
      size = 5
      modCount = 5
      threshold = 12
      loadFactor = 0.75
      keySet = null
      values = null
    scl = class sun.misc.Launcher$AppClassLoader@4e0e2f2a
      ucp = class sun.misc.URLClassPath@68981b71
      $assertionsDisabled = true
      ucp = class sun.misc.URLClassPath@68981b71
      acc = class java.security.AccessControlContext@c5a976d
      closeables = class java.util.WeakHashMap@1b3cec4c
      initialized = true
      pdcache = class java.util.HashMap@5ce3864f
      debug = null
      parent = class sun.misc.Launcher$ExtClassLoader@1cef5274
      parallelLockMap = class java.util.concurrent.ConcurrentHashMap@74084d31
      package2certs = class java.util.concurrent.ConcurrentHashMap@2cb15d22
      nocerts = class java.security.cert.Certificate[0]
      classes = class java.util.Vector@50938a74
      defaultDomain = class java.security.ProtectionDomain@1082afd7
      packages = class java.util.HashMap@26d51933
      scl = class sun.misc.Launcher$AppClassLoader@4e0e2f2a
      sclSet = true
      loadedLibraryNames = class java.util.Vector@50f81afe
      systemNativeLibraries = class java.util.Vector@d1ea35a
      nativeLibraries = class java.util.Vector@2b1886
      nativeLibraryContext = class java.util.Stack@37c21bfb
      usr_paths = class java.lang.String[34]
      sys_paths = class java.lang.String[1]
      assertionLock = class java.lang.Object@4c27f2dd
      defaultAssertionStatus = false
      packageAssertionStatus = null
      classAssertionStatus = null
    sclSet = true
    loadedLibraryNames = class java.util.Vector@50f81afe
      elementData = class java.lang.Object[10]
      elementCount = 7
      capacityIncrement = 0
      serialVersionUID = -2767605614048989439
      MAX_ARRAY_SIZE = 2147483639
      modCount = 7
      MAX_ARRAY_SIZE = 2147483639
    systemNativeLibraries = class java.util.Vector@d1ea35a
      elementData = class java.lang.Object[10]
      elementCount = 5
      capacityIncrement = 0
      serialVersionUID = -2767605614048989439
      MAX_ARRAY_SIZE = 2147483639
      modCount = 5
      MAX_ARRAY_SIZE = 2147483639
    nativeLibraries = class java.util.Vector@25aff9eb
      elementData = class java.lang.Object[10]
      elementCount = 0
      capacityIncrement = 0
      serialVersionUID = -2767605614048989439
      MAX_ARRAY_SIZE = 2147483639
      modCount = 0
      MAX_ARRAY_SIZE = 2147483639
    nativeLibraryContext = class java.util.Stack@37c21bfb
      serialVersionUID = 1224463164541339165
      elementData = class java.lang.Object[10]
      elementCount = 0
      capacityIncrement = 0
      serialVersionUID = -2767605614048989439
      MAX_ARRAY_SIZE = 2147483639
      modCount = 14
      MAX_ARRAY_SIZE = 2147483639
    usr_paths = class java.lang.String[34]
      String[0] = "C:\Program Files\Java\jdk1.8.0_281\jre\bin"
      String[1] = "C:\WINDOWS\Sun\Java\bin"
      String[2] = "C:\WINDOWS\system32"
      String[3] = "C:\WINDOWS"
      String[4] = "C:\Python39\Scripts\"
      String[5] = "C:\Python39\"
      String[6] = "C:\Program Files (x86)\Common Files\Oracle\Java\javapath"
      String[7] = "C:\WINDOWS\system32"
      String[8] = "C:\WINDOWS"
      String[9] = "C:\WINDOWS\System32\Wbem"
      String[10] = "C:\WINDOWS\System32\WindowsPowerShell\v1.0\"
      String[11] = "C:\WINDOWS\System32\OpenSSH\"
      String[12] = "C:\Program Files\Java\jdk1.8.0_281\bin"
      String[13] = "C:\php-8.0.3-nts-Win32-vs16-x64"
      String[14] = "C:\Program Files\apache-maven-3.6.3\bin"
      String[15] = "C:\Program Files\Docker\Docker\resources\bin"
      String[16] = "C:\ProgramData\DockerDesktop\version-bin"
      String[17] = "C:\Program Files\Git\cmd"
      String[18] = "C:\Program Files\nodejs\"
      String[19] = "C:\ProgramData\chocolatey\bin"
      String[20] = "C:\Program Files\MySQL\MySQL Server 8.0\bin"
      String[21] = "C:\Program Files\MySQL\MySQL Shell 8.0\bin\"
      String[22] = "C:\Users\felix\anaconda3"
      String[23] = "C:\Users\felix\anaconda3\Library\mingw-w64\bin"
      String[24] = "C:\Users\felix\anaconda3\Library\usr\bin"
      String[25] = "C:\Users\felix\anaconda3\Library\bin"
      String[26] = "C:\Users\felix\anaconda3\Scripts"
      String[27] = "C:\Users\felix\AppData\Local\Microsoft\WindowsApps"
      String[28] = "C:\Users\felix\AppData\Local\GitHubDesktop\bin"
      String[29] = "C:\Users\felix\AppData\Local\Programs\Microsoft VS Code\bin"
      String[30] = "C:\Program Files\JetBrains\IntelliJ IDEA 2020.3.2\bin"
      String[31] = "."
      String[32] = "C:\Users\felix\AppData\Roaming\npm"
      String[33] = "."
    sys_paths = class java.lang.String[1]
      String[0] = "C:\Program Files\Java\jdk1.8.0_281\jre\bin"
    assertionLock = class java.lang.Object@77d630ee
    defaultAssertionStatus = false
    packageAssertionStatus = null
    classAssertionStatus = null
  ejbClasses = class java.util.HashSet@2aee8b9
    serialVersionUID = -5024744406713321676
    map = class java.util.HashMap@2066f061
      serialVersionUID = 362498820763181265
      DEFAULT_INITIAL_CAPACITY = 16
      MAXIMUM_CAPACITY = 1073741824
      DEFAULT_LOAD_FACTOR = 0.75
      TREEIFY_THRESHOLD = 8
      UNTREEIFY_THRESHOLD = 6
      MIN_TREEIFY_CAPACITY = 64
      table = null
      entrySet = null
      size = 0
      modCount = 0
      threshold = 0
      loadFactor = 0.75
      keySet = class java.util.HashMap$KeySet@49287c1d
      values = null
    PRESENT = class java.lang.Object@611ec669
    MAX_ARRAY_SIZE = 2147483639
  managedBeanClasses = class java.util.HashSet@27cacad0
    serialVersionUID = -5024744406713321676
    map = class java.util.HashMap@67c945c
      serialVersionUID = 362498820763181265
      DEFAULT_INITIAL_CAPACITY = 16
      MAXIMUM_CAPACITY = 1073741824
      DEFAULT_LOAD_FACTOR = 0.75
      TREEIFY_THRESHOLD = 8
      UNTREEIFY_THRESHOLD = 6
      MIN_TREEIFY_CAPACITY = 64
      table = null
      entrySet = null
      size = 0
      modCount = 0
      threshold = 0
      loadFactor = 0.75
      keySet = class java.util.HashMap$KeySet@3b047ba5
      values = null
    PRESENT = class java.lang.Object@611ec669
    MAX_ARRAY_SIZE = 2147483639
  injectionClasses = class java.util.HashSet@7a7136bc
    serialVersionUID = -5024744406713321676
    map = class java.util.HashMap@1a197daf
      serialVersionUID = 362498820763181265
      DEFAULT_INITIAL_CAPACITY = 16
      MAXIMUM_CAPACITY = 1073741824
      DEFAULT_LOAD_FACTOR = 0.75
      TREEIFY_THRESHOLD = 8
      UNTREEIFY_THRESHOLD = 6
      MIN_TREEIFY_CAPACITY = 64
      table = class java.util.HashMap$Node[32]
      entrySet = null
      size = 23
      modCount = 23
      threshold = 24
      loadFactor = 0.75
      keySet = class java.util.HashMap$KeySet@7fd5aa26
      values = null
    PRESENT = class java.lang.Object@611ec669
    MAX_ARRAY_SIZE = 2147483639
  jeeComponentClasses = class java.util.HashSet@67d03e58
    serialVersionUID = -5024744406713321676
    map = class java.util.HashMap@6c3261c0
      serialVersionUID = 362498820763181265
      DEFAULT_INITIAL_CAPACITY = 16
      MAXIMUM_CAPACITY = 1073741824
      DEFAULT_LOAD_FACTOR = 0.75
      TREEIFY_THRESHOLD = 8
      UNTREEIFY_THRESHOLD = 6
      MIN_TREEIFY_CAPACITY = 64
      table = class java.util.HashMap$Node[16]
      entrySet = null
      size = 2
      modCount = 2
      threshold = 12
      loadFactor = 0.75
      keySet = class java.util.HashMap$KeySet@483deccf
      values = null
    PRESENT = class java.lang.Object@611ec669
    MAX_ARRAY_SIZE = 2147483639
  additionalClasses = class java.util.HashSet@124ef93b
    serialVersionUID = -5024744406713321676
    map = class java.util.HashMap@a6eec8d
      serialVersionUID = 362498820763181265
      DEFAULT_INITIAL_CAPACITY = 16
      MAXIMUM_CAPACITY = 1073741824
      DEFAULT_LOAD_FACTOR = 0.75
      TREEIFY_THRESHOLD = 8
      UNTREEIFY_THRESHOLD = 6
      MIN_TREEIFY_CAPACITY = 64
      table = null
      entrySet = null
      size = 0
      modCount = 0
      threshold = 0
      loadFactor = 0.75
      keySet = class java.util.HashMap$KeySet@3fcabfcb
      values = null
    PRESENT = class java.lang.Object@611ec669
    MAX_ARRAY_SIZE = 2147483639
  additionalBeanDefiningAnnotations = class java.util.HashSet@63a32de8
    serialVersionUID = -5024744406713321676
    map = class java.util.HashMap@7d843aca
      serialVersionUID = 362498820763181265
      DEFAULT_INITIAL_CAPACITY = 16
      MAXIMUM_CAPACITY = 1073741824
      DEFAULT_LOAD_FACTOR = 0.75
      TREEIFY_THRESHOLD = 8
      UNTREEIFY_THRESHOLD = 6
      MIN_TREEIFY_CAPACITY = 64
      table = null
      entrySet = null
      size = 0
      modCount = 0
      threshold = 0
      loadFactor = 0.75
      keySet = class java.util.HashMap$KeySet@52371586
      values = null
    PRESENT = class java.lang.Object@611ec669
    MAX_ARRAY_SIZE = 2147483639
  extensionClassNames = class java.util.HashSet@109433f6
    serialVersionUID = -5024744406713321676
    map = class java.util.HashMap@2dd01b25
      serialVersionUID = 362498820763181265
      DEFAULT_INITIAL_CAPACITY = 16
      MAXIMUM_CAPACITY = 1073741824
      DEFAULT_LOAD_FACTOR = 0.75
      TREEIFY_THRESHOLD = 8
      UNTREEIFY_THRESHOLD = 6
      MIN_TREEIFY_CAPACITY = 64
      table = null
      entrySet = null
      size = 0
      modCount = 0
      threshold = 0
      loadFactor = 0.75
      keySet = null
      values = null
    PRESENT = class java.lang.Object@611ec669
    MAX_ARRAY_SIZE = 2147483639
  spiExtensionClassNames = class java.util.HashSet@7650fd42
    serialVersionUID = -5024744406713321676
    map = class java.util.HashMap@4442df67
      serialVersionUID = 362498820763181265
      DEFAULT_INITIAL_CAPACITY = 16
      MAXIMUM_CAPACITY = 1073741824
      DEFAULT_LOAD_FACTOR = 0.75
      TREEIFY_THRESHOLD = 8
      UNTREEIFY_THRESHOLD = 6
      MIN_TREEIFY_CAPACITY = 64
      table = null
      entrySet = null
      size = 0
      modCount = 0
      threshold = 0
      loadFactor = 0.75
      keySet = null
      values = null
    PRESENT = class java.lang.Object@611ec669
    MAX_ARRAY_SIZE = 2147483639
  weldServiceRegistry = class org.jboss.weld.bootstrap.api.helpers.SimpleServiceRegistry@13b25592
    services = class java.util.HashMap@43e5dd18
      serialVersionUID = 362498820763181265
      DEFAULT_INITIAL_CAPACITY = 16
      MAXIMUM_CAPACITY = 1073741824
      DEFAULT_LOAD_FACTOR = 0.75
      TREEIFY_THRESHOLD = 8
      UNTREEIFY_THRESHOLD = 6
      MIN_TREEIFY_CAPACITY = 64
      table = class java.util.HashMap$Node[16]
      entrySet = class java.util.HashMap$EntrySet@762f328b
      size = 3
      modCount = 3
      threshold = 12
      loadFactor = 0.75
      keySet = null
      values = null
  id = "FlightLogix#FlightLogix.war"
  eeModuleDescriptor = class com.ibm.ws.cdi.impl.weld.WebSphereEEModuleDescriptor@6904f661
    serialVersionUID = -215597466475883722
    $$$tc$$$ = class com.ibm.websphere.ras.TraceComponent@7ca1b65c
      strings[0] = "TraceComponent[com.ibm.ws.cdi.impl.weld.WebSphereEEModuleDescriptor,class com.ibm.ws.cdi.impl.weld.WebSphereEEModuleDescriptor,[JCDI],com.ibm.ws.cdi.internal.resources.CDI,null]"
    id = "FlightLogix#FlightLogix.war"
    moduleType = class org.jboss.weld.bootstrap.spi.EEModuleDescriptor$ModuleType@4feca4b7
      EAR = class org.jboss.weld.bootstrap.spi.EEModuleDescriptor$ModuleType@3fdfbb09
      WEB = class org.jboss.weld.bootstrap.spi.EEModuleDescriptor$ModuleType@4feca4b7
      EJB_JAR = class org.jboss.weld.bootstrap.spi.EEModuleDescriptor$ModuleType@5acffcbb
      APPLICATION_CLIENT = class org.jboss.weld.bootstrap.spi.EEModuleDescriptor$ModuleType@7046a9f7
      CONNECTOR = class org.jboss.weld.bootstrap.spi.EEModuleDescriptor$ModuleType@19af5b3a
      $VALUES = class org.jboss.weld.bootstrap.spi.EEModuleDescriptor$ModuleType[5]
      name = "WEB"
      ordinal = 1
  accessibleBDAs = class java.util.HashSet@583e7334
    serialVersionUID = -5024744406713321676
    map = class java.util.HashMap@1a794b59
      serialVersionUID = 362498820763181265
      DEFAULT_INITIAL_CAPACITY = 16
      MAXIMUM_CAPACITY = 1073741824
      DEFAULT_LOAD_FACTOR = 0.75
      TREEIFY_THRESHOLD = 8
      UNTREEIFY_THRESHOLD = 6
      MIN_TREEIFY_CAPACITY = 64
      table = class java.util.HashMap$Node[32]
      entrySet = null
      size = 13
      modCount = 13
      threshold = 24
      loadFactor = 0.75
      keySet = class java.util.HashMap$KeySet@4ee7f4e2
      values = null
    PRESENT = class java.lang.Object@611ec669
    MAX_ARRAY_SIZE = 2147483639
  descendantBDAs = class java.util.HashSet@29752f9c
    serialVersionUID = -5024744406713321676
    map = class java.util.HashMap@25c1380b
      serialVersionUID = 362498820763181265
      DEFAULT_INITIAL_CAPACITY = 16
      MAXIMUM_CAPACITY = 1073741824
      DEFAULT_LOAD_FACTOR = 0.75
      TREEIFY_THRESHOLD = 8
      UNTREEIFY_THRESHOLD = 6
      MIN_TREEIFY_CAPACITY = 64
      table = class java.util.HashMap$Node[16]
      entrySet = null
      size = 11
      modCount = 11
      threshold = 12
      loadFactor = 0.75
      keySet = class java.util.HashMap$KeySet@7d82654d
      values = null
    PRESENT = class java.lang.Object@611ec669
    MAX_ARRAY_SIZE = 2147483639
  bootstrap = class org.jboss.weld.bootstrap.WeldBootstrap@28eae1e5
    weldStartup = class org.jboss.weld.bootstrap.WeldStartup@33922aca
      deploymentManager = class org.jboss.weld.manager.BeanManagerImpl@7cb510b6
      bdaMapping = class org.jboss.weld.bootstrap.BeanDeploymentArchiveMapping@4b882ee
      contexts = class java.util.ArrayList@1b28ecdb
      extensions = class java.util.ArrayList@7d512fa
      environment = class org.jboss.weld.bootstrap.api.Environments@53b18216
      deployment = class com.ibm.ws.cdi.impl.weld.WebSphereCDIDeploymentImpl@6613ad67
      deploymentVisitor = class org.jboss.weld.bootstrap.DeploymentVisitor@13ded57c
      initialServices = class org.jboss.weld.bootstrap.api.helpers.SimpleServiceRegistry@4f4cbde8
      contextId = "FlightLogix"
      tracker = class org.jboss.weld.bootstrap.Trackers$1@60a13439
    weldRuntime = class org.jboss.weld.bootstrap.WeldRuntime@39bbaf69
      deploymentManager = class org.jboss.weld.manager.BeanManagerImpl@7cb510b6
      bdaToBeanManagerMap = class java.util.concurrent.ConcurrentHashMap@3a2a7f56
      contextId = "FlightLogix"
    beansXmlValidator = null
  cdiDeployment = class com.ibm.ws.cdi.impl.weld.WebSphereCDIDeploymentImpl@6613ad67
    tc = class com.ibm.websphere.ras.TraceComponent@5bd3999b
      strings[0] = "TraceComponent[com.ibm.ws.cdi.impl.weld.WebSphereCDIDeploymentImpl,class com.ibm.ws.cdi.impl.weld.WebSphereCDIDeploymentImpl,[JCDI],com.ibm.ws.cdi.internal.resources.CDI,null]"
    id = "FlightLogix"
    deploymentDBAs = class java.util.HashMap@22ceea6b
      serialVersionUID = 362498820763181265
      DEFAULT_INITIAL_CAPACITY = 16
      MAXIMUM_CAPACITY = 1073741824
      DEFAULT_LOAD_FACTOR = 0.75
      TREEIFY_THRESHOLD = 8
      UNTREEIFY_THRESHOLD = 6
      MIN_TREEIFY_CAPACITY = 64
      table = class java.util.HashMap$Node[32]
      entrySet = null
      size = 15
      modCount = 15
      threshold = 24
      loadFactor = 0.75
      keySet = null
      values = class java.util.HashMap$Values@759eb3c4
    applicationBDAs = class java.util.HashSet@6ffba9b9
      serialVersionUID = -5024744406713321676
      map = class java.util.HashMap@3f48546c
      PRESENT = class java.lang.Object@611ec669
      MAX_ARRAY_SIZE = 2147483639
    extensionBDAs = class java.util.HashMap@16d14947
      serialVersionUID = 362498820763181265
      DEFAULT_INITIAL_CAPACITY = 16
      MAXIMUM_CAPACITY = 1073741824
      DEFAULT_LOAD_FACTOR = 0.75
      TREEIFY_THRESHOLD = 8
      UNTREEIFY_THRESHOLD = 6
      MIN_TREEIFY_CAPACITY = 64
      table = class java.util.HashMap$Node[16]
      entrySet = null
      size = 2
      modCount = 2
      threshold = 12
      loadFactor = 0.75
      keySet = null
      values = class java.util.HashMap$Values@9cf3a5c
    orderedBDAs = class java.util.ArrayList@28d59fdb
      serialVersionUID = 8683452581122892189
      DEFAULT_CAPACITY = 10
      EMPTY_ELEMENTDATA = class java.lang.Object[0]
      DEFAULTCAPACITY_EMPTY_ELEMENTDATA = class java.lang.Object[0]
      elementData = class java.lang.Object[15]
      size = 14
      MAX_ARRAY_SIZE = 2147483639
      modCount = 2
      MAX_ARRAY_SIZE = 2147483639
    bootstrap = class org.jboss.weld.bootstrap.WeldBootstrap@28eae1e5
    classloader = class com.ibm.ws.classloading.internal.AppClassLoader@45f26cd1
    extensionClassLoaders = class java.util.HashSet@7d9db518
      serialVersionUID = -5024744406713321676
      map = class java.util.HashMap@67c50288
      PRESENT = class java.lang.Object@611ec669
      MAX_ARRAY_SIZE = 2147483639
    cdiEnabled = true
    cdiStatusMap = class java.util.HashMap@4f197d73
      serialVersionUID = 362498820763181265
      DEFAULT_INITIAL_CAPACITY = 16
      MAXIMUM_CAPACITY = 1073741824
      DEFAULT_LOAD_FACTOR = 0.75
      TREEIFY_THRESHOLD = 8
      UNTREEIFY_THRESHOLD = 6
      MIN_TREEIFY_CAPACITY = 64
      table = class java.util.HashMap$Node[16]
      entrySet = null
      size = 1
      modCount = 1
      threshold = 12
      loadFactor = 0.75
      keySet = null
      values = null
    classBDAMap = class java.util.concurrent.ConcurrentHashMap@539e8ea6
      serialVersionUID = 7249069246763182397
      MAXIMUM_CAPACITY = 1073741824
      DEFAULT_CAPACITY = 16
      MAX_ARRAY_SIZE = 2147483639
      DEFAULT_CONCURRENCY_LEVEL = 16
      LOAD_FACTOR = 0.75
      TREEIFY_THRESHOLD = 8
      UNTREEIFY_THRESHOLD = 6
      MIN_TREEIFY_CAPACITY = 64
      MIN_TRANSFER_STRIDE = 16
      RESIZE_STAMP_BITS = 16
      MAX_RESIZERS = 65535
      RESIZE_STAMP_SHIFT = 16
      MOVED = -1
      TREEBIN = -2
      RESERVED = -3
      HASH_BITS = 2147483647
      NCPU = 8
      serialPersistentFields = class java.io.ObjectStreamField[3]
      table = class java.util.concurrent.ConcurrentHashMap$Node[16]
      nextTable = null
      baseCount = 3
      sizeCtl = 12
      transferIndex = 0
      cellsBusy = 0
      counterCells = null
      keySet = null
      values = null
      entrySet = null
      U = class sun.misc.Unsafe@30cd3bd0
      SIZECTL = 20
      TRANSFERINDEX = 32
      BASECOUNT = 24
      CELLSBUSY = 36
      CELLVALUE = 144
      ABASE = 16
      ASHIFT = 2
      keySet = null
      values = null
    application = class com.ibm.ws.cdi.internal.archive.liberty.ApplicationImpl@38024db7
    serviceRegistry = class org.jboss.weld.bootstrap.api.helpers.SimpleServiceRegistry@5731f849
      services = class java.util.HashMap@5946c7b8
    extensions = class java.util.HashSet@4714b2c2
      serialVersionUID = -5024744406713321676
      map = class java.util.HashMap@5ef0f068
      PRESENT = class java.lang.Object@611ec669
      MAX_ARRAY_SIZE = 2147483639
    injectionServices = class com.ibm.ws.cdi.impl.weld.injection.WebSphereInjectionServicesImpl@43e2adb6
      tc = class com.ibm.websphere.ras.TraceComponent@57919782
      ANNOTATIONS_KNOWN_TO_WELD = class java.util.HashSet@454e77c4
      referenceContextMap = class java.util.concurrent.ConcurrentHashMap@394cf41a
      referenceContexts = class java.util.Collections$SetFromMap@7eb0c8b6
      injectionTargetListeners = class java.util.concurrent.ConcurrentHashMap@14c179c3
      deployment = class com.ibm.ws.cdi.impl.weld.WebSphereCDIDeploymentImpl@6613ad67
      serialVersionUID = 2515575801175940133
    cdiRuntime = class com.ibm.ws.cdi.liberty.CDIRuntimeImpl@630dcc74
    cdi = class com.ibm.ws.cdi.impl.CDIImpl@642ef0d2
      cdiService = class com.ibm.ws.cdi.liberty.CDIRuntimeImpl@630dcc74
      serialVersionUID = -7939958868102936626
      $$$tc$$$ = class com.ibm.websphere.ras.TraceComponent@68d4b70e
      knownClassNames = class org.jboss.weld.util.collections.ImmutableTinySet$Tripleton@4dc9c51e
      instanceCache = class org.jboss.weld.util.cache.ReentrantMapBackedComputingCache@3c08a1b4
      lock = class java.lang.Object@1bf4796e
      discoveredProviders = null
      configuredProvider = class com.ibm.ws.cdi.liberty.CDIRuntimeImpl@630dcc74
    serialVersionUID = 741167280954358959
  ejbDescriptors = class java.util.HashSet@4d1fd542
    serialVersionUID = -5024744406713321676
    map = class java.util.HashMap@5497ca13
      serialVersionUID = 362498820763181265
      DEFAULT_INITIAL_CAPACITY = 16
      MAXIMUM_CAPACITY = 1073741824
      DEFAULT_LOAD_FACTOR = 0.75
      TREEIFY_THRESHOLD = 8
      UNTREEIFY_THRESHOLD = 6
      MIN_TREEIFY_CAPACITY = 64
      table = null
      entrySet = null
      size = 0
      modCount = 0
      threshold = 0
      loadFactor = 0.75
      keySet = class java.util.HashMap$KeySet@5f786c22
      values = null
    PRESENT = class java.lang.Object@611ec669
    MAX_ARRAY_SIZE = 2147483639
  ejbDescriptorMap = class java.util.HashMap@4d160ab2
    serialVersionUID = 362498820763181265
    DEFAULT_INITIAL_CAPACITY = 16
    MAXIMUM_CAPACITY = 1073741824
    DEFAULT_LOAD_FACTOR = 0.75
    TREEIFY_THRESHOLD = 8
    UNTREEIFY_THRESHOLD = 6
    MIN_TREEIFY_CAPACITY = 64
    table = null
    entrySet = null
    size = 0
    modCount = 0
    threshold = 0
    loadFactor = 0.75
    keySet = null
    values = null
  scanned = true
  hasBeans = true
  endpointsScanned = true
  nonCDIInterceptors = class java.util.HashSet@328c3f3c
    serialVersionUID = -5024744406713321676
    map = class java.util.HashMap@48213cb6
      serialVersionUID = 362498820763181265
      DEFAULT_INITIAL_CAPACITY = 16
      MAXIMUM_CAPACITY = 1073741824
      DEFAULT_LOAD_FACTOR = 0.75
      TREEIFY_THRESHOLD = 8
      UNTREEIFY_THRESHOLD = 6
      MIN_TREEIFY_CAPACITY = 64
      table = null
      entrySet = null
      size = 0
      modCount = 0
      threshold = 0
      loadFactor = 0.75
      keySet = class java.util.HashMap$KeySet@2b57b975
      values = null
    PRESENT = class java.lang.Object@611ec669
    MAX_ARRAY_SIZE = 2147483639
  beansXml = class org.jboss.weld.metadata.BeansXmlImpl@490fc49f
    enabledAlternatives = class java.util.Collections$EmptyList@59f363b2
      serialVersionUID = 8842843931221139166
      modCount = 0
      MAX_ARRAY_SIZE = 2147483639
    enabledAlternativeStereotypes = class java.util.Collections$EmptyList@59f363b2
    enabledDecorators = class java.util.Collections$EmptyList@59f363b2
    enabledInterceptors = class java.util.Collections$EmptyList@59f363b2
    scanning = class org.jboss.weld.metadata.ScanningImpl@4fcf198
      includes = class java.util.Collections$EmptyList@59f363b2
      excludes = class java.util.Collections$EmptyList@59f363b2
    url = class java.net.URL@66247d13
      BUILTIN_HANDLERS_PREFIX = "sun.net.www.protocol"
      serialVersionUID = -7627629688361524110
      protocolPathProp = "java.protocol.handler.pkgs"
      protocol = "file"
      host = ""
      port = -1
      file = "/C:/Users/felix/Desktop/FlightLogix/FlightLogix/src/main/webapp/WEB-INF/beans.xml"
      query = null
      authority = null
      path = "/C:/Users/felix/Desktop/FlightLogix/FlightLogix/src/main/webapp/WEB-INF/beans.xml"
      userInfo = null
      ref = null
      hostAddress = null
      handler = class sun.net.www.protocol.file.Handler@57da9874
      hashCode = -1
      tempState = null
      factory = class org.eclipse.osgi.internal.url.URLStreamHandlerFactoryImpl@69042b94
      handlers = class java.util.Hashtable@a101891
      streamHandlerLock = class java.lang.Object@6c5f966d
      serialPersistentFields = class java.io.ObjectStreamField[7]
    discoveryMode = class org.jboss.weld.bootstrap.spi.BeanDiscoveryMode@7a89bd39
    version = null
    isTrimmed = false
  beanDiscoveryMode = class org.jboss.weld.bootstrap.spi.BeanDiscoveryMode@7a89bd39
    NONE = class org.jboss.weld.bootstrap.spi.BeanDiscoveryMode@65050fa4
      NONE = class org.jboss.weld.bootstrap.spi.BeanDiscoveryMode@65050fa4
      ANNOTATED = class org.jboss.weld.bootstrap.spi.BeanDiscoveryMode@4fe6d6af
      ALL = class org.jboss.weld.bootstrap.spi.BeanDiscoveryMode@7a89bd39
      $VALUES = class org.jboss.weld.bootstrap.spi.BeanDiscoveryMode[3]
      name = "NONE"
      ordinal = 0
    ANNOTATED = class org.jboss.weld.bootstrap.spi.BeanDiscoveryMode@4fe6d6af
      NONE = class org.jboss.weld.bootstrap.spi.BeanDiscoveryMode@65050fa4
      ANNOTATED = class org.jboss.weld.bootstrap.spi.BeanDiscoveryMode@4fe6d6af
      ALL = class org.jboss.weld.bootstrap.spi.BeanDiscoveryMode@7a89bd39
      $VALUES = class org.jboss.weld.bootstrap.spi.BeanDiscoveryMode[3]
      name = "ANNOTATED"
      ordinal = 1
    ALL = class org.jboss.weld.bootstrap.spi.BeanDiscoveryMode@7a89bd39
    $VALUES = class org.jboss.weld.bootstrap.spi.BeanDiscoveryMode[3]
      BeanDiscoveryMode[0] = class org.jboss.weld.bootstrap.spi.BeanDiscoveryMode@65050fa4
      BeanDiscoveryMode[1] = class org.jboss.weld.bootstrap.spi.BeanDiscoveryMode@4fe6d6af
      BeanDiscoveryMode[2] = class org.jboss.weld.bootstrap.spi.BeanDiscoveryMode@7a89bd39
    name = "ALL"
    ordinal = 2
  directBeanDefiningAnnotations = class java.util.HashSet@7b76b40
    serialVersionUID = -5024744406713321676
    map = class java.util.HashMap@783b2276
      serialVersionUID = 362498820763181265
      DEFAULT_INITIAL_CAPACITY = 16
      MAXIMUM_CAPACITY = 1073741824
      DEFAULT_LOAD_FACTOR = 0.75
      TREEIFY_THRESHOLD = 8
      UNTREEIFY_THRESHOLD = 6
      MIN_TREEIFY_CAPACITY = 64
      table = class java.util.HashMap$Node[16]
      entrySet = null
      size = 8
      modCount = 8
      threshold = 12
      loadFactor = 0.75
      keySet = class java.util.HashMap$KeySet@1afba805
      values = null
    PRESENT = class java.lang.Object@611ec669
    MAX_ARRAY_SIZE = 2147483639
  accessibleBeanDefiningAnnotations = class java.util.HashSet@5411c155
    serialVersionUID = -5024744406713321676
    map = class java.util.HashMap@f2d0ae7
      serialVersionUID = 362498820763181265
      DEFAULT_INITIAL_CAPACITY = 16
      MAXIMUM_CAPACITY = 1073741824
      DEFAULT_LOAD_FACTOR = 0.75
      TREEIFY_THRESHOLD = 8
      UNTREEIFY_THRESHOLD = 6
      MIN_TREEIFY_CAPACITY = 64
      table = class java.util.HashMap$Node[16]
      entrySet = null
      size = 11
      modCount = 11
      threshold = 12
      loadFactor = 0.75
      keySet = class java.util.HashMap$KeySet@5bece836
      values = null
    PRESENT = class java.lang.Object@611ec669
    MAX_ARRAY_SIZE = 2147483639
  cdiRuntime = class com.ibm.ws.cdi.liberty.CDIRuntimeImpl@630dcc74
    tc = class com.ibm.websphere.ras.TraceComponent@780198d5
      strings[0] = "TraceComponent[com.ibm.ws.cdi.liberty.CDIRuntimeImpl,class com.ibm.ws.cdi.liberty.CDIRuntimeImpl,[JCDI],com.ibm.ws.cdi.internal.resources.CDI,null]"
    metaDataSlotServiceSR = class com.ibm.wsspi.kernel.service.utils.AtomicServiceReference@10e65101
      referenceName = "metaDataSlotService"
      tuple = class java.util.concurrent.atomic.AtomicReference@11cefded
      serialVersionUID = 2226592364007985000
      $$$tc$$$ = class com.ibm.websphere.ras.TraceComponent@33501c44
    ejbEndpointServiceSR = class com.ibm.wsspi.kernel.service.utils.AtomicServiceReference@35002829
      referenceName = "ejbEndpointService"
      tuple = class java.util.concurrent.atomic.AtomicReference@526b78fe
      serialVersionUID = 2226592364007985000
      $$$tc$$$ = class com.ibm.websphere.ras.TraceComponent@33501c44
    classLoadingSRRef = class com.ibm.wsspi.kernel.service.utils.AtomicServiceReference@48f7a080
      referenceName = "classLoadingService"
      tuple = class java.util.concurrent.atomic.AtomicReference@214ed606
      serialVersionUID = 2226592364007985000
      $$$tc$$$ = class com.ibm.websphere.ras.TraceComponent@33501c44
    ejbServices = class com.ibm.wsspi.kernel.service.utils.AtomicServiceReference@69fe037a
      referenceName = "ejbServices"
      tuple = class java.util.concurrent.atomic.AtomicReference@8d16f2d
      serialVersionUID = 2226592364007985000
      $$$tc$$$ = class com.ibm.websphere.ras.TraceComponent@33501c44
    transactionService = class com.ibm.wsspi.kernel.service.utils.AtomicServiceReference@4bb2291d
      referenceName = "transactionService"
      tuple = class java.util.concurrent.atomic.AtomicReference@534e4a2
      serialVersionUID = 2226592364007985000
      $$$tc$$$ = class com.ibm.websphere.ras.TraceComponent@33501c44
    securityServices = class com.ibm.wsspi.kernel.service.utils.AtomicServiceReference@7fc71122
      referenceName = "securityServices"
      tuple = class java.util.concurrent.atomic.AtomicReference@56f3b7ab
      serialVersionUID = 2226592364007985000
      $$$tc$$$ = class com.ibm.websphere.ras.TraceComponent@33501c44
    extensionsSR = class com.ibm.wsspi.kernel.service.utils.ConcurrentServiceReferenceSet@a415dfa
      referenceName = "extensionService"
      contextRef = class java.util.concurrent.atomic.AtomicReference@64c292c1
      elementMap = class java.util.LinkedHashMap@f47a55a
      elementSet = class java.util.concurrent.ConcurrentSkipListSet@5d11aa0e
      elementSetUnsorted = false
      serialVersionUID = 756240983881166148
      $$$tc$$$ = class com.ibm.websphere.ras.TraceComponent@1cf46939
    spiExtensionsSR = class com.ibm.wsspi.kernel.service.utils.ConcurrentServiceReferenceSet@13bd7a1b
      referenceName = "spiExtensionService"
      contextRef = class java.util.concurrent.atomic.AtomicReference@5737af1
      elementMap = class java.util.LinkedHashMap@1379e73b
      elementSet = class java.util.concurrent.ConcurrentSkipListSet@58c8e1b2
      elementSetUnsorted = false
      serialVersionUID = 756240983881166148
      $$$tc$$$ = class com.ibm.websphere.ras.TraceComponent@1cf46939
    containerFactorySRRef = class com.ibm.wsspi.kernel.service.utils.AtomicServiceReference@491d53b0
      referenceName = "containerFactory"
      tuple = class java.util.concurrent.atomic.AtomicReference@1a6e432c
      serialVersionUID = 2226592364007985000
      $$$tc$$$ = class com.ibm.websphere.ras.TraceComponent@33501c44
    adaptableModuleFactorySRRef = class com.ibm.wsspi.kernel.service.utils.AtomicServiceReference@e9405b0
      referenceName = "adaptableModuleFactory"
      tuple = class java.util.concurrent.atomic.AtomicReference@23dac883
      serialVersionUID = 2226592364007985000
      $$$tc$$$ = class com.ibm.websphere.ras.TraceComponent@33501c44
    injectionEngineServiceRef = class com.ibm.wsspi.kernel.service.utils.AtomicServiceReference@eba2715
      referenceName = "injectionEngine"
      tuple = class java.util.concurrent.atomic.AtomicReference@1e286a71
      serialVersionUID = 2226592364007985000
      $$$tc$$$ = class com.ibm.websphere.ras.TraceComponent@33501c44
    scheduledExecutorServiceRef = class com.ibm.wsspi.kernel.service.utils.AtomicServiceReference@76aff97b
      referenceName = "scheduledExecutorService"
      tuple = class java.util.concurrent.atomic.AtomicReference@3e2f2aa2
      serialVersionUID = 2226592364007985000
      $$$tc$$$ = class com.ibm.websphere.ras.TraceComponent@33501c44
    executorServiceRef = class com.ibm.wsspi.kernel.service.utils.AtomicServiceReference@550cb4cd
      referenceName = "executorService"
      tuple = class java.util.concurrent.atomic.AtomicReference@40315132
      serialVersionUID = 2226592364007985000
      $$$tc$$$ = class com.ibm.websphere.ras.TraceComponent@33501c44
    managedExecutorServiceRef = class com.ibm.wsspi.kernel.service.utils.AtomicServiceReference@7b1b9259
      referenceName = "managedExecutorService"
      tuple = class java.util.concurrent.atomic.AtomicReference@26367445
      serialVersionUID = 2226592364007985000
      $$$tc$$$ = class com.ibm.websphere.ras.TraceComponent@33501c44
    containerConfigRef = class com.ibm.wsspi.kernel.service.utils.AtomicServiceReference@24c690a0
      referenceName = "containerConfig"
      tuple = class java.util.concurrent.atomic.AtomicReference@1d09d5fe
      serialVersionUID = 2226592364007985000
      $$$tc$$$ = class com.ibm.websphere.ras.TraceComponent@33501c44
    resourceRefConfigFactoryRef = class com.ibm.wsspi.kernel.service.utils.AtomicServiceReference@2d2bd162
      referenceName = "resourceRefConfigFactory"
      tuple = class java.util.concurrent.atomic.AtomicReference@22efc7f7
      serialVersionUID = 2226592364007985000
      $$$tc$$$ = class com.ibm.websphere.ras.TraceComponent@33501c44
    deferredMetaDataFactoryRef = class com.ibm.wsspi.kernel.service.utils.AtomicServiceReference@1d31b2d6
      referenceName = "cdiDeferredMetaDataFactoryImpl"
      tuple = class java.util.concurrent.atomic.AtomicReference@48e43c0c
      serialVersionUID = 2226592364007985000
      $$$tc$$$ = class com.ibm.websphere.ras.TraceComponent@33501c44
    applicationSlot = class com.ibm.ws.runtime.metadata.MetaDataSlotImpl@3a1f6273
      id = 0
      destroyed = false
      metadataIntf = class java.lang.Class@639194fe
      manager = class com.ibm.ws.container.service.metadata.internal.ApplicationMetaDataManager@27eab932
      bundle = class org.eclipse.osgi.internal.framework.EquinoxBundle@fda66cc
    isClientProcess = false
    runtimeFactory = class com.ibm.ws.cdi.internal.archive.liberty.RuntimeFactory@69a7b129
    proxyServices = class com.ibm.ws.cdi.liberty.ProxyServicesImpl@2a4ca600
      serialVersionUID = 2110599770710866652
      $$$tc$$$ = class com.ibm.websphere.ras.TraceComponent@6733a2ac
      WELD_PACKAGES = class org.eclipse.osgi.util.ManifestElement[1]
      serialVersionUID = 7200822282539434051
      $$$tc$$$ = class com.ibm.websphere.ras.TraceComponent@36e9fd30
    appTccls = class java.util.concurrent.ConcurrentHashMap@591fd2ea
      serialVersionUID = 7249069246763182397
      MAXIMUM_CAPACITY = 1073741824
      DEFAULT_CAPACITY = 16
      MAX_ARRAY_SIZE = 2147483639
      DEFAULT_CONCURRENCY_LEVEL = 16
      LOAD_FACTOR = 0.75
      TREEIFY_THRESHOLD = 8
      UNTREEIFY_THRESHOLD = 6
      MIN_TREEIFY_CAPACITY = 64
      MIN_TRANSFER_STRIDE = 16
      RESIZE_STAMP_BITS = 16
      MAX_RESIZERS = 65535
      RESIZE_STAMP_SHIFT = 16
      MOVED = -1
      TREEBIN = -2
      RESERVED = -3
      HASH_BITS = 2147483647
      NCPU = 8
      serialPersistentFields = class java.io.ObjectStreamField[3]
      table = class java.util.concurrent.ConcurrentHashMap$Node[16]
      nextTable = null
      baseCount = 1
      sizeCtl = 12
      transferIndex = 0
      cellsBusy = 0
      counterCells = null
      keySet = null
      values = null
      entrySet = null
      U = class sun.misc.Unsafe@30cd3bd0
      SIZECTL = 20
      TRANSFERINDEX = 32
      BASECOUNT = 24
      CELLSBUSY = 36
      CELLVALUE = 144
      ABASE = 16
      ASHIFT = 2
      keySet = null
      values = null
    serialVersionUID = -656282939097194280
    cdiContainer = class com.ibm.ws.cdi.impl.CDIContainerImpl@79caf3e1
      tc = class com.ibm.websphere.ras.TraceComponent@6cd3ea5e
      CLASSLOADER = class org.eclipse.osgi.internal.loader.EquinoxClassLoader@1a97104
      EXTENSION_API_CLASSES = "api.classes"
      EXTENSION_BEAN_DEFINING_ANNOTATIONS = "bean.defining.annotations"
      EXTENSION_APP_BDAS_VISIBLE = "application.bdas.visible"
      EXTENSION_CLASSES_ONLY_MODE = "extension.classes.only"
      EXTENSION_API_CLASSES_SEPARATOR = ";"
      runtimeExtensionMap = class java.util.HashMap@4aaaf845
      probeExtensionArchive = null
      currentDeployment = class java.lang.ThreadLocal@41b85bfd
      cdiRuntime = class com.ibm.ws.cdi.liberty.CDIRuntimeImpl@630dcc74
      WELD_DISABLE_BEANSXML_VALIDATING = "org.jboss.weld.xml.disableValidating"
      serialVersionUID = 1204499492802664347
    serialVersionUID = -3685775177967064433
    $$$tc$$$ = class com.ibm.websphere.ras.TraceComponent@2604a516
      strings[0] = "TraceComponent[com.ibm.ws.cdi.impl.AbstractCDIRuntime,class com.ibm.ws.cdi.impl.AbstractCDIRuntime,[JCDI],com.ibm.ws.cdi.internal.resources.CDI,null]"
  isExtension = null
  extensionCanSeeApplicationBDAs = false
  resourceLoader = class com.ibm.ws.cdi.impl.weld.ResourceLoaderImpl@55b1f953
    tc = class com.ibm.websphere.ras.TraceComponent@5533694
      strings[0] = "TraceComponent[com.ibm.ws.cdi.impl.weld.ResourceLoaderImpl,class com.ibm.ws.cdi.impl.weld.ResourceLoaderImpl,[JCDI],com.ibm.ws.cdi.internal.resources.CDI,null]"
    delegate = class com.ibm.ws.classloading.internal.AppClassLoader@45f26cd1
    serialVersionUID = -7296640400698987676
  injectionTargets = class java.util.HashMap@545ac559
    serialVersionUID = 362498820763181265
    DEFAULT_INITIAL_CAPACITY = 16
    MAXIMUM_CAPACITY = 1073741824
    DEFAULT_LOAD_FACTOR = 0.75
    TREEIFY_THRESHOLD = 8
    UNTREEIFY_THRESHOLD = 6
    MIN_TREEIFY_CAPACITY = 64
    table = class java.util.HashMap$Node[16]
      Node[0] = null
      Node[1] = null
      Node[2] = null
      Node[3] = class java.util.HashMap$Node@f742e30
      Node[4] = null
      Node[5] = null
      Node[6] = null
      Node[7] = null
      Node[8] = null
      Node[9] = null
      Node[10] = null
      Node[11] = null
      Node[12] = null
      Node[13] = null
      Node[14] = null
      Node[15] = null
    entrySet = null
    size = 1
    modCount = 1
    threshold = 12
    loadFactor = 0.75
    keySet = null
    values = null
  staticInjectionPoints = class java.util.HashMap@680b59f9
    serialVersionUID = 362498820763181265
    DEFAULT_INITIAL_CAPACITY = 16
    MAXIMUM_CAPACITY = 1073741824
    DEFAULT_LOAD_FACTOR = 0.75
    TREEIFY_THRESHOLD = 8
    UNTREEIFY_THRESHOLD = 6
    MIN_TREEIFY_CAPACITY = 64
    table = null
    entrySet = null
    size = 0
    modCount = 0
    threshold = 0
    loadFactor = 0.75
    keySet = null
    values = null
  archive = class com.ibm.ws.cdi.internal.archive.liberty.CDIArchiveImpl@324a26c4
    CLASS_NAME = "CDIArchiveImpl"
    factory = class com.ibm.ws.cdi.internal.archive.liberty.RuntimeFactory@69a7b129
      services = class com.ibm.ws.cdi.liberty.CDIRuntimeImpl@630dcc74
      applications = class java.util.concurrent.ConcurrentHashMap@597f68b8
      serialVersionUID = -4454616462077940377
      $$$tc$$$ = class com.ibm.websphere.ras.TraceComponent@50ae446f
    application = class com.ibm.ws.cdi.internal.archive.liberty.ApplicationImpl@38024db7
      tc = class com.ibm.websphere.ras.TraceComponent@2e248364
      applicationInfo = class com.ibm.ws.container.service.app.deploy.internal.ApplicationInfoImpl@6277eec4
      earApplicationInfo = null
      factory = class com.ibm.ws.cdi.internal.archive.liberty.RuntimeFactory@69a7b129
      type = class com.ibm.ws.cdi.internal.interfaces.ApplicationType@386148c
      moduleArchives = class java.util.HashMap$Values@5ea09d6f
      libraryArchives = class java.util.HashMap$Values@425062f5
      serialVersionUID = 2750581203715901427
    containerInfo = class com.ibm.ws.app.manager.module.internal.SimpleDeployedAppInfoBase$WebModuleContainerInfo@7bf560b8
      contextRoot = "/"
      defaultContextRoot = "FlightLogix"
      serialVersionUID = 4617657913043497664
      $$$tc$$$ = class com.ibm.websphere.ras.TraceComponent@49b2064e
      moduleHandler = class com.ibm.ws.app.manager.web.internal.WebModuleHandlerImpl@4af8cf14
      moduleMetaDataExtenders = class java.util.Collections$UnmodifiableRandomAccessList@2cdba065
      nestedModuleMetaDataFactories = class java.util.Collections$UnmodifiableRandomAccessList@70d71a76
      nestedModules = null
      moduleName = "FlightLogix"
      moduleDD = class com.ibm.ws.javaee.ddmodel.web.common.WebAppType@67de1602
      moduleInfo = class com.ibm.ws.app.manager.module.internal.WebModuleInfoImpl@46e687eb
      serialVersionUID = 5122721995888983779
      $$$tc$$$ = class com.ibm.websphere.ras.TraceComponent@3c378880
      type = class com.ibm.ws.container.service.app.deploy.ContainerInfo$Type@67bcd361
      name = "FlightLogix.war"
      container = class com.ibm.ws.adaptable.module.internal.AdaptableContainerImpl@ecbe08e
      moduleClassLoaderFactory = class com.ibm.ws.app.manager.war.internal.WARDeployedAppInfo@6debd1e1
      altDDEntry = null
      classesContainerInfo = class java.util.ArrayList@5af60a08
      serialVersionUID = 4636874131959542427
      $$$tc$$$ = class com.ibm.websphere.ras.TraceComponent@5b6858dc
    path = ""
    type = class com.ibm.ws.cdi.internal.interfaces.ArchiveType@1a20f24b
      MANIFEST_CLASSPATH = class com.ibm.ws.cdi.internal.interfaces.ArchiveType@6697eeee
      WEB_INF_LIB = class com.ibm.ws.cdi.internal.interfaces.ArchiveType@3cc93e4c
      EAR_LIB = class com.ibm.ws.cdi.internal.interfaces.ArchiveType@6e055270
      WEB_MODULE = class com.ibm.ws.cdi.internal.interfaces.ArchiveType@1a20f24b
      EJB_MODULE = class com.ibm.ws.cdi.internal.interfaces.ArchiveType@9e4ebbd
      CLIENT_MODULE = class com.ibm.ws.cdi.internal.interfaces.ArchiveType@5ef2a5ad
      RAR_MODULE = class com.ibm.ws.cdi.internal.interfaces.ArchiveType@4d936903
      JAR_MODULE = class com.ibm.ws.cdi.internal.interfaces.ArchiveType@6fbcaa0e
      SHARED_LIB = class com.ibm.ws.cdi.internal.interfaces.ArchiveType@486b6785
      ON_DEMAND_LIB = class com.ibm.ws.cdi.internal.interfaces.ArchiveType@7dff5f2
      RUNTIME_EXTENSION = class com.ibm.ws.cdi.internal.interfaces.ArchiveType@5ee69b79
      $VALUES = class com.ibm.ws.cdi.internal.interfaces.ArchiveType[11]
      name = "WEB_MODULE"
      ordinal = 3
    classLoader = class com.ibm.ws.classloading.internal.AppClassLoader@45f26cd1
    moduleLibraryArchives = class java.util.HashMap$Values@cf6d1a1
      this$0 = class java.util.HashMap@2207ccc8
      MAX_ARRAY_SIZE = 2147483639
    extendedModuleInfo = class com.ibm.ws.app.manager.module.internal.WebModuleInfoImpl@46e687eb
      contextRoot = "/"
      isDefaultContextRootUsed = false
      defaultContextRoot = "FlightLogix"
      serialVersionUID = -6699247856069243844
      $$$tc$$$ = class com.ibm.websphere.ras.TraceComponent@6cda11d7
      tc = class com.ibm.websphere.ras.TraceComponent@2fe111c0
      appInfo = class com.ibm.ws.container.service.app.deploy.internal.ApplicationInfoImpl@6277eec4
      moduleName = "FlightLogix"
      path = "FlightLogix.war"
      moduleContainer = class com.ibm.ws.adaptable.module.internal.AdaptableContainerImpl@ecbe08e
      altDDEntry = null
      moduleClassesContainers = class java.util.ArrayList@5af60a08
      classLoaderFactory = class com.ibm.ws.app.manager.war.internal.WARDeployedAppInfo@6debd1e1
      containerInfoType = class com.ibm.ws.container.service.app.deploy.ContainerInfo$Type@67bcd361
      classLoader = class com.ibm.ws.classloading.internal.AppClassLoader@45f26cd1
      moduleMetaData = class com.ibm.ws.webcontainer.osgi.metadata.WebModuleMetaDataImpl@5e87aacf
      nestedModuleMetaDataTypes = null
      nestedModuleMetaDataValues = null
      serialVersionUID = 3986734351620206554
    appCallbackHandlerName = null
    classNames = class java.util.TreeSet@755f6f6c
      m = class java.util.TreeMap@3df63f65
      PRESENT = class java.lang.Object@2083804e
      serialVersionUID = -2479143000061671589
      MAX_ARRAY_SIZE = 2147483639
    jeeComponentClassNames = class java.util.ArrayList@2125b617
      serialVersionUID = 8683452581122892189
      DEFAULT_CAPACITY = 10
      EMPTY_ELEMENTDATA = class java.lang.Object[0]
      DEFAULTCAPACITY_EMPTY_ELEMENTDATA = class java.lang.Object[0]
      elementData = class java.lang.Object[10]
      size = 2
      MAX_ARRAY_SIZE = 2147483639
      modCount = 1
      MAX_ARRAY_SIZE = 2147483639
    allBindings = null
    serialVersionUID = -6988440722100918472
    $$$tc$$$ = class com.ibm.websphere.ras.TraceComponent@20afece8
      strings[0] = "TraceComponent[com.ibm.ws.cdi.internal.archive.liberty.CDIArchiveImpl,class com.ibm.ws.cdi.internal.archive.liberty.CDIArchiveImpl,[JCDI],com.ibm.ws.cdi.internal.resources.CDI,null]"
    tc = class com.ibm.websphere.ras.TraceComponent@2825c628
      strings[0] = "TraceComponent[com.ibm.ws.cdi.internal.archive.AbstractCDIArchive,class com.ibm.ws.cdi.internal.archive.AbstractCDIArchive,[JCDI],com.ibm.ws.cdi.internal.resources.CDI,null]"
    cdiRuntime = class com.ibm.ws.cdi.liberty.CDIRuntimeImpl@630dcc74
    name = "FlightLogix.war"
    annotationNames = class java.util.HashSet@b602871
      serialVersionUID = -5024744406713321676
      map = class java.util.HashMap@60f95a89
      PRESENT = class java.lang.Object@611ec669
      MAX_ARRAY_SIZE = 2147483639
    referenceContext = class com.ibm.ws.injectionengine.osgi.internal.OSGiReferenceContextImpl@3e1060db
      scopeData = class com.ibm.ws.injectionengine.osgi.internal.OSGiInjectionScopeData@44bcb6a
      serialVersionUID = 521511923892134915
      $$$tc$$$ = class com.ibm.websphere.ras.TraceComponent@4110259e
      CLASS_NAME = "com.ibm.ws.injectionengine.ReferenceContextImpl"
      tc = class com.ibm.websphere.ras.TraceComponent@1a7933d2
      ivInjectionEngine = class com.ibm.ws.injectionengine.osgi.internal.OSGiInjectionEngineImpl@6cc8cb5f
      ivProviders = class java.util.ArrayList@29edcd94
      ivComponentJavaContext = null
      ivComponentNameSpace = null
      ivJavaColonCompEnvMap = class java.util.LinkedHashMap@33d82b0f
      ivEjbContext10 = class java.util.Properties@fc9d81a
      ivResourceRefConfigList = class com.ibm.ws.resource.internal.ResourceRefConfigListImpl@38dcf129
      isAlreadyProcessed = true
      ivProcessFailure = null
      ivInjectionTargetMap = class java.util.concurrent.ConcurrentHashMap@90f0ce9
      svInjTarMapCacheSize = 256
      ivDeclaredInjectionTargets = class java.util.HashMap@561a5372
      ivProcessedInjectionClasses = class java.util.HashSet@2c7bb1a7
      svInjClassMapCacheSize = 512
      ivProcessedInjectionBindings = class java.util.ArrayList@24688aed
      ivAnyProcessDynamic = false
      ivCheckAppConfig = false
    serialVersionUID = -4159861192368486501
  tc = class com.ibm.websphere.ras.TraceComponent@4efafd45
    strings[0] = "TraceComponent[com.ibm.ws.cdi.impl.weld.BeanDeploymentArchiveImpl,class com.ibm.ws.cdi.impl.weld.BeanDeploymentArchiveImpl,[JCDI],com.ibm.ws.cdi.internal.resources.CDI,null]"
  serialVersionUID = -4922529414187822747

Dump of objectArray[0]
Object type = java.lang.Class
  ANNOTATION = 8192
  ENUM = 16384
  SYNTHETIC = 4096
  cachedConstructor = null
  newInstanceCallerCache = null
  name = "Service.HelloResource"
  allPermDomain = class java.security.ProtectionDomain@4b4fe500
    codesource = null
    classloader = null
    principals = interface java.security.Principal[0]
    permissions = class java.security.Permissions@4a687ac
      permsMap = class java.util.HashMap@40b0db34
      hasUnresolved = false
      allPermission = class java.security.AllPermissionCollection@4a1d09ec
      serialVersionUID = 4858622370623524688
      serialPersistentFields = class java.io.ObjectStreamField[2]
      serialVersionUID = -6727011328946861783
      readOnly = true
    hasAllPerm = true
    staticPermissions = true
    key = class java.security.ProtectionDomain$Key@28f3f27c
      this$0 = class java.security.ProtectionDomain@4b4fe500
    debug = null
  useCaches = true
  reflectionData = class java.lang.ref.SoftReference@477114f4
    clock = 21266764
    timestamp = 21266764
    referent = class java.lang.Class$ReflectionData@38f1eb1d
      declaredFields = null
      publicFields = null
      declaredMethods = class java.lang.reflect.Method[3]
      publicMethods = null
      declaredConstructors = class java.lang.reflect.Constructor[1]
      publicConstructors = null
      declaredPublicFields = null
      declaredPublicMethods = null
      interfaces = null
      redefinedCount = 0
    queue = class java.lang.ref.ReferenceQueue$Null@590f4a85
      NULL = class java.lang.ref.ReferenceQueue$Null@590f4a85
      ENQUEUED = class java.lang.ref.ReferenceQueue$Null@2ed9b278
      lock = class java.lang.ref.ReferenceQueue$Lock@48bd37b3
      head = null
      queueLength = 0
      $assertionsDisabled = true
    next = null
    discovered = null
    lock = class java.lang.ref.Reference$Lock@5aa787c5
    pending = null
  classRedefinedCount = 0
  genericInfo = class sun.reflect.generics.repository.ClassRepository@2326eccb
    NONE = class sun.reflect.generics.repository.ClassRepository@2326eccb
    superclass = null
    superInterfaces = null
    typeParams = null
    factory = null
    tree = class sun.reflect.generics.tree.ClassSignature@7726e60b
      formalTypeParams = class sun.reflect.generics.tree.FormalTypeParameter[0]
      superclass = class sun.reflect.generics.tree.ClassTypeSignature@73035eb9
      superInterfaces = class sun.reflect.generics.tree.ClassTypeSignature[0]
  serialVersionUID = 3206093459760846163
  serialPersistentFields = class java.io.ObjectStreamField[0]
  reflectionFactory = class sun.reflect.ReflectionFactory@51d3df7b
    initted = true
    reflectionFactoryAccessPerm = class java.lang.RuntimePermission@4af860b
      serialVersionUID = 7399184964622342223
      serialVersionUID = 6279438298436773498
      wildcard = false
      path = "reflectionFactoryAccess"
      exitVM = false
      serialVersionUID = -5636570222231596674
      name = "reflectionFactoryAccess"
    soleInstance = class sun.reflect.ReflectionFactory@51d3df7b
    langReflectAccess = class java.lang.reflect.ReflectAccess@60542514
    hasStaticInitializerMethod = null
    noInflation = true
    inflationThreshold = 15
  initted = true
  enumConstants = null
  enumConstantDirectory = null
  annotationData = class java.lang.Class$AnnotationData@7539faf4
    annotations = class java.util.LinkedHashMap@38bf8aaf
      serialVersionUID = 3801124242820219131
      head = class java.util.LinkedHashMap$Entry@26b3916
      tail = class java.util.LinkedHashMap$Entry@35759345
      accessOrder = false
      serialVersionUID = 362498820763181265
      DEFAULT_INITIAL_CAPACITY = 16
      MAXIMUM_CAPACITY = 1073741824
      DEFAULT_LOAD_FACTOR = 0.75
      TREEIFY_THRESHOLD = 8
      UNTREEIFY_THRESHOLD = 6
      MIN_TREEIFY_CAPACITY = 64
      table = class java.util.HashMap$Node[16]
      entrySet = null
      size = 2
      modCount = 2
      threshold = 12
      loadFactor = 0.75
      keySet = null
      values = null
    declaredAnnotations = class java.util.LinkedHashMap@38bf8aaf
    redefinedCount = 0
  annotationType = null
  classValueMap = null

