------Start of DE processing------ = [4/2/21 20:24:35:053 EDT]
Exception = java.lang.IllegalStateException
Source = com.ibm.ws.container.service.state.internal.ApplicationStateManager
probeid = 54
Stack Dump = java.lang.IllegalStateException: CWWJP0051E: Unable to locate any default persistence provider in the server configuration.  To configure a default persistence provider, use the <jpa defaultPersistenceProvider="com.acme.PersistenceProviderImpl"/> configuration, or enable the bells-1.0 feature and configure a <bell> for the <library> containing the JPA provider. 
	at com.ibm.ws.jpa.container.thirdparty.ThirdPartyJPAProvider.getProviderClassName(ThirdPartyJPAProvider.java:71)
	at com.ibm.ws.jpa.container.osgi.internal.JPAComponentImpl.getDefaultJPAProviderClassName(JPAComponentImpl.java:650)
	at com.ibm.ws.jpa.management.JPAPUnitInfo.setPersistenceProviderClassName(JPAPUnitInfo.java:276)
	at com.ibm.ws.jpa.management.JPAPxmlInfo.extractPersistenceUnits(JPAPxmlInfo.java:108)
	at com.ibm.ws.jpa.management.JPAScopeInfo.processPersistenceUnit(JPAScopeInfo.java:88)
	at com.ibm.ws.jpa.management.JPAApplInfo.addPersistenceUnits(JPAApplInfo.java:119)
	at com.ibm.ws.jpa.container.osgi.internal.JPAComponentImpl.processWebModulePersistenceXml(JPAComponentImpl.java:518)
	at com.ibm.ws.jpa.container.osgi.internal.JPAComponentImpl.applicationStarting(JPAComponentImpl.java:305)
	at com.ibm.ws.container.service.state.internal.ApplicationStateManager.fireStarting(ApplicationStateManager.java:51)
	at com.ibm.ws.container.service.state.internal.StateChangeServiceImpl.fireApplicationStarting(StateChangeServiceImpl.java:50)
	at com.ibm.ws.app.manager.module.internal.SimpleDeployedAppInfoBase.preDeployApp(SimpleDeployedAppInfoBase.java:547)
	at com.ibm.ws.app.manager.module.internal.SimpleDeployedAppInfoBase.installApp(SimpleDeployedAppInfoBase.java:508)
	at com.ibm.ws.app.manager.module.internal.DeployedAppInfoBase.deployApp(DeployedAppInfoBase.java:349)
	at com.ibm.ws.app.manager.war.internal.WARApplicationHandlerImpl.install(WARApplicationHandlerImpl.java:65)
	at com.ibm.ws.app.manager.internal.statemachine.StartAction.execute(StartAction.java:149)
	at com.ibm.ws.app.manager.internal.statemachine.ApplicationStateMachineImpl.enterState(ApplicationStateMachineImpl.java:1352)
	at com.ibm.ws.app.manager.internal.statemachine.ApplicationStateMachineImpl.run(ApplicationStateMachineImpl.java:897)
	at com.ibm.ws.threading.internal.ExecutorServiceImpl$RunnableWrapper.run(ExecutorServiceImpl.java:238)
	at java.util.concurrent.ThreadPoolExecutor.runWorker(ThreadPoolExecutor.java:1149)
	at java.util.concurrent.ThreadPoolExecutor$Worker.run(ThreadPoolExecutor.java:624)
	at java.lang.Thread.run(Thread.java:748)

Dump of callerThis
Object type = com.ibm.ws.container.service.state.internal.ApplicationStateManager
  serialVersionUID = -6685368059484454124
  $$$tc$$$ = class com.ibm.websphere.ras.TraceComponent@522a6ac2
    strings[0] = "TraceComponent[com.ibm.ws.container.service.state.internal.ApplicationStateManager,class com.ibm.ws.container.service.state.internal.ApplicationStateManager,[Runtime],null,null]"
  listeners = class com.ibm.wsspi.kernel.service.utils.ConcurrentServiceReferenceSet@1ee4bf0
    referenceName = "applicationStateListeners"
    contextRef = class java.util.concurrent.atomic.AtomicReference@73e2d906
      serialVersionUID = -1848883965231344442
      unsafe = class sun.misc.Unsafe@7499cf54
      valueOffset = 12
      value = class org.apache.felix.scr.impl.manager.ComponentContextImpl@336d51df
    elementMap = class java.util.LinkedHashMap@33152bce
      serialVersionUID = 3801124242820219131
      head = class java.util.LinkedHashMap$Entry@56a2845d
      tail = class java.util.LinkedHashMap$Entry@4cf39e1c
      accessOrder = false
      serialVersionUID = 362498820763181265
      DEFAULT_INITIAL_CAPACITY = 16
      MAXIMUM_CAPACITY = 1073741824
      DEFAULT_LOAD_FACTOR = 0.75
      TREEIFY_THRESHOLD = 8
      UNTREEIFY_THRESHOLD = 6
      MIN_TREEIFY_CAPACITY = 64
      table = class java.util.HashMap$Node[16]
      entrySet = null
      size = 6
      modCount = 6
      threshold = 12
      loadFactor = 0.75
      keySet = null
      values = null
    elementSet = class java.util.concurrent.ConcurrentSkipListSet@40af33f1
      serialVersionUID = -2479143111061671589
      m = class java.util.concurrent.ConcurrentSkipListMap@2c404811
      UNSAFE = class sun.misc.Unsafe@7499cf54
      mapOffset = 12
      MAX_ARRAY_SIZE = 2147483639
    elementSetUnsorted = false
    serialVersionUID = 756240983881166148
    $$$tc$$$ = class com.ibm.websphere.ras.TraceComponent@85584a4
      strings[0] = "TraceComponent[com.ibm.wsspi.kernel.service.utils.ConcurrentServiceReferenceSet,class com.ibm.wsspi.kernel.service.utils.ConcurrentServiceReferenceSet,[kernelUtils],com.ibm.ws.kernel.service.utils.resources.ServiceMessages,null]"
  serialVersionUID = 2284273176985484160
  $$$tc$$$ = class com.ibm.websphere.ras.TraceComponent@45c07771
    strings[0] = "TraceComponent[com.ibm.ws.container.service.state.internal.StateChangeManager,class com.ibm.ws.container.service.state.internal.StateChangeManager,[Runtime],null,null]"

Dump of objectArray[0]
Object type = com.ibm.ws.container.service.app.deploy.internal.ApplicationInfoImpl
  appName = "FlightLogix"
  appMetaData = class com.ibm.ws.container.service.app.deploy.internal.ApplicationMetaDataImpl@6d0edb97
    j2eeName = class com.ibm.ws.container.service.metadata.internal.J2EENameImpl@311e3b9c
      serialVersionUID = 7488184044073147667
      application = "FlightLogix"
      module = null
      component = null
      string = null
      j2eeNameBytes = null
      $$$tc$$$ = class com.ibm.websphere.ras.TraceComponent@45b6c456
    serialVersionUID = -7906531148367236579
    $$$tc$$$ = class com.ibm.websphere.ras.TraceComponent@46019a1e
      strings[0] = "TraceComponent[com.ibm.ws.container.service.app.deploy.internal.ApplicationMetaDataImpl,class com.ibm.ws.container.service.app.deploy.internal.ApplicationMetaDataImpl,[container.service],com.ibm.ws.container.service.resources.Messages,null]"
    tc = class com.ibm.websphere.ras.TraceComponent@a0ace1e
      strings[0] = "TraceComponent[com.ibm.ws.runtime.metadata.MetaDataImpl,class com.ibm.ws.runtime.metadata.MetaDataImpl,[Runtime],null,null]"
    NUM_STATIC_SLOTS = 4
    ID_UNINITIALIZED = -1
    id = 0
    metaDataInterface = class java.lang.Class@503d81a6
      ANNOTATION = 8192
      ENUM = 16384
      SYNTHETIC = 4096
      cachedConstructor = null
      newInstanceCallerCache = null
      name = null
      allPermDomain = class java.security.ProtectionDomain@3c802a45
      useCaches = true
      reflectionData = null
      classRedefinedCount = 0
      genericInfo = null
      serialVersionUID = 3206093459760846163
      serialPersistentFields = class java.io.ObjectStreamField[0]
      reflectionFactory = class sun.reflect.ReflectionFactory@29082b60
      initted = true
      enumConstants = null
      enumConstantDirectory = null
      annotationData = null
      annotationType = null
      classValueMap = null
    staticSlots = class java.lang.Object[4]
      Object[0] = null
      Object[1] = class com.ibm.ws.injectionengine.osgi.internal.OSGiInjectionScopeData@67ac851c
      Object[2] = "FlightLogix"
      Object[3] = null
    dynamicSlots = null
  appContainer = class com.ibm.ws.adaptable.module.internal.AdaptableContainerImpl@36e260de
    root = class com.ibm.ws.adaptable.module.internal.AdaptableContainerImpl@36e260de
    rootOverlay = class com.ibm.ws.artifact.overlay.internal.DirectoryBasedOverlayContainerImpl@182a0c76
      base = class com.ibm.ws.artifact.loose.internal.LooseArchive@2a8fcf38
      maskSet = class java.util.HashSet@799d1cc6
      cfHolder = class com.ibm.ws.artifact.overlay.internal.OverlayContainerFactoryImpl@3b828391
      fileOverlayContainer = class com.ibm.ws.artifact.file.internal.FileContainer@44f2d3b2
      overlayDirectory = class java.io.File@2cc9a367
      cacheDirForOverlay = class java.io.File@786b5fc9
      overlayNotifier = class com.ibm.ws.artifact.overlay.internal.DirectoryBasedOverlayNotifier@322cd4e0
      enclosingContainer = null
      entryInEnclosingContainer = null
      nestedOverlays = class java.util.concurrent.ConcurrentHashMap@6901072e
      cacheStore = class com.ibm.ws.artifact.overlay.internal.OverlayCache@3bbc26ff
      parentOverlay = null
      isPassThroughMode = true
      serialVersionUID = -6650153487216279998
      $$$tc$$$ = class com.ibm.websphere.ras.TraceComponent@7783fdd7
    factoryHolder = class com.ibm.ws.adaptable.module.internal.AdaptableModuleFactoryImpl@7103c5a5
      adapterFactoryService = class com.ibm.ws.adaptable.module.internal.AdapterFactoryServiceImpl@438cfac8
      containerFactory = class com.ibm.ws.artifact.internal.ArtifactContainerFactoryService@2ccd31f1
      overlayContainerFactory = class com.ibm.ws.artifact.overlay.internal.OverlayContainerFactoryImpl@3b828391
      serialVersionUID = 4200251809856292987
      $$$tc$$$ = class com.ibm.websphere.ras.TraceComponent@4a6c6f5c
    delegate = class com.ibm.ws.artifact.overlay.internal.DirectoryBasedOverlayContainerImpl@182a0c76
    notifier = class com.ibm.ws.adaptable.module.internal.NotifierImpl@3124df96
      root = class com.ibm.ws.adaptable.module.internal.AdaptableContainerImpl@36e260de
      delegateNotifier = class com.ibm.ws.artifact.overlay.internal.DirectoryBasedOverlayNotifier@322cd4e0
      delegateRoot = class com.ibm.ws.artifact.overlay.internal.DirectoryBasedOverlayContainerImpl@182a0c76
      listenerDelegates = class java.util.HashMap@6cfdf0e4
      serialVersionUID = 6839382523957017880
      $$$tc$$$ = class com.ibm.websphere.ras.TraceComponent@347b5452
    serialVersionUID = -5950528200509051684
    $$$tc$$$ = class com.ibm.websphere.ras.TraceComponent@1ca08339
      strings[0] = "TraceComponent[com.ibm.ws.adaptable.module.internal.AdaptableContainerImpl,class com.ibm.ws.adaptable.module.internal.AdaptableContainerImpl,[archive.adaptable],null,null]"
  configHelper = class com.ibm.ws.app.manager.module.ApplicationNestedConfigHelper@7e30335e
    appInfo = class com.ibm.ws.app.manager.internal.ApplicationInstallInfo@4293f5f1
    serialVersionUID = -3174031738676705046
    $$$tc$$$ = class com.ibm.websphere.ras.TraceComponent@71ff0cdf
      strings[0] = "TraceComponent[com.ibm.ws.app.manager.module.ApplicationNestedConfigHelper,class com.ibm.ws.app.manager.module.ApplicationNestedConfigHelper,[applications, app.manager],null,null]"
  applicationInformation = class com.ibm.ws.app.manager.internal.ApplicationInstallInfo@4293f5f1
    _config = class com.ibm.ws.app.manager.internal.ApplicationConfig@9ad5721
      tc = class com.ibm.websphere.ras.TraceComponent@3be80a79
      _configPid = "com.ibm.ws.app.manager_19"
      _config = class com.ibm.ws.config.admin.ConfigurationDictionary@7c644d6c
      _applicationManager = class com.ibm.ws.app.manager.ApplicationManager@581ab292
      _location = "FlightLogix.war"
      _type = "war"
      _name = "FlightLogix"
      _notificationBroadcasterSupport = class javax.management.NotificationBroadcasterSupport@1d1d52d9
      ONE_TIME_JANDEX_MSGS_DISPLAYED = true
      serialVersionUID = -2151423388299667431
    _handlerInfo = class java.util.concurrent.atomic.AtomicReference@1264e7e0
      serialVersionUID = -1848883965231344442
      unsafe = class sun.misc.Unsafe@7499cf54
      valueOffset = 12
      value = class com.ibm.ws.app.manager.war.internal.WARDeployedAppInfo@7126d0f5
    _container = class java.util.concurrent.atomic.AtomicReference@6db18c31
      serialVersionUID = -1848883965231344442
      unsafe = class sun.misc.Unsafe@7499cf54
      valueOffset = 12
      value = class com.ibm.ws.adaptable.module.internal.AdaptableContainerImpl@36e260de
    _resolvedLocation = class java.util.concurrent.atomic.AtomicReference@3050c00b
      serialVersionUID = -1848883965231344442
      unsafe = class sun.misc.Unsafe@7499cf54
      valueOffset = 12
      value = class com.ibm.ws.kernel.service.location.internal.LocalFileResource@357cd7b8
    _handler = class com.ibm.ws.app.manager.war.internal.WARApplicationHandlerImpl@53279d7f
      futureMonitor = class com.ibm.ws.threading.internal.FutureMonitorImpl@16824ca7
      deployedAppFactory = class com.ibm.ws.app.manager.war.internal.WARDeployedAppInfoFactoryImpl@425d0143
      serialVersionUID = 4622845147410944782
      $$$tc$$$ = class com.ibm.websphere.ras.TraceComponent@7a7c0294
    _ami = class java.util.concurrent.atomic.AtomicReference@66493b1c
      serialVersionUID = -1848883965231344442
      unsafe = class sun.misc.Unsafe@7499cf54
      valueOffset = 12
      value = class com.ibm.wsspi.application.handler.DefaultApplicationMonitoringInformation@617e41cb
    _updateHandler = class com.ibm.ws.app.manager.internal.statemachine.ApplicationStateMachineImpl@778f3e0
      _tc = class com.ibm.websphere.ras.TraceComponent@15d8b0aa
      EMPTY_FUTURE_ARRAY = interface java.util.concurrent.Future[0]
      asmSequenceNumber = class java.util.concurrent.atomic.AtomicLong@4124b33c
      _qscaCounter = class java.util.concurrent.atomic.AtomicInteger@5247c2ca
      _failedThrowable = null
      _interruptibleLock = class com.ibm.ws.app.manager.internal.statemachine.ApplicationStateMachineImpl$2@56244b51
      _interruptible = false
      _performingQueuedActions = true
      _queuedActions = class java.util.concurrent.ConcurrentLinkedQueue@7c590fcf
      _callbackState = class java.util.concurrent.atomic.AtomicReference@1800ee2b
      blockAppStartingFutures = class java.util.Collections$SetFromMap@74bd3e73
      waitingForAppHandlerFuture = class java.util.concurrent.atomic.AtomicReference@b78d76
      waitingForExplicitStartFuture = class java.util.concurrent.atomic.AtomicReference@3424ddd8
      startAfterFutures = class java.util.Collections$SetFromMap@2bca0cc1
      completionListener = class java.util.concurrent.atomic.AtomicReference@3619e16d
      _notifyAppStopped = class java.util.concurrent.ConcurrentLinkedQueue@a7916e5
      _notifyAppStarting = class java.util.concurrent.ConcurrentLinkedQueue@1821c06f
      _notifyAppInstallCalled = class java.util.concurrent.ConcurrentLinkedQueue@63f67bae
      _notifyAppStarted = class java.util.concurrent.ConcurrentLinkedQueue@1a9dfc34
      _notifyAppRemoved = class java.util.concurrent.ConcurrentLinkedQueue@58911fbc
      _stateLock = class com.ibm.ws.app.manager.internal.statemachine.ApplicationStateMachineImpl$3@4e258e79
      _internalState = class java.util.concurrent.atomic.AtomicReference@1e5eb718
      _currentAction = class java.util.concurrent.atomic.AtomicReference@6b5784bb
      _rfa = class java.util.concurrent.atomic.AtomicReference@3beb0a92
      _appInstallInfo = class java.util.concurrent.atomic.AtomicReference@595f1dd0
      _update = class java.util.concurrent.atomic.AtomicBoolean@32d29794
      _appConfig = class java.util.concurrent.atomic.AtomicReference@65f7af29
      _nextAppConfig = class java.util.concurrent.atomic.AtomicReference@62b969f
      _appContainer = class java.util.concurrent.atomic.AtomicReference@27bbaa17
      _resolvedLocation = class java.util.concurrent.atomic.AtomicReference@1f3e743
      _handler = class java.util.concurrent.atomic.AtomicReference@59259eb3
      _asmSeqNo = 0
      _ctx = class org.eclipse.osgi.internal.framework.BundleContextImpl@21733c63
      _locAdmin = class com.ibm.ws.kernel.service.location.internal.WsLocationAdminImpl@3607466
      _futureMonitor = class com.ibm.ws.threading.internal.FutureMonitorImpl@16824ca7
      _artifactFactory = class com.ibm.ws.artifact.internal.ArtifactContainerFactoryService@2ccd31f1
      _moduleFactory = class com.ibm.ws.adaptable.module.internal.AdaptableModuleFactoryImpl@7103c5a5
      _executorService = class com.ibm.ws.threading.internal.ExecutorServiceImpl@79f18d0f
      _scheduledExecutorService = class com.ibm.ws.threading.internal.ScheduledExecutorImpl@6726b48d
      _asmHelper = class com.ibm.ws.app.manager.internal.ApplicationConfigurator$NamedApplication@4e1211be
      _appMonitor = class com.ibm.ws.app.manager.internal.monitor.ApplicationMonitor@12036edc
      enterStateCalled = class java.util.concurrent.atomic.AtomicBoolean@12c0fbbe
      serialVersionUID = 7990273947104993494
      serialVersionUID = 300267208965883056
      $$$tc$$$ = class com.ibm.websphere.ras.TraceComponent@1704a7e3
    serialVersionUID = 2630639237123415755
    $$$tc$$$ = class com.ibm.websphere.ras.TraceComponent@5d843fb2
      strings[0] = "TraceComponent[com.ibm.ws.app.manager.internal.ApplicationInstallInfo,class com.ibm.ws.app.manager.internal.ApplicationInstallInfo,[applications, app.manager],com.ibm.ws.app.manager.internal.resources.AppManagerMessages,null]"
  serialVersionUID = 5227817860647895780
  $$$tc$$$ = class com.ibm.websphere.ras.TraceComponent@7e3b9100
    strings[0] = "TraceComponent[com.ibm.ws.container.service.app.deploy.internal.ApplicationInfoImpl,class com.ibm.ws.container.service.app.deploy.internal.ApplicationInfoImpl,[container.service],com.ibm.ws.container.service.resources.Messages,null]"

