------Start of DE processing------ = [4/2/21 20:24:34:283 EDT]
Exception = java.lang.IllegalStateException
Source = com.ibm.ws.jpa.container.osgi.internal.JPAComponentImpl
probeid = 309
Stack Dump = java.lang.IllegalStateException: CWWJP0051E: Unable to locate any default persistence provider in the server configuration.  To configure a default persistence provider, use the <jpa defaultPersistenceProvider="com.acme.PersistenceProviderImpl"/> configuration, or enable the bells-1.0 feature and configure a <bell> for the <library> containing the JPA provider. 
	at com.ibm.ws.jpa.container.thirdparty.ThirdPartyJPAProvider.getProviderClassName(ThirdPartyJPAProvider.java:71)
	at com.ibm.ws.jpa.container.osgi.internal.JPAComponentImpl.getDefaultJPAProviderClassName(JPAComponentImpl.java:650)
	at com.ibm.ws.jpa.management.JPAPUnitInfo.setPersistenceProviderClassName(JPAPUnitInfo.java:276)
	at com.ibm.ws.jpa.management.JPAPxmlInfo.extractPersistenceUnits(JPAPxmlInfo.java:108)
	at com.ibm.ws.jpa.management.JPAScopeInfo.processPersistenceUnit(JPAScopeInfo.java:88)
	at com.ibm.ws.jpa.management.JPAApplInfo.addPersistenceUnits(JPAApplInfo.java:119)
	at com.ibm.ws.jpa.container.osgi.internal.JPAComponentImpl.processWebModulePersistenceXml(JPAComponentImpl.java:518)
	at com.ibm.ws.jpa.container.osgi.internal.JPAComponentImpl.applicationStarting(JPAComponentImpl.java:305)
	at com.ibm.ws.container.service.state.internal.ApplicationStateManager.fireStarting(ApplicationStateManager.java:51)
	at com.ibm.ws.container.service.state.internal.StateChangeServiceImpl.fireApplicationStarting(StateChangeServiceImpl.java:50)
	at com.ibm.ws.app.manager.module.internal.SimpleDeployedAppInfoBase.preDeployApp(SimpleDeployedAppInfoBase.java:547)
	at com.ibm.ws.app.manager.module.internal.SimpleDeployedAppInfoBase.installApp(SimpleDeployedAppInfoBase.java:508)
	at com.ibm.ws.app.manager.module.internal.DeployedAppInfoBase.deployApp(DeployedAppInfoBase.java:349)
	at com.ibm.ws.app.manager.war.internal.WARApplicationHandlerImpl.install(WARApplicationHandlerImpl.java:65)
	at com.ibm.ws.app.manager.internal.statemachine.StartAction.execute(StartAction.java:149)
	at com.ibm.ws.app.manager.internal.statemachine.ApplicationStateMachineImpl.enterState(ApplicationStateMachineImpl.java:1352)
	at com.ibm.ws.app.manager.internal.statemachine.ApplicationStateMachineImpl.run(ApplicationStateMachineImpl.java:897)
	at com.ibm.ws.threading.internal.ExecutorServiceImpl$RunnableWrapper.run(ExecutorServiceImpl.java:238)
	at java.util.concurrent.ThreadPoolExecutor.runWorker(ThreadPoolExecutor.java:1149)
	at java.util.concurrent.ThreadPoolExecutor$Worker.run(ThreadPoolExecutor.java:624)
	at java.lang.Thread.run(Thread.java:748)

Dump of callerThis
Object type = com.ibm.ws.jpa.container.osgi.internal.JPAComponentImpl
  tc = class com.ibm.websphere.ras.TraceComponent@1853ea9e
    strings[0] = "TraceComponent[com.ibm.ws.jpa.container.osgi.internal.JPAComponentImpl,class com.ibm.ws.jpa.container.osgi.internal.JPAComponentImpl,[JPA],com.ibm.ws.jpa.jpa,null]"
  priv = class com.ibm.ws.kernel.service.util.SecureAction@28a23db0
    controlContext = class java.security.AccessControlContext@63663c74
      context = class java.security.ProtectionDomain[2]
      isPrivileged = true
      isAuthorized = true
      privilegedContext = null
      combiner = null
      permissions = null
      parent = null
      isWrapped = false
      isLimited = false
      limitedContext = null
      debugInit = false
      debug = null
    bootClassLoader = class com.ibm.ws.kernel.service.util.SecureAction$1$1@f577d94
      this$0 = class com.ibm.ws.kernel.service.util.SecureAction$1@154e0908
      serialVersionUID = -7098890353587179347
      $$$tc$$$ = class com.ibm.websphere.ras.TraceComponent@692c0a1c
      parent = null
      parallelLockMap = null
      package2certs = class java.util.Hashtable@fb1a10
      nocerts = class java.security.cert.Certificate[0]
      classes = class java.util.Vector@810f1a6
      defaultDomain = class java.security.ProtectionDomain@30dbdf40
      packages = class java.util.HashMap@55b8861a
      scl = class sun.misc.Launcher$AppClassLoader@4e0e2f2a
      sclSet = true
      loadedLibraryNames = class java.util.Vector@dcb2d27
      systemNativeLibraries = class java.util.Vector@2d960f9
      nativeLibraries = class java.util.Vector@6c969e3d
      nativeLibraryContext = class java.util.Stack@7d0f4de3
      usr_paths = class java.lang.String[34]
      sys_paths = class java.lang.String[1]
      assertionLock = class com.ibm.ws.kernel.service.util.SecureAction$1$1@f577d94
      defaultAssertionStatus = false
      packageAssertionStatus = null
      classAssertionStatus = null
    getContextClassLoaderAction = class com.ibm.ws.kernel.service.util.SecureAction$28@52ac3ec9
      serialVersionUID = -4916275247138051678
      $$$tc$$$ = class com.ibm.websphere.ras.TraceComponent@62e43a5b
    getSystemClassLoaderAction = class com.ibm.ws.kernel.service.util.SecureAction$29@b11ec24
      serialVersionUID = 1004559485883092134
      $$$tc$$$ = class com.ibm.websphere.ras.TraceComponent@5f299130
  REFERENCE_JPA_RUNTIME = "jpaRuntime"
  REFERENCE_TRANSACTION_MANAGER = "transactionManager"
  REFERENCE_CONTEXT_ACCESSOR = "contextAccessor"
  REFERENCE_RESOURCE_BINDING_LISTENERS = "resourceBindingListeners"
  REFERENCE_JPA_PROVIDER = "jpaProvider"
  REFERENCE_JPA_PROPS_PROVIDER = "jpaPropsProvider"
  REFERENCE_APP_COORD = "appCoord"
  REFERENCE_CLASSLOADING_SERVICE = "classLoadingService"
  context = class org.apache.felix.scr.impl.manager.ComponentContextImpl@14d1bc9
    m_componentManager = class org.apache.felix.scr.impl.manager.SingleComponentManager@1a5e3337
      m_useCount = class java.util.concurrent.atomic.AtomicInteger@5d78884b
      m_componentContext = class org.apache.felix.scr.impl.manager.ComponentContextImpl@14d1bc9
      m_configurationProperties = class java.util.HashMap@1d9b5798
      m_factoryProperties = null
      m_properties = class java.util.HashMap@3d7e4397
      m_serviceProperties = null
      REASONS = class java.lang.String[7]
      m_container = class org.apache.felix.scr.impl.ComponentRegistry$DefaultConfigurableComponentHolder@596d34d9
      m_factoryInstance = false
      m_componentId = 288
      m_componentMethods = class org.apache.felix.scr.impl.inject.internal.ComponentMethodsImpl@1e0d8ffb
      m_dependencyManagers = class java.util.ArrayList@51a01556
      m_dependencyManagersInitialized = true
      m_trackingCount = class java.util.concurrent.atomic.AtomicInteger@67eaed27
      m_stateLock = class java.util.concurrent.locks.ReentrantLock@5711d6ff
      m_enabledLatchRef = class java.util.concurrent.atomic.AtomicReference@2511f9b1
      state = class java.util.concurrent.atomic.AtomicReference@74ca52e0
      m_floor = 8
      m_ceiling = 8
      m_missingLock = class java.util.concurrent.locks.ReentrantLock@44791a8b
      m_missingCondition = class java.util.concurrent.locks.AbstractQueuedSynchronizer$ConditionObject@1d068ad5
      m_missing = class java.util.TreeSet@377024b5
      m_activationLock = class java.util.concurrent.locks.ReentrantReadWriteLock@118b3de9
      failureReason = null
      taskCounter = class java.util.concurrent.atomic.AtomicLong@1d2ad011
      registrationManager = class org.apache.felix.scr.impl.manager.AbstractComponentManager$3@3453a143
    edgeInfos = class org.apache.felix.scr.impl.manager.EdgeInfo[9]
      EdgeInfo[0] = class org.apache.felix.scr.impl.manager.EdgeInfo@294b58ea
      EdgeInfo[1] = class org.apache.felix.scr.impl.manager.EdgeInfo@8707d6
      EdgeInfo[2] = class org.apache.felix.scr.impl.manager.EdgeInfo@6d36df72
      EdgeInfo[3] = class org.apache.felix.scr.impl.manager.EdgeInfo@2e5f246d
      EdgeInfo[4] = class org.apache.felix.scr.impl.manager.EdgeInfo@5da0b544
      EdgeInfo[5] = class org.apache.felix.scr.impl.manager.EdgeInfo@65a1a091
      EdgeInfo[6] = class org.apache.felix.scr.impl.manager.EdgeInfo@3eb72e18
      EdgeInfo[7] = class org.apache.felix.scr.impl.manager.EdgeInfo@699c09ef
      EdgeInfo[8] = class org.apache.felix.scr.impl.manager.EdgeInfo@314e8b0d
    m_componentInstance = class org.apache.felix.scr.impl.manager.ComponentContextImpl$ComponentInstanceImpl@286c69f2
      m_componentContext = class org.apache.felix.scr.impl.manager.ComponentContextImpl@14d1bc9
    m_usingBundle = class org.eclipse.osgi.internal.framework.EquinoxBundle@11215906
      equinoxContainer = class org.eclipse.osgi.internal.framework.EquinoxContainer@4c3ec513
      module = class org.eclipse.osgi.internal.framework.EquinoxBundle$EquinoxModule@7cf2067d
      monitor = class java.lang.Object@307395cb
      context = class org.eclipse.osgi.internal.framework.BundleContextImpl@7528ea6e
      signerInfos = null
      $SWITCH_TABLE$org$eclipse$osgi$container$Module$State = {1,2,3,4,5,6,7} /* array length = 7 */
    m_serviceRegistration = class org.eclipse.osgi.internal.serviceregistry.ServiceRegistrationImpl@10f30db4
      registry = class org.eclipse.osgi.internal.serviceregistry.ServiceRegistry@38d18b48
      context = class org.eclipse.osgi.internal.framework.BundleContextImpl@7528ea6e
      bundle = class org.eclipse.osgi.internal.framework.EquinoxBundle@11215906
      clazzes = class java.lang.String[4]
      service = class org.apache.felix.scr.impl.manager.SingleComponentManager@1a5e3337
      reference = class org.eclipse.osgi.internal.serviceregistry.ServiceReferenceImpl@59021917
      contextsUsing = class java.util.ArrayList@4dc83adf
      properties = class java.util.Collections$UnmodifiableMap@797763e5
      serviceid = 403
      serviceranking = 1000
      registrationLock = class java.lang.Object@73840ca6
      state = 0
      REGISTERED = 0
      UNREGISTERING = 1
      UNREGISTERED = 2
      FRAMEWORK_SET_SERVICE_PROPERTIES_COUNT = 4
      $assertionsDisabled = true
    m_implementationObject = class com.ibm.ws.jpa.container.osgi.internal.JPAComponentImpl@25b64f0d
    m_implementationAccessible = true
    accessibleLatch = class java.util.concurrent.CountDownLatch@6aec1f91
      sync = class java.util.concurrent.CountDownLatch$Sync@21cf0500
    serviceObjectsHelper = class org.apache.felix.scr.impl.helper.ComponentServiceObjectsHelper@221e2536
      bundleContext = class org.eclipse.osgi.internal.framework.BundleContextImpl@7528ea6e
      services = class java.util.concurrent.ConcurrentHashMap@7f9cdc1d
      closedServices = class java.util.ArrayList@453098a0
      prototypeInstances = class java.util.concurrent.ConcurrentHashMap@291daf95
    boundValues = null
  props = class org.apache.felix.scr.impl.helper.ReadOnlyDictionary@4445d43d
    m_delegate = class java.util.Hashtable@6dc989cf
      table = class java.util.Hashtable$Entry[23]
      count = 13
      threshold = 17
      loadFactor = 0.75
      modCount = 14
      serialVersionUID = 1421746759512286392
      MAX_ARRAY_SIZE = 2147483639
      keySet = null
      entrySet = null
      values = null
      KEYS = 0
      VALUES = 1
      ENTRIES = 2
    m_serviceReference = null
  server = true
  stuckApps = class java.util.concurrent.ConcurrentSkipListSet@59e5571
    serialVersionUID = -2479143111061671589
    m = class java.util.concurrent.ConcurrentSkipListMap@594e4068
      serialVersionUID = -8627078645895051609
      BASE_HEADER = class java.lang.Object@4934eb
      head = class java.util.concurrent.ConcurrentSkipListMap$HeadIndex@668acedf
      comparator = null
      keySet = null
      entrySet = null
      values = null
      descendingMap = null
      EQ = 1
      LT = 2
      GT = 0
      UNSAFE = class sun.misc.Unsafe@7499cf54
      headOffset = 20
      SECONDARY = 244
      keySet = null
      values = null
    UNSAFE = class sun.misc.Unsafe@7499cf54
      theUnsafe = class sun.misc.Unsafe@7499cf54
      INVALID_FIELD_OFFSET = -1
      ARRAY_BOOLEAN_BASE_OFFSET = 16
      ARRAY_BYTE_BASE_OFFSET = 16
      ARRAY_SHORT_BASE_OFFSET = 16
      ARRAY_CHAR_BASE_OFFSET = 16
      ARRAY_INT_BASE_OFFSET = 16
      ARRAY_LONG_BASE_OFFSET = 16
      ARRAY_FLOAT_BASE_OFFSET = 16
      ARRAY_DOUBLE_BASE_OFFSET = 16
      ARRAY_OBJECT_BASE_OFFSET = 16
      ARRAY_BOOLEAN_INDEX_SCALE = 1
      ARRAY_BYTE_INDEX_SCALE = 1
      ARRAY_SHORT_INDEX_SCALE = 2
      ARRAY_CHAR_INDEX_SCALE = 2
      ARRAY_INT_INDEX_SCALE = 4
      ARRAY_LONG_INDEX_SCALE = 8
      ARRAY_FLOAT_INDEX_SCALE = 4
      ARRAY_DOUBLE_INDEX_SCALE = 8
      ARRAY_OBJECT_INDEX_SCALE = 4
      ADDRESS_SIZE = 8
    mapOffset = 12
    MAX_ARRAY_SIZE = 2147483639
  jpaRuntime = class com.ibm.wsspi.kernel.service.utils.AtomicServiceReference@6c649558
    referenceName = "jpaRuntime"
    tuple = class java.util.concurrent.atomic.AtomicReference@5e20b8c9
      serialVersionUID = -1848883965231344442
      unsafe = class sun.misc.Unsafe@7499cf54
      valueOffset = 12
      value = class com.ibm.wsspi.kernel.service.utils.AtomicServiceReference$ReferenceTuple@2307ef0
    serialVersionUID = 2226592364007985000
    $$$tc$$$ = class com.ibm.websphere.ras.TraceComponent@66dbb856
  ivTransactionManagerSR = class com.ibm.wsspi.kernel.service.utils.AtomicServiceReference@6ea40d5
    referenceName = "transactionManager"
    tuple = class java.util.concurrent.atomic.AtomicReference@349392bc
      serialVersionUID = -1848883965231344442
      unsafe = class sun.misc.Unsafe@7499cf54
      valueOffset = 12
      value = class com.ibm.wsspi.kernel.service.utils.AtomicServiceReference$ReferenceTuple@56cbab0
    serialVersionUID = 2226592364007985000
    $$$tc$$$ = class com.ibm.websphere.ras.TraceComponent@66dbb856
  ivContextAccessorSR = class com.ibm.wsspi.kernel.service.utils.AtomicServiceReference@7f7c0741
    referenceName = "contextAccessor"
    tuple = class java.util.concurrent.atomic.AtomicReference@4e4207b6
      serialVersionUID = -1848883965231344442
      unsafe = class sun.misc.Unsafe@7499cf54
      valueOffset = 12
      value = class com.ibm.wsspi.kernel.service.utils.AtomicServiceReference$ReferenceTuple@5983009d
    serialVersionUID = 2226592364007985000
    $$$tc$$$ = class com.ibm.websphere.ras.TraceComponent@66dbb856
  resourceBindingListeners = class com.ibm.wsspi.kernel.service.utils.ConcurrentServiceReferenceSet@8bee002
    referenceName = "resourceBindingListeners"
    contextRef = class java.util.concurrent.atomic.AtomicReference@5ad40fe5
      serialVersionUID = -1848883965231344442
      unsafe = class sun.misc.Unsafe@7499cf54
      valueOffset = 12
      value = class org.apache.felix.scr.impl.manager.ComponentContextImpl@14d1bc9
    elementMap = class java.util.LinkedHashMap@34d97395
      serialVersionUID = 3801124242820219131
      head = null
      tail = null
      accessOrder = false
      serialVersionUID = 362498820763181265
      DEFAULT_INITIAL_CAPACITY = 16
      MAXIMUM_CAPACITY = 1073741824
      DEFAULT_LOAD_FACTOR = 0.75
      TREEIFY_THRESHOLD = 8
      UNTREEIFY_THRESHOLD = 6
      MIN_TREEIFY_CAPACITY = 64
      table = null
      entrySet = null
      size = 0
      modCount = 0
      threshold = 0
      loadFactor = 0.75
      keySet = null
      values = null
    elementSet = class java.util.concurrent.ConcurrentSkipListSet@15ff0330
      serialVersionUID = -2479143111061671589
      m = class java.util.concurrent.ConcurrentSkipListMap@3a877960
      UNSAFE = class sun.misc.Unsafe@7499cf54
      mapOffset = 12
      MAX_ARRAY_SIZE = 2147483639
    elementSetUnsorted = false
    serialVersionUID = 756240983881166148
    $$$tc$$$ = class com.ibm.websphere.ras.TraceComponent@85584a4
  providerIntegrationSR = class com.ibm.wsspi.kernel.service.utils.AtomicServiceReference@40386a18
    referenceName = "jpaProvider"
    tuple = class java.util.concurrent.atomic.AtomicReference@22a110c5
      serialVersionUID = -1848883965231344442
      unsafe = class sun.misc.Unsafe@7499cf54
      valueOffset = 12
      value = class com.ibm.wsspi.kernel.service.utils.AtomicServiceReference$ReferenceTuple@264065a4
    serialVersionUID = 2226592364007985000
    $$$tc$$$ = class com.ibm.websphere.ras.TraceComponent@66dbb856
      strings[0] = "TraceComponent[com.ibm.wsspi.kernel.service.utils.AtomicServiceReference,class com.ibm.wsspi.kernel.service.utils.AtomicServiceReference,[kernelUtils],com.ibm.ws.kernel.service.utils.resources.ServiceMessages,null]"
  propProviderSRs = class com.ibm.wsspi.kernel.service.utils.ConcurrentServiceReferenceSet@14807622
    referenceName = "jpaPropsProvider"
    contextRef = class java.util.concurrent.atomic.AtomicReference@159dd5be
      serialVersionUID = -1848883965231344442
      unsafe = class sun.misc.Unsafe@7499cf54
      valueOffset = 12
      value = class org.apache.felix.scr.impl.manager.ComponentContextImpl@14d1bc9
    elementMap = class java.util.LinkedHashMap@7ff6c8c7
      serialVersionUID = 3801124242820219131
      head = class java.util.LinkedHashMap$Entry@6d9f2fea
      tail = class java.util.LinkedHashMap$Entry@6d9f2fea
      accessOrder = false
      serialVersionUID = 362498820763181265
      DEFAULT_INITIAL_CAPACITY = 16
      MAXIMUM_CAPACITY = 1073741824
      DEFAULT_LOAD_FACTOR = 0.75
      TREEIFY_THRESHOLD = 8
      UNTREEIFY_THRESHOLD = 6
      MIN_TREEIFY_CAPACITY = 64
      table = class java.util.HashMap$Node[16]
      entrySet = null
      size = 1
      modCount = 1
      threshold = 12
      loadFactor = 0.75
      keySet = null
      values = null
    elementSet = class java.util.concurrent.ConcurrentSkipListSet@30532ac0
      serialVersionUID = -2479143111061671589
      m = class java.util.concurrent.ConcurrentSkipListMap@fa90bf9
      UNSAFE = class sun.misc.Unsafe@7499cf54
      mapOffset = 12
      MAX_ARRAY_SIZE = 2147483639
    elementSetUnsorted = false
    serialVersionUID = 756240983881166148
    $$$tc$$$ = class com.ibm.websphere.ras.TraceComponent@85584a4
      strings[0] = "TraceComponent[com.ibm.wsspi.kernel.service.utils.ConcurrentServiceReferenceSet,class com.ibm.wsspi.kernel.service.utils.ConcurrentServiceReferenceSet,[kernelUtils],com.ibm.ws.kernel.service.utils.resources.ServiceMessages,null]"
  classLoadingService = class com.ibm.ws.classloading.internal.ClassLoadingServiceImpl@b592dfc
    tc = class com.ibm.websphere.ras.TraceComponent@1581c1c0
      strings[0] = "TraceComponent[com.ibm.ws.classloading.internal.ClassLoadingServiceImpl,class com.ibm.ws.classloading.internal.ClassLoadingServiceImpl,[ClassLoadingService],com.ibm.ws.classloading.internal.resources.ClassLoadingServiceMessages,null]"
    leakDetectionMap = class java.util.HashMap@69f6fb7e
      serialVersionUID = 362498820763181265
      DEFAULT_INITIAL_CAPACITY = 16
      MAXIMUM_CAPACITY = 1073741824
      DEFAULT_LOAD_FACTOR = 0.75
      TREEIFY_THRESHOLD = 8
      UNTREEIFY_THRESHOLD = 6
      MIN_TREEIFY_CAPACITY = 64
      table = null
      entrySet = null
      size = 0
      modCount = 0
      threshold = 0
      loadFactor = 0.75
      keySet = null
      values = null
    appClassLoaders = class java.util.Collections$SetFromMap@6aad45ae
      m = class java.util.WeakHashMap@4b291a60
      s = class java.util.WeakHashMap$KeySet@26a276b6
      serialVersionUID = 2454657854757543876
      MAX_ARRAY_SIZE = 2147483639
    TCCL_LOCK_WAIT = 15000
    REFERENCE_GENERATORS = "generators"
    bundleContext = class org.eclipse.osgi.internal.framework.BundleContextImpl@410d0ae7
      findHookName = "org.osgi.framework.hooks.bundle.FindHook"
      valid = true
      bundle = class org.eclipse.osgi.internal.framework.EquinoxBundle@29efb6f1
      container = class org.eclipse.osgi.internal.framework.EquinoxContainer@4c3ec513
      debug = class org.eclipse.osgi.internal.debug.Debug@4a1c6f2a
      servicesInUse = class java.util.HashMap@1fd9420
      activator = null
      contextLock = class java.lang.Object@280d74e5
    aclStore = class com.ibm.ws.classloading.internal.util.CanonicalStore@33d37158
      map = class java.util.concurrent.ConcurrentHashMap@3ddd97ab
      q = class com.ibm.ws.classloading.internal.util.RefQueue@4f25b179
      serialVersionUID = 6715157558227169968
      $$$tc$$$ = class com.ibm.websphere.ras.TraceComponent@ab40b84
    tcclStore = class com.ibm.ws.classloading.internal.util.CanonicalStore@6da04157
      map = class java.util.concurrent.ConcurrentHashMap@5e43225b
      q = class com.ibm.ws.classloading.internal.util.RefQueue@57998b0d
      serialVersionUID = 6715157558227169968
      $$$tc$$$ = class com.ibm.websphere.ras.TraceComponent@ab40b84
    tcclStoreLock = class java.util.concurrent.locks.ReentrantLock@6da0e978
      serialVersionUID = 7373984872572414699
      sync = class java.util.concurrent.locks.ReentrantLock$NonfairSync@3615a22d
    digraph = class org.eclipse.equinox.internal.region.StandardRegionDigraph@33b61b06
      EMPTY_EDGE_SET = class java.util.Collections$UnmodifiableSet@1c89e234
      monitor = class java.lang.Object@5d3d8c9d
      regions = class java.util.HashMap@1998e1a8
      bundleIdToRegionMapping = class org.eclipse.equinox.internal.region.StandardBundleIdToRegionMapping@79c17111
      edges = class java.util.HashMap@2a0aa45f
      bundleContext = class org.eclipse.osgi.internal.framework.BundleContextImpl@149dd36b
      threadLocal = class java.lang.ThreadLocal@1be29ce7
      subgraphTraverser = class org.eclipse.equinox.internal.region.SubgraphTraverser@4529bb92
      bundleCollisionHook = class org.eclipse.equinox.internal.region.hook.RegionBundleCollisionHook@371213df
      bundleEventHook = class org.eclipse.equinox.internal.region.hook.RegionBundleEventHook@4845713e
      bundleFindHook = class org.eclipse.equinox.internal.region.hook.RegionBundleFindHook@47cfc975
      serviceEventHook = class org.eclipse.equinox.internal.region.hook.RegionServiceEventHook@4fb21f35
      serviceFindHook = class org.eclipse.equinox.internal.region.hook.RegionServiceFindHook@681961f7
      resolverHookFactory = class org.eclipse.equinox.internal.region.hook.RegionResolverHookFactory@b36314b
      origin = null
      originUpdateCount = -1
      updateCount = class java.util.concurrent.atomic.AtomicLong@328bd539
      defaultRegion = null
    redefiner = class com.ibm.ws.classloading.internal.util.ClassRedefiner@1bc7e599
      tc = class com.ibm.websphere.ras.TraceComponent@7a9f0d20
      LS = "
"
      inst = class com.sun.proxy.$Proxy0@270d545c
      serialVersionUID = 2420101865139508526
    listener = class com.ibm.ws.classloading.internal.ClassLoadingServiceImpl$1@7482a54f
      this$0 = class com.ibm.ws.classloading.internal.ClassLoadingServiceImpl@b592dfc
      serialVersionUID = -9159707349812113172
      $$$tc$$$ = class com.ibm.websphere.ras.TraceComponent@57afbe91
    classloaders = class java.util.Collections$SynchronizedMap@1e03698e
      serialVersionUID = 1978198479659022715
      m = class java.util.HashMap@1e847865
      mutex = class java.util.Collections$SynchronizedMap@1e03698e
      keySet = null
      entrySet = null
      values = null
    resourceProviders = class com.ibm.ws.classloading.internal.CompositeResourceProvider@1d6e2f63
      lockFactory = class java.util.concurrent.locks.ReentrantReadWriteLock@12e68c4
      providerMap = class com.ibm.ws.classloading.internal.util.MultiMap@501fd785
      serialVersionUID = -5576435894946156347
      $$$tc$$$ = class com.ibm.websphere.ras.TraceComponent@726bef78
    rememberedBundles = class java.util.concurrent.ConcurrentHashMap@3921ea7a
      serialVersionUID = 7249069246763182397
      MAXIMUM_CAPACITY = 1073741824
      DEFAULT_CAPACITY = 16
      MAX_ARRAY_SIZE = 2147483639
      DEFAULT_CONCURRENCY_LEVEL = 16
      LOAD_FACTOR = 0.75
      TREEIFY_THRESHOLD = 8
      UNTREEIFY_THRESHOLD = 6
      MIN_TREEIFY_CAPACITY = 64
      MIN_TRANSFER_STRIDE = 16
      RESIZE_STAMP_BITS = 16
      MAX_RESIZERS = 65535
      RESIZE_STAMP_SHIFT = 16
      MOVED = -1
      TREEBIN = -2
      RESERVED = -3
      HASH_BITS = 2147483647
      NCPU = 8
      serialPersistentFields = class java.io.ObjectStreamField[3]
      table = class java.util.concurrent.ConcurrentHashMap$Node[16]
      nextTable = null
      baseCount = 1
      sizeCtl = 12
      transferIndex = 0
      cellsBusy = 0
      counterCells = null
      keySet = null
      values = null
      entrySet = null
      U = class sun.misc.Unsafe@7499cf54
      SIZECTL = 20
      TRANSFERINDEX = 32
      BASECOUNT = 24
      CELLSBUSY = 36
      CELLVALUE = 144
      ABASE = 16
      ASHIFT = 2
      keySet = null
      values = null
    collectedBundles = class java.lang.ref.ReferenceQueue@58e888cc
      NULL = class java.lang.ref.ReferenceQueue$Null@1d75464f
      ENQUEUED = class java.lang.ref.ReferenceQueue$Null@34da5ff2
      lock = class java.lang.ref.ReferenceQueue$Lock@675f39be
      head = null
      queueLength = 0
      $assertionsDisabled = true
    generatorRefs = class com.ibm.wsspi.kernel.service.utils.ConcurrentServiceReferenceSet@5da2c546
      referenceName = "generators"
      contextRef = class java.util.concurrent.atomic.AtomicReference@3d5faf8b
      elementMap = class java.util.LinkedHashMap@35d2b2fe
      elementSet = class java.util.concurrent.ConcurrentSkipListSet@7830afac
      elementSetUnsorted = false
      serialVersionUID = 756240983881166148
      $$$tc$$$ = class com.ibm.websphere.ras.TraceComponent@85584a4
    generatorManager = class com.ibm.ws.classloading.internal.ClassGeneratorManager@31dbfca6
      tc = class com.ibm.websphere.ras.TraceComponent@35fb2d85
      generatorRefs = class com.ibm.wsspi.kernel.service.utils.ConcurrentServiceReferenceSet@5da2c546
      serialVersionUID = 4152663586056483310
    appExtLibs = class java.util.concurrent.CopyOnWriteArrayList@71fa2dd
      serialVersionUID = 8673264195747942595
      lock = class java.util.concurrent.locks.ReentrantLock@c969cb8
      array = class java.lang.Object[0]
      UNSAFE = class sun.misc.Unsafe@7499cf54
      lockOffset = 12
    globalConfig = class com.ibm.ws.classloading.configuration.GlobalClassloadingConfiguration@1b2de41a
      properties = class org.apache.felix.scr.impl.helper.ReadOnlyDictionary@18e21031
      serialVersionUID = 452562347104713756
      $$$tc$$$ = class com.ibm.websphere.ras.TraceComponent@728c58ba
    metaInfServicesProviders = class java.util.concurrent.ConcurrentHashMap@506e8acc
      serialVersionUID = 7249069246763182397
      MAXIMUM_CAPACITY = 1073741824
      DEFAULT_CAPACITY = 16
      MAX_ARRAY_SIZE = 2147483639
      DEFAULT_CONCURRENCY_LEVEL = 16
      LOAD_FACTOR = 0.75
      TREEIFY_THRESHOLD = 8
      UNTREEIFY_THRESHOLD = 6
      MIN_TREEIFY_CAPACITY = 64
      MIN_TRANSFER_STRIDE = 16
      RESIZE_STAMP_BITS = 16
      MAX_RESIZERS = 65535
      RESIZE_STAMP_SHIFT = 16
      MOVED = -1
      TREEBIN = -2
      RESERVED = -3
      HASH_BITS = 2147483647
      NCPU = 8
      serialPersistentFields = class java.io.ObjectStreamField[3]
      table = null
      nextTable = null
      baseCount = 0
      sizeCtl = 0
      transferIndex = 0
      cellsBusy = 0
      counterCells = null
      keySet = null
      values = null
      entrySet = null
      U = class sun.misc.Unsafe@7499cf54
      SIZECTL = 20
      TRANSFERINDEX = 32
      BASECOUNT = 24
      CELLSBUSY = 36
      CELLVALUE = 144
      ABASE = 16
      ASHIFT = 2
      keySet = null
      values = null
    metaInfServicesRefs = class com.ibm.wsspi.kernel.service.utils.ConcurrentServiceReferenceMap@3e3e72ab
      referenceName = "MetaInfServicesProvider"
      context = class org.apache.felix.scr.impl.manager.ComponentContextImpl@7d333a80
      elementMap = class java.util.concurrent.ConcurrentHashMap@53be695c
      serialVersionUID = 6980924785166233786
      $$$tc$$$ = class com.ibm.websphere.ras.TraceComponent@2786ac8a
    protectionDomainMap = class java.util.HashMap@44cd36fb
      serialVersionUID = 362498820763181265
      DEFAULT_INITIAL_CAPACITY = 16
      MAXIMUM_CAPACITY = 1073741824
      DEFAULT_LOAD_FACTOR = 0.75
      TREEIFY_THRESHOLD = 8
      UNTREEIFY_THRESHOLD = 6
      MIN_TREEIFY_CAPACITY = 64
      table = class java.util.HashMap$Node[16]
      entrySet = null
      size = 1
      modCount = 1
      threshold = 12
      loadFactor = 0.75
      keySet = null
      values = null
    metadataIdentifierService = class com.ibm.ws.container.service.metadata.internal.MetaDataServiceImpl@3034174c
      applicationMetaDataManager = class com.ibm.ws.container.service.metadata.internal.ApplicationMetaDataManager@12ca7410
      moduleMetaDataManager = class com.ibm.ws.container.service.metadata.internal.ModuleMetaDataManager@530c193c
      componentMetaDataManager = class com.ibm.ws.container.service.metadata.internal.ComponentMetaDataManager@141ab8fc
      methodMetaDataManager = class com.ibm.ws.container.service.metadata.internal.MethodMetaDataManager@f409891
      appModuleNameToModuleContainer = class java.util.concurrent.ConcurrentHashMap@4e6b179d
      jeeNameToComponentMetaData = class java.util.concurrent.ConcurrentHashMap@7d9d3295
      deferredMetaDataFactories = class com.ibm.wsspi.kernel.service.utils.ConcurrentServiceReferenceSet@3c81a882
      deferredMetaDataInitializers = class com.ibm.wsspi.kernel.service.utils.ConcurrentServiceReferenceMap@378e3b93
      serialVersionUID = -2494605732980966097
      $$$tc$$$ = class com.ibm.websphere.ras.TraceComponent@55cf687f
    globalSharedLibrary = class java.util.concurrent.atomic.AtomicReference@1428c36c
      serialVersionUID = -1848883965231344442
      unsafe = class sun.misc.Unsafe@7499cf54
      valueOffset = 12
      value = null
    serialVersionUID = 4365026902615131286
  serialVersionUID = -1386978515111860254
  tc = class com.ibm.websphere.ras.TraceComponent@37438d5e
    strings[0] = "TraceComponent[com.ibm.ws.jpa.management.AbstractJPAComponent,class com.ibm.ws.jpa.management.AbstractJPAComponent,[JPA],com.ibm.ws.jpa.jpa,null]"
  applList = class java.util.Collections$SynchronizedMap@77f3ae44
    serialVersionUID = 1978198479659022715
    m = class java.util.HashMap@5946f4ae
      serialVersionUID = 362498820763181265
      DEFAULT_INITIAL_CAPACITY = 16
      MAXIMUM_CAPACITY = 1073741824
      DEFAULT_LOAD_FACTOR = 0.75
      TREEIFY_THRESHOLD = 8
      UNTREEIFY_THRESHOLD = 6
      MIN_TREEIFY_CAPACITY = 64
      table = null
      entrySet = null
      size = 0
      modCount = 0
      threshold = 0
      loadFactor = 0.75
      keySet = null
      values = null
    mutex = class java.util.Collections$SynchronizedMap@77f3ae44
    keySet = null
    entrySet = null
    values = null
  ivCallBackHandler = class com.ibm.ws.jpa.management.JPAUserTxCallBackHandler@6055f7fe
    tc = class com.ibm.websphere.ras.TraceComponent@6944037f
      strings[0] = "TraceComponent[com.ibm.ws.jpa.management.JPAUserTxCallBackHandler,class com.ibm.ws.jpa.management.JPAUserTxCallBackHandler,[JPA],com.ibm.ws.jpa.jpa,null]"
    ivAbstractJPAComponent = class com.ibm.ws.jpa.container.osgi.internal.JPAComponentImpl@25b64f0d
  ivTxCallbackRegistered = false

Dump of objectArray[0]
Object type = com.ibm.ws.container.service.app.deploy.internal.ApplicationInfoImpl
  appName = "FlightLogix"
  appMetaData = class com.ibm.ws.container.service.app.deploy.internal.ApplicationMetaDataImpl@6d0edb97
    j2eeName = class com.ibm.ws.container.service.metadata.internal.J2EENameImpl@311e3b9c
      serialVersionUID = 7488184044073147667
      application = "FlightLogix"
      module = null
      component = null
      string = null
      j2eeNameBytes = null
      $$$tc$$$ = class com.ibm.websphere.ras.TraceComponent@45b6c456
    serialVersionUID = -7906531148367236579
    $$$tc$$$ = class com.ibm.websphere.ras.TraceComponent@46019a1e
      strings[0] = "TraceComponent[com.ibm.ws.container.service.app.deploy.internal.ApplicationMetaDataImpl,class com.ibm.ws.container.service.app.deploy.internal.ApplicationMetaDataImpl,[container.service],com.ibm.ws.container.service.resources.Messages,null]"
    tc = class com.ibm.websphere.ras.TraceComponent@a0ace1e
      strings[0] = "TraceComponent[com.ibm.ws.runtime.metadata.MetaDataImpl,class com.ibm.ws.runtime.metadata.MetaDataImpl,[Runtime],null,null]"
    NUM_STATIC_SLOTS = 4
    ID_UNINITIALIZED = -1
    id = 0
    metaDataInterface = class java.lang.Class@503d81a6
      ANNOTATION = 8192
      ENUM = 16384
      SYNTHETIC = 4096
      cachedConstructor = null
      newInstanceCallerCache = null
      name = null
      allPermDomain = class java.security.ProtectionDomain@3c802a45
      useCaches = true
      reflectionData = null
      classRedefinedCount = 0
      genericInfo = null
      serialVersionUID = 3206093459760846163
      serialPersistentFields = class java.io.ObjectStreamField[0]
      reflectionFactory = class sun.reflect.ReflectionFactory@29082b60
      initted = true
      enumConstants = null
      enumConstantDirectory = null
      annotationData = null
      annotationType = null
      classValueMap = null
    staticSlots = class java.lang.Object[4]
      Object[0] = null
      Object[1] = class com.ibm.ws.injectionengine.osgi.internal.OSGiInjectionScopeData@67ac851c
      Object[2] = "FlightLogix"
      Object[3] = null
    dynamicSlots = null
  appContainer = class com.ibm.ws.adaptable.module.internal.AdaptableContainerImpl@36e260de
    root = class com.ibm.ws.adaptable.module.internal.AdaptableContainerImpl@36e260de
    rootOverlay = class com.ibm.ws.artifact.overlay.internal.DirectoryBasedOverlayContainerImpl@182a0c76
      base = class com.ibm.ws.artifact.loose.internal.LooseArchive@2a8fcf38
      maskSet = class java.util.HashSet@799d1cc6
      cfHolder = class com.ibm.ws.artifact.overlay.internal.OverlayContainerFactoryImpl@3b828391
      fileOverlayContainer = class com.ibm.ws.artifact.file.internal.FileContainer@44f2d3b2
      overlayDirectory = class java.io.File@2cc9a367
      cacheDirForOverlay = class java.io.File@786b5fc9
      overlayNotifier = class com.ibm.ws.artifact.overlay.internal.DirectoryBasedOverlayNotifier@322cd4e0
      enclosingContainer = null
      entryInEnclosingContainer = null
      nestedOverlays = class java.util.concurrent.ConcurrentHashMap@6901072e
      cacheStore = class com.ibm.ws.artifact.overlay.internal.OverlayCache@3bbc26ff
      parentOverlay = null
      isPassThroughMode = true
      serialVersionUID = -6650153487216279998
      $$$tc$$$ = class com.ibm.websphere.ras.TraceComponent@7783fdd7
    factoryHolder = class com.ibm.ws.adaptable.module.internal.AdaptableModuleFactoryImpl@7103c5a5
      adapterFactoryService = class com.ibm.ws.adaptable.module.internal.AdapterFactoryServiceImpl@438cfac8
      containerFactory = class com.ibm.ws.artifact.internal.ArtifactContainerFactoryService@2ccd31f1
      overlayContainerFactory = class com.ibm.ws.artifact.overlay.internal.OverlayContainerFactoryImpl@3b828391
      serialVersionUID = 4200251809856292987
      $$$tc$$$ = class com.ibm.websphere.ras.TraceComponent@4a6c6f5c
    delegate = class com.ibm.ws.artifact.overlay.internal.DirectoryBasedOverlayContainerImpl@182a0c76
    notifier = class com.ibm.ws.adaptable.module.internal.NotifierImpl@3124df96
      root = class com.ibm.ws.adaptable.module.internal.AdaptableContainerImpl@36e260de
      delegateNotifier = class com.ibm.ws.artifact.overlay.internal.DirectoryBasedOverlayNotifier@322cd4e0
      delegateRoot = class com.ibm.ws.artifact.overlay.internal.DirectoryBasedOverlayContainerImpl@182a0c76
      listenerDelegates = class java.util.HashMap@6cfdf0e4
      serialVersionUID = 6839382523957017880
      $$$tc$$$ = class com.ibm.websphere.ras.TraceComponent@347b5452
    serialVersionUID = -5950528200509051684
    $$$tc$$$ = class com.ibm.websphere.ras.TraceComponent@1ca08339
      strings[0] = "TraceComponent[com.ibm.ws.adaptable.module.internal.AdaptableContainerImpl,class com.ibm.ws.adaptable.module.internal.AdaptableContainerImpl,[archive.adaptable],null,null]"
  configHelper = class com.ibm.ws.app.manager.module.ApplicationNestedConfigHelper@7e30335e
    appInfo = class com.ibm.ws.app.manager.internal.ApplicationInstallInfo@4293f5f1
    serialVersionUID = -3174031738676705046
    $$$tc$$$ = class com.ibm.websphere.ras.TraceComponent@71ff0cdf
      strings[0] = "TraceComponent[com.ibm.ws.app.manager.module.ApplicationNestedConfigHelper,class com.ibm.ws.app.manager.module.ApplicationNestedConfigHelper,[applications, app.manager],null,null]"
  applicationInformation = class com.ibm.ws.app.manager.internal.ApplicationInstallInfo@4293f5f1
    _config = class com.ibm.ws.app.manager.internal.ApplicationConfig@9ad5721
      tc = class com.ibm.websphere.ras.TraceComponent@3be80a79
      _configPid = "com.ibm.ws.app.manager_19"
      _config = class com.ibm.ws.config.admin.ConfigurationDictionary@7c644d6c
      _applicationManager = class com.ibm.ws.app.manager.ApplicationManager@581ab292
      _location = "FlightLogix.war"
      _type = "war"
      _name = "FlightLogix"
      _notificationBroadcasterSupport = class javax.management.NotificationBroadcasterSupport@1d1d52d9
      ONE_TIME_JANDEX_MSGS_DISPLAYED = true
      serialVersionUID = -2151423388299667431
    _handlerInfo = class java.util.concurrent.atomic.AtomicReference@1264e7e0
      serialVersionUID = -1848883965231344442
      unsafe = class sun.misc.Unsafe@7499cf54
      valueOffset = 12
      value = class com.ibm.ws.app.manager.war.internal.WARDeployedAppInfo@7126d0f5
    _container = class java.util.concurrent.atomic.AtomicReference@6db18c31
      serialVersionUID = -1848883965231344442
      unsafe = class sun.misc.Unsafe@7499cf54
      valueOffset = 12
      value = class com.ibm.ws.adaptable.module.internal.AdaptableContainerImpl@36e260de
    _resolvedLocation = class java.util.concurrent.atomic.AtomicReference@3050c00b
      serialVersionUID = -1848883965231344442
      unsafe = class sun.misc.Unsafe@7499cf54
      valueOffset = 12
      value = class com.ibm.ws.kernel.service.location.internal.LocalFileResource@357cd7b8
    _handler = class com.ibm.ws.app.manager.war.internal.WARApplicationHandlerImpl@53279d7f
      futureMonitor = class com.ibm.ws.threading.internal.FutureMonitorImpl@16824ca7
      deployedAppFactory = class com.ibm.ws.app.manager.war.internal.WARDeployedAppInfoFactoryImpl@425d0143
      serialVersionUID = 4622845147410944782
      $$$tc$$$ = class com.ibm.websphere.ras.TraceComponent@7a7c0294
    _ami = class java.util.concurrent.atomic.AtomicReference@66493b1c
      serialVersionUID = -1848883965231344442
      unsafe = class sun.misc.Unsafe@7499cf54
      valueOffset = 12
      value = class com.ibm.wsspi.application.handler.DefaultApplicationMonitoringInformation@617e41cb
    _updateHandler = class com.ibm.ws.app.manager.internal.statemachine.ApplicationStateMachineImpl@778f3e0
      _tc = class com.ibm.websphere.ras.TraceComponent@15d8b0aa
      EMPTY_FUTURE_ARRAY = interface java.util.concurrent.Future[0]
      asmSequenceNumber = class java.util.concurrent.atomic.AtomicLong@4124b33c
      _qscaCounter = class java.util.concurrent.atomic.AtomicInteger@5247c2ca
      _failedThrowable = null
      _interruptibleLock = class com.ibm.ws.app.manager.internal.statemachine.ApplicationStateMachineImpl$2@56244b51
      _interruptible = false
      _performingQueuedActions = true
      _queuedActions = class java.util.concurrent.ConcurrentLinkedQueue@7c590fcf
      _callbackState = class java.util.concurrent.atomic.AtomicReference@1800ee2b
      blockAppStartingFutures = class java.util.Collections$SetFromMap@74bd3e73
      waitingForAppHandlerFuture = class java.util.concurrent.atomic.AtomicReference@b78d76
      waitingForExplicitStartFuture = class java.util.concurrent.atomic.AtomicReference@3424ddd8
      startAfterFutures = class java.util.Collections$SetFromMap@2bca0cc1
      completionListener = class java.util.concurrent.atomic.AtomicReference@3619e16d
      _notifyAppStopped = class java.util.concurrent.ConcurrentLinkedQueue@a7916e5
      _notifyAppStarting = class java.util.concurrent.ConcurrentLinkedQueue@1821c06f
      _notifyAppInstallCalled = class java.util.concurrent.ConcurrentLinkedQueue@63f67bae
      _notifyAppStarted = class java.util.concurrent.ConcurrentLinkedQueue@1a9dfc34
      _notifyAppRemoved = class java.util.concurrent.ConcurrentLinkedQueue@58911fbc
      _stateLock = class com.ibm.ws.app.manager.internal.statemachine.ApplicationStateMachineImpl$3@4e258e79
      _internalState = class java.util.concurrent.atomic.AtomicReference@1e5eb718
      _currentAction = class java.util.concurrent.atomic.AtomicReference@6b5784bb
      _rfa = class java.util.concurrent.atomic.AtomicReference@3beb0a92
      _appInstallInfo = class java.util.concurrent.atomic.AtomicReference@595f1dd0
      _update = class java.util.concurrent.atomic.AtomicBoolean@32d29794
      _appConfig = class java.util.concurrent.atomic.AtomicReference@65f7af29
      _nextAppConfig = class java.util.concurrent.atomic.AtomicReference@62b969f
      _appContainer = class java.util.concurrent.atomic.AtomicReference@27bbaa17
      _resolvedLocation = class java.util.concurrent.atomic.AtomicReference@1f3e743
      _handler = class java.util.concurrent.atomic.AtomicReference@59259eb3
      _asmSeqNo = 0
      _ctx = class org.eclipse.osgi.internal.framework.BundleContextImpl@21733c63
      _locAdmin = class com.ibm.ws.kernel.service.location.internal.WsLocationAdminImpl@3607466
      _futureMonitor = class com.ibm.ws.threading.internal.FutureMonitorImpl@16824ca7
      _artifactFactory = class com.ibm.ws.artifact.internal.ArtifactContainerFactoryService@2ccd31f1
      _moduleFactory = class com.ibm.ws.adaptable.module.internal.AdaptableModuleFactoryImpl@7103c5a5
      _executorService = class com.ibm.ws.threading.internal.ExecutorServiceImpl@79f18d0f
      _scheduledExecutorService = class com.ibm.ws.threading.internal.ScheduledExecutorImpl@6726b48d
      _asmHelper = class com.ibm.ws.app.manager.internal.ApplicationConfigurator$NamedApplication@4e1211be
      _appMonitor = class com.ibm.ws.app.manager.internal.monitor.ApplicationMonitor@12036edc
      enterStateCalled = class java.util.concurrent.atomic.AtomicBoolean@12c0fbbe
      serialVersionUID = 7990273947104993494
      serialVersionUID = 300267208965883056
      $$$tc$$$ = class com.ibm.websphere.ras.TraceComponent@1704a7e3
    serialVersionUID = 2630639237123415755
    $$$tc$$$ = class com.ibm.websphere.ras.TraceComponent@5d843fb2
      strings[0] = "TraceComponent[com.ibm.ws.app.manager.internal.ApplicationInstallInfo,class com.ibm.ws.app.manager.internal.ApplicationInstallInfo,[applications, app.manager],com.ibm.ws.app.manager.internal.resources.AppManagerMessages,null]"
  serialVersionUID = 5227817860647895780
  $$$tc$$$ = class com.ibm.websphere.ras.TraceComponent@7e3b9100
    strings[0] = "TraceComponent[com.ibm.ws.container.service.app.deploy.internal.ApplicationInfoImpl,class com.ibm.ws.container.service.app.deploy.internal.ApplicationInfoImpl,[container.service],com.ibm.ws.container.service.resources.Messages,null]"

