********************************************************************************
product = Open Liberty 21.0.0.3 (wlp-1.0.50.cl210320210309-1101)
wlp.install.dir = /Users/kor/IdeaProjects/FlightLogix/HelloWorld/target/liberty/wlp/
java.home = /Library/Java/JavaVirtualMachines/jdk1.8.0_181.jdk/Contents/Home/jre
java.version = 1.8.0_181
java.runtime = Java(TM) SE Runtime Environment (1.8.0_181-b13)
os = Mac OS X (10.16; x86_64) (en_CA)
process = 80382@Andrews-MBP
********************************************************************************
[02/04/21 13:09:37:698 EDT] 00000001 com.ibm.ws.kernel.launch.internal.FrameworkManager           A CWWKE0001I: The server FlightLogixServer has been launched.
[02/04/21 13:09:38:056 EDT] 00000016 com.ibm.ws.config.xml.internal.ServerXMLConfiguration        A CWWKG0093A: Processing configuration drop-ins resource: /Users/kor/IdeaProjects/FlightLogix/HelloWorld/target/liberty/wlp/usr/servers/FlightLogixServer/configDropins/overrides/liberty-plugin-variable-config.xml
[02/04/21 13:09:38:180 EDT] 00000001 com.ibm.ws.kernel.launch.internal.FrameworkManager           I CWWKE0002I: The kernel started after 0.658 seconds
[02/04/21 13:09:38:195 EDT] 00000021 com.ibm.ws.kernel.feature.internal.FeatureManager            I CWWKF0007I: Feature update started.
[02/04/21 13:09:38:312 EDT] 00000017 .apache.cxf.cxf.core.3.2:1.0.50.cl210320210309-1101(id=135)] I Aries Blueprint packages not available. So namespaces will not be registered
[02/04/21 13:09:38:483 EDT] 00000016 com.ibm.ws.app.manager.internal.monitor.DropinMonitor        A CWWKZ0058I: Monitoring dropins for applications.
[02/04/21 13:09:38:974 EDT] 0000002a com.ibm.ws.app.manager.AppMessageHelper                      I CWWKZ0018I: Starting application FlightLogix.
[02/04/21 13:09:38:975 EDT] 0000002a bm.ws.app.manager.war.internal.WARDeployedAppInfoFactoryImpl I CWWKZ0134I: The FlightLogix application is using the loose application definition at the /Users/kor/IdeaProjects/FlightLogix/HelloWorld/target/liberty/wlp/usr/servers/FlightLogixServer/apps/FlightLogix.war.xml location.
[02/04/21 13:09:39:626 EDT] 0000002a com.ibm.ws.jca.cm.ConnectorService                           I J2CA8050I: An authentication alias should be used instead of defining a user name and password on dataSource[default-0].
[02/04/21 13:09:39:822 EDT] 0000002a com.ibm.ws.recoverylog.spi.RecoveryDirectorImpl              I CWRLS0010I: Performing recovery processing for local WebSphere server (FlightLogixServer).
[02/04/21 13:09:39:888 EDT] 0000002a com.ibm.ws.recoverylog.spi.RecoveryDirectorImpl              I CWRLS0012I: All persistent services have been directed to perform recovery processing for this WebSphere server (FlightLogixServer).
[02/04/21 13:09:39:888 EDT] 00000039 com.ibm.tx.jta.impl.RecoveryManager                          I WTRN0135I: Transaction service recovering no transactions.
[02/04/21 13:09:40:321 EDT] 0000002a com.ibm.ws.session.WASSessionCore                            I SESN8501I: The session manager did not find a persistent storage location; HttpSession objects will be stored in the local application server's memory.
[02/04/21 13:09:40:357 EDT] 0000002a org.jboss.weld.Version                                       I WELD-000900: 3.1.4 (Final)
[02/04/21 13:09:41:315 EDT] 0000002a com.ibm.ws.webcontainer.osgi.webapp.WebGroup                 I SRVE0169I: Loading Web Module: Liberty Project.
[02/04/21 13:09:41:318 EDT] 0000002a com.ibm.ws.webcontainer                                      I SRVE0250I: Web Module Liberty Project has been bound to default_host.
[02/04/21 13:09:41:319 EDT] 0000002a com.ibm.ws.http.internal.VirtualHostImpl                     A CWWKT0016I: Web application available (default_host): http://andrews-mbp:9080/
[02/04/21 13:09:41:340 EDT] 00000023 com.ibm.ws.session.WASSessionCore                            I SESN0176I: A new session context will be created for application key default_host/
[02/04/21 13:09:41:351 EDT] 00000023 com.ibm.ws.util                                              I SESN0172I: The session manager is using the Java default SecureRandom implementation for session ID generation.
[02/04/21 13:09:41:360 EDT] 00000037 com.ibm.ws.webcontainer.osgi.mbeans.PluginGenerator          I SRVE9103I: A configuration file for a web server plugin was automatically generated for this server at /Users/kor/IdeaProjects/FlightLogix/HelloWorld/target/liberty/wlp/usr/servers/FlightLogixServer/logs/state/plugin-cfg.xml.
[02/04/21 13:09:41:403 EDT] 00000023 com.ibm.ws.app.manager.AppMessageHelper                      A CWWKZ0001I: Application FlightLogix started in 2.429 seconds.
[02/04/21 13:09:41:418 EDT] 00000021 com.ibm.ws.tcpchannel.internal.TCPPort                       I CWWKO0219I: TCP Channel defaultHttpEndpoint has been started and is now listening for requests on host *  (IPv6) port 9080.
[02/04/21 13:09:41:425 EDT] 00000021 com.ibm.ws.kernel.feature.internal.FeatureManager            A CWWKF0012I: The server installed the following features: [cdi-2.0, jaxrs-2.1, jaxrsClient-2.1, jdbc-4.2, jndi-1.0, jpa-2.2, jpaContainer-2.2, jsonp-1.1, servlet-4.0].
[02/04/21 13:09:41:426 EDT] 00000021 com.ibm.ws.kernel.feature.internal.FeatureManager            I CWWKF0008I: Feature update completed in 3.245 seconds.
[02/04/21 13:09:41:426 EDT] 00000021 com.ibm.ws.kernel.feature.internal.FeatureManager            A CWWKF0011I: The FlightLogixServer server is ready to run a smarter planet. The FlightLogixServer server started in 3.904 seconds.
[02/04/21 13:09:44:044 EDT] 0000003f com.ibm.ws.http.internal.VirtualHostImpl                     A CWWKT0017I: Web application removed (default_host): http://andrews-mbp:9080/
[02/04/21 13:09:44:064 EDT] 0000003f com.ibm.ws.app.manager.AppMessageHelper                      A CWWKZ0009I: The application FlightLogix has stopped successfully.
[02/04/21 13:09:44:068 EDT] 0000003f com.ibm.ws.app.manager.AppMessageHelper                      I CWWKZ0018I: Starting application FlightLogix.
[02/04/21 13:09:44:068 EDT] 0000003f bm.ws.app.manager.war.internal.WARDeployedAppInfoFactoryImpl I CWWKZ0134I: The FlightLogix application is using the loose application definition at the /Users/kor/IdeaProjects/FlightLogix/HelloWorld/target/liberty/wlp/usr/servers/FlightLogixServer/apps/FlightLogix.war.xml location.
[02/04/21 13:09:44:238 EDT] 00000036 com.ibm.ws.webcontainer.osgi.mbeans.PluginGenerator          I SRVE9103I: A configuration file for a web server plugin was automatically generated for this server at /Users/kor/IdeaProjects/FlightLogix/HelloWorld/target/liberty/wlp/usr/servers/FlightLogixServer/logs/state/plugin-cfg.xml.
[02/04/21 13:09:44:321 EDT] 0000003f com.ibm.ws.webcontainer.osgi.webapp.WebGroup                 I SRVE0169I: Loading Web Module: Liberty Project.
[02/04/21 13:09:44:321 EDT] 0000003f com.ibm.ws.webcontainer                                      I SRVE0250I: Web Module Liberty Project has been bound to default_host.
[02/04/21 13:09:44:321 EDT] 0000003f com.ibm.ws.http.internal.VirtualHostImpl                     A CWWKT0016I: Web application available (default_host): http://andrews-mbp:9080/
[02/04/21 13:09:44:323 EDT] 0000002f com.ibm.ws.session.WASSessionCore                            I SESN0176I: A new session context will be created for application key default_host/
[02/04/21 13:09:44:323 EDT] 0000002f com.ibm.ws.util                                              I SESN0172I: The session manager is using the Java default SecureRandom implementation for session ID generation.
[02/04/21 13:09:44:328 EDT] 0000002f com.ibm.ws.app.manager.AppMessageHelper                      A CWWKZ0003I: The application FlightLogix updated in 0.260 seconds.
[02/04/21 13:09:44:344 EDT] 00000035 com.ibm.ws.webcontainer.osgi.mbeans.PluginGenerator          I SRVE9103I: A configuration file for a web server plugin was automatically generated for this server at /Users/kor/IdeaProjects/FlightLogix/HelloWorld/target/liberty/wlp/usr/servers/FlightLogixServer/logs/state/plugin-cfg.xml.
[02/04/21 13:09:50:416 EDT] 00000042 .apache.cxf.cxf.core.3.2:1.0.50.cl210320210309-1101(id=135)] I Setting the server's publish address to be /api/
[02/04/21 13:09:50:486 EDT] 00000042 com.ibm.ws.webcontainer.servlet                              I SRVE0242I: [FlightLogix] [/] [com.example.HelloWorld.HelloApplication]: Initialization successful.
[02/04/21 13:11:01:467 EDT] 00000021 com.ibm.ws.config.xml.internal.ConfigRefresher               A CWWKG0016I: Starting server configuration update.
[02/04/21 13:11:01:497 EDT] 00000032 com.ibm.ws.http.internal.VirtualHostImpl                     A CWWKT0017I: Web application removed (default_host): http://andrews-mbp:9080/
[02/04/21 13:11:01:505 EDT] 00000032 com.ibm.ws.webcontainer.servlet                              I SRVE0253I: [FlightLogix] [/] [com.example.HelloWorld.HelloApplication]: Destroy successful.
[02/04/21 13:11:01:522 EDT] 00000032 com.ibm.ws.app.manager.AppMessageHelper                      A CWWKZ0009I: The application FlightLogix has stopped successfully.
[02/04/21 13:11:01:533 EDT] 0000002b com.ibm.ws.kernel.feature.internal.FeatureManager            I CWWKF0007I: Feature update started.
[02/04/21 13:11:01:540 EDT] 00000021 SystemErr                                                    R Exception in thread "Default Executor-thread-1" 
[02/04/21 13:11:01:541 EDT] 00000021 SystemErr                                                    R java.lang.NoClassDefFoundError: com/ibm/ws/runtime/update/internal/RuntimeUpdateManagerImpl$NotificationImpl$1
[02/04/21 13:11:01:541 EDT] 00000021 SystemErr                                                    R 	at com.ibm.ws.runtime.update.internal.RuntimeUpdateManagerImpl$NotificationImpl.waitForCompletion(RuntimeUpdateManagerImpl.java:228)
[02/04/21 13:11:01:545 EDT] 00000021 SystemErr                                                    R 	at com.ibm.ws.config.xml.internal.ConfigRefresher.endConfigChanges(ConfigRefresher.java:219)
[02/04/21 13:11:01:545 EDT] 00000021 SystemErr                                                    R 	at com.ibm.ws.config.xml.internal.ConfigRefresher.access$000(ConfigRefresher.java:40)
[02/04/21 13:11:01:546 EDT] 00000021 SystemErr                                                    R 	at com.ibm.ws.config.xml.internal.ConfigRefresher$1.run(ConfigRefresher.java:187)
[02/04/21 13:11:01:546 EDT] 00000021 SystemErr                                                    R 	at com.ibm.ws.threading.internal.ExecutorServiceImpl$RunnableWrapper.run(ExecutorServiceImpl.java:238)
[02/04/21 13:11:01:546 EDT] 00000021 SystemErr                                                    R 	at java.util.concurrent.ThreadPoolExecutor.runWorker(ThreadPoolExecutor.java:1149)
[02/04/21 13:11:01:546 EDT] 00000021 SystemErr                                                    R 	at java.util.concurrent.ThreadPoolExecutor$Worker.run(ThreadPoolExecutor.java:624)
[02/04/21 13:11:01:546 EDT] 0000002e com.ibm.ws.tcpchannel.internal.TCPChannel                    I CWWKO0220I: TCP Channel defaultHttpEndpoint has stopped listening for requests on host *  (IPv6) port 9080.
[02/04/21 13:11:01:547 EDT] 00000021 SystemErr                                                    R 	at java.lang.Thread.run(Thread.java:748)
[02/04/21 13:11:01:547 EDT] 00000021 SystemErr                                                    R Caused by: java.lang.ClassNotFoundException: com.ibm.ws.runtime.update.internal.RuntimeUpdateManagerImpl$NotificationImpl$1 cannot be found by com.ibm.ws.runtime.update_1.0.50.cl210320210309-1101
[02/04/21 13:11:01:547 EDT] 00000021 SystemErr                                                    R 	at org.eclipse.osgi.internal.loader.BundleLoader.findClass(BundleLoader.java:516)
[02/04/21 13:11:01:547 EDT] 00000021 SystemErr                                                    R 	at org.eclipse.osgi.internal.loader.ModuleClassLoader.loadClass(ModuleClassLoader.java:171)
[02/04/21 13:11:01:548 EDT] 00000021 SystemErr                                                    R 	at java.lang.ClassLoader.loadClass(ClassLoader.java:357)
[02/04/21 13:11:01:548 EDT] 00000021 SystemErr                                                    R 	... 8 more
[02/04/21 13:11:01:572 EDT] 0000002e com.ibm.ws.tcpchannel.internal.TCPPort                       I CWWKO0219I: TCP Channel defaultHttpEndpoint has been started and is now listening for requests on host localhost  (IPv4: 127.0.0.1) port 9080.
[02/04/21 13:11:01:643 EDT] 00000013 com.ibm.ws.logging.internal.impl.IncidentImpl                I FFDC1015I: An FFDC Incident has been created: "java.lang.NoClassDefFoundError: com/ibm/ws/logging/internal/osgi/TrOSGiLogForwarder$1 com.ibm.ws.runtime.update-1.0.50.cl210320210309-1101 log" at ffdc_21.04.02_13.11.01.2.log
[02/04/21 13:11:01:700 EDT] 00000013 com.ibm.ws.logging.internal.impl.IncidentImpl                I FFDC1015I: An FFDC Incident has been created: "java.lang.NoClassDefFoundError: com/ibm/ws/logging/internal/osgi/TrOSGiLogForwarder$1 com.ibm.ws.logging.osgi-1.0.50.cl210320210309-1101 log" at ffdc_21.04.02_13.11.01.3.log
[02/04/21 13:11:01:707 EDT] 0000002b com.ibm.ws.logging.internal.impl.IncidentImpl                I FFDC1015I: An FFDC Incident has been created: "java.io.FileNotFoundException: /Users/kor/IdeaProjects/FlightLogix/HelloWorld/target/liberty/wlp/lib/platform/kernelCore-1.0.mf (No such file or directory) com.ibm.ws.kernel.feature.internal.subsystem.KernelFeatureDefinitionImpl 165" at ffdc_21.04.02_13.11.01.0.log
[02/04/21 13:11:01:793 EDT] 0000002b com.ibm.ws.logging.internal.impl.IncidentImpl                I FFDC1015I: An FFDC Incident has been created: "java.io.FileNotFoundException: /Users/kor/IdeaProjects/FlightLogix/HelloWorld/target/liberty/wlp/lib/platform/defaultLogging-1.0.mf (No such file or directory) com.ibm.ws.kernel.feature.internal.subsystem.KernelFeatureDefinitionImpl 165" at ffdc_21.04.02_13.11.01.4.log
[02/04/21 13:11:01:838 EDT] 00000013 com.ibm.ws.logging.internal.impl.IncidentImpl                I FFDC1015I: An FFDC Incident has been created: "java.lang.NoClassDefFoundError: com/ibm/ws/logging/internal/osgi/TrOSGiLogForwarder$1 com.ibm.ws.org.eclipse.equinox.region-1.0.50.cl210320210309-1101 log" at ffdc_21.04.02_13.11.01.5.log
[02/04/21 13:11:01:856 EDT] 00000036 com.ibm.ws.logging.internal.impl.IncidentImpl                I FFDC1015I: An FFDC Incident has been created: "java.io.FileNotFoundException: /Users/kor/IdeaProjects/FlightLogix/HelloWorld/target/liberty/wlp/usr/servers/FlightLogixServer/workarea/org.eclipse.osgi/119/data/cached-PluginCfg.xml (No such file or directory) com.ibm.ws.webcontainer.osgi.mbeans.PluginGenerator generateXML" at ffdc_21.04.02_13.11.01.1.log
[02/04/21 13:11:01:922 EDT] 0000002b com.ibm.ws.logging.internal.impl.IncidentImpl                I FFDC1015I: An FFDC Incident has been created: "java.lang.RuntimeException: Could not create bundle file. com.ibm.ws.kernel.feature.internal.FeatureManager 865" at ffdc_21.04.02_13.11.01.6.log
[02/04/21 13:11:01:923 EDT] 0000002b com.ibm.ws.kernel.feature.internal.FeatureManager            A CWWKF0008I: Feature update completed in 0.390 seconds.
[02/04/21 13:11:31:508 EDT] 0000001d com.ibm.ws.logging.internal.impl.IncidentImpl                I FFDC1015I: An FFDC Incident has been created: "java.io.FileNotFoundException: /Users/kor/IdeaProjects/FlightLogix/HelloWorld/target/liberty/wlp/usr/servers/FlightLogixServer/workarea/org.eclipse.osgi/9/data/configs.data (No such file or directory) com.ibm.ws.config.admin.internal.ConfigurationStore 282" at ffdc_21.04.02_13.11.31.0.log
