------Start of DE processing------ = [3/21/21 21:28:47:789 EDT]
Exception = java.lang.NoClassDefFoundError
Source = com.ibm.ws.injectionengine.InjectionProcessorManager.getAllDeclaredFields
probeid = 249
Stack Dump = java.lang.NoClassDefFoundError: Lorg/eclipse/microprofile/config/Config;
	at java.lang.Class.getDeclaredFields0(Native Method)
	at java.lang.Class.privateGetDeclaredFields(Class.java:2583)
	at java.lang.Class.getDeclaredFields(Class.java:1916)
	at com.ibm.ws.injectionengine.InjectionProcessorManager.getAllDeclaredFields(InjectionProcessorManager.java:390)
	at com.ibm.ws.injectionengine.InjectionProcessorManager.processAnnotations(InjectionProcessorManager.java:215)
	at com.ibm.ws.injectionengine.AbstractInjectionEngine.processInjectionMetaData(AbstractInjectionEngine.java:480)
	at com.ibm.ws.injectionengine.osgi.internal.OSGiInjectionEngineImpl.processInjectionMetaData(OSGiInjectionEngineImpl.java:238)
	at com.ibm.ws.injectionengine.ReferenceContextImpl.processImpl(ReferenceContextImpl.java:588)
	at com.ibm.ws.injectionengine.ReferenceContextImpl.process(ReferenceContextImpl.java:287)
	at com.ibm.ws.injectionengine.osgi.internal.OSGiReferenceContextImpl.process(OSGiReferenceContextImpl.java:30)
	at com.ibm.ws.webcontainer.osgi.webapp.WebApp.commonInitializationStart(WebApp.java:252)
	at com.ibm.ws.webcontainer.webapp.WebApp.initialize(WebApp.java:1014)
	at com.ibm.ws.webcontainer.webapp.WebApp.initialize(WebApp.java:6683)
	at com.ibm.ws.webcontainer.osgi.DynamicVirtualHost.startWebApp(DynamicVirtualHost.java:470)
	at com.ibm.ws.webcontainer.osgi.DynamicVirtualHost.startWebApplication(DynamicVirtualHost.java:465)
	at com.ibm.ws.webcontainer.osgi.WebContainer.startWebApplication(WebContainer.java:1179)
	at com.ibm.ws.webcontainer.osgi.WebContainer.access$100(WebContainer.java:110)
	at com.ibm.ws.webcontainer.osgi.WebContainer$3.run(WebContainer.java:976)
	at com.ibm.ws.threading.internal.ExecutorServiceImpl$RunnableWrapper.run(ExecutorServiceImpl.java:238)
	at java.util.concurrent.Executors$RunnableAdapter.call(Executors.java:511)
	at java.util.concurrent.FutureTask.run(FutureTask.java:266)
	at java.util.concurrent.ThreadPoolExecutor.runWorker(ThreadPoolExecutor.java:1149)
	at java.util.concurrent.ThreadPoolExecutor$Worker.run(ThreadPoolExecutor.java:624)
	at java.lang.Thread.run(Thread.java:748)
Caused by: java.lang.ClassNotFoundException: org.eclipse.microprofile.config.Config
	at com.ibm.ws.classloading.internal.AppClassLoader.findClassCommonLibraryClassLoaders(AppClassLoader.java:569)
	at com.ibm.ws.classloading.internal.AppClassLoader.findClass(AppClassLoader.java:291)
	at java.lang.ClassLoader.loadClass(ClassLoader.java:418)
	at com.ibm.ws.classloading.internal.AppClassLoader.findOrDelegateLoadClass(AppClassLoader.java:547)
	at com.ibm.ws.classloading.internal.AppClassLoader.loadClass(AppClassLoader.java:505)
	at java.lang.ClassLoader.loadClass(ClassLoader.java:351)
	... 24 more

Dump of callerThis
null
==> Performing default dump from com.ibm.ws.injectionengine.ffdc.InjectionDiagnosticModule  = Sun Mar 21 21:28:47 EDT 2021
 = *** Start InjectionDiagnosticModule Dump ***
 = > InjectionDiagnosticModule: dump Object array : 2
 = 
 =    Non-Formattable :
 =       > java.lang.Class@da6a69e
 =            class io.openliberty.sample.config.ConfigResource
 =       > java.lang.Class@da6a69e
 =            class io.openliberty.sample.config.ConfigResource
 = < InjectionDiagnosticModule: dump Object array complete
 = 
 = *** Start InjectionEngine Dump    ---> com.ibm.ws.injectionengine.osgi.internal.OSGiInjectionEngineImpl@5070a6d8
 = 
 =    Default Factories : 
 =       Indirect    = com.ibm.ws.injectionengine.osgi.internal.IndirectJndiLookupReferenceFactoryImpl@f7068c3
 =       ResIndirect = com.ibm.ws.injectionengine.osgi.internal.IndirectJndiLookupReferenceFactoryImpl@1b5f8ead
 =       ResRef      = com.ibm.ws.injectionengine.osgi.internal.ResRefReferenceFactoryImpl@4f9d4269
 =       ResAuto     = com.ibm.ws.injectionengine.osgi.internal.ResAutoLinkReferenceFactoryImpl@1a0e7b24
 =       EJBLink     = com.ibm.ws.injectionengine.osgi.internal.EJBLinkReferenceFactoryImpl@16b43ed6
 =       MBLink      = com.ibm.ws.injectionengine.factory.MBLinkReferenceFactoryImpl@71f9e04b
 = 
 =    Actual Factories : 
 =       com.ibm.ws.injectionengine.factory.MBLinkReferenceFactoryImpl@71f9e04b
 = 
 =    Registered Processors : 
 =       javax.annotation.sql.DataSourceDefinition : com.ibm.ws.injectionengine.processor.DataSourceDefinitionProcessorProvider@54527a17
 =       javax.ws.rs.QueryParam : com.ibm.ws.jaxrs20.component.injection.QueryParamProcessorProvider@3decece2
 =       javax.ws.rs.core.Context : com.ibm.ws.jaxrs20.component.injection.ContextProcessorProvider@a993707
 =       javax.ws.rs.PathParam : com.ibm.ws.jaxrs20.component.injection.PathParamProcessorProvider@345c65a7
 =       javax.annotation.Resource : com.ibm.ws.injectionengine.processor.ResourceProcessorProvider@739933f9
 =       javax.ws.rs.HeaderParam : com.ibm.ws.jaxrs20.component.injection.HeaderParamProcessorProvider@29c85a94
 =       javax.ws.rs.CookieParam : com.ibm.ws.jaxrs20.component.injection.CookieParamProcessorProvider@6aaa71a5
 =       javax.ws.rs.MatrixParam : com.ibm.ws.jaxrs20.component.injection.MatrixParamProcessorProvider@3d8c500a
 =       javax.ws.rs.BeanParam : com.ibm.ws.jaxrs20.component.injection.BeanParamProcessProvider@7b0aab9
 = 
 =    Registered Object Factories : 
 = 
 =    Registered No-Override Object Factories : 
 = 
 =    Registered Override Reference Factories : 
 = 
 =    Registered MetaDataListeners : 
 = 
 =    isEmbeddable    : false
 = 
 = *** InjectionEngine Dump Complete ***
 = 
 = *** InjectionDiagnosticModule Dump Complete ***
+ Data for directive [Default] obtained. = 
==> Dump complete for com.ibm.ws.injectionengine.ffdc.InjectionDiagnosticModule  = Sun Mar 21 21:28:47 EDT 2021
