------Start of DE processing------ = [3/21/21 21:38:31:881 EDT]
Exception = javax.management.InstanceNotFoundException
Source = com.ibm.ws.jmx.internal.DelayedMBeanActivator
probeid = 104
Stack Dump = javax.management.InstanceNotFoundException
	at com.ibm.ws.jmx.internal.DelayedMBeanActivator.registerMBeanIfDelayed(DelayedMBeanActivator.java:168)
	at com.ibm.ws.jmx.internal.DelayedMBeanActivator.registerMBeanIfDelayed(DelayedMBeanActivator.java:120)
	at com.ibm.ws.jmx.internal.DelayedMBeanActivator.registerDelayedMBeans(DelayedMBeanActivator.java:103)
	at com.ibm.ws.jmx.internal.DelayedMBeanActivator.queryMBeans(DelayedMBeanActivator.java:605)
	at com.ibm.ws.kernel.boot.jmx.internal.PlatformMBeanServer.queryMBeans(PlatformMBeanServer.java:415)
	at com.ibm.ws.microprofile.metrics.BaseMetrics.activate(BaseMetrics.java:56)
	at sun.reflect.GeneratedMethodAccessor313.invoke(Unknown Source)
	at java.lang.reflect.Method.invoke(Method.java:498)
	at org.apache.felix.scr.impl.inject.methods.BaseMethod.invokeMethod(BaseMethod.java:244)
	at org.apache.felix.scr.impl.inject.methods.BaseMethod.access$500(BaseMethod.java:41)
	at org.apache.felix.scr.impl.inject.methods.BaseMethod$Resolved.invoke(BaseMethod.java:685)
	at org.apache.felix.scr.impl.inject.methods.BaseMethod.invoke(BaseMethod.java:529)
	at org.apache.felix.scr.impl.inject.methods.ActivateMethod.invoke(ActivateMethod.java:318)
	at org.apache.felix.scr.impl.inject.methods.ActivateMethod.invoke(ActivateMethod.java:308)
	at org.apache.felix.scr.impl.manager.SingleComponentManager.createImplementationObject(SingleComponentManager.java:354)
	at org.apache.felix.scr.impl.manager.SingleComponentManager.createComponent(SingleComponentManager.java:115)
	at org.apache.felix.scr.impl.manager.SingleComponentManager.getService(SingleComponentManager.java:1000)
	at org.apache.felix.scr.impl.manager.SingleComponentManager.getServiceInternal(SingleComponentManager.java:973)
	at org.apache.felix.scr.impl.manager.AbstractComponentManager.activateInternal(AbstractComponentManager.java:776)
	at org.apache.felix.scr.impl.manager.DependencyManager$SingleStaticCustomizer.addedService(DependencyManager.java:1271)
	at org.apache.felix.scr.impl.manager.DependencyManager$SingleStaticCustomizer.addedService(DependencyManager.java:1222)
	at org.apache.felix.scr.impl.manager.ServiceTracker$Tracked.customizerAdded(ServiceTracker.java:1200)
	at org.apache.felix.scr.impl.manager.ServiceTracker$Tracked.customizerAdded(ServiceTracker.java:1121)
	at org.apache.felix.scr.impl.manager.ServiceTracker$AbstractTracked.trackAdding(ServiceTracker.java:928)
	at org.apache.felix.scr.impl.manager.ServiceTracker$AbstractTracked.track(ServiceTracker.java:864)
	at org.apache.felix.scr.impl.manager.ServiceTracker$Tracked.serviceChanged(ServiceTracker.java:1152)
	at org.apache.felix.scr.impl.BundleComponentActivator$ListenerInfo.serviceChanged(BundleComponentActivator.java:114)
	at org.eclipse.osgi.internal.serviceregistry.FilteredServiceListener.serviceChanged(FilteredServiceListener.java:113)
	at org.eclipse.osgi.internal.framework.BundleContextImpl.dispatchEvent(BundleContextImpl.java:985)
	at org.eclipse.osgi.framework.eventmgr.EventManager.dispatchEvent(EventManager.java:234)
	at org.eclipse.osgi.framework.eventmgr.ListenerQueue.dispatchEventSynchronous(ListenerQueue.java:151)
	at org.eclipse.osgi.internal.serviceregistry.ServiceRegistry.publishServiceEventPrivileged(ServiceRegistry.java:896)
	at org.eclipse.osgi.internal.serviceregistry.ServiceRegistry.publishServiceEvent(ServiceRegistry.java:834)
	at org.eclipse.osgi.internal.serviceregistry.ServiceRegistrationImpl.register(ServiceRegistrationImpl.java:130)
	at org.eclipse.osgi.internal.serviceregistry.ServiceRegistry.registerService(ServiceRegistry.java:258)
	at org.eclipse.osgi.internal.framework.BundleContextImpl.registerService(BundleContextImpl.java:525)
	at org.apache.felix.scr.impl.manager.AbstractComponentManager$3.register(AbstractComponentManager.java:929)
	at org.apache.felix.scr.impl.manager.AbstractComponentManager$3.register(AbstractComponentManager.java:915)
	at org.apache.felix.scr.impl.manager.RegistrationManager.changeRegistration(RegistrationManager.java:133)
	at org.apache.felix.scr.impl.manager.AbstractComponentManager.registerService(AbstractComponentManager.java:984)
	at org.apache.felix.scr.impl.manager.AbstractComponentManager.activateInternal(AbstractComponentManager.java:752)
	at org.apache.felix.scr.impl.manager.AbstractComponentManager.enableInternal(AbstractComponentManager.java:674)
	at org.apache.felix.scr.impl.manager.AbstractComponentManager.enable(AbstractComponentManager.java:437)
	at org.apache.felix.scr.impl.manager.ConfigurableComponentHolder.enableComponents(ConfigurableComponentHolder.java:667)
	at org.apache.felix.scr.impl.BundleComponentActivator.initialEnable(BundleComponentActivator.java:305)
	at org.apache.felix.scr.impl.Activator.loadComponents(Activator.java:554)
	at org.apache.felix.scr.impl.Activator.access$200(Activator.java:70)
	at org.apache.felix.scr.impl.Activator$ScrExtension.start(Activator.java:421)
	at org.apache.felix.scr.impl.AbstractExtender.createExtension(AbstractExtender.java:196)
	at org.apache.felix.scr.impl.AbstractExtender.modifiedBundle(AbstractExtender.java:169)
	at org.apache.felix.scr.impl.AbstractExtender.modifiedBundle(AbstractExtender.java:49)
	at org.osgi.util.tracker.BundleTracker$Tracked.customizerModified(BundleTracker.java:488)
	at org.osgi.util.tracker.BundleTracker$Tracked.customizerModified(BundleTracker.java:1)
	at org.osgi.util.tracker.AbstractTracked.track(AbstractTracked.java:232)
	at org.osgi.util.tracker.BundleTracker$Tracked.bundleChanged(BundleTracker.java:450)
	at org.eclipse.osgi.internal.framework.BundleContextImpl.dispatchEvent(BundleContextImpl.java:973)
	at org.eclipse.osgi.framework.eventmgr.EventManager.dispatchEvent(EventManager.java:234)
	at org.eclipse.osgi.framework.eventmgr.ListenerQueue.dispatchEventSynchronous(ListenerQueue.java:151)
	at org.eclipse.osgi.internal.framework.EquinoxEventPublisher.publishBundleEventPrivileged(EquinoxEventPublisher.java:235)
	at org.eclipse.osgi.internal.framework.EquinoxEventPublisher.publishBundleEvent(EquinoxEventPublisher.java:141)
	at org.eclipse.osgi.internal.framework.EquinoxEventPublisher.publishBundleEvent(EquinoxEventPublisher.java:133)
	at org.eclipse.osgi.internal.framework.EquinoxContainerAdaptor.publishModuleEvent(EquinoxContainerAdaptor.java:217)
	at org.eclipse.osgi.container.Module.publishEvent(Module.java:498)
	at org.eclipse.osgi.container.Module.start(Module.java:485)
	at org.eclipse.osgi.container.ModuleContainer$ContainerStartLevel$2.run(ModuleContainer.java:1844)
	at org.eclipse.osgi.container.ModuleContainer$ContainerStartLevel$1.execute(ModuleContainer.java:1832)
	at org.eclipse.osgi.container.ModuleContainer$ContainerStartLevel.incStartLevel(ModuleContainer.java:1837)
	at org.eclipse.osgi.container.ModuleContainer$ContainerStartLevel.incStartLevel(ModuleContainer.java:1781)
	at org.eclipse.osgi.container.ModuleContainer$ContainerStartLevel.doContainerStartLevel(ModuleContainer.java:1742)
	at org.eclipse.osgi.container.ModuleContainer$ContainerStartLevel.dispatchEvent(ModuleContainer.java:1664)
	at org.eclipse.osgi.container.ModuleContainer$ContainerStartLevel.dispatchEvent(ModuleContainer.java:1)
	at org.eclipse.osgi.framework.eventmgr.EventManager.dispatchEvent(EventManager.java:234)
	at org.eclipse.osgi.framework.eventmgr.EventManager$EventThread.run(EventManager.java:345)

Dump of callerThis
Object type = com.ibm.ws.jmx.internal.DelayedMBeanActivator
  MBEAN_CLASSES = "com.ibm.ws.jmx.delayed.MBeanClasses"
  notificationSupport = class com.ibm.ws.kernel.boot.jmx.internal.PlatformMBeanServerDelegate@31455f32
    MBEANSERVER_ID = "WebSphere"
    count = class java.util.concurrent.atomic.AtomicInteger@56392bde
      serialVersionUID = 6214790243416807050
      unsafe = class sun.misc.Unsafe@5b957555
      valueOffset = 12
      value = 1
      serialVersionUID = -8742448824652078965
    id = "WebSphere"
    delayedMBeanHelpers = class java.util.concurrent.CopyOnWriteArraySet@184643c6
      serialVersionUID = 5457747651344034263
      al = class java.util.concurrent.CopyOnWriteArrayList@58f31990
      MAX_ARRAY_SIZE = 2147483639
    mbeanServerId = null
    broadcaster = class javax.management.NotificationBroadcasterSupport@56b4f0da
      listenerList = class java.util.concurrent.CopyOnWriteArrayList@8850123
      executor = class javax.management.NotificationBroadcasterSupport$1@59c48e32
      notifInfo = class javax.management.MBeanNotificationInfo[0]
      defaultExecutor = class javax.management.NotificationBroadcasterSupport$1@59c48e32
      NO_NOTIFICATION_INFO = class javax.management.MBeanNotificationInfo[0]
      logger = class com.sun.jmx.remote.util.ClassLogger@7c9fbe67
    oldStamp = 1616377109317
    stamp = 1616377109317
    sequenceNumber = 43
    notifsInfo = class javax.management.MBeanNotificationInfo[1]
      MBeanNotificationInfo[0] = class javax.management.MBeanNotificationInfo@313d5865
    DELEGATE_NAME = class javax.management.ObjectName@277f5ca
      oldSerialVersionUID = -5467795090068647408
      newSerialVersionUID = 1081892073854801359
      oldSerialPersistentFields = class java.io.ObjectStreamField[6]
      newSerialPersistentFields = class java.io.ObjectStreamField[0]
      serialVersionUID = 1081892073854801359
      serialPersistentFields = class java.io.ObjectStreamField[0]
      compat = false
      _Empty_property_array = class javax.management.ObjectName$Property[0]
      _canonicalName = "JMImplementation:type=MBeanServerDelegate"
      _kp_array = class javax.management.ObjectName$Property[1]
      _ca_array = class javax.management.ObjectName$Property[1]
      _domain_length = 16
      _propertyList = null
      _domain_pattern = false
      _property_list_pattern = false
      _property_value_pattern = false
      WILDCARD = class javax.management.ObjectName@6d7b6000
  delayedMBeanMap = class java.util.concurrent.ConcurrentHashMap@607f232b
    serialVersionUID = 7249069246763182397
    MAXIMUM_CAPACITY = 1073741824
    DEFAULT_CAPACITY = 16
    MAX_ARRAY_SIZE = 2147483639
    DEFAULT_CONCURRENCY_LEVEL = 16
    LOAD_FACTOR = 0.75
    TREEIFY_THRESHOLD = 8
    UNTREEIFY_THRESHOLD = 6
    MIN_TREEIFY_CAPACITY = 64
    MIN_TRANSFER_STRIDE = 16
    RESIZE_STAMP_BITS = 16
    MAX_RESIZERS = 65535
    RESIZE_STAMP_SHIFT = 16
    MOVED = -1
    TREEBIN = -2
    RESERVED = -3
    HASH_BITS = 2147483647
    NCPU = 8
    serialPersistentFields = class java.io.ObjectStreamField[3]
      ObjectStreamField[0] = class java.io.ObjectStreamField@3661f6b2
      ObjectStreamField[1] = class java.io.ObjectStreamField@390c9eff
      ObjectStreamField[2] = class java.io.ObjectStreamField@4fc28865
    table = class java.util.concurrent.ConcurrentHashMap$Node[32]
      Node[0] = null
      Node[1] = null
      Node[2] = class java.util.concurrent.ConcurrentHashMap$Node@220bbd3c
      Node[3] = null
      Node[4] = class java.util.concurrent.ConcurrentHashMap$Node@62f40f74
      Node[5] = class java.util.concurrent.ConcurrentHashMap$Node@2744cb96
      Node[6] = null
      Node[7] = null
      Node[8] = class java.util.concurrent.ConcurrentHashMap$Node@7c61416b
      Node[9] = null
      Node[10] = null
      Node[11] = null
      Node[12] = class java.util.concurrent.ConcurrentHashMap$Node@37ce186
      Node[13] = class java.util.concurrent.ConcurrentHashMap$Node@4131c132
      Node[14] = null
      Node[15] = null
      Node[16] = null
      Node[17] = null
      Node[18] = null
      Node[19] = class java.util.concurrent.ConcurrentHashMap$Node@4028baf9
      Node[20] = null
      Node[21] = class java.util.concurrent.ConcurrentHashMap$Node@36b4d18e
      Node[22] = null
      Node[23] = class java.util.concurrent.ConcurrentHashMap$Node@5220760f
      Node[24] = class java.util.concurrent.ConcurrentHashMap$Node@1d570528
      Node[25] = null
      Node[26] = null
      Node[27] = null
      Node[28] = null
      Node[29] = null
      Node[30] = class java.util.concurrent.ConcurrentHashMap$Node@182d9b09
      Node[31] = null
    nextTable = null
    baseCount = 15
    sizeCtl = 24
    transferIndex = 0
    cellsBusy = 0
    counterCells = null
    keySet = class java.util.concurrent.ConcurrentHashMap$KeySetView@d64ec0f
      serialVersionUID = 7249069246763182397
      value = null
      serialVersionUID = 7249069246763182397
      map = class java.util.concurrent.ConcurrentHashMap@607f232b
      oomeMsg = "Required array size too large"
    values = null
    entrySet = null
    U = class sun.misc.Unsafe@5b957555
      theUnsafe = class sun.misc.Unsafe@5b957555
      INVALID_FIELD_OFFSET = -1
      ARRAY_BOOLEAN_BASE_OFFSET = 16
      ARRAY_BYTE_BASE_OFFSET = 16
      ARRAY_SHORT_BASE_OFFSET = 16
      ARRAY_CHAR_BASE_OFFSET = 16
      ARRAY_INT_BASE_OFFSET = 16
      ARRAY_LONG_BASE_OFFSET = 16
      ARRAY_FLOAT_BASE_OFFSET = 16
      ARRAY_DOUBLE_BASE_OFFSET = 16
      ARRAY_OBJECT_BASE_OFFSET = 16
      ARRAY_BOOLEAN_INDEX_SCALE = 1
      ARRAY_BYTE_INDEX_SCALE = 1
      ARRAY_SHORT_INDEX_SCALE = 2
      ARRAY_CHAR_INDEX_SCALE = 2
      ARRAY_INT_INDEX_SCALE = 4
      ARRAY_LONG_INDEX_SCALE = 8
      ARRAY_FLOAT_INDEX_SCALE = 4
      ARRAY_DOUBLE_INDEX_SCALE = 8
      ARRAY_OBJECT_INDEX_SCALE = 4
      ADDRESS_SIZE = 8
    SIZECTL = 20
    TRANSFERINDEX = 32
    BASECOUNT = 24
    CELLSBUSY = 36
    CELLVALUE = 144
    ABASE = 16
    ASHIFT = 2
    keySet = null
    values = null
  bundleContext = class org.eclipse.osgi.internal.framework.BundleContextImpl@74374d96
    findHookName = "org.osgi.framework.hooks.bundle.FindHook"
    valid = true
    bundle = class org.eclipse.osgi.internal.framework.EquinoxBundle@7dc1f1d1
      equinoxContainer = class org.eclipse.osgi.internal.framework.EquinoxContainer@291d1c61
      module = class org.eclipse.osgi.internal.framework.EquinoxBundle$EquinoxModule@55fabd3d
      monitor = class java.lang.Object@54174d63
      context = class org.eclipse.osgi.internal.framework.BundleContextImpl@74374d96
      signerInfos = null
      $SWITCH_TABLE$org$eclipse$osgi$container$Module$State = {1,2,3,4,5,6,7} /* array length = 7 */
    container = class org.eclipse.osgi.internal.framework.EquinoxContainer@291d1c61
      NAME = "org.eclipse.osgi"
      secureAction = class org.eclipse.osgi.framework.util.SecureAction@104dd7ee
      equinoxConfig = class org.eclipse.osgi.internal.framework.EquinoxConfiguration@7edfecd1
      logServices = class org.eclipse.osgi.internal.log.EquinoxLogServices@3662d165
      storage = class org.eclipse.osgi.storage.Storage@52446ecf
      packageAdmin = class org.eclipse.osgi.internal.framework.legacy.PackageAdminImpl@2c4821ce
      startLevel = class org.eclipse.osgi.internal.framework.legacy.StartLevelImpl@2d70f9f2
      bootDelegation = class java.util.HashSet@d39fcc0
      bootDelegationStems = class java.lang.String[12]
      bootDelegateAll = false
      isProcessClassRecursionSupportedByAll = false
      eventPublisher = class org.eclipse.osgi.internal.framework.EquinoxEventPublisher@11d1d1be
      monitor = class java.lang.Object@3b44151f
      bootLoader = class org.eclipse.osgi.internal.framework.EquinoxContainer$1@7959214b
      serviceRegistry = class org.eclipse.osgi.internal.serviceregistry.ServiceRegistry@534430f7
      contextFinder = class org.eclipse.osgi.internal.framework.ContextFinder@7a44e7d9
      signedContentFactory = class org.osgi.util.tracker.ServiceTracker@4c074700
      executor = class java.util.concurrent.ScheduledThreadPoolExecutor@57704f72
      storageSaver = class org.eclipse.osgi.internal.framework.StorageSaver@67937fae
    debug = class org.eclipse.osgi.internal.debug.Debug@30e21412
      ECLIPSE_OSGI = "org.eclipse.osgi"
      OPTION_DEBUG_GENERAL = "org.eclipse.osgi/debug"
      OPTION_DEBUG_BUNDLE_TIME = "org.eclipse.osgi/debug/bundleTime"
      OPTION_DEBUG_BUNDLE_START_TIME = "org.eclipse.osgi/debug/bundleStartTime"
      OPTION_DEBUG_LOADER = "org.eclipse.osgi/debug/loader"
      OPTION_DEBUG_STORAGE = "org.eclipse.osgi/debug/storage"
      OPTION_DEBUG_EVENTS = "org.eclipse.osgi/debug/events"
      OPTION_DEBUG_SERVICES = "org.eclipse.osgi/debug/services"
      OPTION_DEBUG_HOOKS = "org.eclipse.osgi/debug/hooks"
      OPTION_DEBUG_MANIFEST = "org.eclipse.osgi/debug/manifest"
      OPTION_DEBUG_FILTER = "org.eclipse.osgi/debug/filter"
      OPTION_DEBUG_SECURITY = "org.eclipse.osgi/debug/security"
      OPTION_DEBUG_STARTLEVEL = "org.eclipse.osgi/debug/startlevel"
      OPTION_DEBUG_PACKAGEADMIN = "org.eclipse.osgi/debug/packageadmin"
      OPTION_DEBUG_PACKAGEADMIN_TIMING = "org.eclipse.osgi/debug/packageadmin/timing"
      OPTION_MONITOR_ACTIVATION = "org.eclipse.osgi/monitor/activation"
      OPTION_MONITOR_LAZY = "org.eclipse.osgi/monitor/lazy"
      OPTION_DEBUG_MESSAGE_BUNDLES = "org.eclipse.osgi/debug/messageBundles"
      OPTION_DEBUG_LOCATION = "org.eclipse.osgi/debug/location"
      OPTION_CACHED_MANIFEST = "org.eclipse.osgi/debug/cachedmanifest"
      OPTION_DEBUG_SYSTEM_BUNDLE = "org.eclipse.osgi/debug/systemBundle"
      OPTION_DEBUG_BUNDLE_FILE = "org.eclipse.osgi/debug/bundleFile"
      DEBUG_GENERAL = false
      DEBUG_BUNDLE_TIME = false
      DEBUG_LOADER = false
      DEBUG_STORAGE = false
      DEBUG_EVENTS = false
      DEBUG_SERVICES = false
      DEBUG_HOOKS = false
      DEBUG_MANIFEST = false
      DEBUG_FILTER = false
      DEBUG_SECURITY = false
      DEBUG_STARTLEVEL = false
      DEBUG_PACKAGEADMIN = false
      DEBUG_PACKAGEADMIN_TIMING = false
      DEBUG_MESSAGE_BUNDLES = false
      MONITOR_ACTIVATION = false
      DEBUG_LOCATION = false
      DEBUG_CACHED_MANIFEST = false
      DEBUG_SYSTEM_BUNDLE = false
      DEBUG_BUNDLE_FILE = false
      out = class com.ibm.ws.logging.internal.impl.BaseTraceService$TeePrintStream@105e838d
    servicesInUse = class java.util.HashMap@49706cac
      serialVersionUID = 362498820763181265
      DEFAULT_INITIAL_CAPACITY = 16
      MAXIMUM_CAPACITY = 1073741824
      DEFAULT_LOAD_FACTOR = 0.75
      TREEIFY_THRESHOLD = 8
      UNTREEIFY_THRESHOLD = 6
      MIN_TREEIFY_CAPACITY = 64
      table = class java.util.HashMap$Node[16]
      entrySet = null
      size = 4
      modCount = 6
      threshold = 12
      loadFactor = 0.75
      keySet = null
      values = null
    activator = null
    contextLock = class java.lang.Object@28652068
  serialVersionUID = 9013352522093520959
  $$$tc$$$ = class com.ibm.websphere.ras.TraceComponent@5b47c79f
    strings[0] = "TraceComponent[com.ibm.ws.jmx.internal.DelayedMBeanActivator,class com.ibm.ws.jmx.internal.DelayedMBeanActivator,[],null,null]"
  mbServer = class com.sun.jmx.mbeanserver.JmxMBeanServer@69a68063
    DEFAULT_FAIR_LOCK_POLICY = true
    instantiator = class com.sun.jmx.mbeanserver.MBeanInstantiator@27ad338c
      clr = class com.sun.jmx.mbeanserver.ClassLoaderRepositorySupport@37948638
      primitiveClasses = class java.util.HashMap@c593581
    secureClr = class com.sun.jmx.mbeanserver.SecureClassLoaderRepository@c584c98
      clr = class com.sun.jmx.mbeanserver.ClassLoaderRepositorySupport@37948638
    interceptorsEnabled = false
    outerShell = class com.sun.jmx.mbeanserver.JmxMBeanServer@69a68063
    mbsInterceptor = class com.sun.jmx.interceptor.DefaultMBeanServerInterceptor@26f6dd88
      instantiator = class com.sun.jmx.mbeanserver.MBeanInstantiator@27ad338c
      server = class com.sun.jmx.mbeanserver.JmxMBeanServer@69a68063
      delegate = class com.ibm.ws.kernel.boot.jmx.internal.PlatformMBeanServerDelegate@31455f32
      repository = class com.sun.jmx.mbeanserver.Repository@18c2e40d
      listenerWrappers = class java.util.WeakHashMap@57742982
      domain = "DefaultDomain"
      beingUnregistered = class java.util.HashSet@acfdc7
    mBeanServerDelegateObject = class com.ibm.ws.kernel.boot.jmx.internal.PlatformMBeanServerDelegate@31455f32

