------Start of DE processing------ = [02/04/21 13:11:01:651 EDT]
Exception = java.lang.NoClassDefFoundError
Source = com.ibm.ws.logging.osgi-1.0.50.cl210320210309-1101
probeid = log
Stack Dump = java.lang.NoClassDefFoundError: com/ibm/ws/logging/internal/osgi/TrOSGiLogForwarder$1
	at com.ibm.ws.logging.internal.osgi.TrOSGiLogForwarder.logged(TrOSGiLogForwarder.java:122)
	at org.eclipse.osgi.internal.log.ExtendedLogReaderServiceFactory.safeLogged(ExtendedLogReaderServiceFactory.java:110)
	at org.eclipse.osgi.internal.log.ExtendedLogReaderServiceFactory.logPrivileged(ExtendedLogReaderServiceFactory.java:253)
	at org.eclipse.osgi.internal.log.ExtendedLogReaderServiceFactory.log(ExtendedLogReaderServiceFactory.java:225)
	at org.eclipse.osgi.internal.log.ExtendedLogServiceFactory.log(ExtendedLogServiceFactory.java:102)
	at org.eclipse.osgi.internal.log.LoggerImpl.log(LoggerImpl.java:88)
	at org.eclipse.osgi.internal.log.LogServiceManager.frameworkEvent(LogServiceManager.java:185)
	at org.eclipse.osgi.internal.framework.BundleContextImpl.dispatchEvent(BundleContextImpl.java:997)
	at org.eclipse.osgi.framework.eventmgr.EventManager.dispatchEvent(EventManager.java:234)
	at org.eclipse.osgi.framework.eventmgr.EventManager$EventThread.run(EventManager.java:345)

Dump of callerThis
Object type = org.eclipse.osgi.internal.log.ExtendedLogEntryImpl
  nextSequenceNumber = 4
  nextThreadId = 1
  threadIds = null
  loggerName = "Events.Framework.com.ibm.ws.logging.osgi"
  bundle = class org.eclipse.osgi.internal.framework.EquinoxBundle@5c5f0c1d
    equinoxContainer = class org.eclipse.osgi.internal.framework.EquinoxContainer@746f7348
      NAME = "org.eclipse.osgi"
      secureAction = class org.eclipse.osgi.framework.util.SecureAction@5bda91e8
      equinoxConfig = class org.eclipse.osgi.internal.framework.EquinoxConfiguration@7bfd6a84
      logServices = class org.eclipse.osgi.internal.log.EquinoxLogServices@3e30aceb
      storage = class org.eclipse.osgi.storage.Storage@682e165f
      packageAdmin = class org.eclipse.osgi.internal.framework.legacy.PackageAdminImpl@67f48f63
      startLevel = class org.eclipse.osgi.internal.framework.legacy.StartLevelImpl@774d6053
      bootDelegation = class java.util.HashSet@4ca1cda5
      bootDelegationStems = class java.lang.String[12]
      bootDelegateAll = false
      isProcessClassRecursionSupportedByAll = false
      eventPublisher = class org.eclipse.osgi.internal.framework.EquinoxEventPublisher@17e9b4e0
      monitor = class java.lang.Object@bba11b6
      bootLoader = class org.eclipse.osgi.internal.framework.EquinoxContainer$1@49b42981
      serviceRegistry = class org.eclipse.osgi.internal.serviceregistry.ServiceRegistry@305c1791
      contextFinder = class org.eclipse.osgi.internal.framework.ContextFinder@36e192e6
      signedContentFactory = class org.osgi.util.tracker.ServiceTracker@6ac8ebce
      executor = class java.util.concurrent.ScheduledThreadPoolExecutor@31a46080
      storageSaver = class org.eclipse.osgi.internal.framework.StorageSaver@59b4af14
    module = class org.eclipse.osgi.internal.framework.EquinoxBundle$EquinoxModule@916650
      this$0 = class org.eclipse.osgi.internal.framework.EquinoxBundle@5c5f0c1d
      ACTIVE_SET = class java.util.RegularEnumSet@18c64d32
      RESOLVED_SET = class java.util.RegularEnumSet@2abcc033
      id = 1
      location = "kernel@reference:file:/Users/kor/IdeaProjects/FlightLogix/HelloWorld/target/liberty/wlp/lib/com.ibm.ws.logging.osgi_1.0.50.jar"
      revisions = class org.eclipse.osgi.container.ModuleRevisions@6787d000
      stateChangeLock = class org.eclipse.osgi.internal.container.EquinoxReentrantLock@53b8e212
      stateTransitionEvents = class java.util.RegularEnumSet@5890add3
      settings = class java.util.RegularEnumSet@7664b1b
      inStart = class java.util.concurrent.atomic.AtomicInteger@5eb88c27
      state = class org.eclipse.osgi.container.Module$State@9fb0339
      startlevel = 2
      lastModified = 1617383051898
      VALID_RESOLVED_TRANSITION = class java.util.RegularEnumSet@752e3194
      VALID_STOPPED_TRANSITION = class java.util.RegularEnumSet@4af49750
      $SWITCH_TABLE$org$eclipse$osgi$container$ModuleContainerAdaptor$ModuleEvent = {1,2,3,4,5,6,7,8,9,10} /* array length = 10 */
    monitor = class java.lang.Object@368d248e
    context = class org.eclipse.osgi.internal.framework.BundleContextImpl@4e7c9e9b
      findHookName = "org.osgi.framework.hooks.bundle.FindHook"
      valid = true
      bundle = class org.eclipse.osgi.internal.framework.EquinoxBundle@5c5f0c1d
      container = class org.eclipse.osgi.internal.framework.EquinoxContainer@746f7348
      debug = class org.eclipse.osgi.internal.debug.Debug@433c7760
      servicesInUse = class java.util.HashMap@718d2a1b
      activator = class com.ibm.ws.logging.internal.osgi.Activator@16e4bb00
      contextLock = class java.lang.Object@32d2d09b
    signerInfos = null
    $SWITCH_TABLE$org$eclipse$osgi$container$Module$State = {1,2,3,4,5,6,7} /* array length = 7 */
  level = 1
  logLevelEnum = class org.osgi.service.log.LogLevel@5fb6cd8
    AUDIT = class org.osgi.service.log.LogLevel@656df8b3
      AUDIT = class org.osgi.service.log.LogLevel@656df8b3
      ERROR = class org.osgi.service.log.LogLevel@5fb6cd8
      WARN = class org.osgi.service.log.LogLevel@3baed56a
      INFO = class org.osgi.service.log.LogLevel@3dfd43f8
      DEBUG = class org.osgi.service.log.LogLevel@6175135a
      TRACE = class org.osgi.service.log.LogLevel@6b57d7a7
      ENUM$VALUES = class org.osgi.service.log.LogLevel[6]
      name = "AUDIT"
      ordinal = 0
    ERROR = class org.osgi.service.log.LogLevel@5fb6cd8
    WARN = class org.osgi.service.log.LogLevel@3baed56a
      AUDIT = class org.osgi.service.log.LogLevel@656df8b3
      ERROR = class org.osgi.service.log.LogLevel@5fb6cd8
      WARN = class org.osgi.service.log.LogLevel@3baed56a
      INFO = class org.osgi.service.log.LogLevel@3dfd43f8
      DEBUG = class org.osgi.service.log.LogLevel@6175135a
      TRACE = class org.osgi.service.log.LogLevel@6b57d7a7
      ENUM$VALUES = class org.osgi.service.log.LogLevel[6]
      name = "WARN"
      ordinal = 2
    INFO = class org.osgi.service.log.LogLevel@3dfd43f8
      AUDIT = class org.osgi.service.log.LogLevel@656df8b3
      ERROR = class org.osgi.service.log.LogLevel@5fb6cd8
      WARN = class org.osgi.service.log.LogLevel@3baed56a
      INFO = class org.osgi.service.log.LogLevel@3dfd43f8
      DEBUG = class org.osgi.service.log.LogLevel@6175135a
      TRACE = class org.osgi.service.log.LogLevel@6b57d7a7
      ENUM$VALUES = class org.osgi.service.log.LogLevel[6]
      name = "INFO"
      ordinal = 3
    DEBUG = class org.osgi.service.log.LogLevel@6175135a
      AUDIT = class org.osgi.service.log.LogLevel@656df8b3
      ERROR = class org.osgi.service.log.LogLevel@5fb6cd8
      WARN = class org.osgi.service.log.LogLevel@3baed56a
      INFO = class org.osgi.service.log.LogLevel@3dfd43f8
      DEBUG = class org.osgi.service.log.LogLevel@6175135a
      TRACE = class org.osgi.service.log.LogLevel@6b57d7a7
      ENUM$VALUES = class org.osgi.service.log.LogLevel[6]
      name = "DEBUG"
      ordinal = 4
    TRACE = class org.osgi.service.log.LogLevel@6b57d7a7
      AUDIT = class org.osgi.service.log.LogLevel@656df8b3
      ERROR = class org.osgi.service.log.LogLevel@5fb6cd8
      WARN = class org.osgi.service.log.LogLevel@3baed56a
      INFO = class org.osgi.service.log.LogLevel@3dfd43f8
      DEBUG = class org.osgi.service.log.LogLevel@6175135a
      TRACE = class org.osgi.service.log.LogLevel@6b57d7a7
      ENUM$VALUES = class org.osgi.service.log.LogLevel[6]
      name = "TRACE"
      ordinal = 5
    ENUM$VALUES = class org.osgi.service.log.LogLevel[6]
      LogLevel[0] = class org.osgi.service.log.LogLevel@656df8b3
      LogLevel[1] = class org.osgi.service.log.LogLevel@5fb6cd8
      LogLevel[2] = class org.osgi.service.log.LogLevel@3baed56a
      LogLevel[3] = class org.osgi.service.log.LogLevel@3dfd43f8
      LogLevel[4] = class org.osgi.service.log.LogLevel@6175135a
      LogLevel[5] = class org.osgi.service.log.LogLevel@6b57d7a7
    name = "ERROR"
    ordinal = 1
  message = "FrameworkEvent ERROR"
  ref = null
  throwable = class java.io.IOException@7bccb21c
    serialVersionUID = 7818375828146090155
    serialVersionUID = -3387516993124229948
    serialVersionUID = -3042686055658047285
    detailMessage = "Exception in opening zip file: /Users/kor/IdeaProjects/FlightLogix/HelloWorld/target/liberty/wlp/lib/com.ibm.ws.logging.osgi_1.0.50.jar"
    UNASSIGNED_STACK = class java.lang.StackTraceElement[0]
    cause = class java.io.FileNotFoundException@14d1b6e1
      serialVersionUID = -897856973823710492
      serialVersionUID = 7818375828146090155
      serialVersionUID = -3387516993124229948
      serialVersionUID = -3042686055658047285
      detailMessage = "/Users/kor/IdeaProjects/FlightLogix/HelloWorld/target/liberty/wlp/lib/com.ibm.ws.logging.osgi_1.0.50.jar (No such file or directory)"
      UNASSIGNED_STACK = class java.lang.StackTraceElement[0]
      cause = class java.io.FileNotFoundException@14d1b6e1
      stackTrace = class java.lang.StackTraceElement[29]
      SUPPRESSED_SENTINEL = class java.util.Collections$UnmodifiableRandomAccessList@312186a1
      suppressedExceptions = class java.util.Collections$UnmodifiableRandomAccessList@312186a1
      NULL_CAUSE_MESSAGE = "Cannot suppress a null exception."
      SELF_SUPPRESSION_MESSAGE = "Self-suppression not permitted"
      CAUSE_CAPTION = "Caused by: "
      SUPPRESSED_CAPTION = "Suppressed: "
      EMPTY_THROWABLE_ARRAY = class java.lang.Throwable[0]
      $assertionsDisabled = true
    stackTrace = class java.lang.StackTraceElement[25]
      StackTraceElement[0] = class java.lang.StackTraceElement@4a845d90
      StackTraceElement[1] = class java.lang.StackTraceElement@17278f26
      StackTraceElement[2] = class java.lang.StackTraceElement@22ac304a
      StackTraceElement[3] = class java.lang.StackTraceElement@38ef598c
      StackTraceElement[4] = class java.lang.StackTraceElement@506ffbdc
      StackTraceElement[5] = class java.lang.StackTraceElement@7b9a1048
      StackTraceElement[6] = class java.lang.StackTraceElement@38f74111
      StackTraceElement[7] = class java.lang.StackTraceElement@7a164cba
      StackTraceElement[8] = class java.lang.StackTraceElement@5588e93f
      StackTraceElement[9] = class java.lang.StackTraceElement@7ebbab96
      StackTraceElement[10] = class java.lang.StackTraceElement@7c469299
      StackTraceElement[11] = class java.lang.StackTraceElement@34fd7237
      StackTraceElement[12] = class java.lang.StackTraceElement@262eb486
      StackTraceElement[13] = class java.lang.StackTraceElement@56a5cce
      StackTraceElement[14] = class java.lang.StackTraceElement@4df0d4a0
      StackTraceElement[15] = class java.lang.StackTraceElement@12c37be3
      StackTraceElement[16] = class java.lang.StackTraceElement@419a77b9
      StackTraceElement[17] = class java.lang.StackTraceElement@1641cf68
      StackTraceElement[18] = class java.lang.StackTraceElement@5ddf5cd4
      StackTraceElement[19] = class java.lang.StackTraceElement@54ca28ef
      StackTraceElement[20] = class java.lang.StackTraceElement@46ffba70
      StackTraceElement[21] = class java.lang.StackTraceElement@5e5d0748
      StackTraceElement[22] = class java.lang.StackTraceElement@79c3d9ab
      StackTraceElement[23] = class java.lang.StackTraceElement@7c4b0b2c
      StackTraceElement[24] = class java.lang.StackTraceElement@47dc12ef
    SUPPRESSED_SENTINEL = class java.util.Collections$UnmodifiableRandomAccessList@312186a1
      serialVersionUID = -2542308836966382001
      serialVersionUID = -283967356065247728
      list = class java.util.ArrayList@3320e324
      serialVersionUID = 1820017752578914078
      c = class java.util.ArrayList@3320e324
    suppressedExceptions = class java.util.Collections$UnmodifiableRandomAccessList@312186a1
    NULL_CAUSE_MESSAGE = "Cannot suppress a null exception."
    SELF_SUPPRESSION_MESSAGE = "Self-suppression not permitted"
    CAUSE_CAPTION = "Caused by: "
    SUPPRESSED_CAPTION = "Suppressed: "
    EMPTY_THROWABLE_ARRAY = class java.lang.Throwable[0]
    $assertionsDisabled = true
  contextObject = class org.osgi.framework.FrameworkEvent@55109976
    serialVersionUID = 207051004521261705
    bundle = class org.eclipse.osgi.internal.framework.EquinoxBundle@5c5f0c1d
    throwable = class java.io.IOException@7bccb21c
    type = 2
    STARTED = 1
    ERROR = 2
    PACKAGES_REFRESHED = 4
    STARTLEVEL_CHANGED = 8
    WARNING = 16
    INFO = 32
    STOPPED = 64
    STOPPED_UPDATE = 128
    STOPPED_BOOTCLASSPATH_MODIFIED = 256
    WAIT_TIMEDOUT = 512
    STOPPED_SYSTEM_REFRESHED = 1024
    serialVersionUID = 5516075349620653480
    source = class org.eclipse.osgi.internal.framework.EquinoxBundle@5c5f0c1d
  time = 1617383461650
  threadId = 19
  threadName = "Framework Event Dispatcher: Equinox Container: 4044e9cb-c7cd-4a70-adaa-ffedfb7067de"
  sequenceNumber = 3
  stackTraceElement = null

