------Start of DE processing------ = [02/04/21 13:11:01:544 EDT]
Exception = java.io.FileNotFoundException
Source = com.ibm.ws.webcontainer.osgi.mbeans.PluginGenerator
probeid = generateXML
Stack Dump = java.io.FileNotFoundException: /Users/kor/IdeaProjects/FlightLogix/HelloWorld/target/liberty/wlp/usr/servers/FlightLogixServer/workarea/org.eclipse.osgi/119/data/cached-PluginCfg.xml (No such file or directory)
	at java.io.FileInputStream.open0(Native Method)
	at java.io.FileInputStream.open(FileInputStream.java:195)
	at java.io.FileInputStream.<init>(FileInputStream.java:138)
	at com.ibm.ws.webcontainer.osgi.mbeans.PluginGenerator.copyFile(PluginGenerator.java:912)
	at com.ibm.ws.webcontainer.osgi.mbeans.PluginGenerator.generateXML(PluginGenerator.java:842)
	at com.ibm.ws.webcontainer.osgi.mbeans.GeneratePluginConfigMBean.generatePluginConfig(GeneratePluginConfigMBean.java:160)
	at com.ibm.ws.webcontainer.osgi.mbeans.GeneratePluginConfigMBean.generatePluginConfig(GeneratePluginConfigMBean.java:262)
	at com.ibm.ws.webserver.plugin.runtime.listeners.GeneratePluginConfigListener$1.run(GeneratePluginConfigListener.java:281)
	at com.ibm.ws.threading.internal.ExecutorServiceImpl$RunnableWrapper.run(ExecutorServiceImpl.java:238)
	at java.util.concurrent.Executors$RunnableAdapter.call(Executors.java:511)
	at java.util.concurrent.FutureTask.run(FutureTask.java:266)
	at java.util.concurrent.ThreadPoolExecutor.runWorker(ThreadPoolExecutor.java:1149)
	at java.util.concurrent.ThreadPoolExecutor$Worker.run(ThreadPoolExecutor.java:624)
	at java.lang.Thread.run(Thread.java:748)

Dump of callerThis
null
Dump of objectArray[0]
Object type = com.ibm.ws.webcontainer.osgi.WebContainer
  tc = class com.ibm.websphere.ras.TraceComponent@7b007429
    strings[0] = "TraceComponent[com.ibm.ws.webcontainer.osgi.WebContainer,class com.ibm.ws.webcontainer.osgi.WebContainer,[webcontainer],com.ibm.ws.webcontainer.resources.LShimMessages,null]"
  CLASS_NAME = "com.ibm.ws.webcontainer.osgi.WebContainer"
  initialized = true
  eventService = class com.ibm.ws.event.internal.EventEngineImpl@32827fd
    tc = class com.ibm.websphere.ras.TraceComponent@40c0f29e
      strings[0] = "TraceComponent[com.ibm.ws.event.internal.EventEngineImpl,class com.ibm.ws.event.internal.EventEngineImpl,[EventEngine],null,null]"
    OSGI_EVENT_HANDLER_REFERENCE_NAME = "OsgiEventHandler"
    WS_EVENT_HANDLER_REFERENCE_NAME = "WsEventHandler"
    CFG_KEY_REENTRANT_HANDLER_DEFAULT = "reentrant.handler.default"
    CFG_KEY_STAGE_PREFIX = "stage.topics."
    topicCache = class com.ibm.ws.event.internal.TopicBasedCache@5fe393a4
      serialVersionUID = -1668099068630434622
      DEFAULT_STAGE_NAME = "Events"
      serviceReferenceMap = class java.util.HashMap@56303b04
      discreteEventHandlers = class java.util.HashMap@74b69758
      wildcardEventHandlers = class java.util.HashMap@199a4345
      discreteStageTopics = class java.util.HashMap@5a35cf70
      wildcardStageTopics = class java.util.HashMap@d0a2729
      topicDataCache = class java.util.concurrent.ConcurrentHashMap@4dc67d87
      eventEngine = class com.ibm.ws.event.internal.EventEngineImpl@32827fd
      $$$tc$$$ = class com.ibm.websphere.ras.TraceComponent@4b7cc44b
    componentContext = class org.apache.felix.scr.impl.manager.ComponentContextImpl@d9f9cf3
      m_componentManager = class org.apache.felix.scr.impl.manager.SingleComponentManager@41f6e24d
      edgeInfos = class org.apache.felix.scr.impl.manager.EdgeInfo[4]
      m_componentInstance = class org.apache.felix.scr.impl.manager.ComponentContextImpl$ComponentInstanceImpl@41f5a8f1
      m_usingBundle = class org.eclipse.osgi.internal.framework.EquinoxBundle@3b47ed9e
      m_serviceRegistration = class org.eclipse.osgi.internal.serviceregistry.ServiceRegistrationImpl@66b81fd9
      m_implementationObject = class com.ibm.ws.event.internal.EventEngineImpl@32827fd
      m_implementationAccessible = true
      accessibleLatch = class java.util.concurrent.CountDownLatch@79975991
      serviceObjectsHelper = class org.apache.felix.scr.impl.helper.ComponentServiceObjectsHelper@f852864
      boundValues = null
    bundleContext = class org.eclipse.osgi.internal.framework.BundleContextImpl@5af51b45
      findHookName = "org.osgi.framework.hooks.bundle.FindHook"
      valid = true
      bundle = class org.eclipse.osgi.internal.framework.EquinoxBundle@3b47ed9e
      container = class org.eclipse.osgi.internal.framework.EquinoxContainer@746f7348
      debug = class org.eclipse.osgi.internal.debug.Debug@433c7760
      servicesInUse = class java.util.HashMap@77f73a56
      activator = null
      contextLock = class java.lang.Object@116212ac
    logService = class org.eclipse.osgi.internal.log.ExtendedLogServiceImpl@2eb080bb
      factory = class org.eclipse.osgi.internal.log.ExtendedLogServiceFactory@4cbbbe23
      bundle = class org.eclipse.osgi.internal.framework.EquinoxBundle@3b47ed9e
      loggerCache = class java.util.HashMap@1bcb9b49
      LOG_SERVICE = "LogService"
    frameworkEventAdapter = class com.ibm.ws.event.internal.adapter.FrameworkEventAdapter@2a18259c
      FRAMEWORK_EVENT_TOPIC_PREFIX = "org/osgi/framework/FrameworkEvent/"
      eventAdmin = class com.ibm.ws.event.internal.EventEngineImpl@32827fd
      serialVersionUID = -1092610607214715909
      $$$tc$$$ = class com.ibm.websphere.ras.TraceComponent@5bbd839e
    bundleEventAdapter = class com.ibm.ws.event.internal.adapter.BundleEventAdapter@6925edc8
      BUNDLE_EVENT_TOPIC_PREFIX = "org/osgi/framework/BundleEvent/"
      eventAdmin = class com.ibm.ws.event.internal.EventEngineImpl@32827fd
      serialVersionUID = -818773777250172927
      $$$tc$$$ = class com.ibm.websphere.ras.TraceComponent@688b8f83
    serviceEventAdapter = class com.ibm.ws.event.internal.adapter.ServiceEventAdapter@182c9c1b
      SERVICE_EVENT_TOPIC_PREFIX = "org/osgi/framework/ServiceEvent/"
      eventAdmin = class com.ibm.ws.event.internal.EventEngineImpl@32827fd
      serialVersionUID = 408387796793790680
      $$$tc$$$ = class com.ibm.websphere.ras.TraceComponent@6daf25f9
    executorServiceFactory = class com.ibm.ws.event.internal.WorkStageExecutorServiceFactory@323372fd
      executorService = class com.ibm.ws.threading.internal.ExecutorServiceImpl@3a8fc01f
      serialVersionUID = -89348135483836177
      $$$tc$$$ = class com.ibm.websphere.ras.TraceComponent@177d99f1
    defaultReentrancy = true
    skipSchedule = false
    serialVersionUID = -3714378010555321089
  futureMonitor = class com.ibm.ws.threading.internal.FutureMonitorImpl@3995286
    _monitor = class java.util.concurrent.ConcurrentLinkedQueue@48b3b31c
      serialVersionUID = 196745693267521676
      head = class java.util.concurrent.ConcurrentLinkedQueue$Node@3b197e56
      tail = class java.util.concurrent.ConcurrentLinkedQueue$Node@3b197e56
      UNSAFE = class sun.misc.Unsafe@5a25fa00
      headOffset = 12
      tailOffset = 16
      MAX_ARRAY_SIZE = 2147483639
    _executor = class com.ibm.ws.threading.internal.ScheduledExecutorImpl@6441e673
      threadGroupName = "Scheduled Executor Thread Group"
      executor = class com.ibm.ws.threading.internal.ExecutorServiceImpl@3a8fc01f
      serialVersionUID = -9110693807503469597
      $$$tc$$$ = class com.ibm.websphere.ras.TraceComponent@5594a8d3
      continueExistingPeriodicTasksAfterShutdown = false
      executeExistingDelayedTasksAfterShutdown = true
      removeOnCancel = false
      sequencer = class java.util.concurrent.atomic.AtomicLong@60b6a364
      ctl = class java.util.concurrent.atomic.AtomicInteger@38ca02
      COUNT_BITS = 29
      CAPACITY = 536870911
      RUNNING = -536870912
      SHUTDOWN = 0
      STOP = 536870912
      TIDYING = 1073741824
      TERMINATED = 1610612736
      workQueue = class java.util.concurrent.ScheduledThreadPoolExecutor$DelayedWorkQueue@1326b5
      mainLock = class java.util.concurrent.locks.ReentrantLock@7e7d81fd
      workers = class java.util.HashSet@62e0df88
      termination = class java.util.concurrent.locks.AbstractQueuedSynchronizer$ConditionObject@244e610c
      largestPoolSize = 1
      completedTaskCount = 0
      threadFactory = class com.ibm.ws.threading.internal.ThreadFactoryImpl@3d71ddbe
      handler = class java.util.concurrent.ThreadPoolExecutor$AbortPolicy@75009d23
      keepAliveTime = 0
      allowCoreThreadTimeOut = false
      corePoolSize = 1
      maximumPoolSize = 2147483647
      defaultHandler = class java.util.concurrent.ThreadPoolExecutor$AbortPolicy@75009d23
      shutdownPerm = class java.lang.RuntimePermission@1a1aad13
      acc = null
      ONLY_ONE = true
      $assertionsDisabled = true
    _threadRunning = class java.util.concurrent.atomic.AtomicBoolean@706e91e
      serialVersionUID = 4654671469794556979
      unsafe = class sun.misc.Unsafe@5a25fa00
      valueOffset = 12
      value = 0
    _thread = class com.ibm.ws.threading.internal.FutureMonitorImpl$1@3da70057
      this$0 = class com.ibm.ws.threading.internal.FutureMonitorImpl@3995286
      serialVersionUID = 2422512430832938099
      $$$tc$$$ = class com.ibm.websphere.ras.TraceComponent@40a309ee
    serialVersionUID = 2765238413969174390
    $$$tc$$$ = class com.ibm.websphere.ras.TraceComponent@18243025
      strings[0] = "TraceComponent[com.ibm.ws.threading.internal.FutureMonitorImpl,class com.ibm.ws.threading.internal.FutureMonitorImpl,[Threading],com.ibm.ws.threading.internal.resources.ThreadingMessages,null]"
  classLoadingSRRef = class com.ibm.wsspi.kernel.service.utils.AtomicServiceReference@34853e31
    referenceName = "classLoadingService"
    tuple = class java.util.concurrent.atomic.AtomicReference@5f52389
      serialVersionUID = -1848883965231344442
      unsafe = class sun.misc.Unsafe@5a25fa00
      valueOffset = 12
      value = class com.ibm.wsspi.kernel.service.utils.AtomicServiceReference$ReferenceTuple@ad67eeb
    serialVersionUID = 2226592364007985000
    $$$tc$$$ = class com.ibm.websphere.ras.TraceComponent@4145459b
  sessionHelperSRRef = class com.ibm.wsspi.kernel.service.utils.AtomicServiceReference@13aa6faa
    referenceName = "sessionHelper"
    tuple = class java.util.concurrent.atomic.AtomicReference@79d4f58f
      serialVersionUID = -1848883965231344442
      unsafe = class sun.misc.Unsafe@5a25fa00
      valueOffset = 12
      value = class com.ibm.wsspi.kernel.service.utils.AtomicServiceReference$ReferenceTuple@7cd38f95
    serialVersionUID = 2226592364007985000
    $$$tc$$$ = class com.ibm.websphere.ras.TraceComponent@4145459b
      strings[0] = "TraceComponent[com.ibm.wsspi.kernel.service.utils.AtomicServiceReference,class com.ibm.wsspi.kernel.service.utils.AtomicServiceReference,[kernelUtils],com.ibm.ws.kernel.service.utils.resources.ServiceMessages,null]"
  cacheManagerSRRef = class com.ibm.wsspi.kernel.service.utils.AtomicServiceReference@517fa5ed
    referenceName = "cacheManager"
    tuple = class java.util.concurrent.atomic.AtomicReference@57d4f66e
      serialVersionUID = -1848883965231344442
      unsafe = class sun.misc.Unsafe@5a25fa00
      valueOffset = 12
      value = class com.ibm.wsspi.kernel.service.utils.AtomicServiceReference$ReferenceTuple@25c83723
    serialVersionUID = 2226592364007985000
    $$$tc$$$ = class com.ibm.websphere.ras.TraceComponent@4145459b
  injectionEngineSRRef = class com.ibm.wsspi.kernel.service.utils.AtomicServiceReference@18bbc026
    referenceName = "injectionEngine"
    tuple = class java.util.concurrent.atomic.AtomicReference@57cdaadb
      serialVersionUID = -1848883965231344442
      unsafe = class sun.misc.Unsafe@5a25fa00
      valueOffset = 12
      value = class com.ibm.wsspi.kernel.service.utils.AtomicServiceReference$ReferenceTuple@1ea39138
    serialVersionUID = 2226592364007985000
    $$$tc$$$ = class com.ibm.websphere.ras.TraceComponent@4145459b
  managedObjectServiceSRRef = class com.ibm.wsspi.kernel.service.utils.AtomicServiceReference@5d211b6
    referenceName = "managedObjectService"
    tuple = class java.util.concurrent.atomic.AtomicReference@4adcc114
      serialVersionUID = -1848883965231344442
      unsafe = class sun.misc.Unsafe@5a25fa00
      valueOffset = 12
      value = class com.ibm.wsspi.kernel.service.utils.AtomicServiceReference$ReferenceTuple@5a0e25e4
    serialVersionUID = 2226592364007985000
    $$$tc$$$ = class com.ibm.websphere.ras.TraceComponent@4145459b
  backgroundWebAppStartFutures = class com.ibm.ws.webcontainer.util.OneTimeUseArrayList@45c5e999
    enabled = true
    runnables = class java.util.ArrayList@59ec95e2
      serialVersionUID = 8683452581122892189
      DEFAULT_CAPACITY = 10
      EMPTY_ELEMENTDATA = class java.lang.Object[0]
      DEFAULTCAPACITY_EMPTY_ELEMENTDATA = class java.lang.Object[0]
      elementData = class java.lang.Object[10]
      size = 2
      MAX_ARRAY_SIZE = 2147483639
      modCount = 2
      MAX_ARRAY_SIZE = 2147483639
  REFERENCE_WEB_MBEAN_RUNTIME = "webMBeanRuntime"
  webMBeanRuntimeServiceRef = class com.ibm.wsspi.kernel.service.utils.AtomicServiceReference@69397c01
    referenceName = "webMBeanRuntime"
    tuple = class java.util.concurrent.atomic.AtomicReference@40cb6c72
      serialVersionUID = -1848883965231344442
      unsafe = class sun.misc.Unsafe@5a25fa00
      valueOffset = 12
      value = class com.ibm.wsspi.kernel.service.utils.AtomicServiceReference$ReferenceTuple@d318268
    serialVersionUID = 2226592364007985000
    $$$tc$$$ = class com.ibm.websphere.ras.TraceComponent@4145459b
  servletContainerInitializers = class com.ibm.wsspi.kernel.service.utils.ConcurrentServiceReferenceSet@2fc52bf0
    referenceName = "servletContainerInitializers"
    contextRef = class java.util.concurrent.atomic.AtomicReference@11cd518
      serialVersionUID = -1848883965231344442
      unsafe = class sun.misc.Unsafe@5a25fa00
      valueOffset = 12
      value = class org.apache.felix.scr.impl.manager.ComponentContextImpl@5660f596
    elementMap = class java.util.LinkedHashMap@3b3c628f
      serialVersionUID = 3801124242820219131
      head = class java.util.LinkedHashMap$Entry@61f93518
      tail = class java.util.LinkedHashMap$Entry@422cb1b7
      accessOrder = false
      serialVersionUID = 362498820763181265
      DEFAULT_INITIAL_CAPACITY = 16
      MAXIMUM_CAPACITY = 1073741824
      DEFAULT_LOAD_FACTOR = 0.75
      TREEIFY_THRESHOLD = 8
      UNTREEIFY_THRESHOLD = 6
      MIN_TREEIFY_CAPACITY = 64
      table = class java.util.HashMap$Node[16]
      entrySet = null
      size = 2
      modCount = 2
      threshold = 12
      loadFactor = 0.75
      keySet = null
      values = null
    elementSet = class java.util.concurrent.ConcurrentSkipListSet@6c8ef301
      serialVersionUID = -2479143111061671589
      m = class java.util.concurrent.ConcurrentSkipListMap@3eb95c98
      UNSAFE = class sun.misc.Unsafe@5a25fa00
      mapOffset = 12
      MAX_ARRAY_SIZE = 2147483639
    elementSetUnsorted = false
    serialVersionUID = 756240983881166148
    $$$tc$$$ = class com.ibm.websphere.ras.TraceComponent@58dde0f0
  es = class com.ibm.ws.threading.internal.ExecutorServiceImpl@3a8fc01f
    threadPool = class java.util.concurrent.ThreadPoolExecutor@5c19e3d
      ctl = class java.util.concurrent.atomic.AtomicInteger@483255c3
      COUNT_BITS = 29
      CAPACITY = 536870911
      RUNNING = -536870912
      SHUTDOWN = 0
      STOP = 536870912
      TIDYING = 1073741824
      TERMINATED = 1610612736
      workQueue = class com.ibm.ws.threading.internal.BoundedBuffer@30ffaab2
      mainLock = class java.util.concurrent.locks.ReentrantLock@756e3681
      workers = class java.util.HashSet@2515f25e
      termination = class java.util.concurrent.locks.AbstractQueuedSynchronizer$ConditionObject@7fd32772
      largestPoolSize = 24
      completedTaskCount = 86
      threadFactory = class com.ibm.ws.threading.internal.ThreadFactoryImpl@3234b800
      handler = class com.ibm.ws.threading.internal.ExecutorServiceImpl$ExpandPolicy@366a5af9
      keepAliveTime = 0
      allowCoreThreadTimeOut = false
      corePoolSize = 24
      maximumPoolSize = 24
      defaultHandler = class java.util.concurrent.ThreadPoolExecutor$AbortPolicy@75009d23
      shutdownPerm = class java.lang.RuntimePermission@1a1aad13
      acc = null
      ONLY_ONE = true
      $assertionsDisabled = true
    threadPoolController = class com.ibm.ws.threading.internal.ThreadPoolController@3426ea7a
      tc = class com.ibm.websphere.ras.TraceComponent@792bb239
      interval = 1500
      hangInterval = 750
      hangResolutionCountdown = 0
      hangResolutionCycles = 3
      hangBufferPoolSize = 0
      currentMinimumPoolSize = 24
      controllerCyclesWithoutHang = 0
      noHangCyclesThreshold = 8
      compareRange = 4
      NUMBER_CPUS = 12
      controllerCycle = 54
      distributionReset = false
      poolIncrement = 12
      poolDecrement = 12
      maxThreadsPoolDecrement = 1
      poolChangeBasis = 12
      poolIncrementBoundLow = 192
      poolIncrementBoundMedium = 768
      poolIncrementMax = 48
      poolIncrementMin = 1
      POOL_INCREMENT_MIN_DEFAULT = 1
      POOL_INCREMENT_MAX_DEFAULT = 48
      minimumDesiredPoolSizeAdjustments = 10
      targetPoolSize = 24
      consecutiveTargetPoolSizeWrong = 0
      MAX_CONSECUTIVE_TARGET_POOLSIZE_WRONG = 3
      highCpu = 90
      lowTputThreadsRatio = 1.0
      activeThreadsGrowthRatio = 0.75
      dataAgePruneLevel = 5.0
      compareSpanPruneMultiplier = 2
      tputRatioPruneLevel = 5.0
      poolTputRatioHigh = 5.0
      poolTputRatioLow = 3.0
      compareSpanRatioMultiplier = 2
      growScoreFilterLevel = 0.5
      shrinkScoreFilterLevel = 0.5
      growShrinkDiffFilter = 0.25
      resetDistroStdDevEwmaRatio = 0.1
      resetDistroNewTputEwmaRatio = 0.5
      resetDistroConsecutiveOutliers = 5.0
      processCpuUtil = 0.050542635658914724
      systemCpuUtil = 11.523545706371191
      cpuUtil = 11.523545706371191
      df = class java.text.DecimalFormat@595c2bd9
      queueDepth = 0
      activeThreads = 0
      MAX_INTERVALS_WITHOUT_CHANGE = 5
      EMPTY_QUEUE_SHRINK_MAGIC_PER_INTERVAL = 0.04
      IDLE_INTERVALS_BEFORE_PAUSE = 3
      MAX_OUTLIER_AFTER_CHANGE_BEFORE_RESET = 10
      MAX_THREADS_TO_BREAK_HANG = 1536
      executorService = class com.ibm.ws.threading.internal.ExecutorServiceImpl@3a8fc01f
      lastAction = class com.ibm.ws.threading.internal.ThreadPoolController$LastAction@3993b840
      timer = class java.util.Timer@467c11c7
      activeTask = class com.ibm.ws.threading.internal.IntervalTask@142594d1
      paused = false
      lastTimerPop = 1617383460803
      previousCompleted = 2688
      previousThroughput = 13.953488372093023
      consecutiveQueueEmptyCount = 54
      consecutiveNoAdjustment = 4
      consecutiveOutlierAfterAdjustment = 0
      consecutiveIdleCount = 0
      maxThreads = 2147483647
      coreThreads = 24
      threadRange = 2147483623
      threadPool = class java.util.concurrent.ThreadPoolExecutor@5c19e3d
      threadStats = class java.util.TreeMap@2c1f676f
      poolSizeWhenHangDetected = -1
      hangIntervalCounter = 0
      hangMaxThreadsMessageEmitted = false
      serialVersionUID = -8899192782934828217
    poolName = "Default Executor"
    MINIMUM_POOL_SIZE = 4
    componentConfig = class org.apache.felix.scr.impl.helper.ReadOnlyDictionary@4126f304
      m_delegate = class java.util.Hashtable@60d28f92
      m_serviceReference = null
    interceptorsActive = false
    interceptors = class java.util.concurrent.CopyOnWriteArraySet@5d1bfe42
      serialVersionUID = 5457747651344034263
      al = class java.util.concurrent.CopyOnWriteArrayList@2a5dc78e
      MAX_ARRAY_SIZE = 2147483639
    threadFactory = null
    serverStopping = false
    phaser = class java.util.concurrent.Phaser@5422b3aa
      state = 262148
      MAX_PARTIES = 65535
      MAX_PHASE = 2147483647
      PARTIES_SHIFT = 16
      PHASE_SHIFT = 32
      UNARRIVED_MASK = 65535
      PARTIES_MASK = 4294901760
      COUNTS_MASK = 4294967295
      TERMINATION_BIT = -9223372036854775808
      ONE_ARRIVAL = 1
      ONE_PARTY = 65536
      ONE_DEREGISTER = 65537
      EMPTY = 1
      parent = null
      root = class java.util.concurrent.Phaser@5422b3aa
      evenQ = class java.util.concurrent.atomic.AtomicReference@162c1ce
      oddQ = class java.util.concurrent.atomic.AtomicReference@4d8cf04b
      NCPU = 12
      SPINS_PER_ARRIVAL = 256
      UNSAFE = class sun.misc.Unsafe@5a25fa00
      stateOffset = 16
    serialVersionUID = 6930666794455919448
    $$$tc$$$ = class com.ibm.websphere.ras.TraceComponent@65fcbce5
      strings[0] = "TraceComponent[com.ibm.ws.threading.internal.ExecutorServiceImpl,class com.ibm.ws.threading.internal.ExecutorServiceImpl,[Threading],com.ibm.ws.threading.internal.resources.ThreadingMessages,null]"
  locationServiceRef = class java.util.concurrent.atomic.AtomicReference@506c7ff6
    serialVersionUID = -1848883965231344442
    unsafe = class sun.misc.Unsafe@5a25fa00
    valueOffset = 12
    value = class com.ibm.ws.kernel.service.location.internal.WsLocationAdminImpl@129e2752
      tc = class com.ibm.websphere.ras.TraceComponent@65a089ba
      LOC_INTERNAL_LIB_DIR = "wlp.lib.dir"
      LOC_INTERNAL_WORKAREA_DIR = "wlp.workarea.dir"
      LOC_AREA_NAME_APPS = "shared/apps/"
      LOC_AREA_NAME_CONFIG = "shared/config/"
      LOC_AREA_NAME_RESC = "shared/resources/"
      LOC_AREA_NAME_STATE = "logs/state/"
      LOC_AREA_NAME_SERVERS = "servers/"
      LOC_AREA_NAME_CLIENTS = "clients/"
      LOC_AREA_NAME_WORKING = "workarea/"
      LOC_AREA_NAME_EXTENSION = "extension/"
      instance = class com.ibm.ws.kernel.service.location.internal.WsLocationAdminImpl@129e2752
      installRoot = class com.ibm.ws.kernel.service.location.internal.SymbolicRootResource@405242a6
      installParentRoot = class com.ibm.ws.kernel.service.location.internal.SymbolicRootResource@4f8afb3e
      userRoot = class com.ibm.ws.kernel.service.location.internal.SymbolicRootResource@35f5cbba
      usrExtensionRoot = class com.ibm.ws.kernel.service.location.internal.SymbolicRootResource@75966f55
      serverConfigDir = class com.ibm.ws.kernel.service.location.internal.SymbolicRootResource@27034433
      serverOutputDir = class com.ibm.ws.kernel.service.location.internal.SymbolicRootResource@27034433
      bootstrapLib = class com.ibm.ws.kernel.service.location.internal.LocalFileResource@3f4818e6
      serverWorkarea = class com.ibm.ws.kernel.service.location.internal.LocalFileResource@247bacae
      serverState = class com.ibm.ws.kernel.service.location.internal.LocalFileResource@62d193b3
      sharedAppsRoot = class com.ibm.ws.kernel.service.location.internal.SymbolicRootResource@5fce7106
      sharedConfigRoot = class com.ibm.ws.kernel.service.location.internal.SymbolicRootResource@203ecd31
      sharedResourceRoot = class com.ibm.ws.kernel.service.location.internal.SymbolicRootResource@59591b44
      tmpRoot = class com.ibm.ws.kernel.service.location.internal.SymbolicRootResource@377b47d7
      serverName = "FlightLogixServer"
      resourcePaths = class java.util.ArrayList@1b91567f
      resourceGroups = class java.util.HashMap@4d904779
      commonRoot = class com.ibm.ws.kernel.service.location.internal.VirtualRootResource@5c02f6b4
      serialVersionUID = -5748835026800463299
  transferContextServiceRef = class com.ibm.wsspi.kernel.service.utils.ConcurrentServiceReferenceSet@7297c88e
    referenceName = "transferService"
    contextRef = class java.util.concurrent.atomic.AtomicReference@211c8143
      serialVersionUID = -1848883965231344442
      unsafe = class sun.misc.Unsafe@5a25fa00
      valueOffset = 12
      value = class org.apache.felix.scr.impl.manager.ComponentContextImpl@5660f596
    elementMap = class java.util.LinkedHashMap@237792cc
      serialVersionUID = 3801124242820219131
      head = null
      tail = null
      accessOrder = false
      serialVersionUID = 362498820763181265
      DEFAULT_INITIAL_CAPACITY = 16
      MAXIMUM_CAPACITY = 1073741824
      DEFAULT_LOAD_FACTOR = 0.75
      TREEIFY_THRESHOLD = 8
      UNTREEIFY_THRESHOLD = 6
      MIN_TREEIFY_CAPACITY = 64
      table = null
      entrySet = null
      size = 0
      modCount = 0
      threshold = 0
      loadFactor = 0.75
      keySet = null
      values = null
    elementSet = class java.util.concurrent.ConcurrentSkipListSet@6289caeb
      serialVersionUID = -2479143111061671589
      m = class java.util.concurrent.ConcurrentSkipListMap@86a9b14
      UNSAFE = class sun.misc.Unsafe@5a25fa00
      mapOffset = 12
      MAX_ARRAY_SIZE = 2147483639
    elementSetUnsorted = false
    serialVersionUID = 756240983881166148
    $$$tc$$$ = class com.ibm.websphere.ras.TraceComponent@58dde0f0
      strings[0] = "TraceComponent[com.ibm.wsspi.kernel.service.utils.ConcurrentServiceReferenceSet,class com.ibm.wsspi.kernel.service.utils.ConcurrentServiceReferenceSet,[kernelUtils],com.ibm.ws.kernel.service.utils.resources.ServiceMessages,null]"
  encodingServiceRef = class java.util.concurrent.atomic.AtomicReference@748be787
    serialVersionUID = -1848883965231344442
    unsafe = class sun.misc.Unsafe@5a25fa00
    valueOffset = 12
    value = class com.ibm.ws.http.internal.EncodingUtilsImpl@4831446
      tc = class com.ibm.websphere.ras.TraceComponent@658da928
      DEFAULT_ENCODING = "ISO-8859-1"
      TEST_CHAR = {97} /* array length = 1 */
      localeMap = class java.util.HashMap@39c0aa8a
      converterMap = class java.util.HashMap@44fc8786
      supportedEncodingsCache = class java.util.HashMap@503fb90a
      localesCache = class java.util.HashMap@46c62b20
      cachedLocale = null
      cachedEncoding = null
      serialVersionUID = -1198395850126550961
  instance = class java.util.concurrent.atomic.AtomicReference@30c05e31
    serialVersionUID = -1848883965231344442
    unsafe = class sun.misc.Unsafe@5a25fa00
    valueOffset = 12
    value = class com.ibm.ws.webcontainer.osgi.WebContainer@dd75f83
  vhostManager = class com.ibm.ws.webcontainer.osgi.DynamicVirtualHostManager@3e01410
    tc = class com.ibm.websphere.ras.TraceComponent@1eed9b98
      strings[0] = "TraceComponent[com.ibm.ws.webcontainer.osgi.DynamicVirtualHostManager,class com.ibm.ws.webcontainer.osgi.DynamicVirtualHostManager,[webcontainer],com.ibm.ws.webcontainer.resources.LShimMessages,null]"
    hostMap = class java.util.concurrent.ConcurrentHashMap@c8b4fec
      serialVersionUID = 7249069246763182397
      MAXIMUM_CAPACITY = 1073741824
      DEFAULT_CAPACITY = 16
      MAX_ARRAY_SIZE = 2147483639
      DEFAULT_CONCURRENCY_LEVEL = 16
      LOAD_FACTOR = 0.75
      TREEIFY_THRESHOLD = 8
      UNTREEIFY_THRESHOLD = 6
      MIN_TREEIFY_CAPACITY = 64
      MIN_TRANSFER_STRIDE = 16
      RESIZE_STAMP_BITS = 16
      MAX_RESIZERS = 65535
      RESIZE_STAMP_SHIFT = 16
      MOVED = -1
      TREEBIN = -2
      RESERVED = -3
      HASH_BITS = 2147483647
      NCPU = 12
      serialPersistentFields = class java.io.ObjectStreamField[3]
      table = class java.util.concurrent.ConcurrentHashMap$Node[16]
      nextTable = null
      baseCount = 0
      sizeCtl = 12
      transferIndex = 0
      cellsBusy = 0
      counterCells = null
      keySet = null
      values = class java.util.concurrent.ConcurrentHashMap$ValuesView@1685dbed
      entrySet = null
      U = class sun.misc.Unsafe@5a25fa00
      SIZECTL = 20
      TRANSFERINDEX = 32
      BASECOUNT = 24
      CELLSBUSY = 36
      CELLVALUE = 144
      ABASE = 16
      ASHIFT = 2
      keySet = null
      values = null
    transportMap = class java.util.concurrent.ConcurrentHashMap@148cfe23
      serialVersionUID = 7249069246763182397
      MAXIMUM_CAPACITY = 1073741824
      DEFAULT_CAPACITY = 16
      MAX_ARRAY_SIZE = 2147483639
      DEFAULT_CONCURRENCY_LEVEL = 16
      LOAD_FACTOR = 0.75
      TREEIFY_THRESHOLD = 8
      UNTREEIFY_THRESHOLD = 6
      MIN_TREEIFY_CAPACITY = 64
      MIN_TRANSFER_STRIDE = 16
      RESIZE_STAMP_BITS = 16
      MAX_RESIZERS = 65535
      RESIZE_STAMP_SHIFT = 16
      MOVED = -1
      TREEBIN = -2
      RESERVED = -3
      HASH_BITS = 2147483647
      NCPU = 12
      serialPersistentFields = class java.io.ObjectStreamField[3]
      table = class java.util.concurrent.ConcurrentHashMap$Node[16]
      nextTable = null
      baseCount = 1
      sizeCtl = 12
      transferIndex = 0
      cellsBusy = 0
      counterCells = null
      keySet = null
      values = null
      entrySet = null
      U = class sun.misc.Unsafe@5a25fa00
      SIZECTL = 20
      TRANSFERINDEX = 32
      BASECOUNT = 24
      CELLSBUSY = 36
      CELLVALUE = 144
      ABASE = 16
      ASHIFT = 2
      keySet = null
      values = null
    locationService = class com.ibm.ws.kernel.service.location.internal.WsLocationAdminImpl@129e2752
    schedExecutor = class com.ibm.ws.threading.internal.ScheduledExecutorImpl@6441e673
    pluginCfgVhostUris = class java.util.HashMap@202e96fb
      serialVersionUID = 362498820763181265
      DEFAULT_INITIAL_CAPACITY = 16
      MAXIMUM_CAPACITY = 1073741824
      DEFAULT_LOAD_FACTOR = 0.75
      TREEIFY_THRESHOLD = 8
      UNTREEIFY_THRESHOLD = 6
      MIN_TREEIFY_CAPACITY = 64
      table = null
      entrySet = null
      size = 0
      modCount = 0
      threshold = 4
      loadFactor = 0.75
      keySet = null
      values = null
    PLUGIN_CFG = "plugin-cfg.xml"
  metaDataService = class com.ibm.ws.container.service.metadata.internal.MetaDataServiceImpl@4f7f7f5a
    applicationMetaDataManager = class com.ibm.ws.container.service.metadata.internal.ApplicationMetaDataManager@68d97fac
      serialVersionUID = 1843747281024490904
      $$$tc$$$ = class com.ibm.websphere.ras.TraceComponent@50a5791
      listeners = class com.ibm.wsspi.kernel.service.utils.ConcurrentServiceReferenceSet@40febe5c
      metaDataIDs = class com.ibm.ws.container.service.metadata.internal.IndexList@470ce637
      metaDatas = class java.util.ArrayList@60337a24
      slotIDs = class com.ibm.ws.container.service.metadata.internal.IndexList@440db024
      serialVersionUID = 5464421863354792977
      $$$tc$$$ = class com.ibm.websphere.ras.TraceComponent@2930a437
    moduleMetaDataManager = class com.ibm.ws.container.service.metadata.internal.ModuleMetaDataManager@3407eba
      serialVersionUID = 2513574389899327209
      $$$tc$$$ = class com.ibm.websphere.ras.TraceComponent@67d4efff
      listeners = class com.ibm.wsspi.kernel.service.utils.ConcurrentServiceReferenceSet@46a8af4b
      metaDataIDs = class com.ibm.ws.container.service.metadata.internal.IndexList@1b2c7324
      metaDatas = class java.util.ArrayList@7ba7ce72
      slotIDs = class com.ibm.ws.container.service.metadata.internal.IndexList@4be36903
      serialVersionUID = 5464421863354792977
      $$$tc$$$ = class com.ibm.websphere.ras.TraceComponent@2930a437
    componentMetaDataManager = class com.ibm.ws.container.service.metadata.internal.ComponentMetaDataManager@333e39d5
      serialVersionUID = 8629793739641703882
      $$$tc$$$ = class com.ibm.websphere.ras.TraceComponent@3b457a47
      listeners = class com.ibm.wsspi.kernel.service.utils.ConcurrentServiceReferenceSet@75bc62f3
      metaDataIDs = class com.ibm.ws.container.service.metadata.internal.IndexList@1131b741
      metaDatas = class java.util.ArrayList@291617ef
      slotIDs = class com.ibm.ws.container.service.metadata.internal.IndexList@6bee183f
      serialVersionUID = 5464421863354792977
      $$$tc$$$ = class com.ibm.websphere.ras.TraceComponent@2930a437
    methodMetaDataManager = class com.ibm.ws.container.service.metadata.internal.MethodMetaDataManager@369e325d
      serialVersionUID = -8002489041502300640
      $$$tc$$$ = class com.ibm.websphere.ras.TraceComponent@17d80ab2
      listeners = class com.ibm.wsspi.kernel.service.utils.ConcurrentServiceReferenceSet@53ba35a7
      metaDataIDs = class com.ibm.ws.container.service.metadata.internal.IndexList@255b034f
      metaDatas = class java.util.ArrayList@775c6162
      slotIDs = class com.ibm.ws.container.service.metadata.internal.IndexList@3bd5a75a
      serialVersionUID = 5464421863354792977
      $$$tc$$$ = class com.ibm.websphere.ras.TraceComponent@2930a437
    appModuleNameToModuleContainer = class java.util.concurrent.ConcurrentHashMap@15191f3d
      serialVersionUID = 7249069246763182397
      MAXIMUM_CAPACITY = 1073741824
      DEFAULT_CAPACITY = 16
      MAX_ARRAY_SIZE = 2147483639
      DEFAULT_CONCURRENCY_LEVEL = 16
      LOAD_FACTOR = 0.75
      TREEIFY_THRESHOLD = 8
      UNTREEIFY_THRESHOLD = 6
      MIN_TREEIFY_CAPACITY = 64
      MIN_TRANSFER_STRIDE = 16
      RESIZE_STAMP_BITS = 16
      MAX_RESIZERS = 65535
      RESIZE_STAMP_SHIFT = 16
      MOVED = -1
      TREEBIN = -2
      RESERVED = -3
      HASH_BITS = 2147483647
      NCPU = 12
      serialPersistentFields = class java.io.ObjectStreamField[3]
      table = class java.util.concurrent.ConcurrentHashMap$Node[16]
      nextTable = null
      baseCount = 0
      sizeCtl = 12
      transferIndex = 0
      cellsBusy = 0
      counterCells = null
      keySet = null
      values = null
      entrySet = null
      U = class sun.misc.Unsafe@5a25fa00
      SIZECTL = 20
      TRANSFERINDEX = 32
      BASECOUNT = 24
      CELLSBUSY = 36
      CELLVALUE = 144
      ABASE = 16
      ASHIFT = 2
      keySet = null
      values = null
    jeeNameToComponentMetaData = class java.util.concurrent.ConcurrentHashMap@152c068a
      serialVersionUID = 7249069246763182397
      MAXIMUM_CAPACITY = 1073741824
      DEFAULT_CAPACITY = 16
      MAX_ARRAY_SIZE = 2147483639
      DEFAULT_CONCURRENCY_LEVEL = 16
      LOAD_FACTOR = 0.75
      TREEIFY_THRESHOLD = 8
      UNTREEIFY_THRESHOLD = 6
      MIN_TREEIFY_CAPACITY = 64
      MIN_TRANSFER_STRIDE = 16
      RESIZE_STAMP_BITS = 16
      MAX_RESIZERS = 65535
      RESIZE_STAMP_SHIFT = 16
      MOVED = -1
      TREEBIN = -2
      RESERVED = -3
      HASH_BITS = 2147483647
      NCPU = 12
      serialPersistentFields = class java.io.ObjectStreamField[3]
      table = class java.util.concurrent.ConcurrentHashMap$Node[16]
      nextTable = null
      baseCount = 0
      sizeCtl = 12
      transferIndex = 0
      cellsBusy = 0
      counterCells = null
      keySet = null
      values = null
      entrySet = null
      U = class sun.misc.Unsafe@5a25fa00
      SIZECTL = 20
      TRANSFERINDEX = 32
      BASECOUNT = 24
      CELLSBUSY = 36
      CELLVALUE = 144
      ABASE = 16
      ASHIFT = 2
      keySet = null
      values = null
    deferredMetaDataFactories = class com.ibm.wsspi.kernel.service.utils.ConcurrentServiceReferenceSet@579e756b
      referenceName = "deferredMetaDataFactory"
      contextRef = class java.util.concurrent.atomic.AtomicReference@7874b5b7
      elementMap = class java.util.LinkedHashMap@63c06566
      elementSet = class java.util.concurrent.ConcurrentSkipListSet@4569459
      elementSetUnsorted = false
      serialVersionUID = 756240983881166148
      $$$tc$$$ = class com.ibm.websphere.ras.TraceComponent@58dde0f0
    deferredMetaDataInitializers = class com.ibm.wsspi.kernel.service.utils.ConcurrentServiceReferenceMap@10d5b91f
      referenceName = "deferredMetaDataFactory"
      context = class org.apache.felix.scr.impl.manager.ComponentContextImpl@bc9aa7
      elementMap = class java.util.concurrent.ConcurrentHashMap@8b61535
      serialVersionUID = 6980924785166233786
      $$$tc$$$ = class com.ibm.websphere.ras.TraceComponent@635d9d88
    serialVersionUID = -2494605732980966097
    $$$tc$$$ = class com.ibm.websphere.ras.TraceComponent@340c5a79
      strings[0] = "TraceComponent[com.ibm.ws.container.service.metadata.internal.MetaDataServiceImpl,class com.ibm.ws.container.service.metadata.internal.MetaDataServiceImpl,[Runtime],null,null]"
  j2eeNameFactory = class com.ibm.ws.container.service.metadata.internal.J2EENameFactoryImpl@64e31eed
    serialVersionUID = 3486344295038028821
    $$$tc$$$ = class com.ibm.websphere.ras.TraceComponent@227ab78b
      strings[0] = "TraceComponent[com.ibm.ws.container.service.metadata.internal.J2EENameFactoryImpl,class com.ibm.ws.container.service.metadata.internal.J2EENameFactoryImpl,[Runtime],null,null]"
  context = class org.apache.felix.scr.impl.manager.ComponentContextImpl@5660f596
    m_componentManager = class org.apache.felix.scr.impl.manager.SingleComponentManager@37e007e6
      m_useCount = class java.util.concurrent.atomic.AtomicInteger@76df28b7
      m_componentContext = class org.apache.felix.scr.impl.manager.ComponentContextImpl@5660f596
      m_configurationProperties = class java.util.HashMap@3cd2297c
      m_factoryProperties = null
      m_properties = class java.util.HashMap@6c7219f
      m_serviceProperties = null
      REASONS = class java.lang.String[7]
      m_container = class org.apache.felix.scr.impl.ComponentRegistry$DefaultConfigurableComponentHolder@5c8ca224
      m_factoryInstance = false
      m_componentId = 241
      m_componentMethods = class org.apache.felix.scr.impl.inject.internal.ComponentMethodsImpl@71b8e900
      m_dependencyManagers = class java.util.ArrayList@4eccf571
      m_dependencyManagersInitialized = true
      m_trackingCount = class java.util.concurrent.atomic.AtomicInteger@5058d47a
      m_stateLock = class java.util.concurrent.locks.ReentrantLock@697cd1d7
      m_enabledLatchRef = class java.util.concurrent.atomic.AtomicReference@5f3ac511
      state = class java.util.concurrent.atomic.AtomicReference@76f4c4fa
      m_floor = 28
      m_ceiling = 28
      m_missingLock = class java.util.concurrent.locks.ReentrantLock@6019355a
      m_missingCondition = class java.util.concurrent.locks.AbstractQueuedSynchronizer$ConditionObject@6f64a2e7
      m_missing = class java.util.TreeSet@667fe057
      m_activationLock = class java.util.concurrent.locks.ReentrantReadWriteLock@367c3b76
      failureReason = null
      taskCounter = class java.util.concurrent.atomic.AtomicLong@1f666b06
      registrationManager = class org.apache.felix.scr.impl.manager.AbstractComponentManager$3@55df9197
    edgeInfos = class org.apache.felix.scr.impl.manager.EdgeInfo[27]
      EdgeInfo[0] = class org.apache.felix.scr.impl.manager.EdgeInfo@f786e69
      EdgeInfo[1] = class org.apache.felix.scr.impl.manager.EdgeInfo@48aead1c
      EdgeInfo[2] = class org.apache.felix.scr.impl.manager.EdgeInfo@306403e1
      EdgeInfo[3] = class org.apache.felix.scr.impl.manager.EdgeInfo@32cc7e84
      EdgeInfo[4] = class org.apache.felix.scr.impl.manager.EdgeInfo@7e0b4592
      EdgeInfo[5] = class org.apache.felix.scr.impl.manager.EdgeInfo@4370c102
      EdgeInfo[6] = class org.apache.felix.scr.impl.manager.EdgeInfo@531ba986
      EdgeInfo[7] = class org.apache.felix.scr.impl.manager.EdgeInfo@2f2d53f
      EdgeInfo[8] = class org.apache.felix.scr.impl.manager.EdgeInfo@26f12726
      EdgeInfo[9] = class org.apache.felix.scr.impl.manager.EdgeInfo@63cc8a2b
      EdgeInfo[10] = class org.apache.felix.scr.impl.manager.EdgeInfo@6d95484d
      EdgeInfo[11] = class org.apache.felix.scr.impl.manager.EdgeInfo@795a33ed
      EdgeInfo[12] = class org.apache.felix.scr.impl.manager.EdgeInfo@563df3f7
      EdgeInfo[13] = class org.apache.felix.scr.impl.manager.EdgeInfo@51a7b6c9
      EdgeInfo[14] = class org.apache.felix.scr.impl.manager.EdgeInfo@16b74b90
      EdgeInfo[15] = class org.apache.felix.scr.impl.manager.EdgeInfo@3e5ac7f0
      EdgeInfo[16] = class org.apache.felix.scr.impl.manager.EdgeInfo@7413987
      EdgeInfo[17] = class org.apache.felix.scr.impl.manager.EdgeInfo@6b3cd658
      EdgeInfo[18] = class org.apache.felix.scr.impl.manager.EdgeInfo@47fbfb64
      EdgeInfo[19] = class org.apache.felix.scr.impl.manager.EdgeInfo@2ff6d12c
      EdgeInfo[20] = class org.apache.felix.scr.impl.manager.EdgeInfo@21755854
      EdgeInfo[21] = class org.apache.felix.scr.impl.manager.EdgeInfo@2c76c434
      EdgeInfo[22] = class org.apache.felix.scr.impl.manager.EdgeInfo@34ce2a05
      EdgeInfo[23] = class org.apache.felix.scr.impl.manager.EdgeInfo@2d28e201
      EdgeInfo[24] = class org.apache.felix.scr.impl.manager.EdgeInfo@2614b808
      EdgeInfo[25] = class org.apache.felix.scr.impl.manager.EdgeInfo@3c598f9a
      EdgeInfo[26] = class org.apache.felix.scr.impl.manager.EdgeInfo@79821416
    m_componentInstance = class org.apache.felix.scr.impl.manager.ComponentContextImpl$ComponentInstanceImpl@12cc5d24
      m_componentContext = class org.apache.felix.scr.impl.manager.ComponentContextImpl@5660f596
    m_usingBundle = class org.eclipse.osgi.internal.framework.EquinoxBundle@2ee51560
      equinoxContainer = class org.eclipse.osgi.internal.framework.EquinoxContainer@746f7348
      module = class org.eclipse.osgi.internal.framework.EquinoxBundle$EquinoxModule@16bb433a
      monitor = class java.lang.Object@4ab7a30f
      context = class org.eclipse.osgi.internal.framework.BundleContextImpl@20320f1f
      signerInfos = null
      $SWITCH_TABLE$org$eclipse$osgi$container$Module$State = {1,2,3,4,5,6,7} /* array length = 7 */
    m_serviceRegistration = class org.eclipse.osgi.internal.serviceregistry.ServiceRegistrationImpl@70f4759a
      registry = class org.eclipse.osgi.internal.serviceregistry.ServiceRegistry@305c1791
      context = class org.eclipse.osgi.internal.framework.BundleContextImpl@20320f1f
      bundle = class org.eclipse.osgi.internal.framework.EquinoxBundle@2ee51560
      clazzes = class java.lang.String[2]
      service = class org.apache.felix.scr.impl.manager.SingleComponentManager@37e007e6
      reference = class org.eclipse.osgi.internal.serviceregistry.ServiceReferenceImpl@3d87b0b1
      contextsUsing = class java.util.ArrayList@7e9f3d41
      properties = class java.util.Collections$UnmodifiableMap@587ffcfe
      serviceid = 354
      serviceranking = 0
      registrationLock = class java.lang.Object@40fc9cca
      state = 0
      REGISTERED = 0
      UNREGISTERING = 1
      UNREGISTERED = 2
      FRAMEWORK_SET_SERVICE_PROPERTIES_COUNT = 4
      $assertionsDisabled = true
    m_implementationObject = class com.ibm.ws.webcontainer.osgi.WebContainer@dd75f83
    m_implementationAccessible = true
    accessibleLatch = class java.util.concurrent.CountDownLatch@460198c8
      sync = class java.util.concurrent.CountDownLatch$Sync@77542046
    serviceObjectsHelper = class org.apache.felix.scr.impl.helper.ComponentServiceObjectsHelper@71e968d9
      bundleContext = class org.eclipse.osgi.internal.framework.BundleContextImpl@20320f1f
      services = class java.util.concurrent.ConcurrentHashMap@2754fff7
      closedServices = class java.util.ArrayList@6fcfed
      prototypeInstances = class java.util.concurrent.ConcurrentHashMap@288690fa
    boundValues = null
  contextRoots = class java.util.Collections$SynchronizedSet@55233bde
    serialVersionUID = 487447009682186044
    serialVersionUID = 3053995032091335093
    c = class java.util.HashSet@60a702f
      serialVersionUID = -5024744406713321676
      map = class java.util.HashMap@1c92bb65
      PRESENT = class java.lang.Object@64908cf3
      MAX_ARRAY_SIZE = 2147483639
    mutex = class java.util.Collections$SynchronizedSet@55233bde
  pendingContextRoots = class java.util.HashMap@61120b8f
    serialVersionUID = 362498820763181265
    DEFAULT_INITIAL_CAPACITY = 16
    MAXIMUM_CAPACITY = 1073741824
    DEFAULT_LOAD_FACTOR = 0.75
    TREEIFY_THRESHOLD = 8
    UNTREEIFY_THRESHOLD = 6
    MIN_TREEIFY_CAPACITY = 64
    table = null
    entrySet = null
    size = 0
    modCount = 0
    threshold = 0
    loadFactor = 0.75
    keySet = null
    values = null
  deployedModuleMap = class java.util.concurrent.ConcurrentHashMap@1d7a6536
    serialVersionUID = 7249069246763182397
    MAXIMUM_CAPACITY = 1073741824
    DEFAULT_CAPACITY = 16
    MAX_ARRAY_SIZE = 2147483639
    DEFAULT_CONCURRENCY_LEVEL = 16
    LOAD_FACTOR = 0.75
    TREEIFY_THRESHOLD = 8
    UNTREEIFY_THRESHOLD = 6
    MIN_TREEIFY_CAPACITY = 64
    MIN_TRANSFER_STRIDE = 16
    RESIZE_STAMP_BITS = 16
    MAX_RESIZERS = 65535
    RESIZE_STAMP_SHIFT = 16
    MOVED = -1
    TREEBIN = -2
    RESERVED = -3
    HASH_BITS = 2147483647
    NCPU = 12
    serialPersistentFields = class java.io.ObjectStreamField[3]
      ObjectStreamField[0] = class java.io.ObjectStreamField@24e9b24
      ObjectStreamField[1] = class java.io.ObjectStreamField@368c8b25
      ObjectStreamField[2] = class java.io.ObjectStreamField@37af7d5e
    table = class java.util.concurrent.ConcurrentHashMap$Node[16]
      Node[0] = null
      Node[1] = null
      Node[2] = null
      Node[3] = null
      Node[4] = null
      Node[5] = null
      Node[6] = null
      Node[7] = null
      Node[8] = null
      Node[9] = null
      Node[10] = null
      Node[11] = null
      Node[12] = null
      Node[13] = null
      Node[14] = null
      Node[15] = null
    nextTable = null
    baseCount = 0
    sizeCtl = 12
    transferIndex = 0
    cellsBusy = 0
    counterCells = null
    keySet = null
    values = null
    entrySet = null
    U = class sun.misc.Unsafe@5a25fa00
    SIZECTL = 20
    TRANSFERINDEX = 32
    BASECOUNT = 24
    CELLSBUSY = 36
    CELLVALUE = 144
    ABASE = 16
    ASHIFT = 2
    keySet = null
    values = null
  connContextPool = class com.ibm.ws.webcontainer40.osgi.srt.factory.SRTConnectionContextPool40Impl@4c67ef4a
    head = class java.lang.ThreadLocal@29326519
      threadLocalHashCode = -973888418
      nextHashCode = class java.util.concurrent.atomic.AtomicInteger@578ad922
      HASH_INCREMENT = 1640531527
    serialVersionUID = 1328956725011480048
    $$$tc$$$ = class com.ibm.websphere.ras.TraceComponent@3ee13ca6
      strings[0] = "TraceComponent[com.ibm.ws.webcontainer40.osgi.srt.factory.SRTConnectionContextPool40Impl,class com.ibm.ws.webcontainer40.osgi.srt.factory.SRTConnectionContextPool40Impl,[],null,null]"
  DEFAULT_PORT = "*"
  DEFAULT_VHOST_NAME = "default_host"
  cachedServerInfo = "IBM WebSphere Liberty/21.0.0.3"
  lock = class com.ibm.ws.webcontainer.osgi.WebContainer$1@56c0d3
    this$0 = class com.ibm.ws.webcontainer.osgi.WebContainer@dd75f83
  webAppFactory = class com.ibm.ws.webcontainer40.osgi.webapp.factory.WebAppFactory40Impl@71e9fd25
    serialVersionUID = 8172918271897210367
    $$$tc$$$ = class com.ibm.websphere.ras.TraceComponent@d8eb762
      strings[0] = "TraceComponent[com.ibm.ws.webcontainer40.osgi.webapp.factory.WebAppFactory40Impl,class com.ibm.ws.webcontainer40.osgi.webapp.factory.WebAppFactory40Impl,[],null,null]"
  requestFactory = class com.ibm.ws.webcontainer40.osgi.response.factory.IRequestResponseFactory40Impl@3f7465fb
    serialVersionUID = 3336627925143380461
    $$$tc$$$ = class com.ibm.websphere.ras.TraceComponent@6fc5f97e
      strings[0] = "TraceComponent[com.ibm.ws.webcontainer40.osgi.response.factory.IRequestResponseFactory40Impl,class com.ibm.ws.webcontainer40.osgi.response.factory.IRequestResponseFactory40Impl,[],null,null]"
  responseFactory = class com.ibm.ws.webcontainer40.osgi.response.factory.IRequestResponseFactory40Impl@3f7465fb
  asyncContextFactory = class com.ibm.ws.webcontainer40.async.factory.AsyncContextFactory40Impl@4c9ac0e0
    serialVersionUID = 2251738312435757516
    $$$tc$$$ = class com.ibm.websphere.ras.TraceComponent@19224851
      strings[0] = "TraceComponent[com.ibm.ws.webcontainer40.async.factory.AsyncContextFactory40Impl,class com.ibm.ws.webcontainer40.async.factory.AsyncContextFactory40Impl,[],null,null]"
  DEFAULT_MAX_VERSION = 30
  versionRef = class org.eclipse.osgi.internal.serviceregistry.ServiceReferenceImpl@7a7cd1f8
    registration = class org.eclipse.osgi.internal.serviceregistry.ServiceRegistrationImpl@14e570b0
      registry = class org.eclipse.osgi.internal.serviceregistry.ServiceRegistry@305c1791
      context = class org.eclipse.osgi.internal.framework.BundleContextImpl@3bbd71c
      bundle = class org.eclipse.osgi.internal.framework.EquinoxBundle@205fd822
      clazzes = class java.lang.String[1]
      service = class org.apache.felix.scr.impl.manager.SingleComponentManager@4e066499
      reference = class org.eclipse.osgi.internal.serviceregistry.ServiceReferenceImpl@7a7cd1f8
      contextsUsing = class java.util.ArrayList@67b62dd5
      properties = class java.util.Collections$UnmodifiableMap@55be3da1
      serviceid = 329
      serviceranking = 0
      registrationLock = class java.lang.Object@5702535b
      state = 0
      REGISTERED = 0
      UNREGISTERING = 1
      UNREGISTERED = 2
      FRAMEWORK_SET_SERVICE_PROPERTIES_COUNT = 4
      $assertionsDisabled = true
  serverStopping = false
  modulesStarting = class java.util.concurrent.atomic.AtomicInteger@44c20b47
    serialVersionUID = 6214790243416807050
    unsafe = class sun.misc.Unsafe@5a25fa00
      theUnsafe = class sun.misc.Unsafe@5a25fa00
      INVALID_FIELD_OFFSET = -1
      ARRAY_BOOLEAN_BASE_OFFSET = 16
      ARRAY_BYTE_BASE_OFFSET = 16
      ARRAY_SHORT_BASE_OFFSET = 16
      ARRAY_CHAR_BASE_OFFSET = 16
      ARRAY_INT_BASE_OFFSET = 16
      ARRAY_LONG_BASE_OFFSET = 16
      ARRAY_FLOAT_BASE_OFFSET = 16
      ARRAY_DOUBLE_BASE_OFFSET = 16
      ARRAY_OBJECT_BASE_OFFSET = 16
      ARRAY_BOOLEAN_INDEX_SCALE = 1
      ARRAY_BYTE_INDEX_SCALE = 1
      ARRAY_SHORT_INDEX_SCALE = 2
      ARRAY_CHAR_INDEX_SCALE = 2
      ARRAY_INT_INDEX_SCALE = 4
      ARRAY_LONG_INDEX_SCALE = 8
      ARRAY_FLOAT_INDEX_SCALE = 4
      ARRAY_DOUBLE_INDEX_SCALE = 8
      ARRAY_OBJECT_INDEX_SCALE = 4
      ADDRESS_SIZE = 8
    valueOffset = 12
    value = 0
    serialVersionUID = -8742448824652078965
  uriMatcherFactory = class com.ibm.wsspi.webcontainer40.util.factory.URIMatcherFactory40Impl@5805f599
    serialVersionUID = 4507504838389585711
    $$$tc$$$ = class com.ibm.websphere.ras.TraceComponent@7baf6fac
      strings[0] = "TraceComponent[com.ibm.wsspi.webcontainer40.util.factory.URIMatcherFactory40Impl,class com.ibm.wsspi.webcontainer40.util.factory.URIMatcherFactory40Impl,[],null,null]"
  SPEC_LEVEL_UNLOADED = -1
  SPEC_LEVEL_30 = 30
  SPEC_LEVEL_31 = 31
  SPEC_LEVEL_40 = 40
  SPEC_LEVEL_50 = 50
  DEFAULT_SPEC_LEVEL = 30
  loadedContainerSpecLevel = 40
  ISO = "ISO-8859-1"
  encoding = "UTF-8"
  decode = true
  wcconfig = class com.ibm.ws.webcontainer.osgi.WebContainerConfiguration@5eed4900
    properties = class org.apache.felix.scr.impl.helper.ReadOnlyDictionary@48bbec54
      m_delegate = class java.util.Hashtable@7d53544b
      m_serviceReference = null
    CFG_KEY_ENFORCE_SEC = "enforce.security"
    logger = class com.ibm.ws.logging.internal.WsLogger@68deddb5
    CLASS_NAME = "com.ibm.ws.webcontainer.WebContainerConfiguration"
    _localeProps = null
    _jvmProps = null
    enableServletCaching = false
    defaultVirtualHostName = "default_host"
    ardEnabled = false
    ardIncludeTimeout = 0
    poolingDisabled = false
    maximumExpiredEntries = 0
    maximumResponseStoreSize = 0
    useAsyncRunnableWorkManager = false
    asyncRunnableWorkManagerName = null
    numAsyncTimerThreads = 2
    defaultAsyncServletTimeout = 30000
  applicationListeners = class java.util.ArrayList@aa1f9a9
    serialVersionUID = 8683452581122892189
    DEFAULT_CAPACITY = 10
    EMPTY_ELEMENTDATA = class java.lang.Object[0]
    DEFAULTCAPACITY_EMPTY_ELEMENTDATA = class java.lang.Object[0]
    elementData = class java.lang.Object[0]
    size = 0
    MAX_ARRAY_SIZE = 2147483639
    modCount = 0
    MAX_ARRAY_SIZE = 2147483639
  servletListeners = class java.util.ArrayList@7d7f6c59
    serialVersionUID = 8683452581122892189
    DEFAULT_CAPACITY = 10
    EMPTY_ELEMENTDATA = class java.lang.Object[0]
    DEFAULTCAPACITY_EMPTY_ELEMENTDATA = class java.lang.Object[0]
    elementData = class java.lang.Object[0]
    size = 0
    MAX_ARRAY_SIZE = 2147483639
    modCount = 0
    MAX_ARRAY_SIZE = 2147483639
  servletErrorListeners = class java.util.ArrayList@2ab79724
    serialVersionUID = 8683452581122892189
    DEFAULT_CAPACITY = 10
    EMPTY_ELEMENTDATA = class java.lang.Object[0]
    DEFAULTCAPACITY_EMPTY_ELEMENTDATA = class java.lang.Object[0]
    elementData = class java.lang.Object[0]
    size = 0
    MAX_ARRAY_SIZE = 2147483639
    modCount = 0
    MAX_ARRAY_SIZE = 2147483639
  servletInvocationListeners = class java.util.ArrayList@1ea67e3b
    serialVersionUID = 8683452581122892189
    DEFAULT_CAPACITY = 10
    EMPTY_ELEMENTDATA = class java.lang.Object[0]
    DEFAULTCAPACITY_EMPTY_ELEMENTDATA = class java.lang.Object[0]
    elementData = class java.lang.Object[0]
    size = 0
    MAX_ARRAY_SIZE = 2147483639
    modCount = 0
    MAX_ARRAY_SIZE = 2147483639
  filterInvocationListeners = class java.util.ArrayList@1bcfb0f7
    serialVersionUID = 8683452581122892189
    DEFAULT_CAPACITY = 10
    EMPTY_ELEMENTDATA = class java.lang.Object[0]
    DEFAULTCAPACITY_EMPTY_ELEMENTDATA = class java.lang.Object[0]
    elementData = class java.lang.Object[0]
    size = 0
    MAX_ARRAY_SIZE = 2147483639
    modCount = 0
    MAX_ARRAY_SIZE = 2147483639
  filterErrorListeners = class java.util.ArrayList@1d541a73
    serialVersionUID = 8683452581122892189
    DEFAULT_CAPACITY = 10
    EMPTY_ELEMENTDATA = class java.lang.Object[0]
    DEFAULTCAPACITY_EMPTY_ELEMENTDATA = class java.lang.Object[0]
    elementData = class java.lang.Object[0]
    size = 0
    MAX_ARRAY_SIZE = 2147483639
    modCount = 0
    MAX_ARRAY_SIZE = 2147483639
  filterListeners = class java.util.ArrayList@bcca04a
    serialVersionUID = 8683452581122892189
    DEFAULT_CAPACITY = 10
    EMPTY_ELEMENTDATA = class java.lang.Object[0]
    DEFAULTCAPACITY_EMPTY_ELEMENTDATA = class java.lang.Object[0]
    elementData = class java.lang.Object[0]
    size = 0
    MAX_ARRAY_SIZE = 2147483639
    modCount = 0
    MAX_ARRAY_SIZE = 2147483639
  servletRequestListeners = class java.util.ArrayList@263640ae
    serialVersionUID = 8683452581122892189
    DEFAULT_CAPACITY = 10
    EMPTY_ELEMENTDATA = class java.lang.Object[0]
    DEFAULTCAPACITY_EMPTY_ELEMENTDATA = class java.lang.Object[0]
    elementData = class java.lang.Object[0]
    size = 0
    MAX_ARRAY_SIZE = 2147483639
    modCount = 0
    MAX_ARRAY_SIZE = 2147483639
  servletRequestAttributeListeners = class java.util.ArrayList@40980497
    serialVersionUID = 8683452581122892189
    DEFAULT_CAPACITY = 10
    EMPTY_ELEMENTDATA = class java.lang.Object[0]
    DEFAULTCAPACITY_EMPTY_ELEMENTDATA = class java.lang.Object[0]
    elementData = class java.lang.Object[0]
    size = 0
    MAX_ARRAY_SIZE = 2147483639
    modCount = 0
    MAX_ARRAY_SIZE = 2147483639
  servletContextListeners = class java.util.ArrayList@7da21975
    serialVersionUID = 8683452581122892189
    DEFAULT_CAPACITY = 10
    EMPTY_ELEMENTDATA = class java.lang.Object[0]
    DEFAULTCAPACITY_EMPTY_ELEMENTDATA = class java.lang.Object[0]
    elementData = class java.lang.Object[0]
    size = 0
    MAX_ARRAY_SIZE = 2147483639
    modCount = 0
    MAX_ARRAY_SIZE = 2147483639
  servletContextAttributeListeners = class java.util.ArrayList@1382287b
    serialVersionUID = 8683452581122892189
    DEFAULT_CAPACITY = 10
    EMPTY_ELEMENTDATA = class java.lang.Object[0]
    DEFAULTCAPACITY_EMPTY_ELEMENTDATA = class java.lang.Object[0]
    elementData = class java.lang.Object[0]
    size = 0
    MAX_ARRAY_SIZE = 2147483639
    modCount = 0
    MAX_ARRAY_SIZE = 2147483639
  sessionListeners = class java.util.ArrayList@7253995
    serialVersionUID = 8683452581122892189
    DEFAULT_CAPACITY = 10
    EMPTY_ELEMENTDATA = class java.lang.Object[0]
    DEFAULTCAPACITY_EMPTY_ELEMENTDATA = class java.lang.Object[0]
    elementData = class java.lang.Object[0]
    size = 0
    MAX_ARRAY_SIZE = 2147483639
    modCount = 0
    MAX_ARRAY_SIZE = 2147483639
  sessionIdListeners = class java.util.ArrayList@799395a
    serialVersionUID = 8683452581122892189
    DEFAULT_CAPACITY = 10
    EMPTY_ELEMENTDATA = class java.lang.Object[0]
    DEFAULTCAPACITY_EMPTY_ELEMENTDATA = class java.lang.Object[0]
    elementData = class java.lang.Object[0]
    size = 0
    MAX_ARRAY_SIZE = 2147483639
    modCount = 0
    MAX_ARRAY_SIZE = 2147483639
  sessionAttributeListeners = class java.util.ArrayList@6a9de16d
    serialVersionUID = 8683452581122892189
    DEFAULT_CAPACITY = 10
    EMPTY_ELEMENTDATA = class java.lang.Object[0]
    DEFAULTCAPACITY_EMPTY_ELEMENTDATA = class java.lang.Object[0]
    elementData = class java.lang.Object[0]
    size = 0
    MAX_ARRAY_SIZE = 2147483639
    modCount = 0
    MAX_ARRAY_SIZE = 2147483639
  DEFAULT_HOST = "default_host"
  _initialized = true
  logger = class com.ibm.ws.logging.internal.WsLogger@68deddb5
    ivCachedResourceBundleName = "com.ibm.ws.webcontainer.resources.Messages"
    ivCachedResourceBundle = class com.ibm.ws.webcontainer.resources.Messages@77a20e28
      resources = class [Ljava.lang.Object;[338]
      lookup = class java.util.HashMap@54c859c9
      INITIAL_CACHE_SIZE = 32
      NONEXISTENT_BUNDLE = class java.util.ResourceBundle$1@43b39e2f
      cacheList = class java.util.concurrent.ConcurrentHashMap@699720ba
      referenceQueue = class java.lang.ref.ReferenceQueue@7734fd5b
      parent = null
      locale = class java.util.Locale@6bca0b20
      name = "com.ibm.ws.webcontainer.resources.Messages"
      expired = false
      cacheKey = class java.util.ResourceBundle$CacheKey@61a4e465
      keySet = null
      providers = null
      $assertionsDisabled = true
    ivComponent = null
    ivOrganization = null
    ivProduct = null
    ivMinimumLocalizationLevelIntValue = 625
    ivTC = class com.ibm.websphere.ras.TraceComponent@599cfcd
      strings[0] = "TraceComponent[com.ibm.ws.webcontainer,class com.ibm.wsspi.webcontainer.logging.LoggerFactory$1,[com.ibm.ws.webcontainer],null,null]"
    loggerRegistrationComponent = class java.lang.ThreadLocal@63928cce
      threadLocalHashCode = 661548054
      nextHashCode = class java.util.concurrent.atomic.AtomicInteger@578ad922
      HASH_INCREMENT = 1640531527
    emptyHandlers = class java.util.logging.Handler[0]
    offValue = 2147483647
    SYSTEM_LOGGER_RB_NAME = "sun.util.logging.resources.logging"
    SYSTEM_BUNDLE = class java.util.logging.Logger$LoggerBundle@fb7729e
      resourceBundleName = "sun.util.logging.resources.logging"
      userBundle = null
    NO_RESOURCE_BUNDLE = class java.util.logging.Logger$LoggerBundle@23cfd61d
      resourceBundleName = null
      userBundle = null
    manager = class com.ibm.ws.kernel.boot.logging.WsLogManager@447b4f02
      CONFIGURE_BY_SERVER_PROPERTY_NAME = "java.util.logging.configureByServer"
      CONFIGURE_BY_LOGGING_PROPERTIES_FILE = "java.util.logging.configureByLoggingPropertiesFile"
      configureByServer = true
      configureByLoggingProperties = false
      wsLogger = class java.lang.reflect.Constructor@512987e8
      resetEnabled = true
      svBinaryLoggingEnable = false
      manager = class com.ibm.ws.kernel.boot.logging.WsLogManager@447b4f02
      props = class java.util.Properties@2ab025b3
      defaultLevel = class java.util.logging.Level@7a47c661
      listenerMap = class java.util.HashMap@3952c51
      systemContext = class java.util.logging.LogManager$SystemLoggerContext@55220f46
      userContext = class java.util.logging.LogManager$LoggerContext@48a9d4cd
      rootLogger = class java.util.logging.LogManager$RootLogger@631fedd6
      readPrimordialConfiguration = true
      initializedGlobalHandlers = true
      deathImminent = false
      initializedCalled = true
      initializationDone = true
      contextsMap = null
      loggerRefQueue = class java.lang.ref.ReferenceQueue@4942a240
      MAX_ITERATIONS = 400
      controlPermission = class java.util.logging.LoggingPermission@c5fcc11
      loggingMXBean = null
      LOGGING_MXBEAN_NAME = "java.util.logging:type=Logging"
      $assertionsDisabled = true
    name = "com.ibm.ws.webcontainer"
    handlers = class java.util.concurrent.CopyOnWriteArrayList@33784fbf
      serialVersionUID = 8673264195747942595
      lock = class java.util.concurrent.locks.ReentrantLock@7aee4d88
      array = class java.lang.Object[0]
      UNSAFE = class sun.misc.Unsafe@5a25fa00
      lockOffset = 12
    loggerBundle = class java.util.logging.Logger$LoggerBundle@76ff8cc
      resourceBundleName = "com.ibm.ws.webcontainer.resources.Messages"
      userBundle = null
    useParentHandlers = true
    filter = null
    anonymous = false
    catalog = class com.ibm.ws.webcontainer.resources.Messages@77a20e28
    catalogName = "com.ibm.ws.webcontainer.resources.Messages"
    catalogLocale = class java.util.Locale@5a4da902
      LOCALECACHE = class java.util.Locale$Cache@47d46c45
      ENGLISH = class java.util.Locale@26e61bb4
      FRENCH = class java.util.Locale@167fff79
      GERMAN = class java.util.Locale@3131f857
      ITALIAN = class java.util.Locale@55e31c70
      JAPANESE = class java.util.Locale@43ce86c3
      KOREAN = class java.util.Locale@2aa32df4
      CHINESE = class java.util.Locale@146e9bb7
      SIMPLIFIED_CHINESE = class java.util.Locale@59a305d6
      TRADITIONAL_CHINESE = class java.util.Locale@6eec78bf
      FRANCE = class java.util.Locale@5d13341b
      GERMANY = class java.util.Locale@3dc0af2d
      ITALY = class java.util.Locale@7c8c90f6
      JAPAN = class java.util.Locale@71a82658
      KOREA = class java.util.Locale@35df679a
      CHINA = class java.util.Locale@59a305d6
      PRC = class java.util.Locale@59a305d6
      TAIWAN = class java.util.Locale@6eec78bf
      UK = class java.util.Locale@d5e1fcb
      US = class java.util.Locale@15cd35b6
      CANADA = class java.util.Locale@5a4da902
      CANADA_FRENCH = class java.util.Locale@25e75bb1
      ROOT = class java.util.Locale@6bca0b20
      PRIVATE_USE_EXTENSION = x
      UNICODE_LOCALE_EXTENSION = u
      serialVersionUID = 9149081749638150636
      DISPLAY_LANGUAGE = 0
      DISPLAY_COUNTRY = 1
      DISPLAY_VARIANT = 2
      DISPLAY_SCRIPT = 3
      baseLocale = class sun.util.locale.BaseLocale@1697f1d5
      localeExtensions = null
      hashCodeValue = 96619033
      defaultLocale = class java.util.Locale@5a4da902
      defaultDisplayLocale = null
      defaultFormatLocale = class java.util.Locale@5a4da902
      languageTag = "en-CA"
      serialPersistentFields = class java.io.ObjectStreamField[6]
      isoLanguages = null
      isoCountries = null
      $assertionsDisabled = true
    treeLock = class java.lang.Object@44d0ee16
    parent = class java.util.logging.Logger@35a45484
      emptyHandlers = class java.util.logging.Handler[0]
      offValue = 2147483647
      SYSTEM_LOGGER_RB_NAME = "sun.util.logging.resources.logging"
      SYSTEM_BUNDLE = class java.util.logging.Logger$LoggerBundle@fb7729e
      NO_RESOURCE_BUNDLE = class java.util.logging.Logger$LoggerBundle@23cfd61d
      manager = class com.ibm.ws.kernel.boot.logging.WsLogManager@447b4f02
      name = ""
      handlers = class java.util.concurrent.CopyOnWriteArrayList@1350c9cd
      loggerBundle = class java.util.logging.Logger$LoggerBundle@23cfd61d
      useParentHandlers = true
      filter = null
      anonymous = false
      catalog = null
      catalogName = null
      catalogLocale = null
      treeLock = class java.lang.Object@44d0ee16
      parent = null
      kids = class java.util.ArrayList@1007f757
      levelObject = null
      levelValue = 800
      callersClassLoaderRef = null
      isSystemLogger = false
      GLOBAL_LOGGER_NAME = "global"
      global = class java.util.logging.Logger@2e3354b5
      $assertionsDisabled = true
    kids = class java.util.ArrayList@4df56364
      serialVersionUID = 8683452581122892189
      DEFAULT_CAPACITY = 10
      EMPTY_ELEMENTDATA = class java.lang.Object[0]
      DEFAULTCAPACITY_EMPTY_ELEMENTDATA = class java.lang.Object[0]
      elementData = class java.lang.Object[9]
      size = 8
      MAX_ARRAY_SIZE = 2147483639
      modCount = 8
      MAX_ARRAY_SIZE = 2147483639
    levelObject = class java.util.logging.Level@7a47c661
      defaultBundle = "sun.util.logging.resources.logging"
      name = "INFO"
      value = 800
      resourceBundleName = "sun.util.logging.resources.logging"
      localizedLevelName = "INFO"
      cachedLocale = class java.util.Locale@5a4da902
      OFF = class java.util.logging.Level@33005aef
      SEVERE = class java.util.logging.Level@47dafd02
      WARNING = class java.util.logging.Level@6ab1006
      INFO = class java.util.logging.Level@7a47c661
      CONFIG = class java.util.logging.Level@febda25
      FINE = class java.util.logging.Level@3e8d3e15
      FINER = class java.util.logging.Level@2eafe62b
      FINEST = class java.util.logging.Level@705ae8d8
      ALL = class java.util.logging.Level@21b13e04
      serialVersionUID = -8176160795706313070
    levelValue = 800
    callersClassLoaderRef = class java.lang.ref.WeakReference@39243761
      referent = class org.eclipse.osgi.internal.loader.EquinoxClassLoader@5eff62be
      queue = class java.lang.ref.ReferenceQueue$Null@11d9b90
      next = null
      discovered = null
      lock = class java.lang.ref.Reference$Lock@7d37db75
      pending = null
    isSystemLogger = false
    GLOBAL_LOGGER_NAME = "global"
    global = class java.util.logging.Logger@2e3354b5
      emptyHandlers = class java.util.logging.Handler[0]
      offValue = 2147483647
      SYSTEM_LOGGER_RB_NAME = "sun.util.logging.resources.logging"
      SYSTEM_BUNDLE = class java.util.logging.Logger$LoggerBundle@fb7729e
      NO_RESOURCE_BUNDLE = class java.util.logging.Logger$LoggerBundle@23cfd61d
      manager = class com.ibm.ws.kernel.boot.logging.WsLogManager@447b4f02
      name = "global"
      handlers = class java.util.concurrent.CopyOnWriteArrayList@387ac10c
      loggerBundle = class java.util.logging.Logger$LoggerBundle@23cfd61d
      useParentHandlers = true
      filter = null
      anonymous = false
      catalog = null
      catalogName = null
      catalogLocale = null
      treeLock = class java.lang.Object@44d0ee16
      parent = class java.util.logging.Logger@35a45484
      kids = null
      levelObject = null
      levelValue = 800
      callersClassLoaderRef = null
      isSystemLogger = true
      GLOBAL_LOGGER_NAME = "global"
      global = class java.util.logging.Logger@2e3354b5
      $assertionsDisabled = true
    $assertionsDisabled = true
  CLASS_NAME = "com.ibm.ws.webcontainer.internal.WebContainer"
  nls = class com.ibm.ejs.ras.TraceNLS@4619b8aa
    resolver = class com.ibm.ws.logging.internal.TraceNLSResolver@3e7d231a
      tc = class com.ibm.websphere.ras.TraceComponent@3aeaafa6
      DEBUG_TRACE_NLS_PROPERTY = "com.ibm.ejs.ras.debugTraceNLSResolver"
      debugTraceNLSResolver = false
      makeNoise = false
      nullKey = "null"
      svNullBundleName = "Resource Bundle name is null, key = {0}"
      svBundleNotLoaded = "Unable to load ResourceBundle {0}"
      svNullKeyMessage = "Null key passed while using ResourceBundle {0}"
      svMalformedMessage = "No message text associated with key {0} in bundle {1}"
    finder = null
    ivBundleName = "com.ibm.ws.webcontainer.resources.Messages"
    caller = class java.lang.Class@5ec97b61
      ANNOTATION = 8192
      ENUM = 16384
      SYNTHETIC = 4096
      cachedConstructor = null
      newInstanceCallerCache = null
      name = null
      allPermDomain = class java.security.ProtectionDomain@66b19287
      useCaches = true
      reflectionData = class java.lang.ref.SoftReference@783483d3
      classRedefinedCount = 0
      genericInfo = null
      serialVersionUID = 3206093459760846163
      serialPersistentFields = class java.io.ObjectStreamField[0]
      reflectionFactory = class sun.reflect.ReflectionFactory@77172544
      initted = true
      enumConstants = null
      enumConstantDirectory = null
      annotationData = class java.lang.Class$AnnotationData@c1d5dd1
      annotationType = null
      classValueMap = null
  self = class java.util.concurrent.atomic.AtomicReference@8841ada
    serialVersionUID = -1848883965231344442
    unsafe = class sun.misc.Unsafe@5a25fa00
    valueOffset = 12
    value = class com.ibm.ws.webcontainer.osgi.WebContainer@dd75f83
  selfInit = class java.util.concurrent.CountDownLatch@d97042e
    sync = class java.util.concurrent.CountDownLatch$Sync@7f564905
      serialVersionUID = 4982264981922014374
      serialVersionUID = 7373984972572414691
      head = null
      tail = null
      state = 0
      spinForTimeoutThreshold = 1000
      unsafe = class sun.misc.Unsafe@5a25fa00
      stateOffset = 16
      headOffset = 20
      tailOffset = 24
      waitStatusOffset = 12
      nextOffset = 20
      serialVersionUID = 3737899427754241961
      exclusiveOwnerThread = null
  _cipherToBit = class java.util.HashMap@13ba535c
    serialVersionUID = 362498820763181265
    DEFAULT_INITIAL_CAPACITY = 16
    MAXIMUM_CAPACITY = 1073741824
    DEFAULT_LOAD_FACTOR = 0.75
    TREEIFY_THRESHOLD = 8
    UNTREEIFY_THRESHOLD = 6
    MIN_TREEIFY_CAPACITY = 64
    table = null
    entrySet = null
    size = 0
    modCount = 0
    threshold = 0
    loadFactor = 0.75
    keySet = null
    values = null
  cacheKeyStringBuilder = class com.ibm.ws.util.WSThreadLocal@186d7569
    tc = class com.ibm.ejs.ras.TraceComponent@781fd694
      strings[0] = "TraceComponent[com.ibm.ws.util.WSThreadLocal,class com.ibm.ws.util.WSThreadLocal,[Runtime],com.ibm.ws.runtime.runtime,null]"
    count = 8
    index = 1
    SUSPECTED_MISUSAGE_THRESHOLD = 200
    threadLocalHashCode = -1987792660
    nextHashCode = class java.util.concurrent.atomic.AtomicInteger@578ad922
      serialVersionUID = 6214790243416807050
      unsafe = class sun.misc.Unsafe@5a25fa00
      valueOffset = 12
      value = 989173583
      serialVersionUID = -8742448824652078965
    HASH_INCREMENT = 1640531527
  listenersInitialized = true
  webConProperties = class java.util.Properties@3017fe74
    serialVersionUID = 4112578634029874840
    defaults = null
    hexDigit = {0123456789ABCDEF} /* array length = 16 */
    table = class java.util.Hashtable$Entry[95]
      Entry[0] = class java.util.Hashtable$Entry@60d8f11
      Entry[1] = class java.util.Hashtable$Entry@72379eef
      Entry[2] = null
      Entry[3] = class java.util.Hashtable$Entry@2e58dcef
      Entry[4] = class java.util.Hashtable$Entry@508ca6e6
      Entry[5] = class java.util.Hashtable$Entry@3a13dee1
      Entry[6] = class java.util.Hashtable$Entry@749defaa
      Entry[7] = null
      Entry[8] = class java.util.Hashtable$Entry@1c4aea72
      Entry[9] = class java.util.Hashtable$Entry@29c4d48b
      Entry[10] = class java.util.Hashtable$Entry@d04f384
      Entry[11] = class java.util.Hashtable$Entry@16ffbd31
      Entry[12] = class java.util.Hashtable$Entry@5d2dcce6
      Entry[13] = null
      Entry[14] = class java.util.Hashtable$Entry@52c22b44
      Entry[15] = class java.util.Hashtable$Entry@78f07a4b
      Entry[16] = null
      Entry[17] = null
      Entry[18] = null
      Entry[19] = class java.util.Hashtable$Entry@138d5651
      Entry[20] = class java.util.Hashtable$Entry@20f4e23a
      Entry[21] = null
      Entry[22] = class java.util.Hashtable$Entry@63af756b
      Entry[23] = class java.util.Hashtable$Entry@18766977
      Entry[24] = null
      Entry[25] = null
      Entry[26] = class java.util.Hashtable$Entry@61308bf6
      Entry[27] = class java.util.Hashtable$Entry@665250d8
      Entry[28] = class java.util.Hashtable$Entry@7ece6554
      Entry[29] = class java.util.Hashtable$Entry@5558862b
      Entry[30] = null
      Entry[31] = null
      Entry[32] = null
      Entry[33] = null
      Entry[34] = class java.util.Hashtable$Entry@30d2c84d
      Entry[35] = null
      Entry[36] = class java.util.Hashtable$Entry@44728a1f
      Entry[37] = null
      Entry[38] = null
      Entry[39] = null
      Entry[40] = null
      Entry[41] = null
      Entry[42] = null
      Entry[43] = class java.util.Hashtable$Entry@499ba300
      Entry[44] = class java.util.Hashtable$Entry@58e31dc6
      Entry[45] = class java.util.Hashtable$Entry@7ed52637
      Entry[46] = null
      Entry[47] = class java.util.Hashtable$Entry@2e276980
      Entry[48] = null
      Entry[49] = class java.util.Hashtable$Entry@3a304ce7
      Entry[50] = null
      Entry[51] = class java.util.Hashtable$Entry@7a7d7b4a
      Entry[52] = class java.util.Hashtable$Entry@2dce1eac
      Entry[53] = class java.util.Hashtable$Entry@38b009fc
      Entry[54] = class java.util.Hashtable$Entry@df3d79
      Entry[55] = null
      Entry[56] = null
      Entry[57] = null
      Entry[58] = null
      Entry[59] = null
      Entry[60] = null
      Entry[61] = null
      Entry[62] = null
      Entry[63] = null
      Entry[64] = class java.util.Hashtable$Entry@1169a103
      Entry[65] = class java.util.Hashtable$Entry@4c8ff6fc
      Entry[66] = null
      Entry[67] = null
      Entry[68] = class java.util.Hashtable$Entry@7448e978
      Entry[69] = null
      Entry[70] = class java.util.Hashtable$Entry@d05267d
      Entry[71] = null
      Entry[72] = null
      Entry[73] = class java.util.Hashtable$Entry@51b8ff67
      Entry[74] = null
      Entry[75] = null
      Entry[76] = class java.util.Hashtable$Entry@62b3cbba
      Entry[77] = null
      Entry[78] = class java.util.Hashtable$Entry@5183fdbd
      Entry[79] = null
      Entry[80] = class java.util.Hashtable$Entry@75911f3e
      Entry[81] = null
      Entry[82] = null
      Entry[83] = null
      Entry[84] = null
      Entry[85] = class java.util.Hashtable$Entry@63c4852c
      Entry[86] = null
      Entry[87] = null
      Entry[88] = class java.util.Hashtable$Entry@1f566cf5
      Entry[89] = class java.util.Hashtable$Entry@51f604b7
      Entry[90] = null
      Entry[91] = null
      Entry[92] = class java.util.Hashtable$Entry@2ce38958
      Entry[93] = class java.util.Hashtable$Entry@6bc9840d
      Entry[94] = null
    count = 59
    threshold = 71
    loadFactor = 0.75
    modCount = 62
    serialVersionUID = 1421746759512286392
    MAX_ARRAY_SIZE = 2147483639
    keySet = null
    entrySet = null
    values = null
    KEYS = 0
    VALUES = 1
    ENTRIES = 2
  sessionRegistry = null
  isStopped = false
  readWriteLockForStopping = class java.util.concurrent.locks.ReentrantReadWriteLock@5942a2c
    serialVersionUID = -6992448646407690164
    readerLock = class java.util.concurrent.locks.ReentrantReadWriteLock$ReadLock@2798c566
      serialVersionUID = -5992448646407690164
      sync = class java.util.concurrent.locks.ReentrantReadWriteLock$NonfairSync@64e50117
    writerLock = class java.util.concurrent.locks.ReentrantReadWriteLock$WriteLock@7f68e300
      serialVersionUID = -4992448646407690164
      sync = class java.util.concurrent.locks.ReentrantReadWriteLock$NonfairSync@64e50117
    sync = class java.util.concurrent.locks.ReentrantReadWriteLock$NonfairSync@64e50117
      serialVersionUID = -8159625535654395037
      serialVersionUID = 6317671515068378041
      SHARED_SHIFT = 16
      SHARED_UNIT = 65536
      MAX_COUNT = 65535
      EXCLUSIVE_MASK = 65535
      readHolds = class java.util.concurrent.locks.ReentrantReadWriteLock$Sync$ThreadLocalHoldCounter@61447f1f
      cachedHoldCounter = null
      firstReader = null
      firstReaderHoldCount = 0
      serialVersionUID = 7373984972572414691
      head = null
      tail = null
      state = 0
      spinForTimeoutThreshold = 1000
      unsafe = class sun.misc.Unsafe@5a25fa00
      stateOffset = 16
      headOffset = 20
      tailOffset = 24
      waitStatusOffset = 12
      nextOffset = 20
      serialVersionUID = 3737899427754241961
      exclusiveOwnerThread = null
    UNSAFE = class sun.misc.Unsafe@5a25fa00
    TID_OFFSET = 40
  urlPrefix = ";jsessionid="
  extensionFactories = class java.util.ArrayList@44f5a971
    serialVersionUID = 8683452581122892189
    DEFAULT_CAPACITY = 10
    EMPTY_ELEMENTDATA = class java.lang.Object[0]
    DEFAULTCAPACITY_EMPTY_ELEMENTDATA = class java.lang.Object[0]
    elementData = class java.lang.Object[10]
      Object[0] = class com.ibm.ws.jaxrs20.server.component.JaxRsExtensionFactory@233c20c2
      Object[1] = null
      Object[2] = null
      Object[3] = null
      Object[4] = null
      Object[5] = null
      Object[6] = null
      Object[7] = null
      Object[8] = null
      Object[9] = null
    size = 1
    MAX_ARRAY_SIZE = 2147483639
    modCount = 1
    MAX_ARRAY_SIZE = 2147483639
  postInitExtensionFactories = null
  httpResponseListeners = class java.util.ArrayList@37c04abb
    serialVersionUID = 8683452581122892189
    DEFAULT_CAPACITY = 10
    EMPTY_ELEMENTDATA = class java.lang.Object[0]
    DEFAULTCAPACITY_EMPTY_ELEMENTDATA = class java.lang.Object[0]
    elementData = class java.lang.Object[0]
    size = 0
    MAX_ARRAY_SIZE = 2147483639
    modCount = 0
    MAX_ARRAY_SIZE = 2147483639
  servletContainerInitializers = class java.util.ServiceLoader@382bf669
    PREFIX = "META-INF/services/"
    service = class java.lang.Class@7377a4ff
      ANNOTATION = 8192
      ENUM = 16384
      SYNTHETIC = 4096
      cachedConstructor = null
      newInstanceCallerCache = null
      name = "javax.servlet.ServletContainerInitializer"
      allPermDomain = class java.security.ProtectionDomain@66b19287
      useCaches = true
      reflectionData = null
      classRedefinedCount = 0
      genericInfo = null
      serialVersionUID = 3206093459760846163
      serialPersistentFields = class java.io.ObjectStreamField[0]
      reflectionFactory = class sun.reflect.ReflectionFactory@77172544
      initted = true
      enumConstants = null
      enumConstantDirectory = null
      annotationData = null
      annotationType = null
      classValueMap = null
    loader = class org.eclipse.osgi.internal.loader.EquinoxClassLoader@5eff62be
      EQUINOX_REGISTERED_AS_PARALLEL = true
      configuration = class org.eclipse.osgi.internal.framework.EquinoxConfiguration@7bfd6a84
      debug = class org.eclipse.osgi.internal.debug.Debug@433c7760
      delegate = class org.eclipse.osgi.internal.loader.BundleLoader@2f11d184
      generation = class org.eclipse.osgi.storage.BundleInfo$Generation@769f71a9
      manager = class org.eclipse.osgi.internal.loader.classpath.ClasspathManager@6509335
      isRegisteredAsParallel = true
      ALLPERMISSIONS = class java.security.AllPermissionCollection@4b694771
      REGISTERED_AS_PARALLEL = true
      classNameLocks = class java.util.HashMap@1cf81911
      pkgLock = class java.lang.Object@2f57ab1d
      parent = class com.ibm.ws.kernel.internal.classloader.BootstrapChildFirstJarClassloader@2ef5e5e3
      parallelLockMap = class java.util.concurrent.ConcurrentHashMap@eebc282
      package2certs = class java.util.concurrent.ConcurrentHashMap@f385ee1
      nocerts = class java.security.cert.Certificate[0]
      classes = class java.util.Vector@53d4ee86
      defaultDomain = class java.security.ProtectionDomain@4149a8a2
      domains = class java.util.Collections$SynchronizedSet@11e69ddb
      packages = class java.util.HashMap@5c641650
      scl = class sun.misc.Launcher$AppClassLoader@4e0e2f2a
      sclSet = true
      loadedLibraryNames = class java.util.Vector@f50fcfd
      systemNativeLibraries = class java.util.Vector@28814478
      nativeLibraries = class java.util.Vector@28307384
      nativeLibraryContext = class java.util.Stack@37588867
      usr_paths = class java.lang.String[6]
      sys_paths = class java.lang.String[1]
      assertionLock = class java.lang.Object@24b0c298
      defaultAssertionStatus = false
      packageAssertionStatus = null
      classAssertionStatus = null
    acc = null
    providers = class java.util.LinkedHashMap@26cc904f
      serialVersionUID = 3801124242820219131
      head = null
      tail = null
      accessOrder = false
      serialVersionUID = 362498820763181265
      DEFAULT_INITIAL_CAPACITY = 16
      MAXIMUM_CAPACITY = 1073741824
      DEFAULT_LOAD_FACTOR = 0.75
      TREEIFY_THRESHOLD = 8
      UNTREEIFY_THRESHOLD = 6
      MIN_TREEIFY_CAPACITY = 64
      table = null
      entrySet = null
      size = 0
      modCount = 1
      threshold = 0
      loadFactor = 0.75
      keySet = null
      values = null
    lookupIterator = class java.util.ServiceLoader$LazyIterator@6aedd038
      service = class java.lang.Class@7377a4ff
      loader = class org.eclipse.osgi.internal.loader.EquinoxClassLoader@5eff62be
      configs = null
      pending = null
      nextName = null
      this$0 = class java.util.ServiceLoader@382bf669
  auditManager = class com.ibm.websphere.security.audit.context.AuditManager@1cca7e0a
    threadLocal = class com.ibm.websphere.security.audit.context.AuditManager$AuditThreadLocal@1e84107c
      serialVersionUID = 7915092222804478388
      $$$tc$$$ = class com.ibm.websphere.ras.TraceComponent@bf6aae5
      threadLocalHashCode = 279366152
      nextHashCode = class java.util.concurrent.atomic.AtomicInteger@578ad922
      HASH_INCREMENT = 1640531527
    serialVersionUID = 8297158904878279977
    $$$tc$$$ = class com.ibm.websphere.ras.TraceComponent@33125046
      strings[0] = "TraceComponent[com.ibm.websphere.security.audit.context.AuditManager,class com.ibm.websphere.security.audit.context.AuditManager,[],null,null]"
  invocationCacheSize = 500
  _cacheMap = class java.util.concurrent.ConcurrentHashMap@751de2c3
    serialVersionUID = 7249069246763182397
    MAXIMUM_CAPACITY = 1073741824
    DEFAULT_CAPACITY = 16
    MAX_ARRAY_SIZE = 2147483639
    DEFAULT_CONCURRENCY_LEVEL = 16
    LOAD_FACTOR = 0.75
    TREEIFY_THRESHOLD = 8
    UNTREEIFY_THRESHOLD = 6
    MIN_TREEIFY_CAPACITY = 64
    MIN_TRANSFER_STRIDE = 16
    RESIZE_STAMP_BITS = 16
    MAX_RESIZERS = 65535
    RESIZE_STAMP_SHIFT = 16
    MOVED = -1
    TREEBIN = -2
    RESERVED = -3
    HASH_BITS = 2147483647
    NCPU = 12
    serialPersistentFields = class java.io.ObjectStreamField[3]
    table = null
    nextTable = null
    baseCount = 0
    sizeCtl = 1024
    transferIndex = 0
    cellsBusy = 0
    counterCells = null
    keySet = null
    values = null
    entrySet = null
    U = class sun.misc.Unsafe@5a25fa00
    SIZECTL = 20
    TRANSFERINDEX = 32
    BASECOUNT = 24
    CELLSBUSY = 36
    CELLVALUE = 144
    ABASE = 16
    ASHIFT = 2
    keySet = null
    values = null
  _cacheSize = class java.util.concurrent.atomic.AtomicInteger@40bdeb49
    serialVersionUID = 6214790243416807050
    unsafe = class sun.misc.Unsafe@5a25fa00
    valueOffset = 12
    value = 0
    serialVersionUID = -8742448824652078965
  vHostCompatFlag = false
  platformHelper = class com.ibm.ws.webcontainer.PlatformHelper@2742c589
  isDefaultTempDir = true
  tempDir = null
  servletCachingInitNeeded = true
  appInstallBegun = true
  cacheServletWrapperFactory = class com.ibm.ws.webcontainer40.servlet.factory.CacheServletWrapperFactory40Impl@6837d545
    serialVersionUID = 6641793567262460833
    $$$tc$$$ = class com.ibm.websphere.ras.TraceComponent@6496ee95
      strings[0] = "TraceComponent[com.ibm.ws.webcontainer40.servlet.factory.CacheServletWrapperFactory40Impl,class com.ibm.ws.webcontainer40.servlet.factory.CacheServletWrapperFactory40Impl,[],null,null]"
  commands = class java.util.ArrayList@72a6297a
    serialVersionUID = 8683452581122892189
    DEFAULT_CAPACITY = 10
    EMPTY_ELEMENTDATA = class java.lang.Object[0]
    DEFAULTCAPACITY_EMPTY_ELEMENTDATA = class java.lang.Object[0]
    elementData = class java.lang.Object[3]
      Object[0] = null
      Object[1] = null
      Object[2] = null
    size = 0
    MAX_ARRAY_SIZE = 2147483639
    modCount = 0
    MAX_ARRAY_SIZE = 2147483639
  requestMapper = class com.ibm.ws.webcontainer.util.VirtualHostContextRootMapper@5dee73c4
    cachedMappers = class java.util.Collections$SynchronizedMap@4de8bccf
      serialVersionUID = 1978198479659022715
      m = class java.util.HashMap@769bd1b1
      mutex = class java.util.Collections$SynchronizedMap@4de8bccf
      keySet = null
      entrySet = null
      values = null
    nls = class com.ibm.ejs.ras.TraceNLS@3805fbae
      resolver = class com.ibm.ws.logging.internal.TraceNLSResolver@3e7d231a
      finder = null
      ivBundleName = "com.ibm.ws.webcontainer.resources.Messages"
      caller = class java.lang.Class@7aa6b8ef
    logger = class com.ibm.ws.logging.internal.WsLogger@1c14f4e8
      ivCachedResourceBundleName = null
      ivCachedResourceBundle = null
      ivComponent = null
      ivOrganization = null
      ivProduct = null
      ivMinimumLocalizationLevelIntValue = 625
      ivTC = class com.ibm.websphere.ras.TraceComponent@6f6c9907
      loggerRegistrationComponent = class java.lang.ThreadLocal@63928cce
      emptyHandlers = class java.util.logging.Handler[0]
      offValue = 2147483647
      SYSTEM_LOGGER_RB_NAME = "sun.util.logging.resources.logging"
      SYSTEM_BUNDLE = class java.util.logging.Logger$LoggerBundle@fb7729e
      NO_RESOURCE_BUNDLE = class java.util.logging.Logger$LoggerBundle@23cfd61d
      manager = class com.ibm.ws.kernel.boot.logging.WsLogManager@447b4f02
      name = "com.ibm.ws.webcontainer.util"
      handlers = class java.util.concurrent.CopyOnWriteArrayList@3c67c968
      loggerBundle = class java.util.logging.Logger$LoggerBundle@5a699121
      useParentHandlers = true
      filter = null
      anonymous = false
      catalog = class com.ibm.ws.webcontainer.resources.Messages@77a20e28
      catalogName = "com.ibm.ws.webcontainer.resources.Messages"
      catalogLocale = class java.util.Locale@5a4da902
      treeLock = class java.lang.Object@44d0ee16
      parent = class com.ibm.ws.logging.internal.WsLogger@68deddb5
      kids = null
      levelObject = class java.util.logging.Level@7a47c661
      levelValue = 800
      callersClassLoaderRef = class java.lang.ref.WeakReference@4d0ac6d4
      isSystemLogger = false
      GLOBAL_LOGGER_NAME = "global"
      global = class java.util.logging.Logger@2e3354b5
      $assertionsDisabled = true
    CLASS_NAME = "com.ibm.ws.webcontainer.util.VirtualHostContextRootMapper"
    CLASSNAME = "com.ibm.ws.util.VirtualHostMapper"
    tc = class com.ibm.ejs.ras.TraceComponent@4cf39c0f
      strings[0] = "TraceComponent[com.ibm.ws.util.VirtualHostMapper,class com.ibm.ws.util.VirtualHostMapper,[Runtime],null,null]"
    vHostTable = class java.util.concurrent.ConcurrentHashMap@2134bb34
      serialVersionUID = 7249069246763182397
      MAXIMUM_CAPACITY = 1073741824
      DEFAULT_CAPACITY = 16
      MAX_ARRAY_SIZE = 2147483639
      DEFAULT_CONCURRENCY_LEVEL = 16
      LOAD_FACTOR = 0.75
      TREEIFY_THRESHOLD = 8
      UNTREEIFY_THRESHOLD = 6
      MIN_TREEIFY_CAPACITY = 64
      MIN_TRANSFER_STRIDE = 16
      RESIZE_STAMP_BITS = 16
      MAX_RESIZERS = 65535
      RESIZE_STAMP_SHIFT = 16
      MOVED = -1
      TREEBIN = -2
      RESERVED = -3
      HASH_BITS = 2147483647
      NCPU = 12
      serialPersistentFields = class java.io.ObjectStreamField[3]
      table = null
      nextTable = null
      baseCount = 0
      sizeCtl = 0
      transferIndex = 0
      cellsBusy = 0
      counterCells = null
      keySet = null
      values = null
      entrySet = null
      U = class sun.misc.Unsafe@5a25fa00
      SIZECTL = 20
      TRANSFERINDEX = 32
      BASECOUNT = 24
      CELLSBUSY = 36
      CELLVALUE = 144
      ABASE = 16
      ASHIFT = 2
      keySet = null
      values = null
  parent = null
  name = "Was.webcontainer"
  isAlive = true
  subElements = class java.util.HashMap@6cb19b7d
    serialVersionUID = 362498820763181265
    DEFAULT_INITIAL_CAPACITY = 16
    MAXIMUM_CAPACITY = 1073741824
    DEFAULT_LOAD_FACTOR = 0.75
    TREEIFY_THRESHOLD = 8
    UNTREEIFY_THRESHOLD = 6
    MIN_TREEIFY_CAPACITY = 64
    table = class java.util.HashMap$Node[16]
      Node[0] = null
      Node[1] = null
      Node[2] = null
      Node[3] = null
      Node[4] = null
      Node[5] = null
      Node[6] = null
      Node[7] = null
      Node[8] = null
      Node[9] = null
      Node[10] = null
      Node[11] = null
      Node[12] = null
      Node[13] = null
      Node[14] = class java.util.HashMap$Node@7134faa7
      Node[15] = null
    entrySet = null
    size = 1
    modCount = 1
    threshold = 12
    loadFactor = 0.75
    keySet = null
    values = null
  attributes = null
  config = null
  serialVersionUID = -8271459000149267764
  $$$tc$$$ = class com.ibm.websphere.ras.TraceComponent@2c2838c2
    strings[0] = "TraceComponent[com.ibm.ws.container.AbstractContainer,class com.ibm.ws.container.AbstractContainer,[],null,null]"

