------Start of DE processing------ = [02/04/21 13:11:01:708 EDT]
Exception = java.io.FileNotFoundException
Source = com.ibm.ws.kernel.feature.internal.subsystem.KernelFeatureDefinitionImpl
probeid = 165
Stack Dump = java.io.FileNotFoundException: /Users/kor/IdeaProjects/FlightLogix/HelloWorld/target/liberty/wlp/lib/platform/defaultLogging-1.0.mf (No such file or directory)
	at java.io.FileInputStream.open0(Native Method)
	at java.io.FileInputStream.open(FileInputStream.java:195)
	at java.io.FileInputStream.<init>(FileInputStream.java:138)
	at com.ibm.ws.kernel.feature.internal.subsystem.FeatureDefinitionUtils.loadManifest(FeatureDefinitionUtils.java:796)
	at com.ibm.ws.kernel.feature.internal.subsystem.FeatureDefinitionUtils.access$000(FeatureDefinitionUtils.java:56)
	at com.ibm.ws.kernel.feature.internal.subsystem.FeatureDefinitionUtils$ProvisioningDetails.<init>(FeatureDefinitionUtils.java:404)
	at com.ibm.ws.kernel.feature.internal.subsystem.SubsystemFeatureDefinitionImpl.<init>(SubsystemFeatureDefinitionImpl.java:132)
	at com.ibm.ws.kernel.feature.internal.subsystem.KernelFeatureDefinitionImpl.<init>(KernelFeatureDefinitionImpl.java:182)
	at com.ibm.ws.kernel.feature.internal.subsystem.KernelFeatureDefinitionImpl.getKernelFeatures(KernelFeatureDefinitionImpl.java:149)
	at com.ibm.ws.kernel.feature.internal.subsystem.KernelFeatureDefinitionImpl.getKernelFeatures(KernelFeatureDefinitionImpl.java:65)
	at com.ibm.ws.kernel.feature.internal.FeatureManager$KernelFeaturesHolder.getKernelFeatures(FeatureManager.java:311)
	at com.ibm.ws.kernel.feature.internal.FeatureManager.resolveFeatures(FeatureManager.java:1254)
	at com.ibm.ws.kernel.feature.internal.FeatureManager.updateFeatures(FeatureManager.java:1317)
	at com.ibm.ws.kernel.feature.internal.FeatureManager.update(FeatureManager.java:743)
	at com.ibm.ws.kernel.feature.internal.FeatureManager.processFeatureChanges(FeatureManager.java:857)
	at com.ibm.ws.kernel.feature.internal.FeatureManager$1.run(FeatureManager.java:643)
	at com.ibm.ws.threading.internal.ExecutorServiceImpl$RunnableWrapper.run(ExecutorServiceImpl.java:238)
	at java.util.concurrent.ThreadPoolExecutor.runWorker(ThreadPoolExecutor.java:1149)
	at java.util.concurrent.ThreadPoolExecutor$Worker.run(ThreadPoolExecutor.java:624)
	at java.lang.Thread.run(Thread.java:748)

Dump of callerThis
null
Dump of objectArray[0]
Object type = org.eclipse.osgi.internal.framework.BundleContextImpl
  findHookName = "org.osgi.framework.hooks.bundle.FindHook"
  valid = true
  bundle = class org.eclipse.osgi.internal.framework.EquinoxBundle@5d235af
    equinoxContainer = class org.eclipse.osgi.internal.framework.EquinoxContainer@746f7348
    module = class org.eclipse.osgi.internal.framework.EquinoxBundle$EquinoxModule@59ee38ce
      this$0 = class org.eclipse.osgi.internal.framework.EquinoxBundle@5d235af
      ACTIVE_SET = class java.util.RegularEnumSet@18c64d32
      RESOLVED_SET = class java.util.RegularEnumSet@2abcc033
      id = 23
      location = "kernel@reference:file:/Users/kor/IdeaProjects/FlightLogix/HelloWorld/target/liberty/wlp/lib/com.ibm.ws.kernel.feature_1.0.50.jar"
      revisions = class org.eclipse.osgi.container.ModuleRevisions@3d627823
      stateChangeLock = class org.eclipse.osgi.internal.container.EquinoxReentrantLock@3c782fe8
      stateTransitionEvents = class java.util.RegularEnumSet@16fd5a88
      settings = class java.util.RegularEnumSet@5a0cbd3c
      inStart = class java.util.concurrent.atomic.AtomicInteger@7401753e
      state = class org.eclipse.osgi.container.Module$State@9fb0339
      startlevel = 7
      lastModified = 1617383051950
      VALID_RESOLVED_TRANSITION = class java.util.RegularEnumSet@752e3194
      VALID_STOPPED_TRANSITION = class java.util.RegularEnumSet@4af49750
      $SWITCH_TABLE$org$eclipse$osgi$container$ModuleContainerAdaptor$ModuleEvent = {1,2,3,4,5,6,7,8,9,10} /* array length = 10 */
    monitor = class java.lang.Object@673abe5f
    context = class org.eclipse.osgi.internal.framework.BundleContextImpl@643b76a0
    signerInfos = null
    $SWITCH_TABLE$org$eclipse$osgi$container$Module$State = {1,2,3,4,5,6,7} /* array length = 7 */
  container = class org.eclipse.osgi.internal.framework.EquinoxContainer@746f7348
    NAME = "org.eclipse.osgi"
    secureAction = class org.eclipse.osgi.framework.util.SecureAction@5bda91e8
      controlContext = class java.security.AccessControlContext@7ecb03ed
      bootClassLoader = class org.eclipse.osgi.framework.util.SecureAction$1$1@31379863
    equinoxConfig = class org.eclipse.osgi.internal.framework.EquinoxConfiguration@7bfd6a84
      CONFIG_FILE = "config.ini"
      INTERNAL_OS_SUNOS = "SunOS"
      INTERNAL_OS_LINUX = "Linux"
      INTERNAL_OS_MACOSX = "Mac OS"
      INTERNAL_OS_AIX = "AIX"
      INTERNAL_OS_HPUX = "HP-UX"
      INTERNAL_OS_QNX = "QNX"
      INTERNAL_OS_OS400 = "OS/400"
      INTERNAL_OS_OS390 = "OS/390"
      INTERNAL_OS_ZOS = "z/OS"
      INTERNAL_OS_FREEBSD = "FreeBSD"
      INTERNAL_ARCH_I386 = "i386"
      INTERNAL_AMD64 = "amd64"
      VARIABLE_DELIM_STRING = "$"
      VARIABLE_DELIM_CHAR = $
      configValues = class org.eclipse.osgi.internal.framework.EquinoxConfiguration$ConfigValues@a57d255
      debug = class org.eclipse.osgi.internal.debug.Debug@433c7760
      debugOptions = class org.eclipse.osgi.internal.debug.FrameworkDebugOptions@1356759f
      hookRegistry = class org.eclipse.osgi.internal.hookregistry.HookRegistry@30933fe5
      aliasMapper = class org.eclipse.osgi.internal.framework.AliasMapper@3e25f3ae
      equinoxLocations = class org.eclipse.osgi.internal.location.EquinoxLocations@ad45b45
      allArgs = null
      frameworkArgs = null
      appArgs = null
      inDevelopmentMode = false
      devLocation = null
      devMonitor = class java.lang.Object@2a0e3d0d
      devDefaultClasspath = null
      devProperties = null
      devLastModified = 0
      contextBootDelegation = false
      compatibilityBootDelegation = false
      compatibilityLazyTriggerOnFailLoad = false
      LIB_EXTENSIONS = class java.util.Collections$UnmodifiableRandomAccessList@3cb53be
      ECLIPSE_LIB_VARIANTS = class java.util.Collections$UnmodifiableRandomAccessList@12e268ea
      COPY_NATIVES = false
      ECLIPSE_NL_JAR_VARIANTS = class java.util.ArrayList@3ac40780
      DEFINE_PACKAGE_ATTRIBUTES = true
      BUNDLE_SET_TCCL = true
      BSN_VERSION = 3
      BSN_VERSION_SINGLE = 1
      BSN_VERSION_MULTIPLE = 2
      BSN_VERSION_MANAGED = 3
      throwErrorOnFailedStart = true
      CLASS_CERTIFICATE = true
      PARALLEL_CAPABLE = false
      exceptions = class java.util.LinkedHashMap@61f9a380
      PROP_JVM_OS_ARCH = "os.arch"
      PROP_JVM_OS_NAME = "os.name"
      PROP_JVM_OS_VERSION = "os.version"
      PROP_JVM_SPEC_VERSION = "java.specification.version"
      PROP_JVM_SPEC_NAME = "java.specification.name"
      PROP_SETPERMS_CMD = "osgi.filepermissions.command"
      PROP_DEBUG = "osgi.debug"
      PROP_DEBUG_VERBOSE = "osgi.debug.verbose"
      PROP_DEV = "osgi.dev"
      PROP_CLEAN = "osgi.clean"
      PROP_USE_SYSTEM_PROPERTIES = "osgi.framework.useSystemProperties"
      PROP_FRAMEWORK = "osgi.framework"
      ECLIPSE_FRAMEWORK_VENDOR = "Eclipse"
      PROP_OSGI_JAVA_PROFILE = "osgi.java.profile"
      PROP_OSGI_JAVA_PROFILE_NAME = "osgi.java.profile.name"
      PROP_OSGI_JAVA_PROFILE_BOOTDELEGATION = "osgi.java.profile.bootdelegation"
      PROP_OSGI_BOOTDELEGATION_IGNORE = "ignore"
      PROP_OSGI_BOOTDELEGATION_OVERRIDE = "override"
      PROP_OSGI_BOOTDELEGATION_NONE = "none"
      PROP_CONTEXT_BOOTDELEGATION = "osgi.context.bootdelegation"
      PROP_COMPATIBILITY_BOOTDELEGATION = "osgi.compatibility.bootdelegation"
      PROP_DS_DELAYED_KEEPINSTANCES = "ds.delayed.keepInstances"
      PROP_COMPATIBILITY_ERROR_FAILED_START = "osgi.compatibility.errorOnFailedStart"
      PROP_COMPATIBILITY_START_LAZY = "osgi.compatibility.eagerStart.LazyActivation"
      PROP_COMPATIBILITY_START_LAZY_ON_FAIL_CLASSLOAD = "osgi.compatibility.trigger.lazyActivation.onFailedClassLoad"
      PROP_OSGI_OS = "osgi.os"
      PROP_OSGI_WS = "osgi.ws"
      PROP_OSGI_ARCH = "osgi.arch"
      PROP_OSGI_NL = "osgi.nl"
      PROP_OSGI_NL_USER = "osgi.nl.user"
      PROP_ROOT_LOCALE = "equinox.root.locale"
      PROP_PARENT_CLASSLOADER = "osgi.parentClassloader"
      PARENT_CLASSLOADER_FWK = "fwk"
      PROP_CONTEXTCLASSLOADER_PARENT = "osgi.contextClassLoaderParent"
      CONTEXTCLASSLOADER_PARENT_APP = "app"
      CONTEXTCLASSLOADER_PARENT_EXT = "ext"
      CONTEXTCLASSLOADER_PARENT_BOOT = "boot"
      CONTEXTCLASSLOADER_PARENT_FWK = "fwk"
      PROP_FRAMEWORK_LIBRARY_EXTENSIONS = "osgi.framework.library.extensions"
      PROP_COPY_NATIVES = "osgi.classloader.copy.natives"
      PROP_DEFINE_PACKAGES = "osgi.classloader.define.packages"
      PROP_BUNDLE_SETTCCL = "eclipse.bundle.setTCCL"
      PROP_EQUINOX_SECURITY = "eclipse.security"
      PROP_FILE_LIMIT = "osgi.bundlefile.limit"
      PROP_CLASS_CERTIFICATE_SUPPORT = "osgi.support.class.certificate"
      PROP_CLASS_LOADER_TYPE = "osgi.classloader.type"
      CLASS_LOADER_TYPE_PARALLEL = "parallel"
      PROP_FORCED_RESTART = "osgi.forcedRestart"
      PROP_IGNORE_USER_CONFIGURATION = "eclipse.ignoreUserConfiguration"
      PROPERTY_STRICT_BUNDLE_ENTRY_PATH = "osgi.strictBundleEntryPath"
      PROP_CHECK_CONFIGURATION = "osgi.checkConfiguration"
      inCheckConfigurationMode = true
      DEFAULT_STATE_SAVE_DELAY_INTERVAL = "30000"
      PROP_STATE_SAVE_DELAY_INTERVAL = "eclipse.stateSaveDelayInterval"
      PROP_MODULE_LOCK_TIMEOUT = "osgi.module.lock.timeout"
      PROP_MODULE_AUTO_START_ON_RESOLVE = "osgi.module.auto.start.on.resolve"
      PROP_ALLOW_RESTRICTED_PROVIDES = "osgi.equinox.allow.restricted.provides"
      PROP_LOG_HISTORY_MAX = "equinox.log.history.max"
      PROP_LOG_CAPTURE_ENTRY_LOCATION = "equinox.log.capture.entry.location"
      PROP_RESOLVER_THREAD_COUNT = "equinox.resolver.thead.count"
      PROP_EQUINOX_RESOLVER_THREAD_COUNT = "equinox.resolver.thread.count"
      PROP_EQUINOX_START_LEVEL_THREAD_COUNT = "equinox.start.level.thread.count"
      PROP_EQUINOX_START_LEVEL_RESTRICT_PARALLEL = "equinox.start.level.restrict.parallel"
      PROP_RESOLVER_REVISION_BATCH_SIZE = "equinox.resolver.revision.batch.size"
      PROP_RESOLVER_BATCH_TIMEOUT = "equinox.resolver.batch.timeout"
      PROP_SYSTEM_PROVIDE_HEADER = "equinox.system.provide.header"
      SYSTEM_PROVIDE_HEADER_ORIGINAL = "original"
      SYSTEM_PROVIDE_HEADER_SYSTEM = "system"
      SYSTEM_PROVIDE_HEADER_SYSTEM_EXTRA = "system.extra"
      PROP_DEFAULT_SUFFIX = ".default"
      PROP_WITH_ECLIPSE_STARTER_DEFAULTS = class java.util.Collections$UnmodifiableRandomAccessList@38f65aa2
      PROP_INIT_UUID = "equinox.init.uuid"
      PROP_ACTIVE_THREAD_TYPE = "osgi.framework.activeThreadType"
      ACTIVE_THREAD_TYPE_NORMAL = "normal"
      PROP_GOSH_ARGS = "gosh.args"
    logServices = class org.eclipse.osgi.internal.log.EquinoxLogServices@3e30aceb
      EQUINOX_LOGGER_NAME = "org.eclipse.equinox.logger"
      PERF_LOGGER_NAME = "org.eclipse.performance.logger"
      PROP_LOG_ENABLED = "eclipse.log.enabled"
      LOG_EXT = ".log"
      logServiceManager = class org.eclipse.osgi.internal.log.LogServiceManager@39d2c06e
      eclipseLogFactory = class org.eclipse.osgi.internal.log.EquinoxLogFactory@23b028d3
      logWriter = class org.eclipse.osgi.internal.log.EquinoxLogWriter@ff96a86
      perfWriter = class org.eclipse.osgi.internal.log.EquinoxLogWriter@5501291
      rootFrameworkLog = class org.eclipse.osgi.internal.log.EquinoxLogFactory$1@2aae73e5
      frameworkLogReg = class org.eclipse.osgi.internal.serviceregistry.ServiceRegistrationImpl@8fa30d3
      perfLogReg = class org.eclipse.osgi.internal.serviceregistry.ServiceRegistrationImpl@4c13d610
    storage = class org.eclipse.osgi.storage.Storage@682e165f
      VERSION = 5
      MR_JAR_VERSION = 4
      CACHED_SYSTEM_CAPS_VERION = 5
      LOWEST_VERSION_SUPPORTED = 3
      BUNDLE_DATA_DIR = "data"
      BUNDLE_FILE_NAME = "bundleFile"
      FRAMEWORK_INFO = "framework.info"
      ECLIPSE_SYSTEMBUNDLE = "Eclipse-SystemBundle"
      DELETE_FLAG = ".delete"
      LIB_TEMP = "libtemp"
      JAVASE = "JavaSE"
      PROFILE_EXT = ".profile"
      NUL = " "
      INITIAL_LOCATION = "initial@"
      secureAction = class org.eclipse.osgi.framework.util.SecureAction@2d1bfed3
      equinoxContainer = class org.eclipse.osgi.internal.framework.EquinoxContainer@746f7348
      installPath = "/Users/kor/IdeaProjects/FlightLogix/HelloWorld/target/liberty/wlp/lib/"
      osgiLocation = class org.eclipse.osgi.internal.location.BasicLocation@6175235a
      childRoot = class java.io.File@14f3f88f
      parentRoot = null
      permissionData = class org.eclipse.osgi.storage.PermissionData@5f90a5fa
      securityAdmin = class org.eclipse.osgi.internal.permadmin.SecurityAdmin@2d0f35bd
      adaptor = class org.eclipse.osgi.internal.framework.EquinoxContainerAdaptor@65a8bcb5
      moduleDatabase = class org.eclipse.osgi.container.ModuleDatabase@6e94070f
      moduleContainer = class org.eclipse.osgi.container.ModuleContainer@1a947d35
      saveMonitor = class java.lang.Object@3471c052
      lastSavedTimestamp = 1617383052515
      mruList = class org.eclipse.osgi.storage.bundlefile.MRUBundleFileList@6007b9bc
      extensionInstaller = class org.eclipse.osgi.storage.FrameworkExtensionInstaller@406afc1d
      cachedHeaderKeys = class java.util.Arrays$ArrayList@e083760
      allowRestrictedProvides = true
      refreshMRBundles = class java.util.concurrent.atomic.AtomicBoolean@34c115a3
      runtimeVersion = class org.osgi.framework.Version@69d690de
      javaSpecVersion = "1.8"
    packageAdmin = class org.eclipse.osgi.internal.framework.legacy.PackageAdminImpl@67f48f63
      container = class org.eclipse.osgi.container.ModuleContainer@1a947d35
    startLevel = class org.eclipse.osgi.internal.framework.legacy.StartLevelImpl@774d6053
      container = class org.eclipse.osgi.container.ModuleContainer@1a947d35
    bootDelegation = class java.util.HashSet@4ca1cda5
      serialVersionUID = -5024744406713321676
      map = class java.util.HashMap@35a3a3b5
      PRESENT = class java.lang.Object@64908cf3
      MAX_ARRAY_SIZE = 2147483639
    bootDelegationStems = class java.lang.String[12]
      String[0] = "sun."
      String[1] = "com.sun."
      String[2] = "com.ibm.ws.boot.delegated."
      String[3] = "org.apache.xml."
      String[4] = "org.apache.xerces."
      String[5] = "com.ibm.xylem."
      String[6] = "com.ibm.xml."
      String[7] = "com.ibm.xtq."
      String[8] = "com.ibm.net.ssl."
      String[9] = "com.ibm.crypto."
      String[10] = "com.ibm.security."
      String[11] = "jdk."
    bootDelegateAll = false
    isProcessClassRecursionSupportedByAll = false
    eventPublisher = class org.eclipse.osgi.internal.framework.EquinoxEventPublisher@17e9b4e0
      eventHookName = "org.osgi.framework.hooks.bundle.EventHook"
      collisionHookName = "org.osgi.framework.hooks.bundle.CollisionHook"
      FRAMEWORK_STOPPED_MASK = 448
      BUNDLEEVENT = 1
      BUNDLEEVENTSYNC = 2
      FRAMEWORKEVENT = 4
      container = class org.eclipse.osgi.internal.framework.EquinoxContainer@746f7348
      monitor = class java.lang.Object@9034b90
      eventManager = class org.eclipse.osgi.framework.eventmgr.EventManager@7a6be167
      allBundleListeners = class java.util.LinkedHashMap@7ce1775a
      allSyncBundleListeners = class java.util.LinkedHashMap@59c0c807
      allFrameworkListeners = class java.util.LinkedHashMap@4a8c5764
    monitor = class java.lang.Object@bba11b6
    bootLoader = class org.eclipse.osgi.internal.framework.EquinoxContainer$1@49b42981
      this$0 = class org.eclipse.osgi.internal.framework.EquinoxContainer@746f7348
      parent = null
      parallelLockMap = null
      package2certs = class java.util.Hashtable@4f502334
      nocerts = class java.security.cert.Certificate[0]
      classes = class java.util.Vector@7a2692d7
      defaultDomain = class java.security.ProtectionDomain@9be67c0
      domains = class java.util.HashSet@19ee17a4
      packages = class java.util.HashMap@57e9de2e
      scl = class sun.misc.Launcher$AppClassLoader@4e0e2f2a
      sclSet = true
      loadedLibraryNames = class java.util.Vector@f50fcfd
      systemNativeLibraries = class java.util.Vector@28814478
      nativeLibraries = class java.util.Vector@19174e2e
      nativeLibraryContext = class java.util.Stack@37588867
      usr_paths = class java.lang.String[6]
      sys_paths = class java.lang.String[1]
      assertionLock = class org.eclipse.osgi.internal.framework.EquinoxContainer$1@49b42981
      defaultAssertionStatus = false
      packageAssertionStatus = null
      classAssertionStatus = null
    serviceRegistry = class org.eclipse.osgi.internal.serviceregistry.ServiceRegistry@305c1791
      SERVICEEVENT = 3
      findHookName = "org.osgi.framework.hooks.service.FindHook"
      eventHookName = "org.osgi.framework.hooks.service.EventHook"
      eventListenerHookName = "org.osgi.framework.hooks.service.EventListenerHook"
      listenerHookName = "org.osgi.framework.hooks.service.ListenerHook"
      publishedServicesByClass = class java.util.HashMap@6f252d90
      allPublishedServices = class java.util.ArrayList@4ff06a40
      publishedServicesByContext = class java.util.HashMap@7f915c5f
      serviceid = 481
      serviceEventListeners = class java.util.LinkedHashMap@6b14078c
      initialCapacity = 50
      initialSubCapacity = 10
      container = class org.eclipse.osgi.internal.framework.EquinoxContainer@746f7348
      systemBundleContext = class org.eclipse.osgi.internal.framework.BundleContextImpl@5f6722d3
      debug = class org.eclipse.osgi.internal.debug.Debug@433c7760
      $assertionsDisabled = true
    contextFinder = class org.eclipse.osgi.internal.framework.ContextFinder@36e192e6
      cycleDetector = class java.lang.ThreadLocal@7b486ba5
      finderClassLoader = class com.ibm.ws.kernel.internal.classloader.BootstrapChildFirstJarClassloader@2ef5e5e3
      contextFinder = class org.eclipse.osgi.internal.framework.ContextFinder$Finder@34f523ea
      THIS = class java.lang.Class@1c32386d
      parentContextClassLoader = class sun.misc.Launcher$AppClassLoader@4e0e2f2a
      parent = class sun.misc.Launcher$AppClassLoader@4e0e2f2a
      parallelLockMap = null
      package2certs = class java.util.Hashtable@6f4aa48c
      nocerts = class java.security.cert.Certificate[0]
      classes = class java.util.Vector@65a21572
      defaultDomain = class java.security.ProtectionDomain@5d8f4f20
      domains = class java.util.HashSet@4078dd08
      packages = class java.util.HashMap@7a2c7f4f
      scl = class sun.misc.Launcher$AppClassLoader@4e0e2f2a
      sclSet = true
      loadedLibraryNames = class java.util.Vector@f50fcfd
      systemNativeLibraries = class java.util.Vector@28814478
      nativeLibraries = class java.util.Vector@2e974cfd
      nativeLibraryContext = class java.util.Stack@37588867
      usr_paths = class java.lang.String[6]
      sys_paths = class java.lang.String[1]
      assertionLock = class org.eclipse.osgi.internal.framework.ContextFinder@36e192e6
      defaultAssertionStatus = false
      packageAssertionStatus = null
      classAssertionStatus = null
    signedContentFactory = class org.osgi.util.tracker.ServiceTracker@6ac8ebce
      DEBUG = false
      context = class org.eclipse.osgi.internal.framework.BundleContextImpl@5f6722d3
      filter = class org.eclipse.osgi.internal.framework.FilterImpl$Equal@3f8c9d0d
      customizer = class org.osgi.util.tracker.ServiceTracker@6ac8ebce
      listenerFilter = "(objectClass=org.eclipse.osgi.signedcontent.SignedContentFactory)"
      trackClass = "org.eclipse.osgi.signedcontent.SignedContentFactory"
      trackReference = null
      tracked = class org.osgi.util.tracker.ServiceTracker$Tracked@a501649
      cachedReference = null
      cachedService = null
    executor = class java.util.concurrent.ScheduledThreadPoolExecutor@31a46080
      continueExistingPeriodicTasksAfterShutdown = false
      executeExistingDelayedTasksAfterShutdown = true
      removeOnCancel = false
      sequencer = class java.util.concurrent.atomic.AtomicLong@60b6a364
      ctl = class java.util.concurrent.atomic.AtomicInteger@e96f635
      COUNT_BITS = 29
      CAPACITY = 536870911
      RUNNING = -536870912
      SHUTDOWN = 0
      STOP = 536870912
      TIDYING = 1073741824
      TERMINATED = 1610612736
      workQueue = class java.util.concurrent.ScheduledThreadPoolExecutor$DelayedWorkQueue@26004259
      mainLock = class java.util.concurrent.locks.ReentrantLock@4697a57e
      workers = class java.util.HashSet@13ef834b
      termination = class java.util.concurrent.locks.AbstractQueuedSynchronizer$ConditionObject@2a71e85d
      largestPoolSize = 1
      completedTaskCount = 0
      threadFactory = class org.eclipse.osgi.internal.framework.EquinoxContainer@746f7348
      handler = class java.util.concurrent.ThreadPoolExecutor$AbortPolicy@75009d23
      keepAliveTime = 0
      allowCoreThreadTimeOut = false
      corePoolSize = 1
      maximumPoolSize = 2147483647
      defaultHandler = class java.util.concurrent.ThreadPoolExecutor$AbortPolicy@75009d23
      shutdownPerm = class java.lang.RuntimePermission@1a1aad13
      acc = null
      ONLY_ONE = true
      $assertionsDisabled = true
    storageSaver = class org.eclipse.osgi.internal.framework.StorageSaver@59b4af14
      container = class org.eclipse.osgi.internal.framework.EquinoxContainer@746f7348
      delay = 30000
      future = class java.util.concurrent.ScheduledThreadPoolExecutor$ScheduledFutureTask@54287c23
      hook = class java.lang.Thread@37091312
      task = class org.eclipse.osgi.internal.framework.StorageSaver$StorageSaverTask@30463bbc
  debug = class org.eclipse.osgi.internal.debug.Debug@433c7760
    ECLIPSE_OSGI = "org.eclipse.osgi"
    OPTION_DEBUG_GENERAL = "org.eclipse.osgi/debug"
    OPTION_DEBUG_BUNDLE_TIME = "org.eclipse.osgi/debug/bundleTime"
    OPTION_DEBUG_BUNDLE_START_TIME = "org.eclipse.osgi/debug/bundleStartTime"
    OPTION_DEBUG_LOADER = "org.eclipse.osgi/debug/loader"
    OPTION_DEBUG_STORAGE = "org.eclipse.osgi/debug/storage"
    OPTION_DEBUG_EVENTS = "org.eclipse.osgi/debug/events"
    OPTION_DEBUG_SERVICES = "org.eclipse.osgi/debug/services"
    OPTION_DEBUG_HOOKS = "org.eclipse.osgi/debug/hooks"
    OPTION_DEBUG_MANIFEST = "org.eclipse.osgi/debug/manifest"
    OPTION_DEBUG_FILTER = "org.eclipse.osgi/debug/filter"
    OPTION_DEBUG_SECURITY = "org.eclipse.osgi/debug/security"
    OPTION_DEBUG_STARTLEVEL = "org.eclipse.osgi/debug/startlevel"
    OPTION_DEBUG_PACKAGEADMIN = "org.eclipse.osgi/debug/packageadmin"
    OPTION_DEBUG_PACKAGEADMIN_TIMING = "org.eclipse.osgi/debug/packageadmin/timing"
    OPTION_MONITOR_ACTIVATION = "org.eclipse.osgi/monitor/activation"
    OPTION_MONITOR_LAZY = "org.eclipse.osgi/monitor/lazy"
    OPTION_DEBUG_MESSAGE_BUNDLES = "org.eclipse.osgi/debug/messageBundles"
    OPTION_DEBUG_LOCATION = "org.eclipse.osgi/debug/location"
    OPTION_CACHED_MANIFEST = "org.eclipse.osgi/debug/cachedmanifest"
    OPTION_DEBUG_SYSTEM_BUNDLE = "org.eclipse.osgi/debug/systemBundle"
    OPTION_DEBUG_BUNDLE_FILE = "org.eclipse.osgi/debug/bundleFile"
    DEBUG_GENERAL = false
    DEBUG_BUNDLE_TIME = false
    DEBUG_LOADER = false
    DEBUG_STORAGE = false
    DEBUG_EVENTS = false
    DEBUG_SERVICES = false
    DEBUG_HOOKS = false
    DEBUG_MANIFEST = false
    DEBUG_FILTER = false
    DEBUG_SECURITY = false
    DEBUG_STARTLEVEL = false
    DEBUG_PACKAGEADMIN = false
    DEBUG_PACKAGEADMIN_TIMING = false
    DEBUG_MESSAGE_BUNDLES = false
    MONITOR_ACTIVATION = false
    DEBUG_LOCATION = false
    DEBUG_CACHED_MANIFEST = false
    DEBUG_SYSTEM_BUNDLE = false
    DEBUG_BUNDLE_FILE = false
    out = class com.ibm.ws.logging.internal.impl.BaseTraceService$TeePrintStream@3f102f5b
      trStream = class com.ibm.ws.logging.internal.impl.BaseTraceService$TrOutputStream@6fc9e78b
      autoFlush = true
      trouble = false
      formatter = null
      textOut = class java.io.BufferedWriter@18e5168f
      charOut = class java.io.OutputStreamWriter@473a6564
      closing = false
      out = class com.ibm.ws.logging.internal.impl.BaseTraceService$TrOutputStream@6fc9e78b
  servicesInUse = class java.util.HashMap@73c6d9c1
    serialVersionUID = 362498820763181265
    DEFAULT_INITIAL_CAPACITY = 16
    MAXIMUM_CAPACITY = 1073741824
    DEFAULT_LOAD_FACTOR = 0.75
    TREEIFY_THRESHOLD = 8
    UNTREEIFY_THRESHOLD = 6
    MIN_TREEIFY_CAPACITY = 64
    table = class java.util.HashMap$Node[16]
      Node[0] = null
      Node[1] = class java.util.HashMap$Node@de7efeb
      Node[2] = class java.util.HashMap$Node@506adee9
      Node[3] = null
      Node[4] = class java.util.HashMap$Node@76187b62
      Node[5] = null
      Node[6] = null
      Node[7] = null
      Node[8] = null
      Node[9] = class java.util.HashMap$Node@7be10142
      Node[10] = class java.util.HashMap$Node@494b2162
      Node[11] = null
      Node[12] = null
      Node[13] = null
      Node[14] = null
      Node[15] = null
    entrySet = null
    size = 6
    modCount = 6
    threshold = 12
    loadFactor = 0.75
    keySet = null
    values = null
  activator = null
  contextLock = class java.lang.Object@54a04d07

Dump of objectArray[1]
Object type = com.ibm.ws.kernel.service.location.internal.WsLocationAdminImpl
  tc = class com.ibm.websphere.ras.TraceComponent@65a089ba
    strings[0] = "TraceComponent[com.ibm.ws.kernel.service.location.internal.WsLocationAdminImpl,class com.ibm.ws.kernel.service.location.internal.WsLocationAdminImpl,[locationService],com.ibm.ws.kernel.service.location.internal.resources.LocServiceMessages,null]"
  LOC_INTERNAL_LIB_DIR = "wlp.lib.dir"
  LOC_INTERNAL_WORKAREA_DIR = "wlp.workarea.dir"
  LOC_AREA_NAME_APPS = "shared/apps/"
  LOC_AREA_NAME_CONFIG = "shared/config/"
  LOC_AREA_NAME_RESC = "shared/resources/"
  LOC_AREA_NAME_STATE = "logs/state/"
  LOC_AREA_NAME_SERVERS = "servers/"
  LOC_AREA_NAME_CLIENTS = "clients/"
  LOC_AREA_NAME_WORKING = "workarea/"
  LOC_AREA_NAME_EXTENSION = "extension/"
  instance = class com.ibm.ws.kernel.service.location.internal.WsLocationAdminImpl@129e2752
  installRoot = class com.ibm.ws.kernel.service.location.internal.SymbolicRootResource@405242a6
    strings[0] = "SymbolicRootResource[${wlp.install.dir}/=/Users/kor/IdeaProjects/FlightLogix/HelloWorld/target/liberty/wlp/]"
  installParentRoot = class com.ibm.ws.kernel.service.location.internal.SymbolicRootResource@4f8afb3e
    strings[0] = "SymbolicRootResource[${wlp.parent.dir}/=/Users/kor/IdeaProjects/FlightLogix/HelloWorld/target/liberty/]"
  userRoot = class com.ibm.ws.kernel.service.location.internal.SymbolicRootResource@35f5cbba
    strings[0] = "SymbolicRootResource[${wlp.user.dir}/=/Users/kor/IdeaProjects/FlightLogix/HelloWorld/target/liberty/wlp/usr/]"
  usrExtensionRoot = class com.ibm.ws.kernel.service.location.internal.SymbolicRootResource@75966f55
    strings[0] = "SymbolicRootResource[${usr.extension.dir}/=/Users/kor/IdeaProjects/FlightLogix/HelloWorld/target/liberty/wlp/usr/extension/]"
  serverConfigDir = class com.ibm.ws.kernel.service.location.internal.SymbolicRootResource@27034433
    strings[0] = "SymbolicRootResource[${server.config.dir}/=/Users/kor/IdeaProjects/FlightLogix/HelloWorld/target/liberty/wlp/usr/servers/FlightLogixServer/]"
  serverOutputDir = class com.ibm.ws.kernel.service.location.internal.SymbolicRootResource@27034433
  bootstrapLib = class com.ibm.ws.kernel.service.location.internal.LocalFileResource@3f4818e6
    strings[0] = "LocalFileResource[DIRECTORY;@-287752104;<undefined>;/Users/kor/IdeaProjects/FlightLogix/HelloWorld/target/liberty/wlp/lib/]"
  serverWorkarea = class com.ibm.ws.kernel.service.location.internal.LocalFileResource@247bacae
    strings[0] = "LocalFileResource[DIRECTORY;@2071544864;${server.config.dir}/workarea/;/Users/kor/IdeaProjects/FlightLogix/HelloWorld/target/liberty/wlp/usr/servers/FlightLogixServer/workarea/]"
  serverState = class com.ibm.ws.kernel.service.location.internal.LocalFileResource@62d193b3
    strings[0] = "LocalFileResource[DIRECTORY;@-1441831507;${server.config.dir}/logs/state/;/Users/kor/IdeaProjects/FlightLogix/HelloWorld/target/liberty/wlp/usr/servers/FlightLogixServer/logs/state/]"
  sharedAppsRoot = class com.ibm.ws.kernel.service.location.internal.SymbolicRootResource@5fce7106
    strings[0] = "SymbolicRootResource[${shared.app.dir}/=/Users/kor/IdeaProjects/FlightLogix/HelloWorld/target/liberty/wlp/usr/shared/apps/]"
  sharedConfigRoot = class com.ibm.ws.kernel.service.location.internal.SymbolicRootResource@203ecd31
    strings[0] = "SymbolicRootResource[${shared.config.dir}/=/Users/kor/IdeaProjects/FlightLogix/HelloWorld/target/liberty/wlp/usr/shared/config/]"
  sharedResourceRoot = class com.ibm.ws.kernel.service.location.internal.SymbolicRootResource@59591b44
    strings[0] = "SymbolicRootResource[${shared.resource.dir}/=/Users/kor/IdeaProjects/FlightLogix/HelloWorld/target/liberty/wlp/usr/shared/resources/]"
  tmpRoot = class com.ibm.ws.kernel.service.location.internal.SymbolicRootResource@377b47d7
    strings[0] = "SymbolicRootResource[${tmp}/=/var/folders/p4/49d9ll7s31lc4w87mhw5xn_r0000gn/T/]"
  serverName = "FlightLogixServer"
  resourcePaths = class java.util.ArrayList@1b91567f
    serialVersionUID = 8683452581122892189
    DEFAULT_CAPACITY = 10
    EMPTY_ELEMENTDATA = class java.lang.Object[0]
    DEFAULTCAPACITY_EMPTY_ELEMENTDATA = class java.lang.Object[0]
    elementData = class java.lang.Object[3]
      Object[0] = class java.io.File@6ffdfd0d
      Object[1] = null
      Object[2] = null
    size = 1
    MAX_ARRAY_SIZE = 2147483639
    modCount = 1
    MAX_ARRAY_SIZE = 2147483639
  resourceGroups = class java.util.HashMap@4d904779
    serialVersionUID = 362498820763181265
    DEFAULT_INITIAL_CAPACITY = 16
    MAXIMUM_CAPACITY = 1073741824
    DEFAULT_LOAD_FACTOR = 0.75
    TREEIFY_THRESHOLD = 8
    UNTREEIFY_THRESHOLD = 6
    MIN_TREEIFY_CAPACITY = 64
    table = class java.util.HashMap$Node[16]
      Node[0] = null
      Node[1] = null
      Node[2] = null
      Node[3] = null
      Node[4] = class java.util.HashMap$Node@24011110
      Node[5] = null
      Node[6] = null
      Node[7] = null
      Node[8] = null
      Node[9] = null
      Node[10] = null
      Node[11] = null
      Node[12] = null
      Node[13] = null
      Node[14] = null
      Node[15] = null
    entrySet = null
    size = 1
    modCount = 1
    threshold = 12
    loadFactor = 0.75
    keySet = null
    values = null
  commonRoot = class com.ibm.ws.kernel.service.location.internal.VirtualRootResource@5c02f6b4
    strings[0] = "com.ibm.ws.kernel.service.location.internal.VirtualRootResource@5c02f6b4"
  serialVersionUID = -5748835026800463299

Dump of objectArray[2]
Object type = java.lang.Boolean
  TRUE = true
  FALSE = false
  TYPE = class java.lang.Class@45905bff
    ANNOTATION = 8192
    ENUM = 16384
    SYNTHETIC = 4096
    cachedConstructor = null
    newInstanceCallerCache = null
    name = "boolean"
    allPermDomain = class java.security.ProtectionDomain@66b19287
      codesource = null
      classloader = null
      principals = interface java.security.Principal[0]
      permissions = class java.security.Permissions@2cbdd1ff
      hasAllPerm = true
      staticPermissions = true
      key = class java.security.ProtectionDomain$Key@35d97371
      debug = null
    useCaches = true
    reflectionData = class java.lang.ref.SoftReference@297d5605
      clock = 165982959
      timestamp = 165982959
      referent = class java.lang.Class$ReflectionData@1669e213
      queue = class java.lang.ref.ReferenceQueue$Null@11d9b90
      next = null
      discovered = null
      lock = class java.lang.ref.Reference$Lock@7d37db75
      pending = null
    classRedefinedCount = 0
    genericInfo = class sun.reflect.generics.repository.ClassRepository@5d85bab
      NONE = class sun.reflect.generics.repository.ClassRepository@5d85bab
      superclass = null
      superInterfaces = null
      typeParams = null
      factory = null
      tree = class sun.reflect.generics.tree.ClassSignature@476bc2c3
    serialVersionUID = 3206093459760846163
    serialPersistentFields = class java.io.ObjectStreamField[0]
    reflectionFactory = class sun.reflect.ReflectionFactory@77172544
      initted = true
      reflectionFactoryAccessPerm = class java.lang.RuntimePermission@28716c5d
      soleInstance = class sun.reflect.ReflectionFactory@77172544
      langReflectAccess = class java.lang.reflect.ReflectAccess@6bffda28
      hasStaticInitializerMethod = null
      noInflation = true
      inflationThreshold = 15
    initted = true
    enumConstants = null
    enumConstantDirectory = null
    annotationData = null
    annotationType = null
    classValueMap = null
  value = false
  serialVersionUID = -3665804199014368530

