------Start of DE processing------ = [02/04/21 13:11:31:482 EDT]
Exception = java.io.FileNotFoundException
Source = com.ibm.ws.config.admin.internal.ConfigurationStore
probeid = 282
Stack Dump = java.io.FileNotFoundException: /Users/kor/IdeaProjects/FlightLogix/HelloWorld/target/liberty/wlp/usr/servers/FlightLogixServer/workarea/org.eclipse.osgi/9/data/configs.data (No such file or directory)
	at java.io.FileOutputStream.open0(Native Method)
	at java.io.FileOutputStream.open(FileOutputStream.java:270)
	at java.io.FileOutputStream.<init>(FileOutputStream.java:213)
	at com.ibm.ws.config.admin.internal.ConfigurationStorageHelper.store(ConfigurationStorageHelper.java:151)
	at com.ibm.ws.config.admin.internal.ConfigurationStore.saveConfigurationDatas(ConfigurationStore.java:223)
	at com.ibm.ws.config.admin.internal.ConfigurationStore.run(ConfigurationStore.java:281)
	at java.util.concurrent.Executors$RunnableAdapter.call(Executors.java:511)
	at java.util.concurrent.FutureTask.run(FutureTask.java:266)
	at java.util.concurrent.ScheduledThreadPoolExecutor$ScheduledFutureTask.access$201(ScheduledThreadPoolExecutor.java:180)
	at java.util.concurrent.ScheduledThreadPoolExecutor$ScheduledFutureTask.run(ScheduledThreadPoolExecutor.java:293)
	at java.util.concurrent.ThreadPoolExecutor.runWorker(ThreadPoolExecutor.java:1149)
	at java.util.concurrent.ThreadPoolExecutor$Worker.run(ThreadPoolExecutor.java:624)
	at java.lang.Thread.run(Thread.java:748)

Dump of callerThis
Object type = com.ibm.ws.config.admin.internal.ConfigurationStore
  tc = class com.ibm.websphere.ras.TraceComponent@29cd8168
    strings[0] = "TraceComponent[com.ibm.ws.config.admin.internal.ConfigurationStore,class com.ibm.ws.config.admin.internal.ConfigurationStore,[config],com.ibm.ws.config.internal.resources.ConfigMessages,null]"
  caFactory = class com.ibm.ws.config.admin.internal.ConfigAdminServiceFactory@39fb57cb
    tc = class com.ibm.websphere.ras.TraceComponent@3a383861
      strings[0] = "TraceComponent[com.ibm.ws.config.admin.internal.ConfigAdminServiceFactory,class com.ibm.ws.config.admin.internal.ConfigAdminServiceFactory,[config],com.ibm.ws.config.internal.resources.ConfigMessages,null]"
    configurationPermission = class org.osgi.service.cm.ConfigurationPermission@458f5ea6
      serialVersionUID = 5716868734811965383
      CONFIGURE = "configure"
      TARGET = "target"
      ATTRIBUTE = "attribute"
      ACTION_CONFIGURE = 1
      ACTION_TARGET = 2
      ACTION_ATTRIBUTE = 4
      ACTION_ALL = 7
      ACTION_NONE = 0
      action_mask = 1
      actions = null
      substrings = class java.util.ArrayList@7143329c
      serialVersionUID = 6279438298436773498
      wildcard = true
      path = ""
      exitVM = false
      serialVersionUID = -5636570222231596674
      name = "*"
    INDEX_DICTIONARY = 0
    INDEX_LOCATION = 1
    INDEX_METATYPE_PROCESSED = 2
    INDEX_IN_OVERRIDES_FILE = 3
    INDEX_REFERENCES = 4
    INDEX_UNIQUES = 5
    bundleContext = class org.eclipse.osgi.internal.framework.BundleContextImpl@13210128
      findHookName = "org.osgi.framework.hooks.bundle.FindHook"
      valid = true
      bundle = class org.eclipse.osgi.internal.framework.EquinoxBundle@50236b99
      container = class org.eclipse.osgi.internal.framework.EquinoxContainer@746f7348
      debug = class org.eclipse.osgi.internal.debug.Debug@433c7760
      servicesInUse = class java.util.HashMap@13223d9d
      activator = class com.ibm.ws.config.internal.WSConfigActivator@62ff3643
      contextLock = class java.lang.Object@5ca2c087
    msTracker = class com.ibm.ws.config.admin.internal.ManagedServiceTracker@4db59b04
      ME = "com.ibm.ws.config.admin.internal.ManagedServiceTracker"
      tc = class com.ibm.websphere.ras.TraceComponent@732a0939
      caFactory = class com.ibm.ws.config.admin.internal.ConfigAdminServiceFactory@39fb57cb
      managedServices = class java.util.HashMap@3d5ea878
      managedServiceReferences = class java.util.HashMap@5ab8126
      serialVersionUID = -1361093010813248208
      DEBUG = false
      context = class org.eclipse.osgi.internal.framework.BundleContextImpl@13210128
      filter = class org.eclipse.osgi.internal.framework.FilterImpl$Equal@158d990c
      customizer = class com.ibm.ws.config.admin.internal.ManagedServiceTracker@4db59b04
      listenerFilter = "(objectClass=org.osgi.service.cm.ManagedService)"
      trackClass = "org.osgi.service.cm.ManagedService"
      trackReference = null
      tracked = class org.osgi.util.tracker.ServiceTracker$Tracked@2d31924e
      cachedReference = null
      cachedService = null
    msfTracker = class com.ibm.ws.config.admin.internal.ManagedServiceFactoryTracker@7e035948
      ME = "com.ibm.ws.config.admin.internal.ManagedServiceFactoryTracker"
      tc = class com.ibm.websphere.ras.TraceComponent@23c5ca92
      caFactory = class com.ibm.ws.config.admin.internal.ConfigAdminServiceFactory@39fb57cb
      managedServiceFactories = class java.util.HashMap@341dce5d
      managedServiceFactoryReferences = class java.util.HashMap@36d1d396
      serialVersionUID = -2719224650925081263
      DEBUG = false
      context = class org.eclipse.osgi.internal.framework.BundleContextImpl@13210128
      filter = class org.eclipse.osgi.internal.framework.FilterImpl$Equal@2d07b621
      customizer = class com.ibm.ws.config.admin.internal.ManagedServiceFactoryTracker@7e035948
      listenerFilter = "(objectClass=org.osgi.service.cm.ManagedServiceFactory)"
      trackClass = "org.osgi.service.cm.ManagedServiceFactory"
      trackReference = null
      tracked = class org.osgi.util.tracker.ServiceTracker$Tracked@67ebfdfe
      cachedReference = null
      cachedService = null
    pluginManager = class com.ibm.ws.config.admin.internal.PluginManager@1c8475a0
      pluginTracker = class com.ibm.ws.config.admin.internal.PluginManager$PluginTracker@781928f5
      serialVersionUID = -8398978898050816134
      $$$tc$$$ = class com.ibm.websphere.ras.TraceComponent@5d28e802
    configurationStore = class com.ibm.ws.config.admin.internal.ConfigurationStore@10eb871
    updateQueue = class com.ibm.ws.config.admin.internal.UpdateQueue@23c172f8
      tc = class com.ibm.websphere.ras.TraceComponent@34dd194a
      threadPool = class java.util.concurrent.ScheduledThreadPoolExecutor@45a346b5
      queues = class com.ibm.ws.config.admin.internal.UpdateQueue$Queue[12]
      serialVersionUID = -1595708622468130151
    ced = class com.ibm.ws.config.admin.internal.ConfigEventDispatcher@424db03f
      ME = "com.ibm.ws.config.admin.internal.ConfigEventDispatcher"
      tc = class com.ibm.websphere.ras.TraceComponent@30221d00
      st = class org.osgi.util.tracker.ServiceTracker@65e4f2f8
      configAdminReference = class org.eclipse.osgi.internal.serviceregistry.ServiceReferenceImpl@3c9fedd3
      caFactory = class com.ibm.ws.config.admin.internal.ConfigAdminServiceFactory@39fb57cb
      serialVersionUID = 7387440399302146247
    idMap = class java.util.Collections$SynchronizedMap@26606827
      serialVersionUID = 1978198479659022715
      m = class java.util.HashMap@53445d1f
      mutex = class java.util.Collections$SynchronizedMap@26606827
      keySet = null
      entrySet = null
      values = null
    referenceMap = class java.util.Collections$SynchronizedMap@19f6203e
      serialVersionUID = 1978198479659022715
      m = class java.util.HashMap@622b8902
      mutex = class java.util.Collections$SynchronizedMap@19f6203e
      keySet = null
      entrySet = null
      values = null
    variableRegistryTracker = class org.osgi.util.tracker.ServiceTracker@3108c74a
      DEBUG = false
      context = class org.eclipse.osgi.internal.framework.BundleContextImpl@13210128
      filter = class org.eclipse.osgi.internal.framework.FilterImpl$Equal@71783150
      customizer = class org.osgi.util.tracker.ServiceTracker@3108c74a
      listenerFilter = "(objectClass=com.ibm.wsspi.kernel.service.location.VariableRegistry)"
      trackClass = "com.ibm.wsspi.kernel.service.location.VariableRegistry"
      trackReference = null
      tracked = class org.osgi.util.tracker.ServiceTracker$Tracked@38400e21
      cachedReference = class org.eclipse.osgi.internal.serviceregistry.ServiceReferenceImpl@ad53c02
      cachedService = class com.ibm.ws.kernel.service.location.internal.VariableRegistryHelper@b74d82
    variableRegistry = class com.ibm.ws.kernel.service.location.internal.VariableRegistryHelper@b74d82
      registry = class com.ibm.ws.kernel.service.location.internal.SymbolRegistry@241d7f4f
      serialVersionUID = 6631204287320083732
      $$$tc$$$ = class com.ibm.websphere.ras.TraceComponent@46f7a0c3
    configurationAdminRef = class org.eclipse.osgi.internal.serviceregistry.ServiceRegistrationImpl@4acc55b5
      registry = class org.eclipse.osgi.internal.serviceregistry.ServiceRegistry@305c1791
      context = class org.eclipse.osgi.internal.framework.BundleContextImpl@13210128
      bundle = class org.eclipse.osgi.internal.framework.EquinoxBundle@50236b99
      clazzes = class java.lang.String[1]
      service = class com.ibm.ws.config.admin.internal.ConfigAdminServiceFactory@39fb57cb
      reference = class org.eclipse.osgi.internal.serviceregistry.ServiceReferenceImpl@3c9fedd3
      contextsUsing = class java.util.ArrayList@65a2d287
      properties = class java.util.Collections$UnmodifiableMap@3aebb668
      serviceid = 44
      serviceranking = 0
      registrationLock = class java.lang.Object@56db1aef
      state = 0
      REGISTERED = 0
      UNREGISTERING = 1
      UNREGISTERED = 2
      FRAMEWORK_SET_SERVICE_PROPERTIES_COUNT = 4
      $assertionsDisabled = true
    serialVersionUID = 6695202270027014725
  configurations = class java.util.HashMap@146f5af
    serialVersionUID = 362498820763181265
    DEFAULT_INITIAL_CAPACITY = 16
    MAXIMUM_CAPACITY = 1073741824
    DEFAULT_LOAD_FACTOR = 0.75
    TREEIFY_THRESHOLD = 8
    UNTREEIFY_THRESHOLD = 6
    MIN_TREEIFY_CAPACITY = 64
    table = class java.util.HashMap$Node[128]
      Node[0] = null
      Node[1] = class java.util.HashMap$Node@72f85d8d
      Node[2] = class java.util.HashMap$Node@13d9fbf
      Node[3] = null
      Node[4] = class java.util.HashMap$Node@66023106
      Node[5] = null
      Node[6] = class java.util.HashMap$Node@6800534b
      Node[7] = null
      Node[8] = null
      Node[9] = null
      Node[10] = null
      Node[11] = null
      Node[12] = null
      Node[13] = null
      Node[14] = null
      Node[15] = null
      Node[16] = null
      Node[17] = null
      Node[18] = null
      Node[19] = null
      Node[20] = null
      Node[21] = null
      Node[22] = null
      Node[23] = null
      Node[24] = null
      Node[25] = null
      Node[26] = null
      Node[27] = class java.util.HashMap$Node@58247ff3
      Node[28] = null
      Node[29] = null
      Node[30] = class java.util.HashMap$Node@3509d32f
      Node[31] = null
      Node[32] = class java.util.HashMap$Node@42f44e89
      Node[33] = null
      Node[34] = null
      Node[35] = class java.util.HashMap$Node@2804c797
      Node[36] = class java.util.HashMap$Node@53a4ee83
      Node[37] = null
      Node[38] = null
      Node[39] = null
      Node[40] = null
      Node[41] = null
      Node[42] = null
      Node[43] = null
      Node[44] = null
      Node[45] = null
      Node[46] = null
      Node[47] = null
      Node[48] = class java.util.HashMap$Node@28cfcf73
      Node[49] = class java.util.HashMap$Node@482f4ce5
      Node[50] = class java.util.HashMap$Node@46990208
      Node[51] = null
      Node[52] = null
      Node[53] = null
      Node[54] = null
      Node[55] = class java.util.HashMap$Node@32bd3cae
      Node[56] = null
      Node[57] = null
      Node[58] = class java.util.HashMap$Node@645fd9dd
      Node[59] = null
      Node[60] = class java.util.HashMap$Node@5625f9d7
      Node[61] = class java.util.HashMap$Node@58a23859
      Node[62] = null
      Node[63] = null
      Node[64] = null
      Node[65] = null
      Node[66] = null
      Node[67] = null
      Node[68] = null
      Node[69] = null
      Node[70] = null
      Node[71] = class java.util.HashMap$Node@32127af
      Node[72] = null
      Node[73] = null
      Node[74] = null
      Node[75] = class java.util.HashMap$Node@192a9727
      Node[76] = class java.util.HashMap$Node@60b83e94
      Node[77] = null
      Node[78] = null
      Node[79] = null
      Node[80] = null
      Node[81] = class java.util.HashMap$Node@2991a22a
      Node[82] = class java.util.HashMap$Node@2307e4e8
      Node[83] = null
      Node[84] = null
      Node[85] = class java.util.HashMap$Node@6ed9cc00
      Node[86] = null
      Node[87] = null
      Node[88] = null
      Node[89] = null
      Node[90] = null
      Node[91] = null
      Node[92] = class java.util.HashMap$Node@4f3403d1
      Node[93] = null
      Node[94] = class java.util.HashMap$Node@6b1078ef
      Node[95] = null
      Node[96] = null
      Node[97] = null
      Node[98] = class java.util.HashMap$Node@77ace1c1
      Node[99] = class java.util.HashMap$Node@57359af8
      Node[100] = null
      Node[101] = null
      Node[102] = class java.util.HashMap$Node@38f03144
      Node[103] = null
      Node[104] = null
      Node[105] = class java.util.HashMap$Node@504ff1b5
      Node[106] = null
      Node[107] = null
      Node[108] = null
      Node[109] = null
      Node[110] = null
      Node[111] = null
      Node[112] = class java.util.HashMap$Node@40fda094
      Node[113] = class java.util.HashMap$Node@3be40029
      Node[114] = null
      Node[115] = class java.util.HashMap$Node@2a76c00
      Node[116] = null
      Node[117] = null
      Node[118] = class java.util.HashMap$Node@2dcaf7b8
      Node[119] = null
      Node[120] = null
      Node[121] = class java.util.HashMap$Node@1e1b95
      Node[122] = null
      Node[123] = null
      Node[124] = class java.util.HashMap$Node@1be0a6f7
      Node[125] = null
      Node[126] = null
      Node[127] = class java.util.HashMap$Node@221e1ee7
    entrySet = null
    size = 42
    modCount = 168
    threshold = 96
    loadFactor = 0.75
    keySet = null
    values = class java.util.HashMap$Values@13301735
      this$0 = class java.util.HashMap@146f5af
      MAX_ARRAY_SIZE = 2147483639
  configCount = 30
  persistentConfig = class java.io.File@64cd9fec
    fs = class java.io.UnixFileSystem@7a0aa6ca
      slash = /
      colon = :
      javaHome = "/Library/Java/JavaVirtualMachines/jdk1.8.0_181.jdk/Contents/Home/jre"
      cache = class java.io.ExpiringCache@a1e009a
      javaHomePrefixCache = class java.io.ExpiringCache@22c7d221
      BA_EXISTS = 1
      BA_REGULAR = 2
      BA_DIRECTORY = 4
      BA_HIDDEN = 8
      ACCESS_READ = 4
      ACCESS_WRITE = 2
      ACCESS_EXECUTE = 1
      SPACE_TOTAL = 0
      SPACE_FREE = 1
      SPACE_USABLE = 2
      useCanonCaches = true
      useCanonPrefixCache = true
    path = "/Users/kor/IdeaProjects/FlightLogix/HelloWorld/target/liberty/wlp/usr/servers/FlightLogixServer/workarea/org.eclipse.osgi/9/data/configs.data"
    status = class java.io.File$PathStatus@72ad1fcc
      INVALID = class java.io.File$PathStatus@542d89ad
      CHECKED = class java.io.File$PathStatus@72ad1fcc
      $VALUES = class java.io.File$PathStatus[2]
      name = "CHECKED"
      ordinal = 1
    prefixLength = 1
    separatorChar = /
    separator = "/"
    pathSeparatorChar = :
    pathSeparator = ":"
    PATH_OFFSET = 16
    PREFIX_LENGTH_OFFSET = 12
    UNSAFE = class sun.misc.Unsafe@5a25fa00
      theUnsafe = class sun.misc.Unsafe@5a25fa00
      INVALID_FIELD_OFFSET = -1
      ARRAY_BOOLEAN_BASE_OFFSET = 16
      ARRAY_BYTE_BASE_OFFSET = 16
      ARRAY_SHORT_BASE_OFFSET = 16
      ARRAY_CHAR_BASE_OFFSET = 16
      ARRAY_INT_BASE_OFFSET = 16
      ARRAY_LONG_BASE_OFFSET = 16
      ARRAY_FLOAT_BASE_OFFSET = 16
      ARRAY_DOUBLE_BASE_OFFSET = 16
      ARRAY_OBJECT_BASE_OFFSET = 16
      ARRAY_BOOLEAN_INDEX_SCALE = 1
      ARRAY_BYTE_INDEX_SCALE = 1
      ARRAY_SHORT_INDEX_SCALE = 2
      ARRAY_CHAR_INDEX_SCALE = 2
      ARRAY_INT_INDEX_SCALE = 4
      ARRAY_LONG_INDEX_SCALE = 8
      ARRAY_FLOAT_INDEX_SCALE = 4
      ARRAY_DOUBLE_INDEX_SCALE = 8
      ARRAY_OBJECT_INDEX_SCALE = 4
      ADDRESS_SIZE = 8
    serialVersionUID = 301077366599181567
    filePath = null
    $assertionsDisabled = true
  saveMonitor = class java.util.concurrent.locks.ReentrantLock@10746e34
    serialVersionUID = 7373984872572414699
    sync = class java.util.concurrent.locks.ReentrantLock$NonfairSync@1eeb551c
      serialVersionUID = 7316153563782823691
      serialVersionUID = -5179523762034025860
      serialVersionUID = 7373984972572414691
      head = null
      tail = null
      state = 0
      spinForTimeoutThreshold = 1000
      unsafe = class sun.misc.Unsafe@5a25fa00
      stateOffset = 16
      headOffset = 20
      tailOffset = 24
      waitStatusOffset = 12
      nextOffset = 20
      serialVersionUID = 3737899427754241961
      exclusiveOwnerThread = null
  saveTask = null
  shutdown = false
  storeMonitor = class java.util.concurrent.locks.ReentrantReadWriteLock@73d226fe
    serialVersionUID = -6992448646407690164
    readerLock = class java.util.concurrent.locks.ReentrantReadWriteLock$ReadLock@64f5a08e
      serialVersionUID = -5992448646407690164
      sync = class java.util.concurrent.locks.ReentrantReadWriteLock$NonfairSync@62e21b86
    writerLock = class java.util.concurrent.locks.ReentrantReadWriteLock$WriteLock@20725ab9
      serialVersionUID = -4992448646407690164
      sync = class java.util.concurrent.locks.ReentrantReadWriteLock$NonfairSync@62e21b86
    sync = class java.util.concurrent.locks.ReentrantReadWriteLock$NonfairSync@62e21b86
      serialVersionUID = -8159625535654395037
      serialVersionUID = 6317671515068378041
      SHARED_SHIFT = 16
      SHARED_UNIT = 65536
      MAX_COUNT = 65535
      EXCLUSIVE_MASK = 65535
      readHolds = class java.util.concurrent.locks.ReentrantReadWriteLock$Sync$ThreadLocalHoldCounter@48db7417
      cachedHoldCounter = class java.util.concurrent.locks.ReentrantReadWriteLock$Sync$HoldCounter@70d25a2b
      firstReader = null
      firstReaderHoldCount = 1
      serialVersionUID = 7373984972572414691
      head = null
      tail = null
      state = 0
      spinForTimeoutThreshold = 1000
      unsafe = class sun.misc.Unsafe@5a25fa00
      stateOffset = 16
      headOffset = 20
      tailOffset = 24
      waitStatusOffset = 12
      nextOffset = 20
      serialVersionUID = 3737899427754241961
      exclusiveOwnerThread = null
    UNSAFE = class sun.misc.Unsafe@5a25fa00
    TID_OFFSET = 40
  serialVersionUID = -5542992233292865756

