------Start of DE processing------ = [02/04/21 13:11:01:555 EDT]
Exception = java.lang.NoClassDefFoundError
Source = com.ibm.ws.runtime.update-1.0.50.cl210320210309-1101
probeid = log
Stack Dump = java.lang.NoClassDefFoundError: com/ibm/ws/logging/internal/osgi/TrOSGiLogForwarder$1
	at com.ibm.ws.logging.internal.osgi.TrOSGiLogForwarder.logged(TrOSGiLogForwarder.java:122)
	at org.eclipse.osgi.internal.log.ExtendedLogReaderServiceFactory.safeLogged(ExtendedLogReaderServiceFactory.java:110)
	at org.eclipse.osgi.internal.log.ExtendedLogReaderServiceFactory.logPrivileged(ExtendedLogReaderServiceFactory.java:253)
	at org.eclipse.osgi.internal.log.ExtendedLogReaderServiceFactory.log(ExtendedLogReaderServiceFactory.java:225)
	at org.eclipse.osgi.internal.log.ExtendedLogServiceFactory.log(ExtendedLogServiceFactory.java:102)
	at org.eclipse.osgi.internal.log.LoggerImpl.log(LoggerImpl.java:88)
	at org.eclipse.osgi.internal.log.LogServiceManager.frameworkEvent(LogServiceManager.java:185)
	at org.eclipse.osgi.internal.framework.BundleContextImpl.dispatchEvent(BundleContextImpl.java:997)
	at org.eclipse.osgi.framework.eventmgr.EventManager.dispatchEvent(EventManager.java:234)
	at org.eclipse.osgi.framework.eventmgr.EventManager$EventThread.run(EventManager.java:345)
Caused by: java.lang.ClassNotFoundException: com.ibm.ws.logging.internal.osgi.TrOSGiLogForwarder$1 cannot be found by com.ibm.ws.logging.osgi_1.0.50.cl210320210309-1101
	at org.eclipse.osgi.internal.loader.BundleLoader.findClass(BundleLoader.java:516)
	at org.eclipse.osgi.internal.loader.ModuleClassLoader.loadClass(ModuleClassLoader.java:171)
	at java.lang.ClassLoader.loadClass(ClassLoader.java:357)
	... 10 more

Dump of callerThis
Object type = org.eclipse.osgi.internal.log.ExtendedLogEntryImpl
  nextSequenceNumber = 2
  nextThreadId = 1
  threadIds = null
  loggerName = "Events.Framework.com.ibm.ws.runtime.update"
  bundle = class org.eclipse.osgi.internal.framework.EquinoxBundle@33b042e5
    equinoxContainer = class org.eclipse.osgi.internal.framework.EquinoxContainer@746f7348
      NAME = "org.eclipse.osgi"
      secureAction = class org.eclipse.osgi.framework.util.SecureAction@5bda91e8
      equinoxConfig = class org.eclipse.osgi.internal.framework.EquinoxConfiguration@7bfd6a84
      logServices = class org.eclipse.osgi.internal.log.EquinoxLogServices@3e30aceb
      storage = class org.eclipse.osgi.storage.Storage@682e165f
      packageAdmin = class org.eclipse.osgi.internal.framework.legacy.PackageAdminImpl@67f48f63
      startLevel = class org.eclipse.osgi.internal.framework.legacy.StartLevelImpl@774d6053
      bootDelegation = class java.util.HashSet@4ca1cda5
      bootDelegationStems = class java.lang.String[12]
      bootDelegateAll = false
      isProcessClassRecursionSupportedByAll = false
      eventPublisher = class org.eclipse.osgi.internal.framework.EquinoxEventPublisher@17e9b4e0
      monitor = class java.lang.Object@bba11b6
      bootLoader = class org.eclipse.osgi.internal.framework.EquinoxContainer$1@49b42981
      serviceRegistry = class org.eclipse.osgi.internal.serviceregistry.ServiceRegistry@305c1791
      contextFinder = class org.eclipse.osgi.internal.framework.ContextFinder@36e192e6
      signedContentFactory = class org.osgi.util.tracker.ServiceTracker@6ac8ebce
      executor = class java.util.concurrent.ScheduledThreadPoolExecutor@31a46080
      storageSaver = class org.eclipse.osgi.internal.framework.StorageSaver@59b4af14
    module = class org.eclipse.osgi.internal.framework.EquinoxBundle$EquinoxModule@71aa2f8a
      this$0 = class org.eclipse.osgi.internal.framework.EquinoxBundle@33b042e5
      ACTIVE_SET = class java.util.RegularEnumSet@18c64d32
      RESOLVED_SET = class java.util.RegularEnumSet@2abcc033
      id = 16
      location = "kernel@reference:file:/Users/kor/IdeaProjects/FlightLogix/HelloWorld/target/liberty/wlp/lib/com.ibm.ws.runtime.update_1.0.50.jar"
      revisions = class org.eclipse.osgi.container.ModuleRevisions@11573970
      stateChangeLock = class org.eclipse.osgi.internal.container.EquinoxReentrantLock@496a7351
      stateTransitionEvents = class java.util.RegularEnumSet@3c5755e4
      settings = class java.util.RegularEnumSet@1fed841
      inStart = class java.util.concurrent.atomic.AtomicInteger@29cafdb7
      state = class org.eclipse.osgi.container.Module$State@9fb0339
      startlevel = 4
      lastModified = 1617383051937
      VALID_RESOLVED_TRANSITION = class java.util.RegularEnumSet@752e3194
      VALID_STOPPED_TRANSITION = class java.util.RegularEnumSet@4af49750
      $SWITCH_TABLE$org$eclipse$osgi$container$ModuleContainerAdaptor$ModuleEvent = {1,2,3,4,5,6,7,8,9,10} /* array length = 10 */
    monitor = class java.lang.Object@388c1d26
    context = class org.eclipse.osgi.internal.framework.BundleContextImpl@3d864764
      findHookName = "org.osgi.framework.hooks.bundle.FindHook"
      valid = true
      bundle = class org.eclipse.osgi.internal.framework.EquinoxBundle@33b042e5
      container = class org.eclipse.osgi.internal.framework.EquinoxContainer@746f7348
      debug = class org.eclipse.osgi.internal.debug.Debug@433c7760
      servicesInUse = class java.util.HashMap@35de78d1
      activator = null
      contextLock = class java.lang.Object@421582fb
    signerInfos = null
    $SWITCH_TABLE$org$eclipse$osgi$container$Module$State = {1,2,3,4,5,6,7} /* array length = 7 */
  level = 1
  logLevelEnum = class org.osgi.service.log.LogLevel@5fb6cd8
    AUDIT = class org.osgi.service.log.LogLevel@656df8b3
      AUDIT = class org.osgi.service.log.LogLevel@656df8b3
      ERROR = class org.osgi.service.log.LogLevel@5fb6cd8
      WARN = class org.osgi.service.log.LogLevel@3baed56a
      INFO = class org.osgi.service.log.LogLevel@3dfd43f8
      DEBUG = class org.osgi.service.log.LogLevel@6175135a
      TRACE = class org.osgi.service.log.LogLevel@6b57d7a7
      ENUM$VALUES = class org.osgi.service.log.LogLevel[6]
      name = "AUDIT"
      ordinal = 0
    ERROR = class org.osgi.service.log.LogLevel@5fb6cd8
    WARN = class org.osgi.service.log.LogLevel@3baed56a
      AUDIT = class org.osgi.service.log.LogLevel@656df8b3
      ERROR = class org.osgi.service.log.LogLevel@5fb6cd8
      WARN = class org.osgi.service.log.LogLevel@3baed56a
      INFO = class org.osgi.service.log.LogLevel@3dfd43f8
      DEBUG = class org.osgi.service.log.LogLevel@6175135a
      TRACE = class org.osgi.service.log.LogLevel@6b57d7a7
      ENUM$VALUES = class org.osgi.service.log.LogLevel[6]
      name = "WARN"
      ordinal = 2
    INFO = class org.osgi.service.log.LogLevel@3dfd43f8
      AUDIT = class org.osgi.service.log.LogLevel@656df8b3
      ERROR = class org.osgi.service.log.LogLevel@5fb6cd8
      WARN = class org.osgi.service.log.LogLevel@3baed56a
      INFO = class org.osgi.service.log.LogLevel@3dfd43f8
      DEBUG = class org.osgi.service.log.LogLevel@6175135a
      TRACE = class org.osgi.service.log.LogLevel@6b57d7a7
      ENUM$VALUES = class org.osgi.service.log.LogLevel[6]
      name = "INFO"
      ordinal = 3
    DEBUG = class org.osgi.service.log.LogLevel@6175135a
      AUDIT = class org.osgi.service.log.LogLevel@656df8b3
      ERROR = class org.osgi.service.log.LogLevel@5fb6cd8
      WARN = class org.osgi.service.log.LogLevel@3baed56a
      INFO = class org.osgi.service.log.LogLevel@3dfd43f8
      DEBUG = class org.osgi.service.log.LogLevel@6175135a
      TRACE = class org.osgi.service.log.LogLevel@6b57d7a7
      ENUM$VALUES = class org.osgi.service.log.LogLevel[6]
      name = "DEBUG"
      ordinal = 4
    TRACE = class org.osgi.service.log.LogLevel@6b57d7a7
      AUDIT = class org.osgi.service.log.LogLevel@656df8b3
      ERROR = class org.osgi.service.log.LogLevel@5fb6cd8
      WARN = class org.osgi.service.log.LogLevel@3baed56a
      INFO = class org.osgi.service.log.LogLevel@3dfd43f8
      DEBUG = class org.osgi.service.log.LogLevel@6175135a
      TRACE = class org.osgi.service.log.LogLevel@6b57d7a7
      ENUM$VALUES = class org.osgi.service.log.LogLevel[6]
      name = "TRACE"
      ordinal = 5
    ENUM$VALUES = class org.osgi.service.log.LogLevel[6]
      LogLevel[0] = class org.osgi.service.log.LogLevel@656df8b3
      LogLevel[1] = class org.osgi.service.log.LogLevel@5fb6cd8
      LogLevel[2] = class org.osgi.service.log.LogLevel@3baed56a
      LogLevel[3] = class org.osgi.service.log.LogLevel@3dfd43f8
      LogLevel[4] = class org.osgi.service.log.LogLevel@6175135a
      LogLevel[5] = class org.osgi.service.log.LogLevel@6b57d7a7
    name = "ERROR"
    ordinal = 1
  message = "FrameworkEvent ERROR"
  ref = null
  throwable = class java.io.IOException@1903ac0a
    serialVersionUID = 7818375828146090155
    serialVersionUID = -3387516993124229948
    serialVersionUID = -3042686055658047285
    detailMessage = "Exception in opening zip file: /Users/kor/IdeaProjects/FlightLogix/HelloWorld/target/liberty/wlp/lib/com.ibm.ws.runtime.update_1.0.50.jar"
    UNASSIGNED_STACK = class java.lang.StackTraceElement[0]
    cause = class java.io.FileNotFoundException@4294a06a
      serialVersionUID = -897856973823710492
      serialVersionUID = 7818375828146090155
      serialVersionUID = -3387516993124229948
      serialVersionUID = -3042686055658047285
      detailMessage = "/Users/kor/IdeaProjects/FlightLogix/HelloWorld/target/liberty/wlp/lib/com.ibm.ws.runtime.update_1.0.50.jar (No such file or directory)"
      UNASSIGNED_STACK = class java.lang.StackTraceElement[0]
      cause = class java.io.FileNotFoundException@4294a06a
      stackTrace = class java.lang.StackTraceElement[27]
      SUPPRESSED_SENTINEL = class java.util.Collections$UnmodifiableRandomAccessList@312186a1
      suppressedExceptions = class java.util.Collections$UnmodifiableRandomAccessList@312186a1
      NULL_CAUSE_MESSAGE = "Cannot suppress a null exception."
      SELF_SUPPRESSION_MESSAGE = "Self-suppression not permitted"
      CAUSE_CAPTION = "Caused by: "
      SUPPRESSED_CAPTION = "Suppressed: "
      EMPTY_THROWABLE_ARRAY = class java.lang.Throwable[0]
      $assertionsDisabled = true
    stackTrace = class java.lang.StackTraceElement[23]
      StackTraceElement[0] = class java.lang.StackTraceElement@3ccce84b
      StackTraceElement[1] = class java.lang.StackTraceElement@8410535
      StackTraceElement[2] = class java.lang.StackTraceElement@4e1fec1c
      StackTraceElement[3] = class java.lang.StackTraceElement@20f3bd7e
      StackTraceElement[4] = class java.lang.StackTraceElement@7ba6979b
      StackTraceElement[5] = class java.lang.StackTraceElement@7bce5d77
      StackTraceElement[6] = class java.lang.StackTraceElement@4a00211e
      StackTraceElement[7] = class java.lang.StackTraceElement@77256d6d
      StackTraceElement[8] = class java.lang.StackTraceElement@3870265d
      StackTraceElement[9] = class java.lang.StackTraceElement@315cf1c1
      StackTraceElement[10] = class java.lang.StackTraceElement@7a9f3e25
      StackTraceElement[11] = class java.lang.StackTraceElement@260d7a1e
      StackTraceElement[12] = class java.lang.StackTraceElement@1f76e24c
      StackTraceElement[13] = class java.lang.StackTraceElement@49f2da9a
      StackTraceElement[14] = class java.lang.StackTraceElement@4a1fbb97
      StackTraceElement[15] = class java.lang.StackTraceElement@70fe540
      StackTraceElement[16] = class java.lang.StackTraceElement@2f43136f
      StackTraceElement[17] = class java.lang.StackTraceElement@703a2a17
      StackTraceElement[18] = class java.lang.StackTraceElement@474ef484
      StackTraceElement[19] = class java.lang.StackTraceElement@3f933cc8
      StackTraceElement[20] = class java.lang.StackTraceElement@8fc983e
      StackTraceElement[21] = class java.lang.StackTraceElement@29b761a4
      StackTraceElement[22] = class java.lang.StackTraceElement@196d5ac2
    SUPPRESSED_SENTINEL = class java.util.Collections$UnmodifiableRandomAccessList@312186a1
      serialVersionUID = -2542308836966382001
      serialVersionUID = -283967356065247728
      list = class java.util.ArrayList@3320e324
      serialVersionUID = 1820017752578914078
      c = class java.util.ArrayList@3320e324
    suppressedExceptions = class java.util.Collections$UnmodifiableRandomAccessList@312186a1
    NULL_CAUSE_MESSAGE = "Cannot suppress a null exception."
    SELF_SUPPRESSION_MESSAGE = "Self-suppression not permitted"
    CAUSE_CAPTION = "Caused by: "
    SUPPRESSED_CAPTION = "Suppressed: "
    EMPTY_THROWABLE_ARRAY = class java.lang.Throwable[0]
    $assertionsDisabled = true
  contextObject = class org.osgi.framework.FrameworkEvent@b0ccb3
    serialVersionUID = 207051004521261705
    bundle = class org.eclipse.osgi.internal.framework.EquinoxBundle@33b042e5
    throwable = class java.io.IOException@1903ac0a
    type = 2
    STARTED = 1
    ERROR = 2
    PACKAGES_REFRESHED = 4
    STARTLEVEL_CHANGED = 8
    WARNING = 16
    INFO = 32
    STOPPED = 64
    STOPPED_UPDATE = 128
    STOPPED_BOOTCLASSPATH_MODIFIED = 256
    WAIT_TIMEDOUT = 512
    STOPPED_SYSTEM_REFRESHED = 1024
    serialVersionUID = 5516075349620653480
    source = class org.eclipse.osgi.internal.framework.EquinoxBundle@33b042e5
  time = 1617383461541
  threadId = 19
  threadName = "Framework Event Dispatcher: Equinox Container: 4044e9cb-c7cd-4a70-adaa-ffedfb7067de"
  sequenceNumber = 1
  stackTraceElement = null

