------Start of DE processing------ = [02/04/21 13:11:01:813 EDT]
Exception = java.lang.RuntimeException
Source = com.ibm.ws.kernel.feature.internal.FeatureManager
probeid = 865
Stack Dump = java.lang.RuntimeException: Could not create bundle file.
	at org.eclipse.osgi.storage.Storage.createBundleFile(Storage.java:1147)
	at org.eclipse.osgi.storage.BundleInfo$Generation.getBundleFile(BundleInfo.java:104)
	at org.eclipse.osgi.storage.BundleInfo$Generation.getRawHeaders(BundleInfo.java:130)
	at org.eclipse.osgi.storage.BundleInfo$CachedManifest.get(BundleInfo.java:599)
	at org.eclipse.osgi.storage.BundleInfo$CachedManifest.get(BundleInfo.java:1)
	at com.ibm.ws.kernel.feature.internal.FeatureManager.writeServiceMessages(FeatureManager.java:1026)
	at com.ibm.ws.kernel.feature.internal.FeatureManager.writeUpdateMessages(FeatureManager.java:897)
	at com.ibm.ws.kernel.feature.internal.FeatureManager.update(FeatureManager.java:789)
	at com.ibm.ws.kernel.feature.internal.FeatureManager.processFeatureChanges(FeatureManager.java:857)
	at com.ibm.ws.kernel.feature.internal.FeatureManager$1.run(FeatureManager.java:643)
	at com.ibm.ws.threading.internal.ExecutorServiceImpl$RunnableWrapper.run(ExecutorServiceImpl.java:238)
	at java.util.concurrent.ThreadPoolExecutor.runWorker(ThreadPoolExecutor.java:1149)
	at java.util.concurrent.ThreadPoolExecutor$Worker.run(ThreadPoolExecutor.java:624)
	at java.lang.Thread.run(Thread.java:748)
Caused by: java.io.IOException: The file "/Users/kor/IdeaProjects/FlightLogix/HelloWorld/target/liberty/wlp/lib/com.ibm.ws.org.jboss.jandex_1.0.50.jar" does not exist
	at org.eclipse.osgi.storage.bundlefile.ZipBundleFile.<init>(ZipBundleFile.java:43)
	at org.eclipse.osgi.storage.Storage.createBundleFile(Storage.java:1144)
	... 13 more

Dump of callerThis
Object type = com.ibm.ws.kernel.feature.internal.FeatureManager
  ME = "com.ibm.ws.kernel.feature.internal.FeatureManager"
  tc = class com.ibm.websphere.ras.TraceComponent@59a5740c
    strings[0] = "TraceComponent[com.ibm.ws.kernel.feature.internal.FeatureManager,class com.ibm.ws.kernel.feature.internal.FeatureManager,[featureManager],com.ibm.ws.kernel.feature.internal.resources.ProvisionerMessages,null]"
  CFG_KEY_ACTIVE_FEATURES = "feature"
  EE_COMPATIBLE_NAME = "eeCompatible"
  INSTALLED_BUNDLE_CACHE = "platform/feature.bundles.cache"
  FEATURE_DEF_CACHE_FILE = "platform/feature.cache"
  FEATURE_FIX_CACHE_FILE = "feature.fix.cache"
  FEATURE_FIX_CACHE_VERSION = 1
  FEATURE_TEST_FIXES = "IBM-Test-Fixes"
  FEATURE_INTERIM_FIXES = "IBM-Interim-Fixes"
  FEATURE_PRODUCT_EXTENSIONS_INSTALL = "com.ibm.websphere.productInstall"
  FEATURE_PRODUCT_EXTENSIONS_FILE_EXTENSION = ".properties"
  PRODUCT_INFO_STRING_OPEN_LIBERTY = "Open Liberty"
  featureResolver = class com.ibm.ws.kernel.feature.internal.FeatureResolverImpl@5d1898
    tc = class com.ibm.websphere.ras.TraceComponent@61e01838
      strings[0] = "TraceComponent[com.ibm.ws.kernel.feature.internal.FeatureResolverImpl,class com.ibm.ws.kernel.feature.internal.FeatureResolverImpl,[featureManager],com.ibm.ws.kernel.feature.internal.resources.ProvisionerMessages,null]"
    serialVersionUID = 1521756073866927913
    $$$tc$$$ = class com.ibm.websphere.ras.TraceComponent@375b756
      strings[0] = "TraceComponent[com.ibm.ws.kernel.feature.internal.FeatureResolverImpl,class com.ibm.ws.kernel.feature.internal.FeatureResolverImpl,[featureManager],com.ibm.ws.kernel.feature.internal.resources.ProvisionerMessages,null]"
  ALLOWED_ON_ALL_FEATURES = class java.util.Arrays$ArrayList@1b0af7c6
    serialVersionUID = -2764017481108945198
    a = class java.lang.String[2]
      String[0] = "com.ibm.websphere.appserver.timedexit-1.0"
      String[1] = "com.ibm.websphere.appserver.osgiConsole-1.0"
    modCount = 0
    MAX_ARRAY_SIZE = 2147483639
  ALL_ALLOWED_ON_CLIENT_FEATURES = class java.util.Collections$UnmodifiableCollection@5fd6f298
    serialVersionUID = 1820017752578914078
    c = class java.util.ArrayList@2b91e79a
      serialVersionUID = 8683452581122892189
      DEFAULT_CAPACITY = 10
      EMPTY_ELEMENTDATA = class java.lang.Object[0]
      DEFAULTCAPACITY_EMPTY_ELEMENTDATA = class java.lang.Object[0]
      elementData = class java.lang.Object[10]
      size = 6
      MAX_ARRAY_SIZE = 2147483639
      modCount = 2
      MAX_ARRAY_SIZE = 2147483639
  featureGroup = "feature"
  featureGroupUsr = "feature:usr"
  bundleGroup = "bundle"
  featureChanges = class java.util.concurrent.ConcurrentLinkedQueue@68c611da
    serialVersionUID = 196745693267521676
    head = class java.util.concurrent.ConcurrentLinkedQueue$Node@746f0784
      item = null
      next = null
      UNSAFE = class sun.misc.Unsafe@5a25fa00
      itemOffset = 12
      nextOffset = 16
    tail = class java.util.concurrent.ConcurrentLinkedQueue$Node@746f0784
    UNSAFE = class sun.misc.Unsafe@5a25fa00
    headOffset = 12
    tailOffset = 16
    MAX_ARRAY_SIZE = 2147483639
  bundleContext = class org.eclipse.osgi.internal.framework.BundleContextImpl@643b76a0
    findHookName = "org.osgi.framework.hooks.bundle.FindHook"
    valid = true
    bundle = class org.eclipse.osgi.internal.framework.EquinoxBundle@5d235af
      equinoxContainer = class org.eclipse.osgi.internal.framework.EquinoxContainer@746f7348
      module = class org.eclipse.osgi.internal.framework.EquinoxBundle$EquinoxModule@59ee38ce
      monitor = class java.lang.Object@673abe5f
      context = class org.eclipse.osgi.internal.framework.BundleContextImpl@643b76a0
      signerInfos = null
      $SWITCH_TABLE$org$eclipse$osgi$container$Module$State = {1,2,3,4,5,6,7} /* array length = 7 */
    container = class org.eclipse.osgi.internal.framework.EquinoxContainer@746f7348
      NAME = "org.eclipse.osgi"
      secureAction = class org.eclipse.osgi.framework.util.SecureAction@5bda91e8
      equinoxConfig = class org.eclipse.osgi.internal.framework.EquinoxConfiguration@7bfd6a84
      logServices = class org.eclipse.osgi.internal.log.EquinoxLogServices@3e30aceb
      storage = class org.eclipse.osgi.storage.Storage@682e165f
      packageAdmin = class org.eclipse.osgi.internal.framework.legacy.PackageAdminImpl@67f48f63
      startLevel = class org.eclipse.osgi.internal.framework.legacy.StartLevelImpl@774d6053
      bootDelegation = class java.util.HashSet@4ca1cda5
      bootDelegationStems = class java.lang.String[12]
      bootDelegateAll = false
      isProcessClassRecursionSupportedByAll = false
      eventPublisher = class org.eclipse.osgi.internal.framework.EquinoxEventPublisher@17e9b4e0
      monitor = class java.lang.Object@bba11b6
      bootLoader = class org.eclipse.osgi.internal.framework.EquinoxContainer$1@49b42981
      serviceRegistry = class org.eclipse.osgi.internal.serviceregistry.ServiceRegistry@305c1791
      contextFinder = class org.eclipse.osgi.internal.framework.ContextFinder@36e192e6
      signedContentFactory = class org.osgi.util.tracker.ServiceTracker@6ac8ebce
      executor = class java.util.concurrent.ScheduledThreadPoolExecutor@31a46080
      storageSaver = class org.eclipse.osgi.internal.framework.StorageSaver@59b4af14
    debug = class org.eclipse.osgi.internal.debug.Debug@433c7760
      ECLIPSE_OSGI = "org.eclipse.osgi"
      OPTION_DEBUG_GENERAL = "org.eclipse.osgi/debug"
      OPTION_DEBUG_BUNDLE_TIME = "org.eclipse.osgi/debug/bundleTime"
      OPTION_DEBUG_BUNDLE_START_TIME = "org.eclipse.osgi/debug/bundleStartTime"
      OPTION_DEBUG_LOADER = "org.eclipse.osgi/debug/loader"
      OPTION_DEBUG_STORAGE = "org.eclipse.osgi/debug/storage"
      OPTION_DEBUG_EVENTS = "org.eclipse.osgi/debug/events"
      OPTION_DEBUG_SERVICES = "org.eclipse.osgi/debug/services"
      OPTION_DEBUG_HOOKS = "org.eclipse.osgi/debug/hooks"
      OPTION_DEBUG_MANIFEST = "org.eclipse.osgi/debug/manifest"
      OPTION_DEBUG_FILTER = "org.eclipse.osgi/debug/filter"
      OPTION_DEBUG_SECURITY = "org.eclipse.osgi/debug/security"
      OPTION_DEBUG_STARTLEVEL = "org.eclipse.osgi/debug/startlevel"
      OPTION_DEBUG_PACKAGEADMIN = "org.eclipse.osgi/debug/packageadmin"
      OPTION_DEBUG_PACKAGEADMIN_TIMING = "org.eclipse.osgi/debug/packageadmin/timing"
      OPTION_MONITOR_ACTIVATION = "org.eclipse.osgi/monitor/activation"
      OPTION_MONITOR_LAZY = "org.eclipse.osgi/monitor/lazy"
      OPTION_DEBUG_MESSAGE_BUNDLES = "org.eclipse.osgi/debug/messageBundles"
      OPTION_DEBUG_LOCATION = "org.eclipse.osgi/debug/location"
      OPTION_CACHED_MANIFEST = "org.eclipse.osgi/debug/cachedmanifest"
      OPTION_DEBUG_SYSTEM_BUNDLE = "org.eclipse.osgi/debug/systemBundle"
      OPTION_DEBUG_BUNDLE_FILE = "org.eclipse.osgi/debug/bundleFile"
      DEBUG_GENERAL = false
      DEBUG_BUNDLE_TIME = false
      DEBUG_LOADER = false
      DEBUG_STORAGE = false
      DEBUG_EVENTS = false
      DEBUG_SERVICES = false
      DEBUG_HOOKS = false
      DEBUG_MANIFEST = false
      DEBUG_FILTER = false
      DEBUG_SECURITY = false
      DEBUG_STARTLEVEL = false
      DEBUG_PACKAGEADMIN = false
      DEBUG_PACKAGEADMIN_TIMING = false
      DEBUG_MESSAGE_BUNDLES = false
      MONITOR_ACTIVATION = false
      DEBUG_LOCATION = false
      DEBUG_CACHED_MANIFEST = false
      DEBUG_SYSTEM_BUNDLE = false
      DEBUG_BUNDLE_FILE = false
      out = class com.ibm.ws.logging.internal.impl.BaseTraceService$TeePrintStream@3f102f5b
    servicesInUse = class java.util.HashMap@73c6d9c1
      serialVersionUID = 362498820763181265
      DEFAULT_INITIAL_CAPACITY = 16
      MAXIMUM_CAPACITY = 1073741824
      DEFAULT_LOAD_FACTOR = 0.75
      TREEIFY_THRESHOLD = 8
      UNTREEIFY_THRESHOLD = 6
      MIN_TREEIFY_CAPACITY = 64
      table = class java.util.HashMap$Node[16]
      entrySet = null
      size = 6
      modCount = 6
      threshold = 12
      loadFactor = 0.75
      keySet = null
      values = null
    activator = null
    contextLock = class java.lang.Object@54a04d07
  locationService = class com.ibm.ws.kernel.service.location.internal.WsLocationAdminImpl@129e2752
    tc = class com.ibm.websphere.ras.TraceComponent@65a089ba
      strings[0] = "TraceComponent[com.ibm.ws.kernel.service.location.internal.WsLocationAdminImpl,class com.ibm.ws.kernel.service.location.internal.WsLocationAdminImpl,[locationService],com.ibm.ws.kernel.service.location.internal.resources.LocServiceMessages,null]"
    LOC_INTERNAL_LIB_DIR = "wlp.lib.dir"
    LOC_INTERNAL_WORKAREA_DIR = "wlp.workarea.dir"
    LOC_AREA_NAME_APPS = "shared/apps/"
    LOC_AREA_NAME_CONFIG = "shared/config/"
    LOC_AREA_NAME_RESC = "shared/resources/"
    LOC_AREA_NAME_STATE = "logs/state/"
    LOC_AREA_NAME_SERVERS = "servers/"
    LOC_AREA_NAME_CLIENTS = "clients/"
    LOC_AREA_NAME_WORKING = "workarea/"
    LOC_AREA_NAME_EXTENSION = "extension/"
    instance = class com.ibm.ws.kernel.service.location.internal.WsLocationAdminImpl@129e2752
    installRoot = class com.ibm.ws.kernel.service.location.internal.SymbolicRootResource@405242a6
      strings[0] = "SymbolicRootResource[${wlp.install.dir}/=/Users/kor/IdeaProjects/FlightLogix/HelloWorld/target/liberty/wlp/]"
    installParentRoot = class com.ibm.ws.kernel.service.location.internal.SymbolicRootResource@4f8afb3e
      strings[0] = "SymbolicRootResource[${wlp.parent.dir}/=/Users/kor/IdeaProjects/FlightLogix/HelloWorld/target/liberty/]"
    userRoot = class com.ibm.ws.kernel.service.location.internal.SymbolicRootResource@35f5cbba
      strings[0] = "SymbolicRootResource[${wlp.user.dir}/=/Users/kor/IdeaProjects/FlightLogix/HelloWorld/target/liberty/wlp/usr/]"
    usrExtensionRoot = class com.ibm.ws.kernel.service.location.internal.SymbolicRootResource@75966f55
      strings[0] = "SymbolicRootResource[${usr.extension.dir}/=/Users/kor/IdeaProjects/FlightLogix/HelloWorld/target/liberty/wlp/usr/extension/]"
    serverConfigDir = class com.ibm.ws.kernel.service.location.internal.SymbolicRootResource@27034433
      strings[0] = "SymbolicRootResource[${server.config.dir}/=/Users/kor/IdeaProjects/FlightLogix/HelloWorld/target/liberty/wlp/usr/servers/FlightLogixServer/]"
    serverOutputDir = class com.ibm.ws.kernel.service.location.internal.SymbolicRootResource@27034433
    bootstrapLib = class com.ibm.ws.kernel.service.location.internal.LocalFileResource@3f4818e6
      strings[0] = "LocalFileResource[DIRECTORY;@-287752104;<undefined>;/Users/kor/IdeaProjects/FlightLogix/HelloWorld/target/liberty/wlp/lib/]"
    serverWorkarea = class com.ibm.ws.kernel.service.location.internal.LocalFileResource@247bacae
      strings[0] = "LocalFileResource[DIRECTORY;@2071544864;${server.config.dir}/workarea/;/Users/kor/IdeaProjects/FlightLogix/HelloWorld/target/liberty/wlp/usr/servers/FlightLogixServer/workarea/]"
    serverState = class com.ibm.ws.kernel.service.location.internal.LocalFileResource@62d193b3
      strings[0] = "LocalFileResource[DIRECTORY;@-1441831507;${server.config.dir}/logs/state/;/Users/kor/IdeaProjects/FlightLogix/HelloWorld/target/liberty/wlp/usr/servers/FlightLogixServer/logs/state/]"
    sharedAppsRoot = class com.ibm.ws.kernel.service.location.internal.SymbolicRootResource@5fce7106
      strings[0] = "SymbolicRootResource[${shared.app.dir}/=/Users/kor/IdeaProjects/FlightLogix/HelloWorld/target/liberty/wlp/usr/shared/apps/]"
    sharedConfigRoot = class com.ibm.ws.kernel.service.location.internal.SymbolicRootResource@203ecd31
      strings[0] = "SymbolicRootResource[${shared.config.dir}/=/Users/kor/IdeaProjects/FlightLogix/HelloWorld/target/liberty/wlp/usr/shared/config/]"
    sharedResourceRoot = class com.ibm.ws.kernel.service.location.internal.SymbolicRootResource@59591b44
      strings[0] = "SymbolicRootResource[${shared.resource.dir}/=/Users/kor/IdeaProjects/FlightLogix/HelloWorld/target/liberty/wlp/usr/shared/resources/]"
    tmpRoot = class com.ibm.ws.kernel.service.location.internal.SymbolicRootResource@377b47d7
      strings[0] = "SymbolicRootResource[${tmp}/=/var/folders/p4/49d9ll7s31lc4w87mhw5xn_r0000gn/T/]"
    serverName = "FlightLogixServer"
    resourcePaths = class java.util.ArrayList@1b91567f
      serialVersionUID = 8683452581122892189
      DEFAULT_CAPACITY = 10
      EMPTY_ELEMENTDATA = class java.lang.Object[0]
      DEFAULTCAPACITY_EMPTY_ELEMENTDATA = class java.lang.Object[0]
      elementData = class java.lang.Object[3]
      size = 1
      MAX_ARRAY_SIZE = 2147483639
      modCount = 1
      MAX_ARRAY_SIZE = 2147483639
    resourceGroups = class java.util.HashMap@4d904779
      serialVersionUID = 362498820763181265
      DEFAULT_INITIAL_CAPACITY = 16
      MAXIMUM_CAPACITY = 1073741824
      DEFAULT_LOAD_FACTOR = 0.75
      TREEIFY_THRESHOLD = 8
      UNTREEIFY_THRESHOLD = 6
      MIN_TREEIFY_CAPACITY = 64
      table = class java.util.HashMap$Node[16]
      entrySet = null
      size = 1
      modCount = 1
      threshold = 12
      loadFactor = 0.75
      keySet = null
      values = null
    commonRoot = class com.ibm.ws.kernel.service.location.internal.VirtualRootResource@5c02f6b4
      strings[0] = "com.ibm.ws.kernel.service.location.internal.VirtualRootResource@5c02f6b4"
    serialVersionUID = -5748835026800463299
  executorService = class com.ibm.ws.threading.internal.ExecutorServiceImpl@3a8fc01f
    threadPool = class java.util.concurrent.ThreadPoolExecutor@5c19e3d
      ctl = class java.util.concurrent.atomic.AtomicInteger@483255c3
      COUNT_BITS = 29
      CAPACITY = 536870911
      RUNNING = -536870912
      SHUTDOWN = 0
      STOP = 536870912
      TIDYING = 1073741824
      TERMINATED = 1610612736
      workQueue = class com.ibm.ws.threading.internal.BoundedBuffer@30ffaab2
      mainLock = class java.util.concurrent.locks.ReentrantLock@756e3681
      workers = class java.util.HashSet@2515f25e
      termination = class java.util.concurrent.locks.AbstractQueuedSynchronizer$ConditionObject@7fd32772
      largestPoolSize = 24
      completedTaskCount = 86
      threadFactory = class com.ibm.ws.threading.internal.ThreadFactoryImpl@3234b800
      handler = class com.ibm.ws.threading.internal.ExecutorServiceImpl$ExpandPolicy@366a5af9
      keepAliveTime = 0
      allowCoreThreadTimeOut = false
      corePoolSize = 24
      maximumPoolSize = 24
      defaultHandler = class java.util.concurrent.ThreadPoolExecutor$AbortPolicy@75009d23
      shutdownPerm = class java.lang.RuntimePermission@1a1aad13
      acc = null
      ONLY_ONE = true
      $assertionsDisabled = true
    threadPoolController = class com.ibm.ws.threading.internal.ThreadPoolController@3426ea7a
      tc = class com.ibm.websphere.ras.TraceComponent@792bb239
      interval = 1500
      hangInterval = 750
      hangResolutionCountdown = 0
      hangResolutionCycles = 3
      hangBufferPoolSize = 0
      currentMinimumPoolSize = 24
      controllerCyclesWithoutHang = 0
      noHangCyclesThreshold = 8
      compareRange = 4
      NUMBER_CPUS = 12
      controllerCycle = 54
      distributionReset = false
      poolIncrement = 12
      poolDecrement = 12
      maxThreadsPoolDecrement = 1
      poolChangeBasis = 12
      poolIncrementBoundLow = 192
      poolIncrementBoundMedium = 768
      poolIncrementMax = 48
      poolIncrementMin = 1
      POOL_INCREMENT_MIN_DEFAULT = 1
      POOL_INCREMENT_MAX_DEFAULT = 48
      minimumDesiredPoolSizeAdjustments = 10
      targetPoolSize = 24
      consecutiveTargetPoolSizeWrong = 0
      MAX_CONSECUTIVE_TARGET_POOLSIZE_WRONG = 3
      highCpu = 90
      lowTputThreadsRatio = 1.0
      activeThreadsGrowthRatio = 0.75
      dataAgePruneLevel = 5.0
      compareSpanPruneMultiplier = 2
      tputRatioPruneLevel = 5.0
      poolTputRatioHigh = 5.0
      poolTputRatioLow = 3.0
      compareSpanRatioMultiplier = 2
      growScoreFilterLevel = 0.5
      shrinkScoreFilterLevel = 0.5
      growShrinkDiffFilter = 0.25
      resetDistroStdDevEwmaRatio = 0.1
      resetDistroNewTputEwmaRatio = 0.5
      resetDistroConsecutiveOutliers = 5.0
      processCpuUtil = 0.050542635658914724
      systemCpuUtil = 11.523545706371191
      cpuUtil = 11.523545706371191
      df = class java.text.DecimalFormat@595c2bd9
      queueDepth = 0
      activeThreads = 0
      MAX_INTERVALS_WITHOUT_CHANGE = 5
      EMPTY_QUEUE_SHRINK_MAGIC_PER_INTERVAL = 0.04
      IDLE_INTERVALS_BEFORE_PAUSE = 3
      MAX_OUTLIER_AFTER_CHANGE_BEFORE_RESET = 10
      MAX_THREADS_TO_BREAK_HANG = 1536
      executorService = class com.ibm.ws.threading.internal.ExecutorServiceImpl@3a8fc01f
      lastAction = class com.ibm.ws.threading.internal.ThreadPoolController$LastAction@3993b840
      timer = class java.util.Timer@467c11c7
      activeTask = class com.ibm.ws.threading.internal.IntervalTask@142594d1
      paused = false
      lastTimerPop = 1617383460803
      previousCompleted = 2688
      previousThroughput = 13.953488372093023
      consecutiveQueueEmptyCount = 54
      consecutiveNoAdjustment = 4
      consecutiveOutlierAfterAdjustment = 0
      consecutiveIdleCount = 0
      maxThreads = 2147483647
      coreThreads = 24
      threadRange = 2147483623
      threadPool = class java.util.concurrent.ThreadPoolExecutor@5c19e3d
      threadStats = class java.util.TreeMap@2c1f676f
      poolSizeWhenHangDetected = -1
      hangIntervalCounter = 0
      hangMaxThreadsMessageEmitted = false
      serialVersionUID = -8899192782934828217
    poolName = "Default Executor"
    MINIMUM_POOL_SIZE = 4
    componentConfig = class org.apache.felix.scr.impl.helper.ReadOnlyDictionary@4126f304
      m_delegate = class java.util.Hashtable@60d28f92
      m_serviceReference = null
    interceptorsActive = false
    interceptors = class java.util.concurrent.CopyOnWriteArraySet@5d1bfe42
      serialVersionUID = 5457747651344034263
      al = class java.util.concurrent.CopyOnWriteArrayList@2a5dc78e
      MAX_ARRAY_SIZE = 2147483639
    threadFactory = null
    serverStopping = false
    phaser = class java.util.concurrent.Phaser@5422b3aa
      state = 196611
      MAX_PARTIES = 65535
      MAX_PHASE = 2147483647
      PARTIES_SHIFT = 16
      PHASE_SHIFT = 32
      UNARRIVED_MASK = 65535
      PARTIES_MASK = 4294901760
      COUNTS_MASK = 4294967295
      TERMINATION_BIT = -9223372036854775808
      ONE_ARRIVAL = 1
      ONE_PARTY = 65536
      ONE_DEREGISTER = 65537
      EMPTY = 1
      parent = null
      root = class java.util.concurrent.Phaser@5422b3aa
      evenQ = class java.util.concurrent.atomic.AtomicReference@162c1ce
      oddQ = class java.util.concurrent.atomic.AtomicReference@4d8cf04b
      NCPU = 12
      SPINS_PER_ARRIVAL = 256
      UNSAFE = class sun.misc.Unsafe@5a25fa00
      stateOffset = 16
    serialVersionUID = 6930666794455919448
    $$$tc$$$ = class com.ibm.websphere.ras.TraceComponent@65fcbce5
      strings[0] = "TraceComponent[com.ibm.ws.threading.internal.ExecutorServiceImpl,class com.ibm.ws.threading.internal.ExecutorServiceImpl,[Threading],com.ibm.ws.threading.internal.resources.ThreadingMessages,null]"
  variableRegistry = class com.ibm.ws.kernel.service.location.internal.VariableRegistryHelper@b74d82
    registry = class com.ibm.ws.kernel.service.location.internal.SymbolRegistry@241d7f4f
      tc = class com.ibm.websphere.ras.TraceComponent@6cdde810
      SYMBOL_DEF = class java.util.regex.Pattern@b27286c
      instance = class com.ibm.ws.kernel.service.location.internal.SymbolRegistry@241d7f4f
      RECURSE_LIMIT = 10
      EVENT_ADDED = "ADDED ${"
      EVENT_REPLACED = "REPLACED ${"
      EVENT_ADDED_MIDDLE = "}="
      stringToEntry = class java.util.concurrent.ConcurrentHashMap@49d01dc1
      rootPaths = class java.util.concurrent.ConcurrentSkipListSet@38e1033d
      serialVersionUID = -7025838233203271862
    serialVersionUID = 6631204287320083732
    $$$tc$$$ = class com.ibm.websphere.ras.TraceComponent@46f7a0c3
      strings[0] = "TraceComponent[com.ibm.ws.kernel.service.location.internal.VariableRegistryHelper,class com.ibm.ws.kernel.service.location.internal.VariableRegistryHelper,[locationService],com.ibm.ws.kernel.service.location.internal.resources.LocServiceMessages,null]"
  runtimeUpdateManager = class com.ibm.ws.runtime.update.internal.RuntimeUpdateManagerImpl@4c4f3e95
    tc = class com.ibm.websphere.ras.TraceComponent@17a1a6d
      strings[0] = "TraceComponent[com.ibm.ws.runtime.update.internal.RuntimeUpdateManagerImpl,class com.ibm.ws.runtime.update.internal.RuntimeUpdateManagerImpl,[runtime.update],com.ibm.ws.runtime.update.internal.resources.Messages,null]"
    futureMonitor = class com.ibm.ws.threading.internal.FutureMonitorImpl@3995286
      _monitor = class java.util.concurrent.ConcurrentLinkedQueue@48b3b31c
      _executor = class com.ibm.ws.threading.internal.ScheduledExecutorImpl@6441e673
      _threadRunning = class java.util.concurrent.atomic.AtomicBoolean@706e91e
      _thread = class com.ibm.ws.threading.internal.FutureMonitorImpl$1@3da70057
      serialVersionUID = 2765238413969174390
      $$$tc$$$ = class com.ibm.websphere.ras.TraceComponent@18243025
    normalServerStop = class java.util.concurrent.atomic.AtomicBoolean@bf6703
      serialVersionUID = 4654671469794556979
      unsafe = class sun.misc.Unsafe@5a25fa00
      valueOffset = 12
      value = 1
    updateListeners = class java.util.HashSet@6a2466e2
      serialVersionUID = -5024744406713321676
      map = class java.util.HashMap@bf103dd
      PRESENT = class java.lang.Object@64908cf3
      MAX_ARRAY_SIZE = 2147483639
    notifications = class java.util.HashMap@191ac0b8
      serialVersionUID = 362498820763181265
      DEFAULT_INITIAL_CAPACITY = 16
      MAXIMUM_CAPACITY = 1073741824
      DEFAULT_LOAD_FACTOR = 0.75
      TREEIFY_THRESHOLD = 8
      UNTREEIFY_THRESHOLD = 6
      MIN_TREEIFY_CAPACITY = 64
      table = class java.util.HashMap$Node[16]
      entrySet = null
      size = 7
      modCount = 16
      threshold = 12
      loadFactor = 0.75
      keySet = null
      values = class java.util.HashMap$Values@2e6d331
    bundleCtx = class org.eclipse.osgi.internal.framework.BundleContextImpl@3d864764
      findHookName = "org.osgi.framework.hooks.bundle.FindHook"
      valid = true
      bundle = class org.eclipse.osgi.internal.framework.EquinoxBundle@33b042e5
      container = class org.eclipse.osgi.internal.framework.EquinoxContainer@746f7348
      debug = class org.eclipse.osgi.internal.debug.Debug@433c7760
      servicesInUse = class java.util.HashMap@35de78d1
      activator = null
      contextLock = class java.lang.Object@421582fb
    cleanupListener = class com.ibm.ws.runtime.update.internal.RuntimeUpdateManagerImpl$1@46c99513
      this$0 = class com.ibm.ws.runtime.update.internal.RuntimeUpdateManagerImpl@4c4f3e95
      serialVersionUID = -1247721544084393241
      $$$tc$$$ = class com.ibm.websphere.ras.TraceComponent@15a8cb73
    locationService = class com.ibm.ws.kernel.service.location.internal.WsLocationAdminImpl@129e2752
    libertyProcess = class com.ibm.ws.kernel.launch.internal.LibertyProcessImpl@3d3575b6
      argList = class java.util.ArrayList@7af0695e
      frameworkMgr = class com.ibm.ws.kernel.launch.internal.FrameworkManager@4b9da2d
      serialVersionUID = 3220471380775276842
      $$$tc$$$ = class com.ibm.websphere.ras.TraceComponent@4b3a45f1
    executorService = class com.ibm.ws.threading.internal.ExecutorServiceImpl@3a8fc01f
    serialVersionUID = -6215238739117988494
  eventAdminService = class com.ibm.ws.event.internal.EventEngineImpl@32827fd
    tc = class com.ibm.websphere.ras.TraceComponent@40c0f29e
      strings[0] = "TraceComponent[com.ibm.ws.event.internal.EventEngineImpl,class com.ibm.ws.event.internal.EventEngineImpl,[EventEngine],null,null]"
    OSGI_EVENT_HANDLER_REFERENCE_NAME = "OsgiEventHandler"
    WS_EVENT_HANDLER_REFERENCE_NAME = "WsEventHandler"
    CFG_KEY_REENTRANT_HANDLER_DEFAULT = "reentrant.handler.default"
    CFG_KEY_STAGE_PREFIX = "stage.topics."
    topicCache = class com.ibm.ws.event.internal.TopicBasedCache@5fe393a4
      serialVersionUID = -1668099068630434622
      DEFAULT_STAGE_NAME = "Events"
      serviceReferenceMap = class java.util.HashMap@56303b04
      discreteEventHandlers = class java.util.HashMap@74b69758
      wildcardEventHandlers = class java.util.HashMap@199a4345
      discreteStageTopics = class java.util.HashMap@5a35cf70
      wildcardStageTopics = class java.util.HashMap@d0a2729
      topicDataCache = class java.util.concurrent.ConcurrentHashMap@4dc67d87
      eventEngine = class com.ibm.ws.event.internal.EventEngineImpl@32827fd
      $$$tc$$$ = class com.ibm.websphere.ras.TraceComponent@4b7cc44b
    componentContext = class org.apache.felix.scr.impl.manager.ComponentContextImpl@d9f9cf3
      m_componentManager = class org.apache.felix.scr.impl.manager.SingleComponentManager@41f6e24d
      edgeInfos = class org.apache.felix.scr.impl.manager.EdgeInfo[4]
      m_componentInstance = class org.apache.felix.scr.impl.manager.ComponentContextImpl$ComponentInstanceImpl@41f5a8f1
      m_usingBundle = class org.eclipse.osgi.internal.framework.EquinoxBundle@3b47ed9e
      m_serviceRegistration = class org.eclipse.osgi.internal.serviceregistry.ServiceRegistrationImpl@66b81fd9
      m_implementationObject = class com.ibm.ws.event.internal.EventEngineImpl@32827fd
      m_implementationAccessible = true
      accessibleLatch = class java.util.concurrent.CountDownLatch@79975991
      serviceObjectsHelper = class org.apache.felix.scr.impl.helper.ComponentServiceObjectsHelper@f852864
      boundValues = null
    bundleContext = class org.eclipse.osgi.internal.framework.BundleContextImpl@5af51b45
      findHookName = "org.osgi.framework.hooks.bundle.FindHook"
      valid = true
      bundle = class org.eclipse.osgi.internal.framework.EquinoxBundle@3b47ed9e
      container = class org.eclipse.osgi.internal.framework.EquinoxContainer@746f7348
      debug = class org.eclipse.osgi.internal.debug.Debug@433c7760
      servicesInUse = class java.util.HashMap@77f73a56
      activator = null
      contextLock = class java.lang.Object@116212ac
    logService = class org.eclipse.osgi.internal.log.ExtendedLogServiceImpl@2eb080bb
      factory = class org.eclipse.osgi.internal.log.ExtendedLogServiceFactory@4cbbbe23
      bundle = class org.eclipse.osgi.internal.framework.EquinoxBundle@3b47ed9e
      loggerCache = class java.util.HashMap@1bcb9b49
      LOG_SERVICE = "LogService"
    frameworkEventAdapter = class com.ibm.ws.event.internal.adapter.FrameworkEventAdapter@2a18259c
      FRAMEWORK_EVENT_TOPIC_PREFIX = "org/osgi/framework/FrameworkEvent/"
      eventAdmin = class com.ibm.ws.event.internal.EventEngineImpl@32827fd
      serialVersionUID = -1092610607214715909
      $$$tc$$$ = class com.ibm.websphere.ras.TraceComponent@5bbd839e
    bundleEventAdapter = class com.ibm.ws.event.internal.adapter.BundleEventAdapter@6925edc8
      BUNDLE_EVENT_TOPIC_PREFIX = "org/osgi/framework/BundleEvent/"
      eventAdmin = class com.ibm.ws.event.internal.EventEngineImpl@32827fd
      serialVersionUID = -818773777250172927
      $$$tc$$$ = class com.ibm.websphere.ras.TraceComponent@688b8f83
    serviceEventAdapter = class com.ibm.ws.event.internal.adapter.ServiceEventAdapter@182c9c1b
      SERVICE_EVENT_TOPIC_PREFIX = "org/osgi/framework/ServiceEvent/"
      eventAdmin = class com.ibm.ws.event.internal.EventEngineImpl@32827fd
      serialVersionUID = 408387796793790680
      $$$tc$$$ = class com.ibm.websphere.ras.TraceComponent@6daf25f9
    executorServiceFactory = class com.ibm.ws.event.internal.WorkStageExecutorServiceFactory@323372fd
      executorService = class com.ibm.ws.threading.internal.ExecutorServiceImpl@3a8fc01f
      serialVersionUID = -89348135483836177
      $$$tc$$$ = class com.ibm.websphere.ras.TraceComponent@177d99f1
    defaultReentrancy = true
    skipSchedule = false
    serialVersionUID = -3714378010555321089
  digraph = class org.eclipse.equinox.internal.region.StandardRegionDigraph@246547b6
    EMPTY_EDGE_SET = class java.util.Collections$UnmodifiableSet@3e9a74fb
      serialVersionUID = -9215047833775013803
      serialVersionUID = 1820017752578914078
      c = class java.util.HashSet@e1b1bd3
    monitor = class java.lang.Object@3e979
    regions = class java.util.HashMap@28780997
      serialVersionUID = 362498820763181265
      DEFAULT_INITIAL_CAPACITY = 16
      MAXIMUM_CAPACITY = 1073741824
      DEFAULT_LOAD_FACTOR = 0.75
      TREEIFY_THRESHOLD = 8
      UNTREEIFY_THRESHOLD = 6
      MIN_TREEIFY_CAPACITY = 64
      table = class java.util.HashMap$Node[16]
      entrySet = null
      size = 12
      modCount = 12
      threshold = 12
      loadFactor = 0.75
      keySet = null
      values = null
    bundleIdToRegionMapping = class org.eclipse.equinox.internal.region.StandardBundleIdToRegionMapping@c719635
      monitor = class java.lang.Object@383f5158
      bundleToRegion = class java.util.HashMap@133c4f81
    edges = class java.util.HashMap@61a116ec
      serialVersionUID = 362498820763181265
      DEFAULT_INITIAL_CAPACITY = 16
      MAXIMUM_CAPACITY = 1073741824
      DEFAULT_LOAD_FACTOR = 0.75
      TREEIFY_THRESHOLD = 8
      UNTREEIFY_THRESHOLD = 6
      MIN_TREEIFY_CAPACITY = 64
      table = class java.util.HashMap$Node[16]
      entrySet = null
      size = 12
      modCount = 12
      threshold = 12
      loadFactor = 0.75
      keySet = null
      values = null
    bundleContext = class org.eclipse.osgi.internal.framework.BundleContextImpl@5f6722d3
    threadLocal = class java.lang.ThreadLocal@7e767380
      threadLocalHashCode = 957401312
      nextHashCode = class java.util.concurrent.atomic.AtomicInteger@578ad922
      HASH_INCREMENT = 1640531527
    subgraphTraverser = class org.eclipse.equinox.internal.region.SubgraphTraverser@16aae968
    bundleCollisionHook = class org.eclipse.equinox.internal.region.hook.RegionBundleCollisionHook@166a15b6
      regionDigraph = class org.eclipse.equinox.internal.region.StandardRegionDigraph@246547b6
      threadLocal = class java.lang.ThreadLocal@7e767380
    bundleEventHook = class org.eclipse.equinox.internal.region.hook.RegionBundleEventHook@7f1577e1
      regionDigraph = class org.eclipse.equinox.internal.region.StandardRegionDigraph@246547b6
      threadLocal = class java.lang.ThreadLocal@7e767380
      hookImplID = 0
    bundleFindHook = class org.eclipse.equinox.internal.region.hook.RegionBundleFindHook@32b2e1f0
      regionDigraph = class org.eclipse.equinox.internal.region.StandardRegionDigraph@246547b6
      hookImplID = 0
    serviceEventHook = class org.eclipse.equinox.internal.region.hook.RegionServiceEventHook@7312af67
      regionDigraph = class org.eclipse.equinox.internal.region.StandardRegionDigraph@246547b6
    serviceFindHook = class org.eclipse.equinox.internal.region.hook.RegionServiceFindHook@3593c316
      regionDigraph = class org.eclipse.equinox.internal.region.StandardRegionDigraph@246547b6
    resolverHookFactory = class org.eclipse.equinox.internal.region.hook.RegionResolverHookFactory@61ed103a
      regionDigraph = class org.eclipse.equinox.internal.region.StandardRegionDigraph@246547b6
    origin = null
    originUpdateCount = -1
    updateCount = class java.util.concurrent.atomic.AtomicLong@44f5d096
      serialVersionUID = 1927816293512124184
      unsafe = class sun.misc.Unsafe@5a25fa00
      valueOffset = 16
      VM_SUPPORTS_LONG_CAS = true
      value = 208
      serialVersionUID = -8742448824652078965
    defaultRegion = null
  iAmUpdater = class java.util.concurrent.locks.ReentrantLock@7cf5ca21
    serialVersionUID = 7373984872572414699
    sync = class java.util.concurrent.locks.ReentrantLock$NonfairSync@227a26f8
      serialVersionUID = 7316153563782823691
      serialVersionUID = -5179523762034025860
      serialVersionUID = 7373984972572414691
      head = null
      tail = null
      state = 1
      spinForTimeoutThreshold = 1000
      unsafe = class sun.misc.Unsafe@5a25fa00
      stateOffset = 16
      headOffset = 20
      tailOffset = 24
      waitStatusOffset = 12
      nextOffset = 20
      serialVersionUID = 3737899427754241961
      exclusiveOwnerThread = class java.lang.Thread@63ba73c7
  fwStartLevel = class org.eclipse.osgi.container.ModuleContainer$ContainerStartLevel@4b46ee69
    USE_BEGINNING_START_LEVEL = -2147483648
    FRAMEWORK_STARTLEVEL = 1
    MODULE_STARTLEVEL = 2
    activeStartLevel = class java.util.concurrent.atomic.AtomicInteger@53d8b358
      serialVersionUID = 6214790243416807050
      unsafe = class sun.misc.Unsafe@5a25fa00
      valueOffset = 12
      value = 20
      serialVersionUID = -8742448824652078965
    eventManagerLock = class java.lang.Object@36ddd318
    startLevelThread = class org.eclipse.osgi.framework.eventmgr.EventManager@1ee67814
      DEBUG = false
      thread = class org.eclipse.osgi.framework.eventmgr.EventManager$EventThread@4f77e678
      closed = false
      threadName = "Start Level: Equinox Container: 4044e9cb-c7cd-4a70-adaa-ffedfb7067de"
      threadGroup = null
    frameworkStartLevelLock = class java.lang.Object@33aeb463
    debugStartLevel = false
    this$0 = class org.eclipse.osgi.container.ModuleContainer@1a947d35
  initialProvisioningLatch = class com.ibm.ws.kernel.feature.internal.InitialProvisioningListener@46945360
    initialProvisioningLatch = class java.util.concurrent.CountDownLatch@67b591a9
      sync = class java.util.concurrent.CountDownLatch$Sync@15e7d9ff
    serialVersionUID = -2962729704741126098
    $$$tc$$$ = class com.ibm.websphere.ras.TraceComponent@63e65527
      strings[0] = "TraceComponent[com.ibm.ws.kernel.feature.internal.InitialProvisioningListener,class com.ibm.ws.kernel.feature.internal.InitialProvisioningListener,[featureManager],com.ibm.ws.kernel.feature.internal.resources.ProvisionerMessages,null]"
  featureUpdateNumber = class java.util.concurrent.atomic.AtomicLong@731a76b1
    serialVersionUID = 1927816293512124184
    unsafe = class sun.misc.Unsafe@5a25fa00
    valueOffset = 16
    VM_SUPPORTS_LONG_CAS = true
    value = 2
    serialVersionUID = -8742448824652078965
  onError = class com.ibm.wsspi.kernel.service.utils.OnErrorUtil$OnError@7d4cd793
    IGNORE = class com.ibm.wsspi.kernel.service.utils.OnErrorUtil$OnError@3bbf06b1
      IGNORE = class com.ibm.wsspi.kernel.service.utils.OnErrorUtil$OnError@3bbf06b1
      WARN = class com.ibm.wsspi.kernel.service.utils.OnErrorUtil$OnError@7d4cd793
      FAIL = class com.ibm.wsspi.kernel.service.utils.OnErrorUtil$OnError@31546dd8
      $VALUES = class com.ibm.wsspi.kernel.service.utils.OnErrorUtil$OnError[3]
      name = "IGNORE"
      ordinal = 0
    WARN = class com.ibm.wsspi.kernel.service.utils.OnErrorUtil$OnError@7d4cd793
    FAIL = class com.ibm.wsspi.kernel.service.utils.OnErrorUtil$OnError@31546dd8
      IGNORE = class com.ibm.wsspi.kernel.service.utils.OnErrorUtil$OnError@3bbf06b1
      WARN = class com.ibm.wsspi.kernel.service.utils.OnErrorUtil$OnError@7d4cd793
      FAIL = class com.ibm.wsspi.kernel.service.utils.OnErrorUtil$OnError@31546dd8
      $VALUES = class com.ibm.wsspi.kernel.service.utils.OnErrorUtil$OnError[3]
      name = "FAIL"
      ordinal = 2
    $VALUES = class com.ibm.wsspi.kernel.service.utils.OnErrorUtil$OnError[3]
      OnError[0] = class com.ibm.wsspi.kernel.service.utils.OnErrorUtil$OnError@3bbf06b1
      OnError[1] = class com.ibm.wsspi.kernel.service.utils.OnErrorUtil$OnError@7d4cd793
      OnError[2] = class com.ibm.wsspi.kernel.service.utils.OnErrorUtil$OnError@31546dd8
    name = "WARN"
    ordinal = 1
  featureRepository = class com.ibm.ws.kernel.feature.internal.subsystem.FeatureRepository@2fbabed9
    tc = class com.ibm.websphere.ras.TraceComponent@166fd172
      strings[0] = "TraceComponent[com.ibm.ws.kernel.feature.internal.subsystem.FeatureRepository,class com.ibm.ws.kernel.feature.internal.subsystem.FeatureRepository,[featureManager],com.ibm.ws.kernel.feature.internal.resources.ProvisionerMessages,null]"
    FEATURE_CACHE_VERSION = 3
    EMPTY = ""
    isDirty = false
    cacheOk = true
    cacheRes = class com.ibm.ws.kernel.service.location.internal.LocalFileResource@684c4786
      strings[0] = "LocalFileResource[FILE;@483203598;${server.config.dir}/workarea/platform/feature.cache;/Users/kor/IdeaProjects/FlightLogix/HelloWorld/target/liberty/wlp/usr/servers/FlightLogixServer/workarea/platform/feature.cache]"
    bundleContext = class org.eclipse.osgi.internal.framework.BundleContextImpl@643b76a0
    installedFeatures = class java.util.Collections$EmptySet@7a64cdfa
      serialVersionUID = 1582296315990362920
      MAX_ARRAY_SIZE = 2147483639
    configuredFeatures = class java.util.Collections$EmptySet@7a64cdfa
    configurationError = false
    cachedFeatures = class java.util.HashMap@cfc1219
      serialVersionUID = 362498820763181265
      DEFAULT_INITIAL_CAPACITY = 16
      MAXIMUM_CAPACITY = 1073741824
      DEFAULT_LOAD_FACTOR = 0.75
      TREEIFY_THRESHOLD = 8
      UNTREEIFY_THRESHOLD = 6
      MIN_TREEIFY_CAPACITY = 64
      table = class java.util.HashMap$Node[128]
      entrySet = null
      size = 79
      modCount = 79
      threshold = 96
      loadFactor = 0.75
      keySet = null
      values = class java.util.HashMap$Values@1bda343a
    publicFeatureNameToSymbolicName = class java.util.HashMap@dcebed1
      serialVersionUID = 362498820763181265
      DEFAULT_INITIAL_CAPACITY = 16
      MAXIMUM_CAPACITY = 1073741824
      DEFAULT_LOAD_FACTOR = 0.75
      TREEIFY_THRESHOLD = 8
      UNTREEIFY_THRESHOLD = 6
      MIN_TREEIFY_CAPACITY = 64
      table = class java.util.HashMap$Node[32]
      entrySet = null
      size = 18
      modCount = 18
      threshold = 24
      loadFactor = 0.75
      keySet = null
      values = null
    alternateFeatureNameToPublicName = class java.util.HashMap@734a899
      serialVersionUID = 362498820763181265
      DEFAULT_INITIAL_CAPACITY = 16
      MAXIMUM_CAPACITY = 1073741824
      DEFAULT_LOAD_FACTOR = 0.75
      TREEIFY_THRESHOLD = 8
      UNTREEIFY_THRESHOLD = 6
      MIN_TREEIFY_CAPACITY = 64
      table = null
      entrySet = null
      size = 0
      modCount = 0
      threshold = 0
      loadFactor = 0.75
      keySet = null
      values = null
    featureServiceFactories = class java.util.concurrent.ConcurrentHashMap@5be3be98
      serialVersionUID = 7249069246763182397
      MAXIMUM_CAPACITY = 1073741824
      DEFAULT_CAPACITY = 16
      MAX_ARRAY_SIZE = 2147483639
      DEFAULT_CONCURRENCY_LEVEL = 16
      LOAD_FACTOR = 0.75
      TREEIFY_THRESHOLD = 8
      UNTREEIFY_THRESHOLD = 6
      MIN_TREEIFY_CAPACITY = 64
      MIN_TRANSFER_STRIDE = 16
      RESIZE_STAMP_BITS = 16
      MAX_RESIZERS = 65535
      RESIZE_STAMP_SHIFT = 16
      MOVED = -1
      TREEBIN = -2
      RESERVED = -3
      HASH_BITS = 2147483647
      NCPU = 12
      serialPersistentFields = class java.io.ObjectStreamField[3]
      table = class java.util.concurrent.ConcurrentHashMap$Node[16]
      nextTable = null
      baseCount = 9
      sizeCtl = 12
      transferIndex = 0
      cellsBusy = 0
      counterCells = null
      keySet = class java.util.concurrent.ConcurrentHashMap$KeySetView@578c3c8
      values = null
      entrySet = null
      U = class sun.misc.Unsafe@5a25fa00
      SIZECTL = 20
      TRANSFERINDEX = 32
      BASECOUNT = 24
      CELLSBUSY = 36
      CELLVALUE = 144
      ABASE = 16
      ASHIFT = 2
      keySet = null
      values = null
    autoFeatures = null
    knownFeatures = null
    knownBadFeatures = null
    TOLERATE_PREFIX = "tolerates."
    FEATURE_SERVICE_NAME = "ibm.featureName"
    FEATURE_SERVICE_SYMBOLIC_NAME = "osgi.symbolicName"
    FEATURE_SERVICE_VERSION = "osgi.version"
    FEATURE_SERVICE_CATEGORY = "osgi.category"
    serialVersionUID = -3768851152125897695
  bundleCache = class com.ibm.ws.kernel.feature.internal.BundleList@4b51e71d
    CACHE_WRITE_TIME = "Cache-WriteTime"
    tc = class com.ibm.websphere.ras.TraceComponent@110318c4
      strings[0] = "TraceComponent[com.ibm.ws.kernel.feature.internal.BundleList,class com.ibm.ws.kernel.feature.internal.BundleList,[featureManager],com.ibm.ws.kernel.feature.internal.resources.ProvisionerMessages,null]"
    cacheFile = class com.ibm.ws.kernel.service.location.internal.LocalFileResource@479a509b
      strings[0] = "LocalFileResource[FILE;@1881076241;${server.config.dir}/workarea/platform/feature.bundles.cache;/Users/kor/IdeaProjects/FlightLogix/HelloWorld/target/liberty/wlp/usr/servers/FlightLogixServer/workarea/platform/feature.bundles.cache]"
    stale = class java.util.concurrent.atomic.AtomicBoolean@78c8ddec
      serialVersionUID = 4654671469794556979
      unsafe = class sun.misc.Unsafe@5a25fa00
      valueOffset = 12
      value = 0
    resources = class java.util.ArrayList@428d4bcd
      serialVersionUID = 8683452581122892189
      DEFAULT_CAPACITY = 10
      EMPTY_ELEMENTDATA = class java.lang.Object[0]
      DEFAULTCAPACITY_EMPTY_ELEMENTDATA = class java.lang.Object[0]
      elementData = class java.lang.Object[163]
      size = 0
      MAX_ARRAY_SIZE = 2147483639
      modCount = 143
      MAX_ARRAY_SIZE = 2147483639
    writeTime = 1617383461811
    javaSpecVersion = 8
    featureManager = class com.ibm.ws.kernel.feature.internal.FeatureManager@501ce767
    serialVersionUID = -3878131719277879131
  provisioningMode = class com.ibm.ws.kernel.feature.internal.FeatureManager$ProvisioningMode@6b5eaf38
    CONTENT_REQUEST = class com.ibm.ws.kernel.feature.internal.FeatureManager$ProvisioningMode@37e31327
      CONTENT_REQUEST = class com.ibm.ws.kernel.feature.internal.FeatureManager$ProvisioningMode@37e31327
      FEATURES_REQUEST = class com.ibm.ws.kernel.feature.internal.FeatureManager$ProvisioningMode@4f230b3c
      INITIAL_PROVISIONING = class com.ibm.ws.kernel.feature.internal.FeatureManager$ProvisioningMode@6df11221
      UPDATE = class com.ibm.ws.kernel.feature.internal.FeatureManager$ProvisioningMode@6b5eaf38
      REFRESH = class com.ibm.ws.kernel.feature.internal.FeatureManager$ProvisioningMode@2b206679
      $VALUES = class com.ibm.ws.kernel.feature.internal.FeatureManager$ProvisioningMode[5]
      name = "CONTENT_REQUEST"
      ordinal = 0
    FEATURES_REQUEST = class com.ibm.ws.kernel.feature.internal.FeatureManager$ProvisioningMode@4f230b3c
      CONTENT_REQUEST = class com.ibm.ws.kernel.feature.internal.FeatureManager$ProvisioningMode@37e31327
      FEATURES_REQUEST = class com.ibm.ws.kernel.feature.internal.FeatureManager$ProvisioningMode@4f230b3c
      INITIAL_PROVISIONING = class com.ibm.ws.kernel.feature.internal.FeatureManager$ProvisioningMode@6df11221
      UPDATE = class com.ibm.ws.kernel.feature.internal.FeatureManager$ProvisioningMode@6b5eaf38
      REFRESH = class com.ibm.ws.kernel.feature.internal.FeatureManager$ProvisioningMode@2b206679
      $VALUES = class com.ibm.ws.kernel.feature.internal.FeatureManager$ProvisioningMode[5]
      name = "FEATURES_REQUEST"
      ordinal = 1
    INITIAL_PROVISIONING = class com.ibm.ws.kernel.feature.internal.FeatureManager$ProvisioningMode@6df11221
      CONTENT_REQUEST = class com.ibm.ws.kernel.feature.internal.FeatureManager$ProvisioningMode@37e31327
      FEATURES_REQUEST = class com.ibm.ws.kernel.feature.internal.FeatureManager$ProvisioningMode@4f230b3c
      INITIAL_PROVISIONING = class com.ibm.ws.kernel.feature.internal.FeatureManager$ProvisioningMode@6df11221
      UPDATE = class com.ibm.ws.kernel.feature.internal.FeatureManager$ProvisioningMode@6b5eaf38
      REFRESH = class com.ibm.ws.kernel.feature.internal.FeatureManager$ProvisioningMode@2b206679
      $VALUES = class com.ibm.ws.kernel.feature.internal.FeatureManager$ProvisioningMode[5]
      name = "INITIAL_PROVISIONING"
      ordinal = 2
    UPDATE = class com.ibm.ws.kernel.feature.internal.FeatureManager$ProvisioningMode@6b5eaf38
    REFRESH = class com.ibm.ws.kernel.feature.internal.FeatureManager$ProvisioningMode@2b206679
      CONTENT_REQUEST = class com.ibm.ws.kernel.feature.internal.FeatureManager$ProvisioningMode@37e31327
      FEATURES_REQUEST = class com.ibm.ws.kernel.feature.internal.FeatureManager$ProvisioningMode@4f230b3c
      INITIAL_PROVISIONING = class com.ibm.ws.kernel.feature.internal.FeatureManager$ProvisioningMode@6df11221
      UPDATE = class com.ibm.ws.kernel.feature.internal.FeatureManager$ProvisioningMode@6b5eaf38
      REFRESH = class com.ibm.ws.kernel.feature.internal.FeatureManager$ProvisioningMode@2b206679
      $VALUES = class com.ibm.ws.kernel.feature.internal.FeatureManager$ProvisioningMode[5]
      name = "REFRESH"
      ordinal = 4
    $VALUES = class com.ibm.ws.kernel.feature.internal.FeatureManager$ProvisioningMode[5]
      ProvisioningMode[0] = class com.ibm.ws.kernel.feature.internal.FeatureManager$ProvisioningMode@37e31327
      ProvisioningMode[1] = class com.ibm.ws.kernel.feature.internal.FeatureManager$ProvisioningMode@4f230b3c
      ProvisioningMode[2] = class com.ibm.ws.kernel.feature.internal.FeatureManager$ProvisioningMode@6df11221
      ProvisioningMode[3] = class com.ibm.ws.kernel.feature.internal.FeatureManager$ProvisioningMode@6b5eaf38
      ProvisioningMode[4] = class com.ibm.ws.kernel.feature.internal.FeatureManager$ProvisioningMode@2b206679
    name = "UPDATE"
    ordinal = 3
  kernelFeaturesHolder = class com.ibm.ws.kernel.feature.internal.FeatureManager$KernelFeaturesHolder@70b51d8f
    kernelFeatures = class java.util.ArrayList@7460a19f
      serialVersionUID = 8683452581122892189
      DEFAULT_CAPACITY = 10
      EMPTY_ELEMENTDATA = class java.lang.Object[0]
      DEFAULTCAPACITY_EMPTY_ELEMENTDATA = class java.lang.Object[0]
      elementData = class java.lang.Object[0]
      size = 0
      MAX_ARRAY_SIZE = 2147483639
      modCount = 0
      MAX_ARRAY_SIZE = 2147483639
    featureManager = class com.ibm.ws.kernel.feature.internal.FeatureManager@501ce767
    initialMode = class com.ibm.ws.kernel.feature.internal.FeatureManager$ProvisioningMode@6df11221
    serialVersionUID = -262786423820304061
    $$$tc$$$ = class com.ibm.websphere.ras.TraceComponent@677104f4
      strings[0] = "TraceComponent[com.ibm.ws.kernel.feature.internal.FeatureManager$KernelFeaturesHolder,class com.ibm.ws.kernel.feature.internal.FeatureManager$KernelFeaturesHolder,[featureManager],com.ibm.ws.kernel.feature.internal.resources.ProvisionerMessages,null]"
  packageInspector = class com.ibm.ws.kernel.feature.internal.PackageInspectorImpl@a032936
    tc = class com.ibm.websphere.ras.TraceComponent@14f23b64
      strings[0] = "TraceComponent[com.ibm.ws.kernel.feature.internal.PackageInspectorImpl,class com.ibm.ws.kernel.feature.internal.PackageInspectorImpl,[featureManager],com.ibm.ws.kernel.feature.internal.resources.ProvisionerMessages,null]"
    registration = class org.eclipse.osgi.internal.serviceregistry.ServiceRegistrationImpl@3addcd5
      registry = class org.eclipse.osgi.internal.serviceregistry.ServiceRegistry@305c1791
      context = class org.eclipse.osgi.internal.framework.BundleContextImpl@643b76a0
      bundle = class org.eclipse.osgi.internal.framework.EquinoxBundle@5d235af
      clazzes = class java.lang.String[2]
      service = class com.ibm.ws.kernel.feature.internal.PackageInspectorImpl@a032936
      reference = class org.eclipse.osgi.internal.serviceregistry.ServiceReferenceImpl@1b9f35b7
      contextsUsing = class java.util.ArrayList@3d12e546
      properties = class java.util.Collections$UnmodifiableMap@6b01b4b4
      serviceid = 119
      serviceranking = 0
      registrationLock = class java.lang.Object@4d3a9d2b
      state = 0
      REGISTERED = 0
      UNREGISTERING = 1
      UNREGISTERED = 2
      FRAMEWORK_SET_SERVICE_PROPERTIES_COUNT = 4
      $assertionsDisabled = true
    packageIndex = null
    serialVersionUID = -5575384688725981944
  shutdownHook = class com.ibm.ws.kernel.feature.internal.ShutdownHookManager@2a69271b
    shutdownListeners = class java.util.concurrent.CopyOnWriteArraySet@25fa933d
      serialVersionUID = 5457747651344034263
      al = class java.util.concurrent.CopyOnWriteArrayList@a4de5cc
      MAX_ARRAY_SIZE = 2147483639
    hookSet = class java.util.concurrent.atomic.AtomicBoolean@7de7d189
      serialVersionUID = 4654671469794556979
      unsafe = class sun.misc.Unsafe@5a25fa00
      valueOffset = 12
      value = 1
    shutdownInvoked = false
    serialVersionUID = 6313948673319050596
    $$$tc$$$ = class com.ibm.websphere.ras.TraceComponent@27d2775e
      strings[0] = "TraceComponent[com.ibm.ws.kernel.feature.internal.ShutdownHookManager,class com.ibm.ws.kernel.feature.internal.ShutdownHookManager,[featureManager],com.ibm.ws.kernel.feature.internal.resources.ProvisionerMessages,null]"
    name = "Thread-8"
    priority = 5
    threadQ = null
    eetop = 0
    single_step = false
    daemon = true
    stillborn = false
    target = null
    group = class java.lang.ThreadGroup@47ca5911
      parent = class java.lang.ThreadGroup@65cdfbe5
      name = "main"
      maxPriority = 10
      destroyed = false
      daemon = false
      vmAllowSuspension = false
      nUnstartedThreads = 5
      nthreads = 14
      threads = class java.lang.Thread[32]
      ngroups = 3
      groups = class java.lang.ThreadGroup[4]
    contextClassLoader = class org.eclipse.osgi.internal.framework.ContextFinder@36e192e6
      cycleDetector = class java.lang.ThreadLocal@7b486ba5
      finderClassLoader = class com.ibm.ws.kernel.internal.classloader.BootstrapChildFirstJarClassloader@2ef5e5e3
      contextFinder = class org.eclipse.osgi.internal.framework.ContextFinder$Finder@34f523ea
      THIS = class java.lang.Class@1c32386d
      parentContextClassLoader = class sun.misc.Launcher$AppClassLoader@4e0e2f2a
      parent = class sun.misc.Launcher$AppClassLoader@4e0e2f2a
      parallelLockMap = null
      package2certs = class java.util.Hashtable@6f4aa48c
      nocerts = class java.security.cert.Certificate[0]
      classes = class java.util.Vector@65a21572
      defaultDomain = class java.security.ProtectionDomain@5d8f4f20
      domains = class java.util.HashSet@4078dd08
      packages = class java.util.HashMap@7a2c7f4f
      scl = class sun.misc.Launcher$AppClassLoader@4e0e2f2a
      sclSet = true
      loadedLibraryNames = class java.util.Vector@f50fcfd
      systemNativeLibraries = class java.util.Vector@28814478
      nativeLibraries = class java.util.Vector@2e974cfd
      nativeLibraryContext = class java.util.Stack@37588867
      usr_paths = class java.lang.String[6]
      sys_paths = class java.lang.String[1]
      assertionLock = class org.eclipse.osgi.internal.framework.ContextFinder@36e192e6
      defaultAssertionStatus = false
      packageAssertionStatus = null
      classAssertionStatus = null
    inheritedAccessControlContext = class java.security.AccessControlContext@506c30f9
      context = class java.security.ProtectionDomain[3]
      isPrivileged = false
      isAuthorized = true
      privilegedContext = null
      combiner = null
      permissions = null
      parent = null
      isWrapped = false
      isLimited = false
      limitedContext = null
      debugInit = false
      debug = null
    threadInitNumber = 18
    threadLocals = null
    inheritableThreadLocals = null
    stackSize = 0
    nativeParkEventPointer = 0
    tid = 32
    threadSeqNumber = 71
    threadStatus = 0
    parkBlocker = null
    blocker = null
    blockerLock = class java.lang.Object@16a79b3b
    MIN_PRIORITY = 1
    NORM_PRIORITY = 5
    MAX_PRIORITY = 10
    EMPTY_STACK_TRACE = class java.lang.StackTraceElement[0]
    SUBCLASS_IMPLEMENTATION_PERMISSION = class java.lang.RuntimePermission@5e1586d1
      serialVersionUID = 7399184964622342223
      serialVersionUID = 6279438298436773498
      wildcard = false
      path = "enableContextClassLoaderOverride"
      exitVM = false
      serialVersionUID = -5636570222231596674
      name = "enableContextClassLoaderOverride"
    uncaughtExceptionHandler = null
    defaultUncaughtExceptionHandler = null
    threadLocalRandomSeed = 0
    threadLocalRandomProbe = 0
    threadLocalRandomSecondarySeed = 0
  bundleOriginsListener = class com.ibm.ws.kernel.feature.internal.BundleInstallOriginBundleListener@4e2e5e64
    tc = class com.ibm.websphere.ras.TraceComponent@5954d693
      strings[0] = "TraceComponent[com.ibm.ws.kernel.feature.internal.BundleInstallOriginBundleListener,class com.ibm.ws.kernel.feature.internal.BundleInstallOriginBundleListener,[featureManager],com.ibm.ws.kernel.feature.internal.resources.ProvisionerMessages,null]"
    storagePath = "bundle.origin.cache"
    ctx = class org.eclipse.osgi.internal.framework.BundleContextImpl@5f6722d3
      findHookName = "org.osgi.framework.hooks.bundle.FindHook"
      valid = true
      bundle = class org.eclipse.osgi.internal.framework.EquinoxBundle$SystemBundle@acdb094
      container = class org.eclipse.osgi.internal.framework.EquinoxContainer@746f7348
      debug = class org.eclipse.osgi.internal.debug.Debug@433c7760
      servicesInUse = class java.util.HashMap@13d15ed2
      activator = class org.eclipse.osgi.internal.framework.SystemBundleActivator@7cdb778f
      contextLock = class java.lang.Object@666264d0
    bundleOriginCache = class java.io.File@27ae5bc0
      fs = class java.io.UnixFileSystem@7a0aa6ca
      path = "/Users/kor/IdeaProjects/FlightLogix/HelloWorld/target/liberty/wlp/usr/servers/FlightLogixServer/workarea/org.eclipse.osgi/23/data/bundle.origin.cache"
      status = class java.io.File$PathStatus@72ad1fcc
      prefixLength = 1
      separatorChar = /
      separator = "/"
      pathSeparatorChar = :
      pathSeparator = ":"
      PATH_OFFSET = 16
      PREFIX_LENGTH_OFFSET = 12
      UNSAFE = class sun.misc.Unsafe@5a25fa00
      serialVersionUID = 301077366599181567
      filePath = null
      $assertionsDisabled = true
    bundleOrigins = class java.util.Collections$SynchronizedMap@4fae187c
      serialVersionUID = 1978198479659022715
      m = class java.util.HashMap@75355979
      mutex = class java.util.Collections$SynchronizedMap@4fae187c
      keySet = null
      entrySet = null
      values = null
    allTracked = class java.util.HashSet@764986ce
      serialVersionUID = -5024744406713321676
      map = class java.util.HashMap@471c2ff1
      PRESENT = class java.lang.Object@64908cf3
      MAX_ARRAY_SIZE = 2147483639
    serialVersionUID = -6094136040931465036
  supportedProcessTypes = class java.util.RegularEnumSet@50970ff6
    serialVersionUID = 3411599620347842686
    elements = 1
    elementType = class java.lang.Class@30d5ea58
      ANNOTATION = 8192
      ENUM = 16384
      SYNTHETIC = 4096
      cachedConstructor = null
      newInstanceCallerCache = null
      name = "com.ibm.ws.kernel.feature.ProcessType"
      allPermDomain = class java.security.ProtectionDomain@66b19287
      useCaches = true
      reflectionData = class java.lang.ref.SoftReference@e4b75a8
      classRedefinedCount = 0
      genericInfo = null
      serialVersionUID = 3206093459760846163
      serialPersistentFields = class java.io.ObjectStreamField[0]
      reflectionFactory = class sun.reflect.ReflectionFactory@77172544
      initted = true
      enumConstants = class com.ibm.ws.kernel.feature.ProcessType[2]
      enumConstantDirectory = class java.util.HashMap@4469befe
      annotationData = null
      annotationType = null
      classValueMap = null
    universe = class com.ibm.ws.kernel.feature.ProcessType[2]
      ProcessType[0] = class com.ibm.ws.kernel.feature.ProcessType@271481b7
      ProcessType[1] = class com.ibm.ws.kernel.feature.ProcessType@78b5eabd
    ZERO_LENGTH_ENUM_ARRAY = class java.lang.Enum[0]
    MAX_ARRAY_SIZE = 2147483639
  processTypeString = "server"
  deactivated = false
  libertyBoot = null
  frameworkWiring = class org.eclipse.osgi.container.ModuleContainer$ContainerWiring@63a8a9ec
    monitor = class java.lang.Object@1bcffba3
    refreshThread = null
    this$0 = class org.eclipse.osgi.container.ModuleContainer@1a947d35
      secureAction = class org.eclipse.osgi.framework.util.SecureAction@476df56d
      locationLocks = class org.eclipse.osgi.internal.container.LockSet@343f5c23
      nameLocks = class org.eclipse.osgi.internal.container.LockSet@7b244afe
      frameworkWiring = class org.eclipse.osgi.container.ModuleContainer$ContainerWiring@63a8a9ec
      frameworkStartLevel = class org.eclipse.osgi.container.ModuleContainer$ContainerStartLevel@4b46ee69
      moduleDatabase = class org.eclipse.osgi.container.ModuleDatabase@6e94070f
      adaptor = class org.eclipse.osgi.internal.framework.EquinoxContainerAdaptor@65a8bcb5
      moduleResolver = class org.eclipse.osgi.container.ModuleResolver@5d66d66
      refreshingSystemModule = class java.util.concurrent.atomic.AtomicReference@5cfcb498
      moduleLockTimeout = 5
      autoStartOnResolve = false
      restrictParallelStart = true
      DEBUG_MONITOR_LAZY = false
      DEBUG_BUNDLE_START_TIME = false
      _resolutionLock = class org.eclipse.osgi.container.ModuleContainer$ResolutionLock@7abd8122
      _bundleStateLock = class java.util.concurrent.locks.ReentrantLock@6741dba
  serverReadyChecks = class java.util.concurrent.CopyOnWriteArrayList@816390e
    serialVersionUID = 8673264195747942595
    lock = class java.util.concurrent.locks.ReentrantLock@95acad2
      serialVersionUID = 7373984872572414699
      sync = class java.util.concurrent.locks.ReentrantLock$NonfairSync@7788489e
    array = class java.lang.Object[0]
    UNSAFE = class sun.misc.Unsafe@5a25fa00
      theUnsafe = class sun.misc.Unsafe@5a25fa00
      INVALID_FIELD_OFFSET = -1
      ARRAY_BOOLEAN_BASE_OFFSET = 16
      ARRAY_BYTE_BASE_OFFSET = 16
      ARRAY_SHORT_BASE_OFFSET = 16
      ARRAY_CHAR_BASE_OFFSET = 16
      ARRAY_INT_BASE_OFFSET = 16
      ARRAY_LONG_BASE_OFFSET = 16
      ARRAY_FLOAT_BASE_OFFSET = 16
      ARRAY_DOUBLE_BASE_OFFSET = 16
      ARRAY_OBJECT_BASE_OFFSET = 16
      ARRAY_BOOLEAN_INDEX_SCALE = 1
      ARRAY_BYTE_INDEX_SCALE = 1
      ARRAY_SHORT_INDEX_SCALE = 2
      ARRAY_CHAR_INDEX_SCALE = 2
      ARRAY_INT_INDEX_SCALE = 4
      ARRAY_LONG_INDEX_SCALE = 8
      ARRAY_FLOAT_INDEX_SCALE = 4
      ARRAY_DOUBLE_INDEX_SCALE = 8
      ARRAY_OBJECT_INDEX_SCALE = 4
      ADDRESS_SIZE = 8
    lockOffset = 12
  serialVersionUID = 446597301364058994

