------Start of DE processing------ = [02/04/21 13:11:01:802 EDT]
Exception = java.lang.NoClassDefFoundError
Source = com.ibm.ws.org.eclipse.equinox.region-1.0.50.cl210320210309-1101
probeid = log
Stack Dump = java.lang.NoClassDefFoundError: com/ibm/ws/logging/internal/osgi/TrOSGiLogForwarder$1
	at com.ibm.ws.logging.internal.osgi.TrOSGiLogForwarder.logged(TrOSGiLogForwarder.java:122)
	at org.eclipse.osgi.internal.log.ExtendedLogReaderServiceFactory.safeLogged(ExtendedLogReaderServiceFactory.java:110)
	at org.eclipse.osgi.internal.log.ExtendedLogReaderServiceFactory.logPrivileged(ExtendedLogReaderServiceFactory.java:253)
	at org.eclipse.osgi.internal.log.ExtendedLogReaderServiceFactory.log(ExtendedLogReaderServiceFactory.java:225)
	at org.eclipse.osgi.internal.log.ExtendedLogServiceFactory.log(ExtendedLogServiceFactory.java:102)
	at org.eclipse.osgi.internal.log.LoggerImpl.log(LoggerImpl.java:88)
	at org.eclipse.osgi.internal.log.LogServiceManager.frameworkEvent(LogServiceManager.java:185)
	at org.eclipse.osgi.internal.framework.BundleContextImpl.dispatchEvent(BundleContextImpl.java:997)
	at org.eclipse.osgi.framework.eventmgr.EventManager.dispatchEvent(EventManager.java:234)
	at org.eclipse.osgi.framework.eventmgr.EventManager$EventThread.run(EventManager.java:345)

Dump of callerThis
Object type = org.eclipse.osgi.internal.log.ExtendedLogEntryImpl
  nextSequenceNumber = 5
  nextThreadId = 1
  threadIds = null
  loggerName = "Events.Framework.com.ibm.ws.org.eclipse.equinox.region"
  bundle = class org.eclipse.osgi.internal.framework.EquinoxBundle@378e97ae
    equinoxContainer = class org.eclipse.osgi.internal.framework.EquinoxContainer@746f7348
      NAME = "org.eclipse.osgi"
      secureAction = class org.eclipse.osgi.framework.util.SecureAction@5bda91e8
      equinoxConfig = class org.eclipse.osgi.internal.framework.EquinoxConfiguration@7bfd6a84
      logServices = class org.eclipse.osgi.internal.log.EquinoxLogServices@3e30aceb
      storage = class org.eclipse.osgi.storage.Storage@682e165f
      packageAdmin = class org.eclipse.osgi.internal.framework.legacy.PackageAdminImpl@67f48f63
      startLevel = class org.eclipse.osgi.internal.framework.legacy.StartLevelImpl@774d6053
      bootDelegation = class java.util.HashSet@4ca1cda5
      bootDelegationStems = class java.lang.String[12]
      bootDelegateAll = false
      isProcessClassRecursionSupportedByAll = false
      eventPublisher = class org.eclipse.osgi.internal.framework.EquinoxEventPublisher@17e9b4e0
      monitor = class java.lang.Object@bba11b6
      bootLoader = class org.eclipse.osgi.internal.framework.EquinoxContainer$1@49b42981
      serviceRegistry = class org.eclipse.osgi.internal.serviceregistry.ServiceRegistry@305c1791
      contextFinder = class org.eclipse.osgi.internal.framework.ContextFinder@36e192e6
      signedContentFactory = class org.osgi.util.tracker.ServiceTracker@6ac8ebce
      executor = class java.util.concurrent.ScheduledThreadPoolExecutor@31a46080
      storageSaver = class org.eclipse.osgi.internal.framework.StorageSaver@59b4af14
    module = class org.eclipse.osgi.internal.framework.EquinoxBundle$EquinoxModule@360f9504
      this$0 = class org.eclipse.osgi.internal.framework.EquinoxBundle@378e97ae
      ACTIVE_SET = class java.util.RegularEnumSet@18c64d32
      RESOLVED_SET = class java.util.RegularEnumSet@2abcc033
      id = 8
      location = "kernel@reference:file:/Users/kor/IdeaProjects/FlightLogix/HelloWorld/target/liberty/wlp/lib/com.ibm.ws.org.eclipse.equinox.region_1.0.50.jar"
      revisions = class org.eclipse.osgi.container.ModuleRevisions@130ae456
      stateChangeLock = class org.eclipse.osgi.internal.container.EquinoxReentrantLock@349f45b4
      stateTransitionEvents = class java.util.RegularEnumSet@5731636e
      settings = class java.util.RegularEnumSet@31dec5f6
      inStart = class java.util.concurrent.atomic.AtomicInteger@75b2bfcf
      state = class org.eclipse.osgi.container.Module$State@6e2e76e1
      startlevel = 20
      lastModified = 1617383051910
      VALID_RESOLVED_TRANSITION = class java.util.RegularEnumSet@752e3194
      VALID_STOPPED_TRANSITION = class java.util.RegularEnumSet@4af49750
      $SWITCH_TABLE$org$eclipse$osgi$container$ModuleContainerAdaptor$ModuleEvent = {1,2,3,4,5,6,7,8,9,10} /* array length = 10 */
    monitor = class java.lang.Object@773a0112
    context = null
    signerInfos = null
    $SWITCH_TABLE$org$eclipse$osgi$container$Module$State = {1,2,3,4,5,6,7} /* array length = 7 */
  level = 1
  logLevelEnum = class org.osgi.service.log.LogLevel@5fb6cd8
    AUDIT = class org.osgi.service.log.LogLevel@656df8b3
      AUDIT = class org.osgi.service.log.LogLevel@656df8b3
      ERROR = class org.osgi.service.log.LogLevel@5fb6cd8
      WARN = class org.osgi.service.log.LogLevel@3baed56a
      INFO = class org.osgi.service.log.LogLevel@3dfd43f8
      DEBUG = class org.osgi.service.log.LogLevel@6175135a
      TRACE = class org.osgi.service.log.LogLevel@6b57d7a7
      ENUM$VALUES = class org.osgi.service.log.LogLevel[6]
      name = "AUDIT"
      ordinal = 0
    ERROR = class org.osgi.service.log.LogLevel@5fb6cd8
    WARN = class org.osgi.service.log.LogLevel@3baed56a
      AUDIT = class org.osgi.service.log.LogLevel@656df8b3
      ERROR = class org.osgi.service.log.LogLevel@5fb6cd8
      WARN = class org.osgi.service.log.LogLevel@3baed56a
      INFO = class org.osgi.service.log.LogLevel@3dfd43f8
      DEBUG = class org.osgi.service.log.LogLevel@6175135a
      TRACE = class org.osgi.service.log.LogLevel@6b57d7a7
      ENUM$VALUES = class org.osgi.service.log.LogLevel[6]
      name = "WARN"
      ordinal = 2
    INFO = class org.osgi.service.log.LogLevel@3dfd43f8
      AUDIT = class org.osgi.service.log.LogLevel@656df8b3
      ERROR = class org.osgi.service.log.LogLevel@5fb6cd8
      WARN = class org.osgi.service.log.LogLevel@3baed56a
      INFO = class org.osgi.service.log.LogLevel@3dfd43f8
      DEBUG = class org.osgi.service.log.LogLevel@6175135a
      TRACE = class org.osgi.service.log.LogLevel@6b57d7a7
      ENUM$VALUES = class org.osgi.service.log.LogLevel[6]
      name = "INFO"
      ordinal = 3
    DEBUG = class org.osgi.service.log.LogLevel@6175135a
      AUDIT = class org.osgi.service.log.LogLevel@656df8b3
      ERROR = class org.osgi.service.log.LogLevel@5fb6cd8
      WARN = class org.osgi.service.log.LogLevel@3baed56a
      INFO = class org.osgi.service.log.LogLevel@3dfd43f8
      DEBUG = class org.osgi.service.log.LogLevel@6175135a
      TRACE = class org.osgi.service.log.LogLevel@6b57d7a7
      ENUM$VALUES = class org.osgi.service.log.LogLevel[6]
      name = "DEBUG"
      ordinal = 4
    TRACE = class org.osgi.service.log.LogLevel@6b57d7a7
      AUDIT = class org.osgi.service.log.LogLevel@656df8b3
      ERROR = class org.osgi.service.log.LogLevel@5fb6cd8
      WARN = class org.osgi.service.log.LogLevel@3baed56a
      INFO = class org.osgi.service.log.LogLevel@3dfd43f8
      DEBUG = class org.osgi.service.log.LogLevel@6175135a
      TRACE = class org.osgi.service.log.LogLevel@6b57d7a7
      ENUM$VALUES = class org.osgi.service.log.LogLevel[6]
      name = "TRACE"
      ordinal = 5
    ENUM$VALUES = class org.osgi.service.log.LogLevel[6]
      LogLevel[0] = class org.osgi.service.log.LogLevel@656df8b3
      LogLevel[1] = class org.osgi.service.log.LogLevel@5fb6cd8
      LogLevel[2] = class org.osgi.service.log.LogLevel@3baed56a
      LogLevel[3] = class org.osgi.service.log.LogLevel@3dfd43f8
      LogLevel[4] = class org.osgi.service.log.LogLevel@6175135a
      LogLevel[5] = class org.osgi.service.log.LogLevel@6b57d7a7
    name = "ERROR"
    ordinal = 1
  message = "FrameworkEvent ERROR"
  ref = null
  throwable = class java.io.IOException@51ed1d3b
    serialVersionUID = 7818375828146090155
    serialVersionUID = -3387516993124229948
    serialVersionUID = -3042686055658047285
    detailMessage = "Exception in opening zip file: /Users/kor/IdeaProjects/FlightLogix/HelloWorld/target/liberty/wlp/lib/com.ibm.ws.org.eclipse.equinox.region_1.0.50.jar"
    UNASSIGNED_STACK = class java.lang.StackTraceElement[0]
    cause = class java.io.FileNotFoundException@6ed32ff7
      serialVersionUID = -897856973823710492
      serialVersionUID = 7818375828146090155
      serialVersionUID = -3387516993124229948
      serialVersionUID = -3042686055658047285
      detailMessage = "/Users/kor/IdeaProjects/FlightLogix/HelloWorld/target/liberty/wlp/lib/com.ibm.ws.org.eclipse.equinox.region_1.0.50.jar (No such file or directory)"
      UNASSIGNED_STACK = class java.lang.StackTraceElement[0]
      cause = class java.io.FileNotFoundException@6ed32ff7
      stackTrace = class java.lang.StackTraceElement[38]
      SUPPRESSED_SENTINEL = class java.util.Collections$UnmodifiableRandomAccessList@312186a1
      suppressedExceptions = class java.util.Collections$UnmodifiableRandomAccessList@312186a1
      NULL_CAUSE_MESSAGE = "Cannot suppress a null exception."
      SELF_SUPPRESSION_MESSAGE = "Self-suppression not permitted"
      CAUSE_CAPTION = "Caused by: "
      SUPPRESSED_CAPTION = "Suppressed: "
      EMPTY_THROWABLE_ARRAY = class java.lang.Throwable[0]
      $assertionsDisabled = true
    stackTrace = class java.lang.StackTraceElement[34]
      StackTraceElement[0] = class java.lang.StackTraceElement@3b4ee628
      StackTraceElement[1] = class java.lang.StackTraceElement@6738d83c
      StackTraceElement[2] = class java.lang.StackTraceElement@200e5058
      StackTraceElement[3] = class java.lang.StackTraceElement@40a2cf51
      StackTraceElement[4] = class java.lang.StackTraceElement@c911ecb
      StackTraceElement[5] = class java.lang.StackTraceElement@2dc9de5d
      StackTraceElement[6] = class java.lang.StackTraceElement@7f97d72c
      StackTraceElement[7] = class java.lang.StackTraceElement@291947c8
      StackTraceElement[8] = class java.lang.StackTraceElement@2dfa6366
      StackTraceElement[9] = class java.lang.StackTraceElement@4e227bb2
      StackTraceElement[10] = class java.lang.StackTraceElement@fcdebed
      StackTraceElement[11] = class java.lang.StackTraceElement@6c09dadb
      StackTraceElement[12] = class java.lang.StackTraceElement@1296656f
      StackTraceElement[13] = class java.lang.StackTraceElement@4f347364
      StackTraceElement[14] = class java.lang.StackTraceElement@2f466bec
      StackTraceElement[15] = class java.lang.StackTraceElement@dbba3dd
      StackTraceElement[16] = class java.lang.StackTraceElement@2ca71218
      StackTraceElement[17] = class java.lang.StackTraceElement@40e4ebbb
      StackTraceElement[18] = class java.lang.StackTraceElement@5c61e140
      StackTraceElement[19] = class java.lang.StackTraceElement@c94045a
      StackTraceElement[20] = class java.lang.StackTraceElement@18b7e002
      StackTraceElement[21] = class java.lang.StackTraceElement@7fe9699c
      StackTraceElement[22] = class java.lang.StackTraceElement@2cd1fcc0
      StackTraceElement[23] = class java.lang.StackTraceElement@cb8bd4
      StackTraceElement[24] = class java.lang.StackTraceElement@27dbcc3f
      StackTraceElement[25] = class java.lang.StackTraceElement@13caf4d1
      StackTraceElement[26] = class java.lang.StackTraceElement@30de3d94
      StackTraceElement[27] = class java.lang.StackTraceElement@6c178570
      StackTraceElement[28] = class java.lang.StackTraceElement@15d406f9
      StackTraceElement[29] = class java.lang.StackTraceElement@51fc14ee
      StackTraceElement[30] = class java.lang.StackTraceElement@100fb1d8
      StackTraceElement[31] = class java.lang.StackTraceElement@40e39aac
      StackTraceElement[32] = class java.lang.StackTraceElement@75b5bf87
      StackTraceElement[33] = class java.lang.StackTraceElement@445f9ebb
    SUPPRESSED_SENTINEL = class java.util.Collections$UnmodifiableRandomAccessList@312186a1
      serialVersionUID = -2542308836966382001
      serialVersionUID = -283967356065247728
      list = class java.util.ArrayList@3320e324
      serialVersionUID = 1820017752578914078
      c = class java.util.ArrayList@3320e324
    suppressedExceptions = class java.util.Collections$UnmodifiableRandomAccessList@312186a1
    NULL_CAUSE_MESSAGE = "Cannot suppress a null exception."
    SELF_SUPPRESSION_MESSAGE = "Self-suppression not permitted"
    CAUSE_CAPTION = "Caused by: "
    SUPPRESSED_CAPTION = "Suppressed: "
    EMPTY_THROWABLE_ARRAY = class java.lang.Throwable[0]
    $assertionsDisabled = true
  contextObject = class org.osgi.framework.FrameworkEvent@4e78318
    serialVersionUID = 207051004521261705
    bundle = class org.eclipse.osgi.internal.framework.EquinoxBundle@378e97ae
    throwable = class java.io.IOException@51ed1d3b
    type = 2
    STARTED = 1
    ERROR = 2
    PACKAGES_REFRESHED = 4
    STARTLEVEL_CHANGED = 8
    WARNING = 16
    INFO = 32
    STOPPED = 64
    STOPPED_UPDATE = 128
    STOPPED_BOOTCLASSPATH_MODIFIED = 256
    WAIT_TIMEDOUT = 512
    STOPPED_SYSTEM_REFRESHED = 1024
    serialVersionUID = 5516075349620653480
    source = class org.eclipse.osgi.internal.framework.EquinoxBundle@378e97ae
  time = 1617383461800
  threadId = 19
  threadName = "Framework Event Dispatcher: Equinox Container: 4044e9cb-c7cd-4a70-adaa-ffedfb7067de"
  sequenceNumber = 4
  stackTraceElement = null

