********************************************************************************
product = Open Liberty 21.0.0.3 (wlp-1.0.50.cl210320210309-1101)
wlp.install.dir = C:/Users/felix/Desktop/AirlineLogic/HelloWorld/target/liberty/wlp/
java.home = C:\Program Files\Java\jdk1.8.0_281\jre
java.version = 1.8.0_281
java.runtime = Java(TM) SE Runtime Environment (1.8.0_281-b09)
os = Windows 10 (10.0; amd64) (en_US)
process = 15628@Johanson
********************************************************************************
[3/22/21 1:01:08:854 EDT] 00000001 com.ibm.ws.kernel.launch.internal.FrameworkManager           A CWWKE0001I: The server AirlineLogicServer has been launched.
[3/22/21 1:01:10:730 EDT] 00000018 com.ibm.ws.config.xml.internal.ServerXMLConfiguration        A CWWKG0093A: Processing configuration drop-ins resource: C:\Users\felix\Desktop\AirlineLogic\HelloWorld\target\liberty\wlp\usr\servers\AirlineLogicServer\configDropins\overrides\liberty-plugin-variable-config.xml
[3/22/21 1:01:11:053 EDT] 00000001 com.ibm.ws.kernel.launch.internal.FrameworkManager           I CWWKE0002I: The kernel started after 2.662 seconds
[3/22/21 1:01:11:132 EDT] 00000022 com.ibm.ws.kernel.feature.internal.FeatureManager            I CWWKF0007I: Feature update started.
[3/22/21 1:01:11:408 EDT] 00000017 .apache.cxf.cxf.core.3.2:1.0.50.cl210320210309-1101(id=177)] I Aries Blueprint packages not available. So namespaces will not be registered
[3/22/21 1:01:11:906 EDT] 00000017 com.ibm.ws.app.manager.internal.monitor.DropinMonitor        A CWWKZ0058I: Monitoring dropins for applications.
[3/22/21 1:01:13:633 EDT] 00000033 com.ibm.ws.app.manager.AppMessageHelper                      I CWWKZ0018I: Starting application HelloWorld.
[3/22/21 1:01:13:635 EDT] 00000033 bm.ws.app.manager.war.internal.WARDeployedAppInfoFactoryImpl I CWWKZ0134I: The HelloWorld application is using the loose application definition at the C:\Users\felix\Desktop\AirlineLogic\HelloWorld\target\liberty\wlp\usr\servers\AirlineLogicServer\apps\HelloWorld.war.xml location.
[3/22/21 1:01:15:076 EDT] 00000033 com.ibm.ws.session.WASSessionCore                            I SESN8501I: The session manager did not find a persistent storage location; HttpSession objects will be stored in the local application server's memory.
[3/22/21 1:01:15:097 EDT] 00000033 com.ibm.ws.webcontainer.osgi.webapp.WebGroup                 I SRVE0169I: Loading Web Module: Liberty Project.
[3/22/21 1:01:15:101 EDT] 00000033 com.ibm.ws.webcontainer                                      I SRVE0250I: Web Module Liberty Project has been bound to default_host.
[3/22/21 1:01:15:102 EDT] 00000033 com.ibm.ws.http.internal.VirtualHostImpl                     A CWWKT0016I: Web application available (default_host): http://johanson:9080/
[3/22/21 1:01:15:228 EDT] 00000023 com.ibm.ws.session.WASSessionCore                            I SESN0176I: A new session context will be created for application key default_host/
[3/22/21 1:01:15:258 EDT] 00000023 com.ibm.ws.util                                              I SESN0172I: The session manager is using the Java default SecureRandom implementation for session ID generation.
[3/22/21 1:01:15:349 EDT] 00000023 com.ibm.ws.app.manager.AppMessageHelper                      A CWWKZ0001I: Application HelloWorld started in 1.716 seconds.
[3/22/21 1:01:15:397 EDT] 00000022 com.ibm.ws.tcpchannel.internal.TCPPort                       I CWWKO0219I: TCP Channel defaultHttpEndpoint has been started and is now listening for requests on host *  (IPv6) port 9080.
[3/22/21 1:01:15:417 EDT] 00000022 com.ibm.ws.kernel.feature.internal.FeatureManager            A CWWKF0012I: The server installed the following features: [jaxrs-2.1, jaxrsClient-2.1, jsonp-1.1, servlet-4.0].
[3/22/21 1:01:15:424 EDT] 00000022 com.ibm.ws.kernel.feature.internal.FeatureManager            I CWWKF0008I: Feature update completed in 4.369 seconds.
[3/22/21 1:01:15:424 EDT] 00000022 com.ibm.ws.kernel.feature.internal.FeatureManager            A CWWKF0011I: The AirlineLogicServer server is ready to run a smarter planet. The AirlineLogicServer server started in 7.034 seconds.
[3/22/21 1:01:16:834 EDT] 00000028 com.ibm.ws.webcontainer.osgi.mbeans.PluginGenerator          I SRVE9103I: A configuration file for a web server plugin was automatically generated for this server at C:\Users\felix\Desktop\AirlineLogic\HelloWorld\target\liberty\wlp\usr\servers\AirlineLogicServer\logs\state\plugin-cfg.xml.
[3/22/21 1:01:25:560 EDT] 00000028 .apache.cxf.cxf.core.3.2:1.0.50.cl210320210309-1101(id=177)] I Setting the server's publish address to be /Test/
[3/22/21 1:01:25:770 EDT] 00000028 com.ibm.ws.webcontainer.servlet                              I SRVE0242I: [HelloWorld] [/] [io.openliberty.guides.test.testApplication]: Initialization successful.
[3/22/21 1:01:25:887 EDT] 00000028 xf.rt.frontend.jaxrs.3.2:1.0.50.cl210320210309-1101(id=185)] W Both test.testResource#helloWorld and io.openliberty.guides.test.testResource#helloWorld are equal candidates for handling the current request which can lead to unpredictable results
[3/22/21 1:02:08:623 EDT] 0000003f xf.rt.frontend.jaxrs.3.2:1.0.50.cl210320210309-1101(id=185)] W Both test.testResource#helloWorld and io.openliberty.guides.test.testResource#helloWorld are equal candidates for handling the current request which can lead to unpredictable results
[3/22/21 1:02:09:016 EDT] 00000026 com.ibm.ws.webcontainer.extension                            W SRVE0190E: File not found: /favicon.ico
[3/22/21 1:02:16:419 EDT] 0000003c .apache.cxf.cxf.core.3.2:1.0.50.cl210320210309-1101(id=177)] I Setting the server's publish address to be /api/
[3/22/21 1:02:16:440 EDT] 0000003c com.ibm.ws.webcontainer.servlet                              I SRVE0242I: [HelloWorld] [/] [com.example.HelloWorld.HelloApplication]: Initialization successful.
[3/22/21 1:03:26:490 EDT] 00000013 com.ibm.ws.kernel.launch.internal.ServerCommandListener      A CWWKE0055I: Server shutdown requested on Monday, March 22, 2021 at 1:03 AM. The server AirlineLogicServer is shutting down.
[3/22/21 1:03:26:500 EDT] 00000048 com.ibm.ws.runtime.update.internal.RuntimeUpdateManagerImpl  A CWWKE1100I: Waiting for up to 30 seconds for the server to quiesce.
[3/22/21 1:03:26:521 EDT] 00000037 com.ibm.ws.tcpchannel.internal.TCPChannel                    I CWWKO0220I: TCP Channel defaultHttpEndpoint has stopped listening for requests on host *  (IPv6) port 9080.
[3/22/21 1:03:26:522 EDT] 00000037 com.ibm.ws.http.internal.VirtualHostImpl                     A CWWKT0017I: Web application removed (default_host): http://johanson:9080/
[3/22/21 1:03:26:538 EDT] 00000048 com.ibm.ws.runtime.update.internal.RuntimeUpdateManagerImpl  I CWWKE1101I: Server quiesce complete.
[3/22/21 1:03:26:621 EDT] 00000022 com.ibm.ws.webcontainer.servlet                              I SRVE0253I: [HelloWorld] [/] [io.openliberty.guides.test.testApplication]: Destroy successful.
[3/22/21 1:03:26:623 EDT] 00000022 com.ibm.ws.webcontainer.servlet                              I SRVE0253I: [HelloWorld] [/] [com.example.HelloWorld.HelloApplication]: Destroy successful.
[3/22/21 1:03:26:645 EDT] 00000022 com.ibm.ws.app.manager.AppMessageHelper                      A CWWKZ0009I: The application HelloWorld has stopped successfully.
[3/22/21 1:03:27:242 EDT] 00000001 com.ibm.ws.kernel.launch.internal.FrameworkManager           A CWWKE0036I: The server AirlineLogicServer stopped after 2 minutes, 18.851 seconds.
