------Start of DE processing------ = [4/2/21 22:03:32:781 EDT]
Exception = java.sql.SQLNonTransientConnectionException
Source = com.ibm.ws.rsadapter.impl.WSRdbSpiLocalTransactionImpl
probeid = 192
Stack Dump = java.sql.SQLNonTransientConnectionException: No operations allowed after connection closed.
	at com.mysql.cj.jdbc.exceptions.SQLError.createSQLException(SQLError.java:110)
	at com.mysql.cj.jdbc.exceptions.SQLError.createSQLException(SQLError.java:97)
	at com.mysql.cj.jdbc.exceptions.SQLError.createSQLException(SQLError.java:89)
	at com.mysql.cj.jdbc.exceptions.SQLError.createSQLException(SQLError.java:63)
	at com.mysql.cj.jdbc.exceptions.SQLError.createSQLException(SQLError.java:73)
	at com.mysql.cj.jdbc.exceptions.SQLExceptionsMapping.translateException(SQLExceptionsMapping.java:73)
	at com.mysql.cj.jdbc.ConnectionImpl.rollback(ConnectionImpl.java:1862)
	at com.mysql.cj.jdbc.ConnectionWrapper.rollback(ConnectionWrapper.java:540)
	at com.ibm.ws.rsadapter.impl.WSRdbSpiLocalTransactionImpl.rollback(WSRdbSpiLocalTransactionImpl.java:393)
	at com.ibm.ejs.j2c.LocalTransactionWrapper.rollback(LocalTransactionWrapper.java:225)
	at com.ibm.tx.jta.impl.OnePhaseResourceImpl.rollback(OnePhaseResourceImpl.java:148)
	at com.ibm.tx.jta.impl.RegisteredResources.deliverOutcome(RegisteredResources.java:1448)
	at com.ibm.tx.jta.impl.RegisteredResources.distributeOutcome(RegisteredResources.java:1687)
	at com.ibm.tx.jta.impl.RegisteredResources.distributeRollback(RegisteredResources.java:2287)
	at com.ibm.tx.jta.impl.TransactionImpl.internalRollback(TransactionImpl.java:1629)
	at com.ibm.tx.jta.impl.TransactionImpl.internalRollback(TransactionImpl.java:1597)
	at com.ibm.tx.jta.impl.TransactionImpl.rollback(TransactionImpl.java:1065)
	at com.ibm.tx.jta.impl.TranManagerImpl.rollback(TranManagerImpl.java:195)
	at com.ibm.tx.jta.impl.TranManagerSet.rollback(TranManagerSet.java:138)
	at com.ibm.ws.uow.embeddable.EmbeddableUOWManagerImpl.uowRollback(EmbeddableUOWManagerImpl.java:856)
	at com.ibm.ws.uow.embeddable.EmbeddableUOWManagerImpl.uowEnd(EmbeddableUOWManagerImpl.java:792)
	at com.ibm.ws.uow.embeddable.EmbeddableUOWManagerImpl.runUnderNewUOW(EmbeddableUOWManagerImpl.java:1043)
	at com.ibm.ws.uow.embeddable.EmbeddableUOWManagerImpl.runUnderUOW(EmbeddableUOWManagerImpl.java:1013)
	at com.ibm.tx.jta.cdi.interceptors.TransactionalInterceptor.runUnderUOWManagingEnablement(TransactionalInterceptor.java:151)
	at com.ibm.tx.jta.cdi.interceptors.Required.required(Required.java:40)
	at sun.reflect.GeneratedMethodAccessor522.invoke(Unknown Source)
	at java.lang.reflect.Method.invoke(Method.java:498)
	at org.jboss.weld.interceptor.reader.SimpleInterceptorInvocation$SimpleMethodInvocation.invoke(SimpleInterceptorInvocation.java:73)
	at org.jboss.weld.interceptor.proxy.InterceptorMethodHandler.executeAroundInvoke(InterceptorMethodHandler.java:84)
	at org.jboss.weld.interceptor.proxy.InterceptorMethodHandler.executeInterception(InterceptorMethodHandler.java:72)
	at org.jboss.weld.interceptor.proxy.InterceptorMethodHandler.invoke(InterceptorMethodHandler.java:56)
	at org.jboss.weld.bean.proxy.CombinedInterceptorAndDecoratorStackMethodHandler.invoke(CombinedInterceptorAndDecoratorStackMethodHandler.java:79)
	at org.jboss.weld.bean.proxy.CombinedInterceptorAndDecoratorStackMethodHandler.invoke(CombinedInterceptorAndDecoratorStackMethodHandler.java:68)
	at com.FlightLogix.Service.User.UserResource$Proxy$_$$_WeldSubclass.registerUser(Unknown Source)
	at com.FlightLogix.Service.User.UserResource$Proxy$_$$_WeldClientProxy.registerUser(Unknown Source)
	at sun.reflect.GeneratedMethodAccessor548.invoke(Unknown Source)
	at java.lang.reflect.Method.invoke(Method.java:498)
	at com.ibm.ws.jaxrs20.cdi.component.JaxRsFactoryImplicitBeanCDICustomizer.serviceInvoke(JaxRsFactoryImplicitBeanCDICustomizer.java:342)
	at com.ibm.ws.jaxrs20.server.LibertyJaxRsServerFactoryBean.performInvocation(LibertyJaxRsServerFactoryBean.java:641)
	at com.ibm.ws.jaxrs20.server.LibertyJaxRsInvoker.performInvocation(LibertyJaxRsInvoker.java:160)
	at org.apache.cxf.service.invoker.AbstractInvoker.invoke(AbstractInvoker.java:101)
	at com.ibm.ws.jaxrs20.server.LibertyJaxRsInvoker.invoke(LibertyJaxRsInvoker.java:273)
	at org.apache.cxf.jaxrs.JAXRSInvoker.invoke(JAXRSInvoker.java:205)
	at com.ibm.ws.jaxrs20.server.LibertyJaxRsInvoker.invoke(LibertyJaxRsInvoker.java:444)
	at org.apache.cxf.jaxrs.JAXRSInvoker.invoke(JAXRSInvoker.java:111)
	at org.apache.cxf.interceptor.ServiceInvokerInterceptor$1.run(ServiceInvokerInterceptor.java:59)
	at org.apache.cxf.interceptor.ServiceInvokerInterceptor.handleMessage(ServiceInvokerInterceptor.java:96)
	at org.apache.cxf.phase.PhaseInterceptorChain.doIntercept(PhaseInterceptorChain.java:308)
	at org.apache.cxf.transport.ChainInitiationObserver.onMessage(ChainInitiationObserver.java:123)
	at org.apache.cxf.transport.http.AbstractHTTPDestination.invoke(AbstractHTTPDestination.java:275)
	at com.ibm.ws.jaxrs20.endpoint.AbstractJaxRsWebEndpoint.invoke(AbstractJaxRsWebEndpoint.java:137)
	at com.ibm.websphere.jaxrs.server.IBMRestServlet.handleRequest(IBMRestServlet.java:146)
	at com.ibm.websphere.jaxrs.server.IBMRestServlet.doPost(IBMRestServlet.java:104)
	at javax.servlet.http.HttpServlet.service(HttpServlet.java:706)
	at com.ibm.websphere.jaxrs.server.IBMRestServlet.service(IBMRestServlet.java:96)
	at com.ibm.ws.webcontainer.servlet.ServletWrapper.service(ServletWrapper.java:1257)
	at com.ibm.ws.webcontainer.servlet.ServletWrapper.handleRequest(ServletWrapper.java:745)
	at com.ibm.ws.webcontainer.servlet.ServletWrapper.handleRequest(ServletWrapper.java:442)
	at com.ibm.ws.webcontainer.filter.WebAppFilterManager.invokeFilters(WebAppFilterManager.java:1226)
	at com.ibm.ws.webcontainer.webapp.WebApp.handleRequest(WebApp.java:5057)
	at com.ibm.ws.webcontainer.osgi.DynamicVirtualHost$2.handleRequest(DynamicVirtualHost.java:314)
	at com.ibm.ws.webcontainer.WebContainer.handleRequest(WebContainer.java:1006)
	at com.ibm.ws.webcontainer.osgi.DynamicVirtualHost$2.run(DynamicVirtualHost.java:279)
	at com.ibm.ws.http.dispatcher.internal.channel.HttpDispatcherLink$TaskWrapper.run(HttpDispatcherLink.java:1146)
	at com.ibm.ws.http.dispatcher.internal.channel.HttpDispatcherLink.wrapHandlerAndExecute(HttpDispatcherLink.java:427)
	at com.ibm.ws.http.dispatcher.internal.channel.HttpDispatcherLink.ready(HttpDispatcherLink.java:386)
	at com.ibm.ws.http.channel.internal.inbound.HttpInboundLink.handleDiscrimination(HttpInboundLink.java:566)
	at com.ibm.ws.http.channel.internal.inbound.HttpInboundLink.handleNewRequest(HttpInboundLink.java:500)
	at com.ibm.ws.http.channel.internal.inbound.HttpInboundLink.processRequest(HttpInboundLink.java:360)
	at com.ibm.ws.http.channel.internal.inbound.HttpInboundLink.ready(HttpInboundLink.java:327)
	at com.ibm.ws.tcpchannel.internal.NewConnectionInitialReadCallback.sendToDiscriminators(NewConnectionInitialReadCallback.java:167)
	at com.ibm.ws.tcpchannel.internal.NewConnectionInitialReadCallback.complete(NewConnectionInitialReadCallback.java:75)
	at com.ibm.ws.tcpchannel.internal.WorkQueueManager.requestComplete(WorkQueueManager.java:504)
	at com.ibm.ws.tcpchannel.internal.WorkQueueManager.attemptIO(WorkQueueManager.java:574)
	at com.ibm.ws.tcpchannel.internal.WorkQueueManager.workerRun(WorkQueueManager.java:958)
	at com.ibm.ws.tcpchannel.internal.WorkQueueManager$Worker.run(WorkQueueManager.java:1047)
	at com.ibm.ws.threading.internal.ExecutorServiceImpl$RunnableWrapper.run(ExecutorServiceImpl.java:238)
	at java.util.concurrent.ThreadPoolExecutor.runWorker(ThreadPoolExecutor.java:1149)
	at java.util.concurrent.ThreadPoolExecutor$Worker.run(ThreadPoolExecutor.java:624)
	at java.lang.Thread.run(Thread.java:748)
Caused by: com.mysql.cj.exceptions.ConnectionIsClosedException: No operations allowed after connection closed.
	at sun.reflect.GeneratedConstructorAccessor1198.newInstance(Unknown Source)
	at java.lang.reflect.Constructor.newInstance(Constructor.java:423)
	at com.mysql.cj.exceptions.ExceptionFactory.createException(ExceptionFactory.java:61)
	at com.mysql.cj.exceptions.ExceptionFactory.createException(ExceptionFactory.java:105)
	at com.mysql.cj.exceptions.ExceptionFactory.createException(ExceptionFactory.java:151)
	at com.mysql.cj.NativeSession.checkClosed(NativeSession.java:1171)
	at com.mysql.cj.jdbc.ConnectionImpl.checkClosed(ConnectionImpl.java:573)
	at com.mysql.cj.jdbc.ConnectionImpl.rollback(ConnectionImpl.java:1816)
	... 73 more
Caused by: com.mysql.cj.exceptions.CJCommunicationsException: The last packet successfully received from the server was 391,556 milliseconds ago. The last packet sent successfully to the server was 391,670 milliseconds ago. is longer than the server configured value of 'wait_timeout'. You should consider either expiring and/or testing connection validity before use in your application, increasing the server configured values for client timeouts, or using the Connector/J connection property 'autoReconnect=true' to avoid this problem.
	at sun.reflect.GeneratedConstructorAccessor1194.newInstance(Unknown Source)
	at java.lang.reflect.Constructor.newInstance(Constructor.java:423)
	at com.mysql.cj.exceptions.ExceptionFactory.createException(ExceptionFactory.java:61)
	at com.mysql.cj.exceptions.ExceptionFactory.createException(ExceptionFactory.java:105)
	at com.mysql.cj.exceptions.ExceptionFactory.createException(ExceptionFactory.java:151)
	at com.mysql.cj.exceptions.ExceptionFactory.createCommunicationsException(ExceptionFactory.java:167)
	at com.mysql.cj.protocol.a.NativeProtocol.send(NativeProtocol.java:577)
	at com.mysql.cj.protocol.a.NativeProtocol.sendCommand(NativeProtocol.java:632)
	at com.mysql.cj.protocol.a.NativeProtocol.sendQueryPacket(NativeProtocol.java:948)
	at com.mysql.cj.protocol.a.NativeProtocol.sendQueryString(NativeProtocol.java:894)
	at com.mysql.cj.NativeSession.execSQL(NativeSession.java:1073)
	at com.mysql.cj.jdbc.ConnectionImpl.setSessionMaxRows(ConnectionImpl.java:2431)
	at com.mysql.cj.jdbc.ClientPreparedStatement.executeQuery(ClientPreparedStatement.java:1001)
	at com.mysql.cj.jdbc.PreparedStatementWrapper.executeQuery(PreparedStatementWrapper.java:581)
	at com.ibm.ws.rsadapter.jdbc.WSJdbcPreparedStatement.executeQuery(WSJdbcPreparedStatement.java:480)
	at org.eclipse.persistence.internal.databaseaccess.DatabaseAccessor.executeSelect(DatabaseAccessor.java:1015)
	at org.eclipse.persistence.internal.databaseaccess.DatabaseAccessor.basicExecuteCall(DatabaseAccessor.java:651)
	at org.eclipse.persistence.internal.databaseaccess.DatabaseAccessor.executeCall(DatabaseAccessor.java:567)
	at org.eclipse.persistence.internal.sessions.AbstractSession.basicExecuteCall(AbstractSession.java:2099)
	at org.eclipse.persistence.sessions.server.ServerSession.executeCall(ServerSession.java:603)
	at org.eclipse.persistence.internal.queries.DatasourceCallQueryMechanism.executeCall(DatasourceCallQueryMechanism.java:277)
	at org.eclipse.persistence.internal.queries.DatasourceCallQueryMechanism.executeCall(DatasourceCallQueryMechanism.java:263)
	at org.eclipse.persistence.internal.queries.DatasourceCallQueryMechanism.executeSelectCall(DatasourceCallQueryMechanism.java:334)
	at org.eclipse.persistence.internal.queries.DatasourceCallQueryMechanism.executeSelect(DatasourceCallQueryMechanism.java:316)
	at org.eclipse.persistence.queries.DataReadQuery.executeNonCursor(DataReadQuery.java:199)
	at org.eclipse.persistence.queries.DataReadQuery.executeDatabaseQuery(DataReadQuery.java:154)
	at org.eclipse.persistence.queries.DatabaseQuery.execute(DatabaseQuery.java:911)
	at org.eclipse.persistence.queries.DataReadQuery.execute(DataReadQuery.java:139)
	at org.eclipse.persistence.internal.sessions.AbstractSession.internalExecuteQuery(AbstractSession.java:3356)
	at org.eclipse.persistence.internal.sessions.AbstractSession.executeQuery(AbstractSession.java:1898)
	at org.eclipse.persistence.internal.sessions.AbstractSession.executeQuery(AbstractSession.java:1880)
	at org.eclipse.persistence.internal.sessions.AbstractSession.executeQuery(AbstractSession.java:1830)
	at org.eclipse.persistence.platform.database.MySQLPlatform.checkTableExists(MySQLPlatform.java:848)
	at org.eclipse.persistence.tools.schemaframework.SchemaManager.checkTableExists(SchemaManager.java:467)
	at org.eclipse.persistence.tools.schemaframework.SchemaManager.checkTableExists(SchemaManager.java:480)
	at org.eclipse.persistence.tools.schemaframework.TableCreator.createTables(TableCreator.java:169)
	at org.eclipse.persistence.tools.schemaframework.TableCreator.createTables(TableCreator.java:151)
	at org.eclipse.persistence.tools.schemaframework.TableCreator.createTables(TableCreator.java:143)
	at org.eclipse.persistence.tools.schemaframework.SchemaManager.createDefaultTables(SchemaManager.java:1030)
	at org.eclipse.persistence.internal.jpa.EntityManagerFactoryProvider.generateDefaultTables(EntityManagerFactoryProvider.java:110)
	at org.eclipse.persistence.internal.jpa.EntityManagerSetupImpl.writeDDLToDatabase(EntityManagerSetupImpl.java:4467)
	at org.eclipse.persistence.internal.jpa.EntityManagerSetupImpl.writeDDL(EntityManagerSetupImpl.java:4395)
	at org.eclipse.persistence.internal.jpa.EntityManagerSetupImpl.writeDDL(EntityManagerSetupImpl.java:4295)
	at org.eclipse.persistence.internal.jpa.EntityManagerSetupImpl.deploy(EntityManagerSetupImpl.java:819)
	at org.eclipse.persistence.internal.jpa.EntityManagerFactoryDelegate.getAbstractSession(EntityManagerFactoryDelegate.java:222)
	at org.eclipse.persistence.internal.jpa.EntityManagerFactoryDelegate.createEntityManagerImpl(EntityManagerFactoryDelegate.java:330)
	at org.eclipse.persistence.internal.jpa.EntityManagerFactoryImpl.createEntityManagerImpl(EntityManagerFactoryImpl.java:350)
	at org.eclipse.persistence.internal.jpa.EntityManagerFactoryImpl.createEntityManager(EntityManagerFactoryImpl.java:331)
	at com.ibm.ws.jpa.container.v22.internal.JPA22Runtime.createEntityManagerInstance(JPA22Runtime.java:110)
	at com.ibm.ws.jpa.management.JPAEMPool.getEntityManager(JPAEMPool.java:155)
	at com.ibm.ws.jpa.management.JPATxEntityManager.getEMInvocationInfo(JPATxEntityManager.java:254)
	at com.ibm.ws.jpa.management.JPATxEntityManager.getEMInvocationInfo(JPATxEntityManager.java:164)
	at com.ibm.ws.jpa.management.JPAEntityManager.persist(JPAEntityManager.java:149)
	at com.FlightLogix.Persistence.User.UserDAO.createUser(UserDAO.java:19)
	at com.FlightLogix.Persistence.User.UserDAO$Proxy$_$$_WeldClientProxy.createUser(Unknown Source)
	at com.FlightLogix.Service.User.UserResource.registerUser(UserResource.java:25)
	at com.FlightLogix.Service.User.UserResource$Proxy$_$$_WeldSubclass.registerUser$$super(Unknown Source)
	at sun.reflect.GeneratedMethodAccessor549.invoke(Unknown Source)
	at java.lang.reflect.Method.invoke(Method.java:498)
	at org.jboss.weld.interceptor.proxy.TerminalAroundInvokeInvocationContext.proceedInternal(TerminalAroundInvokeInvocationContext.java:51)
	at org.jboss.weld.interceptor.proxy.AroundInvokeInvocationContext.proceed(AroundInvokeInvocationContext.java:78)
	at com.ibm.tx.jta.cdi.interceptors.TransactionalInterceptor$1.run(TransactionalInterceptor.java:137)
	at com.ibm.ws.uow.embeddable.EmbeddableUOWManagerImpl.runUnderCurrentUOW(EmbeddableUOWManagerImpl.java:1077)
	at com.ibm.ws.uow.embeddable.EmbeddableUOWManagerImpl.runUnderNewUOW(EmbeddableUOWManagerImpl.java:1040)
	... 58 more
Caused by: java.net.SocketException: Connection reset by peer: socket write error
	at java.net.SocketOutputStream.socketWrite0(Native Method)
	at java.net.SocketOutputStream.socketWrite(SocketOutputStream.java:111)
	at java.net.SocketOutputStream.write(SocketOutputStream.java:155)
	at sun.security.ssl.SSLSocketOutputRecord.deliver(SSLSocketOutputRecord.java:341)
	at sun.security.ssl.SSLSocketImpl$AppOutputStream.write(SSLSocketImpl.java:1106)
	at java.io.BufferedOutputStream.flushBuffer(BufferedOutputStream.java:82)
	at java.io.BufferedOutputStream.flush(BufferedOutputStream.java:140)
	at com.mysql.cj.protocol.a.SimplePacketSender.send(SimplePacketSender.java:55)
	at com.mysql.cj.protocol.a.TimeTrackingPacketSender.send(TimeTrackingPacketSender.java:50)
	at com.mysql.cj.protocol.a.NativeProtocol.send(NativeProtocol.java:568)
	... 115 more

Dump of callerThis
Object type = com.ibm.ws.rsadapter.impl.WSRdbSpiLocalTransactionImpl
  strings[0] = "_______________________________________________________________________"
  strings[1] = ""
  strings[2] = "    First Failure Data Capture information for"
  strings[3] = "          com.ibm.ws.rsadapter.impl.WSRdbManagedConnectionImpl@9de523"
  strings[4] = "_______________________________________________________________________"
  strings[5] = ""
  strings[6] = "ONE PHASE ENABLED
"
  strings[7] = "Connection sharing: "
  strings[8] = "  MatchOriginalRequest
"
  strings[9] = "Transaction State:"
  strings[10] = "  LOCAL_TRANSACTION_ACTIVE
"
  strings[11] = "Key:"
  strings[12] = "  [B@2cac7464
"
  strings[13] = "Log Writer:"
  strings[14] = "  null
"
  strings[15] = "Subject:"
  strings[16] = "  null
"
  strings[17] = "ManagedConnection:"
  strings[18] = "  WSRdbManagedConnectionImpl@9de523
"
  strings[19] = "Counter of fatal connection errors for the ManagedConnectionFactory as of the most recent getConnection on this ManagedConnection:"
  strings[20] = "  1
"
  strings[21] = "Default AutoCommit:"
  strings[22] = "  true
"
  strings[23] = "Current AutoCommit:"
  strings[24] = "  false
"
  strings[25] = "Current Isolation:"
  strings[26] = "  READ COMMITTED (2)
"
  strings[27] = "Isolation level has changed? :"
  strings[28] = "  false
"
  strings[29] = "Support isolation level switching: "
  strings[30] = "  false
"
  strings[31] = "The gssCredential is: 
"
  strings[32] = "null
"
  strings[33] = "The gssName is: 
"
  strings[34] = "null
"
  strings[35] = "Catalog, IsReadOnly, TypeMap, Schema, ShardingKey, SuperShardingKey, or NetworkTimeout has changed? :"
  strings[36] = "  false
"
  strings[37] = "Default Holdability:"
  strings[38] = "  DEFAULT CURSOR HOLDABILITY VALUE (0)
"
  strings[39] = "Current Holdability:"
  strings[40] = "  DEFAULT CURSOR HOLDABILITY VALUE (0)
"
  strings[41] = "Holdability value has changed? :"
  strings[42] = "  false
"
  strings[43] = "Thread ID:"
  strings[44] = "  null
"
  strings[45] = "Lazily enlisted in the current transaction? :"
  strings[46] = "  true
"
  strings[47] = "Underlying Connection Object: com.mysql.cj.jdbc.ConnectionWrapper@214f1388"
  strings[48] = "  com.mysql.cj.jdbc.ConnectionWrapper@214f1388
"
  strings[49] = "Underlying PooledConnection Object: com.mysql.cj.jdbc.MysqlPooledConnection@4b1f7d1"
  strings[50] = "  com.mysql.cj.jdbc.MysqlPooledConnection@4b1f7d1
"
  strings[51] = "SQLJ Default Context: null"
  strings[52] = "  null
"
  strings[53] = "Fatal connection error was detected? :"
  strings[54] = "  true
"
  strings[55] = "Currently cleaning up handles? :"
  strings[56] = "  false
"
  strings[57] = "Last ConnectionEvent sent for this ManagedConnection:
"
  strings[58] = "  com.ibm.ws.rsadapter.impl.WSConnectionEvent@fffb313"
  strings[59] = "  Connection Handle: com.ibm.ws.rsadapter.jdbc.v41.WSJdbc41Connection@750acbe3"
  strings[60] = "  Event ID: CONNECTION CLOSED (1)"
  strings[61] = "  Exception: null"
  strings[62] = ""
  strings[63] = "Connection Event Listeners:
"
  strings[64] = "  com.ibm.ejs.j2c.ConnectionEventListener@4280dfca"
  strings[65] = ""
  strings[66] = "Maximum Handle List Size: 15
"
  strings[67] = "Handle Count: 0
"
  strings[68] = "Handles:
"
  strings[69] = "  null"
  strings[70] = "  null"
  strings[71] = "  null"
  strings[72] = "  null"
  strings[73] = "  null"
  strings[74] = "  null"
  strings[75] = "  null"
  strings[76] = "  null"
  strings[77] = "  null"
  strings[78] = "  null"
  strings[79] = "  null"
  strings[80] = "  null"
  strings[81] = "  null"
  strings[82] = "  null"
  strings[83] = "  null"
  strings[84] = ""
  strings[85] = "State Manager:"
  strings[86] = "  com.ibm.ws.rsadapter.impl.WSStateManager@4984b734
"
  strings[87] = "_______________________________________________________________________"
  strings[88] = ""
  strings[89] = "    First Failure Data Capture information for"
  strings[90] = "          com.ibm.ws.rsadapter.impl.WSRdbOnePhaseXaResourceImpl@64c5d3de"
  strings[91] = "_______________________________________________________________________"
  strings[92] = ""
  strings[93] = "Connection:"
  strings[94] = "  com.mysql.cj.jdbc.ConnectionWrapper@214f1388
"
  strings[95] = "ManagedConnection:"
  strings[96] = "  WSRdbManagedConnectionImpl@9de523
"
  strings[97] = "_______________________________________________________________________"
  strings[98] = ""
  strings[99] = "    First Failure Data Capture information for"
  strings[100] = "          com.ibm.ws.rsadapter.impl.WSRdbSpiLocalTransactionImpl@814f565"
  strings[101] = "_______________________________________________________________________"
  strings[102] = ""
  strings[103] = "Connection:"
  strings[104] = "  com.mysql.cj.jdbc.ConnectionWrapper@214f1388
"
  strings[105] = "ManagedConnection:"
  strings[106] = "  WSRdbManagedConnectionImpl@9de523
"
  strings[107] = "Statement Cache:"
    
com.ibm.ws.rsadapter.impl.CacheMap@3ca06659
Number of entries:   5
Maximum entries:     10
Number of buckets:   13
Maximum bucket size: 5
Number of discards:  28

BUCKET SIZE PREV NEXT
  000  000  013  013
  001  001  011  008
                      65322ccf PSTMT: SELECT SEQ_COUNT FROM SEQUENCE WHERE SEQ_NAME = "? 1003 1007 0 0 0
  002  000  013  013
  003  000  013  013
  004  000  013  013
  005  000  013  013
  006  000  013  013
  007  001  013  011
                      b33fc8 PSTMT: ALTER TABLE BOOKINGLOGS ADD CONSTRAINT FK_BOOKINGLOGS_userID FOREIGN KEY (userID) REFERENCES user (userID) 1003 1007 0 0 0
  008  001  001  014
                      3f9e1329 PSTMT: INSERT INTO user (userID, email, firstName, hashedPassword, lastName) VALUES (?, ?, ?, ?, ?) 1003 1007 0 0 0
  009  000  013  013
  010  000  013  013
  011  002  007  001
                      1357fae6 PSTMT: ALTER TABLE ITINERARY ADD CONSTRAINT FK_ITINERARY_INBOUND_ID FOREIGN KEY (INBOUND_ID) REFERENCES SEGMENT (ID) 1003 1007 0 0 0
                      933d404 PSTMT: UPDATE SEQUENCE SET SEQ_COUNT = SEQ_COUNT + ? WHERE SEQ_NAME = ? 1003 1007 0 0 0
  012  000  013  013
  013  LRU       007
  014  MRU  008

"
  strings[109] = "_______________________________________________________________________"
  strings[110] = ""
  strings[111] = "    First Failure Data Capture information for"
  strings[112] = "          com.ibm.ws.rsadapter.impl.WSConnectionRequestInfoImpl@2bd02b2d"
  strings[113] = "_______________________________________________________________________"
  strings[114] = ""
  changable CRI = ""
  strings[116] = "  true
"
  strings[117] = "User Name:"
  strings[118] = "  null
"
  strings[119] = "Password:"
  strings[120] = "  null
"
  strings[121] = "Isolation Level:"
  strings[122] = "  READ COMMITTED (2)
"
  strings[123] = "Catalog:"
  strings[124] = "  null
"
  strings[125] = "Schema:"
  strings[126] = "  null
"
  strings[127] = "Sharding key:"
  strings[128] = "  null
"
  strings[129] = "Super Sharding key:"
  strings[130] = "  null
"
  strings[131] = "Is Read Only?"
  strings[132] = "  null
"
  strings[133] = "Type Map:"
  strings[134] = "  null
"
  strings[135] = "Cursor Holdability:"
  strings[136] = "  DEFAULT CURSOR HOLDABILITY VALUE (0)
"
  strings[137] = "Config ID: 2
"
  strings[138] = "Hash Code:"
  strings[139] = "  2
"
  strings[140] = "Support isolation switching on connection:"
  strings[141] = "  false
"
  gssName = "
"
  strings[143] = "null
"
  gssCredential = "
"
  strings[145] = "null
"
  strings[146] = "_______________________________________________________________________"
  strings[147] = ""
  strings[148] = "    First Failure Data Capture information for"
  strings[149] = "          com.ibm.ws.rsadapter.impl.WSManagedConnectionFactoryImpl@728f3945"
  strings[150] = "_______________________________________________________________________"
  strings[151] = ""
  strings[152] = "com.ibm.ws.rsadapter.DSConfig@2b85b7cf"
  strings[153] = "[beginTranForResultSetScrollingAPIs, true, beginTranForVendorAPIs, true, commitOrRollbackOnCleanup, null, connectionSharing, MatchOriginalRequest, isolationLevel, -1, jndiName, jdbc/myDB, enableConnectionCasting, false, queryTimeout, null, statementCacheSize, 10, supplementalJDBCTrace, null, syncQueryTimeoutWithTransactionTimeout, false, transactional, true]"
  strings[154] = "{serverName=soen.mysql.database.azure.com, password=******, databaseName=db, user=username@soen, portNumber=3306}"
  strings[155] = "Vendor implementation class:"
  strings[156] = "  class com.mysql.cj.jdbc.MysqlConnectionPoolDataSource
"
  strings[157] = "Type:"
  strings[158] = "  interface javax.sql.ConnectionPoolDataSource
"
  strings[159] = "Underlying DataSource or Driver Object: com.mysql.cj.jdbc.MysqlConnectionPoolDataSource@64c5f98f"
  strings[160] = "  com.mysql.cj.jdbc.MysqlConnectionPoolDataSource@64c5f98f
"
  strings[161] = "Instance id:"
  strings[162] = "  2
"
  strings[163] = "Log Writer:"
  strings[164] = "  null
"
  strings[165] = "Counter of fatal connection errors on ManagedConnections created by this MCF:"
  strings[166] = "  1
"

