------Start of DE processing------ = [4/2/21 22:03:33:917 EDT]
Exception = com.ibm.ws.rsadapter.exceptions.DataStoreAdapterException
Source = com.ibm.ejs.j2c.poolmanager.FreePool.cleanupAndDestroyMCWrapper
probeid = 300
Stack Dump = com.ibm.ws.rsadapter.exceptions.DataStoreAdapterException: DSRA0080E: An exception was received by the Data Store Adapter. See original exception message: {0}. with SQL State : 08003 SQL Code : 0
	at com.ibm.ws.rsadapter.impl.WSRdbManagedConnectionImpl.cleanupTransactions(WSRdbManagedConnectionImpl.java:3242)
	at com.ibm.ws.rsadapter.impl.WSRdbManagedConnectionImpl.destroy(WSRdbManagedConnectionImpl.java:2531)
	at com.ibm.ejs.j2c.MCWrapper.destroy(MCWrapper.java:1757)
	at com.ibm.ejs.j2c.FreePool.cleanupAndDestroyMCWrapper(FreePool.java:473)
	at com.ibm.ejs.j2c.FreePool.returnToFreePool(FreePool.java:273)
	at com.ibm.ejs.j2c.PoolManager.release(PoolManager.java:924)
	at com.ibm.ejs.j2c.MCWrapper.releaseToPoolManager(MCWrapper.java:2133)
	at com.ibm.ejs.j2c.LocalTransactionWrapper.afterCompletion(LocalTransactionWrapper.java:958)
	at com.ibm.tx.jta.impl.RegisteredSyncs.coreDistributeAfter(RegisteredSyncs.java:315)
	at com.ibm.tx.jta.impl.RegisteredSyncs.distributeAfter(RegisteredSyncs.java:290)
	at com.ibm.tx.jta.embeddable.impl.EmbeddableTransactionImpl.distributeAfter(EmbeddableTransactionImpl.java:314)
	at com.ibm.tx.jta.impl.TransactionImpl.postCompletion(TransactionImpl.java:2553)
	at com.ibm.tx.jta.impl.TransactionImpl.internalRollback(TransactionImpl.java:1646)
	at com.ibm.tx.jta.impl.TransactionImpl.internalRollback(TransactionImpl.java:1597)
	at com.ibm.tx.jta.impl.TransactionImpl.rollback(TransactionImpl.java:1065)
	at com.ibm.tx.jta.impl.TranManagerImpl.rollback(TranManagerImpl.java:195)
	at com.ibm.tx.jta.impl.TranManagerSet.rollback(TranManagerSet.java:138)
	at com.ibm.ws.uow.embeddable.EmbeddableUOWManagerImpl.uowRollback(EmbeddableUOWManagerImpl.java:856)
	at com.ibm.ws.uow.embeddable.EmbeddableUOWManagerImpl.uowEnd(EmbeddableUOWManagerImpl.java:792)
	at com.ibm.ws.uow.embeddable.EmbeddableUOWManagerImpl.runUnderNewUOW(EmbeddableUOWManagerImpl.java:1043)
	at com.ibm.ws.uow.embeddable.EmbeddableUOWManagerImpl.runUnderUOW(EmbeddableUOWManagerImpl.java:1013)
	at com.ibm.tx.jta.cdi.interceptors.TransactionalInterceptor.runUnderUOWManagingEnablement(TransactionalInterceptor.java:151)
	at com.ibm.tx.jta.cdi.interceptors.Required.required(Required.java:40)
	at sun.reflect.GeneratedMethodAccessor522.invoke(Unknown Source)
	at java.lang.reflect.Method.invoke(Method.java:498)
	at org.jboss.weld.interceptor.reader.SimpleInterceptorInvocation$SimpleMethodInvocation.invoke(SimpleInterceptorInvocation.java:73)
	at org.jboss.weld.interceptor.proxy.InterceptorMethodHandler.executeAroundInvoke(InterceptorMethodHandler.java:84)
	at org.jboss.weld.interceptor.proxy.InterceptorMethodHandler.executeInterception(InterceptorMethodHandler.java:72)
	at org.jboss.weld.interceptor.proxy.InterceptorMethodHandler.invoke(InterceptorMethodHandler.java:56)
	at org.jboss.weld.bean.proxy.CombinedInterceptorAndDecoratorStackMethodHandler.invoke(CombinedInterceptorAndDecoratorStackMethodHandler.java:79)
	at org.jboss.weld.bean.proxy.CombinedInterceptorAndDecoratorStackMethodHandler.invoke(CombinedInterceptorAndDecoratorStackMethodHandler.java:68)
	at com.FlightLogix.Service.User.UserResource$Proxy$_$$_WeldSubclass.registerUser(Unknown Source)
	at com.FlightLogix.Service.User.UserResource$Proxy$_$$_WeldClientProxy.registerUser(Unknown Source)
	at sun.reflect.GeneratedMethodAccessor548.invoke(Unknown Source)
	at java.lang.reflect.Method.invoke(Method.java:498)
	at com.ibm.ws.jaxrs20.cdi.component.JaxRsFactoryImplicitBeanCDICustomizer.serviceInvoke(JaxRsFactoryImplicitBeanCDICustomizer.java:342)
	at com.ibm.ws.jaxrs20.server.LibertyJaxRsServerFactoryBean.performInvocation(LibertyJaxRsServerFactoryBean.java:641)
	at com.ibm.ws.jaxrs20.server.LibertyJaxRsInvoker.performInvocation(LibertyJaxRsInvoker.java:160)
	at org.apache.cxf.service.invoker.AbstractInvoker.invoke(AbstractInvoker.java:101)
	at com.ibm.ws.jaxrs20.server.LibertyJaxRsInvoker.invoke(LibertyJaxRsInvoker.java:273)
	at org.apache.cxf.jaxrs.JAXRSInvoker.invoke(JAXRSInvoker.java:205)
	at com.ibm.ws.jaxrs20.server.LibertyJaxRsInvoker.invoke(LibertyJaxRsInvoker.java:444)
	at org.apache.cxf.jaxrs.JAXRSInvoker.invoke(JAXRSInvoker.java:111)
	at org.apache.cxf.interceptor.ServiceInvokerInterceptor$1.run(ServiceInvokerInterceptor.java:59)
	at org.apache.cxf.interceptor.ServiceInvokerInterceptor.handleMessage(ServiceInvokerInterceptor.java:96)
	at org.apache.cxf.phase.PhaseInterceptorChain.doIntercept(PhaseInterceptorChain.java:308)
	at org.apache.cxf.transport.ChainInitiationObserver.onMessage(ChainInitiationObserver.java:123)
	at org.apache.cxf.transport.http.AbstractHTTPDestination.invoke(AbstractHTTPDestination.java:275)
	at com.ibm.ws.jaxrs20.endpoint.AbstractJaxRsWebEndpoint.invoke(AbstractJaxRsWebEndpoint.java:137)
	at com.ibm.websphere.jaxrs.server.IBMRestServlet.handleRequest(IBMRestServlet.java:146)
	at com.ibm.websphere.jaxrs.server.IBMRestServlet.doPost(IBMRestServlet.java:104)
	at javax.servlet.http.HttpServlet.service(HttpServlet.java:706)
	at com.ibm.websphere.jaxrs.server.IBMRestServlet.service(IBMRestServlet.java:96)
	at com.ibm.ws.webcontainer.servlet.ServletWrapper.service(ServletWrapper.java:1257)
	at com.ibm.ws.webcontainer.servlet.ServletWrapper.handleRequest(ServletWrapper.java:745)
	at com.ibm.ws.webcontainer.servlet.ServletWrapper.handleRequest(ServletWrapper.java:442)
	at com.ibm.ws.webcontainer.filter.WebAppFilterManager.invokeFilters(WebAppFilterManager.java:1226)
	at com.ibm.ws.webcontainer.webapp.WebApp.handleRequest(WebApp.java:5057)
	at com.ibm.ws.webcontainer.osgi.DynamicVirtualHost$2.handleRequest(DynamicVirtualHost.java:314)
	at com.ibm.ws.webcontainer.WebContainer.handleRequest(WebContainer.java:1006)
	at com.ibm.ws.webcontainer.osgi.DynamicVirtualHost$2.run(DynamicVirtualHost.java:279)
	at com.ibm.ws.http.dispatcher.internal.channel.HttpDispatcherLink$TaskWrapper.run(HttpDispatcherLink.java:1146)
	at com.ibm.ws.http.dispatcher.internal.channel.HttpDispatcherLink.wrapHandlerAndExecute(HttpDispatcherLink.java:427)
	at com.ibm.ws.http.dispatcher.internal.channel.HttpDispatcherLink.ready(HttpDispatcherLink.java:386)
	at com.ibm.ws.http.channel.internal.inbound.HttpInboundLink.handleDiscrimination(HttpInboundLink.java:566)
	at com.ibm.ws.http.channel.internal.inbound.HttpInboundLink.handleNewRequest(HttpInboundLink.java:500)
	at com.ibm.ws.http.channel.internal.inbound.HttpInboundLink.processRequest(HttpInboundLink.java:360)
	at com.ibm.ws.http.channel.internal.inbound.HttpInboundLink.ready(HttpInboundLink.java:327)
	at com.ibm.ws.tcpchannel.internal.NewConnectionInitialReadCallback.sendToDiscriminators(NewConnectionInitialReadCallback.java:167)
	at com.ibm.ws.tcpchannel.internal.NewConnectionInitialReadCallback.complete(NewConnectionInitialReadCallback.java:75)
	at com.ibm.ws.tcpchannel.internal.WorkQueueManager.requestComplete(WorkQueueManager.java:504)
	at com.ibm.ws.tcpchannel.internal.WorkQueueManager.attemptIO(WorkQueueManager.java:574)
	at com.ibm.ws.tcpchannel.internal.WorkQueueManager.workerRun(WorkQueueManager.java:958)
	at com.ibm.ws.tcpchannel.internal.WorkQueueManager$Worker.run(WorkQueueManager.java:1047)
	at com.ibm.ws.threading.internal.ExecutorServiceImpl$RunnableWrapper.run(ExecutorServiceImpl.java:238)
	at java.util.concurrent.ThreadPoolExecutor.runWorker(ThreadPoolExecutor.java:1149)
	at java.util.concurrent.ThreadPoolExecutor$Worker.run(ThreadPoolExecutor.java:624)
	at java.lang.Thread.run(Thread.java:748)
Caused by: java.sql.SQLNonTransientException: No operations allowed after connection closed. DSRA0010E: SQL State = 08003, Error Code = 0
	at com.mysql.cj.jdbc.exceptions.SQLError.createSQLException(SQLError.java:110)
	at com.mysql.cj.jdbc.exceptions.SQLError.createSQLException(SQLError.java:97)
	at com.mysql.cj.jdbc.exceptions.SQLError.createSQLException(SQLError.java:89)
	at com.mysql.cj.jdbc.exceptions.SQLError.createSQLException(SQLError.java:63)
	at com.mysql.cj.jdbc.exceptions.SQLError.createSQLException(SQLError.java:73)
	at com.mysql.cj.jdbc.exceptions.SQLExceptionsMapping.translateException(SQLExceptionsMapping.java:73)
	at com.mysql.cj.jdbc.ConnectionImpl.rollback(ConnectionImpl.java:1862)
	at com.mysql.cj.jdbc.ConnectionWrapper.rollback(ConnectionWrapper.java:540)
	at com.ibm.ws.rsadapter.impl.WSRdbManagedConnectionImpl.cleanupTransactions(WSRdbManagedConnectionImpl.java:3234)
	... 77 more
Caused by: com.mysql.cj.exceptions.ConnectionIsClosedException: No operations allowed after connection closed.
	at sun.reflect.GeneratedConstructorAccessor1198.newInstance(Unknown Source)
	at java.lang.reflect.Constructor.newInstance(Constructor.java:423)
	at com.mysql.cj.exceptions.ExceptionFactory.createException(ExceptionFactory.java:61)
	at com.mysql.cj.exceptions.ExceptionFactory.createException(ExceptionFactory.java:105)
	at com.mysql.cj.exceptions.ExceptionFactory.createException(ExceptionFactory.java:151)
	at com.mysql.cj.NativeSession.checkClosed(NativeSession.java:1171)
	at com.mysql.cj.jdbc.ConnectionImpl.checkClosed(ConnectionImpl.java:573)
	at com.mysql.cj.jdbc.ConnectionImpl.rollback(ConnectionImpl.java:1816)
	... 79 more
Caused by: com.mysql.cj.exceptions.CJCommunicationsException: The last packet successfully received from the server was 391,556 milliseconds ago. The last packet sent successfully to the server was 391,670 milliseconds ago. is longer than the server configured value of 'wait_timeout'. You should consider either expiring and/or testing connection validity before use in your application, increasing the server configured values for client timeouts, or using the Connector/J connection property 'autoReconnect=true' to avoid this problem.
	at sun.reflect.GeneratedConstructorAccessor1194.newInstance(Unknown Source)
	at java.lang.reflect.Constructor.newInstance(Constructor.java:423)
	at com.mysql.cj.exceptions.ExceptionFactory.createException(ExceptionFactory.java:61)
	at com.mysql.cj.exceptions.ExceptionFactory.createException(ExceptionFactory.java:105)
	at com.mysql.cj.exceptions.ExceptionFactory.createException(ExceptionFactory.java:151)
	at com.mysql.cj.exceptions.ExceptionFactory.createCommunicationsException(ExceptionFactory.java:167)
	at com.mysql.cj.protocol.a.NativeProtocol.send(NativeProtocol.java:577)
	at com.mysql.cj.protocol.a.NativeProtocol.sendCommand(NativeProtocol.java:632)
	at com.mysql.cj.protocol.a.NativeProtocol.sendQueryPacket(NativeProtocol.java:948)
	at com.mysql.cj.protocol.a.NativeProtocol.sendQueryString(NativeProtocol.java:894)
	at com.mysql.cj.NativeSession.execSQL(NativeSession.java:1073)
	at com.mysql.cj.jdbc.ConnectionImpl.setSessionMaxRows(ConnectionImpl.java:2431)
	at com.mysql.cj.jdbc.ClientPreparedStatement.executeQuery(ClientPreparedStatement.java:1001)
	at com.mysql.cj.jdbc.PreparedStatementWrapper.executeQuery(PreparedStatementWrapper.java:581)
	at com.ibm.ws.rsadapter.jdbc.WSJdbcPreparedStatement.executeQuery(WSJdbcPreparedStatement.java:480)
	at org.eclipse.persistence.internal.databaseaccess.DatabaseAccessor.executeSelect(DatabaseAccessor.java:1015)
	at org.eclipse.persistence.internal.databaseaccess.DatabaseAccessor.basicExecuteCall(DatabaseAccessor.java:651)
	at org.eclipse.persistence.internal.databaseaccess.DatabaseAccessor.executeCall(DatabaseAccessor.java:567)
	at org.eclipse.persistence.internal.sessions.AbstractSession.basicExecuteCall(AbstractSession.java:2099)
	at org.eclipse.persistence.sessions.server.ServerSession.executeCall(ServerSession.java:603)
	at org.eclipse.persistence.internal.queries.DatasourceCallQueryMechanism.executeCall(DatasourceCallQueryMechanism.java:277)
	at org.eclipse.persistence.internal.queries.DatasourceCallQueryMechanism.executeCall(DatasourceCallQueryMechanism.java:263)
	at org.eclipse.persistence.internal.queries.DatasourceCallQueryMechanism.executeSelectCall(DatasourceCallQueryMechanism.java:334)
	at org.eclipse.persistence.internal.queries.DatasourceCallQueryMechanism.executeSelect(DatasourceCallQueryMechanism.java:316)
	at org.eclipse.persistence.queries.DataReadQuery.executeNonCursor(DataReadQuery.java:199)
	at org.eclipse.persistence.queries.DataReadQuery.executeDatabaseQuery(DataReadQuery.java:154)
	at org.eclipse.persistence.queries.DatabaseQuery.execute(DatabaseQuery.java:911)
	at org.eclipse.persistence.queries.DataReadQuery.execute(DataReadQuery.java:139)
	at org.eclipse.persistence.internal.sessions.AbstractSession.internalExecuteQuery(AbstractSession.java:3356)
	at org.eclipse.persistence.internal.sessions.AbstractSession.executeQuery(AbstractSession.java:1898)
	at org.eclipse.persistence.internal.sessions.AbstractSession.executeQuery(AbstractSession.java:1880)
	at org.eclipse.persistence.internal.sessions.AbstractSession.executeQuery(AbstractSession.java:1830)
	at org.eclipse.persistence.platform.database.MySQLPlatform.checkTableExists(MySQLPlatform.java:848)
	at org.eclipse.persistence.tools.schemaframework.SchemaManager.checkTableExists(SchemaManager.java:467)
	at org.eclipse.persistence.tools.schemaframework.SchemaManager.checkTableExists(SchemaManager.java:480)
	at org.eclipse.persistence.tools.schemaframework.TableCreator.createTables(TableCreator.java:169)
	at org.eclipse.persistence.tools.schemaframework.TableCreator.createTables(TableCreator.java:151)
	at org.eclipse.persistence.tools.schemaframework.TableCreator.createTables(TableCreator.java:143)
	at org.eclipse.persistence.tools.schemaframework.SchemaManager.createDefaultTables(SchemaManager.java:1030)
	at org.eclipse.persistence.internal.jpa.EntityManagerFactoryProvider.generateDefaultTables(EntityManagerFactoryProvider.java:110)
	at org.eclipse.persistence.internal.jpa.EntityManagerSetupImpl.writeDDLToDatabase(EntityManagerSetupImpl.java:4467)
	at org.eclipse.persistence.internal.jpa.EntityManagerSetupImpl.writeDDL(EntityManagerSetupImpl.java:4395)
	at org.eclipse.persistence.internal.jpa.EntityManagerSetupImpl.writeDDL(EntityManagerSetupImpl.java:4295)
	at org.eclipse.persistence.internal.jpa.EntityManagerSetupImpl.deploy(EntityManagerSetupImpl.java:819)
	at org.eclipse.persistence.internal.jpa.EntityManagerFactoryDelegate.getAbstractSession(EntityManagerFactoryDelegate.java:222)
	at org.eclipse.persistence.internal.jpa.EntityManagerFactoryDelegate.createEntityManagerImpl(EntityManagerFactoryDelegate.java:330)
	at org.eclipse.persistence.internal.jpa.EntityManagerFactoryImpl.createEntityManagerImpl(EntityManagerFactoryImpl.java:350)
	at org.eclipse.persistence.internal.jpa.EntityManagerFactoryImpl.createEntityManager(EntityManagerFactoryImpl.java:331)
	at com.ibm.ws.jpa.container.v22.internal.JPA22Runtime.createEntityManagerInstance(JPA22Runtime.java:110)
	at com.ibm.ws.jpa.management.JPAEMPool.getEntityManager(JPAEMPool.java:155)
	at com.ibm.ws.jpa.management.JPATxEntityManager.getEMInvocationInfo(JPATxEntityManager.java:254)
	at com.ibm.ws.jpa.management.JPATxEntityManager.getEMInvocationInfo(JPATxEntityManager.java:164)
	at com.ibm.ws.jpa.management.JPAEntityManager.persist(JPAEntityManager.java:149)
	at com.FlightLogix.Persistence.User.UserDAO.createUser(UserDAO.java:19)
	at com.FlightLogix.Persistence.User.UserDAO$Proxy$_$$_WeldClientProxy.createUser(Unknown Source)
	at com.FlightLogix.Service.User.UserResource.registerUser(UserResource.java:25)
	at com.FlightLogix.Service.User.UserResource$Proxy$_$$_WeldSubclass.registerUser$$super(Unknown Source)
	at sun.reflect.GeneratedMethodAccessor549.invoke(Unknown Source)
	at java.lang.reflect.Method.invoke(Method.java:498)
	at org.jboss.weld.interceptor.proxy.TerminalAroundInvokeInvocationContext.proceedInternal(TerminalAroundInvokeInvocationContext.java:51)
	at org.jboss.weld.interceptor.proxy.AroundInvokeInvocationContext.proceed(AroundInvokeInvocationContext.java:78)
	at com.ibm.tx.jta.cdi.interceptors.TransactionalInterceptor$1.run(TransactionalInterceptor.java:137)
	at com.ibm.ws.uow.embeddable.EmbeddableUOWManagerImpl.runUnderCurrentUOW(EmbeddableUOWManagerImpl.java:1077)
	at com.ibm.ws.uow.embeddable.EmbeddableUOWManagerImpl.runUnderNewUOW(EmbeddableUOWManagerImpl.java:1040)
	... 58 more
Caused by: java.net.SocketException: Connection reset by peer: socket write error
	at java.net.SocketOutputStream.socketWrite0(Native Method)
	at java.net.SocketOutputStream.socketWrite(SocketOutputStream.java:111)
	at java.net.SocketOutputStream.write(SocketOutputStream.java:155)
	at sun.security.ssl.SSLSocketOutputRecord.deliver(SSLSocketOutputRecord.java:341)
	at sun.security.ssl.SSLSocketImpl$AppOutputStream.write(SSLSocketImpl.java:1106)
	at java.io.BufferedOutputStream.flushBuffer(BufferedOutputStream.java:82)
	at java.io.BufferedOutputStream.flush(BufferedOutputStream.java:140)
	at com.mysql.cj.protocol.a.SimplePacketSender.send(SimplePacketSender.java:55)
	at com.mysql.cj.protocol.a.TimeTrackingPacketSender.send(TimeTrackingPacketSender.java:50)
	at com.mysql.cj.protocol.a.NativeProtocol.send(NativeProtocol.java:568)
	... 115 more

Dump of callerThis
Object type = com.ibm.ejs.j2c.FreePool
  tc = class com.ibm.websphere.ras.TraceComponent@185af1be
    strings[0] = "TraceComponent[com.ibm.ejs.j2c.FreePool,class com.ibm.ejs.j2c.FreePool,[WAS.j2c],com.ibm.ws.j2c.resources.J2CAMessages,null]"
  mcWrapperList = class com.ibm.ejs.j2c.MCWrapperList@3e1e5ac5
    serialVersionUID = -4093886924342827512
    serialVersionUID = 8683452581122892189
    DEFAULT_CAPACITY = 10
    EMPTY_ELEMENTDATA = class java.lang.Object[0]
    DEFAULTCAPACITY_EMPTY_ELEMENTDATA = class java.lang.Object[0]
    elementData = class java.lang.Object[50]
      Object[0] = null
      Object[1] = null
      Object[2] = null
      Object[3] = null
      Object[4] = null
      Object[5] = null
      Object[6] = null
      Object[7] = null
      Object[8] = null
      Object[9] = null
      Object[10] = null
      Object[11] = null
      Object[12] = null
      Object[13] = null
      Object[14] = null
      Object[15] = null
      Object[16] = null
      Object[17] = null
      Object[18] = null
      Object[19] = null
      Object[20] = null
      Object[21] = null
      Object[22] = null
      Object[23] = null
      Object[24] = null
      Object[25] = null
      Object[26] = null
      Object[27] = null
      Object[28] = null
      Object[29] = null
      Object[30] = null
      Object[31] = null
      Object[32] = null
      Object[33] = null
      Object[34] = null
      Object[35] = null
      Object[36] = null
      Object[37] = null
      Object[38] = null
      Object[39] = null
      Object[40] = null
      Object[41] = null
      Object[42] = null
      Object[43] = null
      Object[44] = null
      Object[45] = null
      Object[46] = null
      Object[47] = null
      Object[48] = null
      Object[49] = null
    size = 0
    MAX_ARRAY_SIZE = 2147483639
    modCount = 2
    MAX_ARRAY_SIZE = 2147483639
  nl = "
"
  freeConnectionLockObject = 0
  pm = class com.ibm.ejs.j2c.PoolManager@4c809fab
    tc = class com.ibm.websphere.ras.TraceComponent@47f4bfdc
      strings[0] = "TraceComponent[com.ibm.ejs.j2c.PoolManager,class com.ibm.ejs.j2c.PoolManager,[WAS.j2c],com.ibm.ws.j2c.resources.J2CAMessages,null]"
    alertResourceBundleName = "com.ibm.ws.j2c.resources.J2CAMessages"
    nl = "
"
    connectorSvc = class com.ibm.ejs.j2c.ConnectorServiceImpl@5331cb48
      tc = class com.ibm.websphere.ras.TraceComponent@40171fd3
      authDataServiceRef = class com.ibm.wsspi.kernel.service.utils.AtomicServiceReference@7eb94e7a
      classLoaderIdentifierService = class com.ibm.ws.classloading.internal.ClassLoadingServiceImpl@5ff37ef8
      deferrableSchedXSvcRef = class com.ibm.wsspi.kernel.service.utils.AtomicServiceReference@5990c976
      execSvcRef = class com.ibm.wsspi.kernel.service.utils.AtomicServiceReference@38141b8b
      nonDeferrableSchedXSvcRef = class com.ibm.wsspi.kernel.service.utils.AtomicServiceReference@48592848
      rrsXAResFactorySvcRef = class com.ibm.wsspi.kernel.service.utils.AtomicServiceReference@7ca765a7
      transactionManager = class com.ibm.ws.transaction.services.TransactionManagerService@352408bb
      variableRegistrySvcRef = class com.ibm.wsspi.kernel.service.utils.AtomicServiceReference@2323d83c
      tc = class com.ibm.websphere.ras.TraceComponent@451c4cd5
      NLS = class com.ibm.ejs.ras.TraceNLS@3bf34790
    gConfigProps = class com.ibm.ejs.j2c.J2CGlobalConfigProperties@17665be5
    reaperThreadStarted = false
    taskTimerLockObject = 0
    waitSkip = 0
    displayInfiniteWaitMessage = false
    tlsArrayLists = class java.util.concurrent.ConcurrentHashMap@383fc083
      serialVersionUID = 7249069246763182397
      MAXIMUM_CAPACITY = 1073741824
      DEFAULT_CAPACITY = 16
      MAX_ARRAY_SIZE = 2147483639
      DEFAULT_CONCURRENCY_LEVEL = 16
      LOAD_FACTOR = 0.75
      TREEIFY_THRESHOLD = 8
      UNTREEIFY_THRESHOLD = 6
      MIN_TREEIFY_CAPACITY = 64
      MIN_TRANSFER_STRIDE = 16
      RESIZE_STAMP_BITS = 16
      MAX_RESIZERS = 65535
      RESIZE_STAMP_SHIFT = 16
      MOVED = -1
      TREEBIN = -2
      RESERVED = -3
      HASH_BITS = 2147483647
      NCPU = 8
      serialPersistentFields = class java.io.ObjectStreamField[3]
      table = null
      nextTable = null
      baseCount = 0
      sizeCtl = 0
      transferIndex = 0
      cellsBusy = 0
      counterCells = null
      keySet = null
      values = null
      entrySet = null
      U = class sun.misc.Unsafe@6a7412be
      SIZECTL = 20
      TRANSFERINDEX = 32
      BASECOUNT = 24
      CELLSBUSY = 36
      CELLVALUE = 144
      ABASE = 16
      ASHIFT = 2
      keySet = null
      values = null
    sharedPool = class com.ibm.ejs.j2c.SharedPool[200]
      SharedPool[0] = class com.ibm.ejs.j2c.SharedPool@2318ae36
      SharedPool[1] = class com.ibm.ejs.j2c.SharedPool@17b37ac7
      SharedPool[2] = class com.ibm.ejs.j2c.SharedPool@13ac8283
      SharedPool[3] = class com.ibm.ejs.j2c.SharedPool@1fe89663
      SharedPool[4] = class com.ibm.ejs.j2c.SharedPool@79e7e2b6
      SharedPool[5] = class com.ibm.ejs.j2c.SharedPool@750eca0f
      SharedPool[6] = class com.ibm.ejs.j2c.SharedPool@2c1f6b7
      SharedPool[7] = class com.ibm.ejs.j2c.SharedPool@59c13302
      SharedPool[8] = class com.ibm.ejs.j2c.SharedPool@1f7588de
      SharedPool[9] = class com.ibm.ejs.j2c.SharedPool@1ca8778d
      SharedPool[10] = class com.ibm.ejs.j2c.SharedPool@11514ee1
      SharedPool[11] = class com.ibm.ejs.j2c.SharedPool@41d826ea
      SharedPool[12] = class com.ibm.ejs.j2c.SharedPool@72d86577
      SharedPool[13] = class com.ibm.ejs.j2c.SharedPool@2d9360be
      SharedPool[14] = class com.ibm.ejs.j2c.SharedPool@36ae05ab
      SharedPool[15] = class com.ibm.ejs.j2c.SharedPool@36c19ae2
      SharedPool[16] = class com.ibm.ejs.j2c.SharedPool@783a290
      SharedPool[17] = class com.ibm.ejs.j2c.SharedPool@31a3a44e
      SharedPool[18] = class com.ibm.ejs.j2c.SharedPool@77666c8c
      SharedPool[19] = class com.ibm.ejs.j2c.SharedPool@4dcaee08
      SharedPool[20] = class com.ibm.ejs.j2c.SharedPool@57475203
      SharedPool[21] = class com.ibm.ejs.j2c.SharedPool@7b6a0d71
      SharedPool[22] = class com.ibm.ejs.j2c.SharedPool@3fac1c9c
      SharedPool[23] = class com.ibm.ejs.j2c.SharedPool@250c0fcf
      SharedPool[24] = class com.ibm.ejs.j2c.SharedPool@48b69627
      SharedPool[25] = class com.ibm.ejs.j2c.SharedPool@631c1bc5
      SharedPool[26] = class com.ibm.ejs.j2c.SharedPool@3c0bb3c6
      SharedPool[27] = class com.ibm.ejs.j2c.SharedPool@793ca1ff
      SharedPool[28] = class com.ibm.ejs.j2c.SharedPool@5c71751
      SharedPool[29] = class com.ibm.ejs.j2c.SharedPool@606e61f
      SharedPool[30] = class com.ibm.ejs.j2c.SharedPool@6772f09a
      SharedPool[31] = class com.ibm.ejs.j2c.SharedPool@7b5d86d2
      SharedPool[32] = class com.ibm.ejs.j2c.SharedPool@461d7b77
      SharedPool[33] = class com.ibm.ejs.j2c.SharedPool@771a4bb5
      SharedPool[34] = class com.ibm.ejs.j2c.SharedPool@79c83ec
      SharedPool[35] = class com.ibm.ejs.j2c.SharedPool@10e0eedb
      SharedPool[36] = class com.ibm.ejs.j2c.SharedPool@3d0bf973
      SharedPool[37] = class com.ibm.ejs.j2c.SharedPool@18694a84
      SharedPool[38] = class com.ibm.ejs.j2c.SharedPool@7b893986
      SharedPool[39] = class com.ibm.ejs.j2c.SharedPool@6c88861a
      SharedPool[40] = class com.ibm.ejs.j2c.SharedPool@eaa2a99
      SharedPool[41] = class com.ibm.ejs.j2c.SharedPool@5c456ca2
      SharedPool[42] = class com.ibm.ejs.j2c.SharedPool@6eb22ba5
      SharedPool[43] = class com.ibm.ejs.j2c.SharedPool@4622d83f
      SharedPool[44] = class com.ibm.ejs.j2c.SharedPool@1903dc80
      SharedPool[45] = class com.ibm.ejs.j2c.SharedPool@6e54837e
      SharedPool[46] = class com.ibm.ejs.j2c.SharedPool@11c46212
      SharedPool[47] = class com.ibm.ejs.j2c.SharedPool@41f7a335
      SharedPool[48] = class com.ibm.ejs.j2c.SharedPool@46178057
      SharedPool[49] = class com.ibm.ejs.j2c.SharedPool@c92a498
      SharedPool[50] = class com.ibm.ejs.j2c.SharedPool@3e7483ea
      SharedPool[51] = class com.ibm.ejs.j2c.SharedPool@42e6611a
      SharedPool[52] = class com.ibm.ejs.j2c.SharedPool@38894429
      SharedPool[53] = class com.ibm.ejs.j2c.SharedPool@21a691c4
      SharedPool[54] = class com.ibm.ejs.j2c.SharedPool@3b573dc9
      SharedPool[55] = class com.ibm.ejs.j2c.SharedPool@4ac86508
      SharedPool[56] = class com.ibm.ejs.j2c.SharedPool@3812c874
      SharedPool[57] = class com.ibm.ejs.j2c.SharedPool@2daf5603
      SharedPool[58] = class com.ibm.ejs.j2c.SharedPool@2f948f0a
      SharedPool[59] = class com.ibm.ejs.j2c.SharedPool@267d4fd5
      SharedPool[60] = class com.ibm.ejs.j2c.SharedPool@8827206
      SharedPool[61] = class com.ibm.ejs.j2c.SharedPool@5f4a325b
      SharedPool[62] = class com.ibm.ejs.j2c.SharedPool@542d0a67
      SharedPool[63] = class com.ibm.ejs.j2c.SharedPool@18e2f4d0
      SharedPool[64] = class com.ibm.ejs.j2c.SharedPool@36ba788
      SharedPool[65] = class com.ibm.ejs.j2c.SharedPool@dbd8554
      SharedPool[66] = class com.ibm.ejs.j2c.SharedPool@317fd8b6
      SharedPool[67] = class com.ibm.ejs.j2c.SharedPool@3e34ee3d
      SharedPool[68] = class com.ibm.ejs.j2c.SharedPool@60bd5994
      SharedPool[69] = class com.ibm.ejs.j2c.SharedPool@14bf7f2
      SharedPool[70] = class com.ibm.ejs.j2c.SharedPool@4e3e3505
      SharedPool[71] = class com.ibm.ejs.j2c.SharedPool@57e27ff9
      SharedPool[72] = class com.ibm.ejs.j2c.SharedPool@5d99ed68
      SharedPool[73] = class com.ibm.ejs.j2c.SharedPool@3b3654e
      SharedPool[74] = class com.ibm.ejs.j2c.SharedPool@3c9aee20
      SharedPool[75] = class com.ibm.ejs.j2c.SharedPool@784353fd
      SharedPool[76] = class com.ibm.ejs.j2c.SharedPool@6aa30330
      SharedPool[77] = class com.ibm.ejs.j2c.SharedPool@72a2823f
      SharedPool[78] = class com.ibm.ejs.j2c.SharedPool@192299a5
      SharedPool[79] = class com.ibm.ejs.j2c.SharedPool@7b9cedc7
      SharedPool[80] = class com.ibm.ejs.j2c.SharedPool@954cb07
      SharedPool[81] = class com.ibm.ejs.j2c.SharedPool@6f011368
      SharedPool[82] = class com.ibm.ejs.j2c.SharedPool@6263409c
      SharedPool[83] = class com.ibm.ejs.j2c.SharedPool@7e8d7bc2
      SharedPool[84] = class com.ibm.ejs.j2c.SharedPool@51ae9be7
      SharedPool[85] = class com.ibm.ejs.j2c.SharedPool@365348e9
      SharedPool[86] = class com.ibm.ejs.j2c.SharedPool@4ecc991f
      SharedPool[87] = class com.ibm.ejs.j2c.SharedPool@5b0aa86f
      SharedPool[88] = class com.ibm.ejs.j2c.SharedPool@7ede614a
      SharedPool[89] = class com.ibm.ejs.j2c.SharedPool@52e67a78
      SharedPool[90] = class com.ibm.ejs.j2c.SharedPool@78c8155a
      SharedPool[91] = class com.ibm.ejs.j2c.SharedPool@760f83fc
      SharedPool[92] = class com.ibm.ejs.j2c.SharedPool@7b567846
      SharedPool[93] = class com.ibm.ejs.j2c.SharedPool@1a02f8ee
      SharedPool[94] = class com.ibm.ejs.j2c.SharedPool@22585c31
      SharedPool[95] = class com.ibm.ejs.j2c.SharedPool@28c22be5
      SharedPool[96] = class com.ibm.ejs.j2c.SharedPool@609ee2f3
      SharedPool[97] = class com.ibm.ejs.j2c.SharedPool@6d56a386
      SharedPool[98] = class com.ibm.ejs.j2c.SharedPool@d0fc3c9
      SharedPool[99] = class com.ibm.ejs.j2c.SharedPool@342b4c8e
      SharedPool[100] = class com.ibm.ejs.j2c.SharedPool@2335b982
      SharedPool[101] = class com.ibm.ejs.j2c.SharedPool@7ba774f1
      SharedPool[102] = class com.ibm.ejs.j2c.SharedPool@845e1c7
      SharedPool[103] = class com.ibm.ejs.j2c.SharedPool@6664837d
      SharedPool[104] = class com.ibm.ejs.j2c.SharedPool@6893cf9a
      SharedPool[105] = class com.ibm.ejs.j2c.SharedPool@28d32e85
      SharedPool[106] = class com.ibm.ejs.j2c.SharedPool@f3fa981
      SharedPool[107] = class com.ibm.ejs.j2c.SharedPool@4d82bc70
      SharedPool[108] = class com.ibm.ejs.j2c.SharedPool@3b1b5545
      SharedPool[109] = class com.ibm.ejs.j2c.SharedPool@a8de3a5
      SharedPool[110] = class com.ibm.ejs.j2c.SharedPool@780c20d4
      SharedPool[111] = class com.ibm.ejs.j2c.SharedPool@20b57299
      SharedPool[112] = class com.ibm.ejs.j2c.SharedPool@4165aab7
      SharedPool[113] = class com.ibm.ejs.j2c.SharedPool@2410e9f5
      SharedPool[114] = class com.ibm.ejs.j2c.SharedPool@3d036723
      SharedPool[115] = class com.ibm.ejs.j2c.SharedPool@3629fba0
      SharedPool[116] = class com.ibm.ejs.j2c.SharedPool@5af5dfc0
      SharedPool[117] = class com.ibm.ejs.j2c.SharedPool@7909da2a
      SharedPool[118] = class com.ibm.ejs.j2c.SharedPool@5f159057
      SharedPool[119] = class com.ibm.ejs.j2c.SharedPool@269894ee
      SharedPool[120] = class com.ibm.ejs.j2c.SharedPool@52e74422
      SharedPool[121] = class com.ibm.ejs.j2c.SharedPool@65081cde
      SharedPool[122] = class com.ibm.ejs.j2c.SharedPool@166caf00
      SharedPool[123] = class com.ibm.ejs.j2c.SharedPool@74b166c7
      SharedPool[124] = class com.ibm.ejs.j2c.SharedPool@1c1ffa27
      SharedPool[125] = class com.ibm.ejs.j2c.SharedPool@39d4fb96
      SharedPool[126] = class com.ibm.ejs.j2c.SharedPool@4a334703
      SharedPool[127] = class com.ibm.ejs.j2c.SharedPool@354b87dc
      SharedPool[128] = class com.ibm.ejs.j2c.SharedPool@56668d90
      SharedPool[129] = class com.ibm.ejs.j2c.SharedPool@48f0d481
      SharedPool[130] = class com.ibm.ejs.j2c.SharedPool@18ab89c3
      SharedPool[131] = class com.ibm.ejs.j2c.SharedPool@71b7986d
      SharedPool[132] = class com.ibm.ejs.j2c.SharedPool@135f91c6
      SharedPool[133] = class com.ibm.ejs.j2c.SharedPool@5dc50bf0
      SharedPool[134] = class com.ibm.ejs.j2c.SharedPool@1964741a
      SharedPool[135] = class com.ibm.ejs.j2c.SharedPool@54ddf3ab
      SharedPool[136] = class com.ibm.ejs.j2c.SharedPool@3b639957
      SharedPool[137] = class com.ibm.ejs.j2c.SharedPool@4e8c9f40
      SharedPool[138] = class com.ibm.ejs.j2c.SharedPool@7472e62f
      SharedPool[139] = class com.ibm.ejs.j2c.SharedPool@4f0913a1
      SharedPool[140] = class com.ibm.ejs.j2c.SharedPool@68078236
      SharedPool[141] = class com.ibm.ejs.j2c.SharedPool@42db66e9
      SharedPool[142] = class com.ibm.ejs.j2c.SharedPool@21fba303
      SharedPool[143] = class com.ibm.ejs.j2c.SharedPool@26e83886
      SharedPool[144] = class com.ibm.ejs.j2c.SharedPool@72aa185f
      SharedPool[145] = class com.ibm.ejs.j2c.SharedPool@6b5fd4cd
      SharedPool[146] = class com.ibm.ejs.j2c.SharedPool@17c0811e
      SharedPool[147] = class com.ibm.ejs.j2c.SharedPool@708ba768
      SharedPool[148] = class com.ibm.ejs.j2c.SharedPool@52c121c6
      SharedPool[149] = class com.ibm.ejs.j2c.SharedPool@47ad6eef
      SharedPool[150] = class com.ibm.ejs.j2c.SharedPool@5476cf75
      SharedPool[151] = class com.ibm.ejs.j2c.SharedPool@79eb8274
      SharedPool[152] = class com.ibm.ejs.j2c.SharedPool@227f439e
      SharedPool[153] = class com.ibm.ejs.j2c.SharedPool@e099b28
      SharedPool[154] = class com.ibm.ejs.j2c.SharedPool@6c66f0fb
      SharedPool[155] = class com.ibm.ejs.j2c.SharedPool@493b2721
      SharedPool[156] = class com.ibm.ejs.j2c.SharedPool@1100ee2b
      SharedPool[157] = class com.ibm.ejs.j2c.SharedPool@5392f7f8
      SharedPool[158] = class com.ibm.ejs.j2c.SharedPool@8282459
      SharedPool[159] = class com.ibm.ejs.j2c.SharedPool@183a1852
      SharedPool[160] = class com.ibm.ejs.j2c.SharedPool@eddccc8
      SharedPool[161] = class com.ibm.ejs.j2c.SharedPool@4ab4d7dc
      SharedPool[162] = class com.ibm.ejs.j2c.SharedPool@377383f
      SharedPool[163] = class com.ibm.ejs.j2c.SharedPool@4bc7588b
      SharedPool[164] = class com.ibm.ejs.j2c.SharedPool@2b9c76b7
      SharedPool[165] = class com.ibm.ejs.j2c.SharedPool@477a4e2f
      SharedPool[166] = class com.ibm.ejs.j2c.SharedPool@7df6203f
      SharedPool[167] = class com.ibm.ejs.j2c.SharedPool@c043c0a
      SharedPool[168] = class com.ibm.ejs.j2c.SharedPool@44e5daf3
      SharedPool[169] = class com.ibm.ejs.j2c.SharedPool@51fbff76
      SharedPool[170] = class com.ibm.ejs.j2c.SharedPool@1d40caae
      SharedPool[171] = class com.ibm.ejs.j2c.SharedPool@30895160
      SharedPool[172] = class com.ibm.ejs.j2c.SharedPool@5a5137c0
      SharedPool[173] = class com.ibm.ejs.j2c.SharedPool@545f73b3
      SharedPool[174] = class com.ibm.ejs.j2c.SharedPool@4fd1d62c
      SharedPool[175] = class com.ibm.ejs.j2c.SharedPool@35299ce7
      SharedPool[176] = class com.ibm.ejs.j2c.SharedPool@661542b5
      SharedPool[177] = class com.ibm.ejs.j2c.SharedPool@4978772f
      SharedPool[178] = class com.ibm.ejs.j2c.SharedPool@859a89a
      SharedPool[179] = class com.ibm.ejs.j2c.SharedPool@71eec3d2
      SharedPool[180] = class com.ibm.ejs.j2c.SharedPool@3da227b0
      SharedPool[181] = class com.ibm.ejs.j2c.SharedPool@37e9ee24
      SharedPool[182] = class com.ibm.ejs.j2c.SharedPool@72319d3b
      SharedPool[183] = class com.ibm.ejs.j2c.SharedPool@75c630fc
      SharedPool[184] = class com.ibm.ejs.j2c.SharedPool@59750653
      SharedPool[185] = class com.ibm.ejs.j2c.SharedPool@21155b97
      SharedPool[186] = class com.ibm.ejs.j2c.SharedPool@5f33d2cb
      SharedPool[187] = class com.ibm.ejs.j2c.SharedPool@1b364801
      SharedPool[188] = class com.ibm.ejs.j2c.SharedPool@6a8092aa
      SharedPool[189] = class com.ibm.ejs.j2c.SharedPool@6142a58e
      SharedPool[190] = class com.ibm.ejs.j2c.SharedPool@202696e7
      SharedPool[191] = class com.ibm.ejs.j2c.SharedPool@9f9a4a2
      SharedPool[192] = class com.ibm.ejs.j2c.SharedPool@756dddd0
      SharedPool[193] = class com.ibm.ejs.j2c.SharedPool@670262f5
      SharedPool[194] = class com.ibm.ejs.j2c.SharedPool@1398d54e
      SharedPool[195] = class com.ibm.ejs.j2c.SharedPool@71df874
      SharedPool[196] = class com.ibm.ejs.j2c.SharedPool@43858081
      SharedPool[197] = class com.ibm.ejs.j2c.SharedPool@37e447ce
      SharedPool[198] = class com.ibm.ejs.j2c.SharedPool@6283c6d9
      SharedPool[199] = class com.ibm.ejs.j2c.SharedPool@a355ca5
    freePool = class com.ibm.ejs.j2c.FreePool[100]
      FreePool[0] = class com.ibm.ejs.j2c.FreePool@637d3554
      FreePool[1] = class com.ibm.ejs.j2c.FreePool@6b43d4f
      FreePool[2] = class com.ibm.ejs.j2c.FreePool@5453fe93
      FreePool[3] = class com.ibm.ejs.j2c.FreePool@334dedd0
      FreePool[4] = class com.ibm.ejs.j2c.FreePool@3910b978
      FreePool[5] = class com.ibm.ejs.j2c.FreePool@1e69a550
      FreePool[6] = class com.ibm.ejs.j2c.FreePool@55056768
      FreePool[7] = class com.ibm.ejs.j2c.FreePool@9fa3375
      FreePool[8] = class com.ibm.ejs.j2c.FreePool@359d904b
      FreePool[9] = class com.ibm.ejs.j2c.FreePool@668de08d
      FreePool[10] = class com.ibm.ejs.j2c.FreePool@184de513
      FreePool[11] = class com.ibm.ejs.j2c.FreePool@40f41cf4
      FreePool[12] = class com.ibm.ejs.j2c.FreePool@19b2d369
      FreePool[13] = class com.ibm.ejs.j2c.FreePool@10b2c15a
      FreePool[14] = class com.ibm.ejs.j2c.FreePool@67a0db22
      FreePool[15] = class com.ibm.ejs.j2c.FreePool@7d3789e
      FreePool[16] = class com.ibm.ejs.j2c.FreePool@8f5ca96
      FreePool[17] = class com.ibm.ejs.j2c.FreePool@ecb62c3
      FreePool[18] = class com.ibm.ejs.j2c.FreePool@6fd3c1f3
      FreePool[19] = class com.ibm.ejs.j2c.FreePool@7358431f
      FreePool[20] = class com.ibm.ejs.j2c.FreePool@555f9698
      FreePool[21] = class com.ibm.ejs.j2c.FreePool@572b8a
      FreePool[22] = class com.ibm.ejs.j2c.FreePool@71faae2a
      FreePool[23] = class com.ibm.ejs.j2c.FreePool@400b5bb1
      FreePool[24] = class com.ibm.ejs.j2c.FreePool@69c9fe7e
      FreePool[25] = class com.ibm.ejs.j2c.FreePool@507b93b6
      FreePool[26] = class com.ibm.ejs.j2c.FreePool@7454ec6d
      FreePool[27] = class com.ibm.ejs.j2c.FreePool@6e18f785
      FreePool[28] = class com.ibm.ejs.j2c.FreePool@4884ce36
      FreePool[29] = class com.ibm.ejs.j2c.FreePool@44ee12b3
      FreePool[30] = class com.ibm.ejs.j2c.FreePool@178aa9c7
      FreePool[31] = class com.ibm.ejs.j2c.FreePool@3e87d06c
      FreePool[32] = class com.ibm.ejs.j2c.FreePool@509c4cf4
      FreePool[33] = class com.ibm.ejs.j2c.FreePool@64d3b7de
      FreePool[34] = class com.ibm.ejs.j2c.FreePool@2655ee12
      FreePool[35] = class com.ibm.ejs.j2c.FreePool@26d15e04
      FreePool[36] = class com.ibm.ejs.j2c.FreePool@14985dc6
      FreePool[37] = class com.ibm.ejs.j2c.FreePool@6d0c75cc
      FreePool[38] = class com.ibm.ejs.j2c.FreePool@64a03301
      FreePool[39] = class com.ibm.ejs.j2c.FreePool@48ad60ef
      FreePool[40] = class com.ibm.ejs.j2c.FreePool@1e0d7251
      FreePool[41] = class com.ibm.ejs.j2c.FreePool@1021d649
      FreePool[42] = class com.ibm.ejs.j2c.FreePool@757cd777
      FreePool[43] = class com.ibm.ejs.j2c.FreePool@56f56b2f
      FreePool[44] = class com.ibm.ejs.j2c.FreePool@239f045a
      FreePool[45] = class com.ibm.ejs.j2c.FreePool@3d121dfe
      FreePool[46] = class com.ibm.ejs.j2c.FreePool@2e46a244
      FreePool[47] = class com.ibm.ejs.j2c.FreePool@531718b0
      FreePool[48] = class com.ibm.ejs.j2c.FreePool@8f16b5c
      FreePool[49] = class com.ibm.ejs.j2c.FreePool@25216a51
      FreePool[50] = class com.ibm.ejs.j2c.FreePool@3e6ea833
      FreePool[51] = class com.ibm.ejs.j2c.FreePool@55d7f5d6
      FreePool[52] = class com.ibm.ejs.j2c.FreePool@567fcfbb
      FreePool[53] = class com.ibm.ejs.j2c.FreePool@78a244c7
      FreePool[54] = class com.ibm.ejs.j2c.FreePool@334654d0
      FreePool[55] = class com.ibm.ejs.j2c.FreePool@59557e2b
      FreePool[56] = class com.ibm.ejs.j2c.FreePool@717f70ad
      FreePool[57] = class com.ibm.ejs.j2c.FreePool@1b919639
      FreePool[58] = class com.ibm.ejs.j2c.FreePool@1af0b14f
      FreePool[59] = class com.ibm.ejs.j2c.FreePool@6826301c
      FreePool[60] = class com.ibm.ejs.j2c.FreePool@62d6dfad
      FreePool[61] = class com.ibm.ejs.j2c.FreePool@75e1ad90
      FreePool[62] = class com.ibm.ejs.j2c.FreePool@6a0410aa
      FreePool[63] = class com.ibm.ejs.j2c.FreePool@33fb7b26
      FreePool[64] = class com.ibm.ejs.j2c.FreePool@6704f143
      FreePool[65] = class com.ibm.ejs.j2c.FreePool@1ff15d1e
      FreePool[66] = class com.ibm.ejs.j2c.FreePool@55ba9f0a
      FreePool[67] = class com.ibm.ejs.j2c.FreePool@3df0ecd0
      FreePool[68] = class com.ibm.ejs.j2c.FreePool@7d3e9cc4
      FreePool[69] = class com.ibm.ejs.j2c.FreePool@68b237d0
      FreePool[70] = class com.ibm.ejs.j2c.FreePool@69f1b703
      FreePool[71] = class com.ibm.ejs.j2c.FreePool@535d4081
      FreePool[72] = class com.ibm.ejs.j2c.FreePool@5a8c2e92
      FreePool[73] = class com.ibm.ejs.j2c.FreePool@23799ea4
      FreePool[74] = class com.ibm.ejs.j2c.FreePool@47d46c67
      FreePool[75] = class com.ibm.ejs.j2c.FreePool@7e347554
      FreePool[76] = class com.ibm.ejs.j2c.FreePool@45f72cbe
      FreePool[77] = class com.ibm.ejs.j2c.FreePool@2a14061a
      FreePool[78] = class com.ibm.ejs.j2c.FreePool@4e47f06b
      FreePool[79] = class com.ibm.ejs.j2c.FreePool@1384b222
      FreePool[80] = class com.ibm.ejs.j2c.FreePool@6f6afe30
      FreePool[81] = class com.ibm.ejs.j2c.FreePool@65440111
      FreePool[82] = class com.ibm.ejs.j2c.FreePool@14f1617a
      FreePool[83] = class com.ibm.ejs.j2c.FreePool@22d2d464
      FreePool[84] = class com.ibm.ejs.j2c.FreePool@1a713570
      FreePool[85] = class com.ibm.ejs.j2c.FreePool@5f78f3a6
      FreePool[86] = class com.ibm.ejs.j2c.FreePool@401db382
      FreePool[87] = class com.ibm.ejs.j2c.FreePool@74d82e11
      FreePool[88] = class com.ibm.ejs.j2c.FreePool@67914f4f
      FreePool[89] = class com.ibm.ejs.j2c.FreePool@7fec75d8
      FreePool[90] = class com.ibm.ejs.j2c.FreePool@52405804
      FreePool[91] = class com.ibm.ejs.j2c.FreePool@675d5cfb
      FreePool[92] = class com.ibm.ejs.j2c.FreePool@adb9c68
      FreePool[93] = class com.ibm.ejs.j2c.FreePool@16857a5e
      FreePool[94] = class com.ibm.ejs.j2c.FreePool@465590f2
      FreePool[95] = class com.ibm.ejs.j2c.FreePool@4be2b647
      FreePool[96] = class com.ibm.ejs.j2c.FreePool@1d8c4b8f
      FreePool[97] = class com.ibm.ejs.j2c.FreePool@206685ea
      FreePool[98] = class com.ibm.ejs.j2c.FreePool@4ade5314
      FreePool[99] = class com.ibm.ejs.j2c.FreePool@14508486
    mcWrapperWaiterList = class com.ibm.ejs.j2c.MCWrapperList@63f9349
      serialVersionUID = -4093886924342827512
      serialVersionUID = 8683452581122892189
      DEFAULT_CAPACITY = 10
      EMPTY_ELEMENTDATA = class java.lang.Object[0]
      DEFAULTCAPACITY_EMPTY_ELEMENTDATA = class java.lang.Object[0]
      elementData = class java.lang.Object[50]
      size = 0
      MAX_ARRAY_SIZE = 2147483639
      modCount = 0
      MAX_ARRAY_SIZE = 2147483639
    mcToMCWMap = class java.util.HashMap@40c260d5
      serialVersionUID = 362498820763181265
      DEFAULT_INITIAL_CAPACITY = 16
      MAXIMUM_CAPACITY = 1073741824
      DEFAULT_LOAD_FACTOR = 0.75
      TREEIFY_THRESHOLD = 8
      UNTREEIFY_THRESHOLD = 6
      MIN_TREEIFY_CAPACITY = 64
      table = class java.util.HashMap$Node[64]
      entrySet = null
      size = 0
      modCount = 2
      threshold = 48
      loadFactor = 0.75
      keySet = null
      values = class java.util.HashMap$Values@2c4e6efc
    rwl = class java.util.concurrent.locks.ReentrantReadWriteLock@71de8511
      serialVersionUID = -6992448646407690164
      readerLock = class java.util.concurrent.locks.ReentrantReadWriteLock$ReadLock@61807571
      writerLock = class java.util.concurrent.locks.ReentrantReadWriteLock$WriteLock@1b5f17d3
      sync = class java.util.concurrent.locks.ReentrantReadWriteLock$NonfairSync@3adfd1f7
      UNSAFE = class sun.misc.Unsafe@6a7412be
      TID_OFFSET = 40
    mcToMCWMapRead = class java.util.concurrent.locks.ReentrantReadWriteLock$ReadLock@61807571
      serialVersionUID = -5992448646407690164
      sync = class java.util.concurrent.locks.ReentrantReadWriteLock$NonfairSync@3adfd1f7
    mcToMCWMapWrite = class java.util.concurrent.locks.ReentrantReadWriteLock$WriteLock@1b5f17d3
      serialVersionUID = -4992448646407690164
      sync = class java.util.concurrent.locks.ReentrantReadWriteLock$NonfairSync@3adfd1f7
    raClassLoader = null
    pmCounterLock = 0
    destroyMCWrapperListLock = 0
    totalConnectionCount = class java.util.concurrent.atomic.AtomicInteger@48c808a5
      serialVersionUID = 6214790243416807050
      unsafe = class sun.misc.Unsafe@6a7412be
      valueOffset = 12
      value = 1
      serialVersionUID = -8742448824652078965
    poolManagerBalancePoolLock = 0
    waiterFreePoolLock = 0
    waiterCount = 0
    allowConnectionRequests = true
    connectionPoolShutDown = false
    poolManagerTestConnectionLock = 0
    collectorCount = 0
    mcWrappersToDestroy = class java.util.ArrayList@4d3beaa0
      serialVersionUID = 8683452581122892189
      DEFAULT_CAPACITY = 10
      EMPTY_ELEMENTDATA = class java.lang.Object[0]
      DEFAULTCAPACITY_EMPTY_ELEMENTDATA = class java.lang.Object[0]
      elementData = class java.lang.Object[50]
      size = 0
      MAX_ARRAY_SIZE = 2147483639
      modCount = 0
      MAX_ARRAY_SIZE = 2147483639
    mcWrapperDoesExistInFreePool = true
    synchronizedAllReady = false
    dontNotifyWaiter = true
    dontDecrementTotalCounter = false
    unusedTimeoutEnabled = false
    connectionTimeout = 30
    maxConnections = 50
    minConnections = 0
    purgePolicy = class com.ibm.ws.jca.adapter.PurgePolicy@72032cc9
    reapTime = 180
    unusedTimeout = 1800
    agedTimeout = -1
    agedTimeoutMillis = -1000
    holdTimeLimit = 10
    maxSharedBuckets = 200
    maxFreePoolHashSize = 100
    maxNumberOfMCsAllowableInThread = 0
    throwExceptionOnMCThreadCheck = false
    waitersStartedTime = 0
    waitersEndedTime = 0
    parkedMCWrapper = null
    createParkedConnection = false
    parkedConnectionLockObject = 0
    totalPoolConnectionRequests = 0
    am = class com.ibm.ws.threading.internal.SchedulingHelper@2ff2258b
      m_task = class com.ibm.ejs.j2c.PoolManager@4c809fab
      m_isDone = false
      m_cancelResult = false
      m_schedFuture = class java.util.concurrent.ScheduledThreadPoolExecutor$ScheduledFutureTask@3ae923ce
      m_coordinationLatch = class java.util.concurrent.CountDownLatch@7da4e369
      m_executor = class com.ibm.ws.threading.internal.ExecutorServiceImpl@40fb36d9
      m_defaultFuture = null
      m_pendingException = null
      m_scheduledExecutorQueue = class java.util.concurrent.ScheduledThreadPoolExecutor$DelayedWorkQueue@61152691
      serialVersionUID = 7282479981152960512
      $$$tc$$$ = class com.ibm.websphere.ras.TraceComponent@12462615
    amLockObject = 0
    pmQuiesced = false
    activeRequest = class java.util.concurrent.atomic.AtomicInteger@4c704e29
      serialVersionUID = 6214790243416807050
      unsafe = class sun.misc.Unsafe@6a7412be
      valueOffset = 12
      value = 1
      serialVersionUID = -8742448824652078965
    updateToPoolInProgressLockObject = 0
    updateToPoolInProgress = false
    updateToPoolInProgressSleepTime = 250
    activeTLSRequest = class java.util.concurrent.atomic.AtomicInteger@4475ea22
      serialVersionUID = 6214790243416807050
      unsafe = class sun.misc.Unsafe@6a7412be
      valueOffset = 12
      value = 0
      serialVersionUID = -8742448824652078965
    updateToTLSPoolInProgressLockObject = 0
    updateToTLSPoolInProgress = class java.util.concurrent.atomic.AtomicBoolean@560976e6
      serialVersionUID = 4654671469794556979
      unsafe = class sun.misc.Unsafe@6a7412be
      valueOffset = 12
      value = 0
    updateToTLSPoolInProgressSleepTime = 250
    writer = class com.ibm.ejs.cm.logger.TraceWriter@6869cfd1
      destination = class com.ibm.ejs.ras.TraceComponent@67c4fa6b
      tc = class com.ibm.websphere.ras.TraceComponent@3288d400
      buf = class java.lang.StringBuffer@2cada537
      writeBuffer = null
      WRITE_BUFFER_SIZE = 1024
      lock = class java.lang.StringBuffer@2cada537
    traceWriter = class com.ibm.ejs.cm.logger.TraceWriter@6869cfd1
    printWriter = class java.io.PrintWriter@26a6c5f3
      out = class com.ibm.ejs.cm.logger.TraceWriter@6869cfd1
      autoFlush = false
      trouble = false
      formatter = null
      psOut = null
      lineSeparator = "
"
      writeBuffer = null
      WRITE_BUFFER_SIZE = 1024
      lock = class com.ibm.ejs.cm.logger.TraceWriter@6869cfd1
    tscdList = class java.util.Vector@4de90fff
      elementData = class java.lang.Object[10]
      elementCount = 0
      capacityIncrement = 0
      serialVersionUID = -2767605614048989439
      MAX_ARRAY_SIZE = 2147483639
      modCount = 0
      MAX_ARRAY_SIZE = 2147483639
    logSerialReuseMessage = true
    _quiesce = false
    _quiesceTime = null
    nonDeferredReaperAlarm = false
    claimedVictimPercent = 0.0
    enableInuseConnectionDestroy = true
    localConnection_ = null
    maxCapacity = 0
    isThreadLocalConnectionEnabled = false
    getConnectionMap = class java.util.concurrent.ConcurrentHashMap@76fbb46d
      serialVersionUID = 7249069246763182397
      MAXIMUM_CAPACITY = 1073741824
      DEFAULT_CAPACITY = 16
      MAX_ARRAY_SIZE = 2147483639
      DEFAULT_CONCURRENCY_LEVEL = 16
      LOAD_FACTOR = 0.75
      TREEIFY_THRESHOLD = 8
      UNTREEIFY_THRESHOLD = 6
      MIN_TREEIFY_CAPACITY = 64
      MIN_TRANSFER_STRIDE = 16
      RESIZE_STAMP_BITS = 16
      MAX_RESIZERS = 65535
      RESIZE_STAMP_SHIFT = 16
      MOVED = -1
      TREEBIN = -2
      RESERVED = -3
      HASH_BITS = 2147483647
      NCPU = 8
      serialPersistentFields = class java.io.ObjectStreamField[3]
      table = null
      nextTable = null
      baseCount = 0
      sizeCtl = 0
      transferIndex = 0
      cellsBusy = 0
      counterCells = null
      keySet = null
      values = null
      entrySet = null
      U = class sun.misc.Unsafe@6a7412be
      SIZECTL = 20
      TRANSFERINDEX = 32
      BASECOUNT = 24
      CELLSBUSY = 36
      CELLVALUE = 144
      ABASE = 16
      ASHIFT = 2
      keySet = null
      values = null
    alarmThreadCounter = class java.util.concurrent.atomic.AtomicInteger@66e26e1c
      serialVersionUID = 6214790243416807050
      unsafe = class sun.misc.Unsafe@6a7412be
      valueOffset = 12
      value = 1
      serialVersionUID = -8742448824652078965
  numberOfConnectionsInFreePool = 0
  numberOfConnectionsAssignedToThisFreePool = 1
  raClassLoader = null
  fatalErrorNotificationTime = 1
  _mcWrapperDoesNotExistInFreePool = false
  _synchronizeInMethod = true
  _notifyWaiter = false
  _decrementTotalCounter = true
  fop_gets = 0
  fnop_gets = 0
  freePoolQueuedRequests = 0
  freePoolCreateManagedConnection = 0
  numberOfClaimedVictims = 0
  numberOfClaimedVictims_CRI_Only_Mismatch = 0
  numberOfClaimedVictims_Subject_Only_Mismatch = 0
  numberOfClaimedVictims_CRI_Subject_Mismatch = 0
  numberOfClaimedVictims_MM_Only_Mismatch = 0
  fop_get_notfound = 0
  fnop_get_notfound = 0
  gConfigProps = class com.ibm.ejs.j2c.J2CGlobalConfigProperties@17665be5
    tc = class com.ibm.websphere.ras.TraceComponent@746a2912
      strings[0] = "TraceComponent[com.ibm.ejs.j2c.J2CGlobalConfigProperties,class com.ibm.ejs.j2c.J2CGlobalConfigProperties,[WAS.j2c],com.ibm.ws.j2c.resources.J2CAMessages,null]"
    serialVersionUID = 3666445884103132373
    jndiName = "jdbc/myDB"
    XpathId = "dataSource[default-0]/connectionManager"
    cfName = "jdbc/myDB"
    logMissingTranContext = false
    validatingMCFSupported = true
    sendClaimedVictomToGetConnection = false
    raSupportsReauthentication = false
    transactionResourceRegistration = null
    checkManagedConnectionInstanceof = false
    checkManagedConnectionInstanceofLock = 0
    checkManagedConnectionInstanceofInitialized = true
    embeddedRa = false
    embeddedRaInitialized = false
    connectionSynchronizationProvider = false
    connectionSynchronizationProviderInitialized = false
    connectionPoolingEnabled = true
    connectionPoolingEnabledInitialized = false
    instanceOfDissociatableManagedConnection = true
    instanceOfDissociatableManagedConnectionInitialized = true
    commitPriority = 0
    transactionSupport = class javax.resource.spi.TransactionSupport$TransactionSupportLevel@6db1ec06
      NoTransaction = class javax.resource.spi.TransactionSupport$TransactionSupportLevel@655b44ea
      LocalTransaction = class javax.resource.spi.TransactionSupport$TransactionSupportLevel@7014a5b8
      XATransaction = class javax.resource.spi.TransactionSupport$TransactionSupportLevel@6db1ec06
      $VALUES = class javax.resource.spi.TransactionSupport$TransactionSupportLevel[3]
      name = "XATransaction"
      ordinal = 2
    dynamicEnlistmentSupported = true
    smartHandleSupport = true
    cciLocalTranSupported = true
    connectionTimeout = 30
    autoCloseConnections = false
    maxConnections = 50
    minConnections = 0
    purgePolicy = class com.ibm.ws.jca.adapter.PurgePolicy@72032cc9
      EntirePool = class com.ibm.ws.jca.adapter.PurgePolicy@72032cc9
      FailingConnectionOnly = class com.ibm.ws.jca.adapter.PurgePolicy@136ec85c
      ValidateAllConnections = class com.ibm.ws.jca.adapter.PurgePolicy@460286ec
      $VALUES = class com.ibm.ws.jca.adapter.PurgePolicy[3]
      name = "EntirePool"
      ordinal = 0
    reapTime = 180
    unusedTimeout = 1800
    agedTimeout = -1
    agedTimeoutMillis = -1000
    stopPoolRequests = false
    maxSharedBuckets = 200
    maxFreePoolHashSize = 100
    holdTimeLimit = 10
    numConnectionsPerThreadLocal = 0
    orphanConnHoldTimeLimitSeconds = 10
    changeSupport = class java.beans.PropertyChangeSupport@1ebb5d2d
      map = class java.beans.PropertyChangeSupport$PropertyChangeListenerMap@515bea37
      source = class com.ibm.ejs.j2c.J2CGlobalConfigProperties@17665be5
      serialPersistentFields = class java.io.ObjectStreamField[3]
      serialVersionUID = 6401253773779951803
    vChangeSupport = class java.beans.VetoableChangeSupport@3102d0b2
      map = class java.beans.VetoableChangeSupport$VetoableChangeListenerMap@fd17953
      source = class com.ibm.ejs.j2c.J2CGlobalConfigProperties@17665be5
      serialPersistentFields = class java.io.ObjectStreamField[3]
      serialVersionUID = -5090210921595982017
    raMetaDataProps = null
    dsMetaDataProps = null
    callResourceAdapterStatMethods = false
    numberOfInuseConnections = 0
    numberOfInuseConnectionsLockObject = 0
    numberOfFreeConnections = 0
    numberOfFreeConnectionsLockObject = 0
    maxNumberOfMCsAllowableInThread = 0
    parkIfDissociateUnavailable = false
    throwExceptionOnMCThreadCheck = false
    appName = null
    modName = null
    compName = null

