------Start of DE processing------ = [4/2/21 22:03:32:865 EDT]
Exception = javax.transaction.xa.XAException
Source = com.ibm.tx.jta.impl.RegisteredResources.deliverOutcome
probeid = 1923
Stack Dump = javax.transaction.xa.XAException
	at com.ibm.ejs.j2c.LocalTransactionWrapper.rollback(LocalTransactionWrapper.java:234)
	at com.ibm.tx.jta.impl.OnePhaseResourceImpl.rollback(OnePhaseResourceImpl.java:148)
	at com.ibm.tx.jta.impl.RegisteredResources.deliverOutcome(RegisteredResources.java:1448)
	at com.ibm.tx.jta.impl.RegisteredResources.distributeOutcome(RegisteredResources.java:1687)
	at com.ibm.tx.jta.impl.RegisteredResources.distributeRollback(RegisteredResources.java:2287)
	at com.ibm.tx.jta.impl.TransactionImpl.internalRollback(TransactionImpl.java:1629)
	at com.ibm.tx.jta.impl.TransactionImpl.internalRollback(TransactionImpl.java:1597)
	at com.ibm.tx.jta.impl.TransactionImpl.rollback(TransactionImpl.java:1065)
	at com.ibm.tx.jta.impl.TranManagerImpl.rollback(TranManagerImpl.java:195)
	at com.ibm.tx.jta.impl.TranManagerSet.rollback(TranManagerSet.java:138)
	at com.ibm.ws.uow.embeddable.EmbeddableUOWManagerImpl.uowRollback(EmbeddableUOWManagerImpl.java:856)
	at com.ibm.ws.uow.embeddable.EmbeddableUOWManagerImpl.uowEnd(EmbeddableUOWManagerImpl.java:792)
	at com.ibm.ws.uow.embeddable.EmbeddableUOWManagerImpl.runUnderNewUOW(EmbeddableUOWManagerImpl.java:1043)
	at com.ibm.ws.uow.embeddable.EmbeddableUOWManagerImpl.runUnderUOW(EmbeddableUOWManagerImpl.java:1013)
	at com.ibm.tx.jta.cdi.interceptors.TransactionalInterceptor.runUnderUOWManagingEnablement(TransactionalInterceptor.java:151)
	at com.ibm.tx.jta.cdi.interceptors.Required.required(Required.java:40)
	at sun.reflect.GeneratedMethodAccessor522.invoke(Unknown Source)
	at java.lang.reflect.Method.invoke(Method.java:498)
	at org.jboss.weld.interceptor.reader.SimpleInterceptorInvocation$SimpleMethodInvocation.invoke(SimpleInterceptorInvocation.java:73)
	at org.jboss.weld.interceptor.proxy.InterceptorMethodHandler.executeAroundInvoke(InterceptorMethodHandler.java:84)
	at org.jboss.weld.interceptor.proxy.InterceptorMethodHandler.executeInterception(InterceptorMethodHandler.java:72)
	at org.jboss.weld.interceptor.proxy.InterceptorMethodHandler.invoke(InterceptorMethodHandler.java:56)
	at org.jboss.weld.bean.proxy.CombinedInterceptorAndDecoratorStackMethodHandler.invoke(CombinedInterceptorAndDecoratorStackMethodHandler.java:79)
	at org.jboss.weld.bean.proxy.CombinedInterceptorAndDecoratorStackMethodHandler.invoke(CombinedInterceptorAndDecoratorStackMethodHandler.java:68)
	at com.FlightLogix.Service.User.UserResource$Proxy$_$$_WeldSubclass.registerUser(Unknown Source)
	at com.FlightLogix.Service.User.UserResource$Proxy$_$$_WeldClientProxy.registerUser(Unknown Source)
	at sun.reflect.GeneratedMethodAccessor548.invoke(Unknown Source)
	at java.lang.reflect.Method.invoke(Method.java:498)
	at com.ibm.ws.jaxrs20.cdi.component.JaxRsFactoryImplicitBeanCDICustomizer.serviceInvoke(JaxRsFactoryImplicitBeanCDICustomizer.java:342)
	at com.ibm.ws.jaxrs20.server.LibertyJaxRsServerFactoryBean.performInvocation(LibertyJaxRsServerFactoryBean.java:641)
	at com.ibm.ws.jaxrs20.server.LibertyJaxRsInvoker.performInvocation(LibertyJaxRsInvoker.java:160)
	at org.apache.cxf.service.invoker.AbstractInvoker.invoke(AbstractInvoker.java:101)
	at com.ibm.ws.jaxrs20.server.LibertyJaxRsInvoker.invoke(LibertyJaxRsInvoker.java:273)
	at org.apache.cxf.jaxrs.JAXRSInvoker.invoke(JAXRSInvoker.java:205)
	at com.ibm.ws.jaxrs20.server.LibertyJaxRsInvoker.invoke(LibertyJaxRsInvoker.java:444)
	at org.apache.cxf.jaxrs.JAXRSInvoker.invoke(JAXRSInvoker.java:111)
	at org.apache.cxf.interceptor.ServiceInvokerInterceptor$1.run(ServiceInvokerInterceptor.java:59)
	at org.apache.cxf.interceptor.ServiceInvokerInterceptor.handleMessage(ServiceInvokerInterceptor.java:96)
	at org.apache.cxf.phase.PhaseInterceptorChain.doIntercept(PhaseInterceptorChain.java:308)
	at org.apache.cxf.transport.ChainInitiationObserver.onMessage(ChainInitiationObserver.java:123)
	at org.apache.cxf.transport.http.AbstractHTTPDestination.invoke(AbstractHTTPDestination.java:275)
	at com.ibm.ws.jaxrs20.endpoint.AbstractJaxRsWebEndpoint.invoke(AbstractJaxRsWebEndpoint.java:137)
	at com.ibm.websphere.jaxrs.server.IBMRestServlet.handleRequest(IBMRestServlet.java:146)
	at com.ibm.websphere.jaxrs.server.IBMRestServlet.doPost(IBMRestServlet.java:104)
	at javax.servlet.http.HttpServlet.service(HttpServlet.java:706)
	at com.ibm.websphere.jaxrs.server.IBMRestServlet.service(IBMRestServlet.java:96)
	at com.ibm.ws.webcontainer.servlet.ServletWrapper.service(ServletWrapper.java:1257)
	at com.ibm.ws.webcontainer.servlet.ServletWrapper.handleRequest(ServletWrapper.java:745)
	at com.ibm.ws.webcontainer.servlet.ServletWrapper.handleRequest(ServletWrapper.java:442)
	at com.ibm.ws.webcontainer.filter.WebAppFilterManager.invokeFilters(WebAppFilterManager.java:1226)
	at com.ibm.ws.webcontainer.webapp.WebApp.handleRequest(WebApp.java:5057)
	at com.ibm.ws.webcontainer.osgi.DynamicVirtualHost$2.handleRequest(DynamicVirtualHost.java:314)
	at com.ibm.ws.webcontainer.WebContainer.handleRequest(WebContainer.java:1006)
	at com.ibm.ws.webcontainer.osgi.DynamicVirtualHost$2.run(DynamicVirtualHost.java:279)
	at com.ibm.ws.http.dispatcher.internal.channel.HttpDispatcherLink$TaskWrapper.run(HttpDispatcherLink.java:1146)
	at com.ibm.ws.http.dispatcher.internal.channel.HttpDispatcherLink.wrapHandlerAndExecute(HttpDispatcherLink.java:427)
	at com.ibm.ws.http.dispatcher.internal.channel.HttpDispatcherLink.ready(HttpDispatcherLink.java:386)
	at com.ibm.ws.http.channel.internal.inbound.HttpInboundLink.handleDiscrimination(HttpInboundLink.java:566)
	at com.ibm.ws.http.channel.internal.inbound.HttpInboundLink.handleNewRequest(HttpInboundLink.java:500)
	at com.ibm.ws.http.channel.internal.inbound.HttpInboundLink.processRequest(HttpInboundLink.java:360)
	at com.ibm.ws.http.channel.internal.inbound.HttpInboundLink.ready(HttpInboundLink.java:327)
	at com.ibm.ws.tcpchannel.internal.NewConnectionInitialReadCallback.sendToDiscriminators(NewConnectionInitialReadCallback.java:167)
	at com.ibm.ws.tcpchannel.internal.NewConnectionInitialReadCallback.complete(NewConnectionInitialReadCallback.java:75)
	at com.ibm.ws.tcpchannel.internal.WorkQueueManager.requestComplete(WorkQueueManager.java:504)
	at com.ibm.ws.tcpchannel.internal.WorkQueueManager.attemptIO(WorkQueueManager.java:574)
	at com.ibm.ws.tcpchannel.internal.WorkQueueManager.workerRun(WorkQueueManager.java:958)
	at com.ibm.ws.tcpchannel.internal.WorkQueueManager$Worker.run(WorkQueueManager.java:1047)
	at com.ibm.ws.threading.internal.ExecutorServiceImpl$RunnableWrapper.run(ExecutorServiceImpl.java:238)
	at java.util.concurrent.ThreadPoolExecutor.runWorker(ThreadPoolExecutor.java:1149)
	at java.util.concurrent.ThreadPoolExecutor$Worker.run(ThreadPoolExecutor.java:624)
	at java.lang.Thread.run(Thread.java:748)
Caused by: com.ibm.ws.rsadapter.exceptions.DataStoreAdapterException: DSRA0080E: An exception was received by the Data Store Adapter. See original exception message: No operations allowed after connection closed.. with SQL State : 08003 SQL Code : 0
	at com.ibm.ws.rsadapter.AdapterUtil.translateSQLException(AdapterUtil.java:774)
	at com.ibm.ws.rsadapter.impl.WSRdbSpiLocalTransactionImpl.rollback(WSRdbSpiLocalTransactionImpl.java:406)
	at com.ibm.ejs.j2c.LocalTransactionWrapper.rollback(LocalTransactionWrapper.java:225)
	... 70 more
Caused by: java.sql.SQLNonTransientException: No operations allowed after connection closed. DSRA0010E: SQL State = 08003, Error Code = 0
	at com.mysql.cj.jdbc.exceptions.SQLError.createSQLException(SQLError.java:110)
	at com.mysql.cj.jdbc.exceptions.SQLError.createSQLException(SQLError.java:97)
	at com.mysql.cj.jdbc.exceptions.SQLError.createSQLException(SQLError.java:89)
	at com.mysql.cj.jdbc.exceptions.SQLError.createSQLException(SQLError.java:63)
	at com.mysql.cj.jdbc.exceptions.SQLError.createSQLException(SQLError.java:73)
	at com.mysql.cj.jdbc.exceptions.SQLExceptionsMapping.translateException(SQLExceptionsMapping.java:73)
	at com.mysql.cj.jdbc.ConnectionImpl.rollback(ConnectionImpl.java:1862)
	at com.mysql.cj.jdbc.ConnectionWrapper.rollback(ConnectionWrapper.java:540)
	at com.ibm.ws.rsadapter.impl.WSRdbSpiLocalTransactionImpl.rollback(WSRdbSpiLocalTransactionImpl.java:393)
	... 71 more
Caused by: com.mysql.cj.exceptions.ConnectionIsClosedException: No operations allowed after connection closed.
	at sun.reflect.GeneratedConstructorAccessor1198.newInstance(Unknown Source)
	at java.lang.reflect.Constructor.newInstance(Constructor.java:423)
	at com.mysql.cj.exceptions.ExceptionFactory.createException(ExceptionFactory.java:61)
	at com.mysql.cj.exceptions.ExceptionFactory.createException(ExceptionFactory.java:105)
	at com.mysql.cj.exceptions.ExceptionFactory.createException(ExceptionFactory.java:151)
	at com.mysql.cj.NativeSession.checkClosed(NativeSession.java:1171)
	at com.mysql.cj.jdbc.ConnectionImpl.checkClosed(ConnectionImpl.java:573)
	at com.mysql.cj.jdbc.ConnectionImpl.rollback(ConnectionImpl.java:1816)
	... 73 more
Caused by: com.mysql.cj.exceptions.CJCommunicationsException: The last packet successfully received from the server was 391,556 milliseconds ago. The last packet sent successfully to the server was 391,670 milliseconds ago. is longer than the server configured value of 'wait_timeout'. You should consider either expiring and/or testing connection validity before use in your application, increasing the server configured values for client timeouts, or using the Connector/J connection property 'autoReconnect=true' to avoid this problem.
	at sun.reflect.GeneratedConstructorAccessor1194.newInstance(Unknown Source)
	at java.lang.reflect.Constructor.newInstance(Constructor.java:423)
	at com.mysql.cj.exceptions.ExceptionFactory.createException(ExceptionFactory.java:61)
	at com.mysql.cj.exceptions.ExceptionFactory.createException(ExceptionFactory.java:105)
	at com.mysql.cj.exceptions.ExceptionFactory.createException(ExceptionFactory.java:151)
	at com.mysql.cj.exceptions.ExceptionFactory.createCommunicationsException(ExceptionFactory.java:167)
	at com.mysql.cj.protocol.a.NativeProtocol.send(NativeProtocol.java:577)
	at com.mysql.cj.protocol.a.NativeProtocol.sendCommand(NativeProtocol.java:632)
	at com.mysql.cj.protocol.a.NativeProtocol.sendQueryPacket(NativeProtocol.java:948)
	at com.mysql.cj.protocol.a.NativeProtocol.sendQueryString(NativeProtocol.java:894)
	at com.mysql.cj.NativeSession.execSQL(NativeSession.java:1073)
	at com.mysql.cj.jdbc.ConnectionImpl.setSessionMaxRows(ConnectionImpl.java:2431)
	at com.mysql.cj.jdbc.ClientPreparedStatement.executeQuery(ClientPreparedStatement.java:1001)
	at com.mysql.cj.jdbc.PreparedStatementWrapper.executeQuery(PreparedStatementWrapper.java:581)
	at com.ibm.ws.rsadapter.jdbc.WSJdbcPreparedStatement.executeQuery(WSJdbcPreparedStatement.java:480)
	at org.eclipse.persistence.internal.databaseaccess.DatabaseAccessor.executeSelect(DatabaseAccessor.java:1015)
	at org.eclipse.persistence.internal.databaseaccess.DatabaseAccessor.basicExecuteCall(DatabaseAccessor.java:651)
	at org.eclipse.persistence.internal.databaseaccess.DatabaseAccessor.executeCall(DatabaseAccessor.java:567)
	at org.eclipse.persistence.internal.sessions.AbstractSession.basicExecuteCall(AbstractSession.java:2099)
	at org.eclipse.persistence.sessions.server.ServerSession.executeCall(ServerSession.java:603)
	at org.eclipse.persistence.internal.queries.DatasourceCallQueryMechanism.executeCall(DatasourceCallQueryMechanism.java:277)
	at org.eclipse.persistence.internal.queries.DatasourceCallQueryMechanism.executeCall(DatasourceCallQueryMechanism.java:263)
	at org.eclipse.persistence.internal.queries.DatasourceCallQueryMechanism.executeSelectCall(DatasourceCallQueryMechanism.java:334)
	at org.eclipse.persistence.internal.queries.DatasourceCallQueryMechanism.executeSelect(DatasourceCallQueryMechanism.java:316)
	at org.eclipse.persistence.queries.DataReadQuery.executeNonCursor(DataReadQuery.java:199)
	at org.eclipse.persistence.queries.DataReadQuery.executeDatabaseQuery(DataReadQuery.java:154)
	at org.eclipse.persistence.queries.DatabaseQuery.execute(DatabaseQuery.java:911)
	at org.eclipse.persistence.queries.DataReadQuery.execute(DataReadQuery.java:139)
	at org.eclipse.persistence.internal.sessions.AbstractSession.internalExecuteQuery(AbstractSession.java:3356)
	at org.eclipse.persistence.internal.sessions.AbstractSession.executeQuery(AbstractSession.java:1898)
	at org.eclipse.persistence.internal.sessions.AbstractSession.executeQuery(AbstractSession.java:1880)
	at org.eclipse.persistence.internal.sessions.AbstractSession.executeQuery(AbstractSession.java:1830)
	at org.eclipse.persistence.platform.database.MySQLPlatform.checkTableExists(MySQLPlatform.java:848)
	at org.eclipse.persistence.tools.schemaframework.SchemaManager.checkTableExists(SchemaManager.java:467)
	at org.eclipse.persistence.tools.schemaframework.SchemaManager.checkTableExists(SchemaManager.java:480)
	at org.eclipse.persistence.tools.schemaframework.TableCreator.createTables(TableCreator.java:169)
	at org.eclipse.persistence.tools.schemaframework.TableCreator.createTables(TableCreator.java:151)
	at org.eclipse.persistence.tools.schemaframework.TableCreator.createTables(TableCreator.java:143)
	at org.eclipse.persistence.tools.schemaframework.SchemaManager.createDefaultTables(SchemaManager.java:1030)
	at org.eclipse.persistence.internal.jpa.EntityManagerFactoryProvider.generateDefaultTables(EntityManagerFactoryProvider.java:110)
	at org.eclipse.persistence.internal.jpa.EntityManagerSetupImpl.writeDDLToDatabase(EntityManagerSetupImpl.java:4467)
	at org.eclipse.persistence.internal.jpa.EntityManagerSetupImpl.writeDDL(EntityManagerSetupImpl.java:4395)
	at org.eclipse.persistence.internal.jpa.EntityManagerSetupImpl.writeDDL(EntityManagerSetupImpl.java:4295)
	at org.eclipse.persistence.internal.jpa.EntityManagerSetupImpl.deploy(EntityManagerSetupImpl.java:819)
	at org.eclipse.persistence.internal.jpa.EntityManagerFactoryDelegate.getAbstractSession(EntityManagerFactoryDelegate.java:222)
	at org.eclipse.persistence.internal.jpa.EntityManagerFactoryDelegate.createEntityManagerImpl(EntityManagerFactoryDelegate.java:330)
	at org.eclipse.persistence.internal.jpa.EntityManagerFactoryImpl.createEntityManagerImpl(EntityManagerFactoryImpl.java:350)
	at org.eclipse.persistence.internal.jpa.EntityManagerFactoryImpl.createEntityManager(EntityManagerFactoryImpl.java:331)
	at com.ibm.ws.jpa.container.v22.internal.JPA22Runtime.createEntityManagerInstance(JPA22Runtime.java:110)
	at com.ibm.ws.jpa.management.JPAEMPool.getEntityManager(JPAEMPool.java:155)
	at com.ibm.ws.jpa.management.JPATxEntityManager.getEMInvocationInfo(JPATxEntityManager.java:254)
	at com.ibm.ws.jpa.management.JPATxEntityManager.getEMInvocationInfo(JPATxEntityManager.java:164)
	at com.ibm.ws.jpa.management.JPAEntityManager.persist(JPAEntityManager.java:149)
	at com.FlightLogix.Persistence.User.UserDAO.createUser(UserDAO.java:19)
	at com.FlightLogix.Persistence.User.UserDAO$Proxy$_$$_WeldClientProxy.createUser(Unknown Source)
	at com.FlightLogix.Service.User.UserResource.registerUser(UserResource.java:25)
	at com.FlightLogix.Service.User.UserResource$Proxy$_$$_WeldSubclass.registerUser$$super(Unknown Source)
	at sun.reflect.GeneratedMethodAccessor549.invoke(Unknown Source)
	at java.lang.reflect.Method.invoke(Method.java:498)
	at org.jboss.weld.interceptor.proxy.TerminalAroundInvokeInvocationContext.proceedInternal(TerminalAroundInvokeInvocationContext.java:51)
	at org.jboss.weld.interceptor.proxy.AroundInvokeInvocationContext.proceed(AroundInvokeInvocationContext.java:78)
	at com.ibm.tx.jta.cdi.interceptors.TransactionalInterceptor$1.run(TransactionalInterceptor.java:137)
	at com.ibm.ws.uow.embeddable.EmbeddableUOWManagerImpl.runUnderCurrentUOW(EmbeddableUOWManagerImpl.java:1077)
	at com.ibm.ws.uow.embeddable.EmbeddableUOWManagerImpl.runUnderNewUOW(EmbeddableUOWManagerImpl.java:1040)
	... 58 more
Caused by: java.net.SocketException: Connection reset by peer: socket write error
	at java.net.SocketOutputStream.socketWrite0(Native Method)
	at java.net.SocketOutputStream.socketWrite(SocketOutputStream.java:111)
	at java.net.SocketOutputStream.write(SocketOutputStream.java:155)
	at sun.security.ssl.SSLSocketOutputRecord.deliver(SSLSocketOutputRecord.java:341)
	at sun.security.ssl.SSLSocketImpl$AppOutputStream.write(SSLSocketImpl.java:1106)
	at java.io.BufferedOutputStream.flushBuffer(BufferedOutputStream.java:82)
	at java.io.BufferedOutputStream.flush(BufferedOutputStream.java:140)
	at com.mysql.cj.protocol.a.SimplePacketSender.send(SimplePacketSender.java:55)
	at com.mysql.cj.protocol.a.TimeTrackingPacketSender.send(TimeTrackingPacketSender.java:50)
	at com.mysql.cj.protocol.a.NativeProtocol.send(NativeProtocol.java:568)
	... 115 more

Dump of callerThis
Object type = com.ibm.tx.jta.embeddable.impl.EmbeddableRegisteredResources
  tc = class com.ibm.websphere.ras.TraceComponent@57a756ad
    strings[0] = "TraceComponent[com.ibm.tx.jta.embeddable.impl.EmbeddableRegisteredResources,class com.ibm.tx.jta.embeddable.impl.EmbeddableRegisteredResources,[Transaction],com.ibm.ws.Transaction.resources.TransactionMsgs,null]"
  WSAT_PREPARE_ORDER_CONCURRENT = 0
  WSAT_PREPARE_ORDER_BEFORE = 1
  WSAT_PREPARE_ORDER_AFTER = 2
  _wsatPrepareOrder = 0
  _wsatAsyncSection = null
  _asyncResourceObjects = null
  tc = class com.ibm.ws.tx.util.logging.WASTraceComponent@cf1bf1d
    _tc = class com.ibm.ejs.ras.TraceComponent@51f4f1e2
      strings[0] = "TraceComponent[com.ibm.tx.jta.impl.RegisteredResources,class com.ibm.tx.jta.impl.RegisteredResources,[Transaction],com.ibm.ws.Transaction.resources.TransactionMsgs,null]"
  xaFlowCallbackEnabled = false
  MAX_PDATA_SIZE = 3072
  _resourceObjects = class java.util.ArrayList@4187ee2
    serialVersionUID = 8683452581122892189
    DEFAULT_CAPACITY = 10
    EMPTY_ELEMENTDATA = class java.lang.Object[0]
    DEFAULTCAPACITY_EMPTY_ELEMENTDATA = class java.lang.Object[0]
    elementData = class java.lang.Object[10]
      Object[0] = class com.ibm.tx.jta.impl.OnePhaseResourceImpl@248a0a6d
      Object[1] = null
      Object[2] = null
      Object[3] = null
      Object[4] = null
      Object[5] = null
      Object[6] = null
      Object[7] = null
      Object[8] = null
      Object[9] = null
    size = 1
    MAX_ARRAY_SIZE = 2147483639
    modCount = 1
    MAX_ARRAY_SIZE = 2147483639
  _onePhaseResourceEnlisted = class com.ibm.tx.jta.impl.OnePhaseResourceImpl@248a0a6d
    tc = class com.ibm.ws.tx.util.logging.WASTraceComponent@7df9f3af
      _tc = class com.ibm.ejs.ras.TraceComponent@f5e5c89
    tcSummary = class com.ibm.ws.tx.util.logging.WASTraceComponent@779e2719
      _tc = class com.ibm.ejs.ras.TraceComponent@2dce1aff
    _state = 5
    _xid = class com.ibm.tx.jta.impl.XidImpl@578db843
    _resource = class com.ibm.ejs.j2c.LocalTransactionWrapper@1b89ef23
      mcWrapper = class com.ibm.ejs.j2c.MCWrapper@31157941
      localTransaction = class com.ibm.ws.rsadapter.impl.WSRdbSpiLocalTransactionImpl@814f565
      rrsXAResource = null
      enlisted = true
      registeredForSync = true
      hasRollbackOccured = true
      tc = class com.ibm.websphere.ras.TraceComponent@48738149
      _hexString = "1b89ef23"
      _rrsTransactional = false
    _supportSuspend = true
    _supportResume = true
    _vote = class com.ibm.ws.Transaction.JTA.JTAResource$JTAResourceVote@20a3d578
      commit = class com.ibm.ws.Transaction.JTA.JTAResource$JTAResourceVote@855250c
      rollback = class com.ibm.ws.Transaction.JTA.JTAResource$JTAResourceVote@37925013
      readonly = class com.ibm.ws.Transaction.JTA.JTAResource$JTAResourceVote@7dbdb7f1
      heuristic = class com.ibm.ws.Transaction.JTA.JTAResource$JTAResourceVote@14f1a21d
      none = class com.ibm.ws.Transaction.JTA.JTAResource$JTAResourceVote@20a3d578
      $VALUES = class com.ibm.ws.Transaction.JTA.JTAResource$JTAResourceVote[5]
      name = "none"
      ordinal = 4
    _prepareXARC = 0
    _completionXARC = -7
    _completedCommit = false
    _startFlag = 0
    OUTCOME_DIAGNOSTICS = 0
    PREPARE_DIAGNOSTICS = 1
    tc = class com.ibm.ws.tx.util.logging.WASTraceComponent@12663bea
      _tc = class com.ibm.ejs.ras.TraceComponent@5dc9a01a
    tcSummary = class com.ibm.ws.tx.util.logging.WASTraceComponent@2030d682
      _tc = class com.ibm.ejs.ras.TraceComponent@2c59f622
    tc = class com.ibm.ws.tx.util.logging.WASTraceComponent@26109b72
      _tc = class com.ibm.ejs.ras.TraceComponent@4f1da5f8
    _resourceStatus = 3
  _failedResourceList = null
  _txServiceXid = class com.ibm.tx.jta.impl.XidImpl@578db843
    tc = class com.ibm.ws.tx.util.logging.WASTraceComponent@2cd75ea8
      _tc = class com.ibm.ejs.ras.TraceComponent@7f53c565
    serialVersionUID = -4291259441393350686
    nl = "
"
    _formatId = 1463898948
    _gtrid = {0,0,1,120,-107,118,-99,-122,0,0,0,1,85,-80,82,104,-23,83,72,-32,-124,97,-59,83,-105,-48,-14,-110,23,-98,-4,-6,90,41,91,-119} /* array length = 36 */
    _bqual = {0,0,1,120,-107,118,-99,-122,0,0,0,1,85,-80,82,104,-23,83,72,-32,-124,97,-59,83,-105,-48,-14,-110,23,-98,-4,-6,90,41,91,-119,0,0,0,1} /* array length = 40 */
    _otid = {0,0,1,120,-107,118,-99,-122,0,0,0,1,85,-80,82,104,-23,83,72,-32,-124,97,-59,83,-105,-48,-14,-110,23,-98,-4,-6,90,41,91,-119,0,0,1,120,-107,118,-99,-122,0,0,0,1,85,-80,82,104,-23,83,72,-32,-124,97,-59,83,-105,-48,-14,-110,23,-98,-4,-6,90,41,91,-119,0,0,0,1} /* array length = 76 */
    _primaryKey = null
    ZOS_FID_CB390 = -1010695802
    ZOS_FID_CBLT = -1010641949
    ZOS_FID_WASZ = -423501079
    WAS_FID_WASC = 1463898947
    WAS_FID_WASD = 1463898948
    WAS_FID_WASZ = 1463898970
    WAS_FORMAT_ID = 1463898948
    _configProvider = class com.ibm.ws.transaction.services.JTMConfigurationProvider@6a80844d
    digits = "0123456789ABCDEF"
    BQUAL_PKEY_OFFSET = 0
    BQUAL_PKEY_LENGTH = 16
    BQUAL_UUID_OFFSET = 16
    BQUAL_UUID_LENGTH = 20
    GTRID_JTA_GTRID_LENGTH = 36
    BQUAL_BRANCH_INDEX_OFFSET = 39
    BQUAL_JTA_GTRID_LENGTH = 40
    BQUAL_STOKEN_OFFSET = 40
    BQUAL_STOKEN_LENGTH = 8
    BQUAL_RECOVERY_ID_OFFSET_UNUSED = 48
    BQUAL_RECOVERY_ID_LENGTH_UNUSED = 4
    BQUAL_RM_SEQ_OFFSET = 52
    BQUAL_RM_SEQ_LENGTH = 2
    BQUAL_JTA_BQUAL_LENGTH = 54
  _branchCount = 0
  _LPSProhibited = false
  _LPSEnabledTx = false
  _retryCompletion = false
  _transaction = class com.ibm.tx.jta.embeddable.impl.EmbeddableTransactionImpl@4d5c3fd1
    tc = class com.ibm.websphere.ras.TraceComponent@4574c9ba
      strings[0] = "TraceComponent[com.ibm.tx.jta.embeddable.impl.EmbeddableTransactionImpl,class com.ibm.tx.jta.embeddable.impl.EmbeddableTransactionImpl,[Transaction],com.ibm.ws.Transaction.resources.TransactionMsgs,null]"
    _inactivityTimeout = 60
    _inactivityTimer = null
    _inactivityTimerActive = false
    _mostRecentThread = class java.util.Stack@56593ab4
      serialVersionUID = 1224463164541339165
      elementData = class java.lang.Object[10]
      elementCount = 1
      capacityIncrement = 0
      serialVersionUID = -2767605614048989439
      MAX_ARRAY_SIZE = 2147483639
      modCount = 1
      MAX_ARRAY_SIZE = 2147483639
    _activeAssociations = 1
    _suspendedAssociations = 0
    _globalId = null
    _wsatRC = null
    _retryWait = 60
    _thread = class java.lang.Thread@5eda5c08
      name = "Default Executor-thread-118"
      priority = 5
      threadQ = null
      eetop = 2250223777792
      single_step = false
      daemon = true
      stillborn = false
      target = class java.util.concurrent.ThreadPoolExecutor$Worker@17e565db
      group = class java.lang.ThreadGroup@68ee1b20
      contextClassLoader = class com.ibm.ws.classloading.internal.ThreadContextClassLoader@7930ae6
      inheritedAccessControlContext = class java.security.AccessControlContext@5c867765
      threadInitNumber = 20
      threadLocals = class java.lang.ThreadLocal$ThreadLocalMap@77e7add2
      inheritableThreadLocals = null
      stackSize = 0
      nativeParkEventPointer = 0
      tid = 171
      threadSeqNumber = 304
      threadStatus = 5
      parkBlocker = null
      blocker = null
      blockerLock = class java.lang.Object@4791211b
      MIN_PRIORITY = 1
      NORM_PRIORITY = 5
      MAX_PRIORITY = 10
      EMPTY_STACK_TRACE = class java.lang.StackTraceElement[0]
      SUBCLASS_IMPLEMENTATION_PERMISSION = class java.lang.RuntimePermission@28435bd3
      uncaughtExceptionHandler = null
      defaultUncaughtExceptionHandler = null
      threadLocalRandomSeed = -5527597357087745777
      threadLocalRandomProbe = -1731955226
      threadLocalRandomSecondarySeed = 0
    TRANSACTION_LOG_NAME = "tranlog"
    PARTNER_LOG_NAME = "partnerlog"
    TRAN_STATE_SECTION = 0
    CORBA_RESOURCE_SECTION = 1
    XARESOURCE_SECTION = 2
    GLOBALID_SECTION = 3
    RECOVERYCOORD_SECTION = 4
    RESOURCE_WSC_SECTION = 5
    RECCOORD_WSC_SECTION = 6
    RESOURCE_ADAPTER_SECTION = 7
    HEURISTIC_OUTCOME_SECTION = 8
    RECCOORD_WSAT_SECTION = 9
    WSAT_ASYNC_RESOURCE_SECTION = 10
    NEXT_ID_SECTION = 30
    LOW_WATERMARK_SECTION = 31
    SERVER_STATE_SECTION = 32
    CLASSPATH_SECTION = 33
    XARESOURCEDATA_SECTION = 34
    WSCOORDINATOR_SECTION = 35
    JCAPROVIDER_SECTION = 36
    RESOURCE_PRIORITY_SECTION = 37
    APPLID_DATA_SECTION = 253
    EPOCH_DATA_SECTION = 254
    SERVER_DATA_SECTION = 255
    _status = class com.ibm.tx.jta.embeddable.impl.EmbeddableTransactionState@22a47444
      tc = class com.ibm.websphere.ras.TraceComponent@5312f562
      STATE_NONE = -1
      STATE_ACTIVE = 0
      STATE_PREPARING = 1
      STATE_PREPARED = 2
      STATE_COMMITTING_ONE_PHASE = 10
      STATE_COMMITTING = 3
      STATE_COMMITTED = 4
      STATE_ROLLING_BACK = 5
      STATE_ROLLED_BACK = 6
      STATE_HEURISTIC_ON_COMMIT = 7
      STATE_HEURISTIC_ON_ROLLBACK = 8
      STATE_LAST_PARTICIPANT = 9
      tc = class com.ibm.ws.tx.util.logging.WASTraceComponent@556bb150
      _state = 5
      _tran = class com.ibm.tx.jta.embeddable.impl.EmbeddableTransactionImpl@4d5c3fd1
      _tranLog = null
      _logSection = null
      _loggingFailed = false
      _partnerLogTable = class com.ibm.tx.jta.impl.PartnerLogTable@8406da
      byteData = {0} /* array length = 1 */
      validStateChange = class [Z[11]
    _timeout = 0
    _subordinate = false
    _rollbackOnly = true
    _originalException = null
    _timedOut = true
    _subRollback = false
    _resources = class com.ibm.tx.jta.embeddable.impl.EmbeddableRegisteredResources@18e3c022
    _retryAlarm = null
    _syncs = class com.ibm.tx.jta.impl.RegisteredSyncs@45844bae
      tc = class com.ibm.ws.tx.util.logging.WASTraceComponent@a0ab659
      SYNC_TIER_OUTER = 0
      SYNC_TIER_NORMAL = 1
      SYNC_TIER_INNER = 2
      SYNC_TIER_RRS = 3
      _tran = class com.ibm.tx.jta.embeddable.impl.EmbeddableTransactionImpl@4d5c3fd1
      SYNC_ARRAY_SIZE = 4
      _syncs = class java.util.ArrayList[4]
      DEFAULT_DEPTH_LIMIT = 5
      _depthLimit = 5
    _destroyCallbacks = null
    _finishCount = 0
    _logUnit = null
    _tranLog = null
    _systemExceptionOccured = false
    _heuristicOnPrepare = null
    _retryAttempts = 0
    defaultRetryTime = 60
    DISABLE_2PC_DEFAULT_PROPERTY = "com.ibm.tx.jta.disable2PC"
    _expirationTime = 1617415402054
    _xid = class com.ibm.tx.jta.impl.XidImpl@578db843
    _localTID = 1437618792
    _tranName = null
    _JCARecoveryData = null
    _JCAXid = null
    _disable2PCDefault = false
    _disableTwoPhase = false
    _needsManualCompletion = false
    _failureScopeController = class com.ibm.tx.jta.embeddable.impl.EmbeddableFailureScopeController@51e98040
      tc = class com.ibm.websphere.ras.TraceComponent@4d44dd7e
      tc = class com.ibm.ws.tx.util.logging.WASTraceComponent@1b2f51db
      _failureScope = class com.ibm.ws.recoverylog.spi.FileFailureScope@6f02e9b1
      _serverName = "defaultServer"
      _tranLog = class com.ibm.ws.recoverylog.spi.RecoveryLogImpl@4edd6403
      _xaLog = class com.ibm.ws.recoverylog.spi.RecoveryLogImpl@2ce6c7fc
      _recoverXaLog = null
      _partnerLogTable = class com.ibm.tx.jta.impl.PartnerLogTable@8406da
      _localFailureScope = true
      _recoveryManager = class com.ibm.tx.jta.embeddable.impl.EmbeddableRecoveryManager@4d26fa32
      _fslc = class com.ibm.ws.Transaction.JTA.FailureScopeLifeCycle@3591cd46
      _transactions = class com.ibm.tx.util.ConcurrentHashSet@10494a8b
      SMP_THRESH = 4
      isConcurrent = true
    _inRecovery = false
    _doNotRetryRecovery = false
    _synchronizationRegistryResources = class java.util.HashMap@36d778e8
      serialVersionUID = 362498820763181265
      DEFAULT_INITIAL_CAPACITY = 16
      MAXIMUM_CAPACITY = 1073741824
      DEFAULT_LOAD_FACTOR = 0.75
      TREEIFY_THRESHOLD = 8
      UNTREEIFY_THRESHOLD = 6
      MIN_TREEIFY_CAPACITY = 64
      table = null
      entrySet = null
      size = 0
      modCount = 0
      threshold = 0
      loadFactor = 0.75
      keySet = null
      values = null
    GLOBAL_TRANSACTION_LOCAL_ID_MODIFIER = 6917529027641081856
    _mostRecentThread = class java.lang.Thread@5eda5c08
    _isZos = false
    _configProvider = class com.ibm.ws.transaction.services.JTMConfigurationProvider@6a80844d
      tc = class com.ibm.websphere.ras.TraceComponent@79e8648a
      locationService = class com.ibm.ws.kernel.service.location.internal.WsLocationAdminImpl@75d92c55
      _runtimeMetaDataProvider = class com.ibm.ws.transaction.services.LibertyRuntimeMetaDataProvider@65696690
      _props = class java.util.Collections$UnmodifiableMap@14ff15a8
      _cc = class org.apache.felix.scr.impl.manager.ComponentContextImpl@4b6e9742
      logDir = "C:/Users/felix/Desktop/FlightLogix/FlightLogix/target/liberty/wlp/usr/servers/defaultServer/tranlog"
      defaultLogDir = "$(server.output.dir)/tranlog"
      activateHasBeenCalled = true
      _transactionSettingsProviders = class com.ibm.wsspi.kernel.service.utils.ConcurrentServiceReferenceSet@77e9b1fe
      dataSourceFactoryRef = class com.ibm.wsspi.kernel.service.utils.AtomicServiceReference@599a1475
      _isSQLRecoveryLog = false
      _theDataSourceFactory = null
      _recoveryIdentity = ""
      _recoveryGroup = ""
      tmsRef = class com.ibm.ws.transaction.services.TransactionManagerService@352408bb
      _applId = {-23,83,72,-32,-124,97,-59,83,-105,-48,-14,-110,23,-98,-4,-6,90,41,91,-119} /* array length = 20 */
      serialVersionUID = -306583327436987387
      _alarmManager = class com.ibm.tx.jta.util.alarm.AlarmManagerImpl@1100240a
      _applId = null
      _runtimeMetaDataProvider = class com.ibm.tx.jta.config.DefaultConfigurationProvider$1@a4f5dda
      _heuristicCompletionDirction = 1
      _heuristicRetryInterval = 0
      _heuristicRetryLimit = 0
      _totalTransactionLifetimeTimeout = 120
      _logDir = "logs/recovery"
      _logSize = 1024
      _logForHeuristicReporting = false
      _level = class java.util.logging.Level@39a3e8f7
      _defaultMaximumShutdownDelay = 2
      _acceptHeuristicHazard = true
      _auditRecovery = false
      _recoverOnStartup = false
      _shutdownOnLogFailure = true
      _OnePCOptimization = false
      _waitForRecovery = false
      _propagateXAResourceTransactionTimeout = false
    auditRecovery = false
    _completedLTCBoundary = null
    _taskId = null
    _timeoutInfo = null
    _txType = 1
    tsr = class com.ibm.tx.jta.impl.TransactionSynchronizationRegistryImpl@4d830720
      tc = class com.ibm.ws.tx.util.logging.WASTraceComponent@5c87dbc7
    tc = class com.ibm.ws.tx.util.logging.WASTraceComponent@401e2640
      _tc = class com.ibm.ejs.ras.TraceComponent@74caf5ff
    tcSummary = class com.ibm.ws.tx.util.logging.WASTraceComponent@2e5270e2
      _tc = class com.ibm.ejs.ras.TraceComponent@179bda00
  _resourceTable = null
  _logUnit = null
  _logSection = null
  _xalogSection = null
  _hoSection = null
  _resourcesLogged = false
  _heuristicOutcome = 0
  _loggedHeuristicOutcome = 0
  _systemException = null
  _retryRequired = false
  _outcome = false
  _errorCode = -7
  XA_OK = 0
  XA_RDONLY = 3
  ONE_PHASE_OPT = 10
  ONE_PHASE_OPT_ROLLBACK = 11
  ONE_PHASE_OPT_FAILED = 12
  _disableTwoPhase = false
  _diagnosticsRequired = false
  _gotPriorityResourcesEnlisted = false
  _isCheckingSameRM = false
  _sameRMMasterResource = null
  _sameRMResource = null
  _sorted = false
  _retryImmediately = false
  _prepareResult = 0
  _okVoteCount = 0
  prepareComparator = class com.ibm.tx.jta.impl.RegisteredResources$1@5d8f8e3c

