------Start of DE processing------ = [4/7/21 0:26:43:216 EDT]
Exception = org.jboss.weld.exceptions.DeploymentException
Source = com.ibm.ws.container.service.state.internal.ApplicationStateManager
probeid = 54
Stack Dump = org.jboss.weld.exceptions.DeploymentException: WELD-001410: The injection point has non-proxyable dependencies: [BackedAnnotatedField] @Inject com.FlightLogix.Service.apis.BookingResource.apiCaller
	at com.FlightLogix.Service.apis.BookingResource.apiCaller(BookingResource.java:0)
  StackTrace
	at org.jboss.weld.bootstrap.Validator.validateInjectionPointForDeploymentProblems(Validator.java:399)
	at org.jboss.weld.bootstrap.Validator.validateInjectionPoint(Validator.java:290)
	at org.jboss.weld.bootstrap.Validator.validateGeneralBean(Validator.java:143)
	at org.jboss.weld.bootstrap.Validator.validateRIBean(Validator.java:164)
	at org.jboss.weld.bootstrap.Validator.validateBean(Validator.java:526)
	at org.jboss.weld.bootstrap.ConcurrentValidator$1.doWork(ConcurrentValidator.java:64)
	at org.jboss.weld.bootstrap.ConcurrentValidator$1.doWork(ConcurrentValidator.java:62)
	at org.jboss.weld.executor.IterativeWorkerTaskFactory$1.call(IterativeWorkerTaskFactory.java:62)
	at org.jboss.weld.executor.IterativeWorkerTaskFactory$1.call(IterativeWorkerTaskFactory.java:55)
	at java.util.concurrent.FutureTask.run(FutureTask.java:266)
	at java.util.concurrent.ThreadPoolExecutor.runWorker(ThreadPoolExecutor.java:1149)
	at java.util.concurrent.ThreadPoolExecutor$Worker.run(ThreadPoolExecutor.java:624)
	at java.lang.Thread.run(Thread.java:748)
Caused by: org.jboss.weld.exceptions.UnproxyableResolutionException: WELD-001436: Type com.FlightLogix.Repository.AmadeusAPICaller is not proxyable because it has a private constructor private com.FlightLogix.Repository.AmadeusAPICaller() - Managed Bean [class com.FlightLogix.Repository.AmadeusAPICaller] with qualifiers [@Any @Default].
	at org.jboss.weld.bean.proxy.DefaultProxyInstantiator.validateNoargConstructor(DefaultProxyInstantiator.java:52)
	at org.jboss.weld.util.Proxies.getUnproxyableClassException(Proxies.java:228)
	at org.jboss.weld.util.Proxies.getUnproxyableTypeException(Proxies.java:178)
	at org.jboss.weld.bootstrap.Validator.validateInjectionPointForDeploymentProblems(Validator.java:397)
	... 12 more

Dump of callerThis
Object type = com.ibm.ws.container.service.state.internal.ApplicationStateManager
  serialVersionUID = -6685368059484454124
  $$$tc$$$ = class com.ibm.websphere.ras.TraceComponent@7409b5d1
    strings[0] = "TraceComponent[com.ibm.ws.container.service.state.internal.ApplicationStateManager,class com.ibm.ws.container.service.state.internal.ApplicationStateManager,[Runtime],null,null]"
  listeners = class com.ibm.wsspi.kernel.service.utils.ConcurrentServiceReferenceSet@3aed692e
    referenceName = "applicationStateListeners"
    contextRef = class java.util.concurrent.atomic.AtomicReference@234b7e8a
      serialVersionUID = -1848883965231344442
      unsafe = class sun.misc.Unsafe@166322b9
      valueOffset = 12
      value = class org.apache.felix.scr.impl.manager.ComponentContextImpl@191dcb4b
    elementMap = class java.util.LinkedHashMap@2745160e
      serialVersionUID = 3801124242820219131
      head = class java.util.LinkedHashMap$Entry@6e20d68f
      tail = class java.util.LinkedHashMap$Entry@65b82fdd
      accessOrder = false
      serialVersionUID = 362498820763181265
      DEFAULT_INITIAL_CAPACITY = 16
      MAXIMUM_CAPACITY = 1073741824
      DEFAULT_LOAD_FACTOR = 0.75
      TREEIFY_THRESHOLD = 8
      UNTREEIFY_THRESHOLD = 6
      MIN_TREEIFY_CAPACITY = 64
      table = class java.util.HashMap$Node[16]
      entrySet = null
      size = 6
      modCount = 6
      threshold = 12
      loadFactor = 0.75
      keySet = null
      values = null
    elementSet = class java.util.concurrent.ConcurrentSkipListSet@48686f71
      serialVersionUID = -2479143111061671589
      m = class java.util.concurrent.ConcurrentSkipListMap@615a59cc
      UNSAFE = class sun.misc.Unsafe@166322b9
      mapOffset = 12
      MAX_ARRAY_SIZE = 2147483639
    elementSetUnsorted = false
    serialVersionUID = 756240983881166148
    $$$tc$$$ = class com.ibm.websphere.ras.TraceComponent@3f9db1ba
      strings[0] = "TraceComponent[com.ibm.wsspi.kernel.service.utils.ConcurrentServiceReferenceSet,class com.ibm.wsspi.kernel.service.utils.ConcurrentServiceReferenceSet,[kernelUtils],com.ibm.ws.kernel.service.utils.resources.ServiceMessages,null]"
  serialVersionUID = 2284273176985484160
  $$$tc$$$ = class com.ibm.websphere.ras.TraceComponent@4ecb1c19
    strings[0] = "TraceComponent[com.ibm.ws.container.service.state.internal.StateChangeManager,class com.ibm.ws.container.service.state.internal.StateChangeManager,[Runtime],null,null]"

Dump of objectArray[0]
Object type = com.ibm.ws.container.service.app.deploy.internal.ApplicationInfoImpl
  appName = "FlightLogix"
  appMetaData = class com.ibm.ws.container.service.app.deploy.internal.ApplicationMetaDataImpl@616be911
    j2eeName = class com.ibm.ws.container.service.metadata.internal.J2EENameImpl@6430133a
      serialVersionUID = 7488184044073147667
      application = "FlightLogix"
      module = null
      component = null
      string = "FlightLogix"
      j2eeNameBytes = null
      $$$tc$$$ = class com.ibm.websphere.ras.TraceComponent@6d5837b9
    serialVersionUID = -7906531148367236579
    $$$tc$$$ = class com.ibm.websphere.ras.TraceComponent@2401c76b
      strings[0] = "TraceComponent[com.ibm.ws.container.service.app.deploy.internal.ApplicationMetaDataImpl,class com.ibm.ws.container.service.app.deploy.internal.ApplicationMetaDataImpl,[container.service],com.ibm.ws.container.service.resources.Messages,null]"
    tc = class com.ibm.websphere.ras.TraceComponent@6607ec78
      strings[0] = "TraceComponent[com.ibm.ws.runtime.metadata.MetaDataImpl,class com.ibm.ws.runtime.metadata.MetaDataImpl,[Runtime],null,null]"
    NUM_STATIC_SLOTS = 4
    ID_UNINITIALIZED = -1
    id = 0
    metaDataInterface = class java.lang.Class@6454c883
      ANNOTATION = 8192
      ENUM = 16384
      SYNTHETIC = 4096
      cachedConstructor = null
      newInstanceCallerCache = null
      name = null
      allPermDomain = class java.security.ProtectionDomain@5e871c3a
      useCaches = true
      reflectionData = null
      classRedefinedCount = 0
      genericInfo = null
      serialVersionUID = 3206093459760846163
      serialPersistentFields = class java.io.ObjectStreamField[0]
      reflectionFactory = class sun.reflect.ReflectionFactory@6d704979
      initted = true
      enumConstants = null
      enumConstantDirectory = null
      annotationData = null
      annotationType = null
      classValueMap = null
    staticSlots = class java.lang.Object[4]
      Object[0] = class com.ibm.ws.cdi.impl.weld.WebSphereCDIDeploymentImpl@1def9a2c
      Object[1] = class com.ibm.ws.injectionengine.osgi.internal.OSGiInjectionScopeData@2a18cc3
      Object[2] = "FlightLogix"
      Object[3] = null
    dynamicSlots = null
  appContainer = class com.ibm.ws.adaptable.module.internal.AdaptableContainerImpl@eb574b9
    root = class com.ibm.ws.adaptable.module.internal.AdaptableContainerImpl@eb574b9
    rootOverlay = class com.ibm.ws.artifact.overlay.internal.DirectoryBasedOverlayContainerImpl@60ff9ebe
      base = class com.ibm.ws.artifact.loose.internal.LooseArchive@2992b9ff
      maskSet = class java.util.HashSet@4d5fc634
      cfHolder = class com.ibm.ws.artifact.overlay.internal.OverlayContainerFactoryImpl@4f5381b7
      fileOverlayContainer = class com.ibm.ws.artifact.file.internal.FileContainer@3e9ace8d
      overlayDirectory = class java.io.File@6de6e045
      cacheDirForOverlay = class java.io.File@5187f147
      overlayNotifier = class com.ibm.ws.artifact.overlay.internal.DirectoryBasedOverlayNotifier@62daf325
      enclosingContainer = null
      entryInEnclosingContainer = null
      nestedOverlays = class java.util.concurrent.ConcurrentHashMap@adcb755
      cacheStore = class com.ibm.ws.artifact.overlay.internal.OverlayCache@50628a83
      parentOverlay = null
      isPassThroughMode = true
      serialVersionUID = -6650153487216279998
      $$$tc$$$ = class com.ibm.websphere.ras.TraceComponent@38435e20
    factoryHolder = class com.ibm.ws.adaptable.module.internal.AdaptableModuleFactoryImpl@5c99e92d
      adapterFactoryService = class com.ibm.ws.adaptable.module.internal.AdapterFactoryServiceImpl@33654a49
      containerFactory = class com.ibm.ws.artifact.internal.ArtifactContainerFactoryService@7f9622
      overlayContainerFactory = class com.ibm.ws.artifact.overlay.internal.OverlayContainerFactoryImpl@4f5381b7
      serialVersionUID = 4200251809856292987
      $$$tc$$$ = class com.ibm.websphere.ras.TraceComponent@24dcfa7a
    delegate = class com.ibm.ws.artifact.overlay.internal.DirectoryBasedOverlayContainerImpl@60ff9ebe
    notifier = class com.ibm.ws.adaptable.module.internal.NotifierImpl@2c5fee1d
      root = class com.ibm.ws.adaptable.module.internal.AdaptableContainerImpl@eb574b9
      delegateNotifier = class com.ibm.ws.artifact.overlay.internal.DirectoryBasedOverlayNotifier@62daf325
      delegateRoot = class com.ibm.ws.artifact.overlay.internal.DirectoryBasedOverlayContainerImpl@60ff9ebe
      listenerDelegates = class java.util.HashMap@3e015401
      serialVersionUID = 6839382523957017880
      $$$tc$$$ = class com.ibm.websphere.ras.TraceComponent@30c3398a
    serialVersionUID = -5950528200509051684
    $$$tc$$$ = class com.ibm.websphere.ras.TraceComponent@1f6abbd7
      strings[0] = "TraceComponent[com.ibm.ws.adaptable.module.internal.AdaptableContainerImpl,class com.ibm.ws.adaptable.module.internal.AdaptableContainerImpl,[archive.adaptable],null,null]"
  configHelper = class com.ibm.ws.app.manager.module.ApplicationNestedConfigHelper@5683145a
    appInfo = class com.ibm.ws.app.manager.internal.ApplicationInstallInfo@7f5cba5a
    serialVersionUID = -3174031738676705046
    $$$tc$$$ = class com.ibm.websphere.ras.TraceComponent@4f99fbda
      strings[0] = "TraceComponent[com.ibm.ws.app.manager.module.ApplicationNestedConfigHelper,class com.ibm.ws.app.manager.module.ApplicationNestedConfigHelper,[applications, app.manager],null,null]"
  applicationInformation = class com.ibm.ws.app.manager.internal.ApplicationInstallInfo@7f5cba5a
    _config = class com.ibm.ws.app.manager.internal.ApplicationConfig@67744ae3
      tc = class com.ibm.websphere.ras.TraceComponent@40edddb6
      _configPid = "com.ibm.ws.app.manager_23"
      _config = class com.ibm.ws.config.admin.ConfigurationDictionary@30f5e486
      _applicationManager = class com.ibm.ws.app.manager.ApplicationManager@7065913e
      _location = "FlightLogix.war"
      _type = "war"
      _name = "FlightLogix"
      _notificationBroadcasterSupport = class javax.management.NotificationBroadcasterSupport@2bb1aac1
      ONE_TIME_JANDEX_MSGS_DISPLAYED = true
      serialVersionUID = -2151423388299667431
    _handlerInfo = class java.util.concurrent.atomic.AtomicReference@5969147d
      serialVersionUID = -1848883965231344442
      unsafe = class sun.misc.Unsafe@166322b9
      valueOffset = 12
      value = class com.ibm.ws.app.manager.war.internal.WARDeployedAppInfo@2182ed46
    _container = class java.util.concurrent.atomic.AtomicReference@1706eace
      serialVersionUID = -1848883965231344442
      unsafe = class sun.misc.Unsafe@166322b9
      valueOffset = 12
      value = class com.ibm.ws.adaptable.module.internal.AdaptableContainerImpl@eb574b9
    _resolvedLocation = class java.util.concurrent.atomic.AtomicReference@d921c1e
      serialVersionUID = -1848883965231344442
      unsafe = class sun.misc.Unsafe@166322b9
      valueOffset = 12
      value = class com.ibm.ws.kernel.service.location.internal.LocalFileResource@200c0b85
    _handler = class com.ibm.ws.app.manager.war.internal.WARApplicationHandlerImpl@48f47c1d
      futureMonitor = class com.ibm.ws.threading.internal.FutureMonitorImpl@bf7db3f
      deployedAppFactory = class com.ibm.ws.app.manager.war.internal.WARDeployedAppInfoFactoryImpl@64fea30b
      serialVersionUID = 4622845147410944782
      $$$tc$$$ = class com.ibm.websphere.ras.TraceComponent@75d49599
    _ami = class java.util.concurrent.atomic.AtomicReference@59af5382
      serialVersionUID = -1848883965231344442
      unsafe = class sun.misc.Unsafe@166322b9
      valueOffset = 12
      value = class com.ibm.wsspi.application.handler.DefaultApplicationMonitoringInformation@1419e2d9
    _updateHandler = class com.ibm.ws.app.manager.internal.statemachine.ApplicationStateMachineImpl@795f92e3
      _tc = class com.ibm.websphere.ras.TraceComponent@6f868248
      EMPTY_FUTURE_ARRAY = interface java.util.concurrent.Future[0]
      asmSequenceNumber = class java.util.concurrent.atomic.AtomicLong@5e9101c8
      _qscaCounter = class java.util.concurrent.atomic.AtomicInteger@78d05f79
      _failedThrowable = null
      _interruptibleLock = class com.ibm.ws.app.manager.internal.statemachine.ApplicationStateMachineImpl$2@190f94b5
      _interruptible = false
      _performingQueuedActions = true
      _queuedActions = class java.util.concurrent.ConcurrentLinkedQueue@17c6d4c3
      _callbackState = class java.util.concurrent.atomic.AtomicReference@410f18b2
      blockAppStartingFutures = class java.util.Collections$SetFromMap@3bdebc7d
      waitingForAppHandlerFuture = class java.util.concurrent.atomic.AtomicReference@5e912d8f
      waitingForExplicitStartFuture = class java.util.concurrent.atomic.AtomicReference@7f509a52
      startAfterFutures = class java.util.Collections$SetFromMap@4623d782
      completionListener = class java.util.concurrent.atomic.AtomicReference@8d0a66f
      _notifyAppStopped = class java.util.concurrent.ConcurrentLinkedQueue@5f7a0faf
      _notifyAppStarting = class java.util.concurrent.ConcurrentLinkedQueue@24038c18
      _notifyAppInstallCalled = class java.util.concurrent.ConcurrentLinkedQueue@7c44c0dd
      _notifyAppStarted = class java.util.concurrent.ConcurrentLinkedQueue@712af2e4
      _notifyAppRemoved = class java.util.concurrent.ConcurrentLinkedQueue@7ea29c19
      _stateLock = class com.ibm.ws.app.manager.internal.statemachine.ApplicationStateMachineImpl$3@4679bc99
      _internalState = class java.util.concurrent.atomic.AtomicReference@1c61cea3
      _currentAction = class java.util.concurrent.atomic.AtomicReference@3a7ab219
      _rfa = class java.util.concurrent.atomic.AtomicReference@5052a31b
      _appInstallInfo = class java.util.concurrent.atomic.AtomicReference@5bc440fc
      _update = class java.util.concurrent.atomic.AtomicBoolean@494289f1
      _appConfig = class java.util.concurrent.atomic.AtomicReference@264700ba
      _nextAppConfig = class java.util.concurrent.atomic.AtomicReference@63c83512
      _appContainer = class java.util.concurrent.atomic.AtomicReference@1a724a37
      _resolvedLocation = class java.util.concurrent.atomic.AtomicReference@47a25589
      _handler = class java.util.concurrent.atomic.AtomicReference@59fecf17
      _asmSeqNo = 0
      _ctx = class org.eclipse.osgi.internal.framework.BundleContextImpl@166df0d4
      _locAdmin = class com.ibm.ws.kernel.service.location.internal.WsLocationAdminImpl@1c784656
      _futureMonitor = class com.ibm.ws.threading.internal.FutureMonitorImpl@bf7db3f
      _artifactFactory = class com.ibm.ws.artifact.internal.ArtifactContainerFactoryService@7f9622
      _moduleFactory = class com.ibm.ws.adaptable.module.internal.AdaptableModuleFactoryImpl@5c99e92d
      _executorService = class com.ibm.ws.threading.internal.ExecutorServiceImpl@7b3c019f
      _scheduledExecutorService = class com.ibm.ws.threading.internal.ScheduledExecutorImpl@7317cf3d
      _asmHelper = class com.ibm.ws.app.manager.internal.ApplicationConfigurator$NamedApplication@78059e5e
      _appMonitor = class com.ibm.ws.app.manager.internal.monitor.ApplicationMonitor@264cc2cb
      enterStateCalled = class java.util.concurrent.atomic.AtomicBoolean@9652762
      serialVersionUID = 7990273947104993494
      serialVersionUID = 300267208965883056
      $$$tc$$$ = class com.ibm.websphere.ras.TraceComponent@f74c94b
    serialVersionUID = 2630639237123415755
    $$$tc$$$ = class com.ibm.websphere.ras.TraceComponent@31bfc372
      strings[0] = "TraceComponent[com.ibm.ws.app.manager.internal.ApplicationInstallInfo,class com.ibm.ws.app.manager.internal.ApplicationInstallInfo,[applications, app.manager],com.ibm.ws.app.manager.internal.resources.AppManagerMessages,null]"
  serialVersionUID = 5227817860647895780
  $$$tc$$$ = class com.ibm.websphere.ras.TraceComponent@730b93e7
    strings[0] = "TraceComponent[com.ibm.ws.container.service.app.deploy.internal.ApplicationInfoImpl,class com.ibm.ws.container.service.app.deploy.internal.ApplicationInfoImpl,[container.service],com.ibm.ws.container.service.resources.Messages,null]"

