------Start of DE processing------ = [4/5/21 22:56:15:625 EDT]
Exception = com.ibm.ws.container.service.state.StateChangeException
Source = com.ibm.ws.app.manager.module.internal.SimpleDeployedAppInfoBase
probeid = 548
Stack Dump = com.ibm.ws.container.service.state.StateChangeException: org.jboss.weld.exceptions.DeploymentException: WELD-001408: Unsatisfied dependencies for type ConcurrentHashMap<String, String> with qualifiers @Default
  at injection point [BackedAnnotatedField] @Inject com.FlightLogix.Repository.AuthenticationOperations.LoginManager.tokenRepository
  at com.FlightLogix.Repository.AuthenticationOperations.LoginManager.tokenRepository(LoginManager.java:0)

	at com.ibm.ws.container.service.state.internal.ApplicationStateManager.fireStarting(ApplicationStateManager.java:55)
	at com.ibm.ws.container.service.state.internal.StateChangeServiceImpl.fireApplicationStarting(StateChangeServiceImpl.java:50)
	at com.ibm.ws.app.manager.module.internal.SimpleDeployedAppInfoBase.preDeployApp(SimpleDeployedAppInfoBase.java:547)
	at com.ibm.ws.app.manager.module.internal.SimpleDeployedAppInfoBase.installApp(SimpleDeployedAppInfoBase.java:508)
	at com.ibm.ws.app.manager.module.internal.DeployedAppInfoBase.deployApp(DeployedAppInfoBase.java:349)
	at com.ibm.ws.app.manager.war.internal.WARApplicationHandlerImpl.install(WARApplicationHandlerImpl.java:65)
	at com.ibm.ws.app.manager.internal.statemachine.StartAction.execute(StartAction.java:149)
	at com.ibm.ws.app.manager.internal.statemachine.ApplicationStateMachineImpl.enterState(ApplicationStateMachineImpl.java:1352)
	at com.ibm.ws.app.manager.internal.statemachine.ApplicationStateMachineImpl.performAction(ApplicationStateMachineImpl.java:1217)
	at com.ibm.ws.app.manager.internal.statemachine.ApplicationStateMachineImpl.run(ApplicationStateMachineImpl.java:905)
	at com.ibm.ws.threading.internal.ExecutorServiceImpl$RunnableWrapper.run(ExecutorServiceImpl.java:238)
	at java.util.concurrent.ThreadPoolExecutor.runWorker(ThreadPoolExecutor.java:1149)
	at java.util.concurrent.ThreadPoolExecutor$Worker.run(ThreadPoolExecutor.java:624)
	at java.lang.Thread.run(Thread.java:748)
Caused by: org.jboss.weld.exceptions.DeploymentException: WELD-001408: Unsatisfied dependencies for type ConcurrentHashMap<String, String> with qualifiers @Default
  at injection point [BackedAnnotatedField] @Inject com.FlightLogix.Repository.AuthenticationOperations.LoginManager.tokenRepository
  at com.FlightLogix.Repository.AuthenticationOperations.LoginManager.tokenRepository(LoginManager.java:0)

	at org.jboss.weld.bootstrap.Validator.validateInjectionPointForDeploymentProblems(Validator.java:378)
	at org.jboss.weld.bootstrap.Validator.validateInjectionPoint(Validator.java:290)
	at org.jboss.weld.bootstrap.Validator.validateGeneralBean(Validator.java:143)
	at org.jboss.weld.bootstrap.Validator.validateRIBean(Validator.java:164)
	at org.jboss.weld.bootstrap.Validator.validateBean(Validator.java:526)
	at org.jboss.weld.bootstrap.ConcurrentValidator$1.doWork(ConcurrentValidator.java:64)
	at org.jboss.weld.bootstrap.ConcurrentValidator$1.doWork(ConcurrentValidator.java:62)
	at org.jboss.weld.executor.IterativeWorkerTaskFactory$1.call(IterativeWorkerTaskFactory.java:62)
	at org.jboss.weld.executor.IterativeWorkerTaskFactory$1.call(IterativeWorkerTaskFactory.java:55)
	at java.util.concurrent.FutureTask.run(FutureTask.java:266)
	... 3 more

Dump of callerThis
Object type = com.ibm.ws.app.manager.war.internal.WARDeployedAppInfo
  CONTEXT_ROOT = "context-root"
  webContainerModuleInfo = class com.ibm.ws.app.manager.module.internal.SimpleDeployedAppInfoBase$WebModuleContainerInfo@7fd4d41
    contextRoot = "/"
    defaultContextRoot = "FlightLogix"
    serialVersionUID = 4617657913043497664
    $$$tc$$$ = class com.ibm.websphere.ras.TraceComponent@7d521fa7
      strings[0] = "TraceComponent[com.ibm.ws.app.manager.module.internal.SimpleDeployedAppInfoBase$WebModuleContainerInfo,class com.ibm.ws.app.manager.module.internal.SimpleDeployedAppInfoBase$WebModuleContainerInfo,[applications, app.manager],null,null]"
    moduleHandler = class com.ibm.ws.app.manager.web.internal.WebModuleHandlerImpl@6cb37f4d
      serialVersionUID = 4795602325763828210
      $$$tc$$$ = class com.ibm.websphere.ras.TraceComponent@1825a896
      futureMonitor = class com.ibm.ws.threading.internal.FutureMonitorImpl@28c456a9
      metaDataService = class com.ibm.ws.container.service.metadata.internal.MetaDataServiceImpl@2ab08bf0
      stateChangeService = class com.ibm.ws.container.service.state.internal.StateChangeServiceImpl@665f1837
      moduleRuntimeContainer = class com.ibm.ws.webcontainer.osgi.WebContainer@48421fb6
      firstFailure = null
      serialVersionUID = -4563697739413190872
      $$$tc$$$ = class com.ibm.websphere.ras.TraceComponent@7152bb1c
    moduleMetaDataExtenders = class java.util.Collections$UnmodifiableRandomAccessList@35077adf
      serialVersionUID = -2542308836966382001
      serialVersionUID = -283967356065247728
      list = class java.util.concurrent.CopyOnWriteArrayList@303a5da6
      serialVersionUID = 1820017752578914078
      c = class java.util.concurrent.CopyOnWriteArrayList@303a5da6
    nestedModuleMetaDataFactories = class java.util.Collections$UnmodifiableRandomAccessList@73ce9fcb
      serialVersionUID = -2542308836966382001
      serialVersionUID = -283967356065247728
      list = class java.util.concurrent.CopyOnWriteArrayList@73e5b0ff
      serialVersionUID = 1820017752578914078
      c = class java.util.concurrent.CopyOnWriteArrayList@73e5b0ff
    nestedModules = null
    moduleName = "FlightLogix"
    moduleDD = class com.ibm.ws.javaee.ddmodel.web.common.WebAppType@597ccba2
      version = class com.ibm.ws.javaee.ddmodel.TokenType@665196ef
      metadata_complete = null
      module_name = null
      absolute_ordering = null
      serialVersionUID = 4092807504738198665
      $$$tc$$$ = class com.ibm.websphere.ras.TraceComponent@6e46cf29
      description = null
      display_name = class com.ibm.ws.javaee.ddmodel.common.DisplayNameType$ListType@32b4758f
      icon = null
      distributable = null
      context_param = null
      filter = null
      filter_mapping = null
      listener = null
      servlet = null
      servlet_mapping = null
      session_config = null
      mime_mapping = null
      welcome_file_list = class com.ibm.ws.javaee.ddmodel.web.common.WelcomeFileListType@1f3ff9f7
      error_page = null
      jsp_config = null
      security_constraint = null
      deny_uncovered_http_methods = null
      login_config = null
      security_role = null
      message_destination = null
      locale_encoding_mapping_list = null
      default_context_path = null
      request_encoding = null
      response_encoding = null
      servletNameToServletMap = null
      filterNameToFilterMap = null
      ejbRefNameToEJBLocalRefMap = null
      ejbRefNameToEJBRefMap = null
      resourceEnvRefNameToResourceEnvRefMap = null
      messageDestinationRefNameToMessageDestinationRefMap = null
      resRefNameToResourceRefMap = null
      envEntryNameToEnvEntryMap = null
      roleNameToSecurityRoleMap = null
      roleLinkToSecurityRoleRefMap = null
      handlerNameToHandlerMap = null
      path = "WEB-INF/web.xml"
      idMap = class com.ibm.ws.javaee.ddmodel.DDParser$ComponentIDMap@516c2a1c
      serialVersionUID = 5321339975883512588
      $$$tc$$$ = class com.ibm.websphere.ras.TraceComponent@4ff9ddec
      post_construct = null
      pre_destroy = null
      serialVersionUID = 1102064201943992836
      $$$tc$$$ = class com.ibm.websphere.ras.TraceComponent@2f4e8865
      env_entry = null
      ejb_ref = null
      ejb_local_ref = null
      resource_ref = null
      resource_env_ref = null
      message_destination_ref = null
      persistence_context_ref = null
      persistence_unit_ref = null
      data_source = null
      jms_connection_factory = null
      jms_destination = null
      mail_session = null
      connection_factory = null
      administered_object = null
      serialVersionUID = 8931982405528922228
      $$$tc$$$ = class com.ibm.websphere.ras.TraceComponent@6d215a50
      service_ref = null
      serialVersionUID = -6199862059825607270
      $$$tc$$$ = class com.ibm.websphere.ras.TraceComponent@1ef7fd3f
      nilled = false
      serialVersionUID = -2826386306561723362
      $$$tc$$$ = class com.ibm.websphere.ras.TraceComponent@52caf77
    moduleInfo = class com.ibm.ws.app.manager.module.internal.WebModuleInfoImpl@4f781519
      contextRoot = "/"
      isDefaultContextRootUsed = false
      defaultContextRoot = "FlightLogix"
      serialVersionUID = -6699247856069243844
      $$$tc$$$ = class com.ibm.websphere.ras.TraceComponent@2af223f0
      tc = class com.ibm.websphere.ras.TraceComponent@60fac747
      appInfo = class com.ibm.ws.container.service.app.deploy.internal.ApplicationInfoImpl@b207235
      moduleName = "FlightLogix"
      path = "FlightLogix.war"
      moduleContainer = class com.ibm.ws.adaptable.module.internal.AdaptableContainerImpl@6b1d6795
      altDDEntry = null
      moduleClassesContainers = class java.util.ArrayList@6047f985
      classLoaderFactory = class com.ibm.ws.app.manager.war.internal.WARDeployedAppInfo@75a21cc3
      containerInfoType = class com.ibm.ws.container.service.app.deploy.ContainerInfo$Type@6e98a70b
      classLoader = class com.ibm.ws.classloading.internal.AppClassLoader@47a31d65
      moduleMetaData = class com.ibm.ws.webcontainer.osgi.metadata.WebModuleMetaDataImpl@338dfbf3
      nestedModuleMetaDataTypes = null
      nestedModuleMetaDataValues = null
      serialVersionUID = 3986734351620206554
    serialVersionUID = 5122721995888983779
    $$$tc$$$ = class com.ibm.websphere.ras.TraceComponent@58944929
      strings[0] = "TraceComponent[com.ibm.ws.app.manager.module.internal.SimpleDeployedAppInfoBase$ModuleContainerInfoBase,class com.ibm.ws.app.manager.module.internal.SimpleDeployedAppInfoBase$ModuleContainerInfoBase,[applications, app.manager],null,null]"
    type = class com.ibm.ws.container.service.app.deploy.ContainerInfo$Type@6e98a70b
      MANIFEST_CLASSPATH = class com.ibm.ws.container.service.app.deploy.ContainerInfo$Type@2ea2841
      WEB_INF_CLASSES = class com.ibm.ws.container.service.app.deploy.ContainerInfo$Type@2cc4d86c
      WEB_INF_LIB = class com.ibm.ws.container.service.app.deploy.ContainerInfo$Type@48aa4f23
      EAR_LIB = class com.ibm.ws.container.service.app.deploy.ContainerInfo$Type@6f86a330
      WEB_MODULE = class com.ibm.ws.container.service.app.deploy.ContainerInfo$Type@6e98a70b
      EJB_MODULE = class com.ibm.ws.container.service.app.deploy.ContainerInfo$Type@3cfd36a1
      CLIENT_MODULE = class com.ibm.ws.container.service.app.deploy.ContainerInfo$Type@36708eea
      RAR_MODULE = class com.ibm.ws.container.service.app.deploy.ContainerInfo$Type@2cb91c50
      JAR_MODULE = class com.ibm.ws.container.service.app.deploy.ContainerInfo$Type@76fcb5d4
      SHARED_LIB = class com.ibm.ws.container.service.app.deploy.ContainerInfo$Type@2361cd94
      $VALUES = class com.ibm.ws.container.service.app.deploy.ContainerInfo$Type[10]
      name = "WEB_MODULE"
      ordinal = 4
    name = "FlightLogix.war"
    container = class com.ibm.ws.adaptable.module.internal.AdaptableContainerImpl@6b1d6795
    moduleClassLoaderFactory = class com.ibm.ws.app.manager.war.internal.WARDeployedAppInfo@75a21cc3
    altDDEntry = null
    classesContainerInfo = class java.util.ArrayList@6047f985
      serialVersionUID = 8683452581122892189
      DEFAULT_CAPACITY = 10
      EMPTY_ELEMENTDATA = class java.lang.Object[0]
      DEFAULTCAPACITY_EMPTY_ELEMENTDATA = class java.lang.Object[0]
      elementData = class java.lang.Object[15]
      size = 15
      MAX_ARRAY_SIZE = 2147483639
      modCount = 16
      MAX_ARRAY_SIZE = 2147483639
    serialVersionUID = 4636874131959542427
    $$$tc$$$ = class com.ibm.websphere.ras.TraceComponent@496256ad
      strings[0] = "TraceComponent[com.ibm.ws.app.manager.module.internal.SimpleDeployedAppInfoBase$ExtendedContainerInfo,class com.ibm.ws.app.manager.module.internal.SimpleDeployedAppInfoBase$ExtendedContainerInfo,[applications, app.manager],null,null]"
  DYNAMIC_IMPORT_PACKAGE_LIST = class java.util.Collections$UnmodifiableRandomAccessList@2f1911d5
    serialVersionUID = -2542308836966382001
    serialVersionUID = -283967356065247728
    list = class java.util.Arrays$ArrayList@5af03db4
      serialVersionUID = -2764017481108945198
      a = class java.lang.String[1]
      modCount = 0
      MAX_ARRAY_SIZE = 2147483639
    serialVersionUID = 1820017752578914078
    c = class java.util.Arrays$ArrayList@5af03db4
  serialVersionUID = 6176035338244935179
  $$$tc$$$ = class com.ibm.websphere.ras.TraceComponent@375fde58
    strings[0] = "TraceComponent[com.ibm.ws.app.manager.war.internal.WARDeployedAppInfo,class com.ibm.ws.app.manager.war.internal.WARDeployedAppInfo,[webcontainer, applications, app.manager],com.ibm.ws.app.manager.war.internal.resources.Messages,null]"
  _tc = class com.ibm.websphere.ras.TraceComponent@43699e75
    strings[0] = "TraceComponent[com.ibm.ws.app.manager.module.internal.DeployedAppInfoBase,class com.ibm.ws.app.manager.module.internal.DeployedAppInfoBase,[app.manager],com.ibm.ws.app.manager.module.internal.resources.Messages,null]"
  PERMISSION_XML = "permissions.xml"
  applicationInformation = class com.ibm.ws.app.manager.internal.ApplicationInstallInfo@1fab4f3a
    _config = class com.ibm.ws.app.manager.internal.ApplicationConfig@6317173a
      tc = class com.ibm.websphere.ras.TraceComponent@6ac1946a
      _configPid = "com.ibm.ws.app.manager_19"
      _config = class com.ibm.ws.config.admin.ConfigurationDictionary@1e1ce830
      _applicationManager = class com.ibm.ws.app.manager.ApplicationManager@119d5967
      _location = "FlightLogix.war"
      _type = "war"
      _name = "FlightLogix"
      _notificationBroadcasterSupport = class javax.management.NotificationBroadcasterSupport@560495b5
      ONE_TIME_JANDEX_MSGS_DISPLAYED = true
      serialVersionUID = -2151423388299667431
    _handlerInfo = class java.util.concurrent.atomic.AtomicReference@20cd0884
      serialVersionUID = -1848883965231344442
      unsafe = class sun.misc.Unsafe@3110917a
      valueOffset = 12
      value = class com.ibm.ws.app.manager.war.internal.WARDeployedAppInfo@75a21cc3
    _container = class java.util.concurrent.atomic.AtomicReference@74b17c8e
      serialVersionUID = -1848883965231344442
      unsafe = class sun.misc.Unsafe@3110917a
      valueOffset = 12
      value = class com.ibm.ws.adaptable.module.internal.AdaptableContainerImpl@6b1d6795
    _resolvedLocation = class java.util.concurrent.atomic.AtomicReference@31263fbd
      serialVersionUID = -1848883965231344442
      unsafe = class sun.misc.Unsafe@3110917a
      valueOffset = 12
      value = class com.ibm.ws.kernel.service.location.internal.LocalFileResource@1ca7ac63
    _handler = class com.ibm.ws.app.manager.war.internal.WARApplicationHandlerImpl@6a535064
      futureMonitor = class com.ibm.ws.threading.internal.FutureMonitorImpl@28c456a9
      deployedAppFactory = class com.ibm.ws.app.manager.war.internal.WARDeployedAppInfoFactoryImpl@23af9dd4
      serialVersionUID = 4622845147410944782
      $$$tc$$$ = class com.ibm.websphere.ras.TraceComponent@31750fb3
    _ami = class java.util.concurrent.atomic.AtomicReference@2292ec82
      serialVersionUID = -1848883965231344442
      unsafe = class sun.misc.Unsafe@3110917a
      valueOffset = 12
      value = class com.ibm.wsspi.application.handler.DefaultApplicationMonitoringInformation@515fcf7d
    _updateHandler = class com.ibm.ws.app.manager.internal.statemachine.ApplicationStateMachineImpl@5d38a152
      _tc = class com.ibm.websphere.ras.TraceComponent@c088a38
      EMPTY_FUTURE_ARRAY = interface java.util.concurrent.Future[0]
      asmSequenceNumber = class java.util.concurrent.atomic.AtomicLong@6d2d9f9c
      _qscaCounter = class java.util.concurrent.atomic.AtomicInteger@3dc32e39
      _failedThrowable = null
      _interruptibleLock = class com.ibm.ws.app.manager.internal.statemachine.ApplicationStateMachineImpl$2@118865fc
      _interruptible = false
      _performingQueuedActions = true
      _queuedActions = class java.util.concurrent.ConcurrentLinkedQueue@7429270a
      _callbackState = class java.util.concurrent.atomic.AtomicReference@7579976c
      blockAppStartingFutures = class java.util.Collections$SetFromMap@51efcd1c
      waitingForAppHandlerFuture = class java.util.concurrent.atomic.AtomicReference@31ae558
      waitingForExplicitStartFuture = class java.util.concurrent.atomic.AtomicReference@3eb68346
      startAfterFutures = class java.util.Collections$SetFromMap@7cda10b
      completionListener = class java.util.concurrent.atomic.AtomicReference@28650bc3
      _notifyAppStopped = class java.util.concurrent.ConcurrentLinkedQueue@7c811bb2
      _notifyAppStarting = class java.util.concurrent.ConcurrentLinkedQueue@76271bd7
      _notifyAppInstallCalled = class java.util.concurrent.ConcurrentLinkedQueue@1c8839e1
      _notifyAppStarted = class java.util.concurrent.ConcurrentLinkedQueue@1cb302a0
      _notifyAppRemoved = class java.util.concurrent.ConcurrentLinkedQueue@681bc60f
      _stateLock = class com.ibm.ws.app.manager.internal.statemachine.ApplicationStateMachineImpl$3@262c9178
      _internalState = class java.util.concurrent.atomic.AtomicReference@7bb6f36d
      _currentAction = class java.util.concurrent.atomic.AtomicReference@7f1458b9
      _rfa = class java.util.concurrent.atomic.AtomicReference@4989c2ea
      _appInstallInfo = class java.util.concurrent.atomic.AtomicReference@bec2df2
      _update = class java.util.concurrent.atomic.AtomicBoolean@470d9a79
      _appConfig = class java.util.concurrent.atomic.AtomicReference@1a01c3b1
      _nextAppConfig = class java.util.concurrent.atomic.AtomicReference@1d18cc89
      _appContainer = class java.util.concurrent.atomic.AtomicReference@77f1e165
      _resolvedLocation = class java.util.concurrent.atomic.AtomicReference@5c8473b0
      _handler = class java.util.concurrent.atomic.AtomicReference@488c2fda
      _asmSeqNo = 0
      _ctx = class org.eclipse.osgi.internal.framework.BundleContextImpl@182fc6c6
      _locAdmin = class com.ibm.ws.kernel.service.location.internal.WsLocationAdminImpl@13abdec6
      _futureMonitor = class com.ibm.ws.threading.internal.FutureMonitorImpl@28c456a9
      _artifactFactory = class com.ibm.ws.artifact.internal.ArtifactContainerFactoryService@63c5a8d7
      _moduleFactory = class com.ibm.ws.adaptable.module.internal.AdaptableModuleFactoryImpl@235c21b6
      _executorService = class com.ibm.ws.threading.internal.ExecutorServiceImpl@592cdf72
      _scheduledExecutorService = class com.ibm.ws.threading.internal.ScheduledExecutorImpl@46da8d4b
      _asmHelper = class com.ibm.ws.app.manager.internal.ApplicationConfigurator$NamedApplication@5c218f35
      _appMonitor = class com.ibm.ws.app.manager.internal.monitor.ApplicationMonitor@6b29ef1f
      enterStateCalled = class java.util.concurrent.atomic.AtomicBoolean@144f0839
      serialVersionUID = 7990273947104993494
      serialVersionUID = 300267208965883056
      $$$tc$$$ = class com.ibm.websphere.ras.TraceComponent@6f6cd30d
    serialVersionUID = 2630639237123415755
    $$$tc$$$ = class com.ibm.websphere.ras.TraceComponent@6d6ecc2f
      strings[0] = "TraceComponent[com.ibm.ws.app.manager.internal.ApplicationInstallInfo,class com.ibm.ws.app.manager.internal.ApplicationInstallInfo,[applications, app.manager],com.ibm.ws.app.manager.internal.resources.AppManagerMessages,null]"
  location = "C:\Users\felix\Desktop\FlightLogix\FlightLogix\target\liberty\wlp\usr\servers\defaultServer\apps\FlightLogix.war.xml"
  classLoadingService = class com.ibm.ws.classloading.internal.ClassLoadingServiceImpl@309d44f7
    tc = class com.ibm.websphere.ras.TraceComponent@7d69ccc8
      strings[0] = "TraceComponent[com.ibm.ws.classloading.internal.ClassLoadingServiceImpl,class com.ibm.ws.classloading.internal.ClassLoadingServiceImpl,[ClassLoadingService],com.ibm.ws.classloading.internal.resources.ClassLoadingServiceMessages,null]"
    leakDetectionMap = class java.util.HashMap@253c275b
      serialVersionUID = 362498820763181265
      DEFAULT_INITIAL_CAPACITY = 16
      MAXIMUM_CAPACITY = 1073741824
      DEFAULT_LOAD_FACTOR = 0.75
      TREEIFY_THRESHOLD = 8
      UNTREEIFY_THRESHOLD = 6
      MIN_TREEIFY_CAPACITY = 64
      table = null
      entrySet = null
      size = 0
      modCount = 0
      threshold = 0
      loadFactor = 0.75
      keySet = null
      values = null
    appClassLoaders = class java.util.Collections$SetFromMap@5737c9dd
      m = class java.util.WeakHashMap@32e088ee
      s = class java.util.WeakHashMap$KeySet@26c6864
      serialVersionUID = 2454657854757543876
      MAX_ARRAY_SIZE = 2147483639
    TCCL_LOCK_WAIT = 15000
    REFERENCE_GENERATORS = "generators"
    bundleContext = class org.eclipse.osgi.internal.framework.BundleContextImpl@1e31d174
      findHookName = "org.osgi.framework.hooks.bundle.FindHook"
      valid = true
      bundle = class org.eclipse.osgi.internal.framework.EquinoxBundle@194c2c7d
      container = class org.eclipse.osgi.internal.framework.EquinoxContainer@6091603a
      debug = class org.eclipse.osgi.internal.debug.Debug@6a53b50b
      servicesInUse = class java.util.HashMap@e14bcb7
      activator = null
      contextLock = class java.lang.Object@3065118b
    aclStore = class com.ibm.ws.classloading.internal.util.CanonicalStore@45627fbc
      map = class java.util.concurrent.ConcurrentHashMap@1b5047bd
      q = class com.ibm.ws.classloading.internal.util.RefQueue@593c2e5e
      serialVersionUID = 6715157558227169968
      $$$tc$$$ = class com.ibm.websphere.ras.TraceComponent@5258e111
    tcclStore = class com.ibm.ws.classloading.internal.util.CanonicalStore@46c7f007
      map = class java.util.concurrent.ConcurrentHashMap@4b0ae06a
      q = class com.ibm.ws.classloading.internal.util.RefQueue@7a69cba7
      serialVersionUID = 6715157558227169968
      $$$tc$$$ = class com.ibm.websphere.ras.TraceComponent@5258e111
    tcclStoreLock = class java.util.concurrent.locks.ReentrantLock@205017b
      serialVersionUID = 7373984872572414699
      sync = class java.util.concurrent.locks.ReentrantLock$NonfairSync@447e010f
    digraph = class org.eclipse.equinox.internal.region.StandardRegionDigraph@6b1549c7
      EMPTY_EDGE_SET = class java.util.Collections$UnmodifiableSet@2a02284e
      monitor = class java.lang.Object@2f291bbc
      regions = class java.util.HashMap@18f56d42
      bundleIdToRegionMapping = class org.eclipse.equinox.internal.region.StandardBundleIdToRegionMapping@38ea6f4
      edges = class java.util.HashMap@3875be93
      bundleContext = class org.eclipse.osgi.internal.framework.BundleContextImpl@60975100
      threadLocal = class java.lang.ThreadLocal@5fe6a6da
      subgraphTraverser = class org.eclipse.equinox.internal.region.SubgraphTraverser@6cca5f19
      bundleCollisionHook = class org.eclipse.equinox.internal.region.hook.RegionBundleCollisionHook@1a05ed72
      bundleEventHook = class org.eclipse.equinox.internal.region.hook.RegionBundleEventHook@f914987
      bundleFindHook = class org.eclipse.equinox.internal.region.hook.RegionBundleFindHook@65abeed9
      serviceEventHook = class org.eclipse.equinox.internal.region.hook.RegionServiceEventHook@5ba757e2
      serviceFindHook = class org.eclipse.equinox.internal.region.hook.RegionServiceFindHook@6efc5f99
      resolverHookFactory = class org.eclipse.equinox.internal.region.hook.RegionResolverHookFactory@6ba4eeb0
      origin = null
      originUpdateCount = -1
      updateCount = class java.util.concurrent.atomic.AtomicLong@51c3183b
      defaultRegion = null
    redefiner = class com.ibm.ws.classloading.internal.util.ClassRedefiner@308f86c5
      tc = class com.ibm.websphere.ras.TraceComponent@41bb570c
      LS = "
"
      inst = class com.sun.proxy.$Proxy0@2c0299b2
      serialVersionUID = 2420101865139508526
    listener = class com.ibm.ws.classloading.internal.ClassLoadingServiceImpl$1@3ddc5486
      this$0 = class com.ibm.ws.classloading.internal.ClassLoadingServiceImpl@309d44f7
      serialVersionUID = -9159707349812113172
      $$$tc$$$ = class com.ibm.websphere.ras.TraceComponent@10fd5808
    classloaders = class java.util.Collections$SynchronizedMap@44e2ccf2
      serialVersionUID = 1978198479659022715
      m = class java.util.HashMap@64539cfe
      mutex = class java.util.Collections$SynchronizedMap@44e2ccf2
      keySet = null
      entrySet = null
      values = null
    resourceProviders = class com.ibm.ws.classloading.internal.CompositeResourceProvider@6e4603cc
      lockFactory = class java.util.concurrent.locks.ReentrantReadWriteLock@304911df
      providerMap = class com.ibm.ws.classloading.internal.util.MultiMap@48b08a0
      serialVersionUID = -5576435894946156347
      $$$tc$$$ = class com.ibm.websphere.ras.TraceComponent@15a18eb4
    rememberedBundles = class java.util.concurrent.ConcurrentHashMap@2f5c24b2
      serialVersionUID = 7249069246763182397
      MAXIMUM_CAPACITY = 1073741824
      DEFAULT_CAPACITY = 16
      MAX_ARRAY_SIZE = 2147483639
      DEFAULT_CONCURRENCY_LEVEL = 16
      LOAD_FACTOR = 0.75
      TREEIFY_THRESHOLD = 8
      UNTREEIFY_THRESHOLD = 6
      MIN_TREEIFY_CAPACITY = 64
      MIN_TRANSFER_STRIDE = 16
      RESIZE_STAMP_BITS = 16
      MAX_RESIZERS = 65535
      RESIZE_STAMP_SHIFT = 16
      MOVED = -1
      TREEBIN = -2
      RESERVED = -3
      HASH_BITS = 2147483647
      NCPU = 8
      serialPersistentFields = class java.io.ObjectStreamField[3]
      table = class java.util.concurrent.ConcurrentHashMap$Node[16]
      nextTable = null
      baseCount = 2
      sizeCtl = 12
      transferIndex = 0
      cellsBusy = 0
      counterCells = null
      keySet = null
      values = null
      entrySet = null
      U = class sun.misc.Unsafe@3110917a
      SIZECTL = 20
      TRANSFERINDEX = 32
      BASECOUNT = 24
      CELLSBUSY = 36
      CELLVALUE = 144
      ABASE = 16
      ASHIFT = 2
      keySet = null
      values = null
    collectedBundles = class java.lang.ref.ReferenceQueue@707b3dbb
      NULL = class java.lang.ref.ReferenceQueue$Null@53ace356
      ENQUEUED = class java.lang.ref.ReferenceQueue$Null@4ff21ea0
      lock = class java.lang.ref.ReferenceQueue$Lock@51009345
      head = null
      queueLength = 0
      $assertionsDisabled = true
    generatorRefs = class com.ibm.wsspi.kernel.service.utils.ConcurrentServiceReferenceSet@222cea1a
      referenceName = "generators"
      contextRef = class java.util.concurrent.atomic.AtomicReference@3598cb9b
      elementMap = class java.util.LinkedHashMap@72210a45
      elementSet = class java.util.concurrent.ConcurrentSkipListSet@718e96c0
      elementSetUnsorted = false
      serialVersionUID = 756240983881166148
      $$$tc$$$ = class com.ibm.websphere.ras.TraceComponent@3e341fc
    generatorManager = class com.ibm.ws.classloading.internal.ClassGeneratorManager@3fee80d
      tc = class com.ibm.websphere.ras.TraceComponent@77b5598a
      generatorRefs = class com.ibm.wsspi.kernel.service.utils.ConcurrentServiceReferenceSet@222cea1a
      serialVersionUID = 4152663586056483310
    appExtLibs = class java.util.concurrent.CopyOnWriteArrayList@7c2ac5f0
      serialVersionUID = 8673264195747942595
      lock = class java.util.concurrent.locks.ReentrantLock@35befb74
      array = class java.lang.Object[0]
      UNSAFE = class sun.misc.Unsafe@3110917a
      lockOffset = 12
    globalConfig = class com.ibm.ws.classloading.configuration.GlobalClassloadingConfiguration@329d1773
      properties = class org.apache.felix.scr.impl.helper.ReadOnlyDictionary@5bd3ea3c
      serialVersionUID = 452562347104713756
      $$$tc$$$ = class com.ibm.websphere.ras.TraceComponent@713b92c8
    metaInfServicesProviders = class java.util.concurrent.ConcurrentHashMap@1ba2627e
      serialVersionUID = 7249069246763182397
      MAXIMUM_CAPACITY = 1073741824
      DEFAULT_CAPACITY = 16
      MAX_ARRAY_SIZE = 2147483639
      DEFAULT_CONCURRENCY_LEVEL = 16
      LOAD_FACTOR = 0.75
      TREEIFY_THRESHOLD = 8
      UNTREEIFY_THRESHOLD = 6
      MIN_TREEIFY_CAPACITY = 64
      MIN_TRANSFER_STRIDE = 16
      RESIZE_STAMP_BITS = 16
      MAX_RESIZERS = 65535
      RESIZE_STAMP_SHIFT = 16
      MOVED = -1
      TREEBIN = -2
      RESERVED = -3
      HASH_BITS = 2147483647
      NCPU = 8
      serialPersistentFields = class java.io.ObjectStreamField[3]
      table = null
      nextTable = null
      baseCount = 0
      sizeCtl = 0
      transferIndex = 0
      cellsBusy = 0
      counterCells = null
      keySet = null
      values = null
      entrySet = null
      U = class sun.misc.Unsafe@3110917a
      SIZECTL = 20
      TRANSFERINDEX = 32
      BASECOUNT = 24
      CELLSBUSY = 36
      CELLVALUE = 144
      ABASE = 16
      ASHIFT = 2
      keySet = null
      values = null
    metaInfServicesRefs = class com.ibm.wsspi.kernel.service.utils.ConcurrentServiceReferenceMap@5e1b372a
      referenceName = "MetaInfServicesProvider"
      context = class org.apache.felix.scr.impl.manager.ComponentContextImpl@67b40944
      elementMap = class java.util.concurrent.ConcurrentHashMap@591b56ef
      serialVersionUID = 6980924785166233786
      $$$tc$$$ = class com.ibm.websphere.ras.TraceComponent@1d8f707
    protectionDomainMap = class java.util.HashMap@74b47c5c
      serialVersionUID = 362498820763181265
      DEFAULT_INITIAL_CAPACITY = 16
      MAXIMUM_CAPACITY = 1073741824
      DEFAULT_LOAD_FACTOR = 0.75
      TREEIFY_THRESHOLD = 8
      UNTREEIFY_THRESHOLD = 6
      MIN_TREEIFY_CAPACITY = 64
      table = class java.util.HashMap$Node[16]
      entrySet = null
      size = 1
      modCount = 1
      threshold = 12
      loadFactor = 0.75
      keySet = class java.util.HashMap$KeySet@52702316
      values = null
    metadataIdentifierService = class com.ibm.ws.container.service.metadata.internal.MetaDataServiceImpl@2ab08bf0
    globalSharedLibrary = class java.util.concurrent.atomic.AtomicReference@2e48cb36
      serialVersionUID = -1848883965231344442
      unsafe = class sun.misc.Unsafe@3110917a
      valueOffset = 12
      value = null
    serialVersionUID = 4365026902615131286
  globalSharedLibrary = class com.ibm.ws.library.internal.SharedLibraryImpl@391e0ea7
    tc = class com.ibm.websphere.ras.TraceComponent@519f7628
      strings[0] = "TraceComponent[com.ibm.ws.library.internal.SharedLibraryImpl,class com.ibm.ws.library.internal.SharedLibraryImpl,[SharedLibrary],com.ibm.ws.classloading.internal.resources.ClassLoadingServiceMessages,null]"
    EMPTY_LIBRARY_LISTENERS = interface com.ibm.wsspi.library.LibraryChangeListener[0]
    deleted = false
    libraryListenersTracker = class org.osgi.util.tracker.ServiceTracker@456d7d92
      DEBUG = false
      context = class org.eclipse.osgi.internal.framework.BundleContextImpl@1e31d174
      filter = class org.eclipse.osgi.internal.framework.FilterImpl$And@228388c7
      customizer = class org.osgi.util.tracker.ServiceTracker@456d7d92
      listenerFilter = "(&(objectClass=com.ibm.wsspi.library.LibraryChangeListener)(|(library=global)(libraryRef=*com.ibm.ws.classloading.sharedlibrary_16*)))"
      trackClass = null
      trackReference = null
      tracked = class org.osgi.util.tracker.ServiceTracker$Tracked@a753d4d
      cachedReference = null
      cachedService = null
    libraryReg = class org.eclipse.osgi.internal.serviceregistry.ServiceRegistrationImpl@30ec9c1d
      registry = class org.eclipse.osgi.internal.serviceregistry.ServiceRegistry@6dc2ae50
      context = class org.eclipse.osgi.internal.framework.BundleContextImpl@1e31d174
      bundle = class org.eclipse.osgi.internal.framework.EquinoxBundle@194c2c7d
      clazzes = class java.lang.String[1]
      service = class com.ibm.ws.library.internal.SharedLibraryImpl@391e0ea7
      reference = class org.eclipse.osgi.internal.serviceregistry.ServiceReferenceImpl@44a908d1
      contextsUsing = class java.util.ArrayList@6f9872
      properties = class java.util.Collections$UnmodifiableMap@78a71601
      serviceid = 293
      serviceranking = 0
      registrationLock = class java.lang.Object@12674735
      state = 0
      REGISTERED = 0
      UNREGISTERING = 1
      UNREGISTERED = 2
      FRAMEWORK_SET_SERVICE_PROPERTIES_COUNT = 4
      $assertionsDisabled = true
    ctx = class org.eclipse.osgi.internal.framework.BundleContextImpl@1e31d174
    classLoadingService = class com.ibm.ws.classloading.internal.ClassLoadingServiceImpl@309d44f7
    configAdmin = class com.ibm.ws.config.admin.internal.ConfigurationAdminImpl@3eedab3c
      tc = class com.ibm.websphere.ras.TraceComponent@27b7271f
      bundle = class org.eclipse.osgi.internal.framework.EquinoxBundle@194c2c7d
      caFactory = class com.ibm.ws.config.admin.internal.ConfigAdminServiceFactory@3cf957d1
      serialVersionUID = -2875522750804142523
    resolvedBasePath = "C:/Users/felix/Desktop/FlightLogix/FlightLogix/target/liberty/wlp/usr/servers/defaultServer/"
    generationLock = class com.ibm.ws.library.internal.SharedLibraryImpl$1@a7e8f9e
      this$0 = class com.ibm.ws.library.internal.SharedLibraryImpl@391e0ea7
      serialVersionUID = 2483639803450672373
      $$$tc$$$ = class com.ibm.websphere.ras.TraceComponent@55391a2
    currentGeneration = class com.ibm.ws.library.internal.LibraryGeneration@25c6d41f
      tc = class com.ibm.websphere.ras.TraceComponent@d8605b3
      nextInt = class java.util.concurrent.atomic.AtomicInteger@3c36ccaf
      libraryId = "global"
      genId = 0
      libraryProps = class java.util.Hashtable@70ab74f7
      filesetRefs = class java.util.Collections$UnmodifiableRandomAccessList@3960b819
      apiTypeVisibility = class java.util.RegularEnumSet@5b5515fe
      files = class java.util.Collections$EmptyList@2700847e
      folders = class java.util.ArrayList@518cf98f
      fileAndFolderContainers = class java.util.Collections$EmptyList@2700847e
      filesets = class java.util.concurrent.ArrayBlockingQueue@7aab2385
      filesetListenerRegs = class java.util.concurrent.ConcurrentLinkedQueue@46b7ecb9
      cancelled = false
      library = class com.ibm.ws.library.internal.SharedLibraryImpl@391e0ea7
      serialVersionUID = 6965220007121905717
    nextGeneration = class com.ibm.ws.library.internal.LibraryGeneration@25c6d41f
    artifactContainerFactory = class com.ibm.ws.library.internal.SharedLibraryFactory$1@be9acd8
      this$0 = class com.ibm.ws.library.internal.SharedLibraryFactory@41e65185
      serialVersionUID = 7730244564205089330
      $$$tc$$$ = class com.ibm.websphere.ras.TraceComponent@639f57ed
    packageExporter = class com.ibm.ws.library.internal.LibraryPackageExporter@580e52d2
      EXPORTER_POSTFIX = "_library_exporter"
      REGION_EXPORT_TO_LIBERTY = "liberty.library.export.to.liberty"
      REGION_EXPORT_TO_OSGI_APPS = "liberty.library.export.to.osgi.app"
      REGION_KERNEL = "org.eclipse.equinox.region.kernel"
      counter = class java.util.concurrent.atomic.AtomicLong@3482ccd
      context = class org.eclipse.osgi.internal.framework.BundleContextImpl@1e31d174
      digraph = class org.eclipse.equinox.internal.region.StandardRegionDigraph@6b1549c7
      bundleToLibrary = class java.util.concurrent.ConcurrentHashMap@205c902a
      libraryToVisibility = class java.util.concurrent.ConcurrentHashMap@597772bc
      serialVersionUID = 8074378969667956573
      $$$tc$$$ = class com.ibm.websphere.ras.TraceComponent@6ceab409
    serialVersionUID = 6288237618632180389
  sharedLibDeploymentInfo = class com.ibm.ws.app.manager.module.internal.DeployedAppInfoBase$SharedLibDeploymentInfo@7ad67209
    locAdmin = class com.ibm.ws.kernel.service.location.internal.WsLocationAdminImpl@13abdec6
    artifactFactory = class com.ibm.ws.artifact.internal.ArtifactContainerFactoryService@63c5a8d7
    moduleFactory = class com.ibm.ws.adaptable.module.internal.AdaptableModuleFactoryImpl@235c21b6
    classesContainerInfo = class java.util.ArrayList@58eef416
      serialVersionUID = 8683452581122892189
      DEFAULT_CAPACITY = 10
      EMPTY_ELEMENTDATA = class java.lang.Object[0]
      DEFAULTCAPACITY_EMPTY_ELEMENTDATA = class java.lang.Object[0]
      elementData = class java.lang.Object[0]
      size = 0
      MAX_ARRAY_SIZE = 2147483639
      modCount = 0
      MAX_ARRAY_SIZE = 2147483639
    serialVersionUID = 5154735746662585226
    $$$tc$$$ = class com.ibm.websphere.ras.TraceComponent@7bc978ce
      strings[0] = "TraceComponent[com.ibm.ws.app.manager.module.internal.DeployedAppInfoBase$SharedLibDeploymentInfo,class com.ibm.ws.app.manager.module.internal.DeployedAppInfoBase$SharedLibDeploymentInfo,[applications, app.manager],null,null]"
  configAdmin = class com.ibm.ws.config.admin.internal.ConfigurationAdminImpl@1c7b6c35
    tc = class com.ibm.websphere.ras.TraceComponent@27b7271f
      strings[0] = "TraceComponent[com.ibm.ws.config.admin.internal.ConfigurationAdminImpl,class com.ibm.ws.config.admin.internal.ConfigurationAdminImpl,[config],com.ibm.ws.config.internal.resources.ConfigMessages,null]"
    bundle = class org.eclipse.osgi.internal.framework.EquinoxBundle@68df1ff9
      equinoxContainer = class org.eclipse.osgi.internal.framework.EquinoxContainer@6091603a
      module = class org.eclipse.osgi.internal.framework.EquinoxBundle$EquinoxModule@79faaa41
      monitor = class java.lang.Object@3fd710a5
      context = class org.eclipse.osgi.internal.framework.BundleContextImpl@69c5c349
      signerInfos = null
      $SWITCH_TABLE$org$eclipse$osgi$container$Module$State = {1,2,3,4,5,6,7} /* array length = 7 */
    caFactory = class com.ibm.ws.config.admin.internal.ConfigAdminServiceFactory@3cf957d1
      tc = class com.ibm.websphere.ras.TraceComponent@324147c4
      configurationPermission = class org.osgi.service.cm.ConfigurationPermission@21075649
      INDEX_DICTIONARY = 0
      INDEX_LOCATION = 1
      INDEX_METATYPE_PROCESSED = 2
      INDEX_IN_OVERRIDES_FILE = 3
      INDEX_REFERENCES = 4
      INDEX_UNIQUES = 5
      bundleContext = class org.eclipse.osgi.internal.framework.BundleContextImpl@5b1bf72a
      msTracker = class com.ibm.ws.config.admin.internal.ManagedServiceTracker@d03488a
      msfTracker = class com.ibm.ws.config.admin.internal.ManagedServiceFactoryTracker@ad623b7
      pluginManager = class com.ibm.ws.config.admin.internal.PluginManager@4a9babb3
      configurationStore = class com.ibm.ws.config.admin.internal.ConfigurationStore@51b509b7
      updateQueue = class com.ibm.ws.config.admin.internal.UpdateQueue@46e54c13
      ced = class com.ibm.ws.config.admin.internal.ConfigEventDispatcher@7d1504e3
      idMap = class java.util.Collections$SynchronizedMap@6a44eec1
      referenceMap = class java.util.Collections$SynchronizedMap@13c5aa8f
      variableRegistryTracker = class org.osgi.util.tracker.ServiceTracker@7facf930
      variableRegistry = class com.ibm.ws.kernel.service.location.internal.VariableRegistryHelper@2acbc83a
      configurationAdminRef = class org.eclipse.osgi.internal.serviceregistry.ServiceRegistrationImpl@3a491002
      serialVersionUID = 6695202270027014725
    serialVersionUID = -2875522750804142523
  libraryConfigHelper = class com.ibm.ws.classloading.ClassLoaderConfigHelper@7b0b41d6
    tc = class com.ibm.websphere.ras.TraceComponent@5f41d77c
      strings[0] = "TraceComponent[com.ibm.ws.classloading.ClassLoaderConfigHelper,class com.ibm.ws.classloading.ClassLoaderConfigHelper,[ClassLoadingService],com.ibm.ws.classloading.internal.resources.ClassLoadingServiceMessages,null]"
    DEFAULT_API_TYPES = class java.util.RegularEnumSet@67700281
      serialVersionUID = 3411599620347842686
      elements = 23
      elementType = class java.lang.Class@62f533b4
      universe = class com.ibm.wsspi.classloading.ApiType[5]
      ZERO_LENGTH_ENUM_ARRAY = class java.lang.Enum[0]
      MAX_ARRAY_SIZE = 2147483639
    sharedLibraries = class java.util.Collections$EmptyList@2700847e
      serialVersionUID = 8842843931221139166
      modCount = 0
      MAX_ARRAY_SIZE = 2147483639
    commonLibraries = class java.util.Collections$EmptyList@2700847e
    classProviders = class java.util.Collections$EmptyList@2700847e
    sharedLibrariesPids = null
    commonLibrariesPids = null
    isDelegateLast = false
    apiTypes = class java.util.RegularEnumSet@67700281
    classLoaderConfigProps = null
    serialVersionUID = 7643888529935916418
  isDelegateLast = false
  permissionManager = class com.ibm.ws.classloading.java2sec.PermissionManager@32290326
    tc = class com.ibm.websphere.ras.TraceComponent@3cc336e0
      strings[0] = "TraceComponent[com.ibm.ws.classloading.java2sec.PermissionManager,class com.ibm.ws.classloading.java2sec.PermissionManager,[Java2SecurityUtil],com.ibm.ws.classloading.internal.resources.Java2SecurityUtilMessages,null]"
    bundleContext = class org.eclipse.osgi.internal.framework.BundleContextImpl@1e31d174
    classLoadingService = class com.ibm.ws.classloading.internal.ClassLoadingServiceImpl@309d44f7
    DEFAULT_SERVER_RESTRICTABLE_PERMISSIONS = class java.security.Permission[4]
      Permission[0] = class java.lang.RuntimePermission@5196ac0a
      Permission[1] = class java.lang.RuntimePermission@d046090
      Permission[2] = class java.security.SecurityPermission@30cf0df
      Permission[3] = class javax.security.auth.AuthPermission@66f82e68
    DEFAULT_CLIENT_RESTRICTABLE_PERMISSIONS = class java.security.Permission[3]
      Permission[0] = class java.lang.RuntimePermission@435025b4
      Permission[1] = class java.security.SecurityPermission@26abf9
      Permission[2] = class javax.security.auth.AuthPermission@2bfc5e4e
    isServer = true
    wsjarUrlStreamHandlerAvailable = true
    restrictablePermissions = class java.util.ArrayList@194cb233
      serialVersionUID = 8683452581122892189
      DEFAULT_CAPACITY = 10
      EMPTY_ELEMENTDATA = class java.lang.Object[0]
      DEFAULTCAPACITY_EMPTY_ELEMENTDATA = class java.lang.Object[0]
      elementData = class java.lang.Object[10]
      size = 4
      MAX_ARRAY_SIZE = 2147483639
      modCount = 4
      MAX_ARRAY_SIZE = 2147483639
    javaAllCodeBasePermissions = class java.util.ArrayList@b2f6d09
      serialVersionUID = 8683452581122892189
      DEFAULT_CAPACITY = 10
      EMPTY_ELEMENTDATA = class java.lang.Object[0]
      DEFAULTCAPACITY_EMPTY_ELEMENTDATA = class java.lang.Object[0]
      elementData = class java.lang.Object[22]
      size = 21
      MAX_ARRAY_SIZE = 2147483639
      modCount = 21
      MAX_ARRAY_SIZE = 2147483639
    expandProps = true
    grantedPermissions = class java.util.ArrayList@63b3db1c
      serialVersionUID = 8683452581122892189
      DEFAULT_CAPACITY = 10
      EMPTY_ELEMENTDATA = class java.lang.Object[0]
      DEFAULTCAPACITY_EMPTY_ELEMENTDATA = class java.lang.Object[0]
      elementData = class java.lang.Object[0]
      size = 0
      MAX_ARRAY_SIZE = 2147483639
      modCount = 0
      MAX_ARRAY_SIZE = 2147483639
    KEY_PERMISSION = "permission"
    INCORRECT_PERMISSION_CONFIGURATION = "INCORRECT_PERMISSION_CONFIGURATION"
    PERMISSION_CLASSNOTFOUND = "PERMISSION_CLASSNOTFOUND"
    SERVER_XML = "server.xml"
    CLIENT_XML = "client.xml"
    JAVA_POLICY = "java.policy"
    os_name = "Windows 10"
    os_version = "10.0"
    originationFile = "server.xml"
    permissions = class com.ibm.wsspi.kernel.service.utils.ConcurrentServiceReferenceSet@47c08f07
      referenceName = "permission"
      contextRef = class java.util.concurrent.atomic.AtomicReference@7f6f583a
      elementMap = class java.util.LinkedHashMap@4bef8083
      elementSet = class java.util.concurrent.ConcurrentSkipListSet@1e20a800
      elementSetUnsorted = false
      serialVersionUID = 756240983881166148
      $$$tc$$$ = class com.ibm.websphere.ras.TraceComponent@3e341fc
    codeBasePermissionMap = class java.util.HashMap@3be170e6
      serialVersionUID = 362498820763181265
      DEFAULT_INITIAL_CAPACITY = 16
      MAXIMUM_CAPACITY = 1073741824
      DEFAULT_LOAD_FACTOR = 0.75
      TREEIFY_THRESHOLD = 8
      UNTREEIFY_THRESHOLD = 6
      MIN_TREEIFY_CAPACITY = 64
      table = class java.util.HashMap$Node[16]
      entrySet = null
      size = 1
      modCount = 1
      threshold = 12
      loadFactor = 0.75
      keySet = class java.util.HashMap$KeySet@4bb28fda
      values = null
    permissionXMLPermissionMap = class java.util.HashMap@4b5605b6
      serialVersionUID = 362498820763181265
      DEFAULT_INITIAL_CAPACITY = 16
      MAXIMUM_CAPACITY = 1073741824
      DEFAULT_LOAD_FACTOR = 0.75
      TREEIFY_THRESHOLD = 8
      UNTREEIFY_THRESHOLD = 6
      MIN_TREEIFY_CAPACITY = 64
      table = null
      entrySet = null
      size = 0
      modCount = 0
      threshold = 0
      loadFactor = 0.75
      keySet = null
      values = null
    serialVersionUID = 8583289148510585888
  permissionsConfig = null
  serialVersionUID = 1131686356392279747
  appInfo = class com.ibm.ws.container.service.app.deploy.internal.ApplicationInfoImpl@b207235
    appName = "FlightLogix"
    appMetaData = class com.ibm.ws.container.service.app.deploy.internal.ApplicationMetaDataImpl@1a4b3a56
      j2eeName = class com.ibm.ws.container.service.metadata.internal.J2EENameImpl@2d430d37
      serialVersionUID = -7906531148367236579
      $$$tc$$$ = class com.ibm.websphere.ras.TraceComponent@60a5fc96
      tc = class com.ibm.websphere.ras.TraceComponent@6edc6049
      NUM_STATIC_SLOTS = 4
      ID_UNINITIALIZED = -1
      id = 0
      metaDataInterface = class java.lang.Class@618bb678
      staticSlots = class java.lang.Object[4]
      dynamicSlots = null
    appContainer = class com.ibm.ws.adaptable.module.internal.AdaptableContainerImpl@6b1d6795
      root = class com.ibm.ws.adaptable.module.internal.AdaptableContainerImpl@6b1d6795
      rootOverlay = class com.ibm.ws.artifact.overlay.internal.DirectoryBasedOverlayContainerImpl@42cef260
      factoryHolder = class com.ibm.ws.adaptable.module.internal.AdaptableModuleFactoryImpl@235c21b6
      delegate = class com.ibm.ws.artifact.overlay.internal.DirectoryBasedOverlayContainerImpl@42cef260
      notifier = class com.ibm.ws.adaptable.module.internal.NotifierImpl@5de3a69f
      serialVersionUID = -5950528200509051684
      $$$tc$$$ = class com.ibm.websphere.ras.TraceComponent@8379a6c
    configHelper = class com.ibm.ws.app.manager.module.ApplicationNestedConfigHelper@42a004b
      appInfo = class com.ibm.ws.app.manager.internal.ApplicationInstallInfo@1fab4f3a
      serialVersionUID = -3174031738676705046
      $$$tc$$$ = class com.ibm.websphere.ras.TraceComponent@601772b6
    applicationInformation = class com.ibm.ws.app.manager.internal.ApplicationInstallInfo@1fab4f3a
    serialVersionUID = 5227817860647895780
    $$$tc$$$ = class com.ibm.websphere.ras.TraceComponent@33107ab5
      strings[0] = "TraceComponent[com.ibm.ws.container.service.app.deploy.internal.ApplicationInfoImpl,class com.ibm.ws.container.service.app.deploy.internal.ApplicationInfoImpl,[container.service],com.ibm.ws.container.service.resources.Messages,null]"
  appInfoRegistration = null
  modulesDeployed = class java.util.ArrayList@7ba66950
    serialVersionUID = 8683452581122892189
    DEFAULT_CAPACITY = 10
    EMPTY_ELEMENTDATA = class java.lang.Object[0]
    DEFAULTCAPACITY_EMPTY_ELEMENTDATA = class java.lang.Object[0]
    elementData = class java.lang.Object[10]
      Object[0] = class com.ibm.ws.app.manager.module.internal.DeployedModuleInfoImpl@66aa8c46
      Object[1] = null
      Object[2] = null
      Object[3] = null
      Object[4] = null
      Object[5] = null
      Object[6] = null
      Object[7] = null
      Object[8] = null
      Object[9] = null
    size = 1
    MAX_ARRAY_SIZE = 2147483639
    modCount = 1
    MAX_ARRAY_SIZE = 2147483639
  starting = true
  started = false
  deployedAppServices = class com.ibm.ws.app.manager.module.internal.DeployedAppServicesImpl@3c7bb8d5
    SERVER_APPS_DIR = "${server.output.dir}/apps/"
    EXPANDED_APPS_DIR = "${server.output.dir}/apps/expanded/"
    bundleContext = class org.eclipse.osgi.internal.framework.BundleContextImpl@69c5c349
      findHookName = "org.osgi.framework.hooks.bundle.FindHook"
      valid = true
      bundle = class org.eclipse.osgi.internal.framework.EquinoxBundle@68df1ff9
      container = class org.eclipse.osgi.internal.framework.EquinoxContainer@6091603a
      debug = class org.eclipse.osgi.internal.debug.Debug@6a53b50b
      servicesInUse = class java.util.HashMap@4039d7f8
      activator = null
      contextLock = class java.lang.Object@29a99709
    applicationInfoFactory = class com.ibm.ws.container.service.app.deploy.internal.ApplicationInfoFactoryImpl@1ddf5b7d
    futureMonitor = class com.ibm.ws.threading.internal.FutureMonitorImpl@28c456a9
    classLoadingService = class com.ibm.ws.classloading.internal.ClassLoadingServiceImpl@309d44f7
    globalSharedLibrary = class com.ibm.ws.library.internal.SharedLibraryImpl@391e0ea7
    globalSharedLibraryPid = "com.ibm.ws.classloading.sharedlibrary_16"
    configAdmin = class com.ibm.ws.config.admin.internal.ConfigurationAdminImpl@1c7b6c35
    metaDataService = class com.ibm.ws.container.service.metadata.internal.MetaDataServiceImpl@2ab08bf0
    stateChangeService = class com.ibm.ws.container.service.state.internal.StateChangeServiceImpl@665f1837
    allModuleTypes = class java.lang.String[4]
      String[0] = "ejb"
      String[1] = "web"
      String[2] = "client"
      String[3] = "connector"
    moduleMetaDataExtenders = class java.util.concurrent.ConcurrentHashMap@2f5a586c
      serialVersionUID = 7249069246763182397
      MAXIMUM_CAPACITY = 1073741824
      DEFAULT_CAPACITY = 16
      MAX_ARRAY_SIZE = 2147483639
      DEFAULT_CONCURRENCY_LEVEL = 16
      LOAD_FACTOR = 0.75
      TREEIFY_THRESHOLD = 8
      UNTREEIFY_THRESHOLD = 6
      MIN_TREEIFY_CAPACITY = 64
      MIN_TRANSFER_STRIDE = 16
      RESIZE_STAMP_BITS = 16
      MAX_RESIZERS = 65535
      RESIZE_STAMP_SHIFT = 16
      MOVED = -1
      TREEBIN = -2
      RESERVED = -3
      HASH_BITS = 2147483647
      NCPU = 8
      serialPersistentFields = class java.io.ObjectStreamField[3]
      table = class java.util.concurrent.ConcurrentHashMap$Node[16]
      nextTable = null
      baseCount = 4
      sizeCtl = 12
      transferIndex = 0
      cellsBusy = 0
      counterCells = null
      keySet = null
      values = null
      entrySet = null
      U = class sun.misc.Unsafe@3110917a
      SIZECTL = 20
      TRANSFERINDEX = 32
      BASECOUNT = 24
      CELLSBUSY = 36
      CELLVALUE = 144
      ABASE = 16
      ASHIFT = 2
      keySet = null
      values = null
    nestedModuleMetaDataFactories = class java.util.concurrent.ConcurrentHashMap@741ccdae
      serialVersionUID = 7249069246763182397
      MAXIMUM_CAPACITY = 1073741824
      DEFAULT_CAPACITY = 16
      MAX_ARRAY_SIZE = 2147483639
      DEFAULT_CONCURRENCY_LEVEL = 16
      LOAD_FACTOR = 0.75
      TREEIFY_THRESHOLD = 8
      UNTREEIFY_THRESHOLD = 6
      MIN_TREEIFY_CAPACITY = 64
      MIN_TRANSFER_STRIDE = 16
      RESIZE_STAMP_BITS = 16
      MAX_RESIZERS = 65535
      RESIZE_STAMP_SHIFT = 16
      MOVED = -1
      TREEBIN = -2
      RESERVED = -3
      HASH_BITS = 2147483647
      NCPU = 8
      serialPersistentFields = class java.io.ObjectStreamField[3]
      table = class java.util.concurrent.ConcurrentHashMap$Node[16]
      nextTable = null
      baseCount = 4
      sizeCtl = 12
      transferIndex = 0
      cellsBusy = 0
      counterCells = null
      keySet = null
      values = null
      entrySet = null
      U = class sun.misc.Unsafe@3110917a
      SIZECTL = 20
      TRANSFERINDEX = 32
      BASECOUNT = 24
      CELLSBUSY = 36
      CELLVALUE = 144
      ABASE = 16
      ASHIFT = 2
      keySet = null
      values = null
    permissionManager = class com.ibm.ws.classloading.java2sec.PermissionManager@32290326
    locAdmin = class com.ibm.ws.kernel.service.location.internal.WsLocationAdminImpl@13abdec6
      tc = class com.ibm.websphere.ras.TraceComponent@29f30ba4
      LOC_INTERNAL_LIB_DIR = "wlp.lib.dir"
      LOC_INTERNAL_WORKAREA_DIR = "wlp.workarea.dir"
      LOC_AREA_NAME_APPS = "shared/apps/"
      LOC_AREA_NAME_CONFIG = "shared/config/"
      LOC_AREA_NAME_RESC = "shared/resources/"
      LOC_AREA_NAME_STATE = "logs/state/"
      LOC_AREA_NAME_SERVERS = "servers/"
      LOC_AREA_NAME_CLIENTS = "clients/"
      LOC_AREA_NAME_WORKING = "workarea/"
      LOC_AREA_NAME_EXTENSION = "extension/"
      instance = class com.ibm.ws.kernel.service.location.internal.WsLocationAdminImpl@13abdec6
      installRoot = class com.ibm.ws.kernel.service.location.internal.SymbolicRootResource@70e2dfc9
      installParentRoot = class com.ibm.ws.kernel.service.location.internal.SymbolicRootResource@45aedb32
      userRoot = class com.ibm.ws.kernel.service.location.internal.SymbolicRootResource@4427daf6
      usrExtensionRoot = class com.ibm.ws.kernel.service.location.internal.SymbolicRootResource@100b56be
      serverConfigDir = class com.ibm.ws.kernel.service.location.internal.SymbolicRootResource@76f1cfe1
      serverOutputDir = class com.ibm.ws.kernel.service.location.internal.SymbolicRootResource@76f1cfe1
      bootstrapLib = class com.ibm.ws.kernel.service.location.internal.LocalFileResource@45b5fd46
      serverWorkarea = class com.ibm.ws.kernel.service.location.internal.LocalFileResource@3fbf6f6c
      serverState = class com.ibm.ws.kernel.service.location.internal.LocalFileResource@75cb6083
      sharedAppsRoot = class com.ibm.ws.kernel.service.location.internal.SymbolicRootResource@dbd271c
      sharedConfigRoot = class com.ibm.ws.kernel.service.location.internal.SymbolicRootResource@6708a420
      sharedResourceRoot = class com.ibm.ws.kernel.service.location.internal.SymbolicRootResource@238863a2
      tmpRoot = class com.ibm.ws.kernel.service.location.internal.SymbolicRootResource@d69d028
      serverName = "defaultServer"
      resourcePaths = class java.util.ArrayList@6988935e
      resourceGroups = class java.util.HashMap@4b8313eb
      commonRoot = class com.ibm.ws.kernel.service.location.internal.VirtualRootResource@2b76fc4a
      serialVersionUID = -5748835026800463299
    artifactFactory = class com.ibm.ws.artifact.internal.ArtifactContainerFactoryService@63c5a8d7
      CATEGORY_PROP_NAME = "category"
      ENTRY_KEY = "com.ibm.wsspi.artifact.ArtifactEntry"
      helperMap = class com.ibm.wsspi.kernel.service.utils.ConcurrentServiceReferenceSetMap@6b8318cb
      contributorMap = class com.ibm.wsspi.kernel.service.utils.ConcurrentServiceReferenceSetMap@221a7a29
      helperCategoryMap = class com.ibm.wsspi.kernel.service.utils.ConcurrentServiceReferenceSetMap@19a22067
      contributorCategoryMap = class com.ibm.wsspi.kernel.service.utils.ConcurrentServiceReferenceSetMap@3e5f162f
      categories = class java.util.Collections$SynchronizedSet@4de9146f
      baseProperties = class org.apache.felix.scr.impl.helper.ReadOnlyDictionary@3cd3f4c9
      registration = class com.ibm.ws.kernel.service.util.ServiceRegistrationModifier@347a4a2c
      serialVersionUID = 6566424214406946230
      $$$tc$$$ = class com.ibm.websphere.ras.TraceComponent@1465f46a
    moduleFactory = class com.ibm.ws.adaptable.module.internal.AdaptableModuleFactoryImpl@235c21b6
      adapterFactoryService = class com.ibm.ws.adaptable.module.internal.AdapterFactoryServiceImpl@413699b4
      containerFactory = class com.ibm.ws.artifact.internal.ArtifactContainerFactoryService@63c5a8d7
      overlayContainerFactory = class com.ibm.ws.artifact.overlay.internal.OverlayContainerFactoryImpl@79102ade
      serialVersionUID = 4200251809856292987
      $$$tc$$$ = class com.ibm.websphere.ras.TraceComponent@7cf9c21c
    serialVersionUID = 8537801607979767986
    $$$tc$$$ = class com.ibm.websphere.ras.TraceComponent@10f30db4
      strings[0] = "TraceComponent[com.ibm.ws.app.manager.module.internal.DeployedAppServicesImpl,class com.ibm.ws.app.manager.module.internal.DeployedAppServicesImpl,[applications, app.manager],null,null]"
  futureMonitor = class com.ibm.ws.threading.internal.FutureMonitorImpl@28c456a9
    _monitor = class java.util.concurrent.ConcurrentLinkedQueue@68dd819c
      serialVersionUID = 196745693267521676
      head = class java.util.concurrent.ConcurrentLinkedQueue$Node@71205cd7
      tail = class java.util.concurrent.ConcurrentLinkedQueue$Node@71205cd7
      UNSAFE = class sun.misc.Unsafe@3110917a
      headOffset = 12
      tailOffset = 16
      MAX_ARRAY_SIZE = 2147483639
    _executor = class com.ibm.ws.threading.internal.ScheduledExecutorImpl@46da8d4b
      threadGroupName = "Scheduled Executor Thread Group"
      executor = class com.ibm.ws.threading.internal.ExecutorServiceImpl@592cdf72
      serialVersionUID = -9110693807503469597
      $$$tc$$$ = class com.ibm.websphere.ras.TraceComponent@2fc7417d
      continueExistingPeriodicTasksAfterShutdown = false
      executeExistingDelayedTasksAfterShutdown = true
      removeOnCancel = false
      sequencer = class java.util.concurrent.atomic.AtomicLong@3c5e3385
      ctl = class java.util.concurrent.atomic.AtomicInteger@3dc9fc58
      COUNT_BITS = 29
      CAPACITY = 536870911
      RUNNING = -536870912
      SHUTDOWN = 0
      STOP = 536870912
      TIDYING = 1073741824
      TERMINATED = 1610612736
      workQueue = class java.util.concurrent.ScheduledThreadPoolExecutor$DelayedWorkQueue@7f63814b
      mainLock = class java.util.concurrent.locks.ReentrantLock@7b31b8f8
      workers = class java.util.HashSet@363e6e00
      termination = class java.util.concurrent.locks.AbstractQueuedSynchronizer$ConditionObject@44676fa3
      largestPoolSize = 1
      completedTaskCount = 0
      threadFactory = class com.ibm.ws.threading.internal.ThreadFactoryImpl@276dc7bd
      handler = class java.util.concurrent.ThreadPoolExecutor$AbortPolicy@516d5dd0
      keepAliveTime = 0
      allowCoreThreadTimeOut = false
      corePoolSize = 1
      maximumPoolSize = 2147483647
      defaultHandler = class java.util.concurrent.ThreadPoolExecutor$AbortPolicy@516d5dd0
      shutdownPerm = class java.lang.RuntimePermission@14667793
      acc = null
      ONLY_ONE = true
      $assertionsDisabled = true
    _threadRunning = class java.util.concurrent.atomic.AtomicBoolean@45e2fdba
      serialVersionUID = 4654671469794556979
      unsafe = class sun.misc.Unsafe@3110917a
      valueOffset = 12
      value = 0
    _thread = class com.ibm.ws.threading.internal.FutureMonitorImpl$1@16ada2a6
      this$0 = class com.ibm.ws.threading.internal.FutureMonitorImpl@28c456a9
      serialVersionUID = 2422512430832938099
      $$$tc$$$ = class com.ibm.websphere.ras.TraceComponent@24b1d454
    serialVersionUID = 2765238413969174390
    $$$tc$$$ = class com.ibm.websphere.ras.TraceComponent@1b743669
      strings[0] = "TraceComponent[com.ibm.ws.threading.internal.FutureMonitorImpl,class com.ibm.ws.threading.internal.FutureMonitorImpl,[Threading],com.ibm.ws.threading.internal.resources.ThreadingMessages,null]"
  appInfoFactory = class com.ibm.ws.container.service.app.deploy.internal.ApplicationInfoFactoryImpl@1ddf5b7d
    j2eeNameFactory = class com.ibm.wsspi.kernel.service.utils.AtomicServiceReference@44e4f063
      referenceName = "j2eeNameFactory"
      tuple = class java.util.concurrent.atomic.AtomicReference@513709c7
      serialVersionUID = 2226592364007985000
      $$$tc$$$ = class com.ibm.websphere.ras.TraceComponent@11d48a3f
    names = class java.util.HashSet@335ab6a5
      serialVersionUID = -5024744406713321676
      map = class java.util.HashMap@62549d92
      PRESENT = class java.lang.Object@4ee49b63
      MAX_ARRAY_SIZE = 2147483639
    serialVersionUID = 6232436640731165768
    $$$tc$$$ = class com.ibm.websphere.ras.TraceComponent@32a8866e
      strings[0] = "TraceComponent[com.ibm.ws.container.service.app.deploy.internal.ApplicationInfoFactoryImpl,class com.ibm.ws.container.service.app.deploy.internal.ApplicationInfoFactoryImpl,[container.service],com.ibm.ws.container.service.resources.Messages,null]"
  metaDataService = class com.ibm.ws.container.service.metadata.internal.MetaDataServiceImpl@2ab08bf0
    applicationMetaDataManager = class com.ibm.ws.container.service.metadata.internal.ApplicationMetaDataManager@73033589
      serialVersionUID = 1843747281024490904
      $$$tc$$$ = class com.ibm.websphere.ras.TraceComponent@2d3db022
      listeners = class com.ibm.wsspi.kernel.service.utils.ConcurrentServiceReferenceSet@6b1e9d65
      metaDataIDs = class com.ibm.ws.container.service.metadata.internal.IndexList@2721ac9a
      metaDatas = class java.util.ArrayList@4864a06
      slotIDs = class com.ibm.ws.container.service.metadata.internal.IndexList@265d2675
      serialVersionUID = 5464421863354792977
      $$$tc$$$ = class com.ibm.websphere.ras.TraceComponent@f2faae9
    moduleMetaDataManager = class com.ibm.ws.container.service.metadata.internal.ModuleMetaDataManager@5d2945c6
      serialVersionUID = 2513574389899327209
      $$$tc$$$ = class com.ibm.websphere.ras.TraceComponent@1d4aab42
      listeners = class com.ibm.wsspi.kernel.service.utils.ConcurrentServiceReferenceSet@5e69db17
      metaDataIDs = class com.ibm.ws.container.service.metadata.internal.IndexList@212b3a27
      metaDatas = class java.util.ArrayList@5425ec8f
      slotIDs = class com.ibm.ws.container.service.metadata.internal.IndexList@1ae875cc
      serialVersionUID = 5464421863354792977
      $$$tc$$$ = class com.ibm.websphere.ras.TraceComponent@f2faae9
    componentMetaDataManager = class com.ibm.ws.container.service.metadata.internal.ComponentMetaDataManager@1fb39415
      serialVersionUID = 8629793739641703882
      $$$tc$$$ = class com.ibm.websphere.ras.TraceComponent@3dcf6687
      listeners = class com.ibm.wsspi.kernel.service.utils.ConcurrentServiceReferenceSet@43b3c799
      metaDataIDs = class com.ibm.ws.container.service.metadata.internal.IndexList@54496684
      metaDatas = class java.util.ArrayList@16f7a351
      slotIDs = class com.ibm.ws.container.service.metadata.internal.IndexList@4afbf1aa
      serialVersionUID = 5464421863354792977
      $$$tc$$$ = class com.ibm.websphere.ras.TraceComponent@f2faae9
    methodMetaDataManager = class com.ibm.ws.container.service.metadata.internal.MethodMetaDataManager@6f120fdf
      serialVersionUID = -8002489041502300640
      $$$tc$$$ = class com.ibm.websphere.ras.TraceComponent@34d2c6c8
      listeners = class com.ibm.wsspi.kernel.service.utils.ConcurrentServiceReferenceSet@59078fda
      metaDataIDs = class com.ibm.ws.container.service.metadata.internal.IndexList@30c0edd0
      metaDatas = class java.util.ArrayList@2fa25282
      slotIDs = class com.ibm.ws.container.service.metadata.internal.IndexList@4c8d3fed
      serialVersionUID = 5464421863354792977
      $$$tc$$$ = class com.ibm.websphere.ras.TraceComponent@f2faae9
    appModuleNameToModuleContainer = class java.util.concurrent.ConcurrentHashMap@557d0c9
      serialVersionUID = 7249069246763182397
      MAXIMUM_CAPACITY = 1073741824
      DEFAULT_CAPACITY = 16
      MAX_ARRAY_SIZE = 2147483639
      DEFAULT_CONCURRENCY_LEVEL = 16
      LOAD_FACTOR = 0.75
      TREEIFY_THRESHOLD = 8
      UNTREEIFY_THRESHOLD = 6
      MIN_TREEIFY_CAPACITY = 64
      MIN_TRANSFER_STRIDE = 16
      RESIZE_STAMP_BITS = 16
      MAX_RESIZERS = 65535
      RESIZE_STAMP_SHIFT = 16
      MOVED = -1
      TREEBIN = -2
      RESERVED = -3
      HASH_BITS = 2147483647
      NCPU = 8
      serialPersistentFields = class java.io.ObjectStreamField[3]
      table = class java.util.concurrent.ConcurrentHashMap$Node[16]
      nextTable = null
      baseCount = 0
      sizeCtl = 12
      transferIndex = 0
      cellsBusy = 0
      counterCells = null
      keySet = null
      values = null
      entrySet = null
      U = class sun.misc.Unsafe@3110917a
      SIZECTL = 20
      TRANSFERINDEX = 32
      BASECOUNT = 24
      CELLSBUSY = 36
      CELLVALUE = 144
      ABASE = 16
      ASHIFT = 2
      keySet = null
      values = null
    jeeNameToComponentMetaData = class java.util.concurrent.ConcurrentHashMap@12c7b2d0
      serialVersionUID = 7249069246763182397
      MAXIMUM_CAPACITY = 1073741824
      DEFAULT_CAPACITY = 16
      MAX_ARRAY_SIZE = 2147483639
      DEFAULT_CONCURRENCY_LEVEL = 16
      LOAD_FACTOR = 0.75
      TREEIFY_THRESHOLD = 8
      UNTREEIFY_THRESHOLD = 6
      MIN_TREEIFY_CAPACITY = 64
      MIN_TRANSFER_STRIDE = 16
      RESIZE_STAMP_BITS = 16
      MAX_RESIZERS = 65535
      RESIZE_STAMP_SHIFT = 16
      MOVED = -1
      TREEBIN = -2
      RESERVED = -3
      HASH_BITS = 2147483647
      NCPU = 8
      serialPersistentFields = class java.io.ObjectStreamField[3]
      table = class java.util.concurrent.ConcurrentHashMap$Node[16]
      nextTable = null
      baseCount = 0
      sizeCtl = 12
      transferIndex = 0
      cellsBusy = 0
      counterCells = null
      keySet = null
      values = null
      entrySet = null
      U = class sun.misc.Unsafe@3110917a
      SIZECTL = 20
      TRANSFERINDEX = 32
      BASECOUNT = 24
      CELLSBUSY = 36
      CELLVALUE = 144
      ABASE = 16
      ASHIFT = 2
      keySet = null
      values = null
    deferredMetaDataFactories = class com.ibm.wsspi.kernel.service.utils.ConcurrentServiceReferenceSet@11579fa1
      referenceName = "deferredMetaDataFactory"
      contextRef = class java.util.concurrent.atomic.AtomicReference@6ef9521
      elementMap = class java.util.LinkedHashMap@264747c8
      elementSet = class java.util.concurrent.ConcurrentSkipListSet@68f55102
      elementSetUnsorted = false
      serialVersionUID = 756240983881166148
      $$$tc$$$ = class com.ibm.websphere.ras.TraceComponent@3e341fc
    deferredMetaDataInitializers = class com.ibm.wsspi.kernel.service.utils.ConcurrentServiceReferenceMap@6ec416a3
      referenceName = "deferredMetaDataFactory"
      context = class org.apache.felix.scr.impl.manager.ComponentContextImpl@76e08332
      elementMap = class java.util.concurrent.ConcurrentHashMap@52980bec
      serialVersionUID = 6980924785166233786
      $$$tc$$$ = class com.ibm.websphere.ras.TraceComponent@1d8f707
    serialVersionUID = -2494605732980966097
    $$$tc$$$ = class com.ibm.websphere.ras.TraceComponent@40568c0d
      strings[0] = "TraceComponent[com.ibm.ws.container.service.metadata.internal.MetaDataServiceImpl,class com.ibm.ws.container.service.metadata.internal.MetaDataServiceImpl,[Runtime],null,null]"
  stateChangeService = class com.ibm.ws.container.service.state.internal.StateChangeServiceImpl@665f1837
    applicationStateManager = class com.ibm.ws.container.service.state.internal.ApplicationStateManager@62a6f621
      serialVersionUID = -6685368059484454124
      $$$tc$$$ = class com.ibm.websphere.ras.TraceComponent@55d5a840
      listeners = class com.ibm.wsspi.kernel.service.utils.ConcurrentServiceReferenceSet@78369fb0
      serialVersionUID = 2284273176985484160
      $$$tc$$$ = class com.ibm.websphere.ras.TraceComponent@5e5865e0
    moduleStateManager = class com.ibm.ws.container.service.state.internal.ModuleStateManager@3974b511
      serialVersionUID = -5540260902341249963
      $$$tc$$$ = class com.ibm.websphere.ras.TraceComponent@132e585e
      listeners = class com.ibm.wsspi.kernel.service.utils.ConcurrentServiceReferenceSet@713215b3
      serialVersionUID = 2284273176985484160
      $$$tc$$$ = class com.ibm.websphere.ras.TraceComponent@5e5865e0
    serialVersionUID = -537917915330350560
    $$$tc$$$ = class com.ibm.websphere.ras.TraceComponent@2b5070f4
      strings[0] = "TraceComponent[com.ibm.ws.container.service.state.internal.StateChangeServiceImpl,class com.ibm.ws.container.service.state.internal.StateChangeServiceImpl,[Runtime],null,null]"
  moduleClassesInfo = class com.ibm.ws.app.manager.module.internal.SimpleDeployedAppInfoBase$ModuleClassesInfoProvider@67155bd3
    entryContainerInfosMap = class java.util.HashMap@3477736e
      serialVersionUID = 362498820763181265
      DEFAULT_INITIAL_CAPACITY = 16
      MAXIMUM_CAPACITY = 1073741824
      DEFAULT_LOAD_FACTOR = 0.75
      TREEIFY_THRESHOLD = 8
      UNTREEIFY_THRESHOLD = 6
      MIN_TREEIFY_CAPACITY = 64
      table = null
      entrySet = null
      size = 0
      modCount = 0
      threshold = 0
      loadFactor = 0.75
      keySet = null
      values = null
    serialVersionUID = -70332790531324534
    $$$tc$$$ = class com.ibm.websphere.ras.TraceComponent@55df5bfe
      strings[0] = "TraceComponent[com.ibm.ws.app.manager.module.internal.SimpleDeployedAppInfoBase$ModuleClassesInfoProvider,class com.ibm.ws.app.manager.module.internal.SimpleDeployedAppInfoBase$ModuleClassesInfoProvider,[applications, app.manager],null,null]"
  moduleContainerInfos = class java.util.ArrayList@2fb14288
    serialVersionUID = 8683452581122892189
    DEFAULT_CAPACITY = 10
    EMPTY_ELEMENTDATA = class java.lang.Object[0]
    DEFAULTCAPACITY_EMPTY_ELEMENTDATA = class java.lang.Object[0]
    elementData = class java.lang.Object[10]
      Object[0] = class com.ibm.ws.app.manager.module.internal.SimpleDeployedAppInfoBase$WebModuleContainerInfo@7fd4d41
      Object[1] = null
      Object[2] = null
      Object[3] = null
      Object[4] = null
      Object[5] = null
      Object[6] = null
      Object[7] = null
      Object[8] = null
      Object[9] = null
    size = 1
    MAX_ARRAY_SIZE = 2147483639
    modCount = 1
    MAX_ARRAY_SIZE = 2147483639
  activeModuleHandlers = class java.util.IdentityHashMap@4e6dfabb
    DEFAULT_CAPACITY = 32
    MINIMUM_CAPACITY = 4
    MAXIMUM_CAPACITY = 536870912
    table = class java.lang.Object[16]
      Object[0] = null
      Object[1] = null
      Object[2] = null
      Object[3] = null
      Object[4] = null
      Object[5] = null
      Object[6] = null
      Object[7] = null
      Object[8] = null
      Object[9] = null
      Object[10] = null
      Object[11] = null
      Object[12] = null
      Object[13] = null
      Object[14] = null
      Object[15] = null
    size = 0
    modCount = 2
    NULL_KEY = class java.lang.Object@1c3b902
    entrySet = null
    serialVersionUID = 8188218128353913216
    keySet = null
    values = null
  serialVersionUID = -2685719801501752993
  $$$tc$$$ = class com.ibm.websphere.ras.TraceComponent@68266371
    strings[0] = "TraceComponent[com.ibm.ws.app.manager.module.internal.SimpleDeployedAppInfoBase,class com.ibm.ws.app.manager.module.internal.SimpleDeployedAppInfoBase,[applications, app.manager],null,null]"

Dump of objectArray[0]
Object type = com.ibm.ws.threading.internal.NonCancelableResultFuture
  _done = false
  _result = null
  _failure = null
  _listeners = class java.util.concurrent.ConcurrentLinkedQueue@322afd7b
    serialVersionUID = 196745693267521676
    head = class java.util.concurrent.ConcurrentLinkedQueue$Node@e6329ef
      item = null
      next = null
      UNSAFE = class sun.misc.Unsafe@3110917a
      itemOffset = 12
      nextOffset = 16
    tail = class java.util.concurrent.ConcurrentLinkedQueue$Node@e6329ef
    UNSAFE = class sun.misc.Unsafe@3110917a
      theUnsafe = class sun.misc.Unsafe@3110917a
      INVALID_FIELD_OFFSET = -1
      ARRAY_BOOLEAN_BASE_OFFSET = 16
      ARRAY_BYTE_BASE_OFFSET = 16
      ARRAY_SHORT_BASE_OFFSET = 16
      ARRAY_CHAR_BASE_OFFSET = 16
      ARRAY_INT_BASE_OFFSET = 16
      ARRAY_LONG_BASE_OFFSET = 16
      ARRAY_FLOAT_BASE_OFFSET = 16
      ARRAY_DOUBLE_BASE_OFFSET = 16
      ARRAY_OBJECT_BASE_OFFSET = 16
      ARRAY_BOOLEAN_INDEX_SCALE = 1
      ARRAY_BYTE_INDEX_SCALE = 1
      ARRAY_SHORT_INDEX_SCALE = 2
      ARRAY_CHAR_INDEX_SCALE = 2
      ARRAY_INT_INDEX_SCALE = 4
      ARRAY_LONG_INDEX_SCALE = 8
      ARRAY_FLOAT_INDEX_SCALE = 4
      ARRAY_DOUBLE_INDEX_SCALE = 8
      ARRAY_OBJECT_INDEX_SCALE = 4
      ADDRESS_SIZE = 8
    headOffset = 12
    tailOffset = 16
    MAX_ARRAY_SIZE = 2147483639
  _notifiedListeners = class java.util.concurrent.atomic.AtomicBoolean@3674b2d3
    serialVersionUID = 4654671469794556979
    unsafe = class sun.misc.Unsafe@3110917a
    valueOffset = 12
    value = 0
  serialVersionUID = -296387658814354272
  $$$tc$$$ = class com.ibm.websphere.ras.TraceComponent@5145ff69
    strings[0] = "TraceComponent[com.ibm.ws.threading.internal.NonCancelableResultFuture,class com.ibm.ws.threading.internal.NonCancelableResultFuture,[Threading],com.ibm.ws.threading.internal.resources.ThreadingMessages,null]"

