------Start of DE processing------ = [4/6/21 18:31:25:626 EDT]
Exception = java.lang.Exception
Source = com.ibm.ws.jaxrs20.server.component.JaxRsWebModuleInfoBuilder
probeid = 292
Stack Dump = java.lang.Exception: Found duplicated servlet mapping url, /app/*, with endpoint infos com.ibm.ws.jaxrs20.metadata.EndpointInfo@43e52eec and com.ibm.ws.jaxrs20.metadata.EndpointInfo@7b06697e, throw exception to fail application starting.
	at com.ibm.ws.jaxrs20.server.component.JaxRsWebModuleInfoBuilder.registerEndpointInfo(JaxRsWebModuleInfoBuilder.java:340)
	at com.ibm.ws.jaxrs20.server.component.JaxRsWebModuleInfoBuilder.build(JaxRsWebModuleInfoBuilder.java:291)
	at com.ibm.ws.jaxrs20.component.JaxRsModuleMetaDataListener.extendModuleMetaData(JaxRsModuleMetaDataListener.java:106)
	at com.ibm.ws.app.manager.module.internal.SimpleDeployedAppInfoBase$ModuleContainerInfoBase.createModuleMetaData(SimpleDeployedAppInfoBase.java:198)
	at com.ibm.ws.app.manager.module.internal.SimpleDeployedAppInfoBase.preDeployApp(SimpleDeployedAppInfoBase.java:532)
	at com.ibm.ws.app.manager.module.internal.SimpleDeployedAppInfoBase.installApp(SimpleDeployedAppInfoBase.java:508)
	at com.ibm.ws.app.manager.module.internal.DeployedAppInfoBase.deployApp(DeployedAppInfoBase.java:349)
	at com.ibm.ws.app.manager.war.internal.WARApplicationHandlerImpl.install(WARApplicationHandlerImpl.java:65)
	at com.ibm.ws.app.manager.internal.statemachine.StartAction.execute(StartAction.java:149)
	at com.ibm.ws.app.manager.internal.statemachine.ApplicationStateMachineImpl.enterState(ApplicationStateMachineImpl.java:1352)
	at com.ibm.ws.app.manager.internal.statemachine.ApplicationStateMachineImpl.performAction(ApplicationStateMachineImpl.java:1217)
	at com.ibm.ws.app.manager.internal.statemachine.ApplicationStateMachineImpl.run(ApplicationStateMachineImpl.java:905)
	at com.ibm.ws.threading.internal.ExecutorServiceImpl$RunnableWrapper.run(ExecutorServiceImpl.java:238)
	at java.util.concurrent.ThreadPoolExecutor.runWorker(ThreadPoolExecutor.java:1149)
	at java.util.concurrent.ThreadPoolExecutor$Worker.run(ThreadPoolExecutor.java:624)
	at java.lang.Thread.run(Thread.java:748)

Dump of callerThis
Object type = com.ibm.ws.jaxrs20.server.component.JaxRsWebModuleInfoBuilder
  tc = class com.ibm.websphere.ras.TraceComponent@36a8d6a8
    strings[0] = "TraceComponent[com.ibm.ws.jaxrs20.server.component.JaxRsWebModuleInfoBuilder,class com.ibm.ws.jaxrs20.server.component.JaxRsWebModuleInfoBuilder,[JaxRsServer],com.ibm.ws.jaxrs20.server.internal.resources.JaxRsServerMessages,null]"
  serialVersionUID = 6845839107088740932

Dump of objectArray[0]
Object type = com.ibm.ws.webcontainer.osgi.metadata.WebModuleMetaDataImpl
  applicationMetaData = class com.ibm.ws.container.service.app.deploy.internal.ApplicationMetaDataImpl@79c8a95f
    j2eeName = class com.ibm.ws.container.service.metadata.internal.J2EENameImpl@31de60a5
      serialVersionUID = 7488184044073147667
      application = "FlightLogix"
      module = null
      component = null
      string = null
      j2eeNameBytes = null
      $$$tc$$$ = class com.ibm.websphere.ras.TraceComponent@7af84e4b
    serialVersionUID = -7906531148367236579
    $$$tc$$$ = class com.ibm.websphere.ras.TraceComponent@73ec968d
      strings[0] = "TraceComponent[com.ibm.ws.container.service.app.deploy.internal.ApplicationMetaDataImpl,class com.ibm.ws.container.service.app.deploy.internal.ApplicationMetaDataImpl,[container.service],com.ibm.ws.container.service.resources.Messages,null]"
    tc = class com.ibm.websphere.ras.TraceComponent@59b7a319
    NUM_STATIC_SLOTS = 4
    ID_UNINITIALIZED = -1
    id = 0
    metaDataInterface = class java.lang.Class@28c73cf4
      ANNOTATION = 8192
      ENUM = 16384
      SYNTHETIC = 4096
      cachedConstructor = null
      newInstanceCallerCache = null
      name = null
      allPermDomain = class java.security.ProtectionDomain@1690aa4a
      useCaches = true
      reflectionData = null
      classRedefinedCount = 0
      genericInfo = null
      serialVersionUID = 3206093459760846163
      serialPersistentFields = class java.io.ObjectStreamField[0]
      reflectionFactory = class sun.reflect.ReflectionFactory@4bdd513f
      initted = true
      enumConstants = null
      enumConstantDirectory = null
      annotationData = null
      annotationType = null
      classValueMap = null
    staticSlots = class java.lang.Object[4]
      Object[0] = null
      Object[1] = class com.ibm.ws.injectionengine.osgi.internal.OSGiInjectionScopeData@4a7e0f07
      Object[2] = "FlightLogix"
      Object[3] = null
    dynamicSlots = null
  j2eeName = class com.ibm.ws.container.service.metadata.internal.J2EENameImpl@31cd7281
    serialVersionUID = 7488184044073147667
    application = "FlightLogix"
    module = "FlightLogix.war"
    component = null
    string = null
    j2eeNameBytes = null
    $$$tc$$$ = class com.ibm.websphere.ras.TraceComponent@7af84e4b
      strings[0] = "TraceComponent[com.ibm.ws.container.service.metadata.internal.J2EENameImpl,class com.ibm.ws.container.service.metadata.internal.J2EENameImpl,[Runtime],null,null]"
  wccmd = class com.ibm.ws.webcontainer.osgi.metadata.WebCollaboratorComponentMetaDataImpl@4218ef59
    j2eeName = null
    webModuleMetaData = class com.ibm.ws.webcontainer.osgi.metadata.WebModuleMetaDataImpl@1330779b
    tc = class com.ibm.websphere.ras.TraceComponent@59b7a319
    NUM_STATIC_SLOTS = 4
    ID_UNINITIALIZED = -1
    id = -1
    metaDataInterface = class java.lang.Class@3c023885
      ANNOTATION = 8192
      ENUM = 16384
      SYNTHETIC = 4096
      cachedConstructor = null
      newInstanceCallerCache = null
      name = null
      allPermDomain = class java.security.ProtectionDomain@1690aa4a
      useCaches = true
      reflectionData = null
      classRedefinedCount = 0
      genericInfo = null
      serialVersionUID = 3206093459760846163
      serialPersistentFields = class java.io.ObjectStreamField[0]
      reflectionFactory = class sun.reflect.ReflectionFactory@4bdd513f
      initted = true
      enumConstants = null
      enumConstantDirectory = null
      annotationData = null
      annotationType = null
      classValueMap = null
    staticSlots = class java.lang.Object[4]
      Object[0] = null
      Object[1] = null
      Object[2] = null
      Object[3] = null
    dynamicSlots = null
  securityMetaData = null
  annotatedSecurityMetaData = null
  webAppConfig = class com.ibm.ws.webcontainer.osgi.webapp.WebAppConfiguration@5204d42e
    webModuleMetaData = class com.ibm.ws.webcontainer.osgi.metadata.WebModuleMetaDataImpl@1330779b
    webComponentMetaData = class com.ibm.ws.webcontainer.osgi.metadata.WebComponentMetaDataImpl@7b60b3d8
      j2eeName = null
      webModuleMetaData = class com.ibm.ws.webcontainer.osgi.metadata.WebModuleMetaDataImpl@1330779b
      mBeanServiceReg = null
      tc = class com.ibm.websphere.ras.TraceComponent@59b7a319
      NUM_STATIC_SLOTS = 4
      ID_UNINITIALIZED = -1
      id = -1
      metaDataInterface = class java.lang.Class@3c023885
      staticSlots = class java.lang.Object[4]
      dynamicSlots = null
    dVirtualHost = null
    orderedLibPaths = class java.util.Collections$UnmodifiableRandomAccessList@63e4cbb
      serialVersionUID = -2542308836966382001
      serialVersionUID = -283967356065247728
      list = class java.util.ArrayList@122b972d
      serialVersionUID = 1820017752578914078
      c = class java.util.ArrayList@122b972d
    bundleHeaders = null
    cdiEnabled = false
    CLASS_NAME = "com.ibm.ws.webcontainer.webapp.WebAppConfiguration"
    logger = class com.ibm.ws.logging.internal.WsLogger@18b4bf3a
      ivCachedResourceBundleName = null
      ivCachedResourceBundle = null
      ivComponent = null
      ivOrganization = null
      ivProduct = null
      ivMinimumLocalizationLevelIntValue = 625
      ivTC = class com.ibm.websphere.ras.TraceComponent@5b493062
      loggerRegistrationComponent = class java.lang.ThreadLocal@6f27bda2
      emptyHandlers = class java.util.logging.Handler[0]
      offValue = 2147483647
      SYSTEM_LOGGER_RB_NAME = "sun.util.logging.resources.logging"
      SYSTEM_BUNDLE = class java.util.logging.Logger$LoggerBundle@23245f8b
      NO_RESOURCE_BUNDLE = class java.util.logging.Logger$LoggerBundle@3ae77d1d
      manager = class com.ibm.ws.kernel.boot.logging.WsLogManager@1424f29d
      name = "com.ibm.ws.webcontainer.webapp"
      handlers = class java.util.concurrent.CopyOnWriteArrayList@463c8716
      loggerBundle = class java.util.logging.Logger$LoggerBundle@4765505d
      useParentHandlers = true
      filter = null
      anonymous = false
      catalog = class com.ibm.ws.webcontainer.resources.Messages@75e87063
      catalogName = "com.ibm.ws.webcontainer.resources.Messages"
      catalogLocale = class java.util.Locale@574e5dff
      treeLock = class java.lang.Object@3a4408f3
      parent = class com.ibm.ws.logging.internal.WsLogger@22267f98
      kids = null
      levelObject = class java.util.logging.Level@14fb68d7
      levelValue = 800
      callersClassLoaderRef = class java.lang.ref.WeakReference@317f6e12
      isSystemLogger = false
      GLOBAL_LOGGER_NAME = "global"
      global = class java.util.logging.Logger@2be6fb5e
      $assertionsDisabled = true
    tc = class com.ibm.websphere.ras.TraceComponent@173070c0
      strings[0] = "TraceComponent[com.ibm.ws.webcontainer.webapp.WebAppConfiguration,class com.ibm.ws.webcontainer.webapp.WebAppConfiguration,[webcontainer],com.ibm.ws.webcontainer.resources.LShimMessages,null]"
    nls = class com.ibm.ejs.ras.TraceNLS@42f4c330
      resolver = class com.ibm.ws.logging.internal.TraceNLSResolver@404f2d57
      finder = null
      ivBundleName = "com.ibm.ws.webcontainer.resources.Messages"
      caller = class java.lang.Class@349ead
    version = 31
    contextRoot = "/"
    isDefaultContextRootUsed = false
    sessionTimeout = 0
    moduleSessionTimeoutSet = false
    moduleSessionTrackingModeSet = false
    sessionCookieConfig = null
    hasProgrammaticCookieConfig = false
    sessionDefaultTrackingModeSet = null
    sessionManagerConfig = null
    displayName = "Liberty Project"
    description = null
    reloadInterval = 0
    distributable = false
    denyUncoveredHttpMethods = false
    reloadingEnabled = false
    serveServletsByClassnameEnabled = null
    defaultErrorPage = null
    additionalClassPath = null
    fileServingEnabled = null
    directoryBrowsingEnabled = null
    autoRequestEncoding = false
    autoResponseEncoding = false
    autoLoadFilters = false
    requestListeners = null
    requestAttributeListeners = null
    sessionListeners = null
    localeMap = null
    moduleName = "FlightLogix"
    j2eeModuleName = "FlightLogix.war"
    moduleId = null
    isSyncToThreadEnabled = false
    encodeDispatchedRequestURI = false
    isSystemApp = false
    ardEnabled = false
    ardDispatchType = null
    listeners = class java.util.ArrayList@4427df91
      serialVersionUID = 8683452581122892189
      DEFAULT_CAPACITY = 10
      EMPTY_ELEMENTDATA = class java.lang.Object[0]
      DEFAULTCAPACITY_EMPTY_ELEMENTDATA = class java.lang.Object[0]
      elementData = class java.lang.Object[0]
      size = 0
      MAX_ARRAY_SIZE = 2147483639
      modCount = 0
      MAX_ARRAY_SIZE = 2147483639
    welcomeFileList = class java.util.ArrayList@7a2e37c6
      serialVersionUID = 8683452581122892189
      DEFAULT_CAPACITY = 10
      EMPTY_ELEMENTDATA = class java.lang.Object[0]
      DEFAULTCAPACITY_EMPTY_ELEMENTDATA = class java.lang.Object[0]
      elementData = class java.lang.Object[10]
      size = 1
      MAX_ARRAY_SIZE = 2147483639
      modCount = 1
      MAX_ARRAY_SIZE = 2147483639
    servletMappings = class java.util.HashMap@42ea528
      serialVersionUID = 362498820763181265
      DEFAULT_INITIAL_CAPACITY = 16
      MAXIMUM_CAPACITY = 1073741824
      DEFAULT_LOAD_FACTOR = 0.75
      TREEIFY_THRESHOLD = 8
      UNTREEIFY_THRESHOLD = 6
      MIN_TREEIFY_CAPACITY = 64
      table = null
      entrySet = null
      size = 0
      modCount = 0
      threshold = 0
      loadFactor = 0.75
      keySet = null
      values = null
    lastIndexBeforeDeclaredFilters = 0
    filterMappings = class java.util.ArrayList@70816a82
      serialVersionUID = 8683452581122892189
      DEFAULT_CAPACITY = 10
      EMPTY_ELEMENTDATA = class java.lang.Object[0]
      DEFAULTCAPACITY_EMPTY_ELEMENTDATA = class java.lang.Object[0]
      elementData = class java.lang.Object[0]
      size = 0
      MAX_ARRAY_SIZE = 2147483639
      modCount = 0
      MAX_ARRAY_SIZE = 2147483639
    servletInfo = class java.util.concurrent.ConcurrentHashMap@aa0f854
      serialVersionUID = 7249069246763182397
      MAXIMUM_CAPACITY = 1073741824
      DEFAULT_CAPACITY = 16
      MAX_ARRAY_SIZE = 2147483639
      DEFAULT_CONCURRENCY_LEVEL = 16
      LOAD_FACTOR = 0.75
      TREEIFY_THRESHOLD = 8
      UNTREEIFY_THRESHOLD = 6
      MIN_TREEIFY_CAPACITY = 64
      MIN_TRANSFER_STRIDE = 16
      RESIZE_STAMP_BITS = 16
      MAX_RESIZERS = 65535
      RESIZE_STAMP_SHIFT = 16
      MOVED = -1
      TREEBIN = -2
      RESERVED = -3
      HASH_BITS = 2147483647
      NCPU = 8
      serialPersistentFields = class java.io.ObjectStreamField[3]
      table = null
      nextTable = null
      baseCount = 0
      sizeCtl = 0
      transferIndex = 0
      cellsBusy = 0
      counterCells = null
      keySet = null
      values = class java.util.concurrent.ConcurrentHashMap$ValuesView@a8c3284
      entrySet = null
      U = class sun.misc.Unsafe@4c760b2
      SIZECTL = 20
      TRANSFERINDEX = 32
      BASECOUNT = 24
      CELLSBUSY = 36
      CELLVALUE = 144
      ABASE = 16
      ASHIFT = 2
      keySet = null
      values = null
    filterInfo = class java.util.HashMap@1bb6ec1
      serialVersionUID = 362498820763181265
      DEFAULT_INITIAL_CAPACITY = 16
      MAXIMUM_CAPACITY = 1073741824
      DEFAULT_LOAD_FACTOR = 0.75
      TREEIFY_THRESHOLD = 8
      UNTREEIFY_THRESHOLD = 6
      MIN_TREEIFY_CAPACITY = 64
      table = null
      entrySet = null
      size = 0
      modCount = 0
      threshold = 0
      loadFactor = 0.75
      keySet = null
      values = null
    mimeMappings = class java.util.HashMap@70cd9c3b
      serialVersionUID = 362498820763181265
      DEFAULT_INITIAL_CAPACITY = 16
      MAXIMUM_CAPACITY = 1073741824
      DEFAULT_LOAD_FACTOR = 0.75
      TREEIFY_THRESHOLD = 8
      UNTREEIFY_THRESHOLD = 6
      MIN_TREEIFY_CAPACITY = 64
      table = null
      entrySet = null
      size = 0
      modCount = 0
      threshold = 0
      loadFactor = 0.75
      keySet = null
      values = null
    mimeFilters = null
    isMimeFilteringEnabled = false
    theWebGroup = null
    jspAttributes = null
    fileServingAttributes = class java.util.HashMap@be32dda
      serialVersionUID = 362498820763181265
      DEFAULT_INITIAL_CAPACITY = 16
      MAXIMUM_CAPACITY = 1073741824
      DEFAULT_LOAD_FACTOR = 0.75
      TREEIFY_THRESHOLD = 8
      UNTREEIFY_THRESHOLD = 6
      MIN_TREEIFY_CAPACITY = 64
      table = null
      entrySet = null
      size = 0
      modCount = 0
      threshold = 0
      loadFactor = 0.75
      keySet = null
      values = null
    invokerAttributes = class java.util.HashMap@68c16aa
      serialVersionUID = 362498820763181265
      DEFAULT_INITIAL_CAPACITY = 16
      MAXIMUM_CAPACITY = 1073741824
      DEFAULT_LOAD_FACTOR = 0.75
      TREEIFY_THRESHOLD = 8
      UNTREEIFY_THRESHOLD = 6
      MIN_TREEIFY_CAPACITY = 64
      table = null
      entrySet = null
      size = 0
      modCount = 0
      threshold = 0
      loadFactor = 0.75
      keySet = null
      values = null
    contextParams = class java.util.HashMap@5c1bbddc
      serialVersionUID = 362498820763181265
      DEFAULT_INITIAL_CAPACITY = 16
      MAXIMUM_CAPACITY = 1073741824
      DEFAULT_LOAD_FACTOR = 0.75
      TREEIFY_THRESHOLD = 8
      UNTREEIFY_THRESHOLD = 6
      MIN_TREEIFY_CAPACITY = 64
      table = null
      entrySet = null
      size = 0
      modCount = 0
      threshold = 0
      loadFactor = 0.75
      keySet = null
      values = null
    virtualHost = null
    exceptionErrorPages = class java.util.HashMap@40abde20
      serialVersionUID = 362498820763181265
      DEFAULT_INITIAL_CAPACITY = 16
      MAXIMUM_CAPACITY = 1073741824
      DEFAULT_LOAD_FACTOR = 0.75
      TREEIFY_THRESHOLD = 8
      UNTREEIFY_THRESHOLD = 6
      MIN_TREEIFY_CAPACITY = 64
      table = null
      entrySet = null
      size = 0
      modCount = 0
      threshold = 0
      loadFactor = 0.75
      keySet = null
      values = null
    codeErrorPages = class java.util.HashMap@5234b612
      serialVersionUID = 362498820763181265
      DEFAULT_INITIAL_CAPACITY = 16
      MAXIMUM_CAPACITY = 1073741824
      DEFAULT_LOAD_FACTOR = 0.75
      TREEIFY_THRESHOLD = 8
      UNTREEIFY_THRESHOLD = 6
      MIN_TREEIFY_CAPACITY = 64
      table = null
      entrySet = null
      size = 0
      modCount = 0
      threshold = 0
      loadFactor = 0.75
      keySet = null
      values = null
    tagLibList = null
    precompileJsps = false
    webApp = class com.ibm.ws.webcontainer40.osgi.webapp.WebApp40@346bd3b8
      tc = class com.ibm.websphere.ras.TraceComponent@265f96d9
      servlet40NLS = class com.ibm.ejs.ras.TraceNLS@1043953c
      CLASS_NAME = "com.ibm.ws.webcontainer40.osgi.webapp.WebApp40"
      defaultSessionTimeout = 30
      tc = class com.ibm.websphere.ras.TraceComponent@349b1bf6
      CLASS_NAME = "com.ibm.ws.webcontainer31.osgi.webapp.WebApp31"
      servlet31NLS = class com.ibm.ejs.ras.TraceNLS@14c2e183
      validListenerClasses = class java.lang.Class[7]
      wsocServHandler = null
      tc = class com.ibm.websphere.ras.TraceComponent@420e2279
      CLASS_NAME = "com.ibm.ws.webcontainer.osgi.webapp.WebApp"
      metaDataService = class com.ibm.ws.container.service.metadata.internal.MetaDataServiceImpl@87a876c
      namespacePopulated = false
      referenceContext = class com.ibm.ws.injectionengine.osgi.internal.OSGiReferenceContextImpl@5fe62958
      j2eeNameFactory = class com.ibm.ws.container.service.metadata.internal.J2EENameFactoryImpl@368fbe7
      moduleLoader = class com.ibm.ws.classloading.internal.AppClassLoader@2e61f840
      webAppConfig = class com.ibm.ws.webcontainer.osgi.webapp.WebAppConfiguration@5204d42e
      extensionProcessingDisabled = false
      managedObjectService = class com.ibm.ws.cdi.impl.managedobject.CDIManagedObjectService@25dcf0
      internalServletMetaData = interface com.ibm.wsspi.webcontainer.metadata.WebComponentMetaData[2]
      loginProcessor = null
      logoutProcessor = null
      collabHelper = null
      envObject = class com.ibm.ws.util.WSThreadLocal@3cf9097f
      orderedLibPaths = class java.util.Collections$UnmodifiableRandomAccessList@63e4cbb
      perm = class com.ibm.websphere.security.WebSphereRuntimePermission@2aa2cc19
      WELCOME_FILE_LIST = "com.ibm.ws.webcontainer.config.WelcomeFileList"
      DIR_BROWSING_MAPPING = "__dirBrowsing__1617745653295"
      FILTER_PROXY_MAPPING = "/__filterProxy__1617745653295"
      logger = class com.ibm.ws.logging.internal.WsLogger@18b4bf3a
      CLASS_NAME = "com.ibm.ws.webcontainer.webapp.WebApp"
      loader = null
      facade = null
      features = class java.util.ArrayList@757eb2a4
      applicationName = null
      config = class com.ibm.ws.webcontainer.osgi.webapp.WebAppConfiguration@5204d42e
      securityEnabledForApp = null
      webExtensionProcessor = null
      production = true
      isServlet23 = false
      contextPath = null
      internalServletList = class [Ljava.lang.String;[2]
      BY_NAME_ONLY = "/_1617748285514_/"
      filterManager = null
      documentRoot = null
      SERVLET_API_VERSION = "Servlet 2.5"
      disableServletAuditLogging = -1
      serverInfo = null
      sessionCtx = null
      eventSource = class com.ibm.ws.webcontainer.webapp.WebAppEventSource@79c0b5e8
      nls = class com.ibm.ejs.ras.TraceNLS@8084125
      liberty_nls = class com.ibm.ejs.ras.TraceNLS@35e14fcb
      error_nls = class com.ibm.ejs.ras.TraceNLS@73c612e3
      sessionListeners = class java.util.ArrayList@4da8dbcc
      sessionIdListeners = class java.util.ArrayList@4dc3bb4f
      sessionAttrListeners = class java.util.ArrayList@60c28737
      addedSessionListeners = class java.util.ArrayList@1cd11132
      addedSessionAttrListeners = class java.util.ArrayList@172cdfdf
      servletContextListeners = class java.util.ArrayList@476517b6
      servletContextLAttrListeners = class java.util.ArrayList@33eacb52
      servletRequestListeners = class java.util.ArrayList@2726049c
      servletRequestLAttrListeners = class java.util.ArrayList@5605f580
      prependSlashToResource = false
      destroyed = false
      webAppNameSpaceCollab = null
      txCollab = null
      sessionActivationListeners = class java.util.ArrayList@39329051
      sessionBindingListeners = class java.util.ArrayList@5c677c7e
      scratchdir = null
      jspClassLoaderLimit = 0
      jspClassLoaderExclusionList = null
      jspClassLoadersMap = null
      jspClassLoaderLimitTrackIF = false
      defaultExtProc = null
      directoryBrowsingServlet = null
      cdiContexts = class java.util.concurrent.ConcurrentHashMap@4b72818a
      moduleConfig = null
      extensionFactories = null
      initialized = false
      lock = class com.ibm.ws.webcontainer.webapp.WebApp$1@3222c491
      afterServletContextCreated = false
      redirectContextRoot = false
      errorExceptionTypeFirst = false
      initFilterBeforeServletInit = false
      SET_400_SC_ON_TOO_MANY_PARENT_DIRS = false
      sortedServletConfigs = null
      effectiveMajorVersion = 0
      effectiveMinorVersion = 0
      canAddServletContextListener = true
      withinContextInitOfProgAddListener = false
      lastProgAddListenerInitialized = null
      webInfLibClassloader = null
      metaInfCache = class com.ibm.ws.webcontainer.webapp.WebApp$2@1f3f6a9c
      useMetaInfCache = true
      SUN_CONFIGURE_LISTENER_CLASSNAME = "com.sun.faces.config.ConfigureListener"
      MYFACES_LIFECYCLE_LISTENER_CLASSNAME = "org.apache.myfaces.webapp.StartupServletContextListener"
      JSF_IMPL_ENABLED_PARAM = "com.ibm.ws.jsf.JSF_IMPL_ENABLED"
      JSF_IMPL_ENABLED_CUSTOM = "Custom"
      JSF_IMPL_ENABLED_NONE = "None"
      staticDocRoot = null
      jspDocRoot = null
      container = class com.ibm.ws.adaptable.module.internal.AdaptableContainerImpl@5f195c77
      metaInfResourceFinder = class com.ibm.ws.webcontainer.util.MetaInfResourceFinder@785c7189
      postConstructMethods = class com.ibm.ws.webcontainer.webapp.WebApp$AnnotatedMethods@277dd1d9
      preDestroyMethods = class com.ibm.ws.webcontainer.webapp.WebApp$AnnotatedMethods@35f9feb
      OBJ_EMPTY = class java.lang.Object[0]
      CLASS_EMPTY = class java.lang.Class[0]
      DEFAULT_JSP_EXTENSIONS = class java.util.ArrayList@1715c617
      DEFER_SERVLET_REQUEST_LISTENER_DESTROY_ON_ERROR = false
      DO_ACCEPT_PARTIAL = true
      DO_NOT_ACCEPT_PARTIAL = false
      DO_ACCEPT_EXCLUDED = true
      DO_NOT_ACCEPT_EXCLUDED = false
      commands = class java.util.ArrayList@67507e96
      requestMapper = class com.ibm.wsspi.webcontainer.util.URIMapper@7c1b9bcc
      parent = null
      name = "FlightLogix"
      isAlive = true
      subElements = null
      attributes = class java.util.concurrent.ConcurrentHashMap@35216e8f
      config = null
      serialVersionUID = -8271459000149267764
      $$$tc$$$ = class com.ibm.websphere.ras.TraceComponent@35bf333
    virtualHostList = class java.util.Collections$EmptyList@25a4ade0
      serialVersionUID = 8842843931221139166
      modCount = 0
      MAX_ARRAY_SIZE = 2147483639
    appStartupWeight = 0
    moduleStartupWeight = 0
    metaDataComplete = false
    classesToScan = class java.util.ArrayList@351f6db4
      serialVersionUID = 8683452581122892189
      DEFAULT_CAPACITY = 10
      EMPTY_ELEMENTDATA = class java.lang.Object[0]
      DEFAULTCAPACITY_EMPTY_ELEMENTDATA = class java.lang.Object[0]
      elementData = class java.lang.Object[0]
      size = 0
      MAX_ARRAY_SIZE = 2147483639
      modCount = 0
      MAX_ARRAY_SIZE = 2147483639
    uriFilterMappingInfos = null
    servletFilterMappingInfos = null
    dynamicServletRegistrationMap = null
    applicationName = "FlightLogix"
    libBinPathList = null
    webXmlDefinedListeners = class java.util.HashSet@2bdbefe9
      serialVersionUID = -5024744406713321676
      map = class java.util.HashMap@30b005a2
      PRESENT = class java.lang.Object@441140c9
      MAX_ARRAY_SIZE = 2147483639
    allRefs = class java.util.EnumMap@5c2858a6
      keyType = class java.lang.Class@6d034bda
      keyUniverse = class com.ibm.wsspi.injectionengine.JNDIEnvironmentRefType[14]
      vals = class java.lang.Object[14]
      size = 0
      NULL = class java.util.EnumMap$1@475400a2
      ZERO_LENGTH_ENUM_ARRAY = class java.lang.Enum[0]
      entrySet = null
      serialVersionUID = 458661240069192865
      keySet = null
      values = null
    allRefBindings = class java.util.EnumMap@3634a688
      keyType = class java.lang.Class@6d034bda
      keyUniverse = class com.ibm.wsspi.injectionengine.JNDIEnvironmentRefType[14]
      vals = class java.lang.Object[14]
      size = 6
      NULL = class java.util.EnumMap$1@475400a2
      ZERO_LENGTH_ENUM_ARRAY = class java.lang.Enum[0]
      entrySet = null
      serialVersionUID = 458661240069192865
      keySet = null
      values = null
    envEntryValues = null
    resourceRefConfigList = null
    disallowAllFileServingProp = "false"
    disallowServeServletsByClassnameProp = "true"
    disableStaticMappingCache = false
    jspCachedLocations = null
    primedSTSHeader = "NoValue"
    enablemultireadofpostdata = false
    requestEncoding = null
    responseEncoding = null
    NULLSERVLETNAME = "com.ibm.ws.webcontainer.NullServletName"
    _id = "WebAppGeneratedId25"
    _attributes = null
    serialVersionUID = 7511545662945734886
    $$$tc$$$ = class com.ibm.websphere.ras.TraceComponent@2e38b8f
      strings[0] = "TraceComponent[com.ibm.ws.container.BaseConfiguration,class com.ibm.ws.container.BaseConfiguration,[],null,null]"
  _isServlet23OrHigher = false
  jspComponentMetaData = null
  sessionCookieNameInUse = null
  mBeanServiceReg = null
  tc = class com.ibm.websphere.ras.TraceComponent@59b7a319
    strings[0] = "TraceComponent[com.ibm.ws.runtime.metadata.MetaDataImpl,class com.ibm.ws.runtime.metadata.MetaDataImpl,[Runtime],null,null]"
  NUM_STATIC_SLOTS = 4
  ID_UNINITIALIZED = -1
  id = -1
  metaDataInterface = class java.lang.Class@10cf3ad9
    ANNOTATION = 8192
    ENUM = 16384
    SYNTHETIC = 4096
    cachedConstructor = null
    newInstanceCallerCache = null
    name = null
    allPermDomain = class java.security.ProtectionDomain@1690aa4a
      codesource = null
      classloader = null
      principals = interface java.security.Principal[0]
      permissions = class java.security.Permissions@75dfe157
      hasAllPerm = true
      staticPermissions = true
      key = class java.security.ProtectionDomain$Key@3f1a0e00
      debug = null
    useCaches = true
    reflectionData = null
    classRedefinedCount = 0
    genericInfo = null
    serialVersionUID = 3206093459760846163
    serialPersistentFields = class java.io.ObjectStreamField[0]
    reflectionFactory = class sun.reflect.ReflectionFactory@4bdd513f
      initted = true
      reflectionFactoryAccessPerm = class java.lang.RuntimePermission@23ba3eb6
      soleInstance = class sun.reflect.ReflectionFactory@4bdd513f
      langReflectAccess = class java.lang.reflect.ReflectAccess@75197c67
      hasStaticInitializerMethod = null
      noInflation = true
      inflationThreshold = 15
    initted = true
    enumConstants = null
    enumConstantDirectory = null
    annotationData = null
    annotationType = null
    classValueMap = null
  staticSlots = class java.lang.Object[4]
    Object[0] = class com.ibm.ws.jaxrs20.metadata.JaxRsModuleMetaData@78881f37
      tc = class com.ibm.websphere.ras.TraceComponent@7f2a7f62
      serverMetaData = null
      name = null
      appContextClassLoader = class com.ibm.ws.classloading.internal.ThreadContextClassLoader@339220af
      j2EEName = class com.ibm.ws.container.service.metadata.internal.J2EENameImpl@31cd7281
      moduleContainer = class com.ibm.ws.adaptable.module.internal.AdaptableContainerImpl@5f195c77
      moduleInfo = class com.ibm.ws.app.manager.module.internal.WebModuleInfoImpl@19ca98c0
      managedAppRef = null
      jaxrsModuleSlot = class com.ibm.ws.runtime.metadata.MetaDataSlotImpl@416986ef
      enclosingModuleMetaDatas = class java.util.ArrayList@58e13c4b
      serialVersionUID = -7464020320882459427
    Object[1] = class com.ibm.ws.injectionengine.osgi.internal.OSGiInjectionScopeData@c580368
      tc = class com.ibm.websphere.ras.TraceComponent@24f85baa
      namespace = class com.ibm.ws.container.service.naming.NamingConstants$JavaColonNamespace@1cff4474
      parent = class com.ibm.ws.injectionengine.osgi.internal.OSGiInjectionScopeData@4a7e0f07
      compLock = null
      compEnvBindings = null
      compBindings = null
      contributedBindings = null
      nonCompEnvLock = class java.util.concurrent.locks.ReentrantReadWriteLock@2e8c587d
      nonCompBindings = null
      savedNonCompEnvBindings = null
      deferredReferenceDataEnabled = false
      deferredReferenceDatas = class java.util.LinkedHashMap@edb47e0
      serialVersionUID = 8824531358335413825
      CLASS_NAME = "com.ibm.ws.injectionengine.InjectionScopeData"
      tc = class com.ibm.websphere.ras.TraceComponent@5740a7ab
      ivJ2EEName = class com.ibm.ws.container.service.metadata.internal.J2EENameImpl@31cd7281
      ivLogicalAppName = null
      ivDestroyed = false
      ivInjectableEnvEntries = null
      ivDefinitionReferences = null
      ivReferenceContext = class com.ibm.ws.injectionengine.osgi.internal.OSGiReferenceContextImpl@5fe62958
    Object[2] = null
    Object[3] = null
  dynamicSlots = null

Dump of objectArray[1]
Object type = com.ibm.ws.adaptable.module.internal.AdaptableContainerImpl
  root = class com.ibm.ws.adaptable.module.internal.AdaptableContainerImpl@5f195c77
  rootOverlay = class com.ibm.ws.artifact.overlay.internal.DirectoryBasedOverlayContainerImpl@6a2dac6
    base = class com.ibm.ws.artifact.loose.internal.LooseArchive@304556e5
      cacheDir = class java.io.File@4968c7fe
      xmlFile = class java.io.File@338a8d9e
      parent = null
      cfh = class com.ibm.ws.artifact.loose.internal.LooseContainerFactoryHelper@14b78a64
      pathInParent = null
      _entries = class java.util.ArrayList@2499aa9c
      tc = class com.ibm.websphere.ras.TraceComponent@130c26b3
      artifactNotifier = class com.ibm.ws.artifact.loose.internal.LooseArtifactNotifier@3dfa0d75
      serialVersionUID = 345486831272892625
    maskSet = class java.util.HashSet@31cae631
      serialVersionUID = -5024744406713321676
      map = class java.util.HashMap@7028d3d8
      PRESENT = class java.lang.Object@441140c9
      MAX_ARRAY_SIZE = 2147483639
    cfHolder = class com.ibm.ws.artifact.overlay.internal.OverlayContainerFactoryImpl@5703c9d7
      containerFactory = class com.ibm.ws.artifact.internal.ArtifactContainerFactoryService@4e7ebc98
      registeredContainers = class com.ibm.ws.artifact.overlay.internal.DirectoryBasedOverlayContainerRegistry@de74f49
      serialVersionUID = -6737526700663704564
      $$$tc$$$ = class com.ibm.websphere.ras.TraceComponent@59c96892
    fileOverlayContainer = class com.ibm.ws.artifact.file.internal.FileContainer@5d43253a
      containerFactoryHolder = class com.ibm.ws.artifact.file.internal.FileContainerFactory@2f81bd28
      parent = null
      thisInParent = null
      dir = class java.io.File@651f6ded
      cacheDir = class java.io.File@7ff7edd5
      isRoot = true
      root = class com.ibm.ws.artifact.file.internal.FileContainer@5d43253a
      artifactNotifier = class com.ibm.ws.artifact.file.FileArtifactNotifier@51fb4986
      serialVersionUID = 556130772302156267
      $$$tc$$$ = class com.ibm.websphere.ras.TraceComponent@23602c4d
    overlayDirectory = class java.io.File@651f6ded
      fs = class java.io.WinNTFileSystem@6799d891
      path = "C:\Users\felix\Desktop\FlightLogix\FlightLogix\target\liberty\wlp\usr\servers\defaultServer\workarea\org.eclipse.osgi\71\data\cacheAdapt\com.ibm.ws.app.manager_21\.overlay"
      status = class java.io.File$PathStatus@198cfd09
      prefixLength = 3
      separatorChar = \
      separator = "\"
      pathSeparatorChar = ;
      pathSeparator = ";"
      PATH_OFFSET = 16
      PREFIX_LENGTH_OFFSET = 12
      UNSAFE = class sun.misc.Unsafe@4c760b2
      serialVersionUID = 301077366599181567
      filePath = null
      $assertionsDisabled = true
    cacheDirForOverlay = class java.io.File@7ff7edd5
      fs = class java.io.WinNTFileSystem@6799d891
      path = "C:\Users\felix\Desktop\FlightLogix\FlightLogix\target\liberty\wlp\usr\servers\defaultServer\workarea\org.eclipse.osgi\71\data\cacheOverlay\com.ibm.ws.app.manager_21"
      status = class java.io.File$PathStatus@198cfd09
      prefixLength = 3
      separatorChar = \
      separator = "\"
      pathSeparatorChar = ;
      pathSeparator = ";"
      PATH_OFFSET = 16
      PREFIX_LENGTH_OFFSET = 12
      UNSAFE = class sun.misc.Unsafe@4c760b2
      serialVersionUID = 301077366599181567
      filePath = null
      $assertionsDisabled = true
    overlayNotifier = class com.ibm.ws.artifact.overlay.internal.DirectoryBasedOverlayNotifier@19ea7774
      root = class com.ibm.ws.artifact.overlay.internal.DirectoryBasedOverlayContainerImpl@6a2dac6
      overlayContainer = class com.ibm.ws.artifact.file.internal.FileContainer@5d43253a
      overlaidContainer = class com.ibm.ws.artifact.loose.internal.LooseArchive@304556e5
      listeningToContainers = true
      listeners = class java.util.concurrent.ConcurrentHashMap@3afc04be
      pathsMonitored = class java.util.HashSet@3d2a08fd
      parentNotifier = null
      pathOfEntryInParent = null
      id = null
      serialVersionUID = -5716655730663296309
      $$$tc$$$ = class com.ibm.websphere.ras.TraceComponent@41ba5196
    enclosingContainer = null
    entryInEnclosingContainer = null
    nestedOverlays = class java.util.concurrent.ConcurrentHashMap@5d44fb86
      serialVersionUID = 7249069246763182397
      MAXIMUM_CAPACITY = 1073741824
      DEFAULT_CAPACITY = 16
      MAX_ARRAY_SIZE = 2147483639
      DEFAULT_CONCURRENCY_LEVEL = 16
      LOAD_FACTOR = 0.75
      TREEIFY_THRESHOLD = 8
      UNTREEIFY_THRESHOLD = 6
      MIN_TREEIFY_CAPACITY = 64
      MIN_TRANSFER_STRIDE = 16
      RESIZE_STAMP_BITS = 16
      MAX_RESIZERS = 65535
      RESIZE_STAMP_SHIFT = 16
      MOVED = -1
      TREEBIN = -2
      RESERVED = -3
      HASH_BITS = 2147483647
      NCPU = 8
      serialPersistentFields = class java.io.ObjectStreamField[3]
      table = class java.util.concurrent.ConcurrentHashMap$Node[32]
      nextTable = null
      baseCount = 13
      sizeCtl = 24
      transferIndex = 0
      cellsBusy = 0
      counterCells = null
      keySet = null
      values = null
      entrySet = null
      U = class sun.misc.Unsafe@4c760b2
      SIZECTL = 20
      TRANSFERINDEX = 32
      BASECOUNT = 24
      CELLSBUSY = 36
      CELLVALUE = 144
      ABASE = 16
      ASHIFT = 2
      keySet = null
      values = null
    cacheStore = class com.ibm.ws.artifact.overlay.internal.OverlayCache@43aa85c6
      cache = class java.util.HashMap@5523e7a4
      serialVersionUID = 4443220618296337968
      $$$tc$$$ = class com.ibm.websphere.ras.TraceComponent@6ce2fb58
    parentOverlay = null
    isPassThroughMode = true
    serialVersionUID = -6650153487216279998
    $$$tc$$$ = class com.ibm.websphere.ras.TraceComponent@3830eac9
      strings[0] = "TraceComponent[com.ibm.ws.artifact.overlay.internal.DirectoryBasedOverlayContainerImpl,class com.ibm.ws.artifact.overlay.internal.DirectoryBasedOverlayContainerImpl,[archive.overlay],null,null]"
  factoryHolder = class com.ibm.ws.adaptable.module.internal.AdaptableModuleFactoryImpl@73a96c71
    adapterFactoryService = class com.ibm.ws.adaptable.module.internal.AdapterFactoryServiceImpl@73cb4283
      toType = "toType"
      priv = class com.ibm.ws.kernel.service.util.SecureAction@55f9bed7
      containerHelperMap = class com.ibm.wsspi.kernel.service.utils.ConcurrentServiceReferenceSetMap@1e7732c
      entryHelperMap = class com.ibm.wsspi.kernel.service.utils.ConcurrentServiceReferenceSetMap@33e3ce71
      containerToTypes = class java.util.Collections$SynchronizedSet@362d153d
      entryToTypes = class java.util.Collections$SynchronizedSet@2e3a0a29
      baseProperties = class org.apache.felix.scr.impl.helper.ReadOnlyDictionary@147e72d1
      registration = class com.ibm.ws.kernel.service.util.ServiceRegistrationModifier@39c3b669
      serialVersionUID = 292472261820243508
      $$$tc$$$ = class com.ibm.websphere.ras.TraceComponent@3c237dd3
    containerFactory = class com.ibm.ws.artifact.internal.ArtifactContainerFactoryService@4e7ebc98
      CATEGORY_PROP_NAME = "category"
      ENTRY_KEY = "com.ibm.wsspi.artifact.ArtifactEntry"
      helperMap = class com.ibm.wsspi.kernel.service.utils.ConcurrentServiceReferenceSetMap@29924f7f
      contributorMap = class com.ibm.wsspi.kernel.service.utils.ConcurrentServiceReferenceSetMap@91fa162
      helperCategoryMap = class com.ibm.wsspi.kernel.service.utils.ConcurrentServiceReferenceSetMap@64b953cc
      contributorCategoryMap = class com.ibm.wsspi.kernel.service.utils.ConcurrentServiceReferenceSetMap@1dd22938
      categories = class java.util.Collections$SynchronizedSet@2600644a
      baseProperties = class org.apache.felix.scr.impl.helper.ReadOnlyDictionary@5260d559
      registration = class com.ibm.ws.kernel.service.util.ServiceRegistrationModifier@7ce9dbea
      serialVersionUID = 6566424214406946230
      $$$tc$$$ = class com.ibm.websphere.ras.TraceComponent@69648f83
    overlayContainerFactory = class com.ibm.ws.artifact.overlay.internal.OverlayContainerFactoryImpl@5703c9d7
    serialVersionUID = 4200251809856292987
    $$$tc$$$ = class com.ibm.websphere.ras.TraceComponent@5e7becba
      strings[0] = "TraceComponent[com.ibm.ws.adaptable.module.internal.AdaptableModuleFactoryImpl,class com.ibm.ws.adaptable.module.internal.AdaptableModuleFactoryImpl,[archive.adaptable],null,null]"
  delegate = class com.ibm.ws.artifact.overlay.internal.DirectoryBasedOverlayContainerImpl@6a2dac6
  notifier = class com.ibm.ws.adaptable.module.internal.NotifierImpl@6dcd9864
    root = class com.ibm.ws.adaptable.module.internal.AdaptableContainerImpl@5f195c77
    delegateNotifier = class com.ibm.ws.artifact.overlay.internal.DirectoryBasedOverlayNotifier@19ea7774
    delegateRoot = class com.ibm.ws.artifact.overlay.internal.DirectoryBasedOverlayContainerImpl@6a2dac6
    listenerDelegates = class java.util.HashMap@3f34123
      serialVersionUID = 362498820763181265
      DEFAULT_INITIAL_CAPACITY = 16
      MAXIMUM_CAPACITY = 1073741824
      DEFAULT_LOAD_FACTOR = 0.75
      TREEIFY_THRESHOLD = 8
      UNTREEIFY_THRESHOLD = 6
      MIN_TREEIFY_CAPACITY = 64
      table = class java.util.HashMap$Node[16]
      entrySet = null
      size = 3
      modCount = 3
      threshold = 12
      loadFactor = 0.75
      keySet = null
      values = null
    serialVersionUID = 6839382523957017880
    $$$tc$$$ = class com.ibm.websphere.ras.TraceComponent@4add7282
      strings[0] = "TraceComponent[com.ibm.ws.adaptable.module.internal.NotifierImpl,class com.ibm.ws.adaptable.module.internal.NotifierImpl,[archive.adaptable],null,null]"
  serialVersionUID = -5950528200509051684
  $$$tc$$$ = class com.ibm.websphere.ras.TraceComponent@7c7b451b
    strings[0] = "TraceComponent[com.ibm.ws.adaptable.module.internal.AdaptableContainerImpl,class com.ibm.ws.adaptable.module.internal.AdaptableContainerImpl,[archive.adaptable],null,null]"

Dump of objectArray[2]
Object type = com.ibm.ws.jaxrs20.metadata.JaxRsModuleInfo
  serialVersionUID = -8116043459266953308
  moduleType = class com.ibm.ws.jaxrs20.metadata.JaxRsModuleType@59ea165c
    WEB = class com.ibm.ws.jaxrs20.metadata.JaxRsModuleType@59ea165c
    EJB = class com.ibm.ws.jaxrs20.metadata.JaxRsModuleType@3935debd
      WEB = class com.ibm.ws.jaxrs20.metadata.JaxRsModuleType@59ea165c
      EJB = class com.ibm.ws.jaxrs20.metadata.JaxRsModuleType@3935debd
      $VALUES = class com.ibm.ws.jaxrs20.metadata.JaxRsModuleType[2]
      name = "EJB"
      ordinal = 1
    $VALUES = class com.ibm.ws.jaxrs20.metadata.JaxRsModuleType[2]
      JaxRsModuleType[0] = class com.ibm.ws.jaxrs20.metadata.JaxRsModuleType@59ea165c
      JaxRsModuleType[1] = class com.ibm.ws.jaxrs20.metadata.JaxRsModuleType@3935debd
    name = "WEB"
    ordinal = 0
  endpointInfoMap = class java.util.HashMap@64371add
    serialVersionUID = 362498820763181265
    DEFAULT_INITIAL_CAPACITY = 16
    MAXIMUM_CAPACITY = 1073741824
    DEFAULT_LOAD_FACTOR = 0.75
    TREEIFY_THRESHOLD = 8
    UNTREEIFY_THRESHOLD = 6
    MIN_TREEIFY_CAPACITY = 64
    table = null
    entrySet = null
    size = 0
    modCount = 0
    threshold = 0
    loadFactor = 0.75
    keySet = null
    values = null
  isShareEJBJarWithJAXWS = false
  $$$tc$$$ = class com.ibm.websphere.ras.TraceComponent@f3f4aa6
    strings[0] = "TraceComponent[com.ibm.ws.jaxrs20.metadata.JaxRsModuleInfo,class com.ibm.ws.jaxrs20.metadata.JaxRsModuleInfo,[],null,null]"

