------Start of DE processing------ = [4/6/21 23:28:33:242 EDT]
Exception = com.ibm.ws.container.service.state.StateChangeException
Source = com.ibm.ws.app.manager.module.internal.SimpleDeployedAppInfoBase
probeid = 548
Stack Dump = com.ibm.ws.container.service.state.StateChangeException: org.jboss.weld.exceptions.DeploymentException: WELD-001408: Unsatisfied dependencies for type AmadeusAPICaller with qualifiers @Default
  at injection point [BackedAnnotatedField] @Inject com.FlightLogix.Service.apis.BookingResource.apiCaller
  at com.FlightLogix.Service.apis.BookingResource.apiCaller(BookingResource.java:0)

	at com.ibm.ws.container.service.state.internal.ApplicationStateManager.fireStarting(ApplicationStateManager.java:55)
	at com.ibm.ws.container.service.state.internal.StateChangeServiceImpl.fireApplicationStarting(StateChangeServiceImpl.java:50)
	at com.ibm.ws.app.manager.module.internal.SimpleDeployedAppInfoBase.preDeployApp(SimpleDeployedAppInfoBase.java:547)
	at com.ibm.ws.app.manager.module.internal.SimpleDeployedAppInfoBase.installApp(SimpleDeployedAppInfoBase.java:508)
	at com.ibm.ws.app.manager.module.internal.DeployedAppInfoBase.deployApp(DeployedAppInfoBase.java:349)
	at com.ibm.ws.app.manager.war.internal.WARApplicationHandlerImpl.install(WARApplicationHandlerImpl.java:65)
	at com.ibm.ws.app.manager.internal.statemachine.StartAction.execute(StartAction.java:149)
	at com.ibm.ws.app.manager.internal.statemachine.ApplicationStateMachineImpl.enterState(ApplicationStateMachineImpl.java:1352)
	at com.ibm.ws.app.manager.internal.statemachine.ApplicationStateMachineImpl.run(ApplicationStateMachineImpl.java:897)
	at com.ibm.ws.threading.internal.ExecutorServiceImpl$RunnableWrapper.run(ExecutorServiceImpl.java:238)
	at java.util.concurrent.ThreadPoolExecutor.runWorker(ThreadPoolExecutor.java:1149)
	at java.util.concurrent.ThreadPoolExecutor$Worker.run(ThreadPoolExecutor.java:624)
	at java.lang.Thread.run(Thread.java:748)
Caused by: org.jboss.weld.exceptions.DeploymentException: WELD-001408: Unsatisfied dependencies for type AmadeusAPICaller with qualifiers @Default
  at injection point [BackedAnnotatedField] @Inject com.FlightLogix.Service.apis.BookingResource.apiCaller
  at com.FlightLogix.Service.apis.BookingResource.apiCaller(BookingResource.java:0)

	at org.jboss.weld.bootstrap.Validator.validateInjectionPointForDeploymentProblems(Validator.java:378)
	at org.jboss.weld.bootstrap.Validator.validateInjectionPoint(Validator.java:290)
	at org.jboss.weld.bootstrap.Validator.validateGeneralBean(Validator.java:143)
	at org.jboss.weld.bootstrap.Validator.validateRIBean(Validator.java:164)
	at org.jboss.weld.bootstrap.Validator.validateBean(Validator.java:526)
	at org.jboss.weld.bootstrap.ConcurrentValidator$1.doWork(ConcurrentValidator.java:64)
	at org.jboss.weld.bootstrap.ConcurrentValidator$1.doWork(ConcurrentValidator.java:62)
	at org.jboss.weld.executor.IterativeWorkerTaskFactory$1.call(IterativeWorkerTaskFactory.java:62)
	at org.jboss.weld.executor.IterativeWorkerTaskFactory$1.call(IterativeWorkerTaskFactory.java:55)
	at java.util.concurrent.FutureTask.run(FutureTask.java:266)
	... 3 more

Dump of callerThis
Object type = com.ibm.ws.app.manager.war.internal.WARDeployedAppInfo
  CONTEXT_ROOT = "context-root"
  webContainerModuleInfo = class com.ibm.ws.app.manager.module.internal.SimpleDeployedAppInfoBase$WebModuleContainerInfo@4a0cc616
    contextRoot = "/"
    defaultContextRoot = "FlightLogix"
    serialVersionUID = 4617657913043497664
    $$$tc$$$ = class com.ibm.websphere.ras.TraceComponent@dce74cf
      strings[0] = "TraceComponent[com.ibm.ws.app.manager.module.internal.SimpleDeployedAppInfoBase$WebModuleContainerInfo,class com.ibm.ws.app.manager.module.internal.SimpleDeployedAppInfoBase$WebModuleContainerInfo,[applications, app.manager],null,null]"
    moduleHandler = class com.ibm.ws.app.manager.web.internal.WebModuleHandlerImpl@11ba1749
      serialVersionUID = 4795602325763828210
      $$$tc$$$ = class com.ibm.websphere.ras.TraceComponent@781add34
      futureMonitor = class com.ibm.ws.threading.internal.FutureMonitorImpl@35a95888
      metaDataService = class com.ibm.ws.container.service.metadata.internal.MetaDataServiceImpl@5bc92bc2
      stateChangeService = class com.ibm.ws.container.service.state.internal.StateChangeServiceImpl@5438fa78
      moduleRuntimeContainer = class com.ibm.ws.webcontainer.osgi.WebContainer@131235dc
      firstFailure = null
      serialVersionUID = -4563697739413190872
      $$$tc$$$ = class com.ibm.websphere.ras.TraceComponent@26455477
    moduleMetaDataExtenders = class java.util.Collections$UnmodifiableRandomAccessList@6d7278db
      serialVersionUID = -2542308836966382001
      serialVersionUID = -283967356065247728
      list = class java.util.concurrent.CopyOnWriteArrayList@46774841
      serialVersionUID = 1820017752578914078
      c = class java.util.concurrent.CopyOnWriteArrayList@46774841
    nestedModuleMetaDataFactories = class java.util.Collections$UnmodifiableRandomAccessList@5619e307
      serialVersionUID = -2542308836966382001
      serialVersionUID = -283967356065247728
      list = class java.util.concurrent.CopyOnWriteArrayList@383e1d01
      serialVersionUID = 1820017752578914078
      c = class java.util.concurrent.CopyOnWriteArrayList@383e1d01
    nestedModules = null
    moduleName = "FlightLogix"
    moduleDD = class com.ibm.ws.javaee.ddmodel.web.common.WebAppType@6600beaa
      version = class com.ibm.ws.javaee.ddmodel.TokenType@c0e5d27
      metadata_complete = null
      module_name = null
      absolute_ordering = null
      serialVersionUID = 4092807504738198665
      $$$tc$$$ = class com.ibm.websphere.ras.TraceComponent@69d47831
      description = null
      display_name = class com.ibm.ws.javaee.ddmodel.common.DisplayNameType$ListType@42e90ed3
      icon = null
      distributable = null
      context_param = null
      filter = null
      filter_mapping = null
      listener = null
      servlet = null
      servlet_mapping = null
      session_config = null
      mime_mapping = null
      welcome_file_list = class com.ibm.ws.javaee.ddmodel.web.common.WelcomeFileListType@3e750819
      error_page = null
      jsp_config = null
      security_constraint = null
      deny_uncovered_http_methods = null
      login_config = null
      security_role = null
      message_destination = null
      locale_encoding_mapping_list = null
      default_context_path = null
      request_encoding = null
      response_encoding = null
      servletNameToServletMap = null
      filterNameToFilterMap = null
      ejbRefNameToEJBLocalRefMap = null
      ejbRefNameToEJBRefMap = null
      resourceEnvRefNameToResourceEnvRefMap = null
      messageDestinationRefNameToMessageDestinationRefMap = null
      resRefNameToResourceRefMap = null
      envEntryNameToEnvEntryMap = null
      roleNameToSecurityRoleMap = null
      roleLinkToSecurityRoleRefMap = null
      handlerNameToHandlerMap = null
      path = "WEB-INF/web.xml"
      idMap = class com.ibm.ws.javaee.ddmodel.DDParser$ComponentIDMap@4a8d5b18
      serialVersionUID = 5321339975883512588
      $$$tc$$$ = class com.ibm.websphere.ras.TraceComponent@41b70670
      post_construct = null
      pre_destroy = null
      serialVersionUID = 1102064201943992836
      $$$tc$$$ = class com.ibm.websphere.ras.TraceComponent@7411f378
      env_entry = null
      ejb_ref = null
      ejb_local_ref = null
      resource_ref = null
      resource_env_ref = null
      message_destination_ref = null
      persistence_context_ref = null
      persistence_unit_ref = null
      data_source = null
      jms_connection_factory = null
      jms_destination = null
      mail_session = null
      connection_factory = null
      administered_object = null
      serialVersionUID = 8931982405528922228
      $$$tc$$$ = class com.ibm.websphere.ras.TraceComponent@1f7a5ad4
      service_ref = null
      serialVersionUID = -6199862059825607270
      $$$tc$$$ = class com.ibm.websphere.ras.TraceComponent@23216d4a
      nilled = false
      serialVersionUID = -2826386306561723362
      $$$tc$$$ = class com.ibm.websphere.ras.TraceComponent@36506872
    moduleInfo = class com.ibm.ws.app.manager.module.internal.WebModuleInfoImpl@2a4bb363
      contextRoot = "/"
      isDefaultContextRootUsed = false
      defaultContextRoot = "FlightLogix"
      serialVersionUID = -6699247856069243844
      $$$tc$$$ = class com.ibm.websphere.ras.TraceComponent@48c9c1f2
      tc = class com.ibm.websphere.ras.TraceComponent@61a07ae5
      appInfo = class com.ibm.ws.container.service.app.deploy.internal.ApplicationInfoImpl@566e4d7
      moduleName = "FlightLogix"
      path = "FlightLogix.war"
      moduleContainer = class com.ibm.ws.adaptable.module.internal.AdaptableContainerImpl@74472f2a
      altDDEntry = null
      moduleClassesContainers = class java.util.ArrayList@67d99762
      classLoaderFactory = class com.ibm.ws.app.manager.war.internal.WARDeployedAppInfo@21a38840
      containerInfoType = class com.ibm.ws.container.service.app.deploy.ContainerInfo$Type@14cf82b4
      classLoader = class com.ibm.ws.classloading.internal.AppClassLoader@4f5b8b44
      moduleMetaData = class com.ibm.ws.webcontainer.osgi.metadata.WebModuleMetaDataImpl@27da8eb8
      nestedModuleMetaDataTypes = null
      nestedModuleMetaDataValues = null
      serialVersionUID = 3986734351620206554
    serialVersionUID = 5122721995888983779
    $$$tc$$$ = class com.ibm.websphere.ras.TraceComponent@1dd7f82
      strings[0] = "TraceComponent[com.ibm.ws.app.manager.module.internal.SimpleDeployedAppInfoBase$ModuleContainerInfoBase,class com.ibm.ws.app.manager.module.internal.SimpleDeployedAppInfoBase$ModuleContainerInfoBase,[applications, app.manager],null,null]"
    type = class com.ibm.ws.container.service.app.deploy.ContainerInfo$Type@14cf82b4
      MANIFEST_CLASSPATH = class com.ibm.ws.container.service.app.deploy.ContainerInfo$Type@6e5328f3
      WEB_INF_CLASSES = class com.ibm.ws.container.service.app.deploy.ContainerInfo$Type@446a0db1
      WEB_INF_LIB = class com.ibm.ws.container.service.app.deploy.ContainerInfo$Type@7ff3f754
      EAR_LIB = class com.ibm.ws.container.service.app.deploy.ContainerInfo$Type@1b22e6f7
      WEB_MODULE = class com.ibm.ws.container.service.app.deploy.ContainerInfo$Type@14cf82b4
      EJB_MODULE = class com.ibm.ws.container.service.app.deploy.ContainerInfo$Type@6cc151d0
      CLIENT_MODULE = class com.ibm.ws.container.service.app.deploy.ContainerInfo$Type@7852de7c
      RAR_MODULE = class com.ibm.ws.container.service.app.deploy.ContainerInfo$Type@18fbdf75
      JAR_MODULE = class com.ibm.ws.container.service.app.deploy.ContainerInfo$Type@146297c3
      SHARED_LIB = class com.ibm.ws.container.service.app.deploy.ContainerInfo$Type@724b1b4e
      $VALUES = class com.ibm.ws.container.service.app.deploy.ContainerInfo$Type[10]
      name = "WEB_MODULE"
      ordinal = 4
    name = "FlightLogix.war"
    container = class com.ibm.ws.adaptable.module.internal.AdaptableContainerImpl@74472f2a
    moduleClassLoaderFactory = class com.ibm.ws.app.manager.war.internal.WARDeployedAppInfo@21a38840
    altDDEntry = null
    classesContainerInfo = class java.util.ArrayList@67d99762
      serialVersionUID = 8683452581122892189
      DEFAULT_CAPACITY = 10
      EMPTY_ELEMENTDATA = class java.lang.Object[0]
      DEFAULTCAPACITY_EMPTY_ELEMENTDATA = class java.lang.Object[0]
      elementData = class java.lang.Object[15]
      size = 15
      MAX_ARRAY_SIZE = 2147483639
      modCount = 16
      MAX_ARRAY_SIZE = 2147483639
    serialVersionUID = 4636874131959542427
    $$$tc$$$ = class com.ibm.websphere.ras.TraceComponent@78ce7c2
      strings[0] = "TraceComponent[com.ibm.ws.app.manager.module.internal.SimpleDeployedAppInfoBase$ExtendedContainerInfo,class com.ibm.ws.app.manager.module.internal.SimpleDeployedAppInfoBase$ExtendedContainerInfo,[applications, app.manager],null,null]"
  DYNAMIC_IMPORT_PACKAGE_LIST = class java.util.Collections$UnmodifiableRandomAccessList@65866cc6
    serialVersionUID = -2542308836966382001
    serialVersionUID = -283967356065247728
    list = class java.util.Arrays$ArrayList@4c03b59f
      serialVersionUID = -2764017481108945198
      a = class java.lang.String[1]
      modCount = 0
      MAX_ARRAY_SIZE = 2147483639
    serialVersionUID = 1820017752578914078
    c = class java.util.Arrays$ArrayList@4c03b59f
  serialVersionUID = 6176035338244935179
  $$$tc$$$ = class com.ibm.websphere.ras.TraceComponent@2277bdf
    strings[0] = "TraceComponent[com.ibm.ws.app.manager.war.internal.WARDeployedAppInfo,class com.ibm.ws.app.manager.war.internal.WARDeployedAppInfo,[webcontainer, applications, app.manager],com.ibm.ws.app.manager.war.internal.resources.Messages,null]"
  _tc = class com.ibm.websphere.ras.TraceComponent@6fe02bc8
    strings[0] = "TraceComponent[com.ibm.ws.app.manager.module.internal.DeployedAppInfoBase,class com.ibm.ws.app.manager.module.internal.DeployedAppInfoBase,[app.manager],com.ibm.ws.app.manager.module.internal.resources.Messages,null]"
  PERMISSION_XML = "permissions.xml"
  applicationInformation = class com.ibm.ws.app.manager.internal.ApplicationInstallInfo@1f942ffd
    _config = class com.ibm.ws.app.manager.internal.ApplicationConfig@4f070da6
      tc = class com.ibm.websphere.ras.TraceComponent@2adcae5a
      _configPid = "com.ibm.ws.app.manager_14"
      _config = class com.ibm.ws.config.admin.ConfigurationDictionary@4935451
      _applicationManager = class com.ibm.ws.app.manager.ApplicationManager@4cbdd2fb
      _location = "FlightLogix.war"
      _type = "war"
      _name = "FlightLogix"
      _notificationBroadcasterSupport = class javax.management.NotificationBroadcasterSupport@7efcd877
      ONE_TIME_JANDEX_MSGS_DISPLAYED = true
      serialVersionUID = -2151423388299667431
    _handlerInfo = class java.util.concurrent.atomic.AtomicReference@6fd62b84
      serialVersionUID = -1848883965231344442
      unsafe = class sun.misc.Unsafe@524edd75
      valueOffset = 12
      value = class com.ibm.ws.app.manager.war.internal.WARDeployedAppInfo@21a38840
    _container = class java.util.concurrent.atomic.AtomicReference@4a8ccb3
      serialVersionUID = -1848883965231344442
      unsafe = class sun.misc.Unsafe@524edd75
      valueOffset = 12
      value = class com.ibm.ws.adaptable.module.internal.AdaptableContainerImpl@74472f2a
    _resolvedLocation = class java.util.concurrent.atomic.AtomicReference@3a7df01c
      serialVersionUID = -1848883965231344442
      unsafe = class sun.misc.Unsafe@524edd75
      valueOffset = 12
      value = class com.ibm.ws.kernel.service.location.internal.LocalFileResource@72d084a1
    _handler = class com.ibm.ws.app.manager.war.internal.WARApplicationHandlerImpl@4de0b0c8
      futureMonitor = class com.ibm.ws.threading.internal.FutureMonitorImpl@35a95888
      deployedAppFactory = class com.ibm.ws.app.manager.war.internal.WARDeployedAppInfoFactoryImpl@3d3c2524
      serialVersionUID = 4622845147410944782
      $$$tc$$$ = class com.ibm.websphere.ras.TraceComponent@682ad17c
    _ami = class java.util.concurrent.atomic.AtomicReference@133438fb
      serialVersionUID = -1848883965231344442
      unsafe = class sun.misc.Unsafe@524edd75
      valueOffset = 12
      value = class com.ibm.wsspi.application.handler.DefaultApplicationMonitoringInformation@468c4175
    _updateHandler = class com.ibm.ws.app.manager.internal.statemachine.ApplicationStateMachineImpl@513ba37a
      _tc = class com.ibm.websphere.ras.TraceComponent@118e89fd
      EMPTY_FUTURE_ARRAY = interface java.util.concurrent.Future[0]
      asmSequenceNumber = class java.util.concurrent.atomic.AtomicLong@6cff6776
      _qscaCounter = class java.util.concurrent.atomic.AtomicInteger@4ef74a18
      _failedThrowable = null
      _interruptibleLock = class com.ibm.ws.app.manager.internal.statemachine.ApplicationStateMachineImpl$2@56501cd1
      _interruptible = false
      _performingQueuedActions = true
      _queuedActions = class java.util.concurrent.ConcurrentLinkedQueue@20537f36
      _callbackState = class java.util.concurrent.atomic.AtomicReference@3700689d
      blockAppStartingFutures = class java.util.Collections$SetFromMap@435353ef
      waitingForAppHandlerFuture = class java.util.concurrent.atomic.AtomicReference@15b379c0
      waitingForExplicitStartFuture = class java.util.concurrent.atomic.AtomicReference@2ea21e8f
      startAfterFutures = class java.util.Collections$SetFromMap@1a52cf46
      completionListener = class java.util.concurrent.atomic.AtomicReference@43472bc8
      _notifyAppStopped = class java.util.concurrent.ConcurrentLinkedQueue@4db43719
      _notifyAppStarting = class java.util.concurrent.ConcurrentLinkedQueue@735c0e46
      _notifyAppInstallCalled = class java.util.concurrent.ConcurrentLinkedQueue@7ff8c794
      _notifyAppStarted = class java.util.concurrent.ConcurrentLinkedQueue@51bbac8
      _notifyAppRemoved = class java.util.concurrent.ConcurrentLinkedQueue@69fb598d
      _stateLock = class com.ibm.ws.app.manager.internal.statemachine.ApplicationStateMachineImpl$3@7ac644ca
      _internalState = class java.util.concurrent.atomic.AtomicReference@43bbe861
      _currentAction = class java.util.concurrent.atomic.AtomicReference@1b2ec724
      _rfa = class java.util.concurrent.atomic.AtomicReference@28aad2fd
      _appInstallInfo = class java.util.concurrent.atomic.AtomicReference@60022336
      _update = class java.util.concurrent.atomic.AtomicBoolean@7ce637b7
      _appConfig = class java.util.concurrent.atomic.AtomicReference@111cc8e8
      _nextAppConfig = class java.util.concurrent.atomic.AtomicReference@6f5fdd0c
      _appContainer = class java.util.concurrent.atomic.AtomicReference@1e354842
      _resolvedLocation = class java.util.concurrent.atomic.AtomicReference@53238fbc
      _handler = class java.util.concurrent.atomic.AtomicReference@240f46b8
      _asmSeqNo = 0
      _ctx = class org.eclipse.osgi.internal.framework.BundleContextImpl@4fe4af75
      _locAdmin = class com.ibm.ws.kernel.service.location.internal.WsLocationAdminImpl@38cb42f7
      _futureMonitor = class com.ibm.ws.threading.internal.FutureMonitorImpl@35a95888
      _artifactFactory = class com.ibm.ws.artifact.internal.ArtifactContainerFactoryService@62e85f35
      _moduleFactory = class com.ibm.ws.adaptable.module.internal.AdaptableModuleFactoryImpl@67121238
      _executorService = class com.ibm.ws.threading.internal.ExecutorServiceImpl@1ea6127
      _scheduledExecutorService = class com.ibm.ws.threading.internal.ScheduledExecutorImpl@4e7b40c9
      _asmHelper = class com.ibm.ws.app.manager.internal.ApplicationConfigurator$NamedApplication@61b96495
      _appMonitor = class com.ibm.ws.app.manager.internal.monitor.ApplicationMonitor@109ff538
      enterStateCalled = class java.util.concurrent.atomic.AtomicBoolean@6f0d92bb
      serialVersionUID = 7990273947104993494
      serialVersionUID = 300267208965883056
      $$$tc$$$ = class com.ibm.websphere.ras.TraceComponent@41f3a930
    serialVersionUID = 2630639237123415755
    $$$tc$$$ = class com.ibm.websphere.ras.TraceComponent@4d3e222b
      strings[0] = "TraceComponent[com.ibm.ws.app.manager.internal.ApplicationInstallInfo,class com.ibm.ws.app.manager.internal.ApplicationInstallInfo,[applications, app.manager],com.ibm.ws.app.manager.internal.resources.AppManagerMessages,null]"
  location = "C:\Users\felix\Desktop\FlightLogix\FlightLogix\target\liberty\wlp\usr\servers\defaultServer\apps\FlightLogix.war.xml"
  classLoadingService = class com.ibm.ws.classloading.internal.ClassLoadingServiceImpl@13933310
    tc = class com.ibm.websphere.ras.TraceComponent@1238b199
      strings[0] = "TraceComponent[com.ibm.ws.classloading.internal.ClassLoadingServiceImpl,class com.ibm.ws.classloading.internal.ClassLoadingServiceImpl,[ClassLoadingService],com.ibm.ws.classloading.internal.resources.ClassLoadingServiceMessages,null]"
    leakDetectionMap = class java.util.HashMap@568f467e
      serialVersionUID = 362498820763181265
      DEFAULT_INITIAL_CAPACITY = 16
      MAXIMUM_CAPACITY = 1073741824
      DEFAULT_LOAD_FACTOR = 0.75
      TREEIFY_THRESHOLD = 8
      UNTREEIFY_THRESHOLD = 6
      MIN_TREEIFY_CAPACITY = 64
      table = null
      entrySet = null
      size = 0
      modCount = 0
      threshold = 0
      loadFactor = 0.75
      keySet = null
      values = null
    appClassLoaders = class java.util.Collections$SetFromMap@7836dea8
      m = class java.util.WeakHashMap@7250be1c
      s = class java.util.WeakHashMap$KeySet@7261e9bb
      serialVersionUID = 2454657854757543876
      MAX_ARRAY_SIZE = 2147483639
    TCCL_LOCK_WAIT = 15000
    REFERENCE_GENERATORS = "generators"
    bundleContext = class org.eclipse.osgi.internal.framework.BundleContextImpl@3fe89a0e
      findHookName = "org.osgi.framework.hooks.bundle.FindHook"
      valid = true
      bundle = class org.eclipse.osgi.internal.framework.EquinoxBundle@224d6f23
      container = class org.eclipse.osgi.internal.framework.EquinoxContainer@2a08d797
      debug = class org.eclipse.osgi.internal.debug.Debug@21f64f46
      servicesInUse = class java.util.HashMap@4e21f6e7
      activator = null
      contextLock = class java.lang.Object@3dbaedbc
    aclStore = class com.ibm.ws.classloading.internal.util.CanonicalStore@29c8237c
      map = class java.util.concurrent.ConcurrentHashMap@4a3f702
      q = class com.ibm.ws.classloading.internal.util.RefQueue@6eb93337
      serialVersionUID = 6715157558227169968
      $$$tc$$$ = class com.ibm.websphere.ras.TraceComponent@35cc0008
    tcclStore = class com.ibm.ws.classloading.internal.util.CanonicalStore@21998734
      map = class java.util.concurrent.ConcurrentHashMap@8383b6c
      q = class com.ibm.ws.classloading.internal.util.RefQueue@28cde4e8
      serialVersionUID = 6715157558227169968
      $$$tc$$$ = class com.ibm.websphere.ras.TraceComponent@35cc0008
    tcclStoreLock = class java.util.concurrent.locks.ReentrantLock@d0989cf
      serialVersionUID = 7373984872572414699
      sync = class java.util.concurrent.locks.ReentrantLock$NonfairSync@36bf511c
    digraph = class org.eclipse.equinox.internal.region.StandardRegionDigraph@4384d558
      EMPTY_EDGE_SET = class java.util.Collections$UnmodifiableSet@3bd0ea5e
      monitor = class java.lang.Object@acec016
      regions = class java.util.HashMap@64c76742
      bundleIdToRegionMapping = class org.eclipse.equinox.internal.region.StandardBundleIdToRegionMapping@126c12eb
      edges = class java.util.HashMap@2e5298e2
      bundleContext = class org.eclipse.osgi.internal.framework.BundleContextImpl@56e8b606
      threadLocal = class java.lang.ThreadLocal@5260234e
      subgraphTraverser = class org.eclipse.equinox.internal.region.SubgraphTraverser@dc2b337
      bundleCollisionHook = class org.eclipse.equinox.internal.region.hook.RegionBundleCollisionHook@7fcb132e
      bundleEventHook = class org.eclipse.equinox.internal.region.hook.RegionBundleEventHook@45e401bd
      bundleFindHook = class org.eclipse.equinox.internal.region.hook.RegionBundleFindHook@164d301c
      serviceEventHook = class org.eclipse.equinox.internal.region.hook.RegionServiceEventHook@e8e62e9
      serviceFindHook = class org.eclipse.equinox.internal.region.hook.RegionServiceFindHook@29fb4275
      resolverHookFactory = class org.eclipse.equinox.internal.region.hook.RegionResolverHookFactory@4cf7571e
      origin = null
      originUpdateCount = -1
      updateCount = class java.util.concurrent.atomic.AtomicLong@3345434c
      defaultRegion = null
    redefiner = class com.ibm.ws.classloading.internal.util.ClassRedefiner@61538aed
      tc = class com.ibm.websphere.ras.TraceComponent@3ddb4ea3
      LS = "
"
      inst = class com.sun.proxy.$Proxy0@4e433285
      serialVersionUID = 2420101865139508526
    listener = class com.ibm.ws.classloading.internal.ClassLoadingServiceImpl$1@2bbfcd97
      this$0 = class com.ibm.ws.classloading.internal.ClassLoadingServiceImpl@13933310
      serialVersionUID = -9159707349812113172
      $$$tc$$$ = class com.ibm.websphere.ras.TraceComponent@3b417e6d
    classloaders = class java.util.Collections$SynchronizedMap@46f25ff3
      serialVersionUID = 1978198479659022715
      m = class java.util.HashMap@2fc19419
      mutex = class java.util.Collections$SynchronizedMap@46f25ff3
      keySet = null
      entrySet = null
      values = null
    resourceProviders = class com.ibm.ws.classloading.internal.CompositeResourceProvider@7f4e113
      lockFactory = class java.util.concurrent.locks.ReentrantReadWriteLock@4b0312b2
      providerMap = class com.ibm.ws.classloading.internal.util.MultiMap@524567bd
      serialVersionUID = -5576435894946156347
      $$$tc$$$ = class com.ibm.websphere.ras.TraceComponent@30630076
    rememberedBundles = class java.util.concurrent.ConcurrentHashMap@62bfdaa0
      serialVersionUID = 7249069246763182397
      MAXIMUM_CAPACITY = 1073741824
      DEFAULT_CAPACITY = 16
      MAX_ARRAY_SIZE = 2147483639
      DEFAULT_CONCURRENCY_LEVEL = 16
      LOAD_FACTOR = 0.75
      TREEIFY_THRESHOLD = 8
      UNTREEIFY_THRESHOLD = 6
      MIN_TREEIFY_CAPACITY = 64
      MIN_TRANSFER_STRIDE = 16
      RESIZE_STAMP_BITS = 16
      MAX_RESIZERS = 65535
      RESIZE_STAMP_SHIFT = 16
      MOVED = -1
      TREEBIN = -2
      RESERVED = -3
      HASH_BITS = 2147483647
      NCPU = 8
      serialPersistentFields = class java.io.ObjectStreamField[3]
      table = class java.util.concurrent.ConcurrentHashMap$Node[16]
      nextTable = null
      baseCount = 2
      sizeCtl = 12
      transferIndex = 0
      cellsBusy = 0
      counterCells = null
      keySet = null
      values = null
      entrySet = null
      U = class sun.misc.Unsafe@524edd75
      SIZECTL = 20
      TRANSFERINDEX = 32
      BASECOUNT = 24
      CELLSBUSY = 36
      CELLVALUE = 144
      ABASE = 16
      ASHIFT = 2
      keySet = null
      values = null
    collectedBundles = class java.lang.ref.ReferenceQueue@37397015
      NULL = class java.lang.ref.ReferenceQueue$Null@6e4eceea
      ENQUEUED = class java.lang.ref.ReferenceQueue$Null@5ecb827
      lock = class java.lang.ref.ReferenceQueue$Lock@2e6279b1
      head = null
      queueLength = 0
      $assertionsDisabled = true
    generatorRefs = class com.ibm.wsspi.kernel.service.utils.ConcurrentServiceReferenceSet@63e0bcc6
      referenceName = "generators"
      contextRef = class java.util.concurrent.atomic.AtomicReference@17c78c5f
      elementMap = class java.util.LinkedHashMap@e3d9925
      elementSet = class java.util.concurrent.ConcurrentSkipListSet@cadbebe
      elementSetUnsorted = false
      serialVersionUID = 756240983881166148
      $$$tc$$$ = class com.ibm.websphere.ras.TraceComponent@3301eec2
    generatorManager = class com.ibm.ws.classloading.internal.ClassGeneratorManager@30d7222a
      tc = class com.ibm.websphere.ras.TraceComponent@44ea1934
      generatorRefs = class com.ibm.wsspi.kernel.service.utils.ConcurrentServiceReferenceSet@63e0bcc6
      serialVersionUID = 4152663586056483310
    appExtLibs = class java.util.concurrent.CopyOnWriteArrayList@43bc25d0
      serialVersionUID = 8673264195747942595
      lock = class java.util.concurrent.locks.ReentrantLock@7b8a2333
      array = class java.lang.Object[0]
      UNSAFE = class sun.misc.Unsafe@524edd75
      lockOffset = 12
    globalConfig = class com.ibm.ws.classloading.configuration.GlobalClassloadingConfiguration@5f4a9ddd
      properties = class org.apache.felix.scr.impl.helper.ReadOnlyDictionary@702547b5
      serialVersionUID = 452562347104713756
      $$$tc$$$ = class com.ibm.websphere.ras.TraceComponent@510ef7a1
    metaInfServicesProviders = class java.util.concurrent.ConcurrentHashMap@230fe7f9
      serialVersionUID = 7249069246763182397
      MAXIMUM_CAPACITY = 1073741824
      DEFAULT_CAPACITY = 16
      MAX_ARRAY_SIZE = 2147483639
      DEFAULT_CONCURRENCY_LEVEL = 16
      LOAD_FACTOR = 0.75
      TREEIFY_THRESHOLD = 8
      UNTREEIFY_THRESHOLD = 6
      MIN_TREEIFY_CAPACITY = 64
      MIN_TRANSFER_STRIDE = 16
      RESIZE_STAMP_BITS = 16
      MAX_RESIZERS = 65535
      RESIZE_STAMP_SHIFT = 16
      MOVED = -1
      TREEBIN = -2
      RESERVED = -3
      HASH_BITS = 2147483647
      NCPU = 8
      serialPersistentFields = class java.io.ObjectStreamField[3]
      table = null
      nextTable = null
      baseCount = 0
      sizeCtl = 0
      transferIndex = 0
      cellsBusy = 0
      counterCells = null
      keySet = null
      values = null
      entrySet = null
      U = class sun.misc.Unsafe@524edd75
      SIZECTL = 20
      TRANSFERINDEX = 32
      BASECOUNT = 24
      CELLSBUSY = 36
      CELLVALUE = 144
      ABASE = 16
      ASHIFT = 2
      keySet = null
      values = null
    metaInfServicesRefs = class com.ibm.wsspi.kernel.service.utils.ConcurrentServiceReferenceMap@45ef69d2
      referenceName = "MetaInfServicesProvider"
      context = class org.apache.felix.scr.impl.manager.ComponentContextImpl@2d4d2687
      elementMap = class java.util.concurrent.ConcurrentHashMap@4d808e89
      serialVersionUID = 6980924785166233786
      $$$tc$$$ = class com.ibm.websphere.ras.TraceComponent@542abc12
    protectionDomainMap = class java.util.HashMap@67df461a
      serialVersionUID = 362498820763181265
      DEFAULT_INITIAL_CAPACITY = 16
      MAXIMUM_CAPACITY = 1073741824
      DEFAULT_LOAD_FACTOR = 0.75
      TREEIFY_THRESHOLD = 8
      UNTREEIFY_THRESHOLD = 6
      MIN_TREEIFY_CAPACITY = 64
      table = class java.util.HashMap$Node[16]
      entrySet = null
      size = 1
      modCount = 1
      threshold = 12
      loadFactor = 0.75
      keySet = class java.util.HashMap$KeySet@3abc4beb
      values = null
    metadataIdentifierService = class com.ibm.ws.container.service.metadata.internal.MetaDataServiceImpl@5bc92bc2
    globalSharedLibrary = class java.util.concurrent.atomic.AtomicReference@6cf09b49
      serialVersionUID = -1848883965231344442
      unsafe = class sun.misc.Unsafe@524edd75
      valueOffset = 12
      value = null
    serialVersionUID = 4365026902615131286
  globalSharedLibrary = class com.ibm.ws.library.internal.SharedLibraryImpl@b2cdc62
    tc = class com.ibm.websphere.ras.TraceComponent@481d15c1
      strings[0] = "TraceComponent[com.ibm.ws.library.internal.SharedLibraryImpl,class com.ibm.ws.library.internal.SharedLibraryImpl,[SharedLibrary],com.ibm.ws.classloading.internal.resources.ClassLoadingServiceMessages,null]"
    EMPTY_LIBRARY_LISTENERS = interface com.ibm.wsspi.library.LibraryChangeListener[0]
    deleted = false
    libraryListenersTracker = class org.osgi.util.tracker.ServiceTracker@210db4a6
      DEBUG = false
      context = class org.eclipse.osgi.internal.framework.BundleContextImpl@3fe89a0e
      filter = class org.eclipse.osgi.internal.framework.FilterImpl$And@140ec6a2
      customizer = class org.osgi.util.tracker.ServiceTracker@210db4a6
      listenerFilter = "(&(objectClass=com.ibm.wsspi.library.LibraryChangeListener)(|(library=global)(libraryRef=*com.ibm.ws.classloading.sharedlibrary_26*)))"
      trackClass = null
      trackReference = null
      tracked = class org.osgi.util.tracker.ServiceTracker$Tracked@1e9bcd66
      cachedReference = null
      cachedService = null
    libraryReg = class org.eclipse.osgi.internal.serviceregistry.ServiceRegistrationImpl@6a04e424
      registry = class org.eclipse.osgi.internal.serviceregistry.ServiceRegistry@1e2e0b6
      context = class org.eclipse.osgi.internal.framework.BundleContextImpl@3fe89a0e
      bundle = class org.eclipse.osgi.internal.framework.EquinoxBundle@224d6f23
      clazzes = class java.lang.String[1]
      service = class com.ibm.ws.library.internal.SharedLibraryImpl@b2cdc62
      reference = class org.eclipse.osgi.internal.serviceregistry.ServiceReferenceImpl@2d15d87
      contextsUsing = class java.util.ArrayList@3f44c4f6
      properties = class java.util.Collections$UnmodifiableMap@29b564f8
      serviceid = 308
      serviceranking = 1
      registrationLock = class java.lang.Object@1f72c753
      state = 0
      REGISTERED = 0
      UNREGISTERING = 1
      UNREGISTERED = 2
      FRAMEWORK_SET_SERVICE_PROPERTIES_COUNT = 4
      $assertionsDisabled = true
    ctx = class org.eclipse.osgi.internal.framework.BundleContextImpl@3fe89a0e
    classLoadingService = class com.ibm.ws.classloading.internal.ClassLoadingServiceImpl@13933310
    configAdmin = class com.ibm.ws.config.admin.internal.ConfigurationAdminImpl@40fb7b4a
      tc = class com.ibm.websphere.ras.TraceComponent@121c3004
      bundle = class org.eclipse.osgi.internal.framework.EquinoxBundle@224d6f23
      caFactory = class com.ibm.ws.config.admin.internal.ConfigAdminServiceFactory@510b8a43
      serialVersionUID = -2875522750804142523
    resolvedBasePath = "C:/Users/felix/Desktop/FlightLogix/FlightLogix/target/liberty/wlp/usr/servers/defaultServer/"
    generationLock = class com.ibm.ws.library.internal.SharedLibraryImpl$1@73888594
      this$0 = class com.ibm.ws.library.internal.SharedLibraryImpl@b2cdc62
      serialVersionUID = 2483639803450672373
      $$$tc$$$ = class com.ibm.websphere.ras.TraceComponent@78e55dcb
    currentGeneration = class com.ibm.ws.library.internal.LibraryGeneration@1166144
      tc = class com.ibm.websphere.ras.TraceComponent@4e8134cb
      nextInt = class java.util.concurrent.atomic.AtomicInteger@1b345881
      libraryId = "global"
      genId = 1
      libraryProps = class java.util.Hashtable@20cf2814
      filesetRefs = class java.util.Collections$UnmodifiableRandomAccessList@1f00d0c8
      apiTypeVisibility = class java.util.RegularEnumSet@179de0af
      files = class java.util.Collections$EmptyList@2d176f3d
      folders = class java.util.ArrayList@2ed4428d
      fileAndFolderContainers = class java.util.Collections$EmptyList@2d176f3d
      filesets = class java.util.concurrent.ArrayBlockingQueue@770250cb
      filesetListenerRegs = class java.util.concurrent.ConcurrentLinkedQueue@6e1d5873
      cancelled = false
      library = class com.ibm.ws.library.internal.SharedLibraryImpl@b2cdc62
      serialVersionUID = 6965220007121905717
    nextGeneration = class com.ibm.ws.library.internal.LibraryGeneration@1166144
    artifactContainerFactory = class com.ibm.ws.library.internal.SharedLibraryFactory$1@4d725d44
      this$0 = class com.ibm.ws.library.internal.SharedLibraryFactory@4cf429e9
      serialVersionUID = 7730244564205089330
      $$$tc$$$ = class com.ibm.websphere.ras.TraceComponent@68207ba2
    packageExporter = class com.ibm.ws.library.internal.LibraryPackageExporter@56485e8b
      EXPORTER_POSTFIX = "_library_exporter"
      REGION_EXPORT_TO_LIBERTY = "liberty.library.export.to.liberty"
      REGION_EXPORT_TO_OSGI_APPS = "liberty.library.export.to.osgi.app"
      REGION_KERNEL = "org.eclipse.equinox.region.kernel"
      counter = class java.util.concurrent.atomic.AtomicLong@76f93b48
      context = class org.eclipse.osgi.internal.framework.BundleContextImpl@3fe89a0e
      digraph = class org.eclipse.equinox.internal.region.StandardRegionDigraph@4384d558
      bundleToLibrary = class java.util.concurrent.ConcurrentHashMap@3bd05d1a
      libraryToVisibility = class java.util.concurrent.ConcurrentHashMap@6c5087ff
      serialVersionUID = 8074378969667956573
      $$$tc$$$ = class com.ibm.websphere.ras.TraceComponent@3f6e899d
    serialVersionUID = 6288237618632180389
  sharedLibDeploymentInfo = class com.ibm.ws.app.manager.module.internal.DeployedAppInfoBase$SharedLibDeploymentInfo@6128a1db
    locAdmin = class com.ibm.ws.kernel.service.location.internal.WsLocationAdminImpl@38cb42f7
    artifactFactory = class com.ibm.ws.artifact.internal.ArtifactContainerFactoryService@62e85f35
    moduleFactory = class com.ibm.ws.adaptable.module.internal.AdaptableModuleFactoryImpl@67121238
    classesContainerInfo = class java.util.ArrayList@537594dd
      serialVersionUID = 8683452581122892189
      DEFAULT_CAPACITY = 10
      EMPTY_ELEMENTDATA = class java.lang.Object[0]
      DEFAULTCAPACITY_EMPTY_ELEMENTDATA = class java.lang.Object[0]
      elementData = class java.lang.Object[0]
      size = 0
      MAX_ARRAY_SIZE = 2147483639
      modCount = 0
      MAX_ARRAY_SIZE = 2147483639
    serialVersionUID = 5154735746662585226
    $$$tc$$$ = class com.ibm.websphere.ras.TraceComponent@3b5d1da6
      strings[0] = "TraceComponent[com.ibm.ws.app.manager.module.internal.DeployedAppInfoBase$SharedLibDeploymentInfo,class com.ibm.ws.app.manager.module.internal.DeployedAppInfoBase$SharedLibDeploymentInfo,[applications, app.manager],null,null]"
  configAdmin = class com.ibm.ws.config.admin.internal.ConfigurationAdminImpl@3e560d09
    tc = class com.ibm.websphere.ras.TraceComponent@121c3004
      strings[0] = "TraceComponent[com.ibm.ws.config.admin.internal.ConfigurationAdminImpl,class com.ibm.ws.config.admin.internal.ConfigurationAdminImpl,[config],com.ibm.ws.config.internal.resources.ConfigMessages,null]"
    bundle = class org.eclipse.osgi.internal.framework.EquinoxBundle@3cc9cddd
      equinoxContainer = class org.eclipse.osgi.internal.framework.EquinoxContainer@2a08d797
      module = class org.eclipse.osgi.internal.framework.EquinoxBundle$EquinoxModule@2cd146ea
      monitor = class java.lang.Object@1ab2572d
      context = class org.eclipse.osgi.internal.framework.BundleContextImpl@64af791f
      signerInfos = null
      $SWITCH_TABLE$org$eclipse$osgi$container$Module$State = {1,2,3,4,5,6,7} /* array length = 7 */
    caFactory = class com.ibm.ws.config.admin.internal.ConfigAdminServiceFactory@510b8a43
      tc = class com.ibm.websphere.ras.TraceComponent@6cf5db3f
      configurationPermission = class org.osgi.service.cm.ConfigurationPermission@767b8ac2
      INDEX_DICTIONARY = 0
      INDEX_LOCATION = 1
      INDEX_METATYPE_PROCESSED = 2
      INDEX_IN_OVERRIDES_FILE = 3
      INDEX_REFERENCES = 4
      INDEX_UNIQUES = 5
      bundleContext = class org.eclipse.osgi.internal.framework.BundleContextImpl@72934616
      msTracker = class com.ibm.ws.config.admin.internal.ManagedServiceTracker@4bed2aeb
      msfTracker = class com.ibm.ws.config.admin.internal.ManagedServiceFactoryTracker@59c87dad
      pluginManager = class com.ibm.ws.config.admin.internal.PluginManager@6b3bf7f6
      configurationStore = class com.ibm.ws.config.admin.internal.ConfigurationStore@41bc4dc9
      updateQueue = class com.ibm.ws.config.admin.internal.UpdateQueue@63249d67
      ced = class com.ibm.ws.config.admin.internal.ConfigEventDispatcher@799bb1bb
      idMap = class java.util.Collections$SynchronizedMap@4dab7d39
      referenceMap = class java.util.Collections$SynchronizedMap@6e5ab340
      variableRegistryTracker = class org.osgi.util.tracker.ServiceTracker@2952c449
      variableRegistry = class com.ibm.ws.kernel.service.location.internal.VariableRegistryHelper@de0beb1
      configurationAdminRef = class org.eclipse.osgi.internal.serviceregistry.ServiceRegistrationImpl@1f64b968
      serialVersionUID = 6695202270027014725
    serialVersionUID = -2875522750804142523
  libraryConfigHelper = class com.ibm.ws.classloading.ClassLoaderConfigHelper@6860a659
    tc = class com.ibm.websphere.ras.TraceComponent@16346d02
      strings[0] = "TraceComponent[com.ibm.ws.classloading.ClassLoaderConfigHelper,class com.ibm.ws.classloading.ClassLoaderConfigHelper,[ClassLoadingService],com.ibm.ws.classloading.internal.resources.ClassLoadingServiceMessages,null]"
    DEFAULT_API_TYPES = class java.util.RegularEnumSet@27516a2c
      serialVersionUID = 3411599620347842686
      elements = 23
      elementType = class java.lang.Class@39e45a6
      universe = class com.ibm.wsspi.classloading.ApiType[5]
      ZERO_LENGTH_ENUM_ARRAY = class java.lang.Enum[0]
      MAX_ARRAY_SIZE = 2147483639
    sharedLibraries = class java.util.Collections$EmptyList@2d176f3d
      serialVersionUID = 8842843931221139166
      modCount = 0
      MAX_ARRAY_SIZE = 2147483639
    commonLibraries = class java.util.Collections$EmptyList@2d176f3d
    classProviders = class java.util.Collections$EmptyList@2d176f3d
    sharedLibrariesPids = null
    commonLibrariesPids = null
    isDelegateLast = false
    apiTypes = class java.util.RegularEnumSet@27516a2c
    classLoaderConfigProps = null
    serialVersionUID = 7643888529935916418
  isDelegateLast = false
  permissionManager = class com.ibm.ws.classloading.java2sec.PermissionManager@542a8fb
    tc = class com.ibm.websphere.ras.TraceComponent@32693f07
      strings[0] = "TraceComponent[com.ibm.ws.classloading.java2sec.PermissionManager,class com.ibm.ws.classloading.java2sec.PermissionManager,[Java2SecurityUtil],com.ibm.ws.classloading.internal.resources.Java2SecurityUtilMessages,null]"
    bundleContext = class org.eclipse.osgi.internal.framework.BundleContextImpl@3fe89a0e
    classLoadingService = class com.ibm.ws.classloading.internal.ClassLoadingServiceImpl@13933310
    DEFAULT_SERVER_RESTRICTABLE_PERMISSIONS = class java.security.Permission[4]
      Permission[0] = class java.lang.RuntimePermission@48cbad46
      Permission[1] = class java.lang.RuntimePermission@53246ce
      Permission[2] = class java.security.SecurityPermission@2a354085
      Permission[3] = class javax.security.auth.AuthPermission@7077a299
    DEFAULT_CLIENT_RESTRICTABLE_PERMISSIONS = class java.security.Permission[3]
      Permission[0] = class java.lang.RuntimePermission@3bde92b
      Permission[1] = class java.security.SecurityPermission@6bbae9dc
      Permission[2] = class javax.security.auth.AuthPermission@6e04bc24
    isServer = true
    wsjarUrlStreamHandlerAvailable = true
    restrictablePermissions = class java.util.ArrayList@9dc4171
      serialVersionUID = 8683452581122892189
      DEFAULT_CAPACITY = 10
      EMPTY_ELEMENTDATA = class java.lang.Object[0]
      DEFAULTCAPACITY_EMPTY_ELEMENTDATA = class java.lang.Object[0]
      elementData = class java.lang.Object[10]
      size = 4
      MAX_ARRAY_SIZE = 2147483639
      modCount = 4
      MAX_ARRAY_SIZE = 2147483639
    javaAllCodeBasePermissions = class java.util.ArrayList@25704a6c
      serialVersionUID = 8683452581122892189
      DEFAULT_CAPACITY = 10
      EMPTY_ELEMENTDATA = class java.lang.Object[0]
      DEFAULTCAPACITY_EMPTY_ELEMENTDATA = class java.lang.Object[0]
      elementData = class java.lang.Object[22]
      size = 21
      MAX_ARRAY_SIZE = 2147483639
      modCount = 21
      MAX_ARRAY_SIZE = 2147483639
    expandProps = true
    grantedPermissions = class java.util.ArrayList@1330515c
      serialVersionUID = 8683452581122892189
      DEFAULT_CAPACITY = 10
      EMPTY_ELEMENTDATA = class java.lang.Object[0]
      DEFAULTCAPACITY_EMPTY_ELEMENTDATA = class java.lang.Object[0]
      elementData = class java.lang.Object[0]
      size = 0
      MAX_ARRAY_SIZE = 2147483639
      modCount = 0
      MAX_ARRAY_SIZE = 2147483639
    KEY_PERMISSION = "permission"
    INCORRECT_PERMISSION_CONFIGURATION = "INCORRECT_PERMISSION_CONFIGURATION"
    PERMISSION_CLASSNOTFOUND = "PERMISSION_CLASSNOTFOUND"
    SERVER_XML = "server.xml"
    CLIENT_XML = "client.xml"
    JAVA_POLICY = "java.policy"
    os_name = "Windows 10"
    os_version = "10.0"
    originationFile = "server.xml"
    permissions = class com.ibm.wsspi.kernel.service.utils.ConcurrentServiceReferenceSet@30617624
      referenceName = "permission"
      contextRef = class java.util.concurrent.atomic.AtomicReference@1d441de3
      elementMap = class java.util.LinkedHashMap@597979d2
      elementSet = class java.util.concurrent.ConcurrentSkipListSet@104440b2
      elementSetUnsorted = false
      serialVersionUID = 756240983881166148
      $$$tc$$$ = class com.ibm.websphere.ras.TraceComponent@3301eec2
    codeBasePermissionMap = class java.util.HashMap@5b5d7e90
      serialVersionUID = 362498820763181265
      DEFAULT_INITIAL_CAPACITY = 16
      MAXIMUM_CAPACITY = 1073741824
      DEFAULT_LOAD_FACTOR = 0.75
      TREEIFY_THRESHOLD = 8
      UNTREEIFY_THRESHOLD = 6
      MIN_TREEIFY_CAPACITY = 64
      table = class java.util.HashMap$Node[16]
      entrySet = null
      size = 1
      modCount = 1
      threshold = 12
      loadFactor = 0.75
      keySet = class java.util.HashMap$KeySet@1a3d8c15
      values = null
    permissionXMLPermissionMap = class java.util.HashMap@7c597cbd
      serialVersionUID = 362498820763181265
      DEFAULT_INITIAL_CAPACITY = 16
      MAXIMUM_CAPACITY = 1073741824
      DEFAULT_LOAD_FACTOR = 0.75
      TREEIFY_THRESHOLD = 8
      UNTREEIFY_THRESHOLD = 6
      MIN_TREEIFY_CAPACITY = 64
      table = null
      entrySet = null
      size = 0
      modCount = 0
      threshold = 0
      loadFactor = 0.75
      keySet = null
      values = null
    serialVersionUID = 8583289148510585888
  permissionsConfig = null
  serialVersionUID = 1131686356392279747
  appInfo = class com.ibm.ws.container.service.app.deploy.internal.ApplicationInfoImpl@566e4d7
    appName = "FlightLogix"
    appMetaData = class com.ibm.ws.container.service.app.deploy.internal.ApplicationMetaDataImpl@8c01ba7
      j2eeName = class com.ibm.ws.container.service.metadata.internal.J2EENameImpl@5565703c
      serialVersionUID = -7906531148367236579
      $$$tc$$$ = class com.ibm.websphere.ras.TraceComponent@2bebf487
      tc = class com.ibm.websphere.ras.TraceComponent@429e1bca
      NUM_STATIC_SLOTS = 4
      ID_UNINITIALIZED = -1
      id = 0
      metaDataInterface = class java.lang.Class@1443ea68
      staticSlots = class java.lang.Object[4]
      dynamicSlots = null
    appContainer = class com.ibm.ws.adaptable.module.internal.AdaptableContainerImpl@74472f2a
      root = class com.ibm.ws.adaptable.module.internal.AdaptableContainerImpl@74472f2a
      rootOverlay = class com.ibm.ws.artifact.overlay.internal.DirectoryBasedOverlayContainerImpl@36f34871
      factoryHolder = class com.ibm.ws.adaptable.module.internal.AdaptableModuleFactoryImpl@67121238
      delegate = class com.ibm.ws.artifact.overlay.internal.DirectoryBasedOverlayContainerImpl@36f34871
      notifier = class com.ibm.ws.adaptable.module.internal.NotifierImpl@1afef42a
      serialVersionUID = -5950528200509051684
      $$$tc$$$ = class com.ibm.websphere.ras.TraceComponent@e43342d
    configHelper = class com.ibm.ws.app.manager.module.ApplicationNestedConfigHelper@cecff22
      appInfo = class com.ibm.ws.app.manager.internal.ApplicationInstallInfo@1f942ffd
      serialVersionUID = -3174031738676705046
      $$$tc$$$ = class com.ibm.websphere.ras.TraceComponent@6cb95dce
    applicationInformation = class com.ibm.ws.app.manager.internal.ApplicationInstallInfo@1f942ffd
    serialVersionUID = 5227817860647895780
    $$$tc$$$ = class com.ibm.websphere.ras.TraceComponent@56f85b99
      strings[0] = "TraceComponent[com.ibm.ws.container.service.app.deploy.internal.ApplicationInfoImpl,class com.ibm.ws.container.service.app.deploy.internal.ApplicationInfoImpl,[container.service],com.ibm.ws.container.service.resources.Messages,null]"
  appInfoRegistration = null
  modulesDeployed = class java.util.ArrayList@21c0e7f1
    serialVersionUID = 8683452581122892189
    DEFAULT_CAPACITY = 10
    EMPTY_ELEMENTDATA = class java.lang.Object[0]
    DEFAULTCAPACITY_EMPTY_ELEMENTDATA = class java.lang.Object[0]
    elementData = class java.lang.Object[10]
      Object[0] = class com.ibm.ws.app.manager.module.internal.DeployedModuleInfoImpl@3f4fee04
      Object[1] = null
      Object[2] = null
      Object[3] = null
      Object[4] = null
      Object[5] = null
      Object[6] = null
      Object[7] = null
      Object[8] = null
      Object[9] = null
    size = 1
    MAX_ARRAY_SIZE = 2147483639
    modCount = 1
    MAX_ARRAY_SIZE = 2147483639
  starting = true
  started = false
  deployedAppServices = class com.ibm.ws.app.manager.module.internal.DeployedAppServicesImpl@3e72b231
    SERVER_APPS_DIR = "${server.output.dir}/apps/"
    EXPANDED_APPS_DIR = "${server.output.dir}/apps/expanded/"
    bundleContext = class org.eclipse.osgi.internal.framework.BundleContextImpl@64af791f
      findHookName = "org.osgi.framework.hooks.bundle.FindHook"
      valid = true
      bundle = class org.eclipse.osgi.internal.framework.EquinoxBundle@3cc9cddd
      container = class org.eclipse.osgi.internal.framework.EquinoxContainer@2a08d797
      debug = class org.eclipse.osgi.internal.debug.Debug@21f64f46
      servicesInUse = class java.util.HashMap@aa4084c
      activator = null
      contextLock = class java.lang.Object@430ea12f
    applicationInfoFactory = class com.ibm.ws.container.service.app.deploy.internal.ApplicationInfoFactoryImpl@2ff09885
    futureMonitor = class com.ibm.ws.threading.internal.FutureMonitorImpl@35a95888
    classLoadingService = class com.ibm.ws.classloading.internal.ClassLoadingServiceImpl@13933310
    globalSharedLibrary = class com.ibm.ws.library.internal.SharedLibraryImpl@b2cdc62
    globalSharedLibraryPid = "com.ibm.ws.classloading.sharedlibrary_26"
    configAdmin = class com.ibm.ws.config.admin.internal.ConfigurationAdminImpl@3e560d09
    metaDataService = class com.ibm.ws.container.service.metadata.internal.MetaDataServiceImpl@5bc92bc2
    stateChangeService = class com.ibm.ws.container.service.state.internal.StateChangeServiceImpl@5438fa78
    allModuleTypes = class java.lang.String[4]
      String[0] = "ejb"
      String[1] = "web"
      String[2] = "client"
      String[3] = "connector"
    moduleMetaDataExtenders = class java.util.concurrent.ConcurrentHashMap@e83d739
      serialVersionUID = 7249069246763182397
      MAXIMUM_CAPACITY = 1073741824
      DEFAULT_CAPACITY = 16
      MAX_ARRAY_SIZE = 2147483639
      DEFAULT_CONCURRENCY_LEVEL = 16
      LOAD_FACTOR = 0.75
      TREEIFY_THRESHOLD = 8
      UNTREEIFY_THRESHOLD = 6
      MIN_TREEIFY_CAPACITY = 64
      MIN_TRANSFER_STRIDE = 16
      RESIZE_STAMP_BITS = 16
      MAX_RESIZERS = 65535
      RESIZE_STAMP_SHIFT = 16
      MOVED = -1
      TREEBIN = -2
      RESERVED = -3
      HASH_BITS = 2147483647
      NCPU = 8
      serialPersistentFields = class java.io.ObjectStreamField[3]
      table = class java.util.concurrent.ConcurrentHashMap$Node[16]
      nextTable = null
      baseCount = 4
      sizeCtl = 12
      transferIndex = 0
      cellsBusy = 0
      counterCells = null
      keySet = null
      values = null
      entrySet = null
      U = class sun.misc.Unsafe@524edd75
      SIZECTL = 20
      TRANSFERINDEX = 32
      BASECOUNT = 24
      CELLSBUSY = 36
      CELLVALUE = 144
      ABASE = 16
      ASHIFT = 2
      keySet = null
      values = null
    nestedModuleMetaDataFactories = class java.util.concurrent.ConcurrentHashMap@13f1af65
      serialVersionUID = 7249069246763182397
      MAXIMUM_CAPACITY = 1073741824
      DEFAULT_CAPACITY = 16
      MAX_ARRAY_SIZE = 2147483639
      DEFAULT_CONCURRENCY_LEVEL = 16
      LOAD_FACTOR = 0.75
      TREEIFY_THRESHOLD = 8
      UNTREEIFY_THRESHOLD = 6
      MIN_TREEIFY_CAPACITY = 64
      MIN_TRANSFER_STRIDE = 16
      RESIZE_STAMP_BITS = 16
      MAX_RESIZERS = 65535
      RESIZE_STAMP_SHIFT = 16
      MOVED = -1
      TREEBIN = -2
      RESERVED = -3
      HASH_BITS = 2147483647
      NCPU = 8
      serialPersistentFields = class java.io.ObjectStreamField[3]
      table = class java.util.concurrent.ConcurrentHashMap$Node[16]
      nextTable = null
      baseCount = 4
      sizeCtl = 12
      transferIndex = 0
      cellsBusy = 0
      counterCells = null
      keySet = null
      values = null
      entrySet = null
      U = class sun.misc.Unsafe@524edd75
      SIZECTL = 20
      TRANSFERINDEX = 32
      BASECOUNT = 24
      CELLSBUSY = 36
      CELLVALUE = 144
      ABASE = 16
      ASHIFT = 2
      keySet = null
      values = null
    permissionManager = class com.ibm.ws.classloading.java2sec.PermissionManager@542a8fb
    locAdmin = class com.ibm.ws.kernel.service.location.internal.WsLocationAdminImpl@38cb42f7
      tc = class com.ibm.websphere.ras.TraceComponent@e929dd
      LOC_INTERNAL_LIB_DIR = "wlp.lib.dir"
      LOC_INTERNAL_WORKAREA_DIR = "wlp.workarea.dir"
      LOC_AREA_NAME_APPS = "shared/apps/"
      LOC_AREA_NAME_CONFIG = "shared/config/"
      LOC_AREA_NAME_RESC = "shared/resources/"
      LOC_AREA_NAME_STATE = "logs/state/"
      LOC_AREA_NAME_SERVERS = "servers/"
      LOC_AREA_NAME_CLIENTS = "clients/"
      LOC_AREA_NAME_WORKING = "workarea/"
      LOC_AREA_NAME_EXTENSION = "extension/"
      instance = class com.ibm.ws.kernel.service.location.internal.WsLocationAdminImpl@38cb42f7
      installRoot = class com.ibm.ws.kernel.service.location.internal.SymbolicRootResource@57d3c88d
      installParentRoot = class com.ibm.ws.kernel.service.location.internal.SymbolicRootResource@52ad06b6
      userRoot = class com.ibm.ws.kernel.service.location.internal.SymbolicRootResource@46a1fce8
      usrExtensionRoot = class com.ibm.ws.kernel.service.location.internal.SymbolicRootResource@10d500f
      serverConfigDir = class com.ibm.ws.kernel.service.location.internal.SymbolicRootResource@48537703
      serverOutputDir = class com.ibm.ws.kernel.service.location.internal.SymbolicRootResource@48537703
      bootstrapLib = class com.ibm.ws.kernel.service.location.internal.LocalFileResource@72f15009
      serverWorkarea = class com.ibm.ws.kernel.service.location.internal.LocalFileResource@3b7ea403
      serverState = class com.ibm.ws.kernel.service.location.internal.LocalFileResource@5018164b
      sharedAppsRoot = class com.ibm.ws.kernel.service.location.internal.SymbolicRootResource@3209824
      sharedConfigRoot = class com.ibm.ws.kernel.service.location.internal.SymbolicRootResource@7ba9e151
      sharedResourceRoot = class com.ibm.ws.kernel.service.location.internal.SymbolicRootResource@35b90c9b
      tmpRoot = class com.ibm.ws.kernel.service.location.internal.SymbolicRootResource@2583ee29
      serverName = "defaultServer"
      resourcePaths = class java.util.ArrayList@22e5a305
      resourceGroups = class java.util.HashMap@16726d61
      commonRoot = class com.ibm.ws.kernel.service.location.internal.VirtualRootResource@6b5266e0
      serialVersionUID = -5748835026800463299
    artifactFactory = class com.ibm.ws.artifact.internal.ArtifactContainerFactoryService@62e85f35
      CATEGORY_PROP_NAME = "category"
      ENTRY_KEY = "com.ibm.wsspi.artifact.ArtifactEntry"
      helperMap = class com.ibm.wsspi.kernel.service.utils.ConcurrentServiceReferenceSetMap@69599dcf
      contributorMap = class com.ibm.wsspi.kernel.service.utils.ConcurrentServiceReferenceSetMap@12da3d3e
      helperCategoryMap = class com.ibm.wsspi.kernel.service.utils.ConcurrentServiceReferenceSetMap@18d7fe01
      contributorCategoryMap = class com.ibm.wsspi.kernel.service.utils.ConcurrentServiceReferenceSetMap@c91c0fc
      categories = class java.util.Collections$SynchronizedSet@29038344
      baseProperties = class org.apache.felix.scr.impl.helper.ReadOnlyDictionary@6af36897
      registration = class com.ibm.ws.kernel.service.util.ServiceRegistrationModifier@4d73b43e
      serialVersionUID = 6566424214406946230
      $$$tc$$$ = class com.ibm.websphere.ras.TraceComponent@3bb858a
    moduleFactory = class com.ibm.ws.adaptable.module.internal.AdaptableModuleFactoryImpl@67121238
      adapterFactoryService = class com.ibm.ws.adaptable.module.internal.AdapterFactoryServiceImpl@5f5afd4d
      containerFactory = class com.ibm.ws.artifact.internal.ArtifactContainerFactoryService@62e85f35
      overlayContainerFactory = class com.ibm.ws.artifact.overlay.internal.OverlayContainerFactoryImpl@a1b99b2
      serialVersionUID = 4200251809856292987
      $$$tc$$$ = class com.ibm.websphere.ras.TraceComponent@6d9e7768
    serialVersionUID = 8537801607979767986
    $$$tc$$$ = class com.ibm.websphere.ras.TraceComponent@471293d5
      strings[0] = "TraceComponent[com.ibm.ws.app.manager.module.internal.DeployedAppServicesImpl,class com.ibm.ws.app.manager.module.internal.DeployedAppServicesImpl,[applications, app.manager],null,null]"
  futureMonitor = class com.ibm.ws.threading.internal.FutureMonitorImpl@35a95888
    _monitor = class java.util.concurrent.ConcurrentLinkedQueue@30445206
      serialVersionUID = 196745693267521676
      head = class java.util.concurrent.ConcurrentLinkedQueue$Node@7092c979
      tail = class java.util.concurrent.ConcurrentLinkedQueue$Node@7092c979
      UNSAFE = class sun.misc.Unsafe@524edd75
      headOffset = 12
      tailOffset = 16
      MAX_ARRAY_SIZE = 2147483639
    _executor = class com.ibm.ws.threading.internal.ScheduledExecutorImpl@4e7b40c9
      threadGroupName = "Scheduled Executor Thread Group"
      executor = class com.ibm.ws.threading.internal.ExecutorServiceImpl@1ea6127
      serialVersionUID = -9110693807503469597
      $$$tc$$$ = class com.ibm.websphere.ras.TraceComponent@3f242418
      continueExistingPeriodicTasksAfterShutdown = false
      executeExistingDelayedTasksAfterShutdown = true
      removeOnCancel = false
      sequencer = class java.util.concurrent.atomic.AtomicLong@2e5b4e6d
      ctl = class java.util.concurrent.atomic.AtomicInteger@71ce9327
      COUNT_BITS = 29
      CAPACITY = 536870911
      RUNNING = -536870912
      SHUTDOWN = 0
      STOP = 536870912
      TIDYING = 1073741824
      TERMINATED = 1610612736
      workQueue = class java.util.concurrent.ScheduledThreadPoolExecutor$DelayedWorkQueue@5ce1e03
      mainLock = class java.util.concurrent.locks.ReentrantLock@7332309f
      workers = class java.util.HashSet@76e20b2
      termination = class java.util.concurrent.locks.AbstractQueuedSynchronizer$ConditionObject@23cccd3
      largestPoolSize = 1
      completedTaskCount = 0
      threadFactory = class com.ibm.ws.threading.internal.ThreadFactoryImpl@15a38428
      handler = class java.util.concurrent.ThreadPoolExecutor$AbortPolicy@633e4d9e
      keepAliveTime = 0
      allowCoreThreadTimeOut = false
      corePoolSize = 1
      maximumPoolSize = 2147483647
      defaultHandler = class java.util.concurrent.ThreadPoolExecutor$AbortPolicy@633e4d9e
      shutdownPerm = class java.lang.RuntimePermission@7004f7e
      acc = null
      ONLY_ONE = true
      $assertionsDisabled = true
    _threadRunning = class java.util.concurrent.atomic.AtomicBoolean@11e8b9d3
      serialVersionUID = 4654671469794556979
      unsafe = class sun.misc.Unsafe@524edd75
      valueOffset = 12
      value = 0
    _thread = class com.ibm.ws.threading.internal.FutureMonitorImpl$1@251a3c4d
      this$0 = class com.ibm.ws.threading.internal.FutureMonitorImpl@35a95888
      serialVersionUID = 2422512430832938099
      $$$tc$$$ = class com.ibm.websphere.ras.TraceComponent@ccf9d7e
    serialVersionUID = 2765238413969174390
    $$$tc$$$ = class com.ibm.websphere.ras.TraceComponent@3569c720
      strings[0] = "TraceComponent[com.ibm.ws.threading.internal.FutureMonitorImpl,class com.ibm.ws.threading.internal.FutureMonitorImpl,[Threading],com.ibm.ws.threading.internal.resources.ThreadingMessages,null]"
  appInfoFactory = class com.ibm.ws.container.service.app.deploy.internal.ApplicationInfoFactoryImpl@2ff09885
    j2eeNameFactory = class com.ibm.wsspi.kernel.service.utils.AtomicServiceReference@c326b8a
      referenceName = "j2eeNameFactory"
      tuple = class java.util.concurrent.atomic.AtomicReference@44f5b0c4
      serialVersionUID = 2226592364007985000
      $$$tc$$$ = class com.ibm.websphere.ras.TraceComponent@6ab04f28
    names = class java.util.HashSet@189ad081
      serialVersionUID = -5024744406713321676
      map = class java.util.HashMap@35534fd7
      PRESENT = class java.lang.Object@32a3f6c0
      MAX_ARRAY_SIZE = 2147483639
    serialVersionUID = 6232436640731165768
    $$$tc$$$ = class com.ibm.websphere.ras.TraceComponent@4fcf4d78
      strings[0] = "TraceComponent[com.ibm.ws.container.service.app.deploy.internal.ApplicationInfoFactoryImpl,class com.ibm.ws.container.service.app.deploy.internal.ApplicationInfoFactoryImpl,[container.service],com.ibm.ws.container.service.resources.Messages,null]"
  metaDataService = class com.ibm.ws.container.service.metadata.internal.MetaDataServiceImpl@5bc92bc2
    applicationMetaDataManager = class com.ibm.ws.container.service.metadata.internal.ApplicationMetaDataManager@67a6f76b
      serialVersionUID = 1843747281024490904
      $$$tc$$$ = class com.ibm.websphere.ras.TraceComponent@40739f00
      listeners = class com.ibm.wsspi.kernel.service.utils.ConcurrentServiceReferenceSet@5a270251
      metaDataIDs = class com.ibm.ws.container.service.metadata.internal.IndexList@66efe4c0
      metaDatas = class java.util.ArrayList@2dc181a5
      slotIDs = class com.ibm.ws.container.service.metadata.internal.IndexList@61ba02b0
      serialVersionUID = 5464421863354792977
      $$$tc$$$ = class com.ibm.websphere.ras.TraceComponent@6d9072c4
    moduleMetaDataManager = class com.ibm.ws.container.service.metadata.internal.ModuleMetaDataManager@581d08ea
      serialVersionUID = 2513574389899327209
      $$$tc$$$ = class com.ibm.websphere.ras.TraceComponent@7d28e7e6
      listeners = class com.ibm.wsspi.kernel.service.utils.ConcurrentServiceReferenceSet@79affd0f
      metaDataIDs = class com.ibm.ws.container.service.metadata.internal.IndexList@2a6af60a
      metaDatas = class java.util.ArrayList@536b1475
      slotIDs = class com.ibm.ws.container.service.metadata.internal.IndexList@51d56711
      serialVersionUID = 5464421863354792977
      $$$tc$$$ = class com.ibm.websphere.ras.TraceComponent@6d9072c4
    componentMetaDataManager = class com.ibm.ws.container.service.metadata.internal.ComponentMetaDataManager@7daa68bb
      serialVersionUID = 8629793739641703882
      $$$tc$$$ = class com.ibm.websphere.ras.TraceComponent@191f9871
      listeners = class com.ibm.wsspi.kernel.service.utils.ConcurrentServiceReferenceSet@36594b3d
      metaDataIDs = class com.ibm.ws.container.service.metadata.internal.IndexList@554f46b2
      metaDatas = class java.util.ArrayList@581b87ca
      slotIDs = class com.ibm.ws.container.service.metadata.internal.IndexList@7b59b18c
      serialVersionUID = 5464421863354792977
      $$$tc$$$ = class com.ibm.websphere.ras.TraceComponent@6d9072c4
    methodMetaDataManager = class com.ibm.ws.container.service.metadata.internal.MethodMetaDataManager@1277886b
      serialVersionUID = -8002489041502300640
      $$$tc$$$ = class com.ibm.websphere.ras.TraceComponent@66d070cf
      listeners = class com.ibm.wsspi.kernel.service.utils.ConcurrentServiceReferenceSet@1801cffd
      metaDataIDs = class com.ibm.ws.container.service.metadata.internal.IndexList@3ec12c01
      metaDatas = class java.util.ArrayList@36420fcb
      slotIDs = class com.ibm.ws.container.service.metadata.internal.IndexList@19c0d323
      serialVersionUID = 5464421863354792977
      $$$tc$$$ = class com.ibm.websphere.ras.TraceComponent@6d9072c4
    appModuleNameToModuleContainer = class java.util.concurrent.ConcurrentHashMap@42ba28e1
      serialVersionUID = 7249069246763182397
      MAXIMUM_CAPACITY = 1073741824
      DEFAULT_CAPACITY = 16
      MAX_ARRAY_SIZE = 2147483639
      DEFAULT_CONCURRENCY_LEVEL = 16
      LOAD_FACTOR = 0.75
      TREEIFY_THRESHOLD = 8
      UNTREEIFY_THRESHOLD = 6
      MIN_TREEIFY_CAPACITY = 64
      MIN_TRANSFER_STRIDE = 16
      RESIZE_STAMP_BITS = 16
      MAX_RESIZERS = 65535
      RESIZE_STAMP_SHIFT = 16
      MOVED = -1
      TREEBIN = -2
      RESERVED = -3
      HASH_BITS = 2147483647
      NCPU = 8
      serialPersistentFields = class java.io.ObjectStreamField[3]
      table = null
      nextTable = null
      baseCount = 0
      sizeCtl = 0
      transferIndex = 0
      cellsBusy = 0
      counterCells = null
      keySet = null
      values = null
      entrySet = null
      U = class sun.misc.Unsafe@524edd75
      SIZECTL = 20
      TRANSFERINDEX = 32
      BASECOUNT = 24
      CELLSBUSY = 36
      CELLVALUE = 144
      ABASE = 16
      ASHIFT = 2
      keySet = null
      values = null
    jeeNameToComponentMetaData = class java.util.concurrent.ConcurrentHashMap@72502204
      serialVersionUID = 7249069246763182397
      MAXIMUM_CAPACITY = 1073741824
      DEFAULT_CAPACITY = 16
      MAX_ARRAY_SIZE = 2147483639
      DEFAULT_CONCURRENCY_LEVEL = 16
      LOAD_FACTOR = 0.75
      TREEIFY_THRESHOLD = 8
      UNTREEIFY_THRESHOLD = 6
      MIN_TREEIFY_CAPACITY = 64
      MIN_TRANSFER_STRIDE = 16
      RESIZE_STAMP_BITS = 16
      MAX_RESIZERS = 65535
      RESIZE_STAMP_SHIFT = 16
      MOVED = -1
      TREEBIN = -2
      RESERVED = -3
      HASH_BITS = 2147483647
      NCPU = 8
      serialPersistentFields = class java.io.ObjectStreamField[3]
      table = null
      nextTable = null
      baseCount = 0
      sizeCtl = 0
      transferIndex = 0
      cellsBusy = 0
      counterCells = null
      keySet = null
      values = null
      entrySet = null
      U = class sun.misc.Unsafe@524edd75
      SIZECTL = 20
      TRANSFERINDEX = 32
      BASECOUNT = 24
      CELLSBUSY = 36
      CELLVALUE = 144
      ABASE = 16
      ASHIFT = 2
      keySet = null
      values = null
    deferredMetaDataFactories = class com.ibm.wsspi.kernel.service.utils.ConcurrentServiceReferenceSet@5c116345
      referenceName = "deferredMetaDataFactory"
      contextRef = class java.util.concurrent.atomic.AtomicReference@167d5587
      elementMap = class java.util.LinkedHashMap@1ab1adef
      elementSet = class java.util.concurrent.ConcurrentSkipListSet@7fd0327a
      elementSetUnsorted = false
      serialVersionUID = 756240983881166148
      $$$tc$$$ = class com.ibm.websphere.ras.TraceComponent@3301eec2
    deferredMetaDataInitializers = class com.ibm.wsspi.kernel.service.utils.ConcurrentServiceReferenceMap@720b8c7c
      referenceName = "deferredMetaDataFactory"
      context = class org.apache.felix.scr.impl.manager.ComponentContextImpl@72780a8
      elementMap = class java.util.concurrent.ConcurrentHashMap@10ee9b76
      serialVersionUID = 6980924785166233786
      $$$tc$$$ = class com.ibm.websphere.ras.TraceComponent@542abc12
    serialVersionUID = -2494605732980966097
    $$$tc$$$ = class com.ibm.websphere.ras.TraceComponent@5adc8088
      strings[0] = "TraceComponent[com.ibm.ws.container.service.metadata.internal.MetaDataServiceImpl,class com.ibm.ws.container.service.metadata.internal.MetaDataServiceImpl,[Runtime],null,null]"
  stateChangeService = class com.ibm.ws.container.service.state.internal.StateChangeServiceImpl@5438fa78
    applicationStateManager = class com.ibm.ws.container.service.state.internal.ApplicationStateManager@7d87d529
      serialVersionUID = -6685368059484454124
      $$$tc$$$ = class com.ibm.websphere.ras.TraceComponent@426f1ff
      listeners = class com.ibm.wsspi.kernel.service.utils.ConcurrentServiceReferenceSet@2ad5a1b
      serialVersionUID = 2284273176985484160
      $$$tc$$$ = class com.ibm.websphere.ras.TraceComponent@b274459
    moduleStateManager = class com.ibm.ws.container.service.state.internal.ModuleStateManager@45d9a019
      serialVersionUID = -5540260902341249963
      $$$tc$$$ = class com.ibm.websphere.ras.TraceComponent@2bcc4435
      listeners = class com.ibm.wsspi.kernel.service.utils.ConcurrentServiceReferenceSet@2759d819
      serialVersionUID = 2284273176985484160
      $$$tc$$$ = class com.ibm.websphere.ras.TraceComponent@b274459
    serialVersionUID = -537917915330350560
    $$$tc$$$ = class com.ibm.websphere.ras.TraceComponent@583082d4
      strings[0] = "TraceComponent[com.ibm.ws.container.service.state.internal.StateChangeServiceImpl,class com.ibm.ws.container.service.state.internal.StateChangeServiceImpl,[Runtime],null,null]"
  moduleClassesInfo = class com.ibm.ws.app.manager.module.internal.SimpleDeployedAppInfoBase$ModuleClassesInfoProvider@42cfa14c
    entryContainerInfosMap = class java.util.HashMap@7bb34481
      serialVersionUID = 362498820763181265
      DEFAULT_INITIAL_CAPACITY = 16
      MAXIMUM_CAPACITY = 1073741824
      DEFAULT_LOAD_FACTOR = 0.75
      TREEIFY_THRESHOLD = 8
      UNTREEIFY_THRESHOLD = 6
      MIN_TREEIFY_CAPACITY = 64
      table = null
      entrySet = null
      size = 0
      modCount = 0
      threshold = 0
      loadFactor = 0.75
      keySet = null
      values = null
    serialVersionUID = -70332790531324534
    $$$tc$$$ = class com.ibm.websphere.ras.TraceComponent@2c5ee70a
      strings[0] = "TraceComponent[com.ibm.ws.app.manager.module.internal.SimpleDeployedAppInfoBase$ModuleClassesInfoProvider,class com.ibm.ws.app.manager.module.internal.SimpleDeployedAppInfoBase$ModuleClassesInfoProvider,[applications, app.manager],null,null]"
  moduleContainerInfos = class java.util.ArrayList@525adc9e
    serialVersionUID = 8683452581122892189
    DEFAULT_CAPACITY = 10
    EMPTY_ELEMENTDATA = class java.lang.Object[0]
    DEFAULTCAPACITY_EMPTY_ELEMENTDATA = class java.lang.Object[0]
    elementData = class java.lang.Object[10]
      Object[0] = class com.ibm.ws.app.manager.module.internal.SimpleDeployedAppInfoBase$WebModuleContainerInfo@4a0cc616
      Object[1] = null
      Object[2] = null
      Object[3] = null
      Object[4] = null
      Object[5] = null
      Object[6] = null
      Object[7] = null
      Object[8] = null
      Object[9] = null
    size = 1
    MAX_ARRAY_SIZE = 2147483639
    modCount = 1
    MAX_ARRAY_SIZE = 2147483639
  activeModuleHandlers = class java.util.IdentityHashMap@7483564b
    DEFAULT_CAPACITY = 32
    MINIMUM_CAPACITY = 4
    MAXIMUM_CAPACITY = 536870912
    table = class java.lang.Object[16]
      Object[0] = null
      Object[1] = null
      Object[2] = null
      Object[3] = null
      Object[4] = null
      Object[5] = null
      Object[6] = null
      Object[7] = null
      Object[8] = null
      Object[9] = null
      Object[10] = null
      Object[11] = null
      Object[12] = null
      Object[13] = null
      Object[14] = null
      Object[15] = null
    size = 0
    modCount = 2
    NULL_KEY = class java.lang.Object@562ef98c
    entrySet = null
    serialVersionUID = 8188218128353913216
    keySet = null
    values = null
  serialVersionUID = -2685719801501752993
  $$$tc$$$ = class com.ibm.websphere.ras.TraceComponent@f03a742
    strings[0] = "TraceComponent[com.ibm.ws.app.manager.module.internal.SimpleDeployedAppInfoBase,class com.ibm.ws.app.manager.module.internal.SimpleDeployedAppInfoBase,[applications, app.manager],null,null]"

Dump of objectArray[0]
Object type = com.ibm.ws.threading.internal.NonCancelableResultFuture
  _done = false
  _result = null
  _failure = null
  _listeners = class java.util.concurrent.ConcurrentLinkedQueue@3492b862
    serialVersionUID = 196745693267521676
    head = class java.util.concurrent.ConcurrentLinkedQueue$Node@160ddece
      item = null
      next = null
      UNSAFE = class sun.misc.Unsafe@524edd75
      itemOffset = 12
      nextOffset = 16
    tail = class java.util.concurrent.ConcurrentLinkedQueue$Node@160ddece
    UNSAFE = class sun.misc.Unsafe@524edd75
      theUnsafe = class sun.misc.Unsafe@524edd75
      INVALID_FIELD_OFFSET = -1
      ARRAY_BOOLEAN_BASE_OFFSET = 16
      ARRAY_BYTE_BASE_OFFSET = 16
      ARRAY_SHORT_BASE_OFFSET = 16
      ARRAY_CHAR_BASE_OFFSET = 16
      ARRAY_INT_BASE_OFFSET = 16
      ARRAY_LONG_BASE_OFFSET = 16
      ARRAY_FLOAT_BASE_OFFSET = 16
      ARRAY_DOUBLE_BASE_OFFSET = 16
      ARRAY_OBJECT_BASE_OFFSET = 16
      ARRAY_BOOLEAN_INDEX_SCALE = 1
      ARRAY_BYTE_INDEX_SCALE = 1
      ARRAY_SHORT_INDEX_SCALE = 2
      ARRAY_CHAR_INDEX_SCALE = 2
      ARRAY_INT_INDEX_SCALE = 4
      ARRAY_LONG_INDEX_SCALE = 8
      ARRAY_FLOAT_INDEX_SCALE = 4
      ARRAY_DOUBLE_INDEX_SCALE = 8
      ARRAY_OBJECT_INDEX_SCALE = 4
      ADDRESS_SIZE = 8
    headOffset = 12
    tailOffset = 16
    MAX_ARRAY_SIZE = 2147483639
  _notifiedListeners = class java.util.concurrent.atomic.AtomicBoolean@35c3e4a4
    serialVersionUID = 4654671469794556979
    unsafe = class sun.misc.Unsafe@524edd75
    valueOffset = 12
    value = 0
  serialVersionUID = -296387658814354272
  $$$tc$$$ = class com.ibm.websphere.ras.TraceComponent@45129f26
    strings[0] = "TraceComponent[com.ibm.ws.threading.internal.NonCancelableResultFuture,class com.ibm.ws.threading.internal.NonCancelableResultFuture,[Threading],com.ibm.ws.threading.internal.resources.ThreadingMessages,null]"

