------Start of DE processing------ = [4/6/21 23:25:04:221 EDT]
Exception = com.ibm.ws.container.service.state.StateChangeException
Source = com.ibm.ws.app.manager.module.internal.SimpleDeployedAppInfoBase
probeid = 548
Stack Dump = com.ibm.ws.container.service.state.StateChangeException: org.jboss.weld.exceptions.DeploymentException: WELD-001408: Unsatisfied dependencies for type AmadeusAPICaller with qualifiers @Default
  at injection point [BackedAnnotatedField] @Inject com.FlightLogix.Service.apis.BookingResource.apiCaller
  at com.FlightLogix.Service.apis.BookingResource.apiCaller(BookingResource.java:0)

	at com.ibm.ws.container.service.state.internal.ApplicationStateManager.fireStarting(ApplicationStateManager.java:55)
	at com.ibm.ws.container.service.state.internal.StateChangeServiceImpl.fireApplicationStarting(StateChangeServiceImpl.java:50)
	at com.ibm.ws.app.manager.module.internal.SimpleDeployedAppInfoBase.preDeployApp(SimpleDeployedAppInfoBase.java:547)
	at com.ibm.ws.app.manager.module.internal.SimpleDeployedAppInfoBase.installApp(SimpleDeployedAppInfoBase.java:508)
	at com.ibm.ws.app.manager.module.internal.DeployedAppInfoBase.deployApp(DeployedAppInfoBase.java:349)
	at com.ibm.ws.app.manager.war.internal.WARApplicationHandlerImpl.install(WARApplicationHandlerImpl.java:65)
	at com.ibm.ws.app.manager.internal.statemachine.StartAction.execute(StartAction.java:149)
	at com.ibm.ws.app.manager.internal.statemachine.ApplicationStateMachineImpl.enterState(ApplicationStateMachineImpl.java:1352)
	at com.ibm.ws.app.manager.internal.statemachine.ApplicationStateMachineImpl.performAction(ApplicationStateMachineImpl.java:1217)
	at com.ibm.ws.app.manager.internal.statemachine.ApplicationStateMachineImpl.run(ApplicationStateMachineImpl.java:905)
	at com.ibm.ws.threading.internal.ExecutorServiceImpl$RunnableWrapper.run(ExecutorServiceImpl.java:238)
	at java.util.concurrent.ThreadPoolExecutor.runWorker(ThreadPoolExecutor.java:1149)
	at java.util.concurrent.ThreadPoolExecutor$Worker.run(ThreadPoolExecutor.java:624)
	at java.lang.Thread.run(Thread.java:748)
Caused by: org.jboss.weld.exceptions.DeploymentException: WELD-001408: Unsatisfied dependencies for type AmadeusAPICaller with qualifiers @Default
  at injection point [BackedAnnotatedField] @Inject com.FlightLogix.Service.apis.BookingResource.apiCaller
  at com.FlightLogix.Service.apis.BookingResource.apiCaller(BookingResource.java:0)

	at org.jboss.weld.bootstrap.Validator.validateInjectionPointForDeploymentProblems(Validator.java:378)
	at org.jboss.weld.bootstrap.Validator.validateInjectionPoint(Validator.java:290)
	at org.jboss.weld.bootstrap.Validator.validateGeneralBean(Validator.java:143)
	at org.jboss.weld.bootstrap.Validator.validateRIBean(Validator.java:164)
	at org.jboss.weld.bootstrap.Validator.validateBean(Validator.java:526)
	at org.jboss.weld.bootstrap.ConcurrentValidator$1.doWork(ConcurrentValidator.java:64)
	at org.jboss.weld.bootstrap.ConcurrentValidator$1.doWork(ConcurrentValidator.java:62)
	at org.jboss.weld.executor.IterativeWorkerTaskFactory$1.call(IterativeWorkerTaskFactory.java:62)
	at org.jboss.weld.executor.IterativeWorkerTaskFactory$1.call(IterativeWorkerTaskFactory.java:55)
	at java.util.concurrent.FutureTask.run(FutureTask.java:266)
	... 3 more

Dump of callerThis
Object type = com.ibm.ws.app.manager.war.internal.WARDeployedAppInfo
  CONTEXT_ROOT = "context-root"
  webContainerModuleInfo = class com.ibm.ws.app.manager.module.internal.SimpleDeployedAppInfoBase$WebModuleContainerInfo@40aa1979
    contextRoot = "/"
    defaultContextRoot = "FlightLogix"
    serialVersionUID = 4617657913043497664
    $$$tc$$$ = class com.ibm.websphere.ras.TraceComponent@6d64a7e6
      strings[0] = "TraceComponent[com.ibm.ws.app.manager.module.internal.SimpleDeployedAppInfoBase$WebModuleContainerInfo,class com.ibm.ws.app.manager.module.internal.SimpleDeployedAppInfoBase$WebModuleContainerInfo,[applications, app.manager],null,null]"
    moduleHandler = class com.ibm.ws.app.manager.web.internal.WebModuleHandlerImpl@53a7de0c
      serialVersionUID = 4795602325763828210
      $$$tc$$$ = class com.ibm.websphere.ras.TraceComponent@60d79a28
      futureMonitor = class com.ibm.ws.threading.internal.FutureMonitorImpl@3a774da8
      metaDataService = class com.ibm.ws.container.service.metadata.internal.MetaDataServiceImpl@3620c97d
      stateChangeService = class com.ibm.ws.container.service.state.internal.StateChangeServiceImpl@5eb73edf
      moduleRuntimeContainer = class com.ibm.ws.webcontainer.osgi.WebContainer@628d6a5f
      firstFailure = null
      serialVersionUID = -4563697739413190872
      $$$tc$$$ = class com.ibm.websphere.ras.TraceComponent@668c660d
    moduleMetaDataExtenders = class java.util.Collections$UnmodifiableRandomAccessList@465f2e72
      serialVersionUID = -2542308836966382001
      serialVersionUID = -283967356065247728
      list = class java.util.concurrent.CopyOnWriteArrayList@70c0bc22
      serialVersionUID = 1820017752578914078
      c = class java.util.concurrent.CopyOnWriteArrayList@70c0bc22
    nestedModuleMetaDataFactories = class java.util.Collections$UnmodifiableRandomAccessList@531ab4dd
      serialVersionUID = -2542308836966382001
      serialVersionUID = -283967356065247728
      list = class java.util.concurrent.CopyOnWriteArrayList@762cb774
      serialVersionUID = 1820017752578914078
      c = class java.util.concurrent.CopyOnWriteArrayList@762cb774
    nestedModules = null
    moduleName = "FlightLogix"
    moduleDD = class com.ibm.ws.javaee.ddmodel.web.common.WebAppType@22fbb822
      version = class com.ibm.ws.javaee.ddmodel.TokenType@7fa6feb4
      metadata_complete = null
      module_name = null
      absolute_ordering = null
      serialVersionUID = 4092807504738198665
      $$$tc$$$ = class com.ibm.websphere.ras.TraceComponent@2d6068f5
      description = null
      display_name = class com.ibm.ws.javaee.ddmodel.common.DisplayNameType$ListType@6e0d9dbb
      icon = null
      distributable = null
      context_param = null
      filter = null
      filter_mapping = null
      listener = null
      servlet = null
      servlet_mapping = null
      session_config = null
      mime_mapping = null
      welcome_file_list = class com.ibm.ws.javaee.ddmodel.web.common.WelcomeFileListType@7c1db076
      error_page = null
      jsp_config = null
      security_constraint = null
      deny_uncovered_http_methods = null
      login_config = null
      security_role = null
      message_destination = null
      locale_encoding_mapping_list = null
      default_context_path = null
      request_encoding = null
      response_encoding = null
      servletNameToServletMap = null
      filterNameToFilterMap = null
      ejbRefNameToEJBLocalRefMap = null
      ejbRefNameToEJBRefMap = null
      resourceEnvRefNameToResourceEnvRefMap = null
      messageDestinationRefNameToMessageDestinationRefMap = null
      resRefNameToResourceRefMap = null
      envEntryNameToEnvEntryMap = null
      roleNameToSecurityRoleMap = null
      roleLinkToSecurityRoleRefMap = null
      handlerNameToHandlerMap = null
      path = "WEB-INF/web.xml"
      idMap = class com.ibm.ws.javaee.ddmodel.DDParser$ComponentIDMap@1f891e01
      serialVersionUID = 5321339975883512588
      $$$tc$$$ = class com.ibm.websphere.ras.TraceComponent@e0b9269
      post_construct = null
      pre_destroy = null
      serialVersionUID = 1102064201943992836
      $$$tc$$$ = class com.ibm.websphere.ras.TraceComponent@4c43d83a
      env_entry = null
      ejb_ref = null
      ejb_local_ref = null
      resource_ref = null
      resource_env_ref = null
      message_destination_ref = null
      persistence_context_ref = null
      persistence_unit_ref = null
      data_source = null
      jms_connection_factory = null
      jms_destination = null
      mail_session = null
      connection_factory = null
      administered_object = null
      serialVersionUID = 8931982405528922228
      $$$tc$$$ = class com.ibm.websphere.ras.TraceComponent@58c096af
      service_ref = null
      serialVersionUID = -6199862059825607270
      $$$tc$$$ = class com.ibm.websphere.ras.TraceComponent@1d57c3ee
      nilled = false
      serialVersionUID = -2826386306561723362
      $$$tc$$$ = class com.ibm.websphere.ras.TraceComponent@54c2c902
    moduleInfo = class com.ibm.ws.app.manager.module.internal.WebModuleInfoImpl@17618980
      contextRoot = "/"
      isDefaultContextRootUsed = false
      defaultContextRoot = "FlightLogix"
      serialVersionUID = -6699247856069243844
      $$$tc$$$ = class com.ibm.websphere.ras.TraceComponent@4182bdf2
      tc = class com.ibm.websphere.ras.TraceComponent@4b0fa8b7
      appInfo = class com.ibm.ws.container.service.app.deploy.internal.ApplicationInfoImpl@5acecde0
      moduleName = "FlightLogix"
      path = "FlightLogix.war"
      moduleContainer = class com.ibm.ws.adaptable.module.internal.AdaptableContainerImpl@3d7e1603
      altDDEntry = null
      moduleClassesContainers = class java.util.ArrayList@791110a5
      classLoaderFactory = class com.ibm.ws.app.manager.war.internal.WARDeployedAppInfo@f35fcb9
      containerInfoType = class com.ibm.ws.container.service.app.deploy.ContainerInfo$Type@1056dbab
      classLoader = class com.ibm.ws.classloading.internal.AppClassLoader@4571fe40
      moduleMetaData = class com.ibm.ws.webcontainer.osgi.metadata.WebModuleMetaDataImpl@25ad7de8
      nestedModuleMetaDataTypes = null
      nestedModuleMetaDataValues = null
      serialVersionUID = 3986734351620206554
    serialVersionUID = 5122721995888983779
    $$$tc$$$ = class com.ibm.websphere.ras.TraceComponent@3348b628
      strings[0] = "TraceComponent[com.ibm.ws.app.manager.module.internal.SimpleDeployedAppInfoBase$ModuleContainerInfoBase,class com.ibm.ws.app.manager.module.internal.SimpleDeployedAppInfoBase$ModuleContainerInfoBase,[applications, app.manager],null,null]"
    type = class com.ibm.ws.container.service.app.deploy.ContainerInfo$Type@1056dbab
      MANIFEST_CLASSPATH = class com.ibm.ws.container.service.app.deploy.ContainerInfo$Type@17f68499
      WEB_INF_CLASSES = class com.ibm.ws.container.service.app.deploy.ContainerInfo$Type@4d87aea7
      WEB_INF_LIB = class com.ibm.ws.container.service.app.deploy.ContainerInfo$Type@1ffc934e
      EAR_LIB = class com.ibm.ws.container.service.app.deploy.ContainerInfo$Type@4e3daf2f
      WEB_MODULE = class com.ibm.ws.container.service.app.deploy.ContainerInfo$Type@1056dbab
      EJB_MODULE = class com.ibm.ws.container.service.app.deploy.ContainerInfo$Type@6dcc383d
      CLIENT_MODULE = class com.ibm.ws.container.service.app.deploy.ContainerInfo$Type@1dce51b5
      RAR_MODULE = class com.ibm.ws.container.service.app.deploy.ContainerInfo$Type@6653c7a1
      JAR_MODULE = class com.ibm.ws.container.service.app.deploy.ContainerInfo$Type@45b45893
      SHARED_LIB = class com.ibm.ws.container.service.app.deploy.ContainerInfo$Type@49b59dc8
      $VALUES = class com.ibm.ws.container.service.app.deploy.ContainerInfo$Type[10]
      name = "WEB_MODULE"
      ordinal = 4
    name = "FlightLogix.war"
    container = class com.ibm.ws.adaptable.module.internal.AdaptableContainerImpl@3d7e1603
    moduleClassLoaderFactory = class com.ibm.ws.app.manager.war.internal.WARDeployedAppInfo@f35fcb9
    altDDEntry = null
    classesContainerInfo = class java.util.ArrayList@791110a5
      serialVersionUID = 8683452581122892189
      DEFAULT_CAPACITY = 10
      EMPTY_ELEMENTDATA = class java.lang.Object[0]
      DEFAULTCAPACITY_EMPTY_ELEMENTDATA = class java.lang.Object[0]
      elementData = class java.lang.Object[15]
      size = 15
      MAX_ARRAY_SIZE = 2147483639
      modCount = 16
      MAX_ARRAY_SIZE = 2147483639
    serialVersionUID = 4636874131959542427
    $$$tc$$$ = class com.ibm.websphere.ras.TraceComponent@3945d9a9
      strings[0] = "TraceComponent[com.ibm.ws.app.manager.module.internal.SimpleDeployedAppInfoBase$ExtendedContainerInfo,class com.ibm.ws.app.manager.module.internal.SimpleDeployedAppInfoBase$ExtendedContainerInfo,[applications, app.manager],null,null]"
  DYNAMIC_IMPORT_PACKAGE_LIST = class java.util.Collections$UnmodifiableRandomAccessList@5b6ff9c5
    serialVersionUID = -2542308836966382001
    serialVersionUID = -283967356065247728
    list = class java.util.Arrays$ArrayList@681c394f
      serialVersionUID = -2764017481108945198
      a = class java.lang.String[1]
      modCount = 0
      MAX_ARRAY_SIZE = 2147483639
    serialVersionUID = 1820017752578914078
    c = class java.util.Arrays$ArrayList@681c394f
  serialVersionUID = 6176035338244935179
  $$$tc$$$ = class com.ibm.websphere.ras.TraceComponent@23579f6
    strings[0] = "TraceComponent[com.ibm.ws.app.manager.war.internal.WARDeployedAppInfo,class com.ibm.ws.app.manager.war.internal.WARDeployedAppInfo,[webcontainer, applications, app.manager],com.ibm.ws.app.manager.war.internal.resources.Messages,null]"
  _tc = class com.ibm.websphere.ras.TraceComponent@577232f7
    strings[0] = "TraceComponent[com.ibm.ws.app.manager.module.internal.DeployedAppInfoBase,class com.ibm.ws.app.manager.module.internal.DeployedAppInfoBase,[app.manager],com.ibm.ws.app.manager.module.internal.resources.Messages,null]"
  PERMISSION_XML = "permissions.xml"
  applicationInformation = class com.ibm.ws.app.manager.internal.ApplicationInstallInfo@4af7ee67
    _config = class com.ibm.ws.app.manager.internal.ApplicationConfig@45ac60d6
      tc = class com.ibm.websphere.ras.TraceComponent@424a5f81
      _configPid = "com.ibm.ws.app.manager_23"
      _config = class com.ibm.ws.config.admin.ConfigurationDictionary@52acefae
      _applicationManager = class com.ibm.ws.app.manager.ApplicationManager@4eb112e7
      _location = "FlightLogix.war"
      _type = "war"
      _name = "FlightLogix"
      _notificationBroadcasterSupport = class javax.management.NotificationBroadcasterSupport@25b4db85
      ONE_TIME_JANDEX_MSGS_DISPLAYED = true
      serialVersionUID = -2151423388299667431
    _handlerInfo = class java.util.concurrent.atomic.AtomicReference@19dc9cc7
      serialVersionUID = -1848883965231344442
      unsafe = class sun.misc.Unsafe@4093cbeb
      valueOffset = 12
      value = class com.ibm.ws.app.manager.war.internal.WARDeployedAppInfo@f35fcb9
    _container = class java.util.concurrent.atomic.AtomicReference@7ad80acf
      serialVersionUID = -1848883965231344442
      unsafe = class sun.misc.Unsafe@4093cbeb
      valueOffset = 12
      value = class com.ibm.ws.adaptable.module.internal.AdaptableContainerImpl@3d7e1603
    _resolvedLocation = class java.util.concurrent.atomic.AtomicReference@fa94725
      serialVersionUID = -1848883965231344442
      unsafe = class sun.misc.Unsafe@4093cbeb
      valueOffset = 12
      value = class com.ibm.ws.kernel.service.location.internal.LocalFileResource@2cd09403
    _handler = class com.ibm.ws.app.manager.war.internal.WARApplicationHandlerImpl@29253cd6
      futureMonitor = class com.ibm.ws.threading.internal.FutureMonitorImpl@3a774da8
      deployedAppFactory = class com.ibm.ws.app.manager.war.internal.WARDeployedAppInfoFactoryImpl@488e6b2a
      serialVersionUID = 4622845147410944782
      $$$tc$$$ = class com.ibm.websphere.ras.TraceComponent@9a03645
    _ami = class java.util.concurrent.atomic.AtomicReference@5462a791
      serialVersionUID = -1848883965231344442
      unsafe = class sun.misc.Unsafe@4093cbeb
      valueOffset = 12
      value = class com.ibm.wsspi.application.handler.DefaultApplicationMonitoringInformation@6d72fec0
    _updateHandler = class com.ibm.ws.app.manager.internal.statemachine.ApplicationStateMachineImpl@6ed651a0
      _tc = class com.ibm.websphere.ras.TraceComponent@2080f28a
      EMPTY_FUTURE_ARRAY = interface java.util.concurrent.Future[0]
      asmSequenceNumber = class java.util.concurrent.atomic.AtomicLong@7e5ce446
      _qscaCounter = class java.util.concurrent.atomic.AtomicInteger@42281b3
      _failedThrowable = null
      _interruptibleLock = class com.ibm.ws.app.manager.internal.statemachine.ApplicationStateMachineImpl$2@1162d3d1
      _interruptible = false
      _performingQueuedActions = true
      _queuedActions = class java.util.concurrent.ConcurrentLinkedQueue@5410fe04
      _callbackState = class java.util.concurrent.atomic.AtomicReference@4d775e14
      blockAppStartingFutures = class java.util.Collections$SetFromMap@5d486110
      waitingForAppHandlerFuture = class java.util.concurrent.atomic.AtomicReference@5ab3cd33
      waitingForExplicitStartFuture = class java.util.concurrent.atomic.AtomicReference@980f8bf
      startAfterFutures = class java.util.Collections$SetFromMap@7ef09065
      completionListener = class java.util.concurrent.atomic.AtomicReference@60ae3e4a
      _notifyAppStopped = class java.util.concurrent.ConcurrentLinkedQueue@24b0bd39
      _notifyAppStarting = class java.util.concurrent.ConcurrentLinkedQueue@2a7bec10
      _notifyAppInstallCalled = class java.util.concurrent.ConcurrentLinkedQueue@50f22282
      _notifyAppStarted = class java.util.concurrent.ConcurrentLinkedQueue@41bf0ab8
      _notifyAppRemoved = class java.util.concurrent.ConcurrentLinkedQueue@60c73ec3
      _stateLock = class com.ibm.ws.app.manager.internal.statemachine.ApplicationStateMachineImpl$3@152955a7
      _internalState = class java.util.concurrent.atomic.AtomicReference@548e83b2
      _currentAction = class java.util.concurrent.atomic.AtomicReference@6d5da951
      _rfa = class java.util.concurrent.atomic.AtomicReference@34b5b31f
      _appInstallInfo = class java.util.concurrent.atomic.AtomicReference@6b6e4c43
      _update = class java.util.concurrent.atomic.AtomicBoolean@4bddd18f
      _appConfig = class java.util.concurrent.atomic.AtomicReference@4b4afe84
      _nextAppConfig = class java.util.concurrent.atomic.AtomicReference@527e91b9
      _appContainer = class java.util.concurrent.atomic.AtomicReference@4bebc3e1
      _resolvedLocation = class java.util.concurrent.atomic.AtomicReference@6e9f22ba
      _handler = class java.util.concurrent.atomic.AtomicReference@723d5f33
      _asmSeqNo = 0
      _ctx = class org.eclipse.osgi.internal.framework.BundleContextImpl@7e43cd78
      _locAdmin = class com.ibm.ws.kernel.service.location.internal.WsLocationAdminImpl@7055a0cb
      _futureMonitor = class com.ibm.ws.threading.internal.FutureMonitorImpl@3a774da8
      _artifactFactory = class com.ibm.ws.artifact.internal.ArtifactContainerFactoryService@1e6fe082
      _moduleFactory = class com.ibm.ws.adaptable.module.internal.AdaptableModuleFactoryImpl@18ef0921
      _executorService = class com.ibm.ws.threading.internal.ExecutorServiceImpl@5468eb94
      _scheduledExecutorService = class com.ibm.ws.threading.internal.ScheduledExecutorImpl@4109de33
      _asmHelper = class com.ibm.ws.app.manager.internal.ApplicationConfigurator$NamedApplication@2a4ba1d6
      _appMonitor = class com.ibm.ws.app.manager.internal.monitor.ApplicationMonitor@5694be5a
      enterStateCalled = class java.util.concurrent.atomic.AtomicBoolean@4e48a77c
      serialVersionUID = 7990273947104993494
      serialVersionUID = 300267208965883056
      $$$tc$$$ = class com.ibm.websphere.ras.TraceComponent@3759337d
    serialVersionUID = 2630639237123415755
    $$$tc$$$ = class com.ibm.websphere.ras.TraceComponent@5f6cd57a
      strings[0] = "TraceComponent[com.ibm.ws.app.manager.internal.ApplicationInstallInfo,class com.ibm.ws.app.manager.internal.ApplicationInstallInfo,[applications, app.manager],com.ibm.ws.app.manager.internal.resources.AppManagerMessages,null]"
  location = "C:\Users\felix\Desktop\FlightLogix\FlightLogix\target\liberty\wlp\usr\servers\defaultServer\apps\FlightLogix.war.xml"
  classLoadingService = class com.ibm.ws.classloading.internal.ClassLoadingServiceImpl@5d4128e5
    tc = class com.ibm.websphere.ras.TraceComponent@34e0cf8c
      strings[0] = "TraceComponent[com.ibm.ws.classloading.internal.ClassLoadingServiceImpl,class com.ibm.ws.classloading.internal.ClassLoadingServiceImpl,[ClassLoadingService],com.ibm.ws.classloading.internal.resources.ClassLoadingServiceMessages,null]"
    leakDetectionMap = class java.util.HashMap@43c72572
      serialVersionUID = 362498820763181265
      DEFAULT_INITIAL_CAPACITY = 16
      MAXIMUM_CAPACITY = 1073741824
      DEFAULT_LOAD_FACTOR = 0.75
      TREEIFY_THRESHOLD = 8
      UNTREEIFY_THRESHOLD = 6
      MIN_TREEIFY_CAPACITY = 64
      table = null
      entrySet = null
      size = 0
      modCount = 0
      threshold = 0
      loadFactor = 0.75
      keySet = null
      values = null
    appClassLoaders = class java.util.Collections$SetFromMap@77cb869c
      m = class java.util.WeakHashMap@78515bf8
      s = class java.util.WeakHashMap$KeySet@e9626c7
      serialVersionUID = 2454657854757543876
      MAX_ARRAY_SIZE = 2147483639
    TCCL_LOCK_WAIT = 15000
    REFERENCE_GENERATORS = "generators"
    bundleContext = class org.eclipse.osgi.internal.framework.BundleContextImpl@1bd070aa
      findHookName = "org.osgi.framework.hooks.bundle.FindHook"
      valid = true
      bundle = class org.eclipse.osgi.internal.framework.EquinoxBundle@1fcf814f
      container = class org.eclipse.osgi.internal.framework.EquinoxContainer@88f2c31
      debug = class org.eclipse.osgi.internal.debug.Debug@434cc6d7
      servicesInUse = class java.util.HashMap@27dced3f
      activator = null
      contextLock = class java.lang.Object@511c116c
    aclStore = class com.ibm.ws.classloading.internal.util.CanonicalStore@40be8458
      map = class java.util.concurrent.ConcurrentHashMap@775937b1
      q = class com.ibm.ws.classloading.internal.util.RefQueue@4c2edb3c
      serialVersionUID = 6715157558227169968
      $$$tc$$$ = class com.ibm.websphere.ras.TraceComponent@35d78721
    tcclStore = class com.ibm.ws.classloading.internal.util.CanonicalStore@1f8a66ee
      map = class java.util.concurrent.ConcurrentHashMap@7a1b27e
      q = class com.ibm.ws.classloading.internal.util.RefQueue@a20ad27
      serialVersionUID = 6715157558227169968
      $$$tc$$$ = class com.ibm.websphere.ras.TraceComponent@35d78721
    tcclStoreLock = class java.util.concurrent.locks.ReentrantLock@659c2cd8
      serialVersionUID = 7373984872572414699
      sync = class java.util.concurrent.locks.ReentrantLock$NonfairSync@14e6bc0f
    digraph = class org.eclipse.equinox.internal.region.StandardRegionDigraph@4ec8b991
      EMPTY_EDGE_SET = class java.util.Collections$UnmodifiableSet@31bb87d8
      monitor = class java.lang.Object@697d9150
      regions = class java.util.HashMap@1b01891c
      bundleIdToRegionMapping = class org.eclipse.equinox.internal.region.StandardBundleIdToRegionMapping@249e24a5
      edges = class java.util.HashMap@4976f2a9
      bundleContext = class org.eclipse.osgi.internal.framework.BundleContextImpl@56e8b606
      threadLocal = class java.lang.ThreadLocal@4c040dc6
      subgraphTraverser = class org.eclipse.equinox.internal.region.SubgraphTraverser@5bda2433
      bundleCollisionHook = class org.eclipse.equinox.internal.region.hook.RegionBundleCollisionHook@e3488e1
      bundleEventHook = class org.eclipse.equinox.internal.region.hook.RegionBundleEventHook@70a9c034
      bundleFindHook = class org.eclipse.equinox.internal.region.hook.RegionBundleFindHook@1caf89da
      serviceEventHook = class org.eclipse.equinox.internal.region.hook.RegionServiceEventHook@165eddc0
      serviceFindHook = class org.eclipse.equinox.internal.region.hook.RegionServiceFindHook@3c073c6a
      resolverHookFactory = class org.eclipse.equinox.internal.region.hook.RegionResolverHookFactory@211e3be
      origin = null
      originUpdateCount = -1
      updateCount = class java.util.concurrent.atomic.AtomicLong@62105b7f
      defaultRegion = null
    redefiner = class com.ibm.ws.classloading.internal.util.ClassRedefiner@8779d66
      tc = class com.ibm.websphere.ras.TraceComponent@e9114e0
      LS = "
"
      inst = class com.sun.proxy.$Proxy0@59eb84f0
      serialVersionUID = 2420101865139508526
    listener = class com.ibm.ws.classloading.internal.ClassLoadingServiceImpl$1@7ae07854
      this$0 = class com.ibm.ws.classloading.internal.ClassLoadingServiceImpl@5d4128e5
      serialVersionUID = -9159707349812113172
      $$$tc$$$ = class com.ibm.websphere.ras.TraceComponent@c87981a
    classloaders = class java.util.Collections$SynchronizedMap@3691dcf0
      serialVersionUID = 1978198479659022715
      m = class java.util.HashMap@2c02a20
      mutex = class java.util.Collections$SynchronizedMap@3691dcf0
      keySet = null
      entrySet = null
      values = null
    resourceProviders = class com.ibm.ws.classloading.internal.CompositeResourceProvider@32efdc16
      lockFactory = class java.util.concurrent.locks.ReentrantReadWriteLock@76758bd3
      providerMap = class com.ibm.ws.classloading.internal.util.MultiMap@6bc72dd4
      serialVersionUID = -5576435894946156347
      $$$tc$$$ = class com.ibm.websphere.ras.TraceComponent@33c69289
    rememberedBundles = class java.util.concurrent.ConcurrentHashMap@3960efeb
      serialVersionUID = 7249069246763182397
      MAXIMUM_CAPACITY = 1073741824
      DEFAULT_CAPACITY = 16
      MAX_ARRAY_SIZE = 2147483639
      DEFAULT_CONCURRENCY_LEVEL = 16
      LOAD_FACTOR = 0.75
      TREEIFY_THRESHOLD = 8
      UNTREEIFY_THRESHOLD = 6
      MIN_TREEIFY_CAPACITY = 64
      MIN_TRANSFER_STRIDE = 16
      RESIZE_STAMP_BITS = 16
      MAX_RESIZERS = 65535
      RESIZE_STAMP_SHIFT = 16
      MOVED = -1
      TREEBIN = -2
      RESERVED = -3
      HASH_BITS = 2147483647
      NCPU = 8
      serialPersistentFields = class java.io.ObjectStreamField[3]
      table = class java.util.concurrent.ConcurrentHashMap$Node[16]
      nextTable = null
      baseCount = 2
      sizeCtl = 12
      transferIndex = 0
      cellsBusy = 0
      counterCells = null
      keySet = null
      values = null
      entrySet = null
      U = class sun.misc.Unsafe@4093cbeb
      SIZECTL = 20
      TRANSFERINDEX = 32
      BASECOUNT = 24
      CELLSBUSY = 36
      CELLVALUE = 144
      ABASE = 16
      ASHIFT = 2
      keySet = null
      values = null
    collectedBundles = class java.lang.ref.ReferenceQueue@403b024b
      NULL = class java.lang.ref.ReferenceQueue$Null@6d54c940
      ENQUEUED = class java.lang.ref.ReferenceQueue$Null@79c1eef6
      lock = class java.lang.ref.ReferenceQueue$Lock@5edc414f
      head = null
      queueLength = 0
      $assertionsDisabled = true
    generatorRefs = class com.ibm.wsspi.kernel.service.utils.ConcurrentServiceReferenceSet@787530e0
      referenceName = "generators"
      contextRef = class java.util.concurrent.atomic.AtomicReference@19934b08
      elementMap = class java.util.LinkedHashMap@575012ba
      elementSet = class java.util.concurrent.ConcurrentSkipListSet@75ffd599
      elementSetUnsorted = false
      serialVersionUID = 756240983881166148
      $$$tc$$$ = class com.ibm.websphere.ras.TraceComponent@7cae0f2d
    generatorManager = class com.ibm.ws.classloading.internal.ClassGeneratorManager@7563a3a8
      tc = class com.ibm.websphere.ras.TraceComponent@2402adfd
      generatorRefs = class com.ibm.wsspi.kernel.service.utils.ConcurrentServiceReferenceSet@787530e0
      serialVersionUID = 4152663586056483310
    appExtLibs = class java.util.concurrent.CopyOnWriteArrayList@34364c94
      serialVersionUID = 8673264195747942595
      lock = class java.util.concurrent.locks.ReentrantLock@78e52541
      array = class java.lang.Object[0]
      UNSAFE = class sun.misc.Unsafe@4093cbeb
      lockOffset = 12
    globalConfig = class com.ibm.ws.classloading.configuration.GlobalClassloadingConfiguration@a97f24e
      properties = class org.apache.felix.scr.impl.helper.ReadOnlyDictionary@56476a6f
      serialVersionUID = 452562347104713756
      $$$tc$$$ = class com.ibm.websphere.ras.TraceComponent@4921a75d
    metaInfServicesProviders = class java.util.concurrent.ConcurrentHashMap@12a6800d
      serialVersionUID = 7249069246763182397
      MAXIMUM_CAPACITY = 1073741824
      DEFAULT_CAPACITY = 16
      MAX_ARRAY_SIZE = 2147483639
      DEFAULT_CONCURRENCY_LEVEL = 16
      LOAD_FACTOR = 0.75
      TREEIFY_THRESHOLD = 8
      UNTREEIFY_THRESHOLD = 6
      MIN_TREEIFY_CAPACITY = 64
      MIN_TRANSFER_STRIDE = 16
      RESIZE_STAMP_BITS = 16
      MAX_RESIZERS = 65535
      RESIZE_STAMP_SHIFT = 16
      MOVED = -1
      TREEBIN = -2
      RESERVED = -3
      HASH_BITS = 2147483647
      NCPU = 8
      serialPersistentFields = class java.io.ObjectStreamField[3]
      table = null
      nextTable = null
      baseCount = 0
      sizeCtl = 0
      transferIndex = 0
      cellsBusy = 0
      counterCells = null
      keySet = null
      values = null
      entrySet = null
      U = class sun.misc.Unsafe@4093cbeb
      SIZECTL = 20
      TRANSFERINDEX = 32
      BASECOUNT = 24
      CELLSBUSY = 36
      CELLVALUE = 144
      ABASE = 16
      ASHIFT = 2
      keySet = null
      values = null
    metaInfServicesRefs = class com.ibm.wsspi.kernel.service.utils.ConcurrentServiceReferenceMap@43054089
      referenceName = "MetaInfServicesProvider"
      context = class org.apache.felix.scr.impl.manager.ComponentContextImpl@731aec81
      elementMap = class java.util.concurrent.ConcurrentHashMap@7b6102c5
      serialVersionUID = 6980924785166233786
      $$$tc$$$ = class com.ibm.websphere.ras.TraceComponent@43ec3ce8
    protectionDomainMap = class java.util.HashMap@4551f691
      serialVersionUID = 362498820763181265
      DEFAULT_INITIAL_CAPACITY = 16
      MAXIMUM_CAPACITY = 1073741824
      DEFAULT_LOAD_FACTOR = 0.75
      TREEIFY_THRESHOLD = 8
      UNTREEIFY_THRESHOLD = 6
      MIN_TREEIFY_CAPACITY = 64
      table = class java.util.HashMap$Node[16]
      entrySet = null
      size = 1
      modCount = 1
      threshold = 12
      loadFactor = 0.75
      keySet = class java.util.HashMap$KeySet@15dad083
      values = null
    metadataIdentifierService = class com.ibm.ws.container.service.metadata.internal.MetaDataServiceImpl@3620c97d
    globalSharedLibrary = class java.util.concurrent.atomic.AtomicReference@70e179f7
      serialVersionUID = -1848883965231344442
      unsafe = class sun.misc.Unsafe@4093cbeb
      valueOffset = 12
      value = null
    serialVersionUID = 4365026902615131286
  globalSharedLibrary = class com.ibm.ws.library.internal.SharedLibraryImpl@6cb29aaf
    tc = class com.ibm.websphere.ras.TraceComponent@75487d90
      strings[0] = "TraceComponent[com.ibm.ws.library.internal.SharedLibraryImpl,class com.ibm.ws.library.internal.SharedLibraryImpl,[SharedLibrary],com.ibm.ws.classloading.internal.resources.ClassLoadingServiceMessages,null]"
    EMPTY_LIBRARY_LISTENERS = interface com.ibm.wsspi.library.LibraryChangeListener[0]
    deleted = false
    libraryListenersTracker = class org.osgi.util.tracker.ServiceTracker@3f7def97
      DEBUG = false
      context = class org.eclipse.osgi.internal.framework.BundleContextImpl@1bd070aa
      filter = class org.eclipse.osgi.internal.framework.FilterImpl$And@580a13c8
      customizer = class org.osgi.util.tracker.ServiceTracker@3f7def97
      listenerFilter = "(&(objectClass=com.ibm.wsspi.library.LibraryChangeListener)(|(library=global)(libraryRef=*com.ibm.ws.classloading.sharedlibrary_18*)))"
      trackClass = null
      trackReference = null
      tracked = class org.osgi.util.tracker.ServiceTracker$Tracked@1686671c
      cachedReference = null
      cachedService = null
    libraryReg = class org.eclipse.osgi.internal.serviceregistry.ServiceRegistrationImpl@6bc37d70
      registry = class org.eclipse.osgi.internal.serviceregistry.ServiceRegistry@3dcff5df
      context = class org.eclipse.osgi.internal.framework.BundleContextImpl@1bd070aa
      bundle = class org.eclipse.osgi.internal.framework.EquinoxBundle@1fcf814f
      clazzes = class java.lang.String[1]
      service = class com.ibm.ws.library.internal.SharedLibraryImpl@6cb29aaf
      reference = class org.eclipse.osgi.internal.serviceregistry.ServiceReferenceImpl@74d9e1e5
      contextsUsing = class java.util.ArrayList@7d0fb2b3
      properties = class java.util.Collections$UnmodifiableMap@3f2cc1c0
      serviceid = 292
      serviceranking = 0
      registrationLock = class java.lang.Object@22cfa79b
      state = 0
      REGISTERED = 0
      UNREGISTERING = 1
      UNREGISTERED = 2
      FRAMEWORK_SET_SERVICE_PROPERTIES_COUNT = 4
      $assertionsDisabled = true
    ctx = class org.eclipse.osgi.internal.framework.BundleContextImpl@1bd070aa
    classLoadingService = class com.ibm.ws.classloading.internal.ClassLoadingServiceImpl@5d4128e5
    configAdmin = class com.ibm.ws.config.admin.internal.ConfigurationAdminImpl@4e9844e5
      tc = class com.ibm.websphere.ras.TraceComponent@363b092f
      bundle = class org.eclipse.osgi.internal.framework.EquinoxBundle@1fcf814f
      caFactory = class com.ibm.ws.config.admin.internal.ConfigAdminServiceFactory@5661290e
      serialVersionUID = -2875522750804142523
    resolvedBasePath = "C:/Users/felix/Desktop/FlightLogix/FlightLogix/target/liberty/wlp/usr/servers/defaultServer/"
    generationLock = class com.ibm.ws.library.internal.SharedLibraryImpl$1@1ca2e0b8
      this$0 = class com.ibm.ws.library.internal.SharedLibraryImpl@6cb29aaf
      serialVersionUID = 2483639803450672373
      $$$tc$$$ = class com.ibm.websphere.ras.TraceComponent@50461cb1
    currentGeneration = class com.ibm.ws.library.internal.LibraryGeneration@1fb1d693
      tc = class com.ibm.websphere.ras.TraceComponent@43822d8e
      nextInt = class java.util.concurrent.atomic.AtomicInteger@125dd9d3
      libraryId = "global"
      genId = 0
      libraryProps = class java.util.Hashtable@4b199f11
      filesetRefs = class java.util.Collections$UnmodifiableRandomAccessList@7d618e06
      apiTypeVisibility = class java.util.RegularEnumSet@7828595e
      files = class java.util.Collections$EmptyList@3c620ac2
      folders = class java.util.ArrayList@4c784c9
      fileAndFolderContainers = class java.util.Collections$EmptyList@3c620ac2
      filesets = class java.util.concurrent.ArrayBlockingQueue@3217257
      filesetListenerRegs = class java.util.concurrent.ConcurrentLinkedQueue@72c1dd8b
      cancelled = false
      library = class com.ibm.ws.library.internal.SharedLibraryImpl@6cb29aaf
      serialVersionUID = 6965220007121905717
    nextGeneration = class com.ibm.ws.library.internal.LibraryGeneration@1fb1d693
    artifactContainerFactory = class com.ibm.ws.library.internal.SharedLibraryFactory$1@4f6093a5
      this$0 = class com.ibm.ws.library.internal.SharedLibraryFactory@718dc282
      serialVersionUID = 7730244564205089330
      $$$tc$$$ = class com.ibm.websphere.ras.TraceComponent@4171f500
    packageExporter = class com.ibm.ws.library.internal.LibraryPackageExporter@435349c0
      EXPORTER_POSTFIX = "_library_exporter"
      REGION_EXPORT_TO_LIBERTY = "liberty.library.export.to.liberty"
      REGION_EXPORT_TO_OSGI_APPS = "liberty.library.export.to.osgi.app"
      REGION_KERNEL = "org.eclipse.equinox.region.kernel"
      counter = class java.util.concurrent.atomic.AtomicLong@75f76f57
      context = class org.eclipse.osgi.internal.framework.BundleContextImpl@1bd070aa
      digraph = class org.eclipse.equinox.internal.region.StandardRegionDigraph@4ec8b991
      bundleToLibrary = class java.util.concurrent.ConcurrentHashMap@4e4d8809
      libraryToVisibility = class java.util.concurrent.ConcurrentHashMap@6a170ba5
      serialVersionUID = 8074378969667956573
      $$$tc$$$ = class com.ibm.websphere.ras.TraceComponent@21d4186e
    serialVersionUID = 6288237618632180389
  sharedLibDeploymentInfo = class com.ibm.ws.app.manager.module.internal.DeployedAppInfoBase$SharedLibDeploymentInfo@86ede03
    locAdmin = class com.ibm.ws.kernel.service.location.internal.WsLocationAdminImpl@7055a0cb
      tc = class com.ibm.websphere.ras.TraceComponent@1eab3eac
      LOC_INTERNAL_LIB_DIR = "wlp.lib.dir"
      LOC_INTERNAL_WORKAREA_DIR = "wlp.workarea.dir"
      LOC_AREA_NAME_APPS = "shared/apps/"
      LOC_AREA_NAME_CONFIG = "shared/config/"
      LOC_AREA_NAME_RESC = "shared/resources/"
      LOC_AREA_NAME_STATE = "logs/state/"
      LOC_AREA_NAME_SERVERS = "servers/"
      LOC_AREA_NAME_CLIENTS = "clients/"
      LOC_AREA_NAME_WORKING = "workarea/"
      LOC_AREA_NAME_EXTENSION = "extension/"
      instance = class com.ibm.ws.kernel.service.location.internal.WsLocationAdminImpl@7055a0cb
      installRoot = class com.ibm.ws.kernel.service.location.internal.SymbolicRootResource@43f5afaa
      installParentRoot = class com.ibm.ws.kernel.service.location.internal.SymbolicRootResource@61334bac
      userRoot = class com.ibm.ws.kernel.service.location.internal.SymbolicRootResource@1b8fd6ee
      usrExtensionRoot = class com.ibm.ws.kernel.service.location.internal.SymbolicRootResource@1a9ba2d6
      serverConfigDir = class com.ibm.ws.kernel.service.location.internal.SymbolicRootResource@74fdc6d0
      serverOutputDir = class com.ibm.ws.kernel.service.location.internal.SymbolicRootResource@74fdc6d0
      bootstrapLib = class com.ibm.ws.kernel.service.location.internal.LocalFileResource@fe88dc8
      serverWorkarea = class com.ibm.ws.kernel.service.location.internal.LocalFileResource@6ab5127d
      serverState = class com.ibm.ws.kernel.service.location.internal.LocalFileResource@2d7f80ef
      sharedAppsRoot = class com.ibm.ws.kernel.service.location.internal.SymbolicRootResource@372e08d6
      sharedConfigRoot = class com.ibm.ws.kernel.service.location.internal.SymbolicRootResource@7ce35536
      sharedResourceRoot = class com.ibm.ws.kernel.service.location.internal.SymbolicRootResource@3e07962d
      tmpRoot = class com.ibm.ws.kernel.service.location.internal.SymbolicRootResource@6fae11fa
      serverName = "defaultServer"
      resourcePaths = class java.util.ArrayList@2801dc61
      resourceGroups = class java.util.HashMap@4ead76b2
      commonRoot = class com.ibm.ws.kernel.service.location.internal.VirtualRootResource@4c1927b4
      serialVersionUID = -5748835026800463299
    artifactFactory = class com.ibm.ws.artifact.internal.ArtifactContainerFactoryService@1e6fe082
      CATEGORY_PROP_NAME = "category"
      ENTRY_KEY = "com.ibm.wsspi.artifact.ArtifactEntry"
      helperMap = class com.ibm.wsspi.kernel.service.utils.ConcurrentServiceReferenceSetMap@7d245397
      contributorMap = class com.ibm.wsspi.kernel.service.utils.ConcurrentServiceReferenceSetMap@261f6d0f
      helperCategoryMap = class com.ibm.wsspi.kernel.service.utils.ConcurrentServiceReferenceSetMap@4de4bc35
      contributorCategoryMap = class com.ibm.wsspi.kernel.service.utils.ConcurrentServiceReferenceSetMap@72b2f429
      categories = class java.util.Collections$SynchronizedSet@2dd5b903
      baseProperties = class org.apache.felix.scr.impl.helper.ReadOnlyDictionary@707fdea3
      registration = class com.ibm.ws.kernel.service.util.ServiceRegistrationModifier@1892d18d
      serialVersionUID = 6566424214406946230
      $$$tc$$$ = class com.ibm.websphere.ras.TraceComponent@67ffa5e9
    moduleFactory = class com.ibm.ws.adaptable.module.internal.AdaptableModuleFactoryImpl@18ef0921
      adapterFactoryService = class com.ibm.ws.adaptable.module.internal.AdapterFactoryServiceImpl@592cb70c
      containerFactory = class com.ibm.ws.artifact.internal.ArtifactContainerFactoryService@1e6fe082
      overlayContainerFactory = class com.ibm.ws.artifact.overlay.internal.OverlayContainerFactoryImpl@35993682
      serialVersionUID = 4200251809856292987
      $$$tc$$$ = class com.ibm.websphere.ras.TraceComponent@628143dd
    classesContainerInfo = class java.util.ArrayList@5b96c34f
      serialVersionUID = 8683452581122892189
      DEFAULT_CAPACITY = 10
      EMPTY_ELEMENTDATA = class java.lang.Object[0]
      DEFAULTCAPACITY_EMPTY_ELEMENTDATA = class java.lang.Object[0]
      elementData = class java.lang.Object[0]
      size = 0
      MAX_ARRAY_SIZE = 2147483639
      modCount = 0
      MAX_ARRAY_SIZE = 2147483639
    serialVersionUID = 5154735746662585226
    $$$tc$$$ = class com.ibm.websphere.ras.TraceComponent@515b19bf
      strings[0] = "TraceComponent[com.ibm.ws.app.manager.module.internal.DeployedAppInfoBase$SharedLibDeploymentInfo,class com.ibm.ws.app.manager.module.internal.DeployedAppInfoBase$SharedLibDeploymentInfo,[applications, app.manager],null,null]"
  configAdmin = class com.ibm.ws.config.admin.internal.ConfigurationAdminImpl@470f184a
    tc = class com.ibm.websphere.ras.TraceComponent@363b092f
      strings[0] = "TraceComponent[com.ibm.ws.config.admin.internal.ConfigurationAdminImpl,class com.ibm.ws.config.admin.internal.ConfigurationAdminImpl,[config],com.ibm.ws.config.internal.resources.ConfigMessages,null]"
    bundle = class org.eclipse.osgi.internal.framework.EquinoxBundle@5f7325aa
      equinoxContainer = class org.eclipse.osgi.internal.framework.EquinoxContainer@88f2c31
      module = class org.eclipse.osgi.internal.framework.EquinoxBundle$EquinoxModule@6807e341
      monitor = class java.lang.Object@57ee83c
      context = class org.eclipse.osgi.internal.framework.BundleContextImpl@7f3a1503
      signerInfos = null
      $SWITCH_TABLE$org$eclipse$osgi$container$Module$State = {1,2,3,4,5,6,7} /* array length = 7 */
    caFactory = class com.ibm.ws.config.admin.internal.ConfigAdminServiceFactory@5661290e
      tc = class com.ibm.websphere.ras.TraceComponent@520d6fc0
      configurationPermission = class org.osgi.service.cm.ConfigurationPermission@58fdc032
      INDEX_DICTIONARY = 0
      INDEX_LOCATION = 1
      INDEX_METATYPE_PROCESSED = 2
      INDEX_IN_OVERRIDES_FILE = 3
      INDEX_REFERENCES = 4
      INDEX_UNIQUES = 5
      bundleContext = class org.eclipse.osgi.internal.framework.BundleContextImpl@3afd2df1
      msTracker = class com.ibm.ws.config.admin.internal.ManagedServiceTracker@7a51979b
      msfTracker = class com.ibm.ws.config.admin.internal.ManagedServiceFactoryTracker@11e4016d
      pluginManager = class com.ibm.ws.config.admin.internal.PluginManager@43a83acb
      configurationStore = class com.ibm.ws.config.admin.internal.ConfigurationStore@75e29edc
      updateQueue = class com.ibm.ws.config.admin.internal.UpdateQueue@37922b4
      ced = class com.ibm.ws.config.admin.internal.ConfigEventDispatcher@3227b4df
      idMap = class java.util.Collections$SynchronizedMap@305bae32
      referenceMap = class java.util.Collections$SynchronizedMap@51aec29b
      variableRegistryTracker = class org.osgi.util.tracker.ServiceTracker@1b883698
      variableRegistry = class com.ibm.ws.kernel.service.location.internal.VariableRegistryHelper@1406e87a
      configurationAdminRef = class org.eclipse.osgi.internal.serviceregistry.ServiceRegistrationImpl@1f84abac
      serialVersionUID = 6695202270027014725
    serialVersionUID = -2875522750804142523
  libraryConfigHelper = class com.ibm.ws.classloading.ClassLoaderConfigHelper@630a60bf
    tc = class com.ibm.websphere.ras.TraceComponent@5061a98e
      strings[0] = "TraceComponent[com.ibm.ws.classloading.ClassLoaderConfigHelper,class com.ibm.ws.classloading.ClassLoaderConfigHelper,[ClassLoadingService],com.ibm.ws.classloading.internal.resources.ClassLoadingServiceMessages,null]"
    DEFAULT_API_TYPES = class java.util.RegularEnumSet@46829d4b
      serialVersionUID = 3411599620347842686
      elements = 23
      elementType = class java.lang.Class@7e00610
      universe = class com.ibm.wsspi.classloading.ApiType[5]
      ZERO_LENGTH_ENUM_ARRAY = class java.lang.Enum[0]
      MAX_ARRAY_SIZE = 2147483639
    sharedLibraries = class java.util.Collections$EmptyList@3c620ac2
      serialVersionUID = 8842843931221139166
      modCount = 0
      MAX_ARRAY_SIZE = 2147483639
    commonLibraries = class java.util.Collections$EmptyList@3c620ac2
    classProviders = class java.util.Collections$EmptyList@3c620ac2
    sharedLibrariesPids = null
    commonLibrariesPids = null
    isDelegateLast = false
    apiTypes = class java.util.RegularEnumSet@46829d4b
    classLoaderConfigProps = null
    serialVersionUID = 7643888529935916418
  isDelegateLast = false
  permissionManager = class com.ibm.ws.classloading.java2sec.PermissionManager@1b95f993
    tc = class com.ibm.websphere.ras.TraceComponent@69829186
      strings[0] = "TraceComponent[com.ibm.ws.classloading.java2sec.PermissionManager,class com.ibm.ws.classloading.java2sec.PermissionManager,[Java2SecurityUtil],com.ibm.ws.classloading.internal.resources.Java2SecurityUtilMessages,null]"
    bundleContext = class org.eclipse.osgi.internal.framework.BundleContextImpl@1bd070aa
    classLoadingService = class com.ibm.ws.classloading.internal.ClassLoadingServiceImpl@5d4128e5
    DEFAULT_SERVER_RESTRICTABLE_PERMISSIONS = class java.security.Permission[4]
      Permission[0] = class java.lang.RuntimePermission@46945519
      Permission[1] = class java.lang.RuntimePermission@1bf4ac9a
      Permission[2] = class java.security.SecurityPermission@556b4e8c
      Permission[3] = class javax.security.auth.AuthPermission@744c96ea
    DEFAULT_CLIENT_RESTRICTABLE_PERMISSIONS = class java.security.Permission[3]
      Permission[0] = class java.lang.RuntimePermission@699972e4
      Permission[1] = class java.security.SecurityPermission@63a10feb
      Permission[2] = class javax.security.auth.AuthPermission@6c67df2d
    isServer = true
    wsjarUrlStreamHandlerAvailable = true
    restrictablePermissions = class java.util.ArrayList@ef357df
      serialVersionUID = 8683452581122892189
      DEFAULT_CAPACITY = 10
      EMPTY_ELEMENTDATA = class java.lang.Object[0]
      DEFAULTCAPACITY_EMPTY_ELEMENTDATA = class java.lang.Object[0]
      elementData = class java.lang.Object[10]
      size = 4
      MAX_ARRAY_SIZE = 2147483639
      modCount = 4
      MAX_ARRAY_SIZE = 2147483639
    javaAllCodeBasePermissions = class java.util.ArrayList@51053656
      serialVersionUID = 8683452581122892189
      DEFAULT_CAPACITY = 10
      EMPTY_ELEMENTDATA = class java.lang.Object[0]
      DEFAULTCAPACITY_EMPTY_ELEMENTDATA = class java.lang.Object[0]
      elementData = class java.lang.Object[22]
      size = 21
      MAX_ARRAY_SIZE = 2147483639
      modCount = 21
      MAX_ARRAY_SIZE = 2147483639
    expandProps = true
    grantedPermissions = class java.util.ArrayList@2728c517
      serialVersionUID = 8683452581122892189
      DEFAULT_CAPACITY = 10
      EMPTY_ELEMENTDATA = class java.lang.Object[0]
      DEFAULTCAPACITY_EMPTY_ELEMENTDATA = class java.lang.Object[0]
      elementData = class java.lang.Object[0]
      size = 0
      MAX_ARRAY_SIZE = 2147483639
      modCount = 0
      MAX_ARRAY_SIZE = 2147483639
    KEY_PERMISSION = "permission"
    INCORRECT_PERMISSION_CONFIGURATION = "INCORRECT_PERMISSION_CONFIGURATION"
    PERMISSION_CLASSNOTFOUND = "PERMISSION_CLASSNOTFOUND"
    SERVER_XML = "server.xml"
    CLIENT_XML = "client.xml"
    JAVA_POLICY = "java.policy"
    os_name = "Windows 10"
    os_version = "10.0"
    originationFile = "server.xml"
    permissions = class com.ibm.wsspi.kernel.service.utils.ConcurrentServiceReferenceSet@67fc9b61
      referenceName = "permission"
      contextRef = class java.util.concurrent.atomic.AtomicReference@27e7a2a0
      elementMap = class java.util.LinkedHashMap@24af765f
      elementSet = class java.util.concurrent.ConcurrentSkipListSet@73bd75b2
      elementSetUnsorted = false
      serialVersionUID = 756240983881166148
      $$$tc$$$ = class com.ibm.websphere.ras.TraceComponent@7cae0f2d
    codeBasePermissionMap = class java.util.HashMap@73a565ee
      serialVersionUID = 362498820763181265
      DEFAULT_INITIAL_CAPACITY = 16
      MAXIMUM_CAPACITY = 1073741824
      DEFAULT_LOAD_FACTOR = 0.75
      TREEIFY_THRESHOLD = 8
      UNTREEIFY_THRESHOLD = 6
      MIN_TREEIFY_CAPACITY = 64
      table = class java.util.HashMap$Node[16]
      entrySet = null
      size = 1
      modCount = 1
      threshold = 12
      loadFactor = 0.75
      keySet = class java.util.HashMap$KeySet@21aaf376
      values = null
    permissionXMLPermissionMap = class java.util.HashMap@b6a4a4a
      serialVersionUID = 362498820763181265
      DEFAULT_INITIAL_CAPACITY = 16
      MAXIMUM_CAPACITY = 1073741824
      DEFAULT_LOAD_FACTOR = 0.75
      TREEIFY_THRESHOLD = 8
      UNTREEIFY_THRESHOLD = 6
      MIN_TREEIFY_CAPACITY = 64
      table = null
      entrySet = null
      size = 0
      modCount = 0
      threshold = 0
      loadFactor = 0.75
      keySet = null
      values = null
    serialVersionUID = 8583289148510585888
  permissionsConfig = null
  serialVersionUID = 1131686356392279747
  appInfo = class com.ibm.ws.container.service.app.deploy.internal.ApplicationInfoImpl@5acecde0
    appName = "FlightLogix"
    appMetaData = class com.ibm.ws.container.service.app.deploy.internal.ApplicationMetaDataImpl@16bb8fc
      j2eeName = class com.ibm.ws.container.service.metadata.internal.J2EENameImpl@2b03a330
      serialVersionUID = -7906531148367236579
      $$$tc$$$ = class com.ibm.websphere.ras.TraceComponent@242779c6
      tc = class com.ibm.websphere.ras.TraceComponent@13cc65d7
      NUM_STATIC_SLOTS = 4
      ID_UNINITIALIZED = -1
      id = 0
      metaDataInterface = class java.lang.Class@7a4b2414
      staticSlots = class java.lang.Object[4]
      dynamicSlots = null
    appContainer = class com.ibm.ws.adaptable.module.internal.AdaptableContainerImpl@3d7e1603
      root = class com.ibm.ws.adaptable.module.internal.AdaptableContainerImpl@3d7e1603
      rootOverlay = class com.ibm.ws.artifact.overlay.internal.DirectoryBasedOverlayContainerImpl@68336285
      factoryHolder = class com.ibm.ws.adaptable.module.internal.AdaptableModuleFactoryImpl@18ef0921
      delegate = class com.ibm.ws.artifact.overlay.internal.DirectoryBasedOverlayContainerImpl@68336285
      notifier = class com.ibm.ws.adaptable.module.internal.NotifierImpl@6adf9dcc
      serialVersionUID = -5950528200509051684
      $$$tc$$$ = class com.ibm.websphere.ras.TraceComponent@205d2a53
    configHelper = class com.ibm.ws.app.manager.module.ApplicationNestedConfigHelper@68316ad1
      appInfo = class com.ibm.ws.app.manager.internal.ApplicationInstallInfo@4af7ee67
      serialVersionUID = -3174031738676705046
      $$$tc$$$ = class com.ibm.websphere.ras.TraceComponent@36a4d209
    applicationInformation = class com.ibm.ws.app.manager.internal.ApplicationInstallInfo@4af7ee67
    serialVersionUID = 5227817860647895780
    $$$tc$$$ = class com.ibm.websphere.ras.TraceComponent@6c3bf518
      strings[0] = "TraceComponent[com.ibm.ws.container.service.app.deploy.internal.ApplicationInfoImpl,class com.ibm.ws.container.service.app.deploy.internal.ApplicationInfoImpl,[container.service],com.ibm.ws.container.service.resources.Messages,null]"
  appInfoRegistration = null
  modulesDeployed = class java.util.ArrayList@6575a224
    serialVersionUID = 8683452581122892189
    DEFAULT_CAPACITY = 10
    EMPTY_ELEMENTDATA = class java.lang.Object[0]
    DEFAULTCAPACITY_EMPTY_ELEMENTDATA = class java.lang.Object[0]
    elementData = class java.lang.Object[10]
      Object[0] = class com.ibm.ws.app.manager.module.internal.DeployedModuleInfoImpl@109429e7
      Object[1] = null
      Object[2] = null
      Object[3] = null
      Object[4] = null
      Object[5] = null
      Object[6] = null
      Object[7] = null
      Object[8] = null
      Object[9] = null
    size = 1
    MAX_ARRAY_SIZE = 2147483639
    modCount = 1
    MAX_ARRAY_SIZE = 2147483639
  starting = true
  started = false
  deployedAppServices = class com.ibm.ws.app.manager.module.internal.DeployedAppServicesImpl@5a872b88
    SERVER_APPS_DIR = "${server.output.dir}/apps/"
    EXPANDED_APPS_DIR = "${server.output.dir}/apps/expanded/"
    bundleContext = class org.eclipse.osgi.internal.framework.BundleContextImpl@7f3a1503
      findHookName = "org.osgi.framework.hooks.bundle.FindHook"
      valid = true
      bundle = class org.eclipse.osgi.internal.framework.EquinoxBundle@5f7325aa
      container = class org.eclipse.osgi.internal.framework.EquinoxContainer@88f2c31
      debug = class org.eclipse.osgi.internal.debug.Debug@434cc6d7
      servicesInUse = class java.util.HashMap@7522112f
      activator = null
      contextLock = class java.lang.Object@53a24acf
    applicationInfoFactory = class com.ibm.ws.container.service.app.deploy.internal.ApplicationInfoFactoryImpl@6a38b7ff
    futureMonitor = class com.ibm.ws.threading.internal.FutureMonitorImpl@3a774da8
    classLoadingService = class com.ibm.ws.classloading.internal.ClassLoadingServiceImpl@5d4128e5
    globalSharedLibrary = class com.ibm.ws.library.internal.SharedLibraryImpl@6cb29aaf
    globalSharedLibraryPid = "com.ibm.ws.classloading.sharedlibrary_18"
    configAdmin = class com.ibm.ws.config.admin.internal.ConfigurationAdminImpl@470f184a
    metaDataService = class com.ibm.ws.container.service.metadata.internal.MetaDataServiceImpl@3620c97d
    stateChangeService = class com.ibm.ws.container.service.state.internal.StateChangeServiceImpl@5eb73edf
    allModuleTypes = class java.lang.String[4]
      String[0] = "ejb"
      String[1] = "web"
      String[2] = "client"
      String[3] = "connector"
    moduleMetaDataExtenders = class java.util.concurrent.ConcurrentHashMap@171ee7cb
      serialVersionUID = 7249069246763182397
      MAXIMUM_CAPACITY = 1073741824
      DEFAULT_CAPACITY = 16
      MAX_ARRAY_SIZE = 2147483639
      DEFAULT_CONCURRENCY_LEVEL = 16
      LOAD_FACTOR = 0.75
      TREEIFY_THRESHOLD = 8
      UNTREEIFY_THRESHOLD = 6
      MIN_TREEIFY_CAPACITY = 64
      MIN_TRANSFER_STRIDE = 16
      RESIZE_STAMP_BITS = 16
      MAX_RESIZERS = 65535
      RESIZE_STAMP_SHIFT = 16
      MOVED = -1
      TREEBIN = -2
      RESERVED = -3
      HASH_BITS = 2147483647
      NCPU = 8
      serialPersistentFields = class java.io.ObjectStreamField[3]
      table = class java.util.concurrent.ConcurrentHashMap$Node[16]
      nextTable = null
      baseCount = 4
      sizeCtl = 12
      transferIndex = 0
      cellsBusy = 0
      counterCells = null
      keySet = null
      values = null
      entrySet = null
      U = class sun.misc.Unsafe@4093cbeb
      SIZECTL = 20
      TRANSFERINDEX = 32
      BASECOUNT = 24
      CELLSBUSY = 36
      CELLVALUE = 144
      ABASE = 16
      ASHIFT = 2
      keySet = null
      values = null
    nestedModuleMetaDataFactories = class java.util.concurrent.ConcurrentHashMap@1e417226
      serialVersionUID = 7249069246763182397
      MAXIMUM_CAPACITY = 1073741824
      DEFAULT_CAPACITY = 16
      MAX_ARRAY_SIZE = 2147483639
      DEFAULT_CONCURRENCY_LEVEL = 16
      LOAD_FACTOR = 0.75
      TREEIFY_THRESHOLD = 8
      UNTREEIFY_THRESHOLD = 6
      MIN_TREEIFY_CAPACITY = 64
      MIN_TRANSFER_STRIDE = 16
      RESIZE_STAMP_BITS = 16
      MAX_RESIZERS = 65535
      RESIZE_STAMP_SHIFT = 16
      MOVED = -1
      TREEBIN = -2
      RESERVED = -3
      HASH_BITS = 2147483647
      NCPU = 8
      serialPersistentFields = class java.io.ObjectStreamField[3]
      table = class java.util.concurrent.ConcurrentHashMap$Node[16]
      nextTable = null
      baseCount = 4
      sizeCtl = 12
      transferIndex = 0
      cellsBusy = 0
      counterCells = null
      keySet = null
      values = null
      entrySet = null
      U = class sun.misc.Unsafe@4093cbeb
      SIZECTL = 20
      TRANSFERINDEX = 32
      BASECOUNT = 24
      CELLSBUSY = 36
      CELLVALUE = 144
      ABASE = 16
      ASHIFT = 2
      keySet = null
      values = null
    permissionManager = class com.ibm.ws.classloading.java2sec.PermissionManager@1b95f993
    locAdmin = class com.ibm.ws.kernel.service.location.internal.WsLocationAdminImpl@7055a0cb
    artifactFactory = class com.ibm.ws.artifact.internal.ArtifactContainerFactoryService@1e6fe082
    moduleFactory = class com.ibm.ws.adaptable.module.internal.AdaptableModuleFactoryImpl@18ef0921
    serialVersionUID = 8537801607979767986
    $$$tc$$$ = class com.ibm.websphere.ras.TraceComponent@1eb12f37
      strings[0] = "TraceComponent[com.ibm.ws.app.manager.module.internal.DeployedAppServicesImpl,class com.ibm.ws.app.manager.module.internal.DeployedAppServicesImpl,[applications, app.manager],null,null]"
  futureMonitor = class com.ibm.ws.threading.internal.FutureMonitorImpl@3a774da8
    _monitor = class java.util.concurrent.ConcurrentLinkedQueue@318f5176
      serialVersionUID = 196745693267521676
      head = class java.util.concurrent.ConcurrentLinkedQueue$Node@18a92731
      tail = class java.util.concurrent.ConcurrentLinkedQueue$Node@18a92731
      UNSAFE = class sun.misc.Unsafe@4093cbeb
      headOffset = 12
      tailOffset = 16
      MAX_ARRAY_SIZE = 2147483639
    _executor = class com.ibm.ws.threading.internal.ScheduledExecutorImpl@4109de33
      threadGroupName = "Scheduled Executor Thread Group"
      executor = class com.ibm.ws.threading.internal.ExecutorServiceImpl@5468eb94
      serialVersionUID = -9110693807503469597
      $$$tc$$$ = class com.ibm.websphere.ras.TraceComponent@33fc0881
      continueExistingPeriodicTasksAfterShutdown = false
      executeExistingDelayedTasksAfterShutdown = true
      removeOnCancel = false
      sequencer = class java.util.concurrent.atomic.AtomicLong@5a3aa593
      ctl = class java.util.concurrent.atomic.AtomicInteger@48ad631c
      COUNT_BITS = 29
      CAPACITY = 536870911
      RUNNING = -536870912
      SHUTDOWN = 0
      STOP = 536870912
      TIDYING = 1073741824
      TERMINATED = 1610612736
      workQueue = class java.util.concurrent.ScheduledThreadPoolExecutor$DelayedWorkQueue@4ff2fa8e
      mainLock = class java.util.concurrent.locks.ReentrantLock@17e33d6c
      workers = class java.util.HashSet@18fa143e
      termination = class java.util.concurrent.locks.AbstractQueuedSynchronizer$ConditionObject@3b6c21be
      largestPoolSize = 1
      completedTaskCount = 0
      threadFactory = class com.ibm.ws.threading.internal.ThreadFactoryImpl@6d94c394
      handler = class java.util.concurrent.ThreadPoolExecutor$AbortPolicy@250761fc
      keepAliveTime = 0
      allowCoreThreadTimeOut = false
      corePoolSize = 1
      maximumPoolSize = 2147483647
      defaultHandler = class java.util.concurrent.ThreadPoolExecutor$AbortPolicy@250761fc
      shutdownPerm = class java.lang.RuntimePermission@7f3cd533
      acc = null
      ONLY_ONE = true
      $assertionsDisabled = true
    _threadRunning = class java.util.concurrent.atomic.AtomicBoolean@362eb750
      serialVersionUID = 4654671469794556979
      unsafe = class sun.misc.Unsafe@4093cbeb
      valueOffset = 12
      value = 0
    _thread = class com.ibm.ws.threading.internal.FutureMonitorImpl$1@597379cc
      this$0 = class com.ibm.ws.threading.internal.FutureMonitorImpl@3a774da8
      serialVersionUID = 2422512430832938099
      $$$tc$$$ = class com.ibm.websphere.ras.TraceComponent@501df3f4
    serialVersionUID = 2765238413969174390
    $$$tc$$$ = class com.ibm.websphere.ras.TraceComponent@24e47006
      strings[0] = "TraceComponent[com.ibm.ws.threading.internal.FutureMonitorImpl,class com.ibm.ws.threading.internal.FutureMonitorImpl,[Threading],com.ibm.ws.threading.internal.resources.ThreadingMessages,null]"
  appInfoFactory = class com.ibm.ws.container.service.app.deploy.internal.ApplicationInfoFactoryImpl@6a38b7ff
    j2eeNameFactory = class com.ibm.wsspi.kernel.service.utils.AtomicServiceReference@6a8b264d
      referenceName = "j2eeNameFactory"
      tuple = class java.util.concurrent.atomic.AtomicReference@55052124
      serialVersionUID = 2226592364007985000
      $$$tc$$$ = class com.ibm.websphere.ras.TraceComponent@1dc2fc7
    names = class java.util.HashSet@69af9fee
      serialVersionUID = -5024744406713321676
      map = class java.util.HashMap@43ac341
      PRESENT = class java.lang.Object@3c3009e6
      MAX_ARRAY_SIZE = 2147483639
    serialVersionUID = 6232436640731165768
    $$$tc$$$ = class com.ibm.websphere.ras.TraceComponent@46f12713
      strings[0] = "TraceComponent[com.ibm.ws.container.service.app.deploy.internal.ApplicationInfoFactoryImpl,class com.ibm.ws.container.service.app.deploy.internal.ApplicationInfoFactoryImpl,[container.service],com.ibm.ws.container.service.resources.Messages,null]"
  metaDataService = class com.ibm.ws.container.service.metadata.internal.MetaDataServiceImpl@3620c97d
    applicationMetaDataManager = class com.ibm.ws.container.service.metadata.internal.ApplicationMetaDataManager@5f205fd1
      serialVersionUID = 1843747281024490904
      $$$tc$$$ = class com.ibm.websphere.ras.TraceComponent@9ef77ad
      listeners = class com.ibm.wsspi.kernel.service.utils.ConcurrentServiceReferenceSet@28dc2ec2
      metaDataIDs = class com.ibm.ws.container.service.metadata.internal.IndexList@1291e7de
      metaDatas = class java.util.ArrayList@1a0d3217
      slotIDs = class com.ibm.ws.container.service.metadata.internal.IndexList@3f1618cd
      serialVersionUID = 5464421863354792977
      $$$tc$$$ = class com.ibm.websphere.ras.TraceComponent@6668459a
    moduleMetaDataManager = class com.ibm.ws.container.service.metadata.internal.ModuleMetaDataManager@694a82f4
      serialVersionUID = 2513574389899327209
      $$$tc$$$ = class com.ibm.websphere.ras.TraceComponent@709f9264
      listeners = class com.ibm.wsspi.kernel.service.utils.ConcurrentServiceReferenceSet@19380f53
      metaDataIDs = class com.ibm.ws.container.service.metadata.internal.IndexList@40c3ef75
      metaDatas = class java.util.ArrayList@1fef7b89
      slotIDs = class com.ibm.ws.container.service.metadata.internal.IndexList@1326e146
      serialVersionUID = 5464421863354792977
      $$$tc$$$ = class com.ibm.websphere.ras.TraceComponent@6668459a
    componentMetaDataManager = class com.ibm.ws.container.service.metadata.internal.ComponentMetaDataManager@47b31530
      serialVersionUID = 8629793739641703882
      $$$tc$$$ = class com.ibm.websphere.ras.TraceComponent@a122e8
      listeners = class com.ibm.wsspi.kernel.service.utils.ConcurrentServiceReferenceSet@6df6e439
      metaDataIDs = class com.ibm.ws.container.service.metadata.internal.IndexList@3d9b043d
      metaDatas = class java.util.ArrayList@7d6ea3a4
      slotIDs = class com.ibm.ws.container.service.metadata.internal.IndexList@4cc84a14
      serialVersionUID = 5464421863354792977
      $$$tc$$$ = class com.ibm.websphere.ras.TraceComponent@6668459a
    methodMetaDataManager = class com.ibm.ws.container.service.metadata.internal.MethodMetaDataManager@71232dfc
      serialVersionUID = -8002489041502300640
      $$$tc$$$ = class com.ibm.websphere.ras.TraceComponent@ceaecc6
      listeners = class com.ibm.wsspi.kernel.service.utils.ConcurrentServiceReferenceSet@13cca5fa
      metaDataIDs = class com.ibm.ws.container.service.metadata.internal.IndexList@44e2d894
      metaDatas = class java.util.ArrayList@48be6e48
      slotIDs = class com.ibm.ws.container.service.metadata.internal.IndexList@53b8e110
      serialVersionUID = 5464421863354792977
      $$$tc$$$ = class com.ibm.websphere.ras.TraceComponent@6668459a
    appModuleNameToModuleContainer = class java.util.concurrent.ConcurrentHashMap@2d6bd21f
      serialVersionUID = 7249069246763182397
      MAXIMUM_CAPACITY = 1073741824
      DEFAULT_CAPACITY = 16
      MAX_ARRAY_SIZE = 2147483639
      DEFAULT_CONCURRENCY_LEVEL = 16
      LOAD_FACTOR = 0.75
      TREEIFY_THRESHOLD = 8
      UNTREEIFY_THRESHOLD = 6
      MIN_TREEIFY_CAPACITY = 64
      MIN_TRANSFER_STRIDE = 16
      RESIZE_STAMP_BITS = 16
      MAX_RESIZERS = 65535
      RESIZE_STAMP_SHIFT = 16
      MOVED = -1
      TREEBIN = -2
      RESERVED = -3
      HASH_BITS = 2147483647
      NCPU = 8
      serialPersistentFields = class java.io.ObjectStreamField[3]
      table = class java.util.concurrent.ConcurrentHashMap$Node[16]
      nextTable = null
      baseCount = 0
      sizeCtl = 12
      transferIndex = 0
      cellsBusy = 0
      counterCells = null
      keySet = null
      values = null
      entrySet = null
      U = class sun.misc.Unsafe@4093cbeb
      SIZECTL = 20
      TRANSFERINDEX = 32
      BASECOUNT = 24
      CELLSBUSY = 36
      CELLVALUE = 144
      ABASE = 16
      ASHIFT = 2
      keySet = null
      values = null
    jeeNameToComponentMetaData = class java.util.concurrent.ConcurrentHashMap@7068ceb4
      serialVersionUID = 7249069246763182397
      MAXIMUM_CAPACITY = 1073741824
      DEFAULT_CAPACITY = 16
      MAX_ARRAY_SIZE = 2147483639
      DEFAULT_CONCURRENCY_LEVEL = 16
      LOAD_FACTOR = 0.75
      TREEIFY_THRESHOLD = 8
      UNTREEIFY_THRESHOLD = 6
      MIN_TREEIFY_CAPACITY = 64
      MIN_TRANSFER_STRIDE = 16
      RESIZE_STAMP_BITS = 16
      MAX_RESIZERS = 65535
      RESIZE_STAMP_SHIFT = 16
      MOVED = -1
      TREEBIN = -2
      RESERVED = -3
      HASH_BITS = 2147483647
      NCPU = 8
      serialPersistentFields = class java.io.ObjectStreamField[3]
      table = class java.util.concurrent.ConcurrentHashMap$Node[16]
      nextTable = null
      baseCount = 0
      sizeCtl = 12
      transferIndex = 0
      cellsBusy = 0
      counterCells = null
      keySet = null
      values = null
      entrySet = null
      U = class sun.misc.Unsafe@4093cbeb
      SIZECTL = 20
      TRANSFERINDEX = 32
      BASECOUNT = 24
      CELLSBUSY = 36
      CELLVALUE = 144
      ABASE = 16
      ASHIFT = 2
      keySet = null
      values = null
    deferredMetaDataFactories = class com.ibm.wsspi.kernel.service.utils.ConcurrentServiceReferenceSet@2f2d4f1c
      referenceName = "deferredMetaDataFactory"
      contextRef = class java.util.concurrent.atomic.AtomicReference@787bdba7
      elementMap = class java.util.LinkedHashMap@4aa6ca6
      elementSet = class java.util.concurrent.ConcurrentSkipListSet@f69cbf
      elementSetUnsorted = false
      serialVersionUID = 756240983881166148
      $$$tc$$$ = class com.ibm.websphere.ras.TraceComponent@7cae0f2d
    deferredMetaDataInitializers = class com.ibm.wsspi.kernel.service.utils.ConcurrentServiceReferenceMap@4789cbc8
      referenceName = "deferredMetaDataFactory"
      context = class org.apache.felix.scr.impl.manager.ComponentContextImpl@309da41d
      elementMap = class java.util.concurrent.ConcurrentHashMap@55d36048
      serialVersionUID = 6980924785166233786
      $$$tc$$$ = class com.ibm.websphere.ras.TraceComponent@43ec3ce8
    serialVersionUID = -2494605732980966097
    $$$tc$$$ = class com.ibm.websphere.ras.TraceComponent@2b190274
      strings[0] = "TraceComponent[com.ibm.ws.container.service.metadata.internal.MetaDataServiceImpl,class com.ibm.ws.container.service.metadata.internal.MetaDataServiceImpl,[Runtime],null,null]"
  stateChangeService = class com.ibm.ws.container.service.state.internal.StateChangeServiceImpl@5eb73edf
    applicationStateManager = class com.ibm.ws.container.service.state.internal.ApplicationStateManager@35cd45aa
      serialVersionUID = -6685368059484454124
      $$$tc$$$ = class com.ibm.websphere.ras.TraceComponent@3fbb9a3a
      listeners = class com.ibm.wsspi.kernel.service.utils.ConcurrentServiceReferenceSet@3507afae
      serialVersionUID = 2284273176985484160
      $$$tc$$$ = class com.ibm.websphere.ras.TraceComponent@10c4ea76
    moduleStateManager = class com.ibm.ws.container.service.state.internal.ModuleStateManager@31fd0d20
      serialVersionUID = -5540260902341249963
      $$$tc$$$ = class com.ibm.websphere.ras.TraceComponent@13b9df00
      listeners = class com.ibm.wsspi.kernel.service.utils.ConcurrentServiceReferenceSet@2c33bd4
      serialVersionUID = 2284273176985484160
      $$$tc$$$ = class com.ibm.websphere.ras.TraceComponent@10c4ea76
    serialVersionUID = -537917915330350560
    $$$tc$$$ = class com.ibm.websphere.ras.TraceComponent@2c7bec8a
      strings[0] = "TraceComponent[com.ibm.ws.container.service.state.internal.StateChangeServiceImpl,class com.ibm.ws.container.service.state.internal.StateChangeServiceImpl,[Runtime],null,null]"
  moduleClassesInfo = class com.ibm.ws.app.manager.module.internal.SimpleDeployedAppInfoBase$ModuleClassesInfoProvider@5ed5924a
    entryContainerInfosMap = class java.util.HashMap@48ffd632
      serialVersionUID = 362498820763181265
      DEFAULT_INITIAL_CAPACITY = 16
      MAXIMUM_CAPACITY = 1073741824
      DEFAULT_LOAD_FACTOR = 0.75
      TREEIFY_THRESHOLD = 8
      UNTREEIFY_THRESHOLD = 6
      MIN_TREEIFY_CAPACITY = 64
      table = null
      entrySet = null
      size = 0
      modCount = 0
      threshold = 0
      loadFactor = 0.75
      keySet = null
      values = null
    serialVersionUID = -70332790531324534
    $$$tc$$$ = class com.ibm.websphere.ras.TraceComponent@1f3b370f
      strings[0] = "TraceComponent[com.ibm.ws.app.manager.module.internal.SimpleDeployedAppInfoBase$ModuleClassesInfoProvider,class com.ibm.ws.app.manager.module.internal.SimpleDeployedAppInfoBase$ModuleClassesInfoProvider,[applications, app.manager],null,null]"
  moduleContainerInfos = class java.util.ArrayList@16797f36
    serialVersionUID = 8683452581122892189
    DEFAULT_CAPACITY = 10
    EMPTY_ELEMENTDATA = class java.lang.Object[0]
    DEFAULTCAPACITY_EMPTY_ELEMENTDATA = class java.lang.Object[0]
    elementData = class java.lang.Object[10]
      Object[0] = class com.ibm.ws.app.manager.module.internal.SimpleDeployedAppInfoBase$WebModuleContainerInfo@40aa1979
      Object[1] = null
      Object[2] = null
      Object[3] = null
      Object[4] = null
      Object[5] = null
      Object[6] = null
      Object[7] = null
      Object[8] = null
      Object[9] = null
    size = 1
    MAX_ARRAY_SIZE = 2147483639
    modCount = 1
    MAX_ARRAY_SIZE = 2147483639
  activeModuleHandlers = class java.util.IdentityHashMap@75c1dd1a
    DEFAULT_CAPACITY = 32
    MINIMUM_CAPACITY = 4
    MAXIMUM_CAPACITY = 536870912
    table = class java.lang.Object[16]
      Object[0] = null
      Object[1] = null
      Object[2] = null
      Object[3] = null
      Object[4] = null
      Object[5] = null
      Object[6] = null
      Object[7] = null
      Object[8] = null
      Object[9] = null
      Object[10] = null
      Object[11] = null
      Object[12] = null
      Object[13] = null
      Object[14] = null
      Object[15] = null
    size = 0
    modCount = 2
    NULL_KEY = class java.lang.Object@4a2bf6ba
    entrySet = null
    serialVersionUID = 8188218128353913216
    keySet = null
    values = null
  serialVersionUID = -2685719801501752993
  $$$tc$$$ = class com.ibm.websphere.ras.TraceComponent@4184266f
    strings[0] = "TraceComponent[com.ibm.ws.app.manager.module.internal.SimpleDeployedAppInfoBase,class com.ibm.ws.app.manager.module.internal.SimpleDeployedAppInfoBase,[applications, app.manager],null,null]"

Dump of objectArray[0]
Object type = com.ibm.ws.threading.internal.NonCancelableResultFuture
  _done = false
  _result = null
  _failure = null
  _listeners = class java.util.concurrent.ConcurrentLinkedQueue@6ff0dc9a
    serialVersionUID = 196745693267521676
    head = class java.util.concurrent.ConcurrentLinkedQueue$Node@265385b2
      item = null
      next = null
      UNSAFE = class sun.misc.Unsafe@4093cbeb
      itemOffset = 12
      nextOffset = 16
    tail = class java.util.concurrent.ConcurrentLinkedQueue$Node@265385b2
    UNSAFE = class sun.misc.Unsafe@4093cbeb
      theUnsafe = class sun.misc.Unsafe@4093cbeb
      INVALID_FIELD_OFFSET = -1
      ARRAY_BOOLEAN_BASE_OFFSET = 16
      ARRAY_BYTE_BASE_OFFSET = 16
      ARRAY_SHORT_BASE_OFFSET = 16
      ARRAY_CHAR_BASE_OFFSET = 16
      ARRAY_INT_BASE_OFFSET = 16
      ARRAY_LONG_BASE_OFFSET = 16
      ARRAY_FLOAT_BASE_OFFSET = 16
      ARRAY_DOUBLE_BASE_OFFSET = 16
      ARRAY_OBJECT_BASE_OFFSET = 16
      ARRAY_BOOLEAN_INDEX_SCALE = 1
      ARRAY_BYTE_INDEX_SCALE = 1
      ARRAY_SHORT_INDEX_SCALE = 2
      ARRAY_CHAR_INDEX_SCALE = 2
      ARRAY_INT_INDEX_SCALE = 4
      ARRAY_LONG_INDEX_SCALE = 8
      ARRAY_FLOAT_INDEX_SCALE = 4
      ARRAY_DOUBLE_INDEX_SCALE = 8
      ARRAY_OBJECT_INDEX_SCALE = 4
      ADDRESS_SIZE = 8
    headOffset = 12
    tailOffset = 16
    MAX_ARRAY_SIZE = 2147483639
  _notifiedListeners = class java.util.concurrent.atomic.AtomicBoolean@120cdee
    serialVersionUID = 4654671469794556979
    unsafe = class sun.misc.Unsafe@4093cbeb
    valueOffset = 12
    value = 0
  serialVersionUID = -296387658814354272
  $$$tc$$$ = class com.ibm.websphere.ras.TraceComponent@1c49a912
    strings[0] = "TraceComponent[com.ibm.ws.threading.internal.NonCancelableResultFuture,class com.ibm.ws.threading.internal.NonCancelableResultFuture,[Threading],com.ibm.ws.threading.internal.resources.ThreadingMessages,null]"

