------Start of DE processing------ = [4/2/21 22:03:32:645 EDT]
Exception = javax.transaction.RollbackException
Source = com.ibm.tx.jta.TransactionImpl.registerSynchronization
probeid = 2289
Stack Dump = javax.transaction.RollbackException: Transaction rolled back
	at com.ibm.tx.jta.impl.TransactionImpl.registerSynchronization(TransactionImpl.java:2284)
	at com.ibm.tx.jta.impl.TransactionImpl.registerSynchronization(TransactionImpl.java:2265)
	at org.eclipse.persistence.internal.jpa.transaction.JTATransactionWrapper.registerIfRequired(JTATransactionWrapper.java:138)
	at org.eclipse.persistence.internal.jpa.EntityManagerImpl.setJTATransactionWrapper(EntityManagerImpl.java:2310)
	at org.eclipse.persistence.internal.jpa.EntityManagerImpl.detectTransactionWrapper(EntityManagerImpl.java:990)
	at org.eclipse.persistence.internal.jpa.EntityManagerImpl.initialize(EntityManagerImpl.java:504)
	at org.eclipse.persistence.internal.jpa.EntityManagerImpl.<init>(EntityManagerImpl.java:497)
	at org.eclipse.persistence.internal.jpa.EntityManagerFactoryDelegate.createEntityManagerImpl(EntityManagerFactoryDelegate.java:347)
	at org.eclipse.persistence.internal.jpa.EntityManagerFactoryImpl.createEntityManagerImpl(EntityManagerFactoryImpl.java:350)
	at org.eclipse.persistence.internal.jpa.EntityManagerFactoryImpl.createEntityManager(EntityManagerFactoryImpl.java:331)
	at com.ibm.ws.jpa.container.v22.internal.JPA22Runtime.createEntityManagerInstance(JPA22Runtime.java:110)
	at com.ibm.ws.jpa.management.JPAEMPool.getEntityManager(JPAEMPool.java:155)
	at com.ibm.ws.jpa.management.JPATxEntityManager.getEMInvocationInfo(JPATxEntityManager.java:254)
	at com.ibm.ws.jpa.management.JPATxEntityManager.getEMInvocationInfo(JPATxEntityManager.java:164)
	at com.ibm.ws.jpa.management.JPAEntityManager.persist(JPAEntityManager.java:149)
	at com.FlightLogix.Persistence.User.UserDAO.createUser(UserDAO.java:19)
	at com.FlightLogix.Persistence.User.UserDAO$Proxy$_$$_WeldClientProxy.createUser(Unknown Source)
	at com.FlightLogix.Service.User.UserResource.registerUser(UserResource.java:25)
	at com.FlightLogix.Service.User.UserResource$Proxy$_$$_WeldSubclass.registerUser$$super(Unknown Source)
	at sun.reflect.GeneratedMethodAccessor549.invoke(Unknown Source)
	at java.lang.reflect.Method.invoke(Method.java:498)
	at org.jboss.weld.interceptor.proxy.TerminalAroundInvokeInvocationContext.proceedInternal(TerminalAroundInvokeInvocationContext.java:51)
	at org.jboss.weld.interceptor.proxy.AroundInvokeInvocationContext.proceed(AroundInvokeInvocationContext.java:78)
	at com.ibm.tx.jta.cdi.interceptors.TransactionalInterceptor$1.run(TransactionalInterceptor.java:137)
	at com.ibm.ws.uow.embeddable.EmbeddableUOWManagerImpl.runUnderCurrentUOW(EmbeddableUOWManagerImpl.java:1077)
	at com.ibm.ws.uow.embeddable.EmbeddableUOWManagerImpl.runUnderNewUOW(EmbeddableUOWManagerImpl.java:1040)
	at com.ibm.ws.uow.embeddable.EmbeddableUOWManagerImpl.runUnderUOW(EmbeddableUOWManagerImpl.java:1013)
	at com.ibm.tx.jta.cdi.interceptors.TransactionalInterceptor.runUnderUOWManagingEnablement(TransactionalInterceptor.java:151)
	at com.ibm.tx.jta.cdi.interceptors.Required.required(Required.java:40)
	at sun.reflect.GeneratedMethodAccessor522.invoke(Unknown Source)
	at java.lang.reflect.Method.invoke(Method.java:498)
	at org.jboss.weld.interceptor.reader.SimpleInterceptorInvocation$SimpleMethodInvocation.invoke(SimpleInterceptorInvocation.java:73)
	at org.jboss.weld.interceptor.proxy.InterceptorMethodHandler.executeAroundInvoke(InterceptorMethodHandler.java:84)
	at org.jboss.weld.interceptor.proxy.InterceptorMethodHandler.executeInterception(InterceptorMethodHandler.java:72)
	at org.jboss.weld.interceptor.proxy.InterceptorMethodHandler.invoke(InterceptorMethodHandler.java:56)
	at org.jboss.weld.bean.proxy.CombinedInterceptorAndDecoratorStackMethodHandler.invoke(CombinedInterceptorAndDecoratorStackMethodHandler.java:79)
	at org.jboss.weld.bean.proxy.CombinedInterceptorAndDecoratorStackMethodHandler.invoke(CombinedInterceptorAndDecoratorStackMethodHandler.java:68)
	at com.FlightLogix.Service.User.UserResource$Proxy$_$$_WeldSubclass.registerUser(Unknown Source)
	at com.FlightLogix.Service.User.UserResource$Proxy$_$$_WeldClientProxy.registerUser(Unknown Source)
	at sun.reflect.GeneratedMethodAccessor548.invoke(Unknown Source)
	at java.lang.reflect.Method.invoke(Method.java:498)
	at com.ibm.ws.jaxrs20.cdi.component.JaxRsFactoryImplicitBeanCDICustomizer.serviceInvoke(JaxRsFactoryImplicitBeanCDICustomizer.java:342)
	at com.ibm.ws.jaxrs20.server.LibertyJaxRsServerFactoryBean.performInvocation(LibertyJaxRsServerFactoryBean.java:641)
	at com.ibm.ws.jaxrs20.server.LibertyJaxRsInvoker.performInvocation(LibertyJaxRsInvoker.java:160)
	at org.apache.cxf.service.invoker.AbstractInvoker.invoke(AbstractInvoker.java:101)
	at com.ibm.ws.jaxrs20.server.LibertyJaxRsInvoker.invoke(LibertyJaxRsInvoker.java:273)
	at org.apache.cxf.jaxrs.JAXRSInvoker.invoke(JAXRSInvoker.java:205)
	at com.ibm.ws.jaxrs20.server.LibertyJaxRsInvoker.invoke(LibertyJaxRsInvoker.java:444)
	at org.apache.cxf.jaxrs.JAXRSInvoker.invoke(JAXRSInvoker.java:111)
	at org.apache.cxf.interceptor.ServiceInvokerInterceptor$1.run(ServiceInvokerInterceptor.java:59)
	at org.apache.cxf.interceptor.ServiceInvokerInterceptor.handleMessage(ServiceInvokerInterceptor.java:96)
	at org.apache.cxf.phase.PhaseInterceptorChain.doIntercept(PhaseInterceptorChain.java:308)
	at org.apache.cxf.transport.ChainInitiationObserver.onMessage(ChainInitiationObserver.java:123)
	at org.apache.cxf.transport.http.AbstractHTTPDestination.invoke(AbstractHTTPDestination.java:275)
	at com.ibm.ws.jaxrs20.endpoint.AbstractJaxRsWebEndpoint.invoke(AbstractJaxRsWebEndpoint.java:137)
	at com.ibm.websphere.jaxrs.server.IBMRestServlet.handleRequest(IBMRestServlet.java:146)
	at com.ibm.websphere.jaxrs.server.IBMRestServlet.doPost(IBMRestServlet.java:104)
	at javax.servlet.http.HttpServlet.service(HttpServlet.java:706)
	at com.ibm.websphere.jaxrs.server.IBMRestServlet.service(IBMRestServlet.java:96)
	at com.ibm.ws.webcontainer.servlet.ServletWrapper.service(ServletWrapper.java:1257)
	at com.ibm.ws.webcontainer.servlet.ServletWrapper.handleRequest(ServletWrapper.java:745)
	at com.ibm.ws.webcontainer.servlet.ServletWrapper.handleRequest(ServletWrapper.java:442)
	at com.ibm.ws.webcontainer.filter.WebAppFilterManager.invokeFilters(WebAppFilterManager.java:1226)
	at com.ibm.ws.webcontainer.webapp.WebApp.handleRequest(WebApp.java:5057)
	at com.ibm.ws.webcontainer.osgi.DynamicVirtualHost$2.handleRequest(DynamicVirtualHost.java:314)
	at com.ibm.ws.webcontainer.WebContainer.handleRequest(WebContainer.java:1006)
	at com.ibm.ws.webcontainer.osgi.DynamicVirtualHost$2.run(DynamicVirtualHost.java:279)
	at com.ibm.ws.http.dispatcher.internal.channel.HttpDispatcherLink$TaskWrapper.run(HttpDispatcherLink.java:1146)
	at com.ibm.ws.http.dispatcher.internal.channel.HttpDispatcherLink.wrapHandlerAndExecute(HttpDispatcherLink.java:427)
	at com.ibm.ws.http.dispatcher.internal.channel.HttpDispatcherLink.ready(HttpDispatcherLink.java:386)
	at com.ibm.ws.http.channel.internal.inbound.HttpInboundLink.handleDiscrimination(HttpInboundLink.java:566)
	at com.ibm.ws.http.channel.internal.inbound.HttpInboundLink.handleNewRequest(HttpInboundLink.java:500)
	at com.ibm.ws.http.channel.internal.inbound.HttpInboundLink.processRequest(HttpInboundLink.java:360)
	at com.ibm.ws.http.channel.internal.inbound.HttpInboundLink.ready(HttpInboundLink.java:327)
	at com.ibm.ws.tcpchannel.internal.NewConnectionInitialReadCallback.sendToDiscriminators(NewConnectionInitialReadCallback.java:167)
	at com.ibm.ws.tcpchannel.internal.NewConnectionInitialReadCallback.complete(NewConnectionInitialReadCallback.java:75)
	at com.ibm.ws.tcpchannel.internal.WorkQueueManager.requestComplete(WorkQueueManager.java:504)
	at com.ibm.ws.tcpchannel.internal.WorkQueueManager.attemptIO(WorkQueueManager.java:574)
	at com.ibm.ws.tcpchannel.internal.WorkQueueManager.workerRun(WorkQueueManager.java:958)
	at com.ibm.ws.tcpchannel.internal.WorkQueueManager$Worker.run(WorkQueueManager.java:1047)
	at com.ibm.ws.threading.internal.ExecutorServiceImpl$RunnableWrapper.run(ExecutorServiceImpl.java:238)
	at java.util.concurrent.ThreadPoolExecutor.runWorker(ThreadPoolExecutor.java:1149)
	at java.util.concurrent.ThreadPoolExecutor$Worker.run(ThreadPoolExecutor.java:624)
	at java.lang.Thread.run(Thread.java:748)

Dump of callerThis
Object type = com.ibm.tx.jta.embeddable.impl.EmbeddableTransactionImpl
  tc = class com.ibm.websphere.ras.TraceComponent@4574c9ba
    strings[0] = "TraceComponent[com.ibm.tx.jta.embeddable.impl.EmbeddableTransactionImpl,class com.ibm.tx.jta.embeddable.impl.EmbeddableTransactionImpl,[Transaction],com.ibm.ws.Transaction.resources.TransactionMsgs,null]"
  _inactivityTimeout = 60
  _inactivityTimer = null
  _inactivityTimerActive = false
  _mostRecentThread = class java.util.Stack@56593ab4
    serialVersionUID = 1224463164541339165
    elementData = class java.lang.Object[10]
      Object[0] = class java.lang.Thread@5eda5c08
      Object[1] = null
      Object[2] = null
      Object[3] = null
      Object[4] = null
      Object[5] = null
      Object[6] = null
      Object[7] = null
      Object[8] = null
      Object[9] = null
    elementCount = 1
    capacityIncrement = 0
    serialVersionUID = -2767605614048989439
    MAX_ARRAY_SIZE = 2147483639
    modCount = 1
    MAX_ARRAY_SIZE = 2147483639
  _activeAssociations = 1
  _suspendedAssociations = 0
  _globalId = null
  _wsatRC = null
  _retryWait = 60
  _thread = class java.lang.Thread@5eda5c08
    name = "Default Executor-thread-118"
    priority = 5
    threadQ = null
    eetop = 2250223777792
    single_step = false
    daemon = true
    stillborn = false
    target = class java.util.concurrent.ThreadPoolExecutor$Worker@17e565db
      serialVersionUID = 6138294804551838833
      thread = class java.lang.Thread@5eda5c08
      firstTask = null
      completedTasks = 1266
      this$0 = class java.util.concurrent.ThreadPoolExecutor@7c8c8044
      serialVersionUID = 7373984972572414691
      head = null
      tail = null
      state = 1
      spinForTimeoutThreshold = 1000
      unsafe = class sun.misc.Unsafe@6a7412be
      stateOffset = 16
      headOffset = 20
      tailOffset = 24
      waitStatusOffset = 12
      nextOffset = 20
      serialVersionUID = 3737899427754241961
      exclusiveOwnerThread = class java.lang.Thread@5eda5c08
    group = class java.lang.ThreadGroup@68ee1b20
      parent = class java.lang.ThreadGroup@73df8f54
      name = "Default Executor Thread Group"
      maxPriority = 10
      destroyed = false
      daemon = false
      vmAllowSuspension = false
      nUnstartedThreads = 0
      nthreads = 21
      threads = class java.lang.Thread[64]
      ngroups = 18
      groups = class java.lang.ThreadGroup[32]
    contextClassLoader = class com.ibm.ws.classloading.internal.ThreadContextClassLoader@7930ae6
      tc = class com.ibm.websphere.ras.TraceComponent@2ab1ea3a
      bundle = class java.util.concurrent.atomic.AtomicReference@6691ef2
      key = "WebModule:FlightLogix#FlightLogix.war"
      refCount = class java.util.concurrent.atomic.AtomicInteger@791ea1b
      appLoader = class com.ibm.ws.classloading.internal.AppClassLoader@44044b86
      clSvc = class com.ibm.ws.classloading.internal.ClassLoadingServiceImpl@5ff37ef8
      serialVersionUID = 846416563800781557
      tc = class com.ibm.websphere.ras.TraceComponent@5802b2a1
      followOnClassLoaders = class java.util.ArrayList@5321ed9e
      serialVersionUID = 8829649920524275888
      serialVersionUID = -4586727107834513475
      $$$tc$$$ = class com.ibm.websphere.ras.TraceComponent@23f2e756
      serialVersionUID = -7709588811276454856
      $$$tc$$$ = class com.ibm.websphere.ras.TraceComponent@8951615
      initialized = true
      pdcache = class java.util.HashMap@1df1f786
      debug = null
      parent = class com.ibm.ws.classloading.internal.GatewayClassLoader@5a7e3af6
      parallelLockMap = class java.util.concurrent.ConcurrentHashMap@15380711
      package2certs = class java.util.concurrent.ConcurrentHashMap@5178bff0
      nocerts = class java.security.cert.Certificate[0]
      classes = class java.util.Vector@d69e55c
      defaultDomain = class java.security.ProtectionDomain@1fb66eb0
      packages = class java.util.HashMap@4a63f2d8
      scl = class sun.misc.Launcher$AppClassLoader@4e0e2f2a
      sclSet = true
      loadedLibraryNames = class java.util.Vector@5e70435b
      systemNativeLibraries = class java.util.Vector@1c711ecc
      nativeLibraries = class java.util.Vector@309e201c
      nativeLibraryContext = class java.util.Stack@653ef1e5
      usr_paths = class java.lang.String[34]
      sys_paths = class java.lang.String[1]
      assertionLock = class java.lang.Object@6c44b97e
      defaultAssertionStatus = false
      packageAssertionStatus = null
      classAssertionStatus = null
    inheritedAccessControlContext = class java.security.AccessControlContext@5c867765
      context = class java.security.ProtectionDomain[1]
      isPrivileged = true
      isAuthorized = true
      privilegedContext = null
      combiner = null
      permissions = null
      parent = null
      isWrapped = false
      isLimited = false
      limitedContext = null
      debugInit = false
      debug = null
    threadInitNumber = 20
    threadLocals = class java.lang.ThreadLocal$ThreadLocalMap@77e7add2
      INITIAL_CAPACITY = 16
      table = class java.lang.ThreadLocal$ThreadLocalMap$Entry[128]
      size = 65
      threshold = 85
    inheritableThreadLocals = null
    stackSize = 0
    nativeParkEventPointer = 0
    tid = 171
    threadSeqNumber = 304
    threadStatus = 5
    parkBlocker = null
    blocker = null
    blockerLock = class java.lang.Object@4791211b
    MIN_PRIORITY = 1
    NORM_PRIORITY = 5
    MAX_PRIORITY = 10
    EMPTY_STACK_TRACE = class java.lang.StackTraceElement[0]
    SUBCLASS_IMPLEMENTATION_PERMISSION = class java.lang.RuntimePermission@28435bd3
      serialVersionUID = 7399184964622342223
      serialVersionUID = 6279438298436773498
      wildcard = false
      path = "enableContextClassLoaderOverride"
      exitVM = false
      serialVersionUID = -5636570222231596674
      name = "enableContextClassLoaderOverride"
    uncaughtExceptionHandler = null
    defaultUncaughtExceptionHandler = null
    threadLocalRandomSeed = -5527597357087745777
    threadLocalRandomProbe = -1731955226
    threadLocalRandomSecondarySeed = 0
  TRANSACTION_LOG_NAME = "tranlog"
  PARTNER_LOG_NAME = "partnerlog"
  TRAN_STATE_SECTION = 0
  CORBA_RESOURCE_SECTION = 1
  XARESOURCE_SECTION = 2
  GLOBALID_SECTION = 3
  RECOVERYCOORD_SECTION = 4
  RESOURCE_WSC_SECTION = 5
  RECCOORD_WSC_SECTION = 6
  RESOURCE_ADAPTER_SECTION = 7
  HEURISTIC_OUTCOME_SECTION = 8
  RECCOORD_WSAT_SECTION = 9
  WSAT_ASYNC_RESOURCE_SECTION = 10
  NEXT_ID_SECTION = 30
  LOW_WATERMARK_SECTION = 31
  SERVER_STATE_SECTION = 32
  CLASSPATH_SECTION = 33
  XARESOURCEDATA_SECTION = 34
  WSCOORDINATOR_SECTION = 35
  JCAPROVIDER_SECTION = 36
  RESOURCE_PRIORITY_SECTION = 37
  APPLID_DATA_SECTION = 253
  EPOCH_DATA_SECTION = 254
  SERVER_DATA_SECTION = 255
  _status = class com.ibm.tx.jta.embeddable.impl.EmbeddableTransactionState@22a47444
    tc = class com.ibm.websphere.ras.TraceComponent@5312f562
      strings[0] = "TraceComponent[com.ibm.tx.jta.embeddable.impl.EmbeddableTransactionState,class com.ibm.tx.jta.embeddable.impl.EmbeddableTransactionState,[Transaction],com.ibm.ws.Transaction.resources.TransactionMsgs,null]"
    STATE_NONE = -1
    STATE_ACTIVE = 0
    STATE_PREPARING = 1
    STATE_PREPARED = 2
    STATE_COMMITTING_ONE_PHASE = 10
    STATE_COMMITTING = 3
    STATE_COMMITTED = 4
    STATE_ROLLING_BACK = 5
    STATE_ROLLED_BACK = 6
    STATE_HEURISTIC_ON_COMMIT = 7
    STATE_HEURISTIC_ON_ROLLBACK = 8
    STATE_LAST_PARTICIPANT = 9
    tc = class com.ibm.ws.tx.util.logging.WASTraceComponent@556bb150
      _tc = class com.ibm.ejs.ras.TraceComponent@3f150194
    _state = 0
    _tran = class com.ibm.tx.jta.embeddable.impl.EmbeddableTransactionImpl@4d5c3fd1
    _tranLog = null
    _logSection = null
    _loggingFailed = false
    _partnerLogTable = class com.ibm.tx.jta.impl.PartnerLogTable@8406da
      tc = class com.ibm.ws.tx.util.logging.WASTraceComponent@73afd701
      _partnerLogTable = class java.util.ArrayList@5782490b
      _failureScopeController = class com.ibm.tx.jta.embeddable.impl.EmbeddableFailureScopeController@51e98040
      _pltLock = class java.util.concurrent.locks.ReentrantReadWriteLock@5d0261c1
      _pltReadLock = class java.util.concurrent.locks.ReentrantReadWriteLock$ReadLock@20894c48
      _pltWriteLock = class java.util.concurrent.locks.ReentrantReadWriteLock$WriteLock@2d938087
    byteData = {0} /* array length = 1 */
    validStateChange = class [Z[11]
      boolean[][0] = {false,true,false,false,true,true,false,false,false,false,true} /* array length = 11 */
      boolean[][1] = {false,false,true,true,true,true,true,true,true,true,false} /* array length = 11 */
      boolean[][2] = {false,false,false,true,false,true,false,false,false,true,false} /* array length = 11 */
      boolean[][3] = {false,false,false,false,true,false,false,true,false,false,false} /* array length = 11 */
      boolean[][4] = {false,false,false,false,false,false,false,false,false,false,false} /* array length = 11 */
      boolean[][5] = {false,false,false,false,false,false,true,false,true,false,false} /* array length = 11 */
      boolean[][6] = {false,false,false,false,false,false,false,false,false,false,false} /* array length = 11 */
      boolean[][7] = {false,false,false,false,true,false,true,false,false,false,false} /* array length = 11 */
      boolean[][8] = {false,false,false,false,false,false,true,false,false,false,false} /* array length = 11 */
      boolean[][9] = {false,false,false,true,false,true,false,false,false,false,false} /* array length = 11 */
      boolean[][10] = {false,false,false,false,true,false,true,false,false,false,false} /* array length = 11 */
  _timeout = 120
  _subordinate = false
  _rollbackOnly = true
  _originalException = null
  _timedOut = true
  _subRollback = false
  _resources = class com.ibm.tx.jta.embeddable.impl.EmbeddableRegisteredResources@18e3c022
    tc = class com.ibm.websphere.ras.TraceComponent@57a756ad
      strings[0] = "TraceComponent[com.ibm.tx.jta.embeddable.impl.EmbeddableRegisteredResources,class com.ibm.tx.jta.embeddable.impl.EmbeddableRegisteredResources,[Transaction],com.ibm.ws.Transaction.resources.TransactionMsgs,null]"
    WSAT_PREPARE_ORDER_CONCURRENT = 0
    WSAT_PREPARE_ORDER_BEFORE = 1
    WSAT_PREPARE_ORDER_AFTER = 2
    _wsatPrepareOrder = 0
    _wsatAsyncSection = null
    _asyncResourceObjects = null
    tc = class com.ibm.ws.tx.util.logging.WASTraceComponent@cf1bf1d
      _tc = class com.ibm.ejs.ras.TraceComponent@51f4f1e2
    xaFlowCallbackEnabled = false
    MAX_PDATA_SIZE = 3072
    _resourceObjects = class java.util.ArrayList@4187ee2
      serialVersionUID = 8683452581122892189
      DEFAULT_CAPACITY = 10
      EMPTY_ELEMENTDATA = class java.lang.Object[0]
      DEFAULTCAPACITY_EMPTY_ELEMENTDATA = class java.lang.Object[0]
      elementData = class java.lang.Object[10]
      size = 1
      MAX_ARRAY_SIZE = 2147483639
      modCount = 1
      MAX_ARRAY_SIZE = 2147483639
    _onePhaseResourceEnlisted = class com.ibm.tx.jta.impl.OnePhaseResourceImpl@248a0a6d
      tc = class com.ibm.ws.tx.util.logging.WASTraceComponent@7df9f3af
      tcSummary = class com.ibm.ws.tx.util.logging.WASTraceComponent@779e2719
      _state = 2
      _xid = class com.ibm.tx.jta.impl.XidImpl@578db843
      _resource = class com.ibm.ejs.j2c.LocalTransactionWrapper@1b89ef23
      _supportSuspend = true
      _supportResume = true
      _vote = class com.ibm.ws.Transaction.JTA.JTAResource$JTAResourceVote@20a3d578
      _prepareXARC = 0
      _completionXARC = 0
      _completedCommit = false
      _startFlag = 0
      OUTCOME_DIAGNOSTICS = 0
      PREPARE_DIAGNOSTICS = 1
      tc = class com.ibm.ws.tx.util.logging.WASTraceComponent@12663bea
      tcSummary = class com.ibm.ws.tx.util.logging.WASTraceComponent@2030d682
      tc = class com.ibm.ws.tx.util.logging.WASTraceComponent@26109b72
      _resourceStatus = 1
    _failedResourceList = null
    _txServiceXid = class com.ibm.tx.jta.impl.XidImpl@578db843
    _branchCount = 0
    _LPSProhibited = false
    _LPSEnabledTx = false
    _retryCompletion = false
    _transaction = class com.ibm.tx.jta.embeddable.impl.EmbeddableTransactionImpl@4d5c3fd1
    _resourceTable = null
    _logUnit = null
    _logSection = null
    _xalogSection = null
    _hoSection = null
    _resourcesLogged = false
    _heuristicOutcome = 0
    _loggedHeuristicOutcome = 0
    _systemException = null
    _retryRequired = false
    _outcome = false
    _errorCode = 0
    XA_OK = 0
    XA_RDONLY = 3
    ONE_PHASE_OPT = 10
    ONE_PHASE_OPT_ROLLBACK = 11
    ONE_PHASE_OPT_FAILED = 12
    _disableTwoPhase = false
    _diagnosticsRequired = false
    _gotPriorityResourcesEnlisted = false
    _isCheckingSameRM = false
    _sameRMMasterResource = null
    _sameRMResource = null
    _sorted = false
    _retryImmediately = false
    _prepareResult = 0
    _okVoteCount = 0
    prepareComparator = class com.ibm.tx.jta.impl.RegisteredResources$1@5d8f8e3c
  _retryAlarm = null
  _syncs = class com.ibm.tx.jta.impl.RegisteredSyncs@45844bae
    tc = class com.ibm.ws.tx.util.logging.WASTraceComponent@a0ab659
      _tc = class com.ibm.ejs.ras.TraceComponent@74ff1cf1
    SYNC_TIER_OUTER = 0
    SYNC_TIER_NORMAL = 1
    SYNC_TIER_INNER = 2
    SYNC_TIER_RRS = 3
    _tran = class com.ibm.tx.jta.embeddable.impl.EmbeddableTransactionImpl@4d5c3fd1
    SYNC_ARRAY_SIZE = 4
    _syncs = class java.util.ArrayList[4]
      ArrayList[0] = null
      ArrayList[1] = class java.util.ArrayList@5091267a
      ArrayList[2] = null
      ArrayList[3] = null
    DEFAULT_DEPTH_LIMIT = 5
    _depthLimit = 5
  _destroyCallbacks = null
  _finishCount = 0
  _logUnit = null
  _tranLog = null
  _systemExceptionOccured = false
  _heuristicOnPrepare = null
  _retryAttempts = 0
  defaultRetryTime = 60
  DISABLE_2PC_DEFAULT_PROPERTY = "com.ibm.tx.jta.disable2PC"
  _expirationTime = 1617415402054
  _xid = class com.ibm.tx.jta.impl.XidImpl@578db843
    tc = class com.ibm.ws.tx.util.logging.WASTraceComponent@2cd75ea8
      _tc = class com.ibm.ejs.ras.TraceComponent@7f53c565
    serialVersionUID = -4291259441393350686
    nl = "
"
    _formatId = 1463898948
    _gtrid = {0,0,1,120,-107,118,-99,-122,0,0,0,1,85,-80,82,104,-23,83,72,-32,-124,97,-59,83,-105,-48,-14,-110,23,-98,-4,-6,90,41,91,-119} /* array length = 36 */
    _bqual = {0,0,1,120,-107,118,-99,-122,0,0,0,1,85,-80,82,104,-23,83,72,-32,-124,97,-59,83,-105,-48,-14,-110,23,-98,-4,-6,90,41,91,-119,0,0,0,1} /* array length = 40 */
    _otid = {0,0,1,120,-107,118,-99,-122,0,0,0,1,85,-80,82,104,-23,83,72,-32,-124,97,-59,83,-105,-48,-14,-110,23,-98,-4,-6,90,41,91,-119,0,0,1,120,-107,118,-99,-122,0,0,0,1,85,-80,82,104,-23,83,72,-32,-124,97,-59,83,-105,-48,-14,-110,23,-98,-4,-6,90,41,91,-119,0,0,0,1} /* array length = 76 */
    _primaryKey = null
    ZOS_FID_CB390 = -1010695802
    ZOS_FID_CBLT = -1010641949
    ZOS_FID_WASZ = -423501079
    WAS_FID_WASC = 1463898947
    WAS_FID_WASD = 1463898948
    WAS_FID_WASZ = 1463898970
    WAS_FORMAT_ID = 1463898948
    _configProvider = class com.ibm.ws.transaction.services.JTMConfigurationProvider@6a80844d
    digits = "0123456789ABCDEF"
    BQUAL_PKEY_OFFSET = 0
    BQUAL_PKEY_LENGTH = 16
    BQUAL_UUID_OFFSET = 16
    BQUAL_UUID_LENGTH = 20
    GTRID_JTA_GTRID_LENGTH = 36
    BQUAL_BRANCH_INDEX_OFFSET = 39
    BQUAL_JTA_GTRID_LENGTH = 40
    BQUAL_STOKEN_OFFSET = 40
    BQUAL_STOKEN_LENGTH = 8
    BQUAL_RECOVERY_ID_OFFSET_UNUSED = 48
    BQUAL_RECOVERY_ID_LENGTH_UNUSED = 4
    BQUAL_RM_SEQ_OFFSET = 52
    BQUAL_RM_SEQ_LENGTH = 2
    BQUAL_JTA_BQUAL_LENGTH = 54
  _localTID = 1437618792
  _tranName = null
  _JCARecoveryData = null
  _JCAXid = null
  _disable2PCDefault = false
  _disableTwoPhase = false
  _needsManualCompletion = false
  _failureScopeController = class com.ibm.tx.jta.embeddable.impl.EmbeddableFailureScopeController@51e98040
    tc = class com.ibm.websphere.ras.TraceComponent@4d44dd7e
      strings[0] = "TraceComponent[com.ibm.tx.jta.embeddable.impl.EmbeddableFailureScopeController,class com.ibm.tx.jta.embeddable.impl.EmbeddableFailureScopeController,[Transaction],com.ibm.ws.Transaction.resources.TransactionMsgs,null]"
    tc = class com.ibm.ws.tx.util.logging.WASTraceComponent@1b2f51db
      _tc = class com.ibm.ejs.ras.TraceComponent@59947941
    _failureScope = class com.ibm.ws.recoverylog.spi.FileFailureScope@6f02e9b1
      tc = class com.ibm.ws.tx.util.logging.WASTraceComponent@696ca64e
      _serverName = "defaultServer"
      _hashCode = 959937764
      _stringForm = "FileFailureScope: defaultServer [959937764]"
      _leaseInfo = null
      serialVersionUID = -7176437965763176854
      $$$tc$$$ = class com.ibm.websphere.ras.TraceComponent@2e9edd1b
    _serverName = "defaultServer"
    _tranLog = class com.ibm.ws.recoverylog.spi.RecoveryLogImpl@4edd6403
      tc = class com.ibm.ws.tx.util.logging.WASTraceComponent@7b4e3892
      _recoveryLog = class com.ibm.ws.recoverylog.spi.MultiScopeRecoveryLog@681c5e2f
      _failureScope = class com.ibm.ws.recoverylog.spi.FileFailureScope@6f02e9b1
      serialVersionUID = -7485750048828183043
      $$$tc$$$ = class com.ibm.websphere.ras.TraceComponent@448ac9f2
    _xaLog = class com.ibm.ws.recoverylog.spi.RecoveryLogImpl@2ce6c7fc
      tc = class com.ibm.ws.tx.util.logging.WASTraceComponent@7b4e3892
      _recoveryLog = class com.ibm.ws.recoverylog.spi.MultiScopeRecoveryLog@753118f9
      _failureScope = class com.ibm.ws.recoverylog.spi.FileFailureScope@6f02e9b1
      serialVersionUID = -7485750048828183043
      $$$tc$$$ = class com.ibm.websphere.ras.TraceComponent@448ac9f2
    _recoverXaLog = null
    _partnerLogTable = class com.ibm.tx.jta.impl.PartnerLogTable@8406da
    _localFailureScope = true
    _recoveryManager = class com.ibm.tx.jta.embeddable.impl.EmbeddableRecoveryManager@4d26fa32
      tc = class com.ibm.websphere.ras.TraceComponent@6f3d1bf9
      tc = class com.ibm.ws.tx.util.logging.WASTraceComponent@617b3492
      recoveryOnlyMode = false
      _waitForRecovery = false
      _recoveryFailed = false
      _replayInProgress = class com.ibm.tx.jta.impl.EventSemaphore@6e51a2c6
      _replayCompleted = true
      _recoveryInProgress = class com.ibm.tx.jta.impl.EventSemaphore@5e2040cf
      _recoveryCompleted = true
      _shutdownInProgress = false
      _agent = class com.ibm.tx.jta.embeddable.impl.EmbeddableRecoveryAgentImpl@4e99269d
      _tranLog = class com.ibm.ws.recoverylog.spi.RecoveryLogImpl@4edd6403
      _xaLog = class com.ibm.ws.recoverylog.spi.RecoveryLogImpl@2ce6c7fc
      _recoverXaLog = null
      _leaseLog = null
      _recoveryGroup = null
      _localRecoveryIdentity = null
      _recoveryPartnerLogTable = class com.ibm.tx.jta.impl.PartnerLogTable@4a9a4de0
      _ourApplId = {-23,83,72,-32,-124,97,-59,83,-105,-48,-14,-110,23,-98,-4,-6,90,41,91,-119} /* array length = 20 */
      _ourEpoch = 1
      _recoveredApplId = null
      _recoveredEpoch = 0
      _recoveredServerName = null
      _partnerEntryLowWatermark = 1
      _partnerEntryNextId = 2
      TRANSACTION_SERVICE_ITEMS = 3
      PARTNERLOG_SERVICE_ITEMS = 6
      _partnerServiceData = class com.ibm.ws.recoverylog.spi.RecoverableUnitImpl@727d2f85
      _stateSection = class com.ibm.ws.recoverylog.spi.RecoverableUnitSectionImpl@11d9e49e
      _classpathSection = null
      _partnerServerSection = class com.ibm.ws.recoverylog.spi.RecoverableUnitSectionImpl@4d23f852
      _partnerApplIdSection = class com.ibm.ws.recoverylog.spi.RecoverableUnitSectionImpl@55ce595b
      _partnerEpochSection = class com.ibm.ws.recoverylog.spi.RecoverableUnitSectionImpl@4ed44560
      _partnerLowWatermarkSection = class com.ibm.ws.recoverylog.spi.RecoverableUnitSectionImpl@10f7b530
      _partnerNextIdSection = class com.ibm.ws.recoverylog.spi.RecoverableUnitSectionImpl@42c43e14
      _tranlogServiceData = class com.ibm.ws.recoverylog.spi.RecoverableUnitImpl@6567a396
      _tranlogServerSection = class com.ibm.ws.recoverylog.spi.RecoverableUnitSectionImpl@9f4151f
      _tranlogApplIdSection = class com.ibm.ws.recoverylog.spi.RecoverableUnitSectionImpl@24077f24
      _tranlogEpochSection = class com.ibm.ws.recoverylog.spi.RecoverableUnitSectionImpl@47d0c12e
      _classPath = null
      _loggedClassPath = null
      STARTING = 1
      STOPPING = 3
      _failureScopeController = class com.ibm.tx.jta.embeddable.impl.EmbeddableFailureScopeController@51e98040
      _recoveryPrevented = false
      _recoveringTransactions = class java.util.HashSet@1ff3a151
      _recoveryMonitor = class java.lang.Object@3606135d
      _cleanRemoteShutdown = false
    _fslc = class com.ibm.ws.Transaction.JTA.FailureScopeLifeCycle@3591cd46
      _activityCount = 0
      _disabled = false
      _isLocal = true
      _idStr = "_local_transaction_service_identityString"
      tc = class com.ibm.websphere.ras.TraceComponent@651d8a12
    _transactions = class com.ibm.tx.util.ConcurrentHashSet@10494a8b
      map = class java.util.concurrent.ConcurrentHashMap@77925bd5
      value = {} /* array length = 0 */
      MAX_ARRAY_SIZE = 2147483639
    SMP_THRESH = 4
    isConcurrent = true
  _inRecovery = false
  _doNotRetryRecovery = false
  _synchronizationRegistryResources = class java.util.HashMap@36d778e8
    serialVersionUID = 362498820763181265
    DEFAULT_INITIAL_CAPACITY = 16
    MAXIMUM_CAPACITY = 1073741824
    DEFAULT_LOAD_FACTOR = 0.75
    TREEIFY_THRESHOLD = 8
    UNTREEIFY_THRESHOLD = 6
    MIN_TREEIFY_CAPACITY = 64
    table = null
    entrySet = null
    size = 0
    modCount = 0
    threshold = 0
    loadFactor = 0.75
    keySet = null
    values = null
  GLOBAL_TRANSACTION_LOCAL_ID_MODIFIER = 6917529027641081856
  _mostRecentThread = class java.lang.Thread@5eda5c08
  _isZos = false
  _configProvider = class com.ibm.ws.transaction.services.JTMConfigurationProvider@6a80844d
    tc = class com.ibm.websphere.ras.TraceComponent@79e8648a
      strings[0] = "TraceComponent[com.ibm.ws.transaction.services.JTMConfigurationProvider,class com.ibm.ws.transaction.services.JTMConfigurationProvider,[transaction],com.ibm.ws.transaction.services.TransactionMessages,null]"
    locationService = class com.ibm.ws.kernel.service.location.internal.WsLocationAdminImpl@75d92c55
      tc = class com.ibm.websphere.ras.TraceComponent@746d0a01
      LOC_INTERNAL_LIB_DIR = "wlp.lib.dir"
      LOC_INTERNAL_WORKAREA_DIR = "wlp.workarea.dir"
      LOC_AREA_NAME_APPS = "shared/apps/"
      LOC_AREA_NAME_CONFIG = "shared/config/"
      LOC_AREA_NAME_RESC = "shared/resources/"
      LOC_AREA_NAME_STATE = "logs/state/"
      LOC_AREA_NAME_SERVERS = "servers/"
      LOC_AREA_NAME_CLIENTS = "clients/"
      LOC_AREA_NAME_WORKING = "workarea/"
      LOC_AREA_NAME_EXTENSION = "extension/"
      instance = class com.ibm.ws.kernel.service.location.internal.WsLocationAdminImpl@75d92c55
      installRoot = class com.ibm.ws.kernel.service.location.internal.SymbolicRootResource@34a09299
      installParentRoot = class com.ibm.ws.kernel.service.location.internal.SymbolicRootResource@51893b2b
      userRoot = class com.ibm.ws.kernel.service.location.internal.SymbolicRootResource@8f27596
      usrExtensionRoot = class com.ibm.ws.kernel.service.location.internal.SymbolicRootResource@678069df
      serverConfigDir = class com.ibm.ws.kernel.service.location.internal.SymbolicRootResource@57041bec
      serverOutputDir = class com.ibm.ws.kernel.service.location.internal.SymbolicRootResource@57041bec
      bootstrapLib = class com.ibm.ws.kernel.service.location.internal.LocalFileResource@4fcc2244
      serverWorkarea = class com.ibm.ws.kernel.service.location.internal.LocalFileResource@5409a0ee
      serverState = class com.ibm.ws.kernel.service.location.internal.LocalFileResource@3023f521
      sharedAppsRoot = class com.ibm.ws.kernel.service.location.internal.SymbolicRootResource@478f43b2
      sharedConfigRoot = class com.ibm.ws.kernel.service.location.internal.SymbolicRootResource@69ff8705
      sharedResourceRoot = class com.ibm.ws.kernel.service.location.internal.SymbolicRootResource@70e85404
      tmpRoot = class com.ibm.ws.kernel.service.location.internal.SymbolicRootResource@5fcd2dc5
      serverName = "defaultServer"
      resourcePaths = class java.util.ArrayList@62e2775d
      resourceGroups = class java.util.HashMap@77b013ab
      commonRoot = class com.ibm.ws.kernel.service.location.internal.VirtualRootResource@45ca312d
      serialVersionUID = -5748835026800463299
    _runtimeMetaDataProvider = class com.ibm.ws.transaction.services.LibertyRuntimeMetaDataProvider@65696690
      tc = class com.ibm.websphere.ras.TraceComponent@11ade97a
      _serverWideConfigProvider = class com.ibm.ws.transaction.services.JTMConfigurationProvider@6a80844d
      serialVersionUID = -5840226944083080184
    _props = class java.util.Collections$UnmodifiableMap@14ff15a8
      serialVersionUID = -1034234728574286014
      m = class java.util.HashMap@16af99ad
      keySet = null
      entrySet = null
      values = null
    _cc = class org.apache.felix.scr.impl.manager.ComponentContextImpl@4b6e9742
      m_componentManager = class org.apache.felix.scr.impl.manager.SingleComponentManager@18a692dd
      edgeInfos = class org.apache.felix.scr.impl.manager.EdgeInfo[3]
      m_componentInstance = class org.apache.felix.scr.impl.manager.ComponentContextImpl$ComponentInstanceImpl@1d1e066b
      m_usingBundle = class org.eclipse.osgi.internal.framework.EquinoxBundle@58d0def8
      m_serviceRegistration = class org.eclipse.osgi.internal.serviceregistry.ServiceRegistrationImpl@4db8c01c
      m_implementationObject = class com.ibm.ws.transaction.services.JTMConfigurationProvider@6a80844d
      m_implementationAccessible = true
      accessibleLatch = class java.util.concurrent.CountDownLatch@3ff7d5b1
      serviceObjectsHelper = class org.apache.felix.scr.impl.helper.ComponentServiceObjectsHelper@13eb88e8
      boundValues = null
    logDir = "C:/Users/felix/Desktop/FlightLogix/FlightLogix/target/liberty/wlp/usr/servers/defaultServer/tranlog"
    defaultLogDir = "$(server.output.dir)/tranlog"
    activateHasBeenCalled = true
    _transactionSettingsProviders = class com.ibm.wsspi.kernel.service.utils.ConcurrentServiceReferenceSet@77e9b1fe
      referenceName = "transactionSettingsProvider"
      contextRef = class java.util.concurrent.atomic.AtomicReference@37073edc
      elementMap = class java.util.LinkedHashMap@25947197
      elementSet = class java.util.concurrent.ConcurrentSkipListSet@1146a9e6
      elementSetUnsorted = false
      serialVersionUID = 756240983881166148
      $$$tc$$$ = class com.ibm.websphere.ras.TraceComponent@1ec92b0d
    dataSourceFactoryRef = class com.ibm.wsspi.kernel.service.utils.AtomicServiceReference@599a1475
      referenceName = "dataSourceFactory"
      tuple = class java.util.concurrent.atomic.AtomicReference@4a14bfde
      serialVersionUID = 2226592364007985000
      $$$tc$$$ = class com.ibm.websphere.ras.TraceComponent@2eae61d6
    _isSQLRecoveryLog = false
    _theDataSourceFactory = null
    _recoveryIdentity = ""
    _recoveryGroup = ""
    tmsRef = class com.ibm.ws.transaction.services.TransactionManagerService@352408bb
      tc = class com.ibm.websphere.ras.TraceComponent@2c42520f
      isClient = false
      isStarted = class java.util.concurrent.atomic.AtomicBoolean@265e3684
      xaFlowCallbacksInitialised = true
      _bundleContext = class org.eclipse.osgi.internal.framework.BundleContextImpl@43756b3a
      serialVersionUID = -421761057308040045
    _applId = {-23,83,72,-32,-124,97,-59,83,-105,-48,-14,-110,23,-98,-4,-6,90,41,91,-119} /* array length = 20 */
    serialVersionUID = -306583327436987387
    _alarmManager = class com.ibm.tx.jta.util.alarm.AlarmManagerImpl@1100240a
    _applId = null
    _runtimeMetaDataProvider = class com.ibm.tx.jta.config.DefaultConfigurationProvider$1@a4f5dda
    _heuristicCompletionDirction = 1
    _heuristicRetryInterval = 0
    _heuristicRetryLimit = 0
    _totalTransactionLifetimeTimeout = 120
    _logDir = "logs/recovery"
    _logSize = 1024
    _logForHeuristicReporting = false
    _level = class java.util.logging.Level@39a3e8f7
      defaultBundle = "sun.util.logging.resources.logging"
      name = "OFF"
      value = 2147483647
      resourceBundleName = "sun.util.logging.resources.logging"
      localizedLevelName = null
      cachedLocale = null
      OFF = class java.util.logging.Level@39a3e8f7
      SEVERE = class java.util.logging.Level@2967a4e6
      WARNING = class java.util.logging.Level@687fc955
      INFO = class java.util.logging.Level@6a040422
      CONFIG = class java.util.logging.Level@6c1e6ec4
      FINE = class java.util.logging.Level@784aa735
      FINER = class java.util.logging.Level@6e69ec08
      FINEST = class java.util.logging.Level@2406c0f3
      ALL = class java.util.logging.Level@3b71f2f9
      serialVersionUID = -8176160795706313070
    _defaultMaximumShutdownDelay = 2
    _acceptHeuristicHazard = true
    _auditRecovery = false
    _recoverOnStartup = false
    _shutdownOnLogFailure = true
    _OnePCOptimization = false
    _waitForRecovery = false
    _propagateXAResourceTransactionTimeout = false
  auditRecovery = false
  _completedLTCBoundary = null
  _taskId = null
  _timeoutInfo = class com.ibm.tx.jta.embeddable.impl.EmbeddableTimeoutManager$TimeoutInfo@50f576fe
    _tran = class com.ibm.tx.jta.embeddable.impl.EmbeddableTransactionImpl@4d5c3fd1
    _duration = 120
    _timeoutType = 3
    _alarm = class com.ibm.tx.jta.util.alarm.AlarmImpl@4b4732fb
      _future = class java.util.concurrent.ScheduledThreadPoolExecutor$ScheduledFutureTask@758b420d
      _executor = class java.util.concurrent.ScheduledThreadPoolExecutor@365b38d7
    _alarmManager = class com.ibm.tx.jta.util.alarm.AlarmManagerImpl@1100240a
      POOL_SIZE = 10
      _scheduler = class java.util.concurrent.ScheduledThreadPoolExecutor@365b38d7
  _txType = 1
  tsr = class com.ibm.tx.jta.impl.TransactionSynchronizationRegistryImpl@4d830720
    tc = class com.ibm.ws.tx.util.logging.WASTraceComponent@5c87dbc7
      _tc = class com.ibm.ejs.ras.TraceComponent@5bd4be3b
  tc = class com.ibm.ws.tx.util.logging.WASTraceComponent@401e2640
    _tc = class com.ibm.ejs.ras.TraceComponent@74caf5ff
      strings[0] = "TraceComponent[com.ibm.tx.jta.impl.TransactionImpl,class com.ibm.tx.jta.impl.TransactionImpl,[Transaction],com.ibm.ws.Transaction.resources.TransactionMsgs,null]"
  tcSummary = class com.ibm.ws.tx.util.logging.WASTraceComponent@2e5270e2
    _tc = class com.ibm.ejs.ras.TraceComponent@179bda00
      strings[0] = "TraceComponent[com.ibm.ws.tx.util.logging.WASTr,class com.ibm.ws.tx.util.logging.WASTr,[TransactionSummary],null,null]"

