------Start of DE processing------ = [4/5/21 22:56:14:856 EDT]
Exception = org.jboss.weld.exceptions.DeploymentException
Source = com.ibm.ws.container.service.state.internal.ApplicationStateManager
probeid = 54
Stack Dump = org.jboss.weld.exceptions.DeploymentException: WELD-001408: Unsatisfied dependencies for type ConcurrentHashMap<String, String> with qualifiers @Default
  at injection point [BackedAnnotatedField] @Inject com.FlightLogix.Repository.AuthenticationOperations.LoginManager.tokenRepository
  at com.FlightLogix.Repository.AuthenticationOperations.LoginManager.tokenRepository(LoginManager.java:0)

	at org.jboss.weld.bootstrap.Validator.validateInjectionPointForDeploymentProblems(Validator.java:378)
	at org.jboss.weld.bootstrap.Validator.validateInjectionPoint(Validator.java:290)
	at org.jboss.weld.bootstrap.Validator.validateGeneralBean(Validator.java:143)
	at org.jboss.weld.bootstrap.Validator.validateRIBean(Validator.java:164)
	at org.jboss.weld.bootstrap.Validator.validateBean(Validator.java:526)
	at org.jboss.weld.bootstrap.ConcurrentValidator$1.doWork(ConcurrentValidator.java:64)
	at org.jboss.weld.bootstrap.ConcurrentValidator$1.doWork(ConcurrentValidator.java:62)
	at org.jboss.weld.executor.IterativeWorkerTaskFactory$1.call(IterativeWorkerTaskFactory.java:62)
	at org.jboss.weld.executor.IterativeWorkerTaskFactory$1.call(IterativeWorkerTaskFactory.java:55)
	at java.util.concurrent.FutureTask.run(FutureTask.java:266)
	at java.util.concurrent.ThreadPoolExecutor.runWorker(ThreadPoolExecutor.java:1149)
	at java.util.concurrent.ThreadPoolExecutor$Worker.run(ThreadPoolExecutor.java:624)
	at java.lang.Thread.run(Thread.java:748)

Dump of callerThis
Object type = com.ibm.ws.container.service.state.internal.ApplicationStateManager
  serialVersionUID = -6685368059484454124
  $$$tc$$$ = class com.ibm.websphere.ras.TraceComponent@55d5a840
    strings[0] = "TraceComponent[com.ibm.ws.container.service.state.internal.ApplicationStateManager,class com.ibm.ws.container.service.state.internal.ApplicationStateManager,[Runtime],null,null]"
  listeners = class com.ibm.wsspi.kernel.service.utils.ConcurrentServiceReferenceSet@78369fb0
    referenceName = "applicationStateListeners"
    contextRef = class java.util.concurrent.atomic.AtomicReference@72ff3efe
      serialVersionUID = -1848883965231344442
      unsafe = class sun.misc.Unsafe@3110917a
      valueOffset = 12
      value = class org.apache.felix.scr.impl.manager.ComponentContextImpl@148198d4
    elementMap = class java.util.LinkedHashMap@c9ffda3
      serialVersionUID = 3801124242820219131
      head = class java.util.LinkedHashMap$Entry@1f024c74
      tail = class java.util.LinkedHashMap$Entry@6c03d8d2
      accessOrder = false
      serialVersionUID = 362498820763181265
      DEFAULT_INITIAL_CAPACITY = 16
      MAXIMUM_CAPACITY = 1073741824
      DEFAULT_LOAD_FACTOR = 0.75
      TREEIFY_THRESHOLD = 8
      UNTREEIFY_THRESHOLD = 6
      MIN_TREEIFY_CAPACITY = 64
      table = class java.util.HashMap$Node[16]
      entrySet = null
      size = 6
      modCount = 6
      threshold = 12
      loadFactor = 0.75
      keySet = null
      values = null
    elementSet = class java.util.concurrent.ConcurrentSkipListSet@5886476b
      serialVersionUID = -2479143111061671589
      m = class java.util.concurrent.ConcurrentSkipListMap@1e0b0810
      UNSAFE = class sun.misc.Unsafe@3110917a
      mapOffset = 12
      MAX_ARRAY_SIZE = 2147483639
    elementSetUnsorted = false
    serialVersionUID = 756240983881166148
    $$$tc$$$ = class com.ibm.websphere.ras.TraceComponent@3e341fc
      strings[0] = "TraceComponent[com.ibm.wsspi.kernel.service.utils.ConcurrentServiceReferenceSet,class com.ibm.wsspi.kernel.service.utils.ConcurrentServiceReferenceSet,[kernelUtils],com.ibm.ws.kernel.service.utils.resources.ServiceMessages,null]"
  serialVersionUID = 2284273176985484160
  $$$tc$$$ = class com.ibm.websphere.ras.TraceComponent@5e5865e0
    strings[0] = "TraceComponent[com.ibm.ws.container.service.state.internal.StateChangeManager,class com.ibm.ws.container.service.state.internal.StateChangeManager,[Runtime],null,null]"

Dump of objectArray[0]
Object type = com.ibm.ws.container.service.app.deploy.internal.ApplicationInfoImpl
  appName = "FlightLogix"
  appMetaData = class com.ibm.ws.container.service.app.deploy.internal.ApplicationMetaDataImpl@1a4b3a56
    j2eeName = class com.ibm.ws.container.service.metadata.internal.J2EENameImpl@2d430d37
      serialVersionUID = 7488184044073147667
      application = "FlightLogix"
      module = null
      component = null
      string = "FlightLogix"
      j2eeNameBytes = null
      $$$tc$$$ = class com.ibm.websphere.ras.TraceComponent@25cede0
    serialVersionUID = -7906531148367236579
    $$$tc$$$ = class com.ibm.websphere.ras.TraceComponent@60a5fc96
      strings[0] = "TraceComponent[com.ibm.ws.container.service.app.deploy.internal.ApplicationMetaDataImpl,class com.ibm.ws.container.service.app.deploy.internal.ApplicationMetaDataImpl,[container.service],com.ibm.ws.container.service.resources.Messages,null]"
    tc = class com.ibm.websphere.ras.TraceComponent@6edc6049
      strings[0] = "TraceComponent[com.ibm.ws.runtime.metadata.MetaDataImpl,class com.ibm.ws.runtime.metadata.MetaDataImpl,[Runtime],null,null]"
    NUM_STATIC_SLOTS = 4
    ID_UNINITIALIZED = -1
    id = 0
    metaDataInterface = class java.lang.Class@618bb678
      ANNOTATION = 8192
      ENUM = 16384
      SYNTHETIC = 4096
      cachedConstructor = null
      newInstanceCallerCache = null
      name = null
      allPermDomain = class java.security.ProtectionDomain@2818aa30
      useCaches = true
      reflectionData = null
      classRedefinedCount = 0
      genericInfo = null
      serialVersionUID = 3206093459760846163
      serialPersistentFields = class java.io.ObjectStreamField[0]
      reflectionFactory = class sun.reflect.ReflectionFactory@39c67fe3
      initted = true
      enumConstants = null
      enumConstantDirectory = null
      annotationData = null
      annotationType = null
      classValueMap = null
    staticSlots = class java.lang.Object[4]
      Object[0] = class com.ibm.ws.cdi.impl.weld.WebSphereCDIDeploymentImpl@2a0292
      Object[1] = class com.ibm.ws.injectionengine.osgi.internal.OSGiInjectionScopeData@40bd9b56
      Object[2] = "FlightLogix"
      Object[3] = null
    dynamicSlots = null
  appContainer = class com.ibm.ws.adaptable.module.internal.AdaptableContainerImpl@6b1d6795
    root = class com.ibm.ws.adaptable.module.internal.AdaptableContainerImpl@6b1d6795
    rootOverlay = class com.ibm.ws.artifact.overlay.internal.DirectoryBasedOverlayContainerImpl@42cef260
      base = class com.ibm.ws.artifact.loose.internal.LooseArchive@7e2eaf8a
      maskSet = class java.util.HashSet@78a9517
      cfHolder = class com.ibm.ws.artifact.overlay.internal.OverlayContainerFactoryImpl@79102ade
      fileOverlayContainer = class com.ibm.ws.artifact.file.internal.FileContainer@7ca7b2e0
      overlayDirectory = class java.io.File@e7c39fc
      cacheDirForOverlay = class java.io.File@5258546
      overlayNotifier = class com.ibm.ws.artifact.overlay.internal.DirectoryBasedOverlayNotifier@56d49ad8
      enclosingContainer = null
      entryInEnclosingContainer = null
      nestedOverlays = class java.util.concurrent.ConcurrentHashMap@17251250
      cacheStore = class com.ibm.ws.artifact.overlay.internal.OverlayCache@78f96a91
      parentOverlay = null
      isPassThroughMode = true
      serialVersionUID = -6650153487216279998
      $$$tc$$$ = class com.ibm.websphere.ras.TraceComponent@5634125a
    factoryHolder = class com.ibm.ws.adaptable.module.internal.AdaptableModuleFactoryImpl@235c21b6
      adapterFactoryService = class com.ibm.ws.adaptable.module.internal.AdapterFactoryServiceImpl@413699b4
      containerFactory = class com.ibm.ws.artifact.internal.ArtifactContainerFactoryService@63c5a8d7
      overlayContainerFactory = class com.ibm.ws.artifact.overlay.internal.OverlayContainerFactoryImpl@79102ade
      serialVersionUID = 4200251809856292987
      $$$tc$$$ = class com.ibm.websphere.ras.TraceComponent@7cf9c21c
    delegate = class com.ibm.ws.artifact.overlay.internal.DirectoryBasedOverlayContainerImpl@42cef260
    notifier = class com.ibm.ws.adaptable.module.internal.NotifierImpl@5de3a69f
      root = class com.ibm.ws.adaptable.module.internal.AdaptableContainerImpl@6b1d6795
      delegateNotifier = class com.ibm.ws.artifact.overlay.internal.DirectoryBasedOverlayNotifier@56d49ad8
      delegateRoot = class com.ibm.ws.artifact.overlay.internal.DirectoryBasedOverlayContainerImpl@42cef260
      listenerDelegates = class java.util.HashMap@2f39e084
      serialVersionUID = 6839382523957017880
      $$$tc$$$ = class com.ibm.websphere.ras.TraceComponent@586ad563
    serialVersionUID = -5950528200509051684
    $$$tc$$$ = class com.ibm.websphere.ras.TraceComponent@8379a6c
      strings[0] = "TraceComponent[com.ibm.ws.adaptable.module.internal.AdaptableContainerImpl,class com.ibm.ws.adaptable.module.internal.AdaptableContainerImpl,[archive.adaptable],null,null]"
  configHelper = class com.ibm.ws.app.manager.module.ApplicationNestedConfigHelper@42a004b
    appInfo = class com.ibm.ws.app.manager.internal.ApplicationInstallInfo@1fab4f3a
    serialVersionUID = -3174031738676705046
    $$$tc$$$ = class com.ibm.websphere.ras.TraceComponent@601772b6
      strings[0] = "TraceComponent[com.ibm.ws.app.manager.module.ApplicationNestedConfigHelper,class com.ibm.ws.app.manager.module.ApplicationNestedConfigHelper,[applications, app.manager],null,null]"
  applicationInformation = class com.ibm.ws.app.manager.internal.ApplicationInstallInfo@1fab4f3a
    _config = class com.ibm.ws.app.manager.internal.ApplicationConfig@6317173a
      tc = class com.ibm.websphere.ras.TraceComponent@6ac1946a
      _configPid = "com.ibm.ws.app.manager_19"
      _config = class com.ibm.ws.config.admin.ConfigurationDictionary@1e1ce830
      _applicationManager = class com.ibm.ws.app.manager.ApplicationManager@119d5967
      _location = "FlightLogix.war"
      _type = "war"
      _name = "FlightLogix"
      _notificationBroadcasterSupport = class javax.management.NotificationBroadcasterSupport@560495b5
      ONE_TIME_JANDEX_MSGS_DISPLAYED = true
      serialVersionUID = -2151423388299667431
    _handlerInfo = class java.util.concurrent.atomic.AtomicReference@20cd0884
      serialVersionUID = -1848883965231344442
      unsafe = class sun.misc.Unsafe@3110917a
      valueOffset = 12
      value = class com.ibm.ws.app.manager.war.internal.WARDeployedAppInfo@75a21cc3
    _container = class java.util.concurrent.atomic.AtomicReference@74b17c8e
      serialVersionUID = -1848883965231344442
      unsafe = class sun.misc.Unsafe@3110917a
      valueOffset = 12
      value = class com.ibm.ws.adaptable.module.internal.AdaptableContainerImpl@6b1d6795
    _resolvedLocation = class java.util.concurrent.atomic.AtomicReference@31263fbd
      serialVersionUID = -1848883965231344442
      unsafe = class sun.misc.Unsafe@3110917a
      valueOffset = 12
      value = class com.ibm.ws.kernel.service.location.internal.LocalFileResource@1ca7ac63
    _handler = class com.ibm.ws.app.manager.war.internal.WARApplicationHandlerImpl@6a535064
      futureMonitor = class com.ibm.ws.threading.internal.FutureMonitorImpl@28c456a9
      deployedAppFactory = class com.ibm.ws.app.manager.war.internal.WARDeployedAppInfoFactoryImpl@23af9dd4
      serialVersionUID = 4622845147410944782
      $$$tc$$$ = class com.ibm.websphere.ras.TraceComponent@31750fb3
    _ami = class java.util.concurrent.atomic.AtomicReference@2292ec82
      serialVersionUID = -1848883965231344442
      unsafe = class sun.misc.Unsafe@3110917a
      valueOffset = 12
      value = class com.ibm.wsspi.application.handler.DefaultApplicationMonitoringInformation@515fcf7d
    _updateHandler = class com.ibm.ws.app.manager.internal.statemachine.ApplicationStateMachineImpl@5d38a152
      _tc = class com.ibm.websphere.ras.TraceComponent@c088a38
      EMPTY_FUTURE_ARRAY = interface java.util.concurrent.Future[0]
      asmSequenceNumber = class java.util.concurrent.atomic.AtomicLong@6d2d9f9c
      _qscaCounter = class java.util.concurrent.atomic.AtomicInteger@3dc32e39
      _failedThrowable = null
      _interruptibleLock = class com.ibm.ws.app.manager.internal.statemachine.ApplicationStateMachineImpl$2@118865fc
      _interruptible = false
      _performingQueuedActions = true
      _queuedActions = class java.util.concurrent.ConcurrentLinkedQueue@7429270a
      _callbackState = class java.util.concurrent.atomic.AtomicReference@7579976c
      blockAppStartingFutures = class java.util.Collections$SetFromMap@51efcd1c
      waitingForAppHandlerFuture = class java.util.concurrent.atomic.AtomicReference@31ae558
      waitingForExplicitStartFuture = class java.util.concurrent.atomic.AtomicReference@3eb68346
      startAfterFutures = class java.util.Collections$SetFromMap@7cda10b
      completionListener = class java.util.concurrent.atomic.AtomicReference@28650bc3
      _notifyAppStopped = class java.util.concurrent.ConcurrentLinkedQueue@7c811bb2
      _notifyAppStarting = class java.util.concurrent.ConcurrentLinkedQueue@76271bd7
      _notifyAppInstallCalled = class java.util.concurrent.ConcurrentLinkedQueue@1c8839e1
      _notifyAppStarted = class java.util.concurrent.ConcurrentLinkedQueue@1cb302a0
      _notifyAppRemoved = class java.util.concurrent.ConcurrentLinkedQueue@681bc60f
      _stateLock = class com.ibm.ws.app.manager.internal.statemachine.ApplicationStateMachineImpl$3@262c9178
      _internalState = class java.util.concurrent.atomic.AtomicReference@7bb6f36d
      _currentAction = class java.util.concurrent.atomic.AtomicReference@7f1458b9
      _rfa = class java.util.concurrent.atomic.AtomicReference@4989c2ea
      _appInstallInfo = class java.util.concurrent.atomic.AtomicReference@bec2df2
      _update = class java.util.concurrent.atomic.AtomicBoolean@470d9a79
      _appConfig = class java.util.concurrent.atomic.AtomicReference@1a01c3b1
      _nextAppConfig = class java.util.concurrent.atomic.AtomicReference@1d18cc89
      _appContainer = class java.util.concurrent.atomic.AtomicReference@77f1e165
      _resolvedLocation = class java.util.concurrent.atomic.AtomicReference@5c8473b0
      _handler = class java.util.concurrent.atomic.AtomicReference@488c2fda
      _asmSeqNo = 0
      _ctx = class org.eclipse.osgi.internal.framework.BundleContextImpl@182fc6c6
      _locAdmin = class com.ibm.ws.kernel.service.location.internal.WsLocationAdminImpl@13abdec6
      _futureMonitor = class com.ibm.ws.threading.internal.FutureMonitorImpl@28c456a9
      _artifactFactory = class com.ibm.ws.artifact.internal.ArtifactContainerFactoryService@63c5a8d7
      _moduleFactory = class com.ibm.ws.adaptable.module.internal.AdaptableModuleFactoryImpl@235c21b6
      _executorService = class com.ibm.ws.threading.internal.ExecutorServiceImpl@592cdf72
      _scheduledExecutorService = class com.ibm.ws.threading.internal.ScheduledExecutorImpl@46da8d4b
      _asmHelper = class com.ibm.ws.app.manager.internal.ApplicationConfigurator$NamedApplication@5c218f35
      _appMonitor = class com.ibm.ws.app.manager.internal.monitor.ApplicationMonitor@6b29ef1f
      enterStateCalled = class java.util.concurrent.atomic.AtomicBoolean@144f0839
      serialVersionUID = 7990273947104993494
      serialVersionUID = 300267208965883056
      $$$tc$$$ = class com.ibm.websphere.ras.TraceComponent@6f6cd30d
    serialVersionUID = 2630639237123415755
    $$$tc$$$ = class com.ibm.websphere.ras.TraceComponent@6d6ecc2f
      strings[0] = "TraceComponent[com.ibm.ws.app.manager.internal.ApplicationInstallInfo,class com.ibm.ws.app.manager.internal.ApplicationInstallInfo,[applications, app.manager],com.ibm.ws.app.manager.internal.resources.AppManagerMessages,null]"
  serialVersionUID = 5227817860647895780
  $$$tc$$$ = class com.ibm.websphere.ras.TraceComponent@33107ab5
    strings[0] = "TraceComponent[com.ibm.ws.container.service.app.deploy.internal.ApplicationInfoImpl,class com.ibm.ws.container.service.app.deploy.internal.ApplicationInfoImpl,[container.service],com.ibm.ws.container.service.resources.Messages,null]"

