------Start of DE processing------ = [4/5/21 20:47:04:648 EDT]
Exception = com.FlightLogix.Repository.Exceptions.RegistrationException
Source = com.ibm.ws.webcontainer.filter.WebAppFilterManager.invokeFilters
probeid = 1105
Stack Dump = com.FlightLogix.Repository.Exceptions.RegistrationException: User already exists
	at com.FlightLogix.Repository.UserOperations.UserManager.register(UserManager.java:29)
	at com.FlightLogix.Repository.UserOperations.UserManager$Proxy$_$$_WeldClientProxy.register(Unknown Source)
	at com.FlightLogix.Service.apis.RegistrationResource.register(RegistrationResource.java:38)
	at com.FlightLogix.Service.apis.RegistrationResource$Proxy$_$$_WeldSubclass.register$$super(Unknown Source)
	at sun.reflect.GeneratedMethodAccessor718.invoke(Unknown Source)
	at java.lang.reflect.Method.invoke(Method.java:498)
	at org.jboss.weld.interceptor.proxy.TerminalAroundInvokeInvocationContext.proceedInternal(TerminalAroundInvokeInvocationContext.java:51)
	at org.jboss.weld.interceptor.proxy.AroundInvokeInvocationContext.proceed(AroundInvokeInvocationContext.java:78)
	at com.ibm.tx.jta.cdi.interceptors.TransactionalInterceptor$1.run(TransactionalInterceptor.java:137)
	at com.ibm.ws.uow.embeddable.EmbeddableUOWManagerImpl.runUnderCurrentUOW(EmbeddableUOWManagerImpl.java:1077)
	at com.ibm.ws.uow.embeddable.EmbeddableUOWManagerImpl.runUnderNewUOW(EmbeddableUOWManagerImpl.java:1040)
	at com.ibm.ws.uow.embeddable.EmbeddableUOWManagerImpl.runUnderUOW(EmbeddableUOWManagerImpl.java:1013)
	at com.ibm.tx.jta.cdi.interceptors.TransactionalInterceptor.runUnderUOWManagingEnablement(TransactionalInterceptor.java:151)
	at com.ibm.tx.jta.cdi.interceptors.Required.required(Required.java:40)
	at sun.reflect.GeneratedMethodAccessor600.invoke(Unknown Source)
	at java.lang.reflect.Method.invoke(Method.java:498)
	at org.jboss.weld.interceptor.reader.SimpleInterceptorInvocation$SimpleMethodInvocation.invoke(SimpleInterceptorInvocation.java:73)
	at org.jboss.weld.interceptor.proxy.InterceptorMethodHandler.executeAroundInvoke(InterceptorMethodHandler.java:84)
	at org.jboss.weld.interceptor.proxy.InterceptorMethodHandler.executeInterception(InterceptorMethodHandler.java:72)
	at org.jboss.weld.interceptor.proxy.InterceptorMethodHandler.invoke(InterceptorMethodHandler.java:56)
	at org.jboss.weld.bean.proxy.CombinedInterceptorAndDecoratorStackMethodHandler.invoke(CombinedInterceptorAndDecoratorStackMethodHandler.java:79)
	at org.jboss.weld.bean.proxy.CombinedInterceptorAndDecoratorStackMethodHandler.invoke(CombinedInterceptorAndDecoratorStackMethodHandler.java:68)
	at com.FlightLogix.Service.apis.RegistrationResource$Proxy$_$$_WeldSubclass.register(Unknown Source)
	at com.FlightLogix.Service.apis.RegistrationResource$Proxy$_$$_WeldClientProxy.register(Unknown Source)
	at sun.reflect.GeneratedMethodAccessor714.invoke(Unknown Source)
	at java.lang.reflect.Method.invoke(Method.java:498)
	at com.ibm.ws.jaxrs20.cdi.component.JaxRsFactoryImplicitBeanCDICustomizer.serviceInvoke(JaxRsFactoryImplicitBeanCDICustomizer.java:342)
	at com.ibm.ws.jaxrs20.server.LibertyJaxRsServerFactoryBean.performInvocation(LibertyJaxRsServerFactoryBean.java:641)
	at com.ibm.ws.jaxrs20.server.LibertyJaxRsInvoker.performInvocation(LibertyJaxRsInvoker.java:160)
	at org.apache.cxf.service.invoker.AbstractInvoker.invoke(AbstractInvoker.java:101)
	at com.ibm.ws.jaxrs20.server.LibertyJaxRsInvoker.invoke(LibertyJaxRsInvoker.java:273)
	at org.apache.cxf.jaxrs.JAXRSInvoker.invoke(JAXRSInvoker.java:205)
	at com.ibm.ws.jaxrs20.server.LibertyJaxRsInvoker.invoke(LibertyJaxRsInvoker.java:444)
	at org.apache.cxf.jaxrs.JAXRSInvoker.invoke(JAXRSInvoker.java:111)
	at org.apache.cxf.interceptor.ServiceInvokerInterceptor$1.run(ServiceInvokerInterceptor.java:59)
	at org.apache.cxf.interceptor.ServiceInvokerInterceptor.handleMessage(ServiceInvokerInterceptor.java:96)
	at org.apache.cxf.phase.PhaseInterceptorChain.doIntercept(PhaseInterceptorChain.java:308)
	at org.apache.cxf.transport.ChainInitiationObserver.onMessage(ChainInitiationObserver.java:123)
	at org.apache.cxf.transport.http.AbstractHTTPDestination.invoke(AbstractHTTPDestination.java:275)
	at com.ibm.ws.jaxrs20.endpoint.AbstractJaxRsWebEndpoint.invoke(AbstractJaxRsWebEndpoint.java:137)
	at com.ibm.websphere.jaxrs.server.IBMRestServlet.handleRequest(IBMRestServlet.java:146)
	at com.ibm.websphere.jaxrs.server.IBMRestServlet.doPost(IBMRestServlet.java:104)
	at javax.servlet.http.HttpServlet.service(HttpServlet.java:706)
	at com.ibm.websphere.jaxrs.server.IBMRestServlet.service(IBMRestServlet.java:96)
	at com.ibm.ws.webcontainer.servlet.ServletWrapper.service(ServletWrapper.java:1257)
	at com.ibm.ws.webcontainer.servlet.ServletWrapper.handleRequest(ServletWrapper.java:745)
	at com.ibm.ws.webcontainer.servlet.ServletWrapper.handleRequest(ServletWrapper.java:442)
	at com.ibm.ws.webcontainer.filter.WebAppFilterManager.invokeFilters(WebAppFilterManager.java:1226)
	at com.ibm.ws.webcontainer.webapp.WebApp.handleRequest(WebApp.java:5057)
	at com.ibm.ws.webcontainer.osgi.DynamicVirtualHost$2.handleRequest(DynamicVirtualHost.java:314)
	at com.ibm.ws.webcontainer.WebContainer.handleRequest(WebContainer.java:1006)
	at com.ibm.ws.webcontainer.osgi.DynamicVirtualHost$2.run(DynamicVirtualHost.java:279)
	at com.ibm.ws.http.dispatcher.internal.channel.HttpDispatcherLink$TaskWrapper.run(HttpDispatcherLink.java:1146)
	at com.ibm.ws.http.dispatcher.internal.channel.HttpDispatcherLink.wrapHandlerAndExecute(HttpDispatcherLink.java:427)
	at com.ibm.ws.http.dispatcher.internal.channel.HttpDispatcherLink.ready(HttpDispatcherLink.java:386)
	at com.ibm.ws.http.channel.internal.inbound.HttpInboundLink.handleDiscrimination(HttpInboundLink.java:566)
	at com.ibm.ws.http.channel.internal.inbound.HttpInboundLink.handleNewRequest(HttpInboundLink.java:500)
	at com.ibm.ws.http.channel.internal.inbound.HttpInboundLink.processRequest(HttpInboundLink.java:360)
	at com.ibm.ws.http.channel.internal.inbound.HttpInboundLink.ready(HttpInboundLink.java:327)
	at com.ibm.ws.channel.ssl.internal.SSLConnectionLink.determineNextChannel(SSLConnectionLink.java:1100)
	at com.ibm.ws.channel.ssl.internal.SSLConnectionLink.readyInboundPostHandshake(SSLConnectionLink.java:757)
	at com.ibm.ws.channel.ssl.internal.SSLConnectionLink$MyHandshakeCompletedCallback.complete(SSLConnectionLink.java:427)
	at com.ibm.ws.channel.ssl.internal.SSLUtils.handleHandshake(SSLUtils.java:954)
	at com.ibm.ws.channel.ssl.internal.SSLHandshakeIOCallback.complete(SSLHandshakeIOCallback.java:85)
	at com.ibm.ws.tcpchannel.internal.WorkQueueManager.requestComplete(WorkQueueManager.java:504)
	at com.ibm.ws.tcpchannel.internal.WorkQueueManager.attemptIO(WorkQueueManager.java:574)
	at com.ibm.ws.tcpchannel.internal.WorkQueueManager.workerRun(WorkQueueManager.java:958)
	at com.ibm.ws.tcpchannel.internal.WorkQueueManager$Worker.run(WorkQueueManager.java:1047)
	at com.ibm.ws.threading.internal.ExecutorServiceImpl$RunnableWrapper.run(ExecutorServiceImpl.java:238)
	at java.util.concurrent.ThreadPoolExecutor.runWorker(ThreadPoolExecutor.java:1149)
	at java.util.concurrent.ThreadPoolExecutor$Worker.run(ThreadPoolExecutor.java:624)
	at java.lang.Thread.run(Thread.java:748)

Dump of callerThis
Object type = com.ibm.ws.webcontainer.osgi.filter.WebAppFilterManagerImpl
  _filterWrappers = class java.util.Hashtable@13f6ab8d
    table = class java.util.Hashtable$Entry[11]
      Entry[0] = null
      Entry[1] = null
      Entry[2] = null
      Entry[3] = null
      Entry[4] = null
      Entry[5] = null
      Entry[6] = null
      Entry[7] = null
      Entry[8] = null
      Entry[9] = null
      Entry[10] = null
    count = 0
    threshold = 8
    loadFactor = 0.75
    modCount = 0
    serialVersionUID = 1421746759512286392
    MAX_ARRAY_SIZE = 2147483639
    keySet = null
    entrySet = null
    values = null
    KEYS = 0
    VALUES = 1
    ENTRIES = 2
  chainCache = class java.util.Collections$SynchronizedMap@5f24ea1d
    serialVersionUID = 1978198479659022715
    m = class com.ibm.ws.webcontainer.filter.WebAppFilterManager$1@7000d6cb
      this$0 = class com.ibm.ws.webcontainer.osgi.filter.WebAppFilterManagerImpl@3296f05a
      serialVersionUID = 3801124242820219131
      head = null
      tail = null
      accessOrder = true
      serialVersionUID = 362498820763181265
      DEFAULT_INITIAL_CAPACITY = 16
      MAXIMUM_CAPACITY = 1073741824
      DEFAULT_LOAD_FACTOR = 0.75
      TREEIFY_THRESHOLD = 8
      UNTREEIFY_THRESHOLD = 6
      MIN_TREEIFY_CAPACITY = 64
      table = null
      entrySet = null
      size = 0
      modCount = 0
      threshold = 32
      loadFactor = 0.75
      keySet = null
      values = null
    mutex = class java.util.Collections$SynchronizedMap@5f24ea1d
    keySet = null
    entrySet = null
    values = null
  forwardChainCache = class java.util.Collections$SynchronizedMap@144eaab3
    serialVersionUID = 1978198479659022715
    m = class com.ibm.ws.webcontainer.filter.WebAppFilterManager$2@388c47b7
      this$0 = class com.ibm.ws.webcontainer.osgi.filter.WebAppFilterManagerImpl@3296f05a
      serialVersionUID = 3801124242820219131
      head = null
      tail = null
      accessOrder = true
      serialVersionUID = 362498820763181265
      DEFAULT_INITIAL_CAPACITY = 16
      MAXIMUM_CAPACITY = 1073741824
      DEFAULT_LOAD_FACTOR = 0.75
      TREEIFY_THRESHOLD = 8
      UNTREEIFY_THRESHOLD = 6
      MIN_TREEIFY_CAPACITY = 64
      table = null
      entrySet = null
      size = 0
      modCount = 0
      threshold = 16
      loadFactor = 0.75
      keySet = null
      values = null
    mutex = class java.util.Collections$SynchronizedMap@144eaab3
    keySet = null
    entrySet = null
    values = null
  includeChainCache = class java.util.Collections$SynchronizedMap@11df8c40
    serialVersionUID = 1978198479659022715
    m = class com.ibm.ws.webcontainer.filter.WebAppFilterManager$3@6c483a59
      this$0 = class com.ibm.ws.webcontainer.osgi.filter.WebAppFilterManagerImpl@3296f05a
      serialVersionUID = 3801124242820219131
      head = null
      tail = null
      accessOrder = true
      serialVersionUID = 362498820763181265
      DEFAULT_INITIAL_CAPACITY = 16
      MAXIMUM_CAPACITY = 1073741824
      DEFAULT_LOAD_FACTOR = 0.75
      TREEIFY_THRESHOLD = 8
      UNTREEIFY_THRESHOLD = 6
      MIN_TREEIFY_CAPACITY = 64
      table = null
      entrySet = null
      size = 0
      modCount = 0
      threshold = 8
      loadFactor = 0.75
      keySet = null
      values = null
    mutex = class java.util.Collections$SynchronizedMap@11df8c40
    keySet = null
    entrySet = null
    values = null
  errorChainCache = class java.util.Collections$SynchronizedMap@3753e735
    serialVersionUID = 1978198479659022715
    m = class com.ibm.ws.webcontainer.filter.WebAppFilterManager$4@62ed9b3f
      this$0 = class com.ibm.ws.webcontainer.osgi.filter.WebAppFilterManagerImpl@3296f05a
      serialVersionUID = 3801124242820219131
      head = null
      tail = null
      accessOrder = true
      serialVersionUID = 362498820763181265
      DEFAULT_INITIAL_CAPACITY = 16
      MAXIMUM_CAPACITY = 1073741824
      DEFAULT_LOAD_FACTOR = 0.75
      TREEIFY_THRESHOLD = 8
      UNTREEIFY_THRESHOLD = 6
      MIN_TREEIFY_CAPACITY = 64
      table = null
      entrySet = null
      size = 0
      modCount = 0
      threshold = 2
      loadFactor = 0.75
      keySet = null
      values = null
    mutex = class java.util.Collections$SynchronizedMap@3753e735
    keySet = null
    entrySet = null
    values = null
  _filtersDefined = false
  FMI_MAPPING_SINGLE_SLASH = 0
  FMI_MAPPING_PATH_MATCH = 1
  FMI_MAPPING_EXTENSION_MATCH = 2
  FMI_MAPPING_EXACT_MATCH = 3
  logger = class com.ibm.ws.logging.internal.WsLogger@18036fd9
    ivCachedResourceBundleName = null
    ivCachedResourceBundle = null
    ivComponent = null
    ivOrganization = null
    ivProduct = null
    ivMinimumLocalizationLevelIntValue = 625
    ivTC = class com.ibm.websphere.ras.TraceComponent@654b8730
      strings[0] = "TraceComponent[com.ibm.ws.webcontainer.filter,class com.ibm.wsspi.webcontainer.logging.LoggerFactory$1,[com.ibm.ws.webcontainer.filter],null,null]"
    loggerRegistrationComponent = class java.lang.ThreadLocal@6f184d56
      threadLocalHashCode = -1366260430
      nextHashCode = class java.util.concurrent.atomic.AtomicInteger@4f5bbe12
      HASH_INCREMENT = 1640531527
    emptyHandlers = class java.util.logging.Handler[0]
    offValue = 2147483647
    SYSTEM_LOGGER_RB_NAME = "sun.util.logging.resources.logging"
    SYSTEM_BUNDLE = class java.util.logging.Logger$LoggerBundle@252812aa
      resourceBundleName = "sun.util.logging.resources.logging"
      userBundle = null
    NO_RESOURCE_BUNDLE = class java.util.logging.Logger$LoggerBundle@479e7194
      resourceBundleName = null
      userBundle = null
    manager = class com.ibm.ws.kernel.boot.logging.WsLogManager@38dad225
      CONFIGURE_BY_SERVER_PROPERTY_NAME = "java.util.logging.configureByServer"
      CONFIGURE_BY_LOGGING_PROPERTIES_FILE = "java.util.logging.configureByLoggingPropertiesFile"
      configureByServer = true
      configureByLoggingProperties = false
      wsLogger = class java.lang.reflect.Constructor@52cc0e2
      resetEnabled = true
      svBinaryLoggingEnable = false
      manager = class com.ibm.ws.kernel.boot.logging.WsLogManager@38dad225
      props = class java.util.Properties@2595b1ca
      defaultLevel = class java.util.logging.Level@177e0733
      listenerMap = class java.util.HashMap@1261b17a
      systemContext = class java.util.logging.LogManager$SystemLoggerContext@6015567a
      userContext = class java.util.logging.LogManager$LoggerContext@35db14a
      rootLogger = class java.util.logging.LogManager$RootLogger@553f952a
      readPrimordialConfiguration = true
      initializedGlobalHandlers = true
      deathImminent = false
      initializedCalled = true
      initializationDone = true
      contextsMap = null
      loggerRefQueue = class java.lang.ref.ReferenceQueue@b4e5b0a
      MAX_ITERATIONS = 400
      controlPermission = class java.util.logging.LoggingPermission@14bbc178
      loggingMXBean = null
      LOGGING_MXBEAN_NAME = "java.util.logging:type=Logging"
      $assertionsDisabled = true
    name = "com.ibm.ws.webcontainer.filter"
    handlers = class java.util.concurrent.CopyOnWriteArrayList@15854a95
      serialVersionUID = 8673264195747942595
      lock = class java.util.concurrent.locks.ReentrantLock@76807283
      array = class java.lang.Object[0]
      UNSAFE = class sun.misc.Unsafe@3110917a
      lockOffset = 12
    loggerBundle = class java.util.logging.Logger$LoggerBundle@70dda7cd
      resourceBundleName = "com.ibm.ws.webcontainer.resources.Messages"
      userBundle = null
    useParentHandlers = true
    filter = null
    anonymous = false
    catalog = class com.ibm.ws.webcontainer.resources.Messages@447b6a93
      resources = class [Ljava.lang.Object;[338]
      lookup = class java.util.HashMap@6290d26a
      INITIAL_CACHE_SIZE = 32
      NONEXISTENT_BUNDLE = class java.util.ResourceBundle$1@7be0d12
      cacheList = class java.util.concurrent.ConcurrentHashMap@6d6ba105
      referenceQueue = class java.lang.ref.ReferenceQueue@718b60cb
      parent = null
      locale = class java.util.Locale@b7aa508
      name = "com.ibm.ws.webcontainer.resources.Messages"
      expired = false
      cacheKey = class java.util.ResourceBundle$CacheKey@15ecef12
      keySet = null
      providers = null
      $assertionsDisabled = true
    catalogName = "com.ibm.ws.webcontainer.resources.Messages"
    catalogLocale = class java.util.Locale@2a5ec3c3
      LOCALECACHE = class java.util.Locale$Cache@37857a9e
      ENGLISH = class java.util.Locale@49a775e6
      FRENCH = class java.util.Locale@27fd997
      GERMAN = class java.util.Locale@29cc1b45
      ITALIAN = class java.util.Locale@3501c568
      JAPANESE = class java.util.Locale@47fb9e6b
      KOREAN = class java.util.Locale@3bb44462
      CHINESE = class java.util.Locale@72eb7662
      SIMPLIFIED_CHINESE = class java.util.Locale@497ac7d2
      TRADITIONAL_CHINESE = class java.util.Locale@52e90050
      FRANCE = class java.util.Locale@4b67d93b
      GERMANY = class java.util.Locale@6296fe53
      ITALY = class java.util.Locale@7d4de184
      JAPAN = class java.util.Locale@673c95fd
      KOREA = class java.util.Locale@12673620
      CHINA = class java.util.Locale@497ac7d2
      PRC = class java.util.Locale@497ac7d2
      TAIWAN = class java.util.Locale@52e90050
      UK = class java.util.Locale@47d62659
      US = class java.util.Locale@5505aee6
      CANADA = class java.util.Locale@56155ac6
      CANADA_FRENCH = class java.util.Locale@7d68b012
      ROOT = class java.util.Locale@b7aa508
      PRIVATE_USE_EXTENSION = x
      UNICODE_LOCALE_EXTENSION = u
      serialVersionUID = 9149081749638150636
      DISPLAY_LANGUAGE = 0
      DISPLAY_COUNTRY = 1
      DISPLAY_VARIANT = 2
      DISPLAY_SCRIPT = 3
      baseLocale = class sun.util.locale.BaseLocale@fcfffcd
      localeExtensions = null
      hashCodeValue = 98032416
      defaultLocale = class java.util.Locale@2a5ec3c3
      defaultDisplayLocale = null
      defaultFormatLocale = class java.util.Locale@2a5ec3c3
      languageTag = "en-029"
      serialPersistentFields = class java.io.ObjectStreamField[6]
      isoLanguages = null
      isoCountries = null
      $assertionsDisabled = true
    treeLock = class java.lang.Object@1530e5ff
    parent = class com.ibm.ws.logging.internal.WsLogger@84ecb5b
      ivCachedResourceBundleName = "com.ibm.ws.webcontainer.resources.Messages"
      ivCachedResourceBundle = class com.ibm.ws.webcontainer.resources.Messages@447b6a93
      ivComponent = null
      ivOrganization = null
      ivProduct = null
      ivMinimumLocalizationLevelIntValue = 625
      ivTC = class com.ibm.websphere.ras.TraceComponent@723c3576
      loggerRegistrationComponent = class java.lang.ThreadLocal@6f184d56
      emptyHandlers = class java.util.logging.Handler[0]
      offValue = 2147483647
      SYSTEM_LOGGER_RB_NAME = "sun.util.logging.resources.logging"
      SYSTEM_BUNDLE = class java.util.logging.Logger$LoggerBundle@252812aa
      NO_RESOURCE_BUNDLE = class java.util.logging.Logger$LoggerBundle@479e7194
      manager = class com.ibm.ws.kernel.boot.logging.WsLogManager@38dad225
      name = "com.ibm.ws.webcontainer"
      handlers = class java.util.concurrent.CopyOnWriteArrayList@104b3d64
      loggerBundle = class java.util.logging.Logger$LoggerBundle@2565e556
      useParentHandlers = true
      filter = null
      anonymous = false
      catalog = class com.ibm.ws.webcontainer.resources.Messages@447b6a93
      catalogName = "com.ibm.ws.webcontainer.resources.Messages"
      catalogLocale = class java.util.Locale@2a5ec3c3
      treeLock = class java.lang.Object@1530e5ff
      parent = class java.util.logging.Logger@23e416f0
      kids = class java.util.ArrayList@1400de2b
      levelObject = class java.util.logging.Level@177e0733
      levelValue = 800
      callersClassLoaderRef = class java.lang.ref.WeakReference@5de971d2
      isSystemLogger = false
      GLOBAL_LOGGER_NAME = "global"
      global = class java.util.logging.Logger@40255573
      $assertionsDisabled = true
    kids = null
    levelObject = class java.util.logging.Level@177e0733
      defaultBundle = "sun.util.logging.resources.logging"
      name = "INFO"
      value = 800
      resourceBundleName = "sun.util.logging.resources.logging"
      localizedLevelName = "INFO"
      cachedLocale = class java.util.Locale@2a5ec3c3
      OFF = class java.util.logging.Level@3e70c253
      SEVERE = class java.util.logging.Level@45001da3
      WARNING = class java.util.logging.Level@2a701b93
      INFO = class java.util.logging.Level@177e0733
      CONFIG = class java.util.logging.Level@702058d7
      FINE = class java.util.logging.Level@48fa6eda
      FINER = class java.util.logging.Level@dd29f63
      FINEST = class java.util.logging.Level@27d4b1c9
      ALL = class java.util.logging.Level@5540a304
      serialVersionUID = -8176160795706313070
    levelValue = 800
    callersClassLoaderRef = class java.lang.ref.WeakReference@59ef954a
      referent = class org.eclipse.osgi.internal.loader.EquinoxClassLoader@21779d78
      queue = class java.lang.ref.ReferenceQueue$Null@53ace356
      next = null
      discovered = null
      lock = class java.lang.ref.Reference$Lock@5f26cd84
      pending = null
    isSystemLogger = false
    GLOBAL_LOGGER_NAME = "global"
    global = class java.util.logging.Logger@40255573
      emptyHandlers = class java.util.logging.Handler[0]
      offValue = 2147483647
      SYSTEM_LOGGER_RB_NAME = "sun.util.logging.resources.logging"
      SYSTEM_BUNDLE = class java.util.logging.Logger$LoggerBundle@252812aa
      NO_RESOURCE_BUNDLE = class java.util.logging.Logger$LoggerBundle@479e7194
      manager = class com.ibm.ws.kernel.boot.logging.WsLogManager@38dad225
      name = "global"
      handlers = class java.util.concurrent.CopyOnWriteArrayList@57673cf6
      loggerBundle = class java.util.logging.Logger$LoggerBundle@479e7194
      useParentHandlers = true
      filter = null
      anonymous = false
      catalog = null
      catalogName = null
      catalogLocale = null
      treeLock = class java.lang.Object@1530e5ff
      parent = class java.util.logging.LogManager$RootLogger@553f952a
      kids = null
      levelObject = null
      levelValue = 800
      callersClassLoaderRef = null
      isSystemLogger = true
      GLOBAL_LOGGER_NAME = "global"
      global = class java.util.logging.Logger@40255573
      $assertionsDisabled = true
    $assertionsDisabled = true
  CLASS_NAME = "com.ibm.ws.webcontainer.filter.WebAppFilterManager"
  nls = class com.ibm.ejs.ras.TraceNLS@7f18eaba
    resolver = class com.ibm.ws.logging.internal.TraceNLSResolver@64b466f2
      tc = class com.ibm.websphere.ras.TraceComponent@4a87761d
      DEBUG_TRACE_NLS_PROPERTY = "com.ibm.ejs.ras.debugTraceNLSResolver"
      debugTraceNLSResolver = false
      makeNoise = false
      nullKey = "null"
      svNullBundleName = "Resource Bundle name is null, key = {0}"
      svBundleNotLoaded = "Unable to load ResourceBundle {0}"
      svNullKeyMessage = "Null key passed while using ResourceBundle {0}"
      svMalformedMessage = "No message text associated with key {0} in bundle {1}"
    finder = null
    ivBundleName = "com.ibm.ws.webcontainer.resources.Messages"
    caller = class java.lang.Class@2fdebdf1
      ANNOTATION = 8192
      ENUM = 16384
      SYNTHETIC = 4096
      cachedConstructor = null
      newInstanceCallerCache = null
      name = "com.ibm.ws.webcontainer.filter.WebAppFilterManager"
      allPermDomain = class java.security.ProtectionDomain@2818aa30
      useCaches = true
      reflectionData = class java.lang.ref.SoftReference@2419b0e7
      classRedefinedCount = 0
      genericInfo = null
      serialVersionUID = 3206093459760846163
      serialPersistentFields = class java.io.ObjectStreamField[0]
      reflectionFactory = class sun.reflect.ReflectionFactory@39c67fe3
      initted = true
      enumConstants = null
      enumConstantDirectory = null
      annotationData = class java.lang.Class$AnnotationData@5e5709e
      annotationType = null
      classValueMap = null
  webAppConfig = class com.ibm.ws.webcontainer.osgi.webapp.WebAppConfiguration@4f5f97c0
    webModuleMetaData = class com.ibm.ws.webcontainer.osgi.metadata.WebModuleMetaDataImpl@5bfe21c6
    webComponentMetaData = class com.ibm.ws.webcontainer.osgi.metadata.WebComponentMetaDataImpl@6b37beb6
    dVirtualHost = class com.ibm.ws.webcontainer.osgi.DynamicVirtualHost@409f2425
      tc = class com.ibm.websphere.ras.TraceComponent@2a7851bd
      CLASS_NAME = "com.ibm.ws.webcontainer.osgi.DynamicVirtualHost"
      webContainerParent = class com.ibm.ws.webcontainer.osgi.WebContainer@48421fb6
      dhostConfig = class com.ibm.ws.webcontainer.osgi.DynamicVirtualHostConfiguration@6953536e
      predefinedMatcher = null
      normalizeRequestURI = false
      logger = class com.ibm.ws.logging.internal.WsLogger@84ecb5b
      CLASS_NAME = "com.ibm.ws.webcontainer.VirtualHost"
      vHostConfig = class com.ibm.ws.webcontainer.osgi.DynamicVirtualHostConfiguration@6953536e
      commands = class java.util.ArrayList@5d943961
      requestMapper = class com.ibm.wsspi.webcontainer.util.URIMapper@7860a544
      parent = class com.ibm.ws.webcontainer.osgi.WebContainer@48421fb6
      name = "default_host"
      isAlive = true
      subElements = class java.util.HashMap@9be130a
      attributes = null
      config = null
      serialVersionUID = -8271459000149267764
      $$$tc$$$ = class com.ibm.websphere.ras.TraceComponent@6fd413a9
    orderedLibPaths = class java.util.Collections$UnmodifiableRandomAccessList@58c9684e
    bundleHeaders = null
    cdiEnabled = true
    CLASS_NAME = "com.ibm.ws.webcontainer.webapp.WebAppConfiguration"
    logger = class com.ibm.ws.logging.internal.WsLogger@58665c11
    tc = class com.ibm.websphere.ras.TraceComponent@5beff51f
      strings[0] = "TraceComponent[com.ibm.ws.webcontainer.webapp.WebAppConfiguration,class com.ibm.ws.webcontainer.webapp.WebAppConfiguration,[webcontainer],com.ibm.ws.webcontainer.resources.LShimMessages,null]"
    nls = class com.ibm.ejs.ras.TraceNLS@4e77ee2a
      resolver = class com.ibm.ws.logging.internal.TraceNLSResolver@64b466f2
      finder = null
      ivBundleName = "com.ibm.ws.webcontainer.resources.Messages"
      caller = class java.lang.Class@9d038d7
    version = 31
    contextRoot = "/"
    isDefaultContextRootUsed = false
    sessionTimeout = 0
    moduleSessionTimeoutSet = false
    moduleSessionTrackingModeSet = false
    sessionCookieConfig = class com.ibm.ws.session.SessionCookieConfigImpl@1a880f95
      comment = ""
      domain = ""
      maxAge = -1
      maxAgeSet = false
      name = "JSESSIONID"
      path = "/"
      httpOnly = true
      httpOnlySet = false
      secure = false
      secureSet = false
      contextInitialized = true
      externalCall = true
      programmaticChange = false
      nls = class com.ibm.ejs.ras.TraceNLS@4e5d37a9
    hasProgrammaticCookieConfig = false
    sessionDefaultTrackingModeSet = class java.util.RegularEnumSet@27baba70
      serialVersionUID = 3411599620347842686
      elements = 1
      elementType = class java.lang.Class@31c6e45b
      universe = class javax.servlet.SessionTrackingMode[3]
      ZERO_LENGTH_ENUM_ARRAY = class java.lang.Enum[0]
      MAX_ARRAY_SIZE = 2147483639
    sessionManagerConfig = class com.ibm.ws.session.SessionManagerConfig@7dd1e0cf
      usingWebContainerSM = true
      useContextRootForSessionCookiePath = false
      usingMemory = true
      usingDatabase = false
      usingJCache = false
      usingMemToMem = false
      enableUrlProtocolSwitchRewriting = false
      dcookieName = "SSLJSESSION"
      sipSessionCookieName = "ibmappid"
      inMemorySize = 1000
      enableOverflow = true
      sessionInvalidationTime = 1800
      integrateSec = true
      throwSecurityExceptionOnGetSessionFalse = true
      invalidateOnUnauthorizedSessionRequestException = false
      allowSerializedSessionAccess = false
      serializedSessionAccessMaxWaitTime = 0
      accessSessionOnTimeout = true
      JNDIDataSourceName = "jdbc/sample"
      sessionDBID = null
      sessionDBPWD = null
      rowSize = 4
      tableSpaceName = null
      usingMultirow = false
      drsSettings = null
      enableEOSWrite = true
      enableManualWrite = false
      enableTimeBasedWrite = false
      mPropertyWriterInterval = 120
      writeAllProperties = false
      writeGetAndSetAttributes = false
      scheduledInvalidation = false
      firstHour = 0
      secondHour = 0
      is_zOS = false
      serverId = "9d06d0a2-280d-4627-8741-3be9968ed2f0"
      cloneId = "9d06d0a2-280d-4627-8741-3be9968ed2f0"
      sacKey = "DEFAULT_SAC_KEY"
      cloneSeparator = :
      debugSessionCrossover = false
      cloneIdPropertySet = false
      expectedCloneIdsPropertySet = false
      expectedCloneIds = null
      idReuse = false
      reaperPollInterval = 122
      turnOffCacheId = false
      turnOffCloneId = false
      noAffinitySwitchBack = false
      maxSessionIdentifierLength = 1024
      sessUrlRewritePrefix = ";jsessionid="
      tableNameValue = null
      checkRecentlyInvalidList = true
      modifyActiveCountOnInvalidatedSession = true
      useOracleBlob = false
      usingCustomSchemaName = false
      trackGCCount = false
      hideSessionValues = true
      hideSessionValuesPropertySet = false
      doRemoteInvalidations = true
      zosBaseServerReplication = false
      servlet21SessionCompat = false
      cacheIdLength = 0
      sessionIDLength = 23
      trackingModes = class java.util.RegularEnumSet@15ed63bc
      privateSessionCookieName = "JSESSIONID"
      privateSessionCookieComment = ""
      privateSessionCookieDomain = ""
      privateSessionCookieMaxAge = -1
      privateSessionCookiePath = "/"
      privateSessionCookieSecure = false
      privateSessionCookieHttpOnly = true
      cookieConfig = class com.ibm.ws.session.SessionCookieConfigImpl@1a880f95
      SIPConvergedHttpPort = 80
      SIPConvergedHttpsPort = 443
      SIPConvergedHostName = "localhost"
      optimizeCacheIdIncrements = false
      alwaysEncodeURL = false
      checkSessionCookieNameOnEncodeURL = false
      onlyCheckInCacheDuringPreInvoke = false
      enableHotFailover = true
      forceSessionInvalidationMultiple = 3
      persistSessionAfterPassivation = false
      usingApplicationSessionsAndInvalidateAll = false
      usingApplicationSessionsAlwaysRetrieve = false
      forceSessionIdLengthCheck = false
      securityUserIgnoreCase = false
      sessionTableSkipIndexCreation = false
      checkSessionNewOnIsValidRequest = true
      delayInvalidationAlarmDuringServerStartup = 5
      useSeparateSessionInvalidatorThreadPool = true
      connectionRetryCount = 2
      sessionCookieSameSite = class com.ibm.ws.session.SameSiteCookie@6ee4bee3
    displayName = "Liberty Project"
    description = null
    reloadInterval = 0
    distributable = false
    denyUncoveredHttpMethods = false
    reloadingEnabled = false
    serveServletsByClassnameEnabled = false
    defaultErrorPage = null
    additionalClassPath = null
    fileServingEnabled = null
    directoryBrowsingEnabled = false
    autoRequestEncoding = false
    autoResponseEncoding = false
    autoLoadFilters = false
    requestListeners = null
    requestAttributeListeners = null
    sessionListeners = null
    localeMap = null
    moduleName = "FlightLogix"
    j2eeModuleName = "FlightLogix.war"
    moduleId = null
    isSyncToThreadEnabled = false
    encodeDispatchedRequestURI = false
    isSystemApp = false
    ardEnabled = false
    ardDispatchType = null
    listeners = class java.util.ArrayList@506687de
      serialVersionUID = 8683452581122892189
      DEFAULT_CAPACITY = 10
      EMPTY_ELEMENTDATA = class java.lang.Object[0]
      DEFAULTCAPACITY_EMPTY_ELEMENTDATA = class java.lang.Object[0]
      elementData = class java.lang.Object[0]
      size = 0
      MAX_ARRAY_SIZE = 2147483639
      modCount = 0
      MAX_ARRAY_SIZE = 2147483639
    welcomeFileList = class java.util.ArrayList@ac8dee0
      serialVersionUID = 8683452581122892189
      DEFAULT_CAPACITY = 10
      EMPTY_ELEMENTDATA = class java.lang.Object[0]
      DEFAULTCAPACITY_EMPTY_ELEMENTDATA = class java.lang.Object[0]
      elementData = class java.lang.Object[10]
      size = 1
      MAX_ARRAY_SIZE = 2147483639
      modCount = 1
      MAX_ARRAY_SIZE = 2147483639
    servletMappings = class java.util.HashMap@78d38cf3
      serialVersionUID = 362498820763181265
      DEFAULT_INITIAL_CAPACITY = 16
      MAXIMUM_CAPACITY = 1073741824
      DEFAULT_LOAD_FACTOR = 0.75
      TREEIFY_THRESHOLD = 8
      UNTREEIFY_THRESHOLD = 6
      MIN_TREEIFY_CAPACITY = 64
      table = class java.util.HashMap$Node[16]
      entrySet = null
      size = 1
      modCount = 1
      threshold = 12
      loadFactor = 0.75
      keySet = null
      values = class java.util.HashMap$Values@6eadce4f
    lastIndexBeforeDeclaredFilters = 0
    filterMappings = class java.util.ArrayList@af6ccbe
      serialVersionUID = 8683452581122892189
      DEFAULT_CAPACITY = 10
      EMPTY_ELEMENTDATA = class java.lang.Object[0]
      DEFAULTCAPACITY_EMPTY_ELEMENTDATA = class java.lang.Object[0]
      elementData = class java.lang.Object[0]
      size = 0
      MAX_ARRAY_SIZE = 2147483639
      modCount = 0
      MAX_ARRAY_SIZE = 2147483639
    servletInfo = class java.util.concurrent.ConcurrentHashMap@6ecaf249
      serialVersionUID = 7249069246763182397
      MAXIMUM_CAPACITY = 1073741824
      DEFAULT_CAPACITY = 16
      MAX_ARRAY_SIZE = 2147483639
      DEFAULT_CONCURRENCY_LEVEL = 16
      LOAD_FACTOR = 0.75
      TREEIFY_THRESHOLD = 8
      UNTREEIFY_THRESHOLD = 6
      MIN_TREEIFY_CAPACITY = 64
      MIN_TRANSFER_STRIDE = 16
      RESIZE_STAMP_BITS = 16
      MAX_RESIZERS = 65535
      RESIZE_STAMP_SHIFT = 16
      MOVED = -1
      TREEBIN = -2
      RESERVED = -3
      HASH_BITS = 2147483647
      NCPU = 8
      serialPersistentFields = class java.io.ObjectStreamField[3]
      table = class java.util.concurrent.ConcurrentHashMap$Node[16]
      nextTable = null
      baseCount = 1
      sizeCtl = 12
      transferIndex = 0
      cellsBusy = 0
      counterCells = null
      keySet = class java.util.concurrent.ConcurrentHashMap$KeySetView@5a9718c5
      values = class java.util.concurrent.ConcurrentHashMap$ValuesView@a030c48
      entrySet = null
      U = class sun.misc.Unsafe@3110917a
      SIZECTL = 20
      TRANSFERINDEX = 32
      BASECOUNT = 24
      CELLSBUSY = 36
      CELLVALUE = 144
      ABASE = 16
      ASHIFT = 2
      keySet = null
      values = null
    filterInfo = class java.util.HashMap@22b90eae
      serialVersionUID = 362498820763181265
      DEFAULT_INITIAL_CAPACITY = 16
      MAXIMUM_CAPACITY = 1073741824
      DEFAULT_LOAD_FACTOR = 0.75
      TREEIFY_THRESHOLD = 8
      UNTREEIFY_THRESHOLD = 6
      MIN_TREEIFY_CAPACITY = 64
      table = null
      entrySet = null
      size = 0
      modCount = 0
      threshold = 0
      loadFactor = 0.75
      keySet = null
      values = class java.util.HashMap$Values@7e179b8a
    mimeMappings = class java.util.HashMap@46e9ba1e
      serialVersionUID = 362498820763181265
      DEFAULT_INITIAL_CAPACITY = 16
      MAXIMUM_CAPACITY = 1073741824
      DEFAULT_LOAD_FACTOR = 0.75
      TREEIFY_THRESHOLD = 8
      UNTREEIFY_THRESHOLD = 6
      MIN_TREEIFY_CAPACITY = 64
      table = null
      entrySet = null
      size = 0
      modCount = 0
      threshold = 0
      loadFactor = 0.75
      keySet = null
      values = null
    mimeFilters = null
    isMimeFilteringEnabled = false
    theWebGroup = null
    jspAttributes = class java.util.HashMap@7a461d41
      serialVersionUID = 362498820763181265
      DEFAULT_INITIAL_CAPACITY = 16
      MAXIMUM_CAPACITY = 1073741824
      DEFAULT_LOAD_FACTOR = 0.75
      TREEIFY_THRESHOLD = 8
      UNTREEIFY_THRESHOLD = 6
      MIN_TREEIFY_CAPACITY = 64
      table = null
      entrySet = null
      size = 0
      modCount = 0
      threshold = 0
      loadFactor = 0.75
      keySet = class java.util.HashMap$KeySet@f66d2d1
      values = null
    fileServingAttributes = class java.util.HashMap@43a7f0fa
      serialVersionUID = 362498820763181265
      DEFAULT_INITIAL_CAPACITY = 16
      MAXIMUM_CAPACITY = 1073741824
      DEFAULT_LOAD_FACTOR = 0.75
      TREEIFY_THRESHOLD = 8
      UNTREEIFY_THRESHOLD = 6
      MIN_TREEIFY_CAPACITY = 64
      table = null
      entrySet = null
      size = 0
      modCount = 0
      threshold = 0
      loadFactor = 0.75
      keySet = null
      values = null
    invokerAttributes = class java.util.HashMap@29015a5e
      serialVersionUID = 362498820763181265
      DEFAULT_INITIAL_CAPACITY = 16
      MAXIMUM_CAPACITY = 1073741824
      DEFAULT_LOAD_FACTOR = 0.75
      TREEIFY_THRESHOLD = 8
      UNTREEIFY_THRESHOLD = 6
      MIN_TREEIFY_CAPACITY = 64
      table = null
      entrySet = null
      size = 0
      modCount = 0
      threshold = 0
      loadFactor = 0.75
      keySet = null
      values = null
    contextParams = class java.util.HashMap@22333c2a
      serialVersionUID = 362498820763181265
      DEFAULT_INITIAL_CAPACITY = 16
      MAXIMUM_CAPACITY = 1073741824
      DEFAULT_LOAD_FACTOR = 0.75
      TREEIFY_THRESHOLD = 8
      UNTREEIFY_THRESHOLD = 6
      MIN_TREEIFY_CAPACITY = 64
      table = class java.util.HashMap$Node[16]
      entrySet = null
      size = 1
      modCount = 1
      threshold = 12
      loadFactor = 0.75
      keySet = null
      values = null
    virtualHost = "default_host"
    exceptionErrorPages = class java.util.HashMap@68d59138
      serialVersionUID = 362498820763181265
      DEFAULT_INITIAL_CAPACITY = 16
      MAXIMUM_CAPACITY = 1073741824
      DEFAULT_LOAD_FACTOR = 0.75
      TREEIFY_THRESHOLD = 8
      UNTREEIFY_THRESHOLD = 6
      MIN_TREEIFY_CAPACITY = 64
      table = null
      entrySet = null
      size = 0
      modCount = 0
      threshold = 0
      loadFactor = 0.75
      keySet = null
      values = null
    codeErrorPages = class java.util.HashMap@14098cf8
      serialVersionUID = 362498820763181265
      DEFAULT_INITIAL_CAPACITY = 16
      MAXIMUM_CAPACITY = 1073741824
      DEFAULT_LOAD_FACTOR = 0.75
      TREEIFY_THRESHOLD = 8
      UNTREEIFY_THRESHOLD = 6
      MIN_TREEIFY_CAPACITY = 64
      table = null
      entrySet = null
      size = 0
      modCount = 0
      threshold = 0
      loadFactor = 0.75
      keySet = null
      values = null
    tagLibList = null
    precompileJsps = false
    webApp = class com.ibm.ws.webcontainer40.osgi.webapp.WebApp40@6fb345a7
    virtualHostList = class java.util.Collections$EmptyList@2700847e
      serialVersionUID = 8842843931221139166
      modCount = 0
      MAX_ARRAY_SIZE = 2147483639
    appStartupWeight = 0
    moduleStartupWeight = 0
    metaDataComplete = false
    classesToScan = class java.util.ArrayList@3779f78d
      serialVersionUID = 8683452581122892189
      DEFAULT_CAPACITY = 10
      EMPTY_ELEMENTDATA = class java.lang.Object[0]
      DEFAULTCAPACITY_EMPTY_ELEMENTDATA = class java.lang.Object[0]
      elementData = class java.lang.Object[0]
      size = 0
      MAX_ARRAY_SIZE = 2147483639
      modCount = 0
      MAX_ARRAY_SIZE = 2147483639
    uriFilterMappingInfos = null
    servletFilterMappingInfos = null
    dynamicServletRegistrationMap = null
    applicationName = "FlightLogix"
    libBinPathList = null
    webXmlDefinedListeners = class java.util.HashSet@c905f24
      serialVersionUID = -5024744406713321676
      map = class java.util.HashMap@189d2644
      PRESENT = class java.lang.Object@4ee49b63
      MAX_ARRAY_SIZE = 2147483639
    allRefs = class java.util.EnumMap@488843df
      keyType = class java.lang.Class@b210978
      keyUniverse = class com.ibm.wsspi.injectionengine.JNDIEnvironmentRefType[14]
      vals = class java.lang.Object[14]
      size = 0
      NULL = class java.util.EnumMap$1@2a1b5350
      ZERO_LENGTH_ENUM_ARRAY = class java.lang.Enum[0]
      entrySet = null
      serialVersionUID = 458661240069192865
      keySet = null
      values = null
    allRefBindings = class java.util.EnumMap@10be787a
      keyType = class java.lang.Class@b210978
      keyUniverse = class com.ibm.wsspi.injectionengine.JNDIEnvironmentRefType[14]
      vals = class java.lang.Object[14]
      size = 6
      NULL = class java.util.EnumMap$1@2a1b5350
      ZERO_LENGTH_ENUM_ARRAY = class java.lang.Enum[0]
      entrySet = null
      serialVersionUID = 458661240069192865
      keySet = null
      values = null
    envEntryValues = class java.util.HashMap@6803307f
      serialVersionUID = 362498820763181265
      DEFAULT_INITIAL_CAPACITY = 16
      MAXIMUM_CAPACITY = 1073741824
      DEFAULT_LOAD_FACTOR = 0.75
      TREEIFY_THRESHOLD = 8
      UNTREEIFY_THRESHOLD = 6
      MIN_TREEIFY_CAPACITY = 64
      table = null
      entrySet = class java.util.HashMap$EntrySet@13987b84
      size = 0
      modCount = 0
      threshold = 0
      loadFactor = 0.75
      keySet = null
      values = null
    resourceRefConfigList = null
    disallowAllFileServingProp = "false"
    disallowServeServletsByClassnameProp = "true"
    disableStaticMappingCache = false
    jspCachedLocations = null
    primedSTSHeader = "NoValue"
    enablemultireadofpostdata = false
    requestEncoding = null
    responseEncoding = null
    NULLSERVLETNAME = "com.ibm.ws.webcontainer.NullServletName"
    _id = "WebAppGeneratedId21"
    _attributes = null
    serialVersionUID = 7511545662945734886
    $$$tc$$$ = class com.ibm.websphere.ras.TraceComponent@4c93125
      strings[0] = "TraceComponent[com.ibm.ws.container.BaseConfiguration,class com.ibm.ws.container.BaseConfiguration,[],null,null]"
  webApp = class com.ibm.ws.webcontainer40.osgi.webapp.WebApp40@6fb345a7
    tc = class com.ibm.websphere.ras.TraceComponent@220f950f
      strings[0] = "TraceComponent[com.ibm.ws.webcontainer40.osgi.webapp.WebApp40,class com.ibm.ws.webcontainer40.osgi.webapp.WebApp40,[webcontainer],com.ibm.ws.webcontainer31.resources.Messages,null]"
    servlet40NLS = class com.ibm.ejs.ras.TraceNLS@461ab86d
      resolver = class com.ibm.ws.logging.internal.TraceNLSResolver@64b466f2
      finder = null
      ivBundleName = "com.ibm.ws.webcontainer40.resources.Messages"
      caller = class java.lang.Class@777047ec
    CLASS_NAME = "com.ibm.ws.webcontainer40.osgi.webapp.WebApp40"
    defaultSessionTimeout = 30
    tc = class com.ibm.websphere.ras.TraceComponent@48b8ab2f
      strings[0] = "TraceComponent[com.ibm.ws.webcontainer31.osgi.webapp.WebApp31,class com.ibm.ws.webcontainer31.osgi.webapp.WebApp31,[webcontainer],com.ibm.ws.webcontainer31.resources.Messages,null]"
    CLASS_NAME = "com.ibm.ws.webcontainer31.osgi.webapp.WebApp31"
    servlet31NLS = class com.ibm.ejs.ras.TraceNLS@366470d6
      resolver = class com.ibm.ws.logging.internal.TraceNLSResolver@64b466f2
      finder = null
      ivBundleName = "com.ibm.ws.webcontainer31.resources.Messages"
      caller = class java.lang.Class@4604af50
    validListenerClasses = class java.lang.Class[7]
      Class[0] = class java.lang.Class@5f6acdef
      Class[1] = class java.lang.Class@1542035
      Class[2] = class java.lang.Class@4bb8b3f
      Class[3] = class java.lang.Class@35fdf94d
      Class[4] = class java.lang.Class@21cfe5fd
      Class[5] = class java.lang.Class@125bb7f0
      Class[6] = class java.lang.Class@58770de
    wsocServHandler = null
    tc = class com.ibm.websphere.ras.TraceComponent@3055a306
      strings[0] = "TraceComponent[com.ibm.ws.webcontainer.osgi.webapp.WebApp,class com.ibm.ws.webcontainer.osgi.webapp.WebApp,[webcontainer],com.ibm.ws.webcontainer.resources.LShimMessages,null]"
    CLASS_NAME = "com.ibm.ws.webcontainer.osgi.webapp.WebApp"
    metaDataService = class com.ibm.ws.container.service.metadata.internal.MetaDataServiceImpl@2ab08bf0
      applicationMetaDataManager = class com.ibm.ws.container.service.metadata.internal.ApplicationMetaDataManager@73033589
      moduleMetaDataManager = class com.ibm.ws.container.service.metadata.internal.ModuleMetaDataManager@5d2945c6
      componentMetaDataManager = class com.ibm.ws.container.service.metadata.internal.ComponentMetaDataManager@1fb39415
      methodMetaDataManager = class com.ibm.ws.container.service.metadata.internal.MethodMetaDataManager@6f120fdf
      appModuleNameToModuleContainer = class java.util.concurrent.ConcurrentHashMap@557d0c9
      jeeNameToComponentMetaData = class java.util.concurrent.ConcurrentHashMap@12c7b2d0
      deferredMetaDataFactories = class com.ibm.wsspi.kernel.service.utils.ConcurrentServiceReferenceSet@11579fa1
      deferredMetaDataInitializers = class com.ibm.wsspi.kernel.service.utils.ConcurrentServiceReferenceMap@6ec416a3
      serialVersionUID = -2494605732980966097
      $$$tc$$$ = class com.ibm.websphere.ras.TraceComponent@40568c0d
    namespacePopulated = false
    referenceContext = class com.ibm.ws.injectionengine.osgi.internal.OSGiReferenceContextImpl@47efd60b
      scopeData = class com.ibm.ws.injectionengine.osgi.internal.OSGiInjectionScopeData@53efcb89
      serialVersionUID = 521511923892134915
      $$$tc$$$ = class com.ibm.websphere.ras.TraceComponent@3774a6f3
      CLASS_NAME = "com.ibm.ws.injectionengine.ReferenceContextImpl"
      tc = class com.ibm.websphere.ras.TraceComponent@b41f830
      ivInjectionEngine = class com.ibm.ws.injectionengine.osgi.internal.OSGiInjectionEngineImpl@1feef71d
      ivProviders = class java.util.ArrayList@3569c4c2
      ivComponentJavaContext = null
      ivComponentNameSpace = null
      ivJavaColonCompEnvMap = class java.util.LinkedHashMap@2f247754
      ivEjbContext10 = class java.util.Properties@269da4a2
      ivResourceRefConfigList = class com.ibm.ws.resource.internal.ResourceRefConfigListImpl@5f23beaf
      isAlreadyProcessed = true
      ivProcessFailure = null
      ivInjectionTargetMap = class java.util.concurrent.ConcurrentHashMap@24173e5d
      svInjTarMapCacheSize = 256
      ivDeclaredInjectionTargets = class java.util.HashMap@2885635c
      ivProcessedInjectionClasses = class java.util.HashSet@63767a5a
      svInjClassMapCacheSize = 512
      ivProcessedInjectionBindings = class java.util.ArrayList@2162765d
      ivAnyProcessDynamic = false
      ivCheckAppConfig = false
    j2eeNameFactory = class com.ibm.ws.container.service.metadata.internal.J2EENameFactoryImpl@3bcb03f3
      serialVersionUID = 3486344295038028821
      $$$tc$$$ = class com.ibm.websphere.ras.TraceComponent@6b73a91e
    moduleLoader = class com.ibm.ws.classloading.internal.AppClassLoader@70fd2920
      tc = class com.ibm.websphere.ras.TraceComponent@5ba2d4c7
      disableSharedClassesCache = false
      PARENT_FIRST_SEARCH_ORDER = class java.util.Collections$UnmodifiableRandomAccessList@2c22c010
      packagesDefined = class java.util.Collections$SetFromMap@7b915775
      CLASS_LOADING_TRACE_PREFIX = "com.ibm.ws.class.load."
      DEFAULT_PACKAGE = "default.package"
      perPackageClassLoadingTraceComponents = class java.util.concurrent.ConcurrentHashMap@2ce3d4e
      config = class com.ibm.ws.classloading.internal.ClassLoaderConfigurationImpl@57559a0e
      privateLibraries = null
      delegateLoaders = class com.ibm.ws.classloading.internal.util.CompositeIterable@6582fd9c
      nativeLibraryFiles = class java.util.ArrayList@145934a6
      transformers = class java.util.ArrayList@670e5f2e
      apiAccess = class com.ibm.ws.classloading.internal.GatewayClassLoader@5336c1b1
      generator = class com.ibm.ws.classloading.internal.ClassGeneratorManager@3fee80d
      protectionDomains = class java.util.concurrent.ConcurrentHashMap@1c703c2b
      parent = class com.ibm.ws.classloading.internal.GatewayClassLoader@5336c1b1
      hook = null
      serialVersionUID = 8734164900246230615
      tc = class com.ibm.websphere.ras.TraceComponent@2a036489
      smartClassPath = class com.ibm.ws.classloading.internal.ContainerClassLoader$SmartClassPathImpl@6eec5c24
      nativeLibraryContainers = class java.util.ArrayList@33cda95b
      redefiner = class com.ibm.ws.classloading.internal.util.ClassRedefiner@308f86c5
      jarProtocol = "wsjar:"
      mapCreationQueue = class java.util.concurrent.Executors$FinalizableDelegatedExecutorService@7cfad4b
      serialVersionUID = 6399598832433768509
      serialVersionUID = 1837293532091806117
      $$$tc$$$ = class com.ibm.websphere.ras.TraceComponent@7da67a26
      serialVersionUID = -4586727107834513475
      $$$tc$$$ = class com.ibm.websphere.ras.TraceComponent@b0c2bd6
      serialVersionUID = -7709588811276454856
      $$$tc$$$ = class com.ibm.websphere.ras.TraceComponent@5ed3a11d
      initialized = true
      pdcache = class java.util.HashMap@262f6723
      debug = null
      parent = class com.ibm.ws.classloading.internal.GatewayClassLoader@5336c1b1
      parallelLockMap = class java.util.concurrent.ConcurrentHashMap@3ba386a9
      package2certs = class java.util.concurrent.ConcurrentHashMap@37a2e085
      nocerts = class java.security.cert.Certificate[0]
      classes = class java.util.Vector@69fb005b
      defaultDomain = class java.security.ProtectionDomain@34306438
      packages = class java.util.HashMap@13012ad9
      scl = class sun.misc.Launcher$AppClassLoader@4e0e2f2a
      sclSet = true
      loadedLibraryNames = class java.util.Vector@74941872
      systemNativeLibraries = class java.util.Vector@4cab4407
      nativeLibraries = class java.util.Vector@330746f4
      nativeLibraryContext = class java.util.Stack@5c949cab
      usr_paths = class java.lang.String[34]
      sys_paths = class java.lang.String[1]
      assertionLock = class java.lang.Object@24f7117
      defaultAssertionStatus = false
      packageAssertionStatus = null
      classAssertionStatus = null
    webAppConfig = class com.ibm.ws.webcontainer.osgi.webapp.WebAppConfiguration@4f5f97c0
    extensionProcessingDisabled = false
    managedObjectService = class com.ibm.ws.cdi.impl.managedobject.CDIManagedObjectService@6dce906a
      cdiServiceRef = class com.ibm.wsspi.kernel.service.utils.AtomicServiceReference@68933fd5
      defaultMOSRef = class com.ibm.wsspi.kernel.service.utils.AtomicServiceReference@26f21bc7
      cdiRuntime = null
      serialVersionUID = 6431825704414919683
      $$$tc$$$ = class com.ibm.websphere.ras.TraceComponent@e6e46e1
    internalServletMetaData = interface com.ibm.wsspi.webcontainer.metadata.WebComponentMetaData[2]
      WebComponentMetaData[0] = null
      WebComponentMetaData[1] = null
    loginProcessor = null
    logoutProcessor = null
    collabHelper = class com.ibm.ws.webcontainer.osgi.collaborator.CollaboratorHelperImpl@2ea5b7aa
    envObject = class com.ibm.ws.util.WSThreadLocal@28b9419a
      tc = class com.ibm.ejs.ras.TraceComponent@260af4a6
      count = 8
      index = 2
      SUSPECTED_MISUSAGE_THRESHOLD = 200
      threadLocalHashCode = 497134319
      nextHashCode = class java.util.concurrent.atomic.AtomicInteger@4f5bbe12
      HASH_INCREMENT = 1640531527
    orderedLibPaths = class java.util.Collections$UnmodifiableRandomAccessList@58c9684e
      serialVersionUID = -2542308836966382001
      serialVersionUID = -283967356065247728
      list = class java.util.ArrayList@5ba64a82
      serialVersionUID = 1820017752578914078
      c = class java.util.ArrayList@5ba64a82
    perm = class com.ibm.websphere.security.WebSphereRuntimePermission@15d22819
      serialVersionUID = -3306242789188168337
      $$$tc$$$ = class com.ibm.websphere.ras.TraceComponent@20a19000
      serialVersionUID = 6279438298436773498
      wildcard = false
      path = "accessServletContext"
      exitVM = false
      serialVersionUID = -5636570222231596674
      name = "accessServletContext"
    WELCOME_FILE_LIST = "com.ibm.ws.webcontainer.config.WelcomeFileList"
    DIR_BROWSING_MAPPING = "__dirBrowsing__1617667077532"
    FILTER_PROXY_MAPPING = "/__filterProxy__1617667077532"
    logger = class com.ibm.ws.logging.internal.WsLogger@58665c11
      ivCachedResourceBundleName = "com.ibm.ws.webcontainer.resources.Messages"
      ivCachedResourceBundle = class com.ibm.ws.webcontainer.resources.Messages@447b6a93
      ivComponent = null
      ivOrganization = null
      ivProduct = null
      ivMinimumLocalizationLevelIntValue = 625
      ivTC = class com.ibm.websphere.ras.TraceComponent@4924fec2
      loggerRegistrationComponent = class java.lang.ThreadLocal@6f184d56
      emptyHandlers = class java.util.logging.Handler[0]
      offValue = 2147483647
      SYSTEM_LOGGER_RB_NAME = "sun.util.logging.resources.logging"
      SYSTEM_BUNDLE = class java.util.logging.Logger$LoggerBundle@252812aa
      NO_RESOURCE_BUNDLE = class java.util.logging.Logger$LoggerBundle@479e7194
      manager = class com.ibm.ws.kernel.boot.logging.WsLogManager@38dad225
      name = "com.ibm.ws.webcontainer.webapp"
      handlers = class java.util.concurrent.CopyOnWriteArrayList@569af26
      loggerBundle = class java.util.logging.Logger$LoggerBundle@3d04c673
      useParentHandlers = true
      filter = null
      anonymous = false
      catalog = class com.ibm.ws.webcontainer.resources.Messages@447b6a93
      catalogName = "com.ibm.ws.webcontainer.resources.Messages"
      catalogLocale = class java.util.Locale@2a5ec3c3
      treeLock = class java.lang.Object@1530e5ff
      parent = class com.ibm.ws.logging.internal.WsLogger@84ecb5b
      kids = null
      levelObject = class java.util.logging.Level@177e0733
      levelValue = 800
      callersClassLoaderRef = class java.lang.ref.WeakReference@30fae33f
      isSystemLogger = false
      GLOBAL_LOGGER_NAME = "global"
      global = class java.util.logging.Logger@40255573
      $assertionsDisabled = true
    CLASS_NAME = "com.ibm.ws.webcontainer.webapp.WebApp"
    loader = class com.ibm.ws.classloading.internal.ThreadContextClassLoader@3875d716
      tc = class com.ibm.websphere.ras.TraceComponent@1806d892
      bundle = class java.util.concurrent.atomic.AtomicReference@2caca008
      key = "WebModule:FlightLogix#FlightLogix.war"
      refCount = class java.util.concurrent.atomic.AtomicInteger@7f8682ad
      appLoader = class com.ibm.ws.classloading.internal.AppClassLoader@70fd2920
      clSvc = class com.ibm.ws.classloading.internal.ClassLoadingServiceImpl@309d44f7
      serialVersionUID = 846416563800781557
      tc = class com.ibm.websphere.ras.TraceComponent@312da3e6
      followOnClassLoaders = class java.util.ArrayList@6f5c1f05
      serialVersionUID = 8829649920524275888
      serialVersionUID = -4586727107834513475
      $$$tc$$$ = class com.ibm.websphere.ras.TraceComponent@b0c2bd6
      serialVersionUID = -7709588811276454856
      $$$tc$$$ = class com.ibm.websphere.ras.TraceComponent@5ed3a11d
      initialized = true
      pdcache = class java.util.HashMap@3b27b095
      debug = null
      parent = class com.ibm.ws.classloading.internal.GatewayClassLoader@2256013e
      parallelLockMap = class java.util.concurrent.ConcurrentHashMap@7242eb19
      package2certs = class java.util.concurrent.ConcurrentHashMap@391a9c16
      nocerts = class java.security.cert.Certificate[0]
      classes = class java.util.Vector@36311807
      defaultDomain = class java.security.ProtectionDomain@3014a54c
      packages = class java.util.HashMap@556b8a74
      scl = class sun.misc.Launcher$AppClassLoader@4e0e2f2a
      sclSet = true
      loadedLibraryNames = class java.util.Vector@74941872
      systemNativeLibraries = class java.util.Vector@4cab4407
      nativeLibraries = class java.util.Vector@38fc46e3
      nativeLibraryContext = class java.util.Stack@5c949cab
      usr_paths = class java.lang.String[34]
      sys_paths = class java.lang.String[1]
      assertionLock = class java.lang.Object@6b380db
      defaultAssertionStatus = false
      packageAssertionStatus = null
      classAssertionStatus = null
    facade = class com.ibm.ws.webcontainer40.facade.ServletContextFacade40@55430fd9
      context = class com.ibm.ws.webcontainer40.osgi.webapp.WebApp40@6fb345a7
    features = class java.util.ArrayList@61592cbd
      serialVersionUID = 8683452581122892189
      DEFAULT_CAPACITY = 10
      EMPTY_ELEMENTDATA = class java.lang.Object[0]
      DEFAULTCAPACITY_EMPTY_ELEMENTDATA = class java.lang.Object[0]
      elementData = class java.lang.Object[0]
      size = 0
      MAX_ARRAY_SIZE = 2147483639
      modCount = 0
      MAX_ARRAY_SIZE = 2147483639
    applicationName = "FlightLogix"
    config = class com.ibm.ws.webcontainer.osgi.webapp.WebAppConfiguration@4f5f97c0
    securityEnabledForApp = false
    webExtensionProcessor = class com.ibm.ws.webcontainer.osgi.extension.WebExtensionProcessor@19c12389
      webApp = class com.ibm.ws.webcontainer40.osgi.webapp.WebApp40@6fb345a7
      extensionContext = class com.ibm.ws.webcontainer40.osgi.webapp.WebApp40@6fb345a7
    production = true
    isServlet23 = true
    contextPath = "/"
    internalServletList = class [Ljava.lang.String;[2]
      String[][0] = class java.lang.String[2]
      String[][1] = class java.lang.String[2]
    BY_NAME_ONLY = "/_1617669983370_/"
    filterManager = class com.ibm.ws.webcontainer.osgi.filter.WebAppFilterManagerImpl@3296f05a
    documentRoot = null
    SERVLET_API_VERSION = "Servlet 2.5"
    disableServletAuditLogging = -1
    serverInfo = "IBM WebSphere Liberty/21.0.0.3"
    sessionCtx = class com.ibm.ws.webcontainer31.session.impl.HttpSessionContext31Impl@472958a2
      methodClassName = "HttpSessionContextImpl"
      _smc = class com.ibm.ws.session.SessionManagerConfig@7dd1e0cf
      sessionStoreService = null
      _sap = class com.ibm.ws.session.SessionApplicationParameters@5c73f6c2
      _coreHttpSessionManager = class com.ibm.ws.session.SessionManager@3ec09cb9
      _coreHttpAppSessionManager = null
      _sam = class com.ibm.ws.webcontainer.session.impl.SessionAffinityManagerImpl@2c33a665
      isSIPApplication = false
      sessionAttributeListener = false
      sessionListener = true
      mHttpSessionAttributeListeners = class java.util.ArrayList@45a80b3b
      mHttpSessionListeners = class java.util.ArrayList@6ae20aa
      mHttpSessionIdListeners = class java.util.ArrayList@3c314192
      mHttpSessionAttributeListenersJ2eeNames = class java.util.ArrayList@d80c8ff
      mHttpSessionListenersJ2eeNames = class java.util.ArrayList@874fba7
      mHttpSessionIdListenersJ2eeNames = class java.util.ArrayList@7f283173
      mLocalHost = null
      _refCount = 1
      currentThreadSacHashtable = null
      methodClassName = "SessionContext"
      ANONYMOUS_USER = "anonymous"
      wasHttpSessionObserver = class com.ibm.ws.session.WasHttpSessionObserver@49a3d2d5
      wasHttpSessionAttributeObserver = null
      _invalidator = class com.ibm.ws.session.SessionInvalidatorWithThreadPool@42ef3c2e
      _storer = class com.ibm.ws.session.EOSSessionStorer@6d695e17
      wasHttpAppSessionObserver = null
      mHttpAppSessionListeners = null
      cmvcInfo = "CMVC Version 1.9 6/24/07 11:12:24"
      _loggedVersion = true
      CREATE_CORE_SESSION_MANAGER = 0
      GET_REQUESTED_SESSION_ID = 1
      GET_IHTTP_SESSION = 2
      SESSION_PRE_INVOKE = 3
      SESSION_POST_INVOKE = 4
      STOP = 5
      STOP_LISTENERS = 6
      IS_VALID = 7
      ENCODE_URL = 8
      SHOULD_ENCODE_URL = 9
      IS_PROTOCOL_SWITCH = 10
      GET_LOCAL_HOST = 11
      ADD_HTTP_SESSION_ATTRIBUTE_LISTENER = 12
      ADD_HTTP_SESSION_LISTENER = 13
      GET_SESSION_AFFINITY_CONTEXT = 14
      CHECK_SECURITY = 15
      INVALIDATE = 16
      CHECK_SESSSIONID_IS_RIGHT_LENGTH = 17
      LOCK_SESSION = 18
      UNLOCK_SESSION = 19
      ADD_HTTP_SESSION_ID_LISTENER = 20
      methodNames = class java.lang.String[21]
    eventSource = class com.ibm.ws.webcontainer.webapp.WebAppEventSource@43f593b2
    nls = class com.ibm.ejs.ras.TraceNLS@e6c422a
      resolver = class com.ibm.ws.logging.internal.TraceNLSResolver@64b466f2
      finder = null
      ivBundleName = "com.ibm.ws.webcontainer.resources.Messages"
      caller = class java.lang.Class@4bc652a7
    liberty_nls = class com.ibm.ejs.ras.TraceNLS@2376a659
      resolver = class com.ibm.ws.logging.internal.TraceNLSResolver@64b466f2
      finder = null
      ivBundleName = "com.ibm.ws.webcontainer.resources.LShimMessages"
      caller = class java.lang.Class@4bc652a7
    error_nls = class com.ibm.ejs.ras.TraceNLS@7c58e22b
      resolver = class com.ibm.ws.logging.internal.TraceNLSResolver@64b466f2
      finder = null
      ivBundleName = "com.ibm.ws.webcontainer.resources.ErrorPage"
      caller = class java.lang.Class@4bc652a7
    sessionListeners = class java.util.ArrayList@6fbdb83e
      serialVersionUID = 8683452581122892189
      DEFAULT_CAPACITY = 10
      EMPTY_ELEMENTDATA = class java.lang.Object[0]
      DEFAULTCAPACITY_EMPTY_ELEMENTDATA = class java.lang.Object[0]
      elementData = class java.lang.Object[10]
      size = 2
      MAX_ARRAY_SIZE = 2147483639
      modCount = 3
      MAX_ARRAY_SIZE = 2147483639
    sessionIdListeners = class java.util.ArrayList@7ff0032b
      serialVersionUID = 8683452581122892189
      DEFAULT_CAPACITY = 10
      EMPTY_ELEMENTDATA = class java.lang.Object[0]
      DEFAULTCAPACITY_EMPTY_ELEMENTDATA = class java.lang.Object[0]
      elementData = class java.lang.Object[0]
      size = 0
      MAX_ARRAY_SIZE = 2147483639
      modCount = 0
      MAX_ARRAY_SIZE = 2147483639
    sessionAttrListeners = class java.util.ArrayList@38f141a9
      serialVersionUID = 8683452581122892189
      DEFAULT_CAPACITY = 10
      EMPTY_ELEMENTDATA = class java.lang.Object[0]
      DEFAULTCAPACITY_EMPTY_ELEMENTDATA = class java.lang.Object[0]
      elementData = class java.lang.Object[0]
      size = 0
      MAX_ARRAY_SIZE = 2147483639
      modCount = 1
      MAX_ARRAY_SIZE = 2147483639
    addedSessionListeners = class java.util.ArrayList@3590e25d
      serialVersionUID = 8683452581122892189
      DEFAULT_CAPACITY = 10
      EMPTY_ELEMENTDATA = class java.lang.Object[0]
      DEFAULTCAPACITY_EMPTY_ELEMENTDATA = class java.lang.Object[0]
      elementData = class java.lang.Object[0]
      size = 0
      MAX_ARRAY_SIZE = 2147483639
      modCount = 0
      MAX_ARRAY_SIZE = 2147483639
    addedSessionAttrListeners = class java.util.ArrayList@376ec099
      serialVersionUID = 8683452581122892189
      DEFAULT_CAPACITY = 10
      EMPTY_ELEMENTDATA = class java.lang.Object[0]
      DEFAULTCAPACITY_EMPTY_ELEMENTDATA = class java.lang.Object[0]
      elementData = class java.lang.Object[0]
      size = 0
      MAX_ARRAY_SIZE = 2147483639
      modCount = 0
      MAX_ARRAY_SIZE = 2147483639
    servletContextListeners = class java.util.ArrayList@48f87404
      serialVersionUID = 8683452581122892189
      DEFAULT_CAPACITY = 10
      EMPTY_ELEMENTDATA = class java.lang.Object[0]
      DEFAULTCAPACITY_EMPTY_ELEMENTDATA = class java.lang.Object[0]
      elementData = class java.lang.Object[10]
      size = 1
      MAX_ARRAY_SIZE = 2147483639
      modCount = 2
      MAX_ARRAY_SIZE = 2147483639
    servletContextLAttrListeners = class java.util.ArrayList@7ab688bb
      serialVersionUID = 8683452581122892189
      DEFAULT_CAPACITY = 10
      EMPTY_ELEMENTDATA = class java.lang.Object[0]
      DEFAULTCAPACITY_EMPTY_ELEMENTDATA = class java.lang.Object[0]
      elementData = class java.lang.Object[0]
      size = 0
      MAX_ARRAY_SIZE = 2147483639
      modCount = 1
      MAX_ARRAY_SIZE = 2147483639
    servletRequestListeners = class java.util.ArrayList@48061fba
      serialVersionUID = 8683452581122892189
      DEFAULT_CAPACITY = 10
      EMPTY_ELEMENTDATA = class java.lang.Object[0]
      DEFAULTCAPACITY_EMPTY_ELEMENTDATA = class java.lang.Object[0]
      elementData = class java.lang.Object[10]
      size = 2
      MAX_ARRAY_SIZE = 2147483639
      modCount = 3
      MAX_ARRAY_SIZE = 2147483639
    servletRequestLAttrListeners = class java.util.ArrayList@92d642b
      serialVersionUID = 8683452581122892189
      DEFAULT_CAPACITY = 10
      EMPTY_ELEMENTDATA = class java.lang.Object[0]
      DEFAULTCAPACITY_EMPTY_ELEMENTDATA = class java.lang.Object[0]
      elementData = class java.lang.Object[0]
      size = 0
      MAX_ARRAY_SIZE = 2147483639
      modCount = 1
      MAX_ARRAY_SIZE = 2147483639
    prependSlashToResource = false
    destroyed = false
    webAppNameSpaceCollab = class com.ibm.ws.webcontainer.osgi.collaborator.WebAppNameSpaceCollaboratorImpl@16d44f5b
    txCollab = class com.ibm.ws.transaction.services.WebAppTransactionCollaboratorImpl@4bac77
    sessionActivationListeners = class java.util.ArrayList@2fe795e
      serialVersionUID = 8683452581122892189
      DEFAULT_CAPACITY = 10
      EMPTY_ELEMENTDATA = class java.lang.Object[0]
      DEFAULTCAPACITY_EMPTY_ELEMENTDATA = class java.lang.Object[0]
      elementData = class java.lang.Object[0]
      size = 0
      MAX_ARRAY_SIZE = 2147483639
      modCount = 1
      MAX_ARRAY_SIZE = 2147483639
    sessionBindingListeners = class java.util.ArrayList@4c43daea
      serialVersionUID = 8683452581122892189
      DEFAULT_CAPACITY = 10
      EMPTY_ELEMENTDATA = class java.lang.Object[0]
      DEFAULTCAPACITY_EMPTY_ELEMENTDATA = class java.lang.Object[0]
      elementData = class java.lang.Object[0]
      size = 0
      MAX_ARRAY_SIZE = 2147483639
      modCount = 1
      MAX_ARRAY_SIZE = 2147483639
    scratchdir = null
    jspClassLoaderLimit = 0
    jspClassLoaderExclusionList = null
    jspClassLoadersMap = null
    jspClassLoaderLimitTrackIF = false
    defaultExtProc = null
    directoryBrowsingServlet = null
    cdiContexts = class java.util.concurrent.ConcurrentHashMap@3440e717
      serialVersionUID = 7249069246763182397
      MAXIMUM_CAPACITY = 1073741824
      DEFAULT_CAPACITY = 16
      MAX_ARRAY_SIZE = 2147483639
      DEFAULT_CONCURRENCY_LEVEL = 16
      LOAD_FACTOR = 0.75
      TREEIFY_THRESHOLD = 8
      UNTREEIFY_THRESHOLD = 6
      MIN_TREEIFY_CAPACITY = 64
      MIN_TRANSFER_STRIDE = 16
      RESIZE_STAMP_BITS = 16
      MAX_RESIZERS = 65535
      RESIZE_STAMP_SHIFT = 16
      MOVED = -1
      TREEBIN = -2
      RESERVED = -3
      HASH_BITS = 2147483647
      NCPU = 8
      serialPersistentFields = class java.io.ObjectStreamField[3]
      table = null
      nextTable = null
      baseCount = 0
      sizeCtl = 0
      transferIndex = 0
      cellsBusy = 0
      counterCells = null
      keySet = null
      values = null
      entrySet = null
      U = class sun.misc.Unsafe@3110917a
      SIZECTL = 20
      TRANSFERINDEX = 32
      BASECOUNT = 24
      CELLSBUSY = 36
      CELLVALUE = 144
      ABASE = 16
      ASHIFT = 2
      keySet = null
      values = null
    moduleConfig = class com.ibm.ws.webcontainer.osgi.container.DeployedModule@56aec188
      tc = class com.ibm.websphere.ras.TraceComponent@5c853233
      loader = class com.ibm.ws.classloading.internal.ThreadContextClassLoader@3875d716
      webApp = class com.ibm.ws.webcontainer40.osgi.webapp.WebApp40@6fb345a7
      webAppConfig = class com.ibm.ws.webcontainer.osgi.webapp.WebAppConfiguration@4f5f97c0
      contextRootAdded = class com.ibm.ws.threading.internal.NonCancelableResultFuture@3e833777
      properContextRoot = "/"
      mappingContextRoot = "/*"
      initTaskCount = class java.util.concurrent.atomic.AtomicInteger@408d5398
      initTasksDoneListener = class com.ibm.ws.webcontainer.osgi.WebContainer$2@4aff2888
      serialVersionUID = -2104814060051592457
      $$$tc$$$ = class com.ibm.websphere.ras.TraceComponent@56035a95
    extensionFactories = class java.util.ArrayList@5ae553f4
      serialVersionUID = 8683452581122892189
      DEFAULT_CAPACITY = 10
      EMPTY_ELEMENTDATA = class java.lang.Object[0]
      DEFAULTCAPACITY_EMPTY_ELEMENTDATA = class java.lang.Object[0]
      elementData = class java.lang.Object[10]
      size = 1
      MAX_ARRAY_SIZE = 2147483639
      modCount = 1
      MAX_ARRAY_SIZE = 2147483639
    initialized = true
    lock = class com.ibm.ws.webcontainer.webapp.WebApp$1@276b768a
      this$0 = class com.ibm.ws.webcontainer40.osgi.webapp.WebApp40@6fb345a7
    afterServletContextCreated = false
    redirectContextRoot = false
    errorExceptionTypeFirst = false
    initFilterBeforeServletInit = false
    SET_400_SC_ON_TOO_MANY_PARENT_DIRS = false
    sortedServletConfigs = class java.util.ArrayList@75ad7c07
      serialVersionUID = 8683452581122892189
      DEFAULT_CAPACITY = 10
      EMPTY_ELEMENTDATA = class java.lang.Object[0]
      DEFAULTCAPACITY_EMPTY_ELEMENTDATA = class java.lang.Object[0]
      elementData = class java.lang.Object[10]
      size = 1
      MAX_ARRAY_SIZE = 2147483639
      modCount = 1
      MAX_ARRAY_SIZE = 2147483639
    effectiveMajorVersion = 3
    effectiveMinorVersion = 1
    canAddServletContextListener = true
    withinContextInitOfProgAddListener = false
    lastProgAddListenerInitialized = "org.jboss.weld.module.web.servlet.WeldInitialListener"
    webInfLibClassloader = null
    metaInfCache = class com.ibm.ws.webcontainer.webapp.WebApp$2@466645fa
      this$0 = class com.ibm.ws.webcontainer40.osgi.webapp.WebApp40@6fb345a7
      serialVersionUID = 3801124242820219131
      head = null
      tail = null
      accessOrder = true
      serialVersionUID = 362498820763181265
      DEFAULT_INITIAL_CAPACITY = 16
      MAXIMUM_CAPACITY = 1073741824
      DEFAULT_LOAD_FACTOR = 0.75
      TREEIFY_THRESHOLD = 8
      UNTREEIFY_THRESHOLD = 6
      MIN_TREEIFY_CAPACITY = 64
      table = null
      entrySet = null
      size = 0
      modCount = 0
      threshold = 32
      loadFactor = 1.0
      keySet = null
      values = null
    useMetaInfCache = true
    SUN_CONFIGURE_LISTENER_CLASSNAME = "com.sun.faces.config.ConfigureListener"
    MYFACES_LIFECYCLE_LISTENER_CLASSNAME = "org.apache.myfaces.webapp.StartupServletContextListener"
    JSF_IMPL_ENABLED_PARAM = "com.ibm.ws.jsf.JSF_IMPL_ENABLED"
    JSF_IMPL_ENABLED_CUSTOM = "Custom"
    JSF_IMPL_ENABLED_NONE = "None"
    staticDocRoot = class com.ibm.ws.webcontainer.util.DocumentRootUtils@66e46e3f
      logger = class com.ibm.ws.logging.internal.WsLogger@5547a1fa
      CLASS_NAME = "com.ibm.ws.webcontainer.util.DocumentRootUtils"
      useContentLength = false
      matchedFile = null
      matchedZipFile = null
      matchedEntry = null
      matchedURL = null
      edrRoot = null
      pfedrRoot = null
      ctxt = class com.ibm.ws.webcontainer40.osgi.webapp.WebApp40@6fb345a7
      baseDir = null
      edr = null
      pfedr = null
      metaInfRes = null
      searchpfEDR = true
      searchEDR = true
      searchMetaInfRes = true
      matchFromEDR = false
      matchFromMetaInfRes = false
      matchIsADirectory = false
      appConfig = class com.ibm.ws.webcontainer.osgi.webapp.WebAppConfiguration@4f5f97c0
      attributeType = "staticFile"
      STATIC_FILE = "staticFile"
      JSP = "jsp"
      PFEDR = "preFragmentExtendedDocumentRoot"
      EDR = "extendedDocumentRoot"
    jspDocRoot = class com.ibm.ws.webcontainer.util.DocumentRootUtils@1ac79b4f
      logger = class com.ibm.ws.logging.internal.WsLogger@5547a1fa
      CLASS_NAME = "com.ibm.ws.webcontainer.util.DocumentRootUtils"
      useContentLength = false
      matchedFile = null
      matchedZipFile = null
      matchedEntry = null
      matchedURL = null
      edrRoot = null
      pfedrRoot = null
      ctxt = class com.ibm.ws.webcontainer40.osgi.webapp.WebApp40@6fb345a7
      baseDir = null
      edr = null
      pfedr = null
      metaInfRes = null
      searchpfEDR = true
      searchEDR = true
      searchMetaInfRes = true
      matchFromEDR = false
      matchFromMetaInfRes = false
      matchIsADirectory = false
      appConfig = class com.ibm.ws.webcontainer.osgi.webapp.WebAppConfiguration@4f5f97c0
      attributeType = "jsp"
      STATIC_FILE = "staticFile"
      JSP = "jsp"
      PFEDR = "preFragmentExtendedDocumentRoot"
      EDR = "extendedDocumentRoot"
    container = class com.ibm.ws.adaptable.module.internal.AdaptableContainerImpl@3c623c60
      root = class com.ibm.ws.adaptable.module.internal.AdaptableContainerImpl@3c623c60
      rootOverlay = class com.ibm.ws.artifact.overlay.internal.DirectoryBasedOverlayContainerImpl@16802b4
      factoryHolder = class com.ibm.ws.adaptable.module.internal.AdaptableModuleFactoryImpl@235c21b6
      delegate = class com.ibm.ws.artifact.overlay.internal.DirectoryBasedOverlayContainerImpl@16802b4
      notifier = class com.ibm.ws.adaptable.module.internal.NotifierImpl@6c780a8c
      serialVersionUID = -5950528200509051684
      $$$tc$$$ = class com.ibm.websphere.ras.TraceComponent@8379a6c
    metaInfResourceFinder = class com.ibm.ws.webcontainer.util.MetaInfResourceFinder@4148154
      jarResourceContainers = class java.util.ArrayList@4a95dea9
      container = class com.ibm.ws.adaptable.module.internal.AdaptableContainerImpl@3c623c60
    postConstructMethods = class com.ibm.ws.webcontainer.webapp.WebApp$AnnotatedMethods@70295db9
      annotationClass = class java.lang.Class@2e456e2a
      noOpClassNames = class java.util.HashSet@53f45960
      annotatedMethodNames = class java.util.concurrent.ConcurrentHashMap@4161cb1
      EMPTY_METHODS = class java.lang.reflect.Method[0]
    preDestroyMethods = class com.ibm.ws.webcontainer.webapp.WebApp$AnnotatedMethods@35f95015
      annotationClass = class java.lang.Class@20fccec4
      noOpClassNames = class java.util.HashSet@3f865ab6
      annotatedMethodNames = class java.util.concurrent.ConcurrentHashMap@6f7243b6
      EMPTY_METHODS = class java.lang.reflect.Method[0]
    OBJ_EMPTY = class java.lang.Object[0]
    CLASS_EMPTY = class java.lang.Class[0]
    DEFAULT_JSP_EXTENSIONS = class java.util.ArrayList@77124807
      serialVersionUID = 8683452581122892189
      DEFAULT_CAPACITY = 10
      EMPTY_ELEMENTDATA = class java.lang.Object[0]
      DEFAULTCAPACITY_EMPTY_ELEMENTDATA = class java.lang.Object[0]
      elementData = class java.lang.Object[10]
      size = 4
      MAX_ARRAY_SIZE = 2147483639
      modCount = 4
      MAX_ARRAY_SIZE = 2147483639
    DEFER_SERVLET_REQUEST_LISTENER_DESTROY_ON_ERROR = false
    DO_ACCEPT_PARTIAL = true
    DO_NOT_ACCEPT_PARTIAL = false
    DO_ACCEPT_EXCLUDED = true
    DO_NOT_ACCEPT_EXCLUDED = false
    commands = class java.util.ArrayList@1342a806
      serialVersionUID = 8683452581122892189
      DEFAULT_CAPACITY = 10
      EMPTY_ELEMENTDATA = class java.lang.Object[0]
      DEFAULTCAPACITY_EMPTY_ELEMENTDATA = class java.lang.Object[0]
      elementData = class java.lang.Object[3]
      size = 0
      MAX_ARRAY_SIZE = 2147483639
      modCount = 0
      MAX_ARRAY_SIZE = 2147483639
    requestMapper = class com.ibm.wsspi.webcontainer.util.URIMapper@33fc851b
      matcher = class com.ibm.wsspi.webcontainer40.util.URIMatcher40@3c9a41fa
    parent = class com.ibm.ws.webcontainer.osgi.webapp.WebGroup@902d248
      tc = class com.ibm.websphere.ras.TraceComponent@2791f702
      logger = class com.ibm.ws.logging.internal.WsLogger@58665c11
      CLASS_NAME = "com.ibm.ws.webcontainer.webapp.WebGroup"
      sessUrlRewritePrefix = ";jsessionid="
      qMark = "?"
      config = class com.ibm.ws.webcontainer.osgi.webapp.WebGroupConfiguration@4802b6e0
      webApp = class com.ibm.ws.webcontainer40.osgi.webapp.WebApp40@6fb345a7
      commands = class java.util.ArrayList@68abe7e
      requestMapper = null
      parent = class com.ibm.ws.webcontainer.osgi.DynamicVirtualHost@409f2425
      name = "/*"
      isAlive = true
      subElements = class java.util.HashMap@620e4890
      attributes = null
      config = null
      serialVersionUID = -8271459000149267764
      $$$tc$$$ = class com.ibm.websphere.ras.TraceComponent@6fd413a9
    name = "FlightLogix"
    isAlive = true
    subElements = null
    attributes = class java.util.concurrent.ConcurrentHashMap@76845285
      serialVersionUID = 7249069246763182397
      MAXIMUM_CAPACITY = 1073741824
      DEFAULT_CAPACITY = 16
      MAX_ARRAY_SIZE = 2147483639
      DEFAULT_CONCURRENCY_LEVEL = 16
      LOAD_FACTOR = 0.75
      TREEIFY_THRESHOLD = 8
      UNTREEIFY_THRESHOLD = 6
      MIN_TREEIFY_CAPACITY = 64
      MIN_TRANSFER_STRIDE = 16
      RESIZE_STAMP_BITS = 16
      MAX_RESIZERS = 65535
      RESIZE_STAMP_SHIFT = 16
      MOVED = -1
      TREEBIN = -2
      RESERVED = -3
      HASH_BITS = 2147483647
      NCPU = 8
      serialPersistentFields = class java.io.ObjectStreamField[3]
      table = class java.util.concurrent.ConcurrentHashMap$Node[32]
      nextTable = null
      baseCount = 13
      sizeCtl = 24
      transferIndex = 0
      cellsBusy = 0
      counterCells = null
      keySet = null
      values = null
      entrySet = null
      U = class sun.misc.Unsafe@3110917a
      SIZECTL = 20
      TRANSFERINDEX = 32
      BASECOUNT = 24
      CELLSBUSY = 36
      CELLVALUE = 144
      ABASE = 16
      ASHIFT = 2
      keySet = null
      values = null
    config = null
    serialVersionUID = -8271459000149267764
    $$$tc$$$ = class com.ibm.websphere.ras.TraceComponent@6fd413a9
      strings[0] = "TraceComponent[com.ibm.ws.container.AbstractContainer,class com.ibm.ws.container.AbstractContainer,[],null,null]"
  collabHelper = class com.ibm.ws.webcontainer.osgi.collaborator.CollaboratorHelperImpl@2ea5b7aa
    webAppInvCollabs = class java.util.Collections$UnmodifiableSet@6f1c5375
      serialVersionUID = -9215047833775013803
      serialVersionUID = 1820017752578914078
      c = class java.util.concurrent.CopyOnWriteArraySet@69139718
    securityDomainForApp = null
    logger = class com.ibm.ws.logging.internal.WsLogger@5d228460
      ivCachedResourceBundleName = null
      ivCachedResourceBundle = null
      ivComponent = null
      ivOrganization = null
      ivProduct = null
      ivMinimumLocalizationLevelIntValue = 625
      ivTC = class com.ibm.websphere.ras.TraceComponent@5a597081
      loggerRegistrationComponent = class java.lang.ThreadLocal@6f184d56
      emptyHandlers = class java.util.logging.Handler[0]
      offValue = 2147483647
      SYSTEM_LOGGER_RB_NAME = "sun.util.logging.resources.logging"
      SYSTEM_BUNDLE = class java.util.logging.Logger$LoggerBundle@252812aa
      NO_RESOURCE_BUNDLE = class java.util.logging.Logger$LoggerBundle@479e7194
      manager = class com.ibm.ws.kernel.boot.logging.WsLogManager@38dad225
      name = "com.ibm.ws.webcontainer.collaborator"
      handlers = class java.util.concurrent.CopyOnWriteArrayList@552e522a
      loggerBundle = class java.util.logging.Logger$LoggerBundle@7a503b6d
      useParentHandlers = true
      filter = null
      anonymous = false
      catalog = class com.ibm.ws.webcontainer.resources.Messages@447b6a93
      catalogName = "com.ibm.ws.webcontainer.resources.Messages"
      catalogLocale = class java.util.Locale@2a5ec3c3
      treeLock = class java.lang.Object@1530e5ff
      parent = class com.ibm.ws.logging.internal.WsLogger@84ecb5b
      kids = null
      levelObject = class java.util.logging.Level@177e0733
      levelValue = 800
      callersClassLoaderRef = class java.lang.ref.WeakReference@57d70911
      isSystemLogger = false
      GLOBAL_LOGGER_NAME = "global"
      global = class java.util.logging.Logger@40255573
      $assertionsDisabled = true
    staticDefaultSecurityCollaborator = class com.ibm.ws.webcontainer.collaborator.WebAppSecurityCollaborator@13204cb4
    logger = class com.ibm.ws.logging.internal.WsLogger@5b0b34b6
      ivCachedResourceBundleName = null
      ivCachedResourceBundle = null
      ivComponent = null
      ivOrganization = null
      ivProduct = null
      ivMinimumLocalizationLevelIntValue = 625
      ivTC = class com.ibm.websphere.ras.TraceComponent@7db11b3e
      loggerRegistrationComponent = class java.lang.ThreadLocal@6f184d56
      emptyHandlers = class java.util.logging.Handler[0]
      offValue = 2147483647
      SYSTEM_LOGGER_RB_NAME = "sun.util.logging.resources.logging"
      SYSTEM_BUNDLE = class java.util.logging.Logger$LoggerBundle@252812aa
      NO_RESOURCE_BUNDLE = class java.util.logging.Logger$LoggerBundle@479e7194
      manager = class com.ibm.ws.kernel.boot.logging.WsLogManager@38dad225
      name = "com.ibm.wsspi.webcontainer.collaborator"
      handlers = class java.util.concurrent.CopyOnWriteArrayList@7aa30edc
      loggerBundle = class java.util.logging.Logger$LoggerBundle@5df2a0e4
      useParentHandlers = true
      filter = null
      anonymous = false
      catalog = class com.ibm.ws.webcontainer.resources.Messages@447b6a93
      catalogName = "com.ibm.ws.webcontainer.resources.Messages"
      catalogLocale = class java.util.Locale@2a5ec3c3
      treeLock = class java.lang.Object@1530e5ff
      parent = class com.ibm.ws.logging.internal.WsLogger@3ec25f2
      kids = null
      levelObject = class java.util.logging.Level@177e0733
      levelValue = 800
      callersClassLoaderRef = class java.lang.ref.WeakReference@3d94d96c
      isSystemLogger = false
      GLOBAL_LOGGER_NAME = "global"
      global = class java.util.logging.Logger@40255573
      $assertionsDisabled = true
    CLASS_NAME = "com.ibm.wsspi.webcontainer.collaborator.CollaboratorHelper"
    webApp = class com.ibm.ws.webcontainer40.osgi.webapp.WebApp40@6fb345a7
    securityCollaborator = class com.ibm.ws.webcontainer.collaborator.WebAppSecurityCollaborator@13204cb4
    nameSpaceCollaborator = class com.ibm.ws.webcontainer.osgi.collaborator.WebAppNameSpaceCollaboratorImpl@16d44f5b
      cmdai = class com.ibm.ws.threadContext.ComponentMetaDataAccessorImpl@6d761835
    transactionCollaborator = class com.ibm.ws.transaction.services.WebAppTransactionCollaboratorImpl@4bac77
      tc = class com.ibm.websphere.ras.TraceComponent@105484f5
      ltCurrentRef = class com.ibm.wsspi.kernel.service.utils.AtomicServiceReference@3db3c93a
      tranMgrRef = class com.ibm.wsspi.kernel.service.utils.AtomicServiceReference@3a044121
      userTranRef = class com.ibm.wsspi.kernel.service.utils.AtomicServiceReference@6c671d4a
      uowCallbackRef = class com.ibm.wsspi.kernel.service.utils.AtomicServiceReference@1c164245
      serialVersionUID = -8319003162899973281
    connectionCollaborator = class com.ibm.ws.webcontainer.collaborator.ConnectionHandleCollaborator@fb7bc16
      tc = class com.ibm.websphere.ras.TraceComponent@736b5624
      threadContext = class com.ibm.ws.threadContext.ThreadContextImpl@18d29a95
    allCollabEnum = class java.util.RegularEnumSet@51348d5
      serialVersionUID = 3411599620347842686
      elements = 511
      elementType = class java.lang.Class@6b736800
      universe = class com.ibm.wsspi.webcontainer.collaborator.CollaboratorInvocationEnum[9]
      ZERO_LENGTH_ENUM_ARRAY = class java.lang.Enum[0]
      MAX_ARRAY_SIZE = 2147483639
    servlet_23_or_greater = true
    DEFER_SERVLET_REQUEST_LISTENER_DESTROY_ON_ERROR = false
  secCollab = class com.ibm.ws.webcontainer.collaborator.WebAppSecurityCollaborator@13204cb4
  sessionSecurityIntegrationEnabled = true
  assumeFilterSuccessOnSecurityError = false
  useOriginalRequestState = false
  _evtSource = class com.ibm.ws.webcontainer.webapp.WebAppEventSource@43f593b2
    _invocationListeners = class com.ibm.ws.webcontainer.util.EventListeners@1452b308
      EMPTY_LISTENERS = interface java.util.EventListener[0]
      logger = class com.ibm.ws.logging.internal.WsLogger@5547a1fa
      CLASS_NAME = "com.ibm.ws.webcontainer.util.EventListeners"
      listeners = interface java.util.EventListener[0]
    _servletListeners = class com.ibm.ws.webcontainer.util.EventListeners@3e885055
      EMPTY_LISTENERS = interface java.util.EventListener[0]
      logger = class com.ibm.ws.logging.internal.WsLogger@5547a1fa
      CLASS_NAME = "com.ibm.ws.webcontainer.util.EventListeners"
      listeners = interface java.util.EventListener[0]
    _errorListeners = class com.ibm.ws.webcontainer.util.EventListeners@4087b79d
      EMPTY_LISTENERS = interface java.util.EventListener[0]
      logger = class com.ibm.ws.logging.internal.WsLogger@5547a1fa
      CLASS_NAME = "com.ibm.ws.webcontainer.util.EventListeners"
      listeners = interface java.util.EventListener[0]
    _applicationListeners = class com.ibm.ws.webcontainer.util.EventListeners@4ebdf8d1
      EMPTY_LISTENERS = interface java.util.EventListener[0]
      logger = class com.ibm.ws.logging.internal.WsLogger@5547a1fa
      CLASS_NAME = "com.ibm.ws.webcontainer.util.EventListeners"
      listeners = interface java.util.EventListener[0]
    _filterInvocationListeners = class com.ibm.ws.webcontainer.util.EventListeners@4ff6d8fd
      EMPTY_LISTENERS = interface java.util.EventListener[0]
      logger = class com.ibm.ws.logging.internal.WsLogger@5547a1fa
      CLASS_NAME = "com.ibm.ws.webcontainer.util.EventListeners"
      listeners = interface java.util.EventListener[0]
    _filterListeners = class com.ibm.ws.webcontainer.util.EventListeners@338023ae
      EMPTY_LISTENERS = interface java.util.EventListener[0]
      logger = class com.ibm.ws.logging.internal.WsLogger@5547a1fa
      CLASS_NAME = "com.ibm.ws.webcontainer.util.EventListeners"
      listeners = interface java.util.EventListener[0]
    _filterErrorListeners = class com.ibm.ws.webcontainer.util.EventListeners@4e46411c
      EMPTY_LISTENERS = interface java.util.EventListener[0]
      logger = class com.ibm.ws.logging.internal.WsLogger@5547a1fa
      CLASS_NAME = "com.ibm.ws.webcontainer.util.EventListeners"
      listeners = interface java.util.EventListener[0]
  defaultComponentMetaData = class com.ibm.ws.webcontainer.osgi.metadata.WebComponentMetaDataImpl@6b37beb6
    j2eeName = class com.ibm.ws.container.service.metadata.internal.J2EENameImpl@5865d587
      serialVersionUID = 7488184044073147667
      application = "FlightLogix"
      module = "FlightLogix.war"
      component = null
      string = "FlightLogix#FlightLogix.war"
      j2eeNameBytes = null
      $$$tc$$$ = class com.ibm.websphere.ras.TraceComponent@25cede0
    webModuleMetaData = class com.ibm.ws.webcontainer.osgi.metadata.WebModuleMetaDataImpl@5bfe21c6
      applicationMetaData = class com.ibm.ws.container.service.app.deploy.internal.ApplicationMetaDataImpl@6d3fe682
      j2eeName = class com.ibm.ws.container.service.metadata.internal.J2EENameImpl@5865d587
      wccmd = class com.ibm.ws.webcontainer.osgi.metadata.WebCollaboratorComponentMetaDataImpl@4704792e
      securityMetaData = null
      annotatedSecurityMetaData = null
      webAppConfig = class com.ibm.ws.webcontainer.osgi.webapp.WebAppConfiguration@4f5f97c0
      _isServlet23OrHigher = false
      jspComponentMetaData = null
      sessionCookieNameInUse = null
      mBeanServiceReg = null
      tc = class com.ibm.websphere.ras.TraceComponent@6edc6049
      NUM_STATIC_SLOTS = 4
      ID_UNINITIALIZED = -1
      id = 0
      metaDataInterface = class java.lang.Class@7ef9d402
      staticSlots = class java.lang.Object[4]
      dynamicSlots = null
    mBeanServiceReg = null
    tc = class com.ibm.websphere.ras.TraceComponent@6edc6049
      strings[0] = "TraceComponent[com.ibm.ws.runtime.metadata.MetaDataImpl,class com.ibm.ws.runtime.metadata.MetaDataImpl,[Runtime],null,null]"
    NUM_STATIC_SLOTS = 4
    ID_UNINITIALIZED = -1
    id = 1
    metaDataInterface = class java.lang.Class@2dd510af
      ANNOTATION = 8192
      ENUM = 16384
      SYNTHETIC = 4096
      cachedConstructor = null
      newInstanceCallerCache = null
      name = null
      allPermDomain = class java.security.ProtectionDomain@2818aa30
      useCaches = true
      reflectionData = null
      classRedefinedCount = 0
      genericInfo = null
      serialVersionUID = 3206093459760846163
      serialPersistentFields = class java.io.ObjectStreamField[0]
      reflectionFactory = class sun.reflect.ReflectionFactory@39c67fe3
      initted = true
      enumConstants = null
      enumConstantDirectory = null
      annotationData = null
      annotationType = null
      classValueMap = null
    staticSlots = class java.lang.Object[4]
      Object[0] = null
      Object[1] = null
      Object[2] = null
      Object[3] = null
    dynamicSlots = null
  DEFER_SERVLET_REQUEST_LISTENER_DESTROY_ON_ERROR = false

