------Start of DE processing------ = [4/2/21 22:03:32:945 EDT]
Exception = com.ibm.ws.rsadapter.exceptions.DataStoreAdapterException
Source = com.ibm.ejs.j2c.MCWrapper.cleanup
probeid = 706
Stack Dump = com.ibm.ws.rsadapter.exceptions.DataStoreAdapterException: DSRA0080E: An exception was received by the Data Store Adapter. See original exception message: {0}. with SQL State : 08003 SQL Code : 0
	at com.ibm.ws.rsadapter.impl.WSRdbManagedConnectionImpl.cleanupTransactions(WSRdbManagedConnectionImpl.java:3242)
	at com.ibm.ws.rsadapter.impl.WSRdbManagedConnectionImpl.cleanup(WSRdbManagedConnectionImpl.java:2771)
	at com.ibm.ejs.j2c.MCWrapper.cleanup(MCWrapper.java:1547)
	at com.ibm.ejs.j2c.FreePool.cleanupAndDestroyMCWrapper(FreePool.java:459)
	at com.ibm.ejs.j2c.FreePool.returnToFreePool(FreePool.java:273)
	at com.ibm.ejs.j2c.PoolManager.release(PoolManager.java:924)
	at com.ibm.ejs.j2c.MCWrapper.releaseToPoolManager(MCWrapper.java:2133)
	at com.ibm.ejs.j2c.LocalTransactionWrapper.afterCompletion(LocalTransactionWrapper.java:958)
	at com.ibm.tx.jta.impl.RegisteredSyncs.coreDistributeAfter(RegisteredSyncs.java:315)
	at com.ibm.tx.jta.impl.RegisteredSyncs.distributeAfter(RegisteredSyncs.java:290)
	at com.ibm.tx.jta.embeddable.impl.EmbeddableTransactionImpl.distributeAfter(EmbeddableTransactionImpl.java:314)
	at com.ibm.tx.jta.impl.TransactionImpl.postCompletion(TransactionImpl.java:2553)
	at com.ibm.tx.jta.impl.TransactionImpl.internalRollback(TransactionImpl.java:1646)
	at com.ibm.tx.jta.impl.TransactionImpl.internalRollback(TransactionImpl.java:1597)
	at com.ibm.tx.jta.impl.TransactionImpl.rollback(TransactionImpl.java:1065)
	at com.ibm.tx.jta.impl.TranManagerImpl.rollback(TranManagerImpl.java:195)
	at com.ibm.tx.jta.impl.TranManagerSet.rollback(TranManagerSet.java:138)
	at com.ibm.ws.uow.embeddable.EmbeddableUOWManagerImpl.uowRollback(EmbeddableUOWManagerImpl.java:856)
	at com.ibm.ws.uow.embeddable.EmbeddableUOWManagerImpl.uowEnd(EmbeddableUOWManagerImpl.java:792)
	at com.ibm.ws.uow.embeddable.EmbeddableUOWManagerImpl.runUnderNewUOW(EmbeddableUOWManagerImpl.java:1043)
	at com.ibm.ws.uow.embeddable.EmbeddableUOWManagerImpl.runUnderUOW(EmbeddableUOWManagerImpl.java:1013)
	at com.ibm.tx.jta.cdi.interceptors.TransactionalInterceptor.runUnderUOWManagingEnablement(TransactionalInterceptor.java:151)
	at com.ibm.tx.jta.cdi.interceptors.Required.required(Required.java:40)
	at sun.reflect.GeneratedMethodAccessor522.invoke(Unknown Source)
	at java.lang.reflect.Method.invoke(Method.java:498)
	at org.jboss.weld.interceptor.reader.SimpleInterceptorInvocation$SimpleMethodInvocation.invoke(SimpleInterceptorInvocation.java:73)
	at org.jboss.weld.interceptor.proxy.InterceptorMethodHandler.executeAroundInvoke(InterceptorMethodHandler.java:84)
	at org.jboss.weld.interceptor.proxy.InterceptorMethodHandler.executeInterception(InterceptorMethodHandler.java:72)
	at org.jboss.weld.interceptor.proxy.InterceptorMethodHandler.invoke(InterceptorMethodHandler.java:56)
	at org.jboss.weld.bean.proxy.CombinedInterceptorAndDecoratorStackMethodHandler.invoke(CombinedInterceptorAndDecoratorStackMethodHandler.java:79)
	at org.jboss.weld.bean.proxy.CombinedInterceptorAndDecoratorStackMethodHandler.invoke(CombinedInterceptorAndDecoratorStackMethodHandler.java:68)
	at com.FlightLogix.Service.User.UserResource$Proxy$_$$_WeldSubclass.registerUser(Unknown Source)
	at com.FlightLogix.Service.User.UserResource$Proxy$_$$_WeldClientProxy.registerUser(Unknown Source)
	at sun.reflect.GeneratedMethodAccessor548.invoke(Unknown Source)
	at java.lang.reflect.Method.invoke(Method.java:498)
	at com.ibm.ws.jaxrs20.cdi.component.JaxRsFactoryImplicitBeanCDICustomizer.serviceInvoke(JaxRsFactoryImplicitBeanCDICustomizer.java:342)
	at com.ibm.ws.jaxrs20.server.LibertyJaxRsServerFactoryBean.performInvocation(LibertyJaxRsServerFactoryBean.java:641)
	at com.ibm.ws.jaxrs20.server.LibertyJaxRsInvoker.performInvocation(LibertyJaxRsInvoker.java:160)
	at org.apache.cxf.service.invoker.AbstractInvoker.invoke(AbstractInvoker.java:101)
	at com.ibm.ws.jaxrs20.server.LibertyJaxRsInvoker.invoke(LibertyJaxRsInvoker.java:273)
	at org.apache.cxf.jaxrs.JAXRSInvoker.invoke(JAXRSInvoker.java:205)
	at com.ibm.ws.jaxrs20.server.LibertyJaxRsInvoker.invoke(LibertyJaxRsInvoker.java:444)
	at org.apache.cxf.jaxrs.JAXRSInvoker.invoke(JAXRSInvoker.java:111)
	at org.apache.cxf.interceptor.ServiceInvokerInterceptor$1.run(ServiceInvokerInterceptor.java:59)
	at org.apache.cxf.interceptor.ServiceInvokerInterceptor.handleMessage(ServiceInvokerInterceptor.java:96)
	at org.apache.cxf.phase.PhaseInterceptorChain.doIntercept(PhaseInterceptorChain.java:308)
	at org.apache.cxf.transport.ChainInitiationObserver.onMessage(ChainInitiationObserver.java:123)
	at org.apache.cxf.transport.http.AbstractHTTPDestination.invoke(AbstractHTTPDestination.java:275)
	at com.ibm.ws.jaxrs20.endpoint.AbstractJaxRsWebEndpoint.invoke(AbstractJaxRsWebEndpoint.java:137)
	at com.ibm.websphere.jaxrs.server.IBMRestServlet.handleRequest(IBMRestServlet.java:146)
	at com.ibm.websphere.jaxrs.server.IBMRestServlet.doPost(IBMRestServlet.java:104)
	at javax.servlet.http.HttpServlet.service(HttpServlet.java:706)
	at com.ibm.websphere.jaxrs.server.IBMRestServlet.service(IBMRestServlet.java:96)
	at com.ibm.ws.webcontainer.servlet.ServletWrapper.service(ServletWrapper.java:1257)
	at com.ibm.ws.webcontainer.servlet.ServletWrapper.handleRequest(ServletWrapper.java:745)
	at com.ibm.ws.webcontainer.servlet.ServletWrapper.handleRequest(ServletWrapper.java:442)
	at com.ibm.ws.webcontainer.filter.WebAppFilterManager.invokeFilters(WebAppFilterManager.java:1226)
	at com.ibm.ws.webcontainer.webapp.WebApp.handleRequest(WebApp.java:5057)
	at com.ibm.ws.webcontainer.osgi.DynamicVirtualHost$2.handleRequest(DynamicVirtualHost.java:314)
	at com.ibm.ws.webcontainer.WebContainer.handleRequest(WebContainer.java:1006)
	at com.ibm.ws.webcontainer.osgi.DynamicVirtualHost$2.run(DynamicVirtualHost.java:279)
	at com.ibm.ws.http.dispatcher.internal.channel.HttpDispatcherLink$TaskWrapper.run(HttpDispatcherLink.java:1146)
	at com.ibm.ws.http.dispatcher.internal.channel.HttpDispatcherLink.wrapHandlerAndExecute(HttpDispatcherLink.java:427)
	at com.ibm.ws.http.dispatcher.internal.channel.HttpDispatcherLink.ready(HttpDispatcherLink.java:386)
	at com.ibm.ws.http.channel.internal.inbound.HttpInboundLink.handleDiscrimination(HttpInboundLink.java:566)
	at com.ibm.ws.http.channel.internal.inbound.HttpInboundLink.handleNewRequest(HttpInboundLink.java:500)
	at com.ibm.ws.http.channel.internal.inbound.HttpInboundLink.processRequest(HttpInboundLink.java:360)
	at com.ibm.ws.http.channel.internal.inbound.HttpInboundLink.ready(HttpInboundLink.java:327)
	at com.ibm.ws.tcpchannel.internal.NewConnectionInitialReadCallback.sendToDiscriminators(NewConnectionInitialReadCallback.java:167)
	at com.ibm.ws.tcpchannel.internal.NewConnectionInitialReadCallback.complete(NewConnectionInitialReadCallback.java:75)
	at com.ibm.ws.tcpchannel.internal.WorkQueueManager.requestComplete(WorkQueueManager.java:504)
	at com.ibm.ws.tcpchannel.internal.WorkQueueManager.attemptIO(WorkQueueManager.java:574)
	at com.ibm.ws.tcpchannel.internal.WorkQueueManager.workerRun(WorkQueueManager.java:958)
	at com.ibm.ws.tcpchannel.internal.WorkQueueManager$Worker.run(WorkQueueManager.java:1047)
	at com.ibm.ws.threading.internal.ExecutorServiceImpl$RunnableWrapper.run(ExecutorServiceImpl.java:238)
	at java.util.concurrent.ThreadPoolExecutor.runWorker(ThreadPoolExecutor.java:1149)
	at java.util.concurrent.ThreadPoolExecutor$Worker.run(ThreadPoolExecutor.java:624)
	at java.lang.Thread.run(Thread.java:748)
Caused by: java.sql.SQLNonTransientException: No operations allowed after connection closed. DSRA0010E: SQL State = 08003, Error Code = 0
	at com.mysql.cj.jdbc.exceptions.SQLError.createSQLException(SQLError.java:110)
	at com.mysql.cj.jdbc.exceptions.SQLError.createSQLException(SQLError.java:97)
	at com.mysql.cj.jdbc.exceptions.SQLError.createSQLException(SQLError.java:89)
	at com.mysql.cj.jdbc.exceptions.SQLError.createSQLException(SQLError.java:63)
	at com.mysql.cj.jdbc.exceptions.SQLError.createSQLException(SQLError.java:73)
	at com.mysql.cj.jdbc.exceptions.SQLExceptionsMapping.translateException(SQLExceptionsMapping.java:73)
	at com.mysql.cj.jdbc.ConnectionImpl.rollback(ConnectionImpl.java:1862)
	at com.mysql.cj.jdbc.ConnectionWrapper.rollback(ConnectionWrapper.java:540)
	at com.ibm.ws.rsadapter.impl.WSRdbManagedConnectionImpl.cleanupTransactions(WSRdbManagedConnectionImpl.java:3234)
	... 77 more
Caused by: com.mysql.cj.exceptions.ConnectionIsClosedException: No operations allowed after connection closed.
	at sun.reflect.GeneratedConstructorAccessor1198.newInstance(Unknown Source)
	at java.lang.reflect.Constructor.newInstance(Constructor.java:423)
	at com.mysql.cj.exceptions.ExceptionFactory.createException(ExceptionFactory.java:61)
	at com.mysql.cj.exceptions.ExceptionFactory.createException(ExceptionFactory.java:105)
	at com.mysql.cj.exceptions.ExceptionFactory.createException(ExceptionFactory.java:151)
	at com.mysql.cj.NativeSession.checkClosed(NativeSession.java:1171)
	at com.mysql.cj.jdbc.ConnectionImpl.checkClosed(ConnectionImpl.java:573)
	at com.mysql.cj.jdbc.ConnectionImpl.rollback(ConnectionImpl.java:1816)
	... 79 more
Caused by: com.mysql.cj.exceptions.CJCommunicationsException: The last packet successfully received from the server was 391,556 milliseconds ago. The last packet sent successfully to the server was 391,670 milliseconds ago. is longer than the server configured value of 'wait_timeout'. You should consider either expiring and/or testing connection validity before use in your application, increasing the server configured values for client timeouts, or using the Connector/J connection property 'autoReconnect=true' to avoid this problem.
	at sun.reflect.GeneratedConstructorAccessor1194.newInstance(Unknown Source)
	at java.lang.reflect.Constructor.newInstance(Constructor.java:423)
	at com.mysql.cj.exceptions.ExceptionFactory.createException(ExceptionFactory.java:61)
	at com.mysql.cj.exceptions.ExceptionFactory.createException(ExceptionFactory.java:105)
	at com.mysql.cj.exceptions.ExceptionFactory.createException(ExceptionFactory.java:151)
	at com.mysql.cj.exceptions.ExceptionFactory.createCommunicationsException(ExceptionFactory.java:167)
	at com.mysql.cj.protocol.a.NativeProtocol.send(NativeProtocol.java:577)
	at com.mysql.cj.protocol.a.NativeProtocol.sendCommand(NativeProtocol.java:632)
	at com.mysql.cj.protocol.a.NativeProtocol.sendQueryPacket(NativeProtocol.java:948)
	at com.mysql.cj.protocol.a.NativeProtocol.sendQueryString(NativeProtocol.java:894)
	at com.mysql.cj.NativeSession.execSQL(NativeSession.java:1073)
	at com.mysql.cj.jdbc.ConnectionImpl.setSessionMaxRows(ConnectionImpl.java:2431)
	at com.mysql.cj.jdbc.ClientPreparedStatement.executeQuery(ClientPreparedStatement.java:1001)
	at com.mysql.cj.jdbc.PreparedStatementWrapper.executeQuery(PreparedStatementWrapper.java:581)
	at com.ibm.ws.rsadapter.jdbc.WSJdbcPreparedStatement.executeQuery(WSJdbcPreparedStatement.java:480)
	at org.eclipse.persistence.internal.databaseaccess.DatabaseAccessor.executeSelect(DatabaseAccessor.java:1015)
	at org.eclipse.persistence.internal.databaseaccess.DatabaseAccessor.basicExecuteCall(DatabaseAccessor.java:651)
	at org.eclipse.persistence.internal.databaseaccess.DatabaseAccessor.executeCall(DatabaseAccessor.java:567)
	at org.eclipse.persistence.internal.sessions.AbstractSession.basicExecuteCall(AbstractSession.java:2099)
	at org.eclipse.persistence.sessions.server.ServerSession.executeCall(ServerSession.java:603)
	at org.eclipse.persistence.internal.queries.DatasourceCallQueryMechanism.executeCall(DatasourceCallQueryMechanism.java:277)
	at org.eclipse.persistence.internal.queries.DatasourceCallQueryMechanism.executeCall(DatasourceCallQueryMechanism.java:263)
	at org.eclipse.persistence.internal.queries.DatasourceCallQueryMechanism.executeSelectCall(DatasourceCallQueryMechanism.java:334)
	at org.eclipse.persistence.internal.queries.DatasourceCallQueryMechanism.executeSelect(DatasourceCallQueryMechanism.java:316)
	at org.eclipse.persistence.queries.DataReadQuery.executeNonCursor(DataReadQuery.java:199)
	at org.eclipse.persistence.queries.DataReadQuery.executeDatabaseQuery(DataReadQuery.java:154)
	at org.eclipse.persistence.queries.DatabaseQuery.execute(DatabaseQuery.java:911)
	at org.eclipse.persistence.queries.DataReadQuery.execute(DataReadQuery.java:139)
	at org.eclipse.persistence.internal.sessions.AbstractSession.internalExecuteQuery(AbstractSession.java:3356)
	at org.eclipse.persistence.internal.sessions.AbstractSession.executeQuery(AbstractSession.java:1898)
	at org.eclipse.persistence.internal.sessions.AbstractSession.executeQuery(AbstractSession.java:1880)
	at org.eclipse.persistence.internal.sessions.AbstractSession.executeQuery(AbstractSession.java:1830)
	at org.eclipse.persistence.platform.database.MySQLPlatform.checkTableExists(MySQLPlatform.java:848)
	at org.eclipse.persistence.tools.schemaframework.SchemaManager.checkTableExists(SchemaManager.java:467)
	at org.eclipse.persistence.tools.schemaframework.SchemaManager.checkTableExists(SchemaManager.java:480)
	at org.eclipse.persistence.tools.schemaframework.TableCreator.createTables(TableCreator.java:169)
	at org.eclipse.persistence.tools.schemaframework.TableCreator.createTables(TableCreator.java:151)
	at org.eclipse.persistence.tools.schemaframework.TableCreator.createTables(TableCreator.java:143)
	at org.eclipse.persistence.tools.schemaframework.SchemaManager.createDefaultTables(SchemaManager.java:1030)
	at org.eclipse.persistence.internal.jpa.EntityManagerFactoryProvider.generateDefaultTables(EntityManagerFactoryProvider.java:110)
	at org.eclipse.persistence.internal.jpa.EntityManagerSetupImpl.writeDDLToDatabase(EntityManagerSetupImpl.java:4467)
	at org.eclipse.persistence.internal.jpa.EntityManagerSetupImpl.writeDDL(EntityManagerSetupImpl.java:4395)
	at org.eclipse.persistence.internal.jpa.EntityManagerSetupImpl.writeDDL(EntityManagerSetupImpl.java:4295)
	at org.eclipse.persistence.internal.jpa.EntityManagerSetupImpl.deploy(EntityManagerSetupImpl.java:819)
	at org.eclipse.persistence.internal.jpa.EntityManagerFactoryDelegate.getAbstractSession(EntityManagerFactoryDelegate.java:222)
	at org.eclipse.persistence.internal.jpa.EntityManagerFactoryDelegate.createEntityManagerImpl(EntityManagerFactoryDelegate.java:330)
	at org.eclipse.persistence.internal.jpa.EntityManagerFactoryImpl.createEntityManagerImpl(EntityManagerFactoryImpl.java:350)
	at org.eclipse.persistence.internal.jpa.EntityManagerFactoryImpl.createEntityManager(EntityManagerFactoryImpl.java:331)
	at com.ibm.ws.jpa.container.v22.internal.JPA22Runtime.createEntityManagerInstance(JPA22Runtime.java:110)
	at com.ibm.ws.jpa.management.JPAEMPool.getEntityManager(JPAEMPool.java:155)
	at com.ibm.ws.jpa.management.JPATxEntityManager.getEMInvocationInfo(JPATxEntityManager.java:254)
	at com.ibm.ws.jpa.management.JPATxEntityManager.getEMInvocationInfo(JPATxEntityManager.java:164)
	at com.ibm.ws.jpa.management.JPAEntityManager.persist(JPAEntityManager.java:149)
	at com.FlightLogix.Persistence.User.UserDAO.createUser(UserDAO.java:19)
	at com.FlightLogix.Persistence.User.UserDAO$Proxy$_$$_WeldClientProxy.createUser(Unknown Source)
	at com.FlightLogix.Service.User.UserResource.registerUser(UserResource.java:25)
	at com.FlightLogix.Service.User.UserResource$Proxy$_$$_WeldSubclass.registerUser$$super(Unknown Source)
	at sun.reflect.GeneratedMethodAccessor549.invoke(Unknown Source)
	at java.lang.reflect.Method.invoke(Method.java:498)
	at org.jboss.weld.interceptor.proxy.TerminalAroundInvokeInvocationContext.proceedInternal(TerminalAroundInvokeInvocationContext.java:51)
	at org.jboss.weld.interceptor.proxy.AroundInvokeInvocationContext.proceed(AroundInvokeInvocationContext.java:78)
	at com.ibm.tx.jta.cdi.interceptors.TransactionalInterceptor$1.run(TransactionalInterceptor.java:137)
	at com.ibm.ws.uow.embeddable.EmbeddableUOWManagerImpl.runUnderCurrentUOW(EmbeddableUOWManagerImpl.java:1077)
	at com.ibm.ws.uow.embeddable.EmbeddableUOWManagerImpl.runUnderNewUOW(EmbeddableUOWManagerImpl.java:1040)
	... 58 more
Caused by: java.net.SocketException: Connection reset by peer: socket write error
	at java.net.SocketOutputStream.socketWrite0(Native Method)
	at java.net.SocketOutputStream.socketWrite(SocketOutputStream.java:111)
	at java.net.SocketOutputStream.write(SocketOutputStream.java:155)
	at sun.security.ssl.SSLSocketOutputRecord.deliver(SSLSocketOutputRecord.java:341)
	at sun.security.ssl.SSLSocketImpl$AppOutputStream.write(SSLSocketImpl.java:1106)
	at java.io.BufferedOutputStream.flushBuffer(BufferedOutputStream.java:82)
	at java.io.BufferedOutputStream.flush(BufferedOutputStream.java:140)
	at com.mysql.cj.protocol.a.SimplePacketSender.send(SimplePacketSender.java:55)
	at com.mysql.cj.protocol.a.TimeTrackingPacketSender.send(TimeTrackingPacketSender.java:50)
	at com.mysql.cj.protocol.a.NativeProtocol.send(NativeProtocol.java:568)
	... 115 more

Dump of callerThis
Object type = com.ibm.ejs.j2c.MCWrapper
  isValidating = class java.lang.ThreadLocal@18849d3a
    threadLocalHashCode = -799284573
    nextHashCode = class java.util.concurrent.atomic.AtomicInteger@4fb8d492
      serialVersionUID = 6214790243416807050
      unsafe = class sun.misc.Unsafe@6a7412be
      valueOffset = 12
      value = 1077448784
      serialVersionUID = -8742448824652078965
    HASH_INCREMENT = 1640531527
  mcwHandleList = class java.util.HashMap@46ec04e
    serialVersionUID = 362498820763181265
    DEFAULT_INITIAL_CAPACITY = 16
    MAXIMUM_CAPACITY = 1073741824
    DEFAULT_LOAD_FACTOR = 0.75
    TREEIFY_THRESHOLD = 8
    UNTREEIFY_THRESHOLD = 6
    MIN_TREEIFY_CAPACITY = 64
    table = null
    entrySet = class java.util.HashMap$EntrySet@633422fe
      this$0 = class java.util.HashMap@46ec04e
      MAX_ARRAY_SIZE = 2147483639
    size = 0
    modCount = 0
    threshold = 0
    loadFactor = 0.75
    keySet = null
    values = null
  fatalErrorValue = 1
  connectionSynchronizationProvider = false
  _managedConnectionFactory = class com.ibm.ws.rsadapter.impl.WSManagedConnectionFactoryImpl@728f3945
    strings[0] = "_______________________________________________________________________"
    strings[1] = ""
    strings[2] = "    First Failure Data Capture information for"
    strings[3] = "          com.ibm.ws.rsadapter.impl.WSManagedConnectionFactoryImpl@728f3945"
    strings[4] = "_______________________________________________________________________"
    strings[5] = ""
    strings[6] = "com.ibm.ws.rsadapter.DSConfig@2b85b7cf"
    strings[7] = "[beginTranForResultSetScrollingAPIs, true, beginTranForVendorAPIs, true, commitOrRollbackOnCleanup, null, connectionSharing, MatchOriginalRequest, isolationLevel, -1, jndiName, jdbc/myDB, enableConnectionCasting, false, queryTimeout, null, statementCacheSize, 10, supplementalJDBCTrace, null, syncQueryTimeoutWithTransactionTimeout, false, transactional, true]"
    strings[8] = "{serverName=soen.mysql.database.azure.com, password=******, databaseName=db, user=username@soen, portNumber=3306}"
    strings[9] = "Vendor implementation class:"
    strings[10] = "  class com.mysql.cj.jdbc.MysqlConnectionPoolDataSource
"
    strings[11] = "Type:"
    strings[12] = "  interface javax.sql.ConnectionPoolDataSource
"
    strings[13] = "Underlying DataSource or Driver Object: com.mysql.cj.jdbc.MysqlConnectionPoolDataSource@64c5f98f"
    strings[14] = "  com.mysql.cj.jdbc.MysqlConnectionPoolDataSource@64c5f98f
"
    strings[15] = "Instance id:"
    strings[16] = "  2
"
    strings[17] = "Log Writer:"
    strings[18] = "  null
"
    strings[19] = "Counter of fatal connection errors on ManagedConnections created by this MCF:"
    strings[20] = "  1
"
  serialVersionUID = -861999777608926414
  mcConnectionCount = 1
  STATE_NEW = 0
  STATE_ACTIVE_FREE = 1
  STATE_ACTIVE_INUSE = 2
  STATE_TRAN_WRAPPER_INUSE = 3
  STATE_INACTIVE = 4
  state = 2
  STATESTRINGS = class java.lang.String[5]
    String[0] = "STATE_NEW"
    String[1] = "STATE_ACTIVE_FREE"
    String[2] = "STATE_ACTIVE_INUSE"
    String[3] = "STATE_TRAN_WRAPPER_INUSE"
    String[4] = "STATE_INACTIVE"
  NONE = 0
  XATXWRAPPER = 1
  LOCALTXWRAPPER = 2
  NOTXWRAPPER = 3
  RRSGLOBALTXWRAPPER = 4
  RRSLOCALTXWRAPPER = 5
  tranWrapperInUse = 2
  TRANWRAPPERSTRINGS = class java.lang.String[6]
    String[0] = "NONE"
    String[1] = "XATXWRAPPER"
    String[2] = "LOCALTXWRAPPER"
    String[3] = "NOTXWRAPPER"
    String[4] = "RRSGLOBALTXWRAPPER"
    String[5] = "RRSLOCALTXWRAPPER"
  mc = class com.ibm.ws.rsadapter.impl.WSRdbManagedConnectionImpl@9de523
    strings[0] = "_______________________________________________________________________"
    strings[1] = ""
    strings[2] = "    First Failure Data Capture information for"
    strings[3] = "          com.ibm.ws.rsadapter.impl.WSRdbManagedConnectionImpl@9de523"
    strings[4] = "_______________________________________________________________________"
    strings[5] = ""
    strings[6] = "ONE PHASE ENABLED
"
    strings[7] = "Connection sharing: "
    strings[8] = "  MatchOriginalRequest
"
    strings[9] = "Transaction State:"
    strings[10] = "  LOCAL_TRANSACTION_ACTIVE
"
    strings[11] = "Key:"
    strings[12] = "  [B@2cac7464
"
    strings[13] = "Log Writer:"
    strings[14] = "  null
"
    strings[15] = "Subject:"
    strings[16] = "  null
"
    strings[17] = "ManagedConnection:"
    strings[18] = "  WSRdbManagedConnectionImpl@9de523
"
    strings[19] = "Counter of fatal connection errors for the ManagedConnectionFactory as of the most recent getConnection on this ManagedConnection:"
    strings[20] = "  1
"
    strings[21] = "Default AutoCommit:"
    strings[22] = "  true
"
    strings[23] = "Current AutoCommit:"
    strings[24] = "  false
"
    strings[25] = "Current Isolation:"
    strings[26] = "  READ COMMITTED (2)
"
    strings[27] = "Isolation level has changed? :"
    strings[28] = "  false
"
    strings[29] = "Support isolation level switching: "
    strings[30] = "  false
"
    strings[31] = "The gssCredential is: 
"
    strings[32] = "null
"
    strings[33] = "The gssName is: 
"
    strings[34] = "null
"
    strings[35] = "Catalog, IsReadOnly, TypeMap, Schema, ShardingKey, SuperShardingKey, or NetworkTimeout has changed? :"
    strings[36] = "  false
"
    strings[37] = "Default Holdability:"
    strings[38] = "  DEFAULT CURSOR HOLDABILITY VALUE (0)
"
    strings[39] = "Current Holdability:"
    strings[40] = "  DEFAULT CURSOR HOLDABILITY VALUE (0)
"
    strings[41] = "Holdability value has changed? :"
    strings[42] = "  false
"
    strings[43] = "Thread ID:"
    strings[44] = "  null
"
    strings[45] = "Lazily enlisted in the current transaction? :"
    strings[46] = "  true
"
    strings[47] = "Underlying Connection Object: com.mysql.cj.jdbc.ConnectionWrapper@214f1388"
    strings[48] = "  com.mysql.cj.jdbc.ConnectionWrapper@214f1388
"
    strings[49] = "Underlying PooledConnection Object: com.mysql.cj.jdbc.MysqlPooledConnection@4b1f7d1"
    strings[50] = "  com.mysql.cj.jdbc.MysqlPooledConnection@4b1f7d1
"
    strings[51] = "SQLJ Default Context: null"
    strings[52] = "  null
"
    strings[53] = "Fatal connection error was detected? :"
    strings[54] = "  true
"
    strings[55] = "Currently cleaning up handles? :"
    strings[56] = "  false
"
    strings[57] = "Last ConnectionEvent sent for this ManagedConnection:
"
    strings[58] = "  com.ibm.ws.rsadapter.impl.WSConnectionEvent@fffb313"
    strings[59] = "  Connection Handle: com.ibm.ws.rsadapter.jdbc.v41.WSJdbc41Connection@750acbe3"
    strings[60] = "  Event ID: CONNECTION CLOSED (1)"
    strings[61] = "  Exception: null"
    strings[62] = ""
    strings[63] = "Connection Event Listeners:
"
    strings[64] = "  com.ibm.ejs.j2c.ConnectionEventListener@4280dfca"
    strings[65] = ""
    strings[66] = "Maximum Handle List Size: 15
"
    strings[67] = "Handle Count: 0
"
    strings[68] = "Handles:
"
    strings[69] = "  null"
    strings[70] = "  null"
    strings[71] = "  null"
    strings[72] = "  null"
    strings[73] = "  null"
    strings[74] = "  null"
    strings[75] = "  null"
    strings[76] = "  null"
    strings[77] = "  null"
    strings[78] = "  null"
    strings[79] = "  null"
    strings[80] = "  null"
    strings[81] = "  null"
    strings[82] = "  null"
    strings[83] = "  null"
    strings[84] = ""
    strings[85] = "State Manager:"
    strings[86] = "  com.ibm.ws.rsadapter.impl.WSStateManager@4984b734
"
    strings[87] = "_______________________________________________________________________"
    strings[88] = ""
    strings[89] = "    First Failure Data Capture information for"
    strings[90] = "          com.ibm.ws.rsadapter.impl.WSRdbOnePhaseXaResourceImpl@64c5d3de"
    strings[91] = "_______________________________________________________________________"
    strings[92] = ""
    strings[93] = "Connection:"
    strings[94] = "  com.mysql.cj.jdbc.ConnectionWrapper@214f1388
"
    strings[95] = "ManagedConnection:"
    strings[96] = "  WSRdbManagedConnectionImpl@9de523
"
    strings[97] = "_______________________________________________________________________"
    strings[98] = ""
    strings[99] = "    First Failure Data Capture information for"
    strings[100] = "          com.ibm.ws.rsadapter.impl.WSRdbSpiLocalTransactionImpl@814f565"
    strings[101] = "_______________________________________________________________________"
    strings[102] = ""
    strings[103] = "Connection:"
    strings[104] = "  com.mysql.cj.jdbc.ConnectionWrapper@214f1388
"
    strings[105] = "ManagedConnection:"
    strings[106] = "  WSRdbManagedConnectionImpl@9de523
"
    strings[107] = "Statement Cache:"
      
com.ibm.ws.rsadapter.impl.CacheMap@3ca06659
Number of entries:   5
Maximum entries:     10
Number of buckets:   13
Maximum bucket size: 5
Number of discards:  28

BUCKET SIZE PREV NEXT
  000  000  013  013
  001  001  011  008
                      65322ccf PSTMT: SELECT SEQ_COUNT FROM SEQUENCE WHERE SEQ_NAME = "? 1003 1007 0 0 0
  002  000  013  013
  003  000  013  013
  004  000  013  013
  005  000  013  013
  006  000  013  013
  007  001  013  011
                      b33fc8 PSTMT: ALTER TABLE BOOKINGLOGS ADD CONSTRAINT FK_BOOKINGLOGS_userID FOREIGN KEY (userID) REFERENCES user (userID) 1003 1007 0 0 0
  008  001  001  014
                      3f9e1329 PSTMT: INSERT INTO user (userID, email, firstName, hashedPassword, lastName) VALUES (?, ?, ?, ?, ?) 1003 1007 0 0 0
  009  000  013  013
  010  000  013  013
  011  002  007  001
                      1357fae6 PSTMT: ALTER TABLE ITINERARY ADD CONSTRAINT FK_ITINERARY_INBOUND_ID FOREIGN KEY (INBOUND_ID) REFERENCES SEGMENT (ID) 1003 1007 0 0 0
                      933d404 PSTMT: UPDATE SEQUENCE SET SEQ_COUNT = SEQ_COUNT + ? WHERE SEQ_NAME = ? 1003 1007 0 0 0
  012  000  013  013
  013  LRU       007
  014  MRU  008

"
    strings[109] = "_______________________________________________________________________"
    strings[110] = ""
    strings[111] = "    First Failure Data Capture information for"
    strings[112] = "          com.ibm.ws.rsadapter.impl.WSConnectionRequestInfoImpl@2bd02b2d"
    strings[113] = "_______________________________________________________________________"
    strings[114] = ""
    changable CRI = ""
    strings[116] = "  true
"
    strings[117] = "User Name:"
    strings[118] = "  null
"
    strings[119] = "Password:"
    strings[120] = "  null
"
    strings[121] = "Isolation Level:"
    strings[122] = "  READ COMMITTED (2)
"
    strings[123] = "Catalog:"
    strings[124] = "  null
"
    strings[125] = "Schema:"
    strings[126] = "  null
"
    strings[127] = "Sharding key:"
    strings[128] = "  null
"
    strings[129] = "Super Sharding key:"
    strings[130] = "  null
"
    strings[131] = "Is Read Only?"
    strings[132] = "  null
"
    strings[133] = "Type Map:"
    strings[134] = "  null
"
    strings[135] = "Cursor Holdability:"
    strings[136] = "  DEFAULT CURSOR HOLDABILITY VALUE (0)
"
    strings[137] = "Config ID: 2
"
    strings[138] = "Hash Code:"
    strings[139] = "  2
"
    strings[140] = "Support isolation switching on connection:"
    strings[141] = "  false
"
    gssName = "
"
    strings[143] = "null
"
    gssCredential = "
"
    strings[145] = "null
"
    strings[146] = "_______________________________________________________________________"
    strings[147] = ""
    strings[148] = "    First Failure Data Capture information for"
    strings[149] = "          com.ibm.ws.rsadapter.impl.WSManagedConnectionFactoryImpl@728f3945"
    strings[150] = "_______________________________________________________________________"
    strings[151] = ""
    strings[152] = "com.ibm.ws.rsadapter.DSConfig@2b85b7cf"
    strings[153] = "[beginTranForResultSetScrollingAPIs, true, beginTranForVendorAPIs, true, commitOrRollbackOnCleanup, null, connectionSharing, MatchOriginalRequest, isolationLevel, -1, jndiName, jdbc/myDB, enableConnectionCasting, false, queryTimeout, null, statementCacheSize, 10, supplementalJDBCTrace, null, syncQueryTimeoutWithTransactionTimeout, false, transactional, true]"
    strings[154] = "{serverName=soen.mysql.database.azure.com, password=******, databaseName=db, user=username@soen, portNumber=3306}"
    strings[155] = "Vendor implementation class:"
    strings[156] = "  class com.mysql.cj.jdbc.MysqlConnectionPoolDataSource
"
    strings[157] = "Type:"
    strings[158] = "  interface javax.sql.ConnectionPoolDataSource
"
    strings[159] = "Underlying DataSource or Driver Object: com.mysql.cj.jdbc.MysqlConnectionPoolDataSource@64c5f98f"
    strings[160] = "  com.mysql.cj.jdbc.MysqlConnectionPoolDataSource@64c5f98f
"
    strings[161] = "Instance id:"
    strings[162] = "  2
"
    strings[163] = "Log Writer:"
    strings[164] = "  null
"
    strings[165] = "Counter of fatal connection errors on ManagedConnections created by this MCF:"
    strings[166] = "  1
"
  eventListener = class com.ibm.ejs.j2c.ConnectionEventListener@4280dfca
    mcWrapper = class com.ibm.ejs.j2c.MCWrapper@31157941
    tc = class com.ibm.websphere.ras.TraceComponent@5ca8544
      strings[0] = "TraceComponent[com.ibm.ejs.j2c.ConnectionEventListener,class com.ibm.ejs.j2c.ConnectionEventListener,[WAS.j2c],com.ibm.ws.j2c.resources.J2CAMessages,null]"
  xaTranWrapper = null
  localTranWrapper = class com.ibm.ejs.j2c.LocalTransactionWrapper@1b89ef23
    mcWrapper = class com.ibm.ejs.j2c.MCWrapper@31157941
    localTransaction = class com.ibm.ws.rsadapter.impl.WSRdbSpiLocalTransactionImpl@814f565
      strings[0] = "_______________________________________________________________________"
      strings[1] = ""
      strings[2] = "    First Failure Data Capture information for"
      strings[3] = "          com.ibm.ws.rsadapter.impl.WSRdbManagedConnectionImpl@9de523"
      strings[4] = "_______________________________________________________________________"
      strings[5] = ""
      strings[6] = "ONE PHASE ENABLED
"
      strings[7] = "Connection sharing: "
      strings[8] = "  MatchOriginalRequest
"
      strings[9] = "Transaction State:"
      strings[10] = "  LOCAL_TRANSACTION_ACTIVE
"
      strings[11] = "Key:"
      strings[12] = "  [B@2cac7464
"
      strings[13] = "Log Writer:"
      strings[14] = "  null
"
      strings[15] = "Subject:"
      strings[16] = "  null
"
      strings[17] = "ManagedConnection:"
      strings[18] = "  WSRdbManagedConnectionImpl@9de523
"
      strings[19] = "Counter of fatal connection errors for the ManagedConnectionFactory as of the most recent getConnection on this ManagedConnection:"
      strings[20] = "  1
"
      strings[21] = "Default AutoCommit:"
      strings[22] = "  true
"
      strings[23] = "Current AutoCommit:"
      strings[24] = "  false
"
      strings[25] = "Current Isolation:"
      strings[26] = "  READ COMMITTED (2)
"
      strings[27] = "Isolation level has changed? :"
      strings[28] = "  false
"
      strings[29] = "Support isolation level switching: "
      strings[30] = "  false
"
      strings[31] = "The gssCredential is: 
"
      strings[32] = "null
"
      strings[33] = "The gssName is: 
"
      strings[34] = "null
"
      strings[35] = "Catalog, IsReadOnly, TypeMap, Schema, ShardingKey, SuperShardingKey, or NetworkTimeout has changed? :"
      strings[36] = "  false
"
      strings[37] = "Default Holdability:"
      strings[38] = "  DEFAULT CURSOR HOLDABILITY VALUE (0)
"
      strings[39] = "Current Holdability:"
      strings[40] = "  DEFAULT CURSOR HOLDABILITY VALUE (0)
"
      strings[41] = "Holdability value has changed? :"
      strings[42] = "  false
"
      strings[43] = "Thread ID:"
      strings[44] = "  null
"
      strings[45] = "Lazily enlisted in the current transaction? :"
      strings[46] = "  true
"
      strings[47] = "Underlying Connection Object: com.mysql.cj.jdbc.ConnectionWrapper@214f1388"
      strings[48] = "  com.mysql.cj.jdbc.ConnectionWrapper@214f1388
"
      strings[49] = "Underlying PooledConnection Object: com.mysql.cj.jdbc.MysqlPooledConnection@4b1f7d1"
      strings[50] = "  com.mysql.cj.jdbc.MysqlPooledConnection@4b1f7d1
"
      strings[51] = "SQLJ Default Context: null"
      strings[52] = "  null
"
      strings[53] = "Fatal connection error was detected? :"
      strings[54] = "  true
"
      strings[55] = "Currently cleaning up handles? :"
      strings[56] = "  false
"
      strings[57] = "Last ConnectionEvent sent for this ManagedConnection:
"
      strings[58] = "  com.ibm.ws.rsadapter.impl.WSConnectionEvent@fffb313"
      strings[59] = "  Connection Handle: com.ibm.ws.rsadapter.jdbc.v41.WSJdbc41Connection@750acbe3"
      strings[60] = "  Event ID: CONNECTION CLOSED (1)"
      strings[61] = "  Exception: null"
      strings[62] = ""
      strings[63] = "Connection Event Listeners:
"
      strings[64] = "  com.ibm.ejs.j2c.ConnectionEventListener@4280dfca"
      strings[65] = ""
      strings[66] = "Maximum Handle List Size: 15
"
      strings[67] = "Handle Count: 0
"
      strings[68] = "Handles:
"
      strings[69] = "  null"
      strings[70] = "  null"
      strings[71] = "  null"
      strings[72] = "  null"
      strings[73] = "  null"
      strings[74] = "  null"
      strings[75] = "  null"
      strings[76] = "  null"
      strings[77] = "  null"
      strings[78] = "  null"
      strings[79] = "  null"
      strings[80] = "  null"
      strings[81] = "  null"
      strings[82] = "  null"
      strings[83] = "  null"
      strings[84] = ""
      strings[85] = "State Manager:"
      strings[86] = "  com.ibm.ws.rsadapter.impl.WSStateManager@4984b734
"
      strings[87] = "_______________________________________________________________________"
      strings[88] = ""
      strings[89] = "    First Failure Data Capture information for"
      strings[90] = "          com.ibm.ws.rsadapter.impl.WSRdbOnePhaseXaResourceImpl@64c5d3de"
      strings[91] = "_______________________________________________________________________"
      strings[92] = ""
      strings[93] = "Connection:"
      strings[94] = "  com.mysql.cj.jdbc.ConnectionWrapper@214f1388
"
      strings[95] = "ManagedConnection:"
      strings[96] = "  WSRdbManagedConnectionImpl@9de523
"
      strings[97] = "_______________________________________________________________________"
      strings[98] = ""
      strings[99] = "    First Failure Data Capture information for"
      strings[100] = "          com.ibm.ws.rsadapter.impl.WSRdbSpiLocalTransactionImpl@814f565"
      strings[101] = "_______________________________________________________________________"
      strings[102] = ""
      strings[103] = "Connection:"
      strings[104] = "  com.mysql.cj.jdbc.ConnectionWrapper@214f1388
"
      strings[105] = "ManagedConnection:"
      strings[106] = "  WSRdbManagedConnectionImpl@9de523
"
      strings[107] = "Statement Cache:"
        
com.ibm.ws.rsadapter.impl.CacheMap@3ca06659
Number of entries:   5
Maximum entries:     10
Number of buckets:   13
Maximum bucket size: 5
Number of discards:  28

BUCKET SIZE PREV NEXT
  000  000  013  013
  001  001  011  008
                      65322ccf PSTMT: SELECT SEQ_COUNT FROM SEQUENCE WHERE SEQ_NAME = "? 1003 1007 0 0 0
  002  000  013  013
  003  000  013  013
  004  000  013  013
  005  000  013  013
  006  000  013  013
  007  001  013  011
                      b33fc8 PSTMT: ALTER TABLE BOOKINGLOGS ADD CONSTRAINT FK_BOOKINGLOGS_userID FOREIGN KEY (userID) REFERENCES user (userID) 1003 1007 0 0 0
  008  001  001  014
                      3f9e1329 PSTMT: INSERT INTO user (userID, email, firstName, hashedPassword, lastName) VALUES (?, ?, ?, ?, ?) 1003 1007 0 0 0
  009  000  013  013
  010  000  013  013
  011  002  007  001
                      1357fae6 PSTMT: ALTER TABLE ITINERARY ADD CONSTRAINT FK_ITINERARY_INBOUND_ID FOREIGN KEY (INBOUND_ID) REFERENCES SEGMENT (ID) 1003 1007 0 0 0
                      933d404 PSTMT: UPDATE SEQUENCE SET SEQ_COUNT = SEQ_COUNT + ? WHERE SEQ_NAME = ? 1003 1007 0 0 0
  012  000  013  013
  013  LRU       007
  014  MRU  008

"
      strings[109] = "_______________________________________________________________________"
      strings[110] = ""
      strings[111] = "    First Failure Data Capture information for"
      strings[112] = "          com.ibm.ws.rsadapter.impl.WSConnectionRequestInfoImpl@2bd02b2d"
      strings[113] = "_______________________________________________________________________"
      strings[114] = ""
      changable CRI = ""
      strings[116] = "  true
"
      strings[117] = "User Name:"
      strings[118] = "  null
"
      strings[119] = "Password:"
      strings[120] = "  null
"
      strings[121] = "Isolation Level:"
      strings[122] = "  READ COMMITTED (2)
"
      strings[123] = "Catalog:"
      strings[124] = "  null
"
      strings[125] = "Schema:"
      strings[126] = "  null
"
      strings[127] = "Sharding key:"
      strings[128] = "  null
"
      strings[129] = "Super Sharding key:"
      strings[130] = "  null
"
      strings[131] = "Is Read Only?"
      strings[132] = "  null
"
      strings[133] = "Type Map:"
      strings[134] = "  null
"
      strings[135] = "Cursor Holdability:"
      strings[136] = "  DEFAULT CURSOR HOLDABILITY VALUE (0)
"
      strings[137] = "Config ID: 2
"
      strings[138] = "Hash Code:"
      strings[139] = "  2
"
      strings[140] = "Support isolation switching on connection:"
      strings[141] = "  false
"
      gssName = "
"
      strings[143] = "null
"
      gssCredential = "
"
      strings[145] = "null
"
      strings[146] = "_______________________________________________________________________"
      strings[147] = ""
      strings[148] = "    First Failure Data Capture information for"
      strings[149] = "          com.ibm.ws.rsadapter.impl.WSManagedConnectionFactoryImpl@728f3945"
      strings[150] = "_______________________________________________________________________"
      strings[151] = ""
      strings[152] = "com.ibm.ws.rsadapter.DSConfig@2b85b7cf"
      strings[153] = "[beginTranForResultSetScrollingAPIs, true, beginTranForVendorAPIs, true, commitOrRollbackOnCleanup, null, connectionSharing, MatchOriginalRequest, isolationLevel, -1, jndiName, jdbc/myDB, enableConnectionCasting, false, queryTimeout, null, statementCacheSize, 10, supplementalJDBCTrace, null, syncQueryTimeoutWithTransactionTimeout, false, transactional, true]"
      strings[154] = "{serverName=soen.mysql.database.azure.com, password=******, databaseName=db, user=username@soen, portNumber=3306}"
      strings[155] = "Vendor implementation class:"
      strings[156] = "  class com.mysql.cj.jdbc.MysqlConnectionPoolDataSource
"
      strings[157] = "Type:"
      strings[158] = "  interface javax.sql.ConnectionPoolDataSource
"
      strings[159] = "Underlying DataSource or Driver Object: com.mysql.cj.jdbc.MysqlConnectionPoolDataSource@64c5f98f"
      strings[160] = "  com.mysql.cj.jdbc.MysqlConnectionPoolDataSource@64c5f98f
"
      strings[161] = "Instance id:"
      strings[162] = "  2
"
      strings[163] = "Log Writer:"
      strings[164] = "  null
"
      strings[165] = "Counter of fatal connection errors on ManagedConnections created by this MCF:"
      strings[166] = "  1
"
    rrsXAResource = null
    enlisted = true
    registeredForSync = false
    hasRollbackOccured = false
    tc = class com.ibm.websphere.ras.TraceComponent@48738149
      strings[0] = "TraceComponent[com.ibm.ejs.j2c.LocalTransactionWrapper,class com.ibm.ejs.j2c.LocalTransactionWrapper,[WAS.j2c],com.ibm.ws.j2c.resources.J2CAMessages,null]"
    _hexString = "1b89ef23"
    _rrsTransactional = false
  noTranWrapper = null
  rrsGlobalTranWrapper = null
  rrsLocalTranWrapper = null
  uowCoord = class com.ibm.tx.jta.embeddable.impl.EmbeddableTransactionImpl@4d5c3fd1
    tc = class com.ibm.websphere.ras.TraceComponent@4574c9ba
      strings[0] = "TraceComponent[com.ibm.tx.jta.embeddable.impl.EmbeddableTransactionImpl,class com.ibm.tx.jta.embeddable.impl.EmbeddableTransactionImpl,[Transaction],com.ibm.ws.Transaction.resources.TransactionMsgs,null]"
    _inactivityTimeout = 60
    _inactivityTimer = null
    _inactivityTimerActive = false
    _mostRecentThread = class java.util.Stack@56593ab4
      serialVersionUID = 1224463164541339165
      elementData = class java.lang.Object[10]
      elementCount = 1
      capacityIncrement = 0
      serialVersionUID = -2767605614048989439
      MAX_ARRAY_SIZE = 2147483639
      modCount = 1
      MAX_ARRAY_SIZE = 2147483639
    _activeAssociations = 1
    _suspendedAssociations = 0
    _globalId = null
    _wsatRC = null
    _retryWait = 60
    _thread = null
    TRANSACTION_LOG_NAME = "tranlog"
    PARTNER_LOG_NAME = "partnerlog"
    TRAN_STATE_SECTION = 0
    CORBA_RESOURCE_SECTION = 1
    XARESOURCE_SECTION = 2
    GLOBALID_SECTION = 3
    RECOVERYCOORD_SECTION = 4
    RESOURCE_WSC_SECTION = 5
    RECCOORD_WSC_SECTION = 6
    RESOURCE_ADAPTER_SECTION = 7
    HEURISTIC_OUTCOME_SECTION = 8
    RECCOORD_WSAT_SECTION = 9
    WSAT_ASYNC_RESOURCE_SECTION = 10
    NEXT_ID_SECTION = 30
    LOW_WATERMARK_SECTION = 31
    SERVER_STATE_SECTION = 32
    CLASSPATH_SECTION = 33
    XARESOURCEDATA_SECTION = 34
    WSCOORDINATOR_SECTION = 35
    JCAPROVIDER_SECTION = 36
    RESOURCE_PRIORITY_SECTION = 37
    APPLID_DATA_SECTION = 253
    EPOCH_DATA_SECTION = 254
    SERVER_DATA_SECTION = 255
    _status = class com.ibm.tx.jta.embeddable.impl.EmbeddableTransactionState@22a47444
      tc = class com.ibm.websphere.ras.TraceComponent@5312f562
      STATE_NONE = -1
      STATE_ACTIVE = 0
      STATE_PREPARING = 1
      STATE_PREPARED = 2
      STATE_COMMITTING_ONE_PHASE = 10
      STATE_COMMITTING = 3
      STATE_COMMITTED = 4
      STATE_ROLLING_BACK = 5
      STATE_ROLLED_BACK = 6
      STATE_HEURISTIC_ON_COMMIT = 7
      STATE_HEURISTIC_ON_ROLLBACK = 8
      STATE_LAST_PARTICIPANT = 9
      tc = class com.ibm.ws.tx.util.logging.WASTraceComponent@556bb150
      _state = 5
      _tran = class com.ibm.tx.jta.embeddable.impl.EmbeddableTransactionImpl@4d5c3fd1
      _tranLog = null
      _logSection = null
      _loggingFailed = false
      _partnerLogTable = class com.ibm.tx.jta.impl.PartnerLogTable@8406da
      byteData = {0} /* array length = 1 */
      validStateChange = class [Z[11]
    _timeout = 0
    _subordinate = false
    _rollbackOnly = true
    _originalException = null
    _timedOut = true
    _subRollback = false
    _resources = class com.ibm.tx.jta.embeddable.impl.EmbeddableRegisteredResources@18e3c022
      tc = class com.ibm.websphere.ras.TraceComponent@57a756ad
      WSAT_PREPARE_ORDER_CONCURRENT = 0
      WSAT_PREPARE_ORDER_BEFORE = 1
      WSAT_PREPARE_ORDER_AFTER = 2
      _wsatPrepareOrder = 0
      _wsatAsyncSection = null
      _asyncResourceObjects = null
      tc = class com.ibm.ws.tx.util.logging.WASTraceComponent@cf1bf1d
      xaFlowCallbackEnabled = false
      MAX_PDATA_SIZE = 3072
      _resourceObjects = class java.util.ArrayList@4187ee2
      _onePhaseResourceEnlisted = class com.ibm.tx.jta.impl.OnePhaseResourceImpl@248a0a6d
      _failedResourceList = null
      _txServiceXid = class com.ibm.tx.jta.impl.XidImpl@578db843
      _branchCount = 0
      _LPSProhibited = false
      _LPSEnabledTx = false
      _retryCompletion = true
      _transaction = class com.ibm.tx.jta.embeddable.impl.EmbeddableTransactionImpl@4d5c3fd1
      _resourceTable = null
      _logUnit = null
      _logSection = null
      _xalogSection = null
      _hoSection = null
      _resourcesLogged = false
      _heuristicOutcome = 6
      _loggedHeuristicOutcome = 0
      _systemException = null
      _retryRequired = false
      _outcome = false
      _errorCode = -7
      XA_OK = 0
      XA_RDONLY = 3
      ONE_PHASE_OPT = 10
      ONE_PHASE_OPT_ROLLBACK = 11
      ONE_PHASE_OPT_FAILED = 12
      _disableTwoPhase = false
      _diagnosticsRequired = false
      _gotPriorityResourcesEnlisted = false
      _isCheckingSameRM = false
      _sameRMMasterResource = null
      _sameRMResource = null
      _sorted = false
      _retryImmediately = false
      _prepareResult = 0
      _okVoteCount = 0
      prepareComparator = class com.ibm.tx.jta.impl.RegisteredResources$1@5d8f8e3c
    _retryAlarm = null
    _syncs = class com.ibm.tx.jta.impl.RegisteredSyncs@45844bae
      tc = class com.ibm.ws.tx.util.logging.WASTraceComponent@a0ab659
      SYNC_TIER_OUTER = 0
      SYNC_TIER_NORMAL = 1
      SYNC_TIER_INNER = 2
      SYNC_TIER_RRS = 3
      _tran = class com.ibm.tx.jta.embeddable.impl.EmbeddableTransactionImpl@4d5c3fd1
      SYNC_ARRAY_SIZE = 4
      _syncs = class java.util.ArrayList[4]
      DEFAULT_DEPTH_LIMIT = 5
      _depthLimit = 5
    _destroyCallbacks = null
    _finishCount = 0
    _logUnit = null
    _tranLog = null
    _systemExceptionOccured = false
    _heuristicOnPrepare = null
    _retryAttempts = 0
    defaultRetryTime = 60
    DISABLE_2PC_DEFAULT_PROPERTY = "com.ibm.tx.jta.disable2PC"
    _expirationTime = 1617415402054
    _xid = class com.ibm.tx.jta.impl.XidImpl@578db843
      tc = class com.ibm.ws.tx.util.logging.WASTraceComponent@2cd75ea8
      serialVersionUID = -4291259441393350686
      nl = "
"
      _formatId = 1463898948
      _gtrid = {0,0,1,120,-107,118,-99,-122,0,0,0,1,85,-80,82,104,-23,83,72,-32,-124,97,-59,83,-105,-48,-14,-110,23,-98,-4,-6,90,41,91,-119} /* array length = 36 */
      _bqual = {0,0,1,120,-107,118,-99,-122,0,0,0,1,85,-80,82,104,-23,83,72,-32,-124,97,-59,83,-105,-48,-14,-110,23,-98,-4,-6,90,41,91,-119,0,0,0,1} /* array length = 40 */
      _otid = {0,0,1,120,-107,118,-99,-122,0,0,0,1,85,-80,82,104,-23,83,72,-32,-124,97,-59,83,-105,-48,-14,-110,23,-98,-4,-6,90,41,91,-119,0,0,1,120,-107,118,-99,-122,0,0,0,1,85,-80,82,104,-23,83,72,-32,-124,97,-59,83,-105,-48,-14,-110,23,-98,-4,-6,90,41,91,-119,0,0,0,1} /* array length = 76 */
      _primaryKey = null
      ZOS_FID_CB390 = -1010695802
      ZOS_FID_CBLT = -1010641949
      ZOS_FID_WASZ = -423501079
      WAS_FID_WASC = 1463898947
      WAS_FID_WASD = 1463898948
      WAS_FID_WASZ = 1463898970
      WAS_FORMAT_ID = 1463898948
      _configProvider = class com.ibm.ws.transaction.services.JTMConfigurationProvider@6a80844d
      digits = "0123456789ABCDEF"
      BQUAL_PKEY_OFFSET = 0
      BQUAL_PKEY_LENGTH = 16
      BQUAL_UUID_OFFSET = 16
      BQUAL_UUID_LENGTH = 20
      GTRID_JTA_GTRID_LENGTH = 36
      BQUAL_BRANCH_INDEX_OFFSET = 39
      BQUAL_JTA_GTRID_LENGTH = 40
      BQUAL_STOKEN_OFFSET = 40
      BQUAL_STOKEN_LENGTH = 8
      BQUAL_RECOVERY_ID_OFFSET_UNUSED = 48
      BQUAL_RECOVERY_ID_LENGTH_UNUSED = 4
      BQUAL_RM_SEQ_OFFSET = 52
      BQUAL_RM_SEQ_LENGTH = 2
      BQUAL_JTA_BQUAL_LENGTH = 54
    _localTID = 1437618792
    _tranName = null
    _JCARecoveryData = null
    _JCAXid = null
    _disable2PCDefault = false
    _disableTwoPhase = false
    _needsManualCompletion = false
    _failureScopeController = class com.ibm.tx.jta.embeddable.impl.EmbeddableFailureScopeController@51e98040
      tc = class com.ibm.websphere.ras.TraceComponent@4d44dd7e
      tc = class com.ibm.ws.tx.util.logging.WASTraceComponent@1b2f51db
      _failureScope = class com.ibm.ws.recoverylog.spi.FileFailureScope@6f02e9b1
      _serverName = "defaultServer"
      _tranLog = class com.ibm.ws.recoverylog.spi.RecoveryLogImpl@4edd6403
      _xaLog = class com.ibm.ws.recoverylog.spi.RecoveryLogImpl@2ce6c7fc
      _recoverXaLog = null
      _partnerLogTable = class com.ibm.tx.jta.impl.PartnerLogTable@8406da
      _localFailureScope = true
      _recoveryManager = class com.ibm.tx.jta.embeddable.impl.EmbeddableRecoveryManager@4d26fa32
      _fslc = class com.ibm.ws.Transaction.JTA.FailureScopeLifeCycle@3591cd46
      _transactions = class com.ibm.tx.util.ConcurrentHashSet@10494a8b
      SMP_THRESH = 4
      isConcurrent = true
    _inRecovery = false
    _doNotRetryRecovery = false
    _synchronizationRegistryResources = class java.util.HashMap@36d778e8
      serialVersionUID = 362498820763181265
      DEFAULT_INITIAL_CAPACITY = 16
      MAXIMUM_CAPACITY = 1073741824
      DEFAULT_LOAD_FACTOR = 0.75
      TREEIFY_THRESHOLD = 8
      UNTREEIFY_THRESHOLD = 6
      MIN_TREEIFY_CAPACITY = 64
      table = null
      entrySet = null
      size = 0
      modCount = 0
      threshold = 0
      loadFactor = 0.75
      keySet = null
      values = null
    GLOBAL_TRANSACTION_LOCAL_ID_MODIFIER = 6917529027641081856
    _mostRecentThread = class java.lang.Thread@5eda5c08
      name = "Default Executor-thread-118"
      priority = 5
      threadQ = null
      eetop = 2250223777792
      single_step = false
      daemon = true
      stillborn = false
      target = class java.util.concurrent.ThreadPoolExecutor$Worker@17e565db
      group = class java.lang.ThreadGroup@68ee1b20
      contextClassLoader = class com.ibm.ws.classloading.internal.ThreadContextClassLoader@7930ae6
      inheritedAccessControlContext = class java.security.AccessControlContext@5c867765
      threadInitNumber = 20
      threadLocals = class java.lang.ThreadLocal$ThreadLocalMap@77e7add2
      inheritableThreadLocals = null
      stackSize = 0
      nativeParkEventPointer = 0
      tid = 171
      threadSeqNumber = 304
      threadStatus = 5
      parkBlocker = null
      blocker = null
      blockerLock = class java.lang.Object@4791211b
      MIN_PRIORITY = 1
      NORM_PRIORITY = 5
      MAX_PRIORITY = 10
      EMPTY_STACK_TRACE = class java.lang.StackTraceElement[0]
      SUBCLASS_IMPLEMENTATION_PERMISSION = class java.lang.RuntimePermission@28435bd3
      uncaughtExceptionHandler = null
      defaultUncaughtExceptionHandler = null
      threadLocalRandomSeed = -5527597357087745777
      threadLocalRandomProbe = -1731955226
      threadLocalRandomSecondarySeed = 0
    _isZos = false
    _configProvider = class com.ibm.ws.transaction.services.JTMConfigurationProvider@6a80844d
      tc = class com.ibm.websphere.ras.TraceComponent@79e8648a
      locationService = class com.ibm.ws.kernel.service.location.internal.WsLocationAdminImpl@75d92c55
      _runtimeMetaDataProvider = class com.ibm.ws.transaction.services.LibertyRuntimeMetaDataProvider@65696690
      _props = class java.util.Collections$UnmodifiableMap@14ff15a8
      _cc = class org.apache.felix.scr.impl.manager.ComponentContextImpl@4b6e9742
      logDir = "C:/Users/felix/Desktop/FlightLogix/FlightLogix/target/liberty/wlp/usr/servers/defaultServer/tranlog"
      defaultLogDir = "$(server.output.dir)/tranlog"
      activateHasBeenCalled = true
      _transactionSettingsProviders = class com.ibm.wsspi.kernel.service.utils.ConcurrentServiceReferenceSet@77e9b1fe
      dataSourceFactoryRef = class com.ibm.wsspi.kernel.service.utils.AtomicServiceReference@599a1475
      _isSQLRecoveryLog = false
      _theDataSourceFactory = null
      _recoveryIdentity = ""
      _recoveryGroup = ""
      tmsRef = class com.ibm.ws.transaction.services.TransactionManagerService@352408bb
      _applId = {-23,83,72,-32,-124,97,-59,83,-105,-48,-14,-110,23,-98,-4,-6,90,41,91,-119} /* array length = 20 */
      serialVersionUID = -306583327436987387
      _alarmManager = class com.ibm.tx.jta.util.alarm.AlarmManagerImpl@1100240a
      _applId = null
      _runtimeMetaDataProvider = class com.ibm.tx.jta.config.DefaultConfigurationProvider$1@a4f5dda
      _heuristicCompletionDirction = 1
      _heuristicRetryInterval = 0
      _heuristicRetryLimit = 0
      _totalTransactionLifetimeTimeout = 120
      _logDir = "logs/recovery"
      _logSize = 1024
      _logForHeuristicReporting = false
      _level = class java.util.logging.Level@39a3e8f7
      _defaultMaximumShutdownDelay = 2
      _acceptHeuristicHazard = true
      _auditRecovery = false
      _recoverOnStartup = false
      _shutdownOnLogFailure = true
      _OnePCOptimization = false
      _waitForRecovery = false
      _propagateXAResourceTransactionTimeout = false
    auditRecovery = false
    _completedLTCBoundary = null
    _taskId = null
    _timeoutInfo = null
    _txType = 1
    tsr = class com.ibm.tx.jta.impl.TransactionSynchronizationRegistryImpl@4d830720
      tc = class com.ibm.ws.tx.util.logging.WASTraceComponent@5c87dbc7
    tc = class com.ibm.ws.tx.util.logging.WASTraceComponent@401e2640
      _tc = class com.ibm.ejs.ras.TraceComponent@74caf5ff
    tcSummary = class com.ibm.ws.tx.util.logging.WASTraceComponent@2e5270e2
      _tc = class com.ibm.ejs.ras.TraceComponent@179bda00
  pm = class com.ibm.ejs.j2c.PoolManager@4c809fab
    tc = class com.ibm.websphere.ras.TraceComponent@47f4bfdc
      strings[0] = "TraceComponent[com.ibm.ejs.j2c.PoolManager,class com.ibm.ejs.j2c.PoolManager,[WAS.j2c],com.ibm.ws.j2c.resources.J2CAMessages,null]"
    alertResourceBundleName = "com.ibm.ws.j2c.resources.J2CAMessages"
    nl = "
"
    connectorSvc = class com.ibm.ejs.j2c.ConnectorServiceImpl@5331cb48
      tc = class com.ibm.websphere.ras.TraceComponent@40171fd3
      authDataServiceRef = class com.ibm.wsspi.kernel.service.utils.AtomicServiceReference@7eb94e7a
      classLoaderIdentifierService = class com.ibm.ws.classloading.internal.ClassLoadingServiceImpl@5ff37ef8
      deferrableSchedXSvcRef = class com.ibm.wsspi.kernel.service.utils.AtomicServiceReference@5990c976
      execSvcRef = class com.ibm.wsspi.kernel.service.utils.AtomicServiceReference@38141b8b
      nonDeferrableSchedXSvcRef = class com.ibm.wsspi.kernel.service.utils.AtomicServiceReference@48592848
      rrsXAResFactorySvcRef = class com.ibm.wsspi.kernel.service.utils.AtomicServiceReference@7ca765a7
      transactionManager = class com.ibm.ws.transaction.services.TransactionManagerService@352408bb
      variableRegistrySvcRef = class com.ibm.wsspi.kernel.service.utils.AtomicServiceReference@2323d83c
      tc = class com.ibm.websphere.ras.TraceComponent@451c4cd5
      NLS = class com.ibm.ejs.ras.TraceNLS@3bf34790
    gConfigProps = class com.ibm.ejs.j2c.J2CGlobalConfigProperties@17665be5
    reaperThreadStarted = false
    taskTimerLockObject = 0
    waitSkip = 0
    displayInfiniteWaitMessage = false
    tlsArrayLists = class java.util.concurrent.ConcurrentHashMap@383fc083
      serialVersionUID = 7249069246763182397
      MAXIMUM_CAPACITY = 1073741824
      DEFAULT_CAPACITY = 16
      MAX_ARRAY_SIZE = 2147483639
      DEFAULT_CONCURRENCY_LEVEL = 16
      LOAD_FACTOR = 0.75
      TREEIFY_THRESHOLD = 8
      UNTREEIFY_THRESHOLD = 6
      MIN_TREEIFY_CAPACITY = 64
      MIN_TRANSFER_STRIDE = 16
      RESIZE_STAMP_BITS = 16
      MAX_RESIZERS = 65535
      RESIZE_STAMP_SHIFT = 16
      MOVED = -1
      TREEBIN = -2
      RESERVED = -3
      HASH_BITS = 2147483647
      NCPU = 8
      serialPersistentFields = class java.io.ObjectStreamField[3]
      table = null
      nextTable = null
      baseCount = 0
      sizeCtl = 0
      transferIndex = 0
      cellsBusy = 0
      counterCells = null
      keySet = null
      values = null
      entrySet = null
      U = class sun.misc.Unsafe@6a7412be
      SIZECTL = 20
      TRANSFERINDEX = 32
      BASECOUNT = 24
      CELLSBUSY = 36
      CELLVALUE = 144
      ABASE = 16
      ASHIFT = 2
      keySet = null
      values = null
    sharedPool = class com.ibm.ejs.j2c.SharedPool[200]
      SharedPool[0] = class com.ibm.ejs.j2c.SharedPool@2318ae36
      SharedPool[1] = class com.ibm.ejs.j2c.SharedPool@17b37ac7
      SharedPool[2] = class com.ibm.ejs.j2c.SharedPool@13ac8283
      SharedPool[3] = class com.ibm.ejs.j2c.SharedPool@1fe89663
      SharedPool[4] = class com.ibm.ejs.j2c.SharedPool@79e7e2b6
      SharedPool[5] = class com.ibm.ejs.j2c.SharedPool@750eca0f
      SharedPool[6] = class com.ibm.ejs.j2c.SharedPool@2c1f6b7
      SharedPool[7] = class com.ibm.ejs.j2c.SharedPool@59c13302
      SharedPool[8] = class com.ibm.ejs.j2c.SharedPool@1f7588de
      SharedPool[9] = class com.ibm.ejs.j2c.SharedPool@1ca8778d
      SharedPool[10] = class com.ibm.ejs.j2c.SharedPool@11514ee1
      SharedPool[11] = class com.ibm.ejs.j2c.SharedPool@41d826ea
      SharedPool[12] = class com.ibm.ejs.j2c.SharedPool@72d86577
      SharedPool[13] = class com.ibm.ejs.j2c.SharedPool@2d9360be
      SharedPool[14] = class com.ibm.ejs.j2c.SharedPool@36ae05ab
      SharedPool[15] = class com.ibm.ejs.j2c.SharedPool@36c19ae2
      SharedPool[16] = class com.ibm.ejs.j2c.SharedPool@783a290
      SharedPool[17] = class com.ibm.ejs.j2c.SharedPool@31a3a44e
      SharedPool[18] = class com.ibm.ejs.j2c.SharedPool@77666c8c
      SharedPool[19] = class com.ibm.ejs.j2c.SharedPool@4dcaee08
      SharedPool[20] = class com.ibm.ejs.j2c.SharedPool@57475203
      SharedPool[21] = class com.ibm.ejs.j2c.SharedPool@7b6a0d71
      SharedPool[22] = class com.ibm.ejs.j2c.SharedPool@3fac1c9c
      SharedPool[23] = class com.ibm.ejs.j2c.SharedPool@250c0fcf
      SharedPool[24] = class com.ibm.ejs.j2c.SharedPool@48b69627
      SharedPool[25] = class com.ibm.ejs.j2c.SharedPool@631c1bc5
      SharedPool[26] = class com.ibm.ejs.j2c.SharedPool@3c0bb3c6
      SharedPool[27] = class com.ibm.ejs.j2c.SharedPool@793ca1ff
      SharedPool[28] = class com.ibm.ejs.j2c.SharedPool@5c71751
      SharedPool[29] = class com.ibm.ejs.j2c.SharedPool@606e61f
      SharedPool[30] = class com.ibm.ejs.j2c.SharedPool@6772f09a
      SharedPool[31] = class com.ibm.ejs.j2c.SharedPool@7b5d86d2
      SharedPool[32] = class com.ibm.ejs.j2c.SharedPool@461d7b77
      SharedPool[33] = class com.ibm.ejs.j2c.SharedPool@771a4bb5
      SharedPool[34] = class com.ibm.ejs.j2c.SharedPool@79c83ec
      SharedPool[35] = class com.ibm.ejs.j2c.SharedPool@10e0eedb
      SharedPool[36] = class com.ibm.ejs.j2c.SharedPool@3d0bf973
      SharedPool[37] = class com.ibm.ejs.j2c.SharedPool@18694a84
      SharedPool[38] = class com.ibm.ejs.j2c.SharedPool@7b893986
      SharedPool[39] = class com.ibm.ejs.j2c.SharedPool@6c88861a
      SharedPool[40] = class com.ibm.ejs.j2c.SharedPool@eaa2a99
      SharedPool[41] = class com.ibm.ejs.j2c.SharedPool@5c456ca2
      SharedPool[42] = class com.ibm.ejs.j2c.SharedPool@6eb22ba5
      SharedPool[43] = class com.ibm.ejs.j2c.SharedPool@4622d83f
      SharedPool[44] = class com.ibm.ejs.j2c.SharedPool@1903dc80
      SharedPool[45] = class com.ibm.ejs.j2c.SharedPool@6e54837e
      SharedPool[46] = class com.ibm.ejs.j2c.SharedPool@11c46212
      SharedPool[47] = class com.ibm.ejs.j2c.SharedPool@41f7a335
      SharedPool[48] = class com.ibm.ejs.j2c.SharedPool@46178057
      SharedPool[49] = class com.ibm.ejs.j2c.SharedPool@c92a498
      SharedPool[50] = class com.ibm.ejs.j2c.SharedPool@3e7483ea
      SharedPool[51] = class com.ibm.ejs.j2c.SharedPool@42e6611a
      SharedPool[52] = class com.ibm.ejs.j2c.SharedPool@38894429
      SharedPool[53] = class com.ibm.ejs.j2c.SharedPool@21a691c4
      SharedPool[54] = class com.ibm.ejs.j2c.SharedPool@3b573dc9
      SharedPool[55] = class com.ibm.ejs.j2c.SharedPool@4ac86508
      SharedPool[56] = class com.ibm.ejs.j2c.SharedPool@3812c874
      SharedPool[57] = class com.ibm.ejs.j2c.SharedPool@2daf5603
      SharedPool[58] = class com.ibm.ejs.j2c.SharedPool@2f948f0a
      SharedPool[59] = class com.ibm.ejs.j2c.SharedPool@267d4fd5
      SharedPool[60] = class com.ibm.ejs.j2c.SharedPool@8827206
      SharedPool[61] = class com.ibm.ejs.j2c.SharedPool@5f4a325b
      SharedPool[62] = class com.ibm.ejs.j2c.SharedPool@542d0a67
      SharedPool[63] = class com.ibm.ejs.j2c.SharedPool@18e2f4d0
      SharedPool[64] = class com.ibm.ejs.j2c.SharedPool@36ba788
      SharedPool[65] = class com.ibm.ejs.j2c.SharedPool@dbd8554
      SharedPool[66] = class com.ibm.ejs.j2c.SharedPool@317fd8b6
      SharedPool[67] = class com.ibm.ejs.j2c.SharedPool@3e34ee3d
      SharedPool[68] = class com.ibm.ejs.j2c.SharedPool@60bd5994
      SharedPool[69] = class com.ibm.ejs.j2c.SharedPool@14bf7f2
      SharedPool[70] = class com.ibm.ejs.j2c.SharedPool@4e3e3505
      SharedPool[71] = class com.ibm.ejs.j2c.SharedPool@57e27ff9
      SharedPool[72] = class com.ibm.ejs.j2c.SharedPool@5d99ed68
      SharedPool[73] = class com.ibm.ejs.j2c.SharedPool@3b3654e
      SharedPool[74] = class com.ibm.ejs.j2c.SharedPool@3c9aee20
      SharedPool[75] = class com.ibm.ejs.j2c.SharedPool@784353fd
      SharedPool[76] = class com.ibm.ejs.j2c.SharedPool@6aa30330
      SharedPool[77] = class com.ibm.ejs.j2c.SharedPool@72a2823f
      SharedPool[78] = class com.ibm.ejs.j2c.SharedPool@192299a5
      SharedPool[79] = class com.ibm.ejs.j2c.SharedPool@7b9cedc7
      SharedPool[80] = class com.ibm.ejs.j2c.SharedPool@954cb07
      SharedPool[81] = class com.ibm.ejs.j2c.SharedPool@6f011368
      SharedPool[82] = class com.ibm.ejs.j2c.SharedPool@6263409c
      SharedPool[83] = class com.ibm.ejs.j2c.SharedPool@7e8d7bc2
      SharedPool[84] = class com.ibm.ejs.j2c.SharedPool@51ae9be7
      SharedPool[85] = class com.ibm.ejs.j2c.SharedPool@365348e9
      SharedPool[86] = class com.ibm.ejs.j2c.SharedPool@4ecc991f
      SharedPool[87] = class com.ibm.ejs.j2c.SharedPool@5b0aa86f
      SharedPool[88] = class com.ibm.ejs.j2c.SharedPool@7ede614a
      SharedPool[89] = class com.ibm.ejs.j2c.SharedPool@52e67a78
      SharedPool[90] = class com.ibm.ejs.j2c.SharedPool@78c8155a
      SharedPool[91] = class com.ibm.ejs.j2c.SharedPool@760f83fc
      SharedPool[92] = class com.ibm.ejs.j2c.SharedPool@7b567846
      SharedPool[93] = class com.ibm.ejs.j2c.SharedPool@1a02f8ee
      SharedPool[94] = class com.ibm.ejs.j2c.SharedPool@22585c31
      SharedPool[95] = class com.ibm.ejs.j2c.SharedPool@28c22be5
      SharedPool[96] = class com.ibm.ejs.j2c.SharedPool@609ee2f3
      SharedPool[97] = class com.ibm.ejs.j2c.SharedPool@6d56a386
      SharedPool[98] = class com.ibm.ejs.j2c.SharedPool@d0fc3c9
      SharedPool[99] = class com.ibm.ejs.j2c.SharedPool@342b4c8e
      SharedPool[100] = class com.ibm.ejs.j2c.SharedPool@2335b982
      SharedPool[101] = class com.ibm.ejs.j2c.SharedPool@7ba774f1
      SharedPool[102] = class com.ibm.ejs.j2c.SharedPool@845e1c7
      SharedPool[103] = class com.ibm.ejs.j2c.SharedPool@6664837d
      SharedPool[104] = class com.ibm.ejs.j2c.SharedPool@6893cf9a
      SharedPool[105] = class com.ibm.ejs.j2c.SharedPool@28d32e85
      SharedPool[106] = class com.ibm.ejs.j2c.SharedPool@f3fa981
      SharedPool[107] = class com.ibm.ejs.j2c.SharedPool@4d82bc70
      SharedPool[108] = class com.ibm.ejs.j2c.SharedPool@3b1b5545
      SharedPool[109] = class com.ibm.ejs.j2c.SharedPool@a8de3a5
      SharedPool[110] = class com.ibm.ejs.j2c.SharedPool@780c20d4
      SharedPool[111] = class com.ibm.ejs.j2c.SharedPool@20b57299
      SharedPool[112] = class com.ibm.ejs.j2c.SharedPool@4165aab7
      SharedPool[113] = class com.ibm.ejs.j2c.SharedPool@2410e9f5
      SharedPool[114] = class com.ibm.ejs.j2c.SharedPool@3d036723
      SharedPool[115] = class com.ibm.ejs.j2c.SharedPool@3629fba0
      SharedPool[116] = class com.ibm.ejs.j2c.SharedPool@5af5dfc0
      SharedPool[117] = class com.ibm.ejs.j2c.SharedPool@7909da2a
      SharedPool[118] = class com.ibm.ejs.j2c.SharedPool@5f159057
      SharedPool[119] = class com.ibm.ejs.j2c.SharedPool@269894ee
      SharedPool[120] = class com.ibm.ejs.j2c.SharedPool@52e74422
      SharedPool[121] = class com.ibm.ejs.j2c.SharedPool@65081cde
      SharedPool[122] = class com.ibm.ejs.j2c.SharedPool@166caf00
      SharedPool[123] = class com.ibm.ejs.j2c.SharedPool@74b166c7
      SharedPool[124] = class com.ibm.ejs.j2c.SharedPool@1c1ffa27
      SharedPool[125] = class com.ibm.ejs.j2c.SharedPool@39d4fb96
      SharedPool[126] = class com.ibm.ejs.j2c.SharedPool@4a334703
      SharedPool[127] = class com.ibm.ejs.j2c.SharedPool@354b87dc
      SharedPool[128] = class com.ibm.ejs.j2c.SharedPool@56668d90
      SharedPool[129] = class com.ibm.ejs.j2c.SharedPool@48f0d481
      SharedPool[130] = class com.ibm.ejs.j2c.SharedPool@18ab89c3
      SharedPool[131] = class com.ibm.ejs.j2c.SharedPool@71b7986d
      SharedPool[132] = class com.ibm.ejs.j2c.SharedPool@135f91c6
      SharedPool[133] = class com.ibm.ejs.j2c.SharedPool@5dc50bf0
      SharedPool[134] = class com.ibm.ejs.j2c.SharedPool@1964741a
      SharedPool[135] = class com.ibm.ejs.j2c.SharedPool@54ddf3ab
      SharedPool[136] = class com.ibm.ejs.j2c.SharedPool@3b639957
      SharedPool[137] = class com.ibm.ejs.j2c.SharedPool@4e8c9f40
      SharedPool[138] = class com.ibm.ejs.j2c.SharedPool@7472e62f
      SharedPool[139] = class com.ibm.ejs.j2c.SharedPool@4f0913a1
      SharedPool[140] = class com.ibm.ejs.j2c.SharedPool@68078236
      SharedPool[141] = class com.ibm.ejs.j2c.SharedPool@42db66e9
      SharedPool[142] = class com.ibm.ejs.j2c.SharedPool@21fba303
      SharedPool[143] = class com.ibm.ejs.j2c.SharedPool@26e83886
      SharedPool[144] = class com.ibm.ejs.j2c.SharedPool@72aa185f
      SharedPool[145] = class com.ibm.ejs.j2c.SharedPool@6b5fd4cd
      SharedPool[146] = class com.ibm.ejs.j2c.SharedPool@17c0811e
      SharedPool[147] = class com.ibm.ejs.j2c.SharedPool@708ba768
      SharedPool[148] = class com.ibm.ejs.j2c.SharedPool@52c121c6
      SharedPool[149] = class com.ibm.ejs.j2c.SharedPool@47ad6eef
      SharedPool[150] = class com.ibm.ejs.j2c.SharedPool@5476cf75
      SharedPool[151] = class com.ibm.ejs.j2c.SharedPool@79eb8274
      SharedPool[152] = class com.ibm.ejs.j2c.SharedPool@227f439e
      SharedPool[153] = class com.ibm.ejs.j2c.SharedPool@e099b28
      SharedPool[154] = class com.ibm.ejs.j2c.SharedPool@6c66f0fb
      SharedPool[155] = class com.ibm.ejs.j2c.SharedPool@493b2721
      SharedPool[156] = class com.ibm.ejs.j2c.SharedPool@1100ee2b
      SharedPool[157] = class com.ibm.ejs.j2c.SharedPool@5392f7f8
      SharedPool[158] = class com.ibm.ejs.j2c.SharedPool@8282459
      SharedPool[159] = class com.ibm.ejs.j2c.SharedPool@183a1852
      SharedPool[160] = class com.ibm.ejs.j2c.SharedPool@eddccc8
      SharedPool[161] = class com.ibm.ejs.j2c.SharedPool@4ab4d7dc
      SharedPool[162] = class com.ibm.ejs.j2c.SharedPool@377383f
      SharedPool[163] = class com.ibm.ejs.j2c.SharedPool@4bc7588b
      SharedPool[164] = class com.ibm.ejs.j2c.SharedPool@2b9c76b7
      SharedPool[165] = class com.ibm.ejs.j2c.SharedPool@477a4e2f
      SharedPool[166] = class com.ibm.ejs.j2c.SharedPool@7df6203f
      SharedPool[167] = class com.ibm.ejs.j2c.SharedPool@c043c0a
      SharedPool[168] = class com.ibm.ejs.j2c.SharedPool@44e5daf3
      SharedPool[169] = class com.ibm.ejs.j2c.SharedPool@51fbff76
      SharedPool[170] = class com.ibm.ejs.j2c.SharedPool@1d40caae
      SharedPool[171] = class com.ibm.ejs.j2c.SharedPool@30895160
      SharedPool[172] = class com.ibm.ejs.j2c.SharedPool@5a5137c0
      SharedPool[173] = class com.ibm.ejs.j2c.SharedPool@545f73b3
      SharedPool[174] = class com.ibm.ejs.j2c.SharedPool@4fd1d62c
      SharedPool[175] = class com.ibm.ejs.j2c.SharedPool@35299ce7
      SharedPool[176] = class com.ibm.ejs.j2c.SharedPool@661542b5
      SharedPool[177] = class com.ibm.ejs.j2c.SharedPool@4978772f
      SharedPool[178] = class com.ibm.ejs.j2c.SharedPool@859a89a
      SharedPool[179] = class com.ibm.ejs.j2c.SharedPool@71eec3d2
      SharedPool[180] = class com.ibm.ejs.j2c.SharedPool@3da227b0
      SharedPool[181] = class com.ibm.ejs.j2c.SharedPool@37e9ee24
      SharedPool[182] = class com.ibm.ejs.j2c.SharedPool@72319d3b
      SharedPool[183] = class com.ibm.ejs.j2c.SharedPool@75c630fc
      SharedPool[184] = class com.ibm.ejs.j2c.SharedPool@59750653
      SharedPool[185] = class com.ibm.ejs.j2c.SharedPool@21155b97
      SharedPool[186] = class com.ibm.ejs.j2c.SharedPool@5f33d2cb
      SharedPool[187] = class com.ibm.ejs.j2c.SharedPool@1b364801
      SharedPool[188] = class com.ibm.ejs.j2c.SharedPool@6a8092aa
      SharedPool[189] = class com.ibm.ejs.j2c.SharedPool@6142a58e
      SharedPool[190] = class com.ibm.ejs.j2c.SharedPool@202696e7
      SharedPool[191] = class com.ibm.ejs.j2c.SharedPool@9f9a4a2
      SharedPool[192] = class com.ibm.ejs.j2c.SharedPool@756dddd0
      SharedPool[193] = class com.ibm.ejs.j2c.SharedPool@670262f5
      SharedPool[194] = class com.ibm.ejs.j2c.SharedPool@1398d54e
      SharedPool[195] = class com.ibm.ejs.j2c.SharedPool@71df874
      SharedPool[196] = class com.ibm.ejs.j2c.SharedPool@43858081
      SharedPool[197] = class com.ibm.ejs.j2c.SharedPool@37e447ce
      SharedPool[198] = class com.ibm.ejs.j2c.SharedPool@6283c6d9
      SharedPool[199] = class com.ibm.ejs.j2c.SharedPool@a355ca5
    freePool = class com.ibm.ejs.j2c.FreePool[100]
      FreePool[0] = class com.ibm.ejs.j2c.FreePool@637d3554
      FreePool[1] = class com.ibm.ejs.j2c.FreePool@6b43d4f
      FreePool[2] = class com.ibm.ejs.j2c.FreePool@5453fe93
      FreePool[3] = class com.ibm.ejs.j2c.FreePool@334dedd0
      FreePool[4] = class com.ibm.ejs.j2c.FreePool@3910b978
      FreePool[5] = class com.ibm.ejs.j2c.FreePool@1e69a550
      FreePool[6] = class com.ibm.ejs.j2c.FreePool@55056768
      FreePool[7] = class com.ibm.ejs.j2c.FreePool@9fa3375
      FreePool[8] = class com.ibm.ejs.j2c.FreePool@359d904b
      FreePool[9] = class com.ibm.ejs.j2c.FreePool@668de08d
      FreePool[10] = class com.ibm.ejs.j2c.FreePool@184de513
      FreePool[11] = class com.ibm.ejs.j2c.FreePool@40f41cf4
      FreePool[12] = class com.ibm.ejs.j2c.FreePool@19b2d369
      FreePool[13] = class com.ibm.ejs.j2c.FreePool@10b2c15a
      FreePool[14] = class com.ibm.ejs.j2c.FreePool@67a0db22
      FreePool[15] = class com.ibm.ejs.j2c.FreePool@7d3789e
      FreePool[16] = class com.ibm.ejs.j2c.FreePool@8f5ca96
      FreePool[17] = class com.ibm.ejs.j2c.FreePool@ecb62c3
      FreePool[18] = class com.ibm.ejs.j2c.FreePool@6fd3c1f3
      FreePool[19] = class com.ibm.ejs.j2c.FreePool@7358431f
      FreePool[20] = class com.ibm.ejs.j2c.FreePool@555f9698
      FreePool[21] = class com.ibm.ejs.j2c.FreePool@572b8a
      FreePool[22] = class com.ibm.ejs.j2c.FreePool@71faae2a
      FreePool[23] = class com.ibm.ejs.j2c.FreePool@400b5bb1
      FreePool[24] = class com.ibm.ejs.j2c.FreePool@69c9fe7e
      FreePool[25] = class com.ibm.ejs.j2c.FreePool@507b93b6
      FreePool[26] = class com.ibm.ejs.j2c.FreePool@7454ec6d
      FreePool[27] = class com.ibm.ejs.j2c.FreePool@6e18f785
      FreePool[28] = class com.ibm.ejs.j2c.FreePool@4884ce36
      FreePool[29] = class com.ibm.ejs.j2c.FreePool@44ee12b3
      FreePool[30] = class com.ibm.ejs.j2c.FreePool@178aa9c7
      FreePool[31] = class com.ibm.ejs.j2c.FreePool@3e87d06c
      FreePool[32] = class com.ibm.ejs.j2c.FreePool@509c4cf4
      FreePool[33] = class com.ibm.ejs.j2c.FreePool@64d3b7de
      FreePool[34] = class com.ibm.ejs.j2c.FreePool@2655ee12
      FreePool[35] = class com.ibm.ejs.j2c.FreePool@26d15e04
      FreePool[36] = class com.ibm.ejs.j2c.FreePool@14985dc6
      FreePool[37] = class com.ibm.ejs.j2c.FreePool@6d0c75cc
      FreePool[38] = class com.ibm.ejs.j2c.FreePool@64a03301
      FreePool[39] = class com.ibm.ejs.j2c.FreePool@48ad60ef
      FreePool[40] = class com.ibm.ejs.j2c.FreePool@1e0d7251
      FreePool[41] = class com.ibm.ejs.j2c.FreePool@1021d649
      FreePool[42] = class com.ibm.ejs.j2c.FreePool@757cd777
      FreePool[43] = class com.ibm.ejs.j2c.FreePool@56f56b2f
      FreePool[44] = class com.ibm.ejs.j2c.FreePool@239f045a
      FreePool[45] = class com.ibm.ejs.j2c.FreePool@3d121dfe
      FreePool[46] = class com.ibm.ejs.j2c.FreePool@2e46a244
      FreePool[47] = class com.ibm.ejs.j2c.FreePool@531718b0
      FreePool[48] = class com.ibm.ejs.j2c.FreePool@8f16b5c
      FreePool[49] = class com.ibm.ejs.j2c.FreePool@25216a51
      FreePool[50] = class com.ibm.ejs.j2c.FreePool@3e6ea833
      FreePool[51] = class com.ibm.ejs.j2c.FreePool@55d7f5d6
      FreePool[52] = class com.ibm.ejs.j2c.FreePool@567fcfbb
      FreePool[53] = class com.ibm.ejs.j2c.FreePool@78a244c7
      FreePool[54] = class com.ibm.ejs.j2c.FreePool@334654d0
      FreePool[55] = class com.ibm.ejs.j2c.FreePool@59557e2b
      FreePool[56] = class com.ibm.ejs.j2c.FreePool@717f70ad
      FreePool[57] = class com.ibm.ejs.j2c.FreePool@1b919639
      FreePool[58] = class com.ibm.ejs.j2c.FreePool@1af0b14f
      FreePool[59] = class com.ibm.ejs.j2c.FreePool@6826301c
      FreePool[60] = class com.ibm.ejs.j2c.FreePool@62d6dfad
      FreePool[61] = class com.ibm.ejs.j2c.FreePool@75e1ad90
      FreePool[62] = class com.ibm.ejs.j2c.FreePool@6a0410aa
      FreePool[63] = class com.ibm.ejs.j2c.FreePool@33fb7b26
      FreePool[64] = class com.ibm.ejs.j2c.FreePool@6704f143
      FreePool[65] = class com.ibm.ejs.j2c.FreePool@1ff15d1e
      FreePool[66] = class com.ibm.ejs.j2c.FreePool@55ba9f0a
      FreePool[67] = class com.ibm.ejs.j2c.FreePool@3df0ecd0
      FreePool[68] = class com.ibm.ejs.j2c.FreePool@7d3e9cc4
      FreePool[69] = class com.ibm.ejs.j2c.FreePool@68b237d0
      FreePool[70] = class com.ibm.ejs.j2c.FreePool@69f1b703
      FreePool[71] = class com.ibm.ejs.j2c.FreePool@535d4081
      FreePool[72] = class com.ibm.ejs.j2c.FreePool@5a8c2e92
      FreePool[73] = class com.ibm.ejs.j2c.FreePool@23799ea4
      FreePool[74] = class com.ibm.ejs.j2c.FreePool@47d46c67
      FreePool[75] = class com.ibm.ejs.j2c.FreePool@7e347554
      FreePool[76] = class com.ibm.ejs.j2c.FreePool@45f72cbe
      FreePool[77] = class com.ibm.ejs.j2c.FreePool@2a14061a
      FreePool[78] = class com.ibm.ejs.j2c.FreePool@4e47f06b
      FreePool[79] = class com.ibm.ejs.j2c.FreePool@1384b222
      FreePool[80] = class com.ibm.ejs.j2c.FreePool@6f6afe30
      FreePool[81] = class com.ibm.ejs.j2c.FreePool@65440111
      FreePool[82] = class com.ibm.ejs.j2c.FreePool@14f1617a
      FreePool[83] = class com.ibm.ejs.j2c.FreePool@22d2d464
      FreePool[84] = class com.ibm.ejs.j2c.FreePool@1a713570
      FreePool[85] = class com.ibm.ejs.j2c.FreePool@5f78f3a6
      FreePool[86] = class com.ibm.ejs.j2c.FreePool@401db382
      FreePool[87] = class com.ibm.ejs.j2c.FreePool@74d82e11
      FreePool[88] = class com.ibm.ejs.j2c.FreePool@67914f4f
      FreePool[89] = class com.ibm.ejs.j2c.FreePool@7fec75d8
      FreePool[90] = class com.ibm.ejs.j2c.FreePool@52405804
      FreePool[91] = class com.ibm.ejs.j2c.FreePool@675d5cfb
      FreePool[92] = class com.ibm.ejs.j2c.FreePool@adb9c68
      FreePool[93] = class com.ibm.ejs.j2c.FreePool@16857a5e
      FreePool[94] = class com.ibm.ejs.j2c.FreePool@465590f2
      FreePool[95] = class com.ibm.ejs.j2c.FreePool@4be2b647
      FreePool[96] = class com.ibm.ejs.j2c.FreePool@1d8c4b8f
      FreePool[97] = class com.ibm.ejs.j2c.FreePool@206685ea
      FreePool[98] = class com.ibm.ejs.j2c.FreePool@4ade5314
      FreePool[99] = class com.ibm.ejs.j2c.FreePool@14508486
    mcWrapperWaiterList = class com.ibm.ejs.j2c.MCWrapperList@63f9349
      serialVersionUID = -4093886924342827512
      serialVersionUID = 8683452581122892189
      DEFAULT_CAPACITY = 10
      EMPTY_ELEMENTDATA = class java.lang.Object[0]
      DEFAULTCAPACITY_EMPTY_ELEMENTDATA = class java.lang.Object[0]
      elementData = class java.lang.Object[50]
      size = 0
      MAX_ARRAY_SIZE = 2147483639
      modCount = 0
      MAX_ARRAY_SIZE = 2147483639
    mcToMCWMap = class java.util.HashMap@40c260d5
      serialVersionUID = 362498820763181265
      DEFAULT_INITIAL_CAPACITY = 16
      MAXIMUM_CAPACITY = 1073741824
      DEFAULT_LOAD_FACTOR = 0.75
      TREEIFY_THRESHOLD = 8
      UNTREEIFY_THRESHOLD = 6
      MIN_TREEIFY_CAPACITY = 64
      table = class java.util.HashMap$Node[64]
      entrySet = null
      size = 0
      modCount = 2
      threshold = 48
      loadFactor = 0.75
      keySet = null
      values = class java.util.HashMap$Values@2c4e6efc
    rwl = class java.util.concurrent.locks.ReentrantReadWriteLock@71de8511
      serialVersionUID = -6992448646407690164
      readerLock = class java.util.concurrent.locks.ReentrantReadWriteLock$ReadLock@61807571
      writerLock = class java.util.concurrent.locks.ReentrantReadWriteLock$WriteLock@1b5f17d3
      sync = class java.util.concurrent.locks.ReentrantReadWriteLock$NonfairSync@3adfd1f7
      UNSAFE = class sun.misc.Unsafe@6a7412be
      TID_OFFSET = 40
    mcToMCWMapRead = class java.util.concurrent.locks.ReentrantReadWriteLock$ReadLock@61807571
      serialVersionUID = -5992448646407690164
      sync = class java.util.concurrent.locks.ReentrantReadWriteLock$NonfairSync@3adfd1f7
    mcToMCWMapWrite = class java.util.concurrent.locks.ReentrantReadWriteLock$WriteLock@1b5f17d3
      serialVersionUID = -4992448646407690164
      sync = class java.util.concurrent.locks.ReentrantReadWriteLock$NonfairSync@3adfd1f7
    raClassLoader = null
    pmCounterLock = 0
    destroyMCWrapperListLock = 0
    totalConnectionCount = class java.util.concurrent.atomic.AtomicInteger@48c808a5
      serialVersionUID = 6214790243416807050
      unsafe = class sun.misc.Unsafe@6a7412be
      valueOffset = 12
      value = 1
      serialVersionUID = -8742448824652078965
    poolManagerBalancePoolLock = 0
    waiterFreePoolLock = 0
    waiterCount = 0
    allowConnectionRequests = true
    connectionPoolShutDown = false
    poolManagerTestConnectionLock = 0
    collectorCount = 0
    mcWrappersToDestroy = class java.util.ArrayList@4d3beaa0
      serialVersionUID = 8683452581122892189
      DEFAULT_CAPACITY = 10
      EMPTY_ELEMENTDATA = class java.lang.Object[0]
      DEFAULTCAPACITY_EMPTY_ELEMENTDATA = class java.lang.Object[0]
      elementData = class java.lang.Object[50]
      size = 0
      MAX_ARRAY_SIZE = 2147483639
      modCount = 0
      MAX_ARRAY_SIZE = 2147483639
    mcWrapperDoesExistInFreePool = true
    synchronizedAllReady = false
    dontNotifyWaiter = true
    dontDecrementTotalCounter = false
    unusedTimeoutEnabled = false
    connectionTimeout = 30
    maxConnections = 50
    minConnections = 0
    purgePolicy = class com.ibm.ws.jca.adapter.PurgePolicy@72032cc9
    reapTime = 180
    unusedTimeout = 1800
    agedTimeout = -1
    agedTimeoutMillis = -1000
    holdTimeLimit = 10
    maxSharedBuckets = 200
    maxFreePoolHashSize = 100
    maxNumberOfMCsAllowableInThread = 0
    throwExceptionOnMCThreadCheck = false
    waitersStartedTime = 0
    waitersEndedTime = 0
    parkedMCWrapper = null
    createParkedConnection = false
    parkedConnectionLockObject = 0
    totalPoolConnectionRequests = 0
    am = class com.ibm.ws.threading.internal.SchedulingHelper@2ff2258b
      m_task = class com.ibm.ejs.j2c.PoolManager@4c809fab
      m_isDone = false
      m_cancelResult = false
      m_schedFuture = class java.util.concurrent.ScheduledThreadPoolExecutor$ScheduledFutureTask@3ae923ce
      m_coordinationLatch = class java.util.concurrent.CountDownLatch@7da4e369
      m_executor = class com.ibm.ws.threading.internal.ExecutorServiceImpl@40fb36d9
      m_defaultFuture = null
      m_pendingException = null
      m_scheduledExecutorQueue = class java.util.concurrent.ScheduledThreadPoolExecutor$DelayedWorkQueue@61152691
      serialVersionUID = 7282479981152960512
      $$$tc$$$ = class com.ibm.websphere.ras.TraceComponent@12462615
    amLockObject = 0
    pmQuiesced = false
    activeRequest = class java.util.concurrent.atomic.AtomicInteger@4c704e29
      serialVersionUID = 6214790243416807050
      unsafe = class sun.misc.Unsafe@6a7412be
      valueOffset = 12
      value = 1
      serialVersionUID = -8742448824652078965
    updateToPoolInProgressLockObject = 0
    updateToPoolInProgress = false
    updateToPoolInProgressSleepTime = 250
    activeTLSRequest = class java.util.concurrent.atomic.AtomicInteger@4475ea22
      serialVersionUID = 6214790243416807050
      unsafe = class sun.misc.Unsafe@6a7412be
      valueOffset = 12
      value = 0
      serialVersionUID = -8742448824652078965
    updateToTLSPoolInProgressLockObject = 0
    updateToTLSPoolInProgress = class java.util.concurrent.atomic.AtomicBoolean@560976e6
      serialVersionUID = 4654671469794556979
      unsafe = class sun.misc.Unsafe@6a7412be
      valueOffset = 12
      value = 0
    updateToTLSPoolInProgressSleepTime = 250
    writer = class com.ibm.ejs.cm.logger.TraceWriter@6869cfd1
      destination = class com.ibm.ejs.ras.TraceComponent@67c4fa6b
      tc = class com.ibm.websphere.ras.TraceComponent@3288d400
      buf = class java.lang.StringBuffer@2cada537
      writeBuffer = null
      WRITE_BUFFER_SIZE = 1024
      lock = class java.lang.StringBuffer@2cada537
    traceWriter = class com.ibm.ejs.cm.logger.TraceWriter@6869cfd1
    printWriter = class java.io.PrintWriter@26a6c5f3
      out = class com.ibm.ejs.cm.logger.TraceWriter@6869cfd1
      autoFlush = false
      trouble = false
      formatter = null
      psOut = null
      lineSeparator = "
"
      writeBuffer = null
      WRITE_BUFFER_SIZE = 1024
      lock = class com.ibm.ejs.cm.logger.TraceWriter@6869cfd1
    tscdList = class java.util.Vector@4de90fff
      elementData = class java.lang.Object[10]
      elementCount = 0
      capacityIncrement = 0
      serialVersionUID = -2767605614048989439
      MAX_ARRAY_SIZE = 2147483639
      modCount = 0
      MAX_ARRAY_SIZE = 2147483639
    logSerialReuseMessage = true
    _quiesce = false
    _quiesceTime = null
    nonDeferredReaperAlarm = false
    claimedVictimPercent = 0.0
    enableInuseConnectionDestroy = true
    localConnection_ = null
    maxCapacity = 0
    isThreadLocalConnectionEnabled = false
    getConnectionMap = class java.util.concurrent.ConcurrentHashMap@76fbb46d
      serialVersionUID = 7249069246763182397
      MAXIMUM_CAPACITY = 1073741824
      DEFAULT_CAPACITY = 16
      MAX_ARRAY_SIZE = 2147483639
      DEFAULT_CONCURRENCY_LEVEL = 16
      LOAD_FACTOR = 0.75
      TREEIFY_THRESHOLD = 8
      UNTREEIFY_THRESHOLD = 6
      MIN_TREEIFY_CAPACITY = 64
      MIN_TRANSFER_STRIDE = 16
      RESIZE_STAMP_BITS = 16
      MAX_RESIZERS = 65535
      RESIZE_STAMP_SHIFT = 16
      MOVED = -1
      TREEBIN = -2
      RESERVED = -3
      HASH_BITS = 2147483647
      NCPU = 8
      serialPersistentFields = class java.io.ObjectStreamField[3]
      table = null
      nextTable = null
      baseCount = 0
      sizeCtl = 0
      transferIndex = 0
      cellsBusy = 0
      counterCells = null
      keySet = null
      values = null
      entrySet = null
      U = class sun.misc.Unsafe@6a7412be
      SIZECTL = 20
      TRANSFERINDEX = 32
      BASECOUNT = 24
      CELLSBUSY = 36
      CELLVALUE = 144
      ABASE = 16
      ASHIFT = 2
      keySet = null
      values = null
    alarmThreadCounter = class java.util.concurrent.atomic.AtomicInteger@66e26e1c
      serialVersionUID = 6214790243416807050
      unsafe = class sun.misc.Unsafe@6a7412be
      valueOffset = 12
      value = 1
      serialVersionUID = -8742448824652078965
  _supportsReAuth = false
  hashMapBucket = 1
  sharedPoolCoordinator = null
  unSharedPoolCoordinator = null
  mcWrapperList = class com.ibm.ejs.j2c.MCWrapperList@3e1e5ac5
    serialVersionUID = -4093886924342827512
    serialVersionUID = 8683452581122892189
    DEFAULT_CAPACITY = 10
    EMPTY_ELEMENTDATA = class java.lang.Object[0]
    DEFAULTCAPACITY_EMPTY_ELEMENTDATA = class java.lang.Object[0]
    elementData = class java.lang.Object[50]
      Object[0] = null
      Object[1] = null
      Object[2] = null
      Object[3] = null
      Object[4] = null
      Object[5] = null
      Object[6] = null
      Object[7] = null
      Object[8] = null
      Object[9] = null
      Object[10] = null
      Object[11] = null
      Object[12] = null
      Object[13] = null
      Object[14] = null
      Object[15] = null
      Object[16] = null
      Object[17] = null
      Object[18] = null
      Object[19] = null
      Object[20] = null
      Object[21] = null
      Object[22] = null
      Object[23] = null
      Object[24] = null
      Object[25] = null
      Object[26] = null
      Object[27] = null
      Object[28] = null
      Object[29] = null
      Object[30] = null
      Object[31] = null
      Object[32] = null
      Object[33] = null
      Object[34] = null
      Object[35] = null
      Object[36] = null
      Object[37] = null
      Object[38] = null
      Object[39] = null
      Object[40] = null
      Object[41] = null
      Object[42] = null
      Object[43] = null
      Object[44] = null
      Object[45] = null
      Object[46] = null
      Object[47] = null
      Object[48] = null
      Object[49] = null
    size = 0
    MAX_ARRAY_SIZE = 2147483639
    modCount = 2
    MAX_ARRAY_SIZE = 2147483639
  currentSharedPool = null
  isParkedWrapper = false
  _hashMapBucketReAuth = 0
  _subject = null
  _cri = class com.ibm.ws.rsadapter.impl.WSConnectionRequestInfoImpl@8cf8d2a
    strings[0] = "_______________________________________________________________________"
    strings[1] = ""
    strings[2] = "    First Failure Data Capture information for"
    strings[3] = "          com.ibm.ws.rsadapter.impl.WSConnectionRequestInfoImpl@8cf8d2a"
    strings[4] = "_______________________________________________________________________"
    strings[5] = ""
    changable CRI = ""
    strings[7] = "  false
"
    strings[8] = "User Name:"
    strings[9] = "  null
"
    strings[10] = "Password:"
    strings[11] = "  null
"
    strings[12] = "Isolation Level:"
    strings[13] = "  READ COMMITTED (2)
"
    strings[14] = "Catalog:"
    strings[15] = "  null
"
    strings[16] = "Schema:"
    strings[17] = "  null
"
    strings[18] = "Sharding key:"
    strings[19] = "  null
"
    strings[20] = "Super Sharding key:"
    strings[21] = "  null
"
    strings[22] = "Is Read Only?"
    strings[23] = "  null
"
    strings[24] = "Type Map:"
    strings[25] = "  null
"
    strings[26] = "Cursor Holdability:"
    strings[27] = "  DEFAULT CURSOR HOLDABILITY VALUE (0)
"
    strings[28] = "Config ID: 2
"
    strings[29] = "Hash Code:"
    strings[30] = "  2
"
    strings[31] = "Support isolation switching on connection:"
    strings[32] = "  false
"
    gssName = "
"
    strings[34] = "null
"
    gssCredential = "
"
    strings[36] = "null
"
  cm = class com.ibm.ejs.j2c.ConnectionManager@702206c0
    serialVersionUID = -3078170792213348926
    tc = class com.ibm.websphere.ras.TraceComponent@71f6b7f0
      strings[0] = "TraceComponent[com.ibm.ejs.j2c.ConnectionManager,class com.ibm.ejs.j2c.ConnectionManager,[WAS.j2c],com.ibm.ws.j2c.resources.J2CAMessages,null]"
    ConnLeakLogic = class com.ibm.websphere.ras.TraceComponent@78765759
      strings[0] = "TraceComponent[com.ibm.ejs.j2c.ConnectionManager,class com.ibm.ejs.j2c.ConnectionManager,[ConnLeakLogic],com.ibm.ws.j2c.resources.J2CAMessages,null]"
    connectionFactorySvc = class com.ibm.ws.jdbc.DataSourceService@72eda819
      tc = class com.ibm.websphere.ras.TraceComponent@6d85f255
      priv = class com.ibm.ws.kernel.service.util.SecureAction@6b7f75b0
      CONNECTION_MANAGER = "connectionManager"
      DATASOURCE = "dataSource"
      FACTORY_PID = "com.ibm.ws.jdbc.dataSource"
      JDBC_DRIVER = "driver"
      SUPPORT_EXTENSIONS = "supportExtensions"
      TARGET_CONNECTION_MANAGER = "connectionManager.target"
      TARGET_CONTAINER_AUTH_DATA = "containerAuthData.target"
      TARGET_JDBC_DRIVER = "driver.target"
      TARGET_RECOVERY_AUTH_DATA = "recoveryAuthData.target"
      UNIQUE_JNDI_NAME = "jndiName.unique"
      DECLARING_APPLICATION = "declaringApplication"
      WPROPS_TO_SKIP = class java.util.HashSet@7f22e4e0
      componentContext = class org.apache.felix.scr.impl.manager.ComponentContextImpl@47dc5ee3
      connectorSvc = class com.ibm.ejs.j2c.ConnectorServiceImpl@5331cb48
      dsConfigRef = class java.util.concurrent.atomic.AtomicReference@57b8862a
      vendorImplClassName = "com.mysql.cj.jdbc.MysqlConnectionPoolDataSource"
      destroyWasDeferred = true
      embDerbyRefCount = class java.util.concurrent.ConcurrentLinkedQueue@47fabb98
      id = "dataSource[default-0]"
      isDerbyEmbedded = false
      isUCP = false
      sentUCPConnMgrPropsIgnoredInfoMessage = false
      sentUCPDataSourcePropsIgnoredInfoMessage = false
      jdbcDriverSvc = class com.ibm.ws.jdbc.internal.JDBCDriverService@2f975263
      jdbcRuntime = class com.ibm.ws.jdbc.osgi.v42.JDBC42Runtime@a993a34
      mcf = class com.ibm.ws.rsadapter.impl.WSManagedConnectionFactoryImpl@728f3945
      mcfPerClassLoader = null
      properties = class org.apache.felix.scr.impl.helper.ReadOnlyDictionary@1903649b
      tc = class com.ibm.websphere.ras.TraceComponent@76f6f55b
      ID = "id"
      DEFAULT_NESTED_PATTERN = class java.util.regex.Pattern@bb73a58
      DEFAULT_PATTERN = class java.util.regex.Pattern@1e266507
      THREAD_IDENTITY_NOT_ALLOWED = 0
      THREAD_IDENTITY_ALLOWED = 1
      THREAD_IDENTITY_REQUIRED = 2
      appsToRecycle = class java.util.Collections$SetFromMap@5dadb46d
      conMgrSvc = class com.ibm.ejs.j2c.ConnectionManagerServiceImpl@5f8834ff
      containerAuthDataRef = null
      jaasLoginContextEntryRef = null
      isInitialized = class java.util.concurrent.atomic.AtomicBoolean@6ddfb0ac
      isServerDefined = true
      lock = class java.util.concurrent.locks.ReentrantReadWriteLock@40fcfe4d
      recoveryAuthDataRef = null
    numberOfCMinstancesEverCreated = class java.util.concurrent.atomic.AtomicLong@a4cd30f
      serialVersionUID = 1927816293512124184
      unsafe = class sun.misc.Unsafe@6a7412be
      valueOffset = 16
      VM_SUPPORTS_LONG_CAS = true
      value = 0
      serialVersionUID = -8742448824652078965
    cfDetailsKey = "dataSource[default-0]00100-1"
    cmConfig = class com.ibm.ejs.j2c.CMConfigDataImpl@13704f08
      serialVersionUID = 2034951388889375702
      res_sharing_scope = true
      res_isolation_level = 0
      res_resolution_control = 999
      res_auth = 1
      cf_name = "undefined"
      jndiName = "jdbc/myDB"
      cfDetailsKey = "dataSource[default-0]00100-1"
      _CfKey = "dataSource[default-0]"
      loginConfigurationName = null
      loginConfigProperties = null
      loginConfigPropsKeyString = null
      _commitPriority = 0
      _branchCoupling = -1
      qmid = null
      _ConfigDumpId = "jdbc/myDB"
      _resRefName = null
      _containerAlias = null
      TC = class com.ibm.websphere.ras.TraceComponent@4883652
      serialPersistentFields = class java.io.ObjectStreamField[14]
    qmidcmConfigMap = null
    shareable = true
    recoveryToken = 1
    securityHelper = class com.ibm.ejs.j2c.DefaultSecurityHelper@2fd018d0
      tc = class com.ibm.websphere.ras.TraceComponent@715bf73c
    isJDBC = true
    commitPriority = 0
    localTranSupportSet = false
    issuedSpnegoRecoveryWarning = false
    containerManagedAuth = false
    _pm = class com.ibm.ejs.j2c.PoolManager@4c809fab
    gConfigProps = class com.ibm.ejs.j2c.J2CGlobalConfigProperties@17665be5
    rrsTransactional = false
  createdTimeStamp = 1617414880242
  unusedTimeStamp = 1617414890596
  subjectCRIHashCode = 1
  poolState = class java.util.concurrent.atomic.AtomicInteger@407a265f
    serialVersionUID = 6214790243416807050
    unsafe = class sun.misc.Unsafe@6a7412be
      theUnsafe = class sun.misc.Unsafe@6a7412be
      INVALID_FIELD_OFFSET = -1
      ARRAY_BOOLEAN_BASE_OFFSET = 16
      ARRAY_BYTE_BASE_OFFSET = 16
      ARRAY_SHORT_BASE_OFFSET = 16
      ARRAY_CHAR_BASE_OFFSET = 16
      ARRAY_INT_BASE_OFFSET = 16
      ARRAY_LONG_BASE_OFFSET = 16
      ARRAY_FLOAT_BASE_OFFSET = 16
      ARRAY_DOUBLE_BASE_OFFSET = 16
      ARRAY_OBJECT_BASE_OFFSET = 16
      ARRAY_BOOLEAN_INDEX_SCALE = 1
      ARRAY_BYTE_INDEX_SCALE = 1
      ARRAY_SHORT_INDEX_SCALE = 2
      ARRAY_CHAR_INDEX_SCALE = 2
      ARRAY_INT_INDEX_SCALE = 4
      ARRAY_LONG_INDEX_SCALE = 8
      ARRAY_FLOAT_INDEX_SCALE = 4
      ARRAY_DOUBLE_INDEX_SCALE = 8
      ARRAY_OBJECT_INDEX_SCALE = 4
      ADDRESS_SIZE = 8
    valueOffset = 12
    value = 0
    serialVersionUID = -8742448824652078965
  alreadyBeingReleased = class java.util.concurrent.atomic.AtomicBoolean@c7e94e7
    serialVersionUID = 4654671469794556979
    unsafe = class sun.misc.Unsafe@6a7412be
    valueOffset = 12
    value = 1
  destroyState = false
  purgeState = false
  stale = true
  do_not_reuse_mcw = false
  inSharedPool = false
  recoveryToken = 1
  mcWrapperObject_hexString = "31157941"
  tc = class com.ibm.websphere.ras.TraceComponent@5851839a
    strings[0] = "TraceComponent[com.ibm.ejs.j2c.MCWrapper,class com.ibm.ejs.j2c.MCWrapper,[WAS.j2c],com.ibm.ws.j2c.resources.J2CAMessages,null]"
  nl = "
"
  initialRequestStackTrace = null
  threadId = null
  lastAllocationTime = 0
  threadName = null
  logWriterSet = false
  _transactionErrorOccurred = false
  holdTimeStart = 1617415282083
  gConfigProps = class com.ibm.ejs.j2c.J2CGlobalConfigProperties@17665be5
    tc = class com.ibm.websphere.ras.TraceComponent@746a2912
      strings[0] = "TraceComponent[com.ibm.ejs.j2c.J2CGlobalConfigProperties,class com.ibm.ejs.j2c.J2CGlobalConfigProperties,[WAS.j2c],com.ibm.ws.j2c.resources.J2CAMessages,null]"
    serialVersionUID = 3666445884103132373
    jndiName = "jdbc/myDB"
    XpathId = "dataSource[default-0]/connectionManager"
    cfName = "jdbc/myDB"
    logMissingTranContext = false
    validatingMCFSupported = true
    sendClaimedVictomToGetConnection = false
    raSupportsReauthentication = false
    transactionResourceRegistration = null
    checkManagedConnectionInstanceof = false
    checkManagedConnectionInstanceofLock = 0
    checkManagedConnectionInstanceofInitialized = true
    embeddedRa = false
    embeddedRaInitialized = false
    connectionSynchronizationProvider = false
    connectionSynchronizationProviderInitialized = false
    connectionPoolingEnabled = true
    connectionPoolingEnabledInitialized = false
    instanceOfDissociatableManagedConnection = true
    instanceOfDissociatableManagedConnectionInitialized = true
    commitPriority = 0
    transactionSupport = class javax.resource.spi.TransactionSupport$TransactionSupportLevel@6db1ec06
      NoTransaction = class javax.resource.spi.TransactionSupport$TransactionSupportLevel@655b44ea
      LocalTransaction = class javax.resource.spi.TransactionSupport$TransactionSupportLevel@7014a5b8
      XATransaction = class javax.resource.spi.TransactionSupport$TransactionSupportLevel@6db1ec06
      $VALUES = class javax.resource.spi.TransactionSupport$TransactionSupportLevel[3]
      name = "XATransaction"
      ordinal = 2
    dynamicEnlistmentSupported = true
    smartHandleSupport = true
    cciLocalTranSupported = true
    connectionTimeout = 30
    autoCloseConnections = false
    maxConnections = 50
    minConnections = 0
    purgePolicy = class com.ibm.ws.jca.adapter.PurgePolicy@72032cc9
      EntirePool = class com.ibm.ws.jca.adapter.PurgePolicy@72032cc9
      FailingConnectionOnly = class com.ibm.ws.jca.adapter.PurgePolicy@136ec85c
      ValidateAllConnections = class com.ibm.ws.jca.adapter.PurgePolicy@460286ec
      $VALUES = class com.ibm.ws.jca.adapter.PurgePolicy[3]
      name = "EntirePool"
      ordinal = 0
    reapTime = 180
    unusedTimeout = 1800
    agedTimeout = -1
    agedTimeoutMillis = -1000
    stopPoolRequests = false
    maxSharedBuckets = 200
    maxFreePoolHashSize = 100
    holdTimeLimit = 10
    numConnectionsPerThreadLocal = 0
    orphanConnHoldTimeLimitSeconds = 10
    changeSupport = class java.beans.PropertyChangeSupport@1ebb5d2d
      map = class java.beans.PropertyChangeSupport$PropertyChangeListenerMap@515bea37
      source = class com.ibm.ejs.j2c.J2CGlobalConfigProperties@17665be5
      serialPersistentFields = class java.io.ObjectStreamField[3]
      serialVersionUID = 6401253773779951803
    vChangeSupport = class java.beans.VetoableChangeSupport@3102d0b2
      map = class java.beans.VetoableChangeSupport$VetoableChangeListenerMap@fd17953
      source = class com.ibm.ejs.j2c.J2CGlobalConfigProperties@17665be5
      serialPersistentFields = class java.io.ObjectStreamField[3]
      serialVersionUID = -5090210921595982017
    raMetaDataProps = null
    dsMetaDataProps = null
    callResourceAdapterStatMethods = false
    numberOfInuseConnections = 0
    numberOfInuseConnectionsLockObject = 0
    numberOfFreeConnections = 0
    numberOfFreeConnectionsLockObject = 0
    maxNumberOfMCsAllowableInThread = 0
    parkIfDissociateUnavailable = false
    throwExceptionOnMCThreadCheck = false
    appName = null
    modName = null
    compName = null
  currentUseStartTime = 0
  useStartTimeSet = false
  holdStartTimeSet = true
  totalUseTime = 0
  totalHoldTime = 0
  pretestThisConnection = false
  aborted = false
  qmidenabled = false

