------Start of DE processing------ = [4/6/21 23:28:32:664 EDT]
Exception = org.jboss.weld.exceptions.DeploymentException
Source = com.ibm.ws.container.service.state.internal.ApplicationStateManager
probeid = 54
Stack Dump = org.jboss.weld.exceptions.DeploymentException: WELD-001408: Unsatisfied dependencies for type AmadeusAPICaller with qualifiers @Default
  at injection point [BackedAnnotatedField] @Inject com.FlightLogix.Service.apis.BookingResource.apiCaller
  at com.FlightLogix.Service.apis.BookingResource.apiCaller(BookingResource.java:0)

	at org.jboss.weld.bootstrap.Validator.validateInjectionPointForDeploymentProblems(Validator.java:378)
	at org.jboss.weld.bootstrap.Validator.validateInjectionPoint(Validator.java:290)
	at org.jboss.weld.bootstrap.Validator.validateGeneralBean(Validator.java:143)
	at org.jboss.weld.bootstrap.Validator.validateRIBean(Validator.java:164)
	at org.jboss.weld.bootstrap.Validator.validateBean(Validator.java:526)
	at org.jboss.weld.bootstrap.ConcurrentValidator$1.doWork(ConcurrentValidator.java:64)
	at org.jboss.weld.bootstrap.ConcurrentValidator$1.doWork(ConcurrentValidator.java:62)
	at org.jboss.weld.executor.IterativeWorkerTaskFactory$1.call(IterativeWorkerTaskFactory.java:62)
	at org.jboss.weld.executor.IterativeWorkerTaskFactory$1.call(IterativeWorkerTaskFactory.java:55)
	at java.util.concurrent.FutureTask.run(FutureTask.java:266)
	at java.util.concurrent.ThreadPoolExecutor.runWorker(ThreadPoolExecutor.java:1149)
	at java.util.concurrent.ThreadPoolExecutor$Worker.run(ThreadPoolExecutor.java:624)
	at java.lang.Thread.run(Thread.java:748)

Dump of callerThis
Object type = com.ibm.ws.container.service.state.internal.ApplicationStateManager
  serialVersionUID = -6685368059484454124
  $$$tc$$$ = class com.ibm.websphere.ras.TraceComponent@426f1ff
    strings[0] = "TraceComponent[com.ibm.ws.container.service.state.internal.ApplicationStateManager,class com.ibm.ws.container.service.state.internal.ApplicationStateManager,[Runtime],null,null]"
  listeners = class com.ibm.wsspi.kernel.service.utils.ConcurrentServiceReferenceSet@2ad5a1b
    referenceName = "applicationStateListeners"
    contextRef = class java.util.concurrent.atomic.AtomicReference@7e5aad05
      serialVersionUID = -1848883965231344442
      unsafe = class sun.misc.Unsafe@524edd75
      valueOffset = 12
      value = class org.apache.felix.scr.impl.manager.ComponentContextImpl@79197511
    elementMap = class java.util.LinkedHashMap@2827d56f
      serialVersionUID = 3801124242820219131
      head = class java.util.LinkedHashMap$Entry@284636c4
      tail = class java.util.LinkedHashMap$Entry@3e5c020e
      accessOrder = false
      serialVersionUID = 362498820763181265
      DEFAULT_INITIAL_CAPACITY = 16
      MAXIMUM_CAPACITY = 1073741824
      DEFAULT_LOAD_FACTOR = 0.75
      TREEIFY_THRESHOLD = 8
      UNTREEIFY_THRESHOLD = 6
      MIN_TREEIFY_CAPACITY = 64
      table = class java.util.HashMap$Node[16]
      entrySet = null
      size = 6
      modCount = 6
      threshold = 12
      loadFactor = 0.75
      keySet = null
      values = null
    elementSet = class java.util.concurrent.ConcurrentSkipListSet@6bca73df
      serialVersionUID = -2479143111061671589
      m = class java.util.concurrent.ConcurrentSkipListMap@3df813f
      UNSAFE = class sun.misc.Unsafe@524edd75
      mapOffset = 12
      MAX_ARRAY_SIZE = 2147483639
    elementSetUnsorted = false
    serialVersionUID = 756240983881166148
    $$$tc$$$ = class com.ibm.websphere.ras.TraceComponent@3301eec2
      strings[0] = "TraceComponent[com.ibm.wsspi.kernel.service.utils.ConcurrentServiceReferenceSet,class com.ibm.wsspi.kernel.service.utils.ConcurrentServiceReferenceSet,[kernelUtils],com.ibm.ws.kernel.service.utils.resources.ServiceMessages,null]"
  serialVersionUID = 2284273176985484160
  $$$tc$$$ = class com.ibm.websphere.ras.TraceComponent@b274459
    strings[0] = "TraceComponent[com.ibm.ws.container.service.state.internal.StateChangeManager,class com.ibm.ws.container.service.state.internal.StateChangeManager,[Runtime],null,null]"

Dump of objectArray[0]
Object type = com.ibm.ws.container.service.app.deploy.internal.ApplicationInfoImpl
  appName = "FlightLogix"
  appMetaData = class com.ibm.ws.container.service.app.deploy.internal.ApplicationMetaDataImpl@8c01ba7
    j2eeName = class com.ibm.ws.container.service.metadata.internal.J2EENameImpl@5565703c
      serialVersionUID = 7488184044073147667
      application = "FlightLogix"
      module = null
      component = null
      string = "FlightLogix"
      j2eeNameBytes = null
      $$$tc$$$ = class com.ibm.websphere.ras.TraceComponent@79186232
    serialVersionUID = -7906531148367236579
    $$$tc$$$ = class com.ibm.websphere.ras.TraceComponent@2bebf487
      strings[0] = "TraceComponent[com.ibm.ws.container.service.app.deploy.internal.ApplicationMetaDataImpl,class com.ibm.ws.container.service.app.deploy.internal.ApplicationMetaDataImpl,[container.service],com.ibm.ws.container.service.resources.Messages,null]"
    tc = class com.ibm.websphere.ras.TraceComponent@429e1bca
      strings[0] = "TraceComponent[com.ibm.ws.runtime.metadata.MetaDataImpl,class com.ibm.ws.runtime.metadata.MetaDataImpl,[Runtime],null,null]"
    NUM_STATIC_SLOTS = 4
    ID_UNINITIALIZED = -1
    id = 0
    metaDataInterface = class java.lang.Class@1443ea68
      ANNOTATION = 8192
      ENUM = 16384
      SYNTHETIC = 4096
      cachedConstructor = null
      newInstanceCallerCache = null
      name = null
      allPermDomain = class java.security.ProtectionDomain@3bb0870e
      useCaches = true
      reflectionData = null
      classRedefinedCount = 0
      genericInfo = null
      serialVersionUID = 3206093459760846163
      serialPersistentFields = class java.io.ObjectStreamField[0]
      reflectionFactory = class sun.reflect.ReflectionFactory@2cbde441
      initted = true
      enumConstants = null
      enumConstantDirectory = null
      annotationData = null
      annotationType = null
      classValueMap = null
    staticSlots = class java.lang.Object[4]
      Object[0] = class com.ibm.ws.cdi.impl.weld.WebSphereCDIDeploymentImpl@29d54742
      Object[1] = class com.ibm.ws.injectionengine.osgi.internal.OSGiInjectionScopeData@4bc9ff75
      Object[2] = "FlightLogix"
      Object[3] = null
    dynamicSlots = null
  appContainer = class com.ibm.ws.adaptable.module.internal.AdaptableContainerImpl@74472f2a
    root = class com.ibm.ws.adaptable.module.internal.AdaptableContainerImpl@74472f2a
    rootOverlay = class com.ibm.ws.artifact.overlay.internal.DirectoryBasedOverlayContainerImpl@36f34871
      base = class com.ibm.ws.artifact.loose.internal.LooseArchive@10018f95
      maskSet = class java.util.HashSet@5b5e22f3
      cfHolder = class com.ibm.ws.artifact.overlay.internal.OverlayContainerFactoryImpl@a1b99b2
      fileOverlayContainer = class com.ibm.ws.artifact.file.internal.FileContainer@79e13111
      overlayDirectory = class java.io.File@6580649f
      cacheDirForOverlay = class java.io.File@4fe39b66
      overlayNotifier = class com.ibm.ws.artifact.overlay.internal.DirectoryBasedOverlayNotifier@19e34d21
      enclosingContainer = null
      entryInEnclosingContainer = null
      nestedOverlays = class java.util.concurrent.ConcurrentHashMap@69fa8eb5
      cacheStore = class com.ibm.ws.artifact.overlay.internal.OverlayCache@f38ab89
      parentOverlay = null
      isPassThroughMode = true
      serialVersionUID = -6650153487216279998
      $$$tc$$$ = class com.ibm.websphere.ras.TraceComponent@4927599f
    factoryHolder = class com.ibm.ws.adaptable.module.internal.AdaptableModuleFactoryImpl@67121238
      adapterFactoryService = class com.ibm.ws.adaptable.module.internal.AdapterFactoryServiceImpl@5f5afd4d
      containerFactory = class com.ibm.ws.artifact.internal.ArtifactContainerFactoryService@62e85f35
      overlayContainerFactory = class com.ibm.ws.artifact.overlay.internal.OverlayContainerFactoryImpl@a1b99b2
      serialVersionUID = 4200251809856292987
      $$$tc$$$ = class com.ibm.websphere.ras.TraceComponent@6d9e7768
    delegate = class com.ibm.ws.artifact.overlay.internal.DirectoryBasedOverlayContainerImpl@36f34871
    notifier = class com.ibm.ws.adaptable.module.internal.NotifierImpl@1afef42a
      root = class com.ibm.ws.adaptable.module.internal.AdaptableContainerImpl@74472f2a
      delegateNotifier = class com.ibm.ws.artifact.overlay.internal.DirectoryBasedOverlayNotifier@19e34d21
      delegateRoot = class com.ibm.ws.artifact.overlay.internal.DirectoryBasedOverlayContainerImpl@36f34871
      listenerDelegates = class java.util.HashMap@5c5329a3
      serialVersionUID = 6839382523957017880
      $$$tc$$$ = class com.ibm.websphere.ras.TraceComponent@63083300
    serialVersionUID = -5950528200509051684
    $$$tc$$$ = class com.ibm.websphere.ras.TraceComponent@e43342d
      strings[0] = "TraceComponent[com.ibm.ws.adaptable.module.internal.AdaptableContainerImpl,class com.ibm.ws.adaptable.module.internal.AdaptableContainerImpl,[archive.adaptable],null,null]"
  configHelper = class com.ibm.ws.app.manager.module.ApplicationNestedConfigHelper@cecff22
    appInfo = class com.ibm.ws.app.manager.internal.ApplicationInstallInfo@1f942ffd
    serialVersionUID = -3174031738676705046
    $$$tc$$$ = class com.ibm.websphere.ras.TraceComponent@6cb95dce
      strings[0] = "TraceComponent[com.ibm.ws.app.manager.module.ApplicationNestedConfigHelper,class com.ibm.ws.app.manager.module.ApplicationNestedConfigHelper,[applications, app.manager],null,null]"
  applicationInformation = class com.ibm.ws.app.manager.internal.ApplicationInstallInfo@1f942ffd
    _config = class com.ibm.ws.app.manager.internal.ApplicationConfig@4f070da6
      tc = class com.ibm.websphere.ras.TraceComponent@2adcae5a
      _configPid = "com.ibm.ws.app.manager_14"
      _config = class com.ibm.ws.config.admin.ConfigurationDictionary@4935451
      _applicationManager = class com.ibm.ws.app.manager.ApplicationManager@4cbdd2fb
      _location = "FlightLogix.war"
      _type = "war"
      _name = "FlightLogix"
      _notificationBroadcasterSupport = class javax.management.NotificationBroadcasterSupport@7efcd877
      ONE_TIME_JANDEX_MSGS_DISPLAYED = true
      serialVersionUID = -2151423388299667431
    _handlerInfo = class java.util.concurrent.atomic.AtomicReference@6fd62b84
      serialVersionUID = -1848883965231344442
      unsafe = class sun.misc.Unsafe@524edd75
      valueOffset = 12
      value = class com.ibm.ws.app.manager.war.internal.WARDeployedAppInfo@21a38840
    _container = class java.util.concurrent.atomic.AtomicReference@4a8ccb3
      serialVersionUID = -1848883965231344442
      unsafe = class sun.misc.Unsafe@524edd75
      valueOffset = 12
      value = class com.ibm.ws.adaptable.module.internal.AdaptableContainerImpl@74472f2a
    _resolvedLocation = class java.util.concurrent.atomic.AtomicReference@3a7df01c
      serialVersionUID = -1848883965231344442
      unsafe = class sun.misc.Unsafe@524edd75
      valueOffset = 12
      value = class com.ibm.ws.kernel.service.location.internal.LocalFileResource@72d084a1
    _handler = class com.ibm.ws.app.manager.war.internal.WARApplicationHandlerImpl@4de0b0c8
      futureMonitor = class com.ibm.ws.threading.internal.FutureMonitorImpl@35a95888
      deployedAppFactory = class com.ibm.ws.app.manager.war.internal.WARDeployedAppInfoFactoryImpl@3d3c2524
      serialVersionUID = 4622845147410944782
      $$$tc$$$ = class com.ibm.websphere.ras.TraceComponent@682ad17c
    _ami = class java.util.concurrent.atomic.AtomicReference@133438fb
      serialVersionUID = -1848883965231344442
      unsafe = class sun.misc.Unsafe@524edd75
      valueOffset = 12
      value = class com.ibm.wsspi.application.handler.DefaultApplicationMonitoringInformation@468c4175
    _updateHandler = class com.ibm.ws.app.manager.internal.statemachine.ApplicationStateMachineImpl@513ba37a
      _tc = class com.ibm.websphere.ras.TraceComponent@118e89fd
      EMPTY_FUTURE_ARRAY = interface java.util.concurrent.Future[0]
      asmSequenceNumber = class java.util.concurrent.atomic.AtomicLong@6cff6776
      _qscaCounter = class java.util.concurrent.atomic.AtomicInteger@4ef74a18
      _failedThrowable = null
      _interruptibleLock = class com.ibm.ws.app.manager.internal.statemachine.ApplicationStateMachineImpl$2@56501cd1
      _interruptible = false
      _performingQueuedActions = true
      _queuedActions = class java.util.concurrent.ConcurrentLinkedQueue@20537f36
      _callbackState = class java.util.concurrent.atomic.AtomicReference@3700689d
      blockAppStartingFutures = class java.util.Collections$SetFromMap@435353ef
      waitingForAppHandlerFuture = class java.util.concurrent.atomic.AtomicReference@15b379c0
      waitingForExplicitStartFuture = class java.util.concurrent.atomic.AtomicReference@2ea21e8f
      startAfterFutures = class java.util.Collections$SetFromMap@1a52cf46
      completionListener = class java.util.concurrent.atomic.AtomicReference@43472bc8
      _notifyAppStopped = class java.util.concurrent.ConcurrentLinkedQueue@4db43719
      _notifyAppStarting = class java.util.concurrent.ConcurrentLinkedQueue@735c0e46
      _notifyAppInstallCalled = class java.util.concurrent.ConcurrentLinkedQueue@7ff8c794
      _notifyAppStarted = class java.util.concurrent.ConcurrentLinkedQueue@51bbac8
      _notifyAppRemoved = class java.util.concurrent.ConcurrentLinkedQueue@69fb598d
      _stateLock = class com.ibm.ws.app.manager.internal.statemachine.ApplicationStateMachineImpl$3@7ac644ca
      _internalState = class java.util.concurrent.atomic.AtomicReference@43bbe861
      _currentAction = class java.util.concurrent.atomic.AtomicReference@1b2ec724
      _rfa = class java.util.concurrent.atomic.AtomicReference@28aad2fd
      _appInstallInfo = class java.util.concurrent.atomic.AtomicReference@60022336
      _update = class java.util.concurrent.atomic.AtomicBoolean@7ce637b7
      _appConfig = class java.util.concurrent.atomic.AtomicReference@111cc8e8
      _nextAppConfig = class java.util.concurrent.atomic.AtomicReference@6f5fdd0c
      _appContainer = class java.util.concurrent.atomic.AtomicReference@1e354842
      _resolvedLocation = class java.util.concurrent.atomic.AtomicReference@53238fbc
      _handler = class java.util.concurrent.atomic.AtomicReference@240f46b8
      _asmSeqNo = 0
      _ctx = class org.eclipse.osgi.internal.framework.BundleContextImpl@4fe4af75
      _locAdmin = class com.ibm.ws.kernel.service.location.internal.WsLocationAdminImpl@38cb42f7
      _futureMonitor = class com.ibm.ws.threading.internal.FutureMonitorImpl@35a95888
      _artifactFactory = class com.ibm.ws.artifact.internal.ArtifactContainerFactoryService@62e85f35
      _moduleFactory = class com.ibm.ws.adaptable.module.internal.AdaptableModuleFactoryImpl@67121238
      _executorService = class com.ibm.ws.threading.internal.ExecutorServiceImpl@1ea6127
      _scheduledExecutorService = class com.ibm.ws.threading.internal.ScheduledExecutorImpl@4e7b40c9
      _asmHelper = class com.ibm.ws.app.manager.internal.ApplicationConfigurator$NamedApplication@61b96495
      _appMonitor = class com.ibm.ws.app.manager.internal.monitor.ApplicationMonitor@109ff538
      enterStateCalled = class java.util.concurrent.atomic.AtomicBoolean@6f0d92bb
      serialVersionUID = 7990273947104993494
      serialVersionUID = 300267208965883056
      $$$tc$$$ = class com.ibm.websphere.ras.TraceComponent@41f3a930
    serialVersionUID = 2630639237123415755
    $$$tc$$$ = class com.ibm.websphere.ras.TraceComponent@4d3e222b
      strings[0] = "TraceComponent[com.ibm.ws.app.manager.internal.ApplicationInstallInfo,class com.ibm.ws.app.manager.internal.ApplicationInstallInfo,[applications, app.manager],com.ibm.ws.app.manager.internal.resources.AppManagerMessages,null]"
  serialVersionUID = 5227817860647895780
  $$$tc$$$ = class com.ibm.websphere.ras.TraceComponent@56f85b99
    strings[0] = "TraceComponent[com.ibm.ws.container.service.app.deploy.internal.ApplicationInfoImpl,class com.ibm.ws.container.service.app.deploy.internal.ApplicationInfoImpl,[container.service],com.ibm.ws.container.service.resources.Messages,null]"

