------Start of DE processing------ = [4/6/21 23:25:04:056 EDT]
Exception = org.jboss.weld.exceptions.DeploymentException
Source = com.ibm.ws.container.service.state.internal.ApplicationStateManager
probeid = 54
Stack Dump = org.jboss.weld.exceptions.DeploymentException: WELD-001408: Unsatisfied dependencies for type AmadeusAPICaller with qualifiers @Default
  at injection point [BackedAnnotatedField] @Inject com.FlightLogix.Service.apis.BookingResource.apiCaller
  at com.FlightLogix.Service.apis.BookingResource.apiCaller(BookingResource.java:0)

	at org.jboss.weld.bootstrap.Validator.validateInjectionPointForDeploymentProblems(Validator.java:378)
	at org.jboss.weld.bootstrap.Validator.validateInjectionPoint(Validator.java:290)
	at org.jboss.weld.bootstrap.Validator.validateGeneralBean(Validator.java:143)
	at org.jboss.weld.bootstrap.Validator.validateRIBean(Validator.java:164)
	at org.jboss.weld.bootstrap.Validator.validateBean(Validator.java:526)
	at org.jboss.weld.bootstrap.ConcurrentValidator$1.doWork(ConcurrentValidator.java:64)
	at org.jboss.weld.bootstrap.ConcurrentValidator$1.doWork(ConcurrentValidator.java:62)
	at org.jboss.weld.executor.IterativeWorkerTaskFactory$1.call(IterativeWorkerTaskFactory.java:62)
	at org.jboss.weld.executor.IterativeWorkerTaskFactory$1.call(IterativeWorkerTaskFactory.java:55)
	at java.util.concurrent.FutureTask.run(FutureTask.java:266)
	at java.util.concurrent.ThreadPoolExecutor.runWorker(ThreadPoolExecutor.java:1149)
	at java.util.concurrent.ThreadPoolExecutor$Worker.run(ThreadPoolExecutor.java:624)
	at java.lang.Thread.run(Thread.java:748)

Dump of callerThis
Object type = com.ibm.ws.container.service.state.internal.ApplicationStateManager
  serialVersionUID = -6685368059484454124
  $$$tc$$$ = class com.ibm.websphere.ras.TraceComponent@3fbb9a3a
    strings[0] = "TraceComponent[com.ibm.ws.container.service.state.internal.ApplicationStateManager,class com.ibm.ws.container.service.state.internal.ApplicationStateManager,[Runtime],null,null]"
  listeners = class com.ibm.wsspi.kernel.service.utils.ConcurrentServiceReferenceSet@3507afae
    referenceName = "applicationStateListeners"
    contextRef = class java.util.concurrent.atomic.AtomicReference@21e82c8a
      serialVersionUID = -1848883965231344442
      unsafe = class sun.misc.Unsafe@4093cbeb
      valueOffset = 12
      value = class org.apache.felix.scr.impl.manager.ComponentContextImpl@341dab25
    elementMap = class java.util.LinkedHashMap@6350f01c
      serialVersionUID = 3801124242820219131
      head = class java.util.LinkedHashMap$Entry@30c587d2
      tail = class java.util.LinkedHashMap$Entry@7420e152
      accessOrder = false
      serialVersionUID = 362498820763181265
      DEFAULT_INITIAL_CAPACITY = 16
      MAXIMUM_CAPACITY = 1073741824
      DEFAULT_LOAD_FACTOR = 0.75
      TREEIFY_THRESHOLD = 8
      UNTREEIFY_THRESHOLD = 6
      MIN_TREEIFY_CAPACITY = 64
      table = class java.util.HashMap$Node[16]
      entrySet = null
      size = 6
      modCount = 6
      threshold = 12
      loadFactor = 0.75
      keySet = null
      values = null
    elementSet = class java.util.concurrent.ConcurrentSkipListSet@3cef19c9
      serialVersionUID = -2479143111061671589
      m = class java.util.concurrent.ConcurrentSkipListMap@54715d50
      UNSAFE = class sun.misc.Unsafe@4093cbeb
      mapOffset = 12
      MAX_ARRAY_SIZE = 2147483639
    elementSetUnsorted = false
    serialVersionUID = 756240983881166148
    $$$tc$$$ = class com.ibm.websphere.ras.TraceComponent@7cae0f2d
      strings[0] = "TraceComponent[com.ibm.wsspi.kernel.service.utils.ConcurrentServiceReferenceSet,class com.ibm.wsspi.kernel.service.utils.ConcurrentServiceReferenceSet,[kernelUtils],com.ibm.ws.kernel.service.utils.resources.ServiceMessages,null]"
  serialVersionUID = 2284273176985484160
  $$$tc$$$ = class com.ibm.websphere.ras.TraceComponent@10c4ea76
    strings[0] = "TraceComponent[com.ibm.ws.container.service.state.internal.StateChangeManager,class com.ibm.ws.container.service.state.internal.StateChangeManager,[Runtime],null,null]"

Dump of objectArray[0]
Object type = com.ibm.ws.container.service.app.deploy.internal.ApplicationInfoImpl
  appName = "FlightLogix"
  appMetaData = class com.ibm.ws.container.service.app.deploy.internal.ApplicationMetaDataImpl@16bb8fc
    j2eeName = class com.ibm.ws.container.service.metadata.internal.J2EENameImpl@2b03a330
      serialVersionUID = 7488184044073147667
      application = "FlightLogix"
      module = null
      component = null
      string = "FlightLogix"
      j2eeNameBytes = null
      $$$tc$$$ = class com.ibm.websphere.ras.TraceComponent@122cc3b1
    serialVersionUID = -7906531148367236579
    $$$tc$$$ = class com.ibm.websphere.ras.TraceComponent@242779c6
      strings[0] = "TraceComponent[com.ibm.ws.container.service.app.deploy.internal.ApplicationMetaDataImpl,class com.ibm.ws.container.service.app.deploy.internal.ApplicationMetaDataImpl,[container.service],com.ibm.ws.container.service.resources.Messages,null]"
    tc = class com.ibm.websphere.ras.TraceComponent@13cc65d7
      strings[0] = "TraceComponent[com.ibm.ws.runtime.metadata.MetaDataImpl,class com.ibm.ws.runtime.metadata.MetaDataImpl,[Runtime],null,null]"
    NUM_STATIC_SLOTS = 4
    ID_UNINITIALIZED = -1
    id = 0
    metaDataInterface = class java.lang.Class@7a4b2414
      ANNOTATION = 8192
      ENUM = 16384
      SYNTHETIC = 4096
      cachedConstructor = null
      newInstanceCallerCache = null
      name = null
      allPermDomain = class java.security.ProtectionDomain@5b1f63d2
      useCaches = true
      reflectionData = null
      classRedefinedCount = 0
      genericInfo = null
      serialVersionUID = 3206093459760846163
      serialPersistentFields = class java.io.ObjectStreamField[0]
      reflectionFactory = class sun.reflect.ReflectionFactory@5503e1db
      initted = true
      enumConstants = null
      enumConstantDirectory = null
      annotationData = null
      annotationType = null
      classValueMap = null
    staticSlots = class java.lang.Object[4]
      Object[0] = class com.ibm.ws.cdi.impl.weld.WebSphereCDIDeploymentImpl@36589a66
      Object[1] = class com.ibm.ws.injectionengine.osgi.internal.OSGiInjectionScopeData@74b5be
      Object[2] = "FlightLogix"
      Object[3] = null
    dynamicSlots = null
  appContainer = class com.ibm.ws.adaptable.module.internal.AdaptableContainerImpl@3d7e1603
    root = class com.ibm.ws.adaptable.module.internal.AdaptableContainerImpl@3d7e1603
    rootOverlay = class com.ibm.ws.artifact.overlay.internal.DirectoryBasedOverlayContainerImpl@68336285
      base = class com.ibm.ws.artifact.loose.internal.LooseArchive@5d6fc16a
      maskSet = class java.util.HashSet@521864b2
      cfHolder = class com.ibm.ws.artifact.overlay.internal.OverlayContainerFactoryImpl@35993682
      fileOverlayContainer = class com.ibm.ws.artifact.file.internal.FileContainer@210d66c5
      overlayDirectory = class java.io.File@2af556df
      cacheDirForOverlay = class java.io.File@932b67a
      overlayNotifier = class com.ibm.ws.artifact.overlay.internal.DirectoryBasedOverlayNotifier@452a0fe1
      enclosingContainer = null
      entryInEnclosingContainer = null
      nestedOverlays = class java.util.concurrent.ConcurrentHashMap@189e7e1a
      cacheStore = class com.ibm.ws.artifact.overlay.internal.OverlayCache@52ef1882
      parentOverlay = null
      isPassThroughMode = true
      serialVersionUID = -6650153487216279998
      $$$tc$$$ = class com.ibm.websphere.ras.TraceComponent@34c50c76
    factoryHolder = class com.ibm.ws.adaptable.module.internal.AdaptableModuleFactoryImpl@18ef0921
      adapterFactoryService = class com.ibm.ws.adaptable.module.internal.AdapterFactoryServiceImpl@592cb70c
      containerFactory = class com.ibm.ws.artifact.internal.ArtifactContainerFactoryService@1e6fe082
      overlayContainerFactory = class com.ibm.ws.artifact.overlay.internal.OverlayContainerFactoryImpl@35993682
      serialVersionUID = 4200251809856292987
      $$$tc$$$ = class com.ibm.websphere.ras.TraceComponent@628143dd
    delegate = class com.ibm.ws.artifact.overlay.internal.DirectoryBasedOverlayContainerImpl@68336285
    notifier = class com.ibm.ws.adaptable.module.internal.NotifierImpl@6adf9dcc
      root = class com.ibm.ws.adaptable.module.internal.AdaptableContainerImpl@3d7e1603
      delegateNotifier = class com.ibm.ws.artifact.overlay.internal.DirectoryBasedOverlayNotifier@452a0fe1
      delegateRoot = class com.ibm.ws.artifact.overlay.internal.DirectoryBasedOverlayContainerImpl@68336285
      listenerDelegates = class java.util.HashMap@45b010e1
      serialVersionUID = 6839382523957017880
      $$$tc$$$ = class com.ibm.websphere.ras.TraceComponent@14a3b9b4
    serialVersionUID = -5950528200509051684
    $$$tc$$$ = class com.ibm.websphere.ras.TraceComponent@205d2a53
      strings[0] = "TraceComponent[com.ibm.ws.adaptable.module.internal.AdaptableContainerImpl,class com.ibm.ws.adaptable.module.internal.AdaptableContainerImpl,[archive.adaptable],null,null]"
  configHelper = class com.ibm.ws.app.manager.module.ApplicationNestedConfigHelper@68316ad1
    appInfo = class com.ibm.ws.app.manager.internal.ApplicationInstallInfo@4af7ee67
    serialVersionUID = -3174031738676705046
    $$$tc$$$ = class com.ibm.websphere.ras.TraceComponent@36a4d209
      strings[0] = "TraceComponent[com.ibm.ws.app.manager.module.ApplicationNestedConfigHelper,class com.ibm.ws.app.manager.module.ApplicationNestedConfigHelper,[applications, app.manager],null,null]"
  applicationInformation = class com.ibm.ws.app.manager.internal.ApplicationInstallInfo@4af7ee67
    _config = class com.ibm.ws.app.manager.internal.ApplicationConfig@45ac60d6
      tc = class com.ibm.websphere.ras.TraceComponent@424a5f81
      _configPid = "com.ibm.ws.app.manager_23"
      _config = class com.ibm.ws.config.admin.ConfigurationDictionary@52acefae
      _applicationManager = class com.ibm.ws.app.manager.ApplicationManager@4eb112e7
      _location = "FlightLogix.war"
      _type = "war"
      _name = "FlightLogix"
      _notificationBroadcasterSupport = class javax.management.NotificationBroadcasterSupport@25b4db85
      ONE_TIME_JANDEX_MSGS_DISPLAYED = true
      serialVersionUID = -2151423388299667431
    _handlerInfo = class java.util.concurrent.atomic.AtomicReference@19dc9cc7
      serialVersionUID = -1848883965231344442
      unsafe = class sun.misc.Unsafe@4093cbeb
      valueOffset = 12
      value = class com.ibm.ws.app.manager.war.internal.WARDeployedAppInfo@f35fcb9
    _container = class java.util.concurrent.atomic.AtomicReference@7ad80acf
      serialVersionUID = -1848883965231344442
      unsafe = class sun.misc.Unsafe@4093cbeb
      valueOffset = 12
      value = class com.ibm.ws.adaptable.module.internal.AdaptableContainerImpl@3d7e1603
    _resolvedLocation = class java.util.concurrent.atomic.AtomicReference@fa94725
      serialVersionUID = -1848883965231344442
      unsafe = class sun.misc.Unsafe@4093cbeb
      valueOffset = 12
      value = class com.ibm.ws.kernel.service.location.internal.LocalFileResource@2cd09403
    _handler = class com.ibm.ws.app.manager.war.internal.WARApplicationHandlerImpl@29253cd6
      futureMonitor = class com.ibm.ws.threading.internal.FutureMonitorImpl@3a774da8
      deployedAppFactory = class com.ibm.ws.app.manager.war.internal.WARDeployedAppInfoFactoryImpl@488e6b2a
      serialVersionUID = 4622845147410944782
      $$$tc$$$ = class com.ibm.websphere.ras.TraceComponent@9a03645
    _ami = class java.util.concurrent.atomic.AtomicReference@5462a791
      serialVersionUID = -1848883965231344442
      unsafe = class sun.misc.Unsafe@4093cbeb
      valueOffset = 12
      value = class com.ibm.wsspi.application.handler.DefaultApplicationMonitoringInformation@6d72fec0
    _updateHandler = class com.ibm.ws.app.manager.internal.statemachine.ApplicationStateMachineImpl@6ed651a0
      _tc = class com.ibm.websphere.ras.TraceComponent@2080f28a
      EMPTY_FUTURE_ARRAY = interface java.util.concurrent.Future[0]
      asmSequenceNumber = class java.util.concurrent.atomic.AtomicLong@7e5ce446
      _qscaCounter = class java.util.concurrent.atomic.AtomicInteger@42281b3
      _failedThrowable = null
      _interruptibleLock = class com.ibm.ws.app.manager.internal.statemachine.ApplicationStateMachineImpl$2@1162d3d1
      _interruptible = false
      _performingQueuedActions = true
      _queuedActions = class java.util.concurrent.ConcurrentLinkedQueue@5410fe04
      _callbackState = class java.util.concurrent.atomic.AtomicReference@4d775e14
      blockAppStartingFutures = class java.util.Collections$SetFromMap@5d486110
      waitingForAppHandlerFuture = class java.util.concurrent.atomic.AtomicReference@5ab3cd33
      waitingForExplicitStartFuture = class java.util.concurrent.atomic.AtomicReference@980f8bf
      startAfterFutures = class java.util.Collections$SetFromMap@7ef09065
      completionListener = class java.util.concurrent.atomic.AtomicReference@60ae3e4a
      _notifyAppStopped = class java.util.concurrent.ConcurrentLinkedQueue@24b0bd39
      _notifyAppStarting = class java.util.concurrent.ConcurrentLinkedQueue@2a7bec10
      _notifyAppInstallCalled = class java.util.concurrent.ConcurrentLinkedQueue@50f22282
      _notifyAppStarted = class java.util.concurrent.ConcurrentLinkedQueue@41bf0ab8
      _notifyAppRemoved = class java.util.concurrent.ConcurrentLinkedQueue@60c73ec3
      _stateLock = class com.ibm.ws.app.manager.internal.statemachine.ApplicationStateMachineImpl$3@152955a7
      _internalState = class java.util.concurrent.atomic.AtomicReference@548e83b2
      _currentAction = class java.util.concurrent.atomic.AtomicReference@6d5da951
      _rfa = class java.util.concurrent.atomic.AtomicReference@34b5b31f
      _appInstallInfo = class java.util.concurrent.atomic.AtomicReference@6b6e4c43
      _update = class java.util.concurrent.atomic.AtomicBoolean@4bddd18f
      _appConfig = class java.util.concurrent.atomic.AtomicReference@4b4afe84
      _nextAppConfig = class java.util.concurrent.atomic.AtomicReference@527e91b9
      _appContainer = class java.util.concurrent.atomic.AtomicReference@4bebc3e1
      _resolvedLocation = class java.util.concurrent.atomic.AtomicReference@6e9f22ba
      _handler = class java.util.concurrent.atomic.AtomicReference@723d5f33
      _asmSeqNo = 0
      _ctx = class org.eclipse.osgi.internal.framework.BundleContextImpl@7e43cd78
      _locAdmin = class com.ibm.ws.kernel.service.location.internal.WsLocationAdminImpl@7055a0cb
      _futureMonitor = class com.ibm.ws.threading.internal.FutureMonitorImpl@3a774da8
      _artifactFactory = class com.ibm.ws.artifact.internal.ArtifactContainerFactoryService@1e6fe082
      _moduleFactory = class com.ibm.ws.adaptable.module.internal.AdaptableModuleFactoryImpl@18ef0921
      _executorService = class com.ibm.ws.threading.internal.ExecutorServiceImpl@5468eb94
      _scheduledExecutorService = class com.ibm.ws.threading.internal.ScheduledExecutorImpl@4109de33
      _asmHelper = class com.ibm.ws.app.manager.internal.ApplicationConfigurator$NamedApplication@2a4ba1d6
      _appMonitor = class com.ibm.ws.app.manager.internal.monitor.ApplicationMonitor@5694be5a
      enterStateCalled = class java.util.concurrent.atomic.AtomicBoolean@4e48a77c
      serialVersionUID = 7990273947104993494
      serialVersionUID = 300267208965883056
      $$$tc$$$ = class com.ibm.websphere.ras.TraceComponent@3759337d
    serialVersionUID = 2630639237123415755
    $$$tc$$$ = class com.ibm.websphere.ras.TraceComponent@5f6cd57a
      strings[0] = "TraceComponent[com.ibm.ws.app.manager.internal.ApplicationInstallInfo,class com.ibm.ws.app.manager.internal.ApplicationInstallInfo,[applications, app.manager],com.ibm.ws.app.manager.internal.resources.AppManagerMessages,null]"
  serialVersionUID = 5227817860647895780
  $$$tc$$$ = class com.ibm.websphere.ras.TraceComponent@6c3bf518
    strings[0] = "TraceComponent[com.ibm.ws.container.service.app.deploy.internal.ApplicationInfoImpl,class com.ibm.ws.container.service.app.deploy.internal.ApplicationInfoImpl,[container.service],com.ibm.ws.container.service.resources.Messages,null]"

