------Start of DE processing------ = [4/6/21 18:41:07:081 EDT]
Exception = java.lang.Exception
Source = com.ibm.ws.jaxrs20.server.component.JaxRsWebModuleInfoBuilder
probeid = 292
Stack Dump = java.lang.Exception: Found duplicated servlet mapping url, /app/*, with endpoint infos com.ibm.ws.jaxrs20.metadata.EndpointInfo@4ece2065 and com.ibm.ws.jaxrs20.metadata.EndpointInfo@79eb47fc, throw exception to fail application starting.
	at com.ibm.ws.jaxrs20.server.component.JaxRsWebModuleInfoBuilder.registerEndpointInfo(JaxRsWebModuleInfoBuilder.java:340)
	at com.ibm.ws.jaxrs20.server.component.JaxRsWebModuleInfoBuilder.build(JaxRsWebModuleInfoBuilder.java:291)
	at com.ibm.ws.jaxrs20.component.JaxRsModuleMetaDataListener.extendModuleMetaData(JaxRsModuleMetaDataListener.java:106)
	at com.ibm.ws.app.manager.module.internal.SimpleDeployedAppInfoBase$ModuleContainerInfoBase.createModuleMetaData(SimpleDeployedAppInfoBase.java:198)
	at com.ibm.ws.app.manager.module.internal.SimpleDeployedAppInfoBase.preDeployApp(SimpleDeployedAppInfoBase.java:532)
	at com.ibm.ws.app.manager.module.internal.SimpleDeployedAppInfoBase.installApp(SimpleDeployedAppInfoBase.java:508)
	at com.ibm.ws.app.manager.module.internal.DeployedAppInfoBase.deployApp(DeployedAppInfoBase.java:349)
	at com.ibm.ws.app.manager.war.internal.WARApplicationHandlerImpl.install(WARApplicationHandlerImpl.java:65)
	at com.ibm.ws.app.manager.internal.statemachine.StartAction.execute(StartAction.java:149)
	at com.ibm.ws.app.manager.internal.statemachine.ApplicationStateMachineImpl.enterState(ApplicationStateMachineImpl.java:1352)
	at com.ibm.ws.app.manager.internal.statemachine.ApplicationStateMachineImpl.run(ApplicationStateMachineImpl.java:897)
	at com.ibm.ws.threading.internal.ExecutorServiceImpl$RunnableWrapper.run(ExecutorServiceImpl.java:238)
	at java.util.concurrent.ThreadPoolExecutor.runWorker(ThreadPoolExecutor.java:1149)
	at java.util.concurrent.ThreadPoolExecutor$Worker.run(ThreadPoolExecutor.java:624)
	at java.lang.Thread.run(Thread.java:748)

Dump of callerThis
Object type = com.ibm.ws.jaxrs20.server.component.JaxRsWebModuleInfoBuilder
  tc = class com.ibm.websphere.ras.TraceComponent@7ef40b80
    strings[0] = "TraceComponent[com.ibm.ws.jaxrs20.server.component.JaxRsWebModuleInfoBuilder,class com.ibm.ws.jaxrs20.server.component.JaxRsWebModuleInfoBuilder,[JaxRsServer],com.ibm.ws.jaxrs20.server.internal.resources.JaxRsServerMessages,null]"
  serialVersionUID = 6845839107088740932

Dump of objectArray[0]
Object type = com.ibm.ws.webcontainer.osgi.metadata.WebModuleMetaDataImpl
  applicationMetaData = class com.ibm.ws.container.service.app.deploy.internal.ApplicationMetaDataImpl@710cc066
    j2eeName = class com.ibm.ws.container.service.metadata.internal.J2EENameImpl@56f8b8fc
      serialVersionUID = 7488184044073147667
      application = "FlightLogix"
      module = null
      component = null
      string = null
      j2eeNameBytes = null
      $$$tc$$$ = class com.ibm.websphere.ras.TraceComponent@31e6ec1b
    serialVersionUID = -7906531148367236579
    $$$tc$$$ = class com.ibm.websphere.ras.TraceComponent@2c1ebdc1
      strings[0] = "TraceComponent[com.ibm.ws.container.service.app.deploy.internal.ApplicationMetaDataImpl,class com.ibm.ws.container.service.app.deploy.internal.ApplicationMetaDataImpl,[container.service],com.ibm.ws.container.service.resources.Messages,null]"
    tc = class com.ibm.websphere.ras.TraceComponent@733e4f8
    NUM_STATIC_SLOTS = 4
    ID_UNINITIALIZED = -1
    id = 0
    metaDataInterface = class java.lang.Class@f25f5ac
      ANNOTATION = 8192
      ENUM = 16384
      SYNTHETIC = 4096
      cachedConstructor = null
      newInstanceCallerCache = null
      name = null
      allPermDomain = class java.security.ProtectionDomain@2eb60cd3
      useCaches = true
      reflectionData = null
      classRedefinedCount = 0
      genericInfo = null
      serialVersionUID = 3206093459760846163
      serialPersistentFields = class java.io.ObjectStreamField[0]
      reflectionFactory = class sun.reflect.ReflectionFactory@25f67527
      initted = true
      enumConstants = null
      enumConstantDirectory = null
      annotationData = null
      annotationType = null
      classValueMap = null
    staticSlots = class java.lang.Object[4]
      Object[0] = null
      Object[1] = class com.ibm.ws.injectionengine.osgi.internal.OSGiInjectionScopeData@53a6816d
      Object[2] = "FlightLogix"
      Object[3] = null
    dynamicSlots = null
  j2eeName = class com.ibm.ws.container.service.metadata.internal.J2EENameImpl@6d3bc3b8
    serialVersionUID = 7488184044073147667
    application = "FlightLogix"
    module = "FlightLogix.war"
    component = null
    string = null
    j2eeNameBytes = null
    $$$tc$$$ = class com.ibm.websphere.ras.TraceComponent@31e6ec1b
      strings[0] = "TraceComponent[com.ibm.ws.container.service.metadata.internal.J2EENameImpl,class com.ibm.ws.container.service.metadata.internal.J2EENameImpl,[Runtime],null,null]"
  wccmd = class com.ibm.ws.webcontainer.osgi.metadata.WebCollaboratorComponentMetaDataImpl@6c3eeaf1
    j2eeName = null
    webModuleMetaData = class com.ibm.ws.webcontainer.osgi.metadata.WebModuleMetaDataImpl@5359fe49
    tc = class com.ibm.websphere.ras.TraceComponent@733e4f8
    NUM_STATIC_SLOTS = 4
    ID_UNINITIALIZED = -1
    id = -1
    metaDataInterface = class java.lang.Class@353bffe1
      ANNOTATION = 8192
      ENUM = 16384
      SYNTHETIC = 4096
      cachedConstructor = null
      newInstanceCallerCache = null
      name = null
      allPermDomain = class java.security.ProtectionDomain@2eb60cd3
      useCaches = true
      reflectionData = null
      classRedefinedCount = 0
      genericInfo = null
      serialVersionUID = 3206093459760846163
      serialPersistentFields = class java.io.ObjectStreamField[0]
      reflectionFactory = class sun.reflect.ReflectionFactory@25f67527
      initted = true
      enumConstants = null
      enumConstantDirectory = null
      annotationData = null
      annotationType = null
      classValueMap = null
    staticSlots = class java.lang.Object[4]
      Object[0] = null
      Object[1] = null
      Object[2] = null
      Object[3] = null
    dynamicSlots = null
  securityMetaData = null
  annotatedSecurityMetaData = null
  webAppConfig = class com.ibm.ws.webcontainer.osgi.webapp.WebAppConfiguration@413c1dd8
    webModuleMetaData = class com.ibm.ws.webcontainer.osgi.metadata.WebModuleMetaDataImpl@5359fe49
    webComponentMetaData = class com.ibm.ws.webcontainer.osgi.metadata.WebComponentMetaDataImpl@7c887445
      j2eeName = null
      webModuleMetaData = class com.ibm.ws.webcontainer.osgi.metadata.WebModuleMetaDataImpl@5359fe49
      mBeanServiceReg = null
      tc = class com.ibm.websphere.ras.TraceComponent@733e4f8
      NUM_STATIC_SLOTS = 4
      ID_UNINITIALIZED = -1
      id = -1
      metaDataInterface = class java.lang.Class@353bffe1
      staticSlots = class java.lang.Object[4]
      dynamicSlots = null
    dVirtualHost = null
    orderedLibPaths = class java.util.Collections$UnmodifiableRandomAccessList@62463f93
      serialVersionUID = -2542308836966382001
      serialVersionUID = -283967356065247728
      list = class java.util.ArrayList@5adf891c
      serialVersionUID = 1820017752578914078
      c = class java.util.ArrayList@5adf891c
    bundleHeaders = null
    cdiEnabled = false
    CLASS_NAME = "com.ibm.ws.webcontainer.webapp.WebAppConfiguration"
    logger = class com.ibm.ws.logging.internal.WsLogger@2d177bc2
      ivCachedResourceBundleName = null
      ivCachedResourceBundle = null
      ivComponent = null
      ivOrganization = null
      ivProduct = null
      ivMinimumLocalizationLevelIntValue = 625
      ivTC = class com.ibm.websphere.ras.TraceComponent@7a4d04ef
      loggerRegistrationComponent = class java.lang.ThreadLocal@5b18adb6
      emptyHandlers = class java.util.logging.Handler[0]
      offValue = 2147483647
      SYSTEM_LOGGER_RB_NAME = "sun.util.logging.resources.logging"
      SYSTEM_BUNDLE = class java.util.logging.Logger$LoggerBundle@4d11e470
      NO_RESOURCE_BUNDLE = class java.util.logging.Logger$LoggerBundle@70dbc4b9
      manager = class com.ibm.ws.kernel.boot.logging.WsLogManager@56ea34d7
      name = "com.ibm.ws.webcontainer.webapp"
      handlers = class java.util.concurrent.CopyOnWriteArrayList@480146a1
      loggerBundle = class java.util.logging.Logger$LoggerBundle@af119b5
      useParentHandlers = true
      filter = null
      anonymous = false
      catalog = class com.ibm.ws.webcontainer.resources.Messages@24a1fa5e
      catalogName = "com.ibm.ws.webcontainer.resources.Messages"
      catalogLocale = class java.util.Locale@236a3e91
      treeLock = class java.lang.Object@611c5013
      parent = class com.ibm.ws.logging.internal.WsLogger@6322c134
      kids = null
      levelObject = class java.util.logging.Level@487aa404
      levelValue = 800
      callersClassLoaderRef = class java.lang.ref.WeakReference@3a16952c
      isSystemLogger = false
      GLOBAL_LOGGER_NAME = "global"
      global = class java.util.logging.Logger@28eac51f
      $assertionsDisabled = true
    tc = class com.ibm.websphere.ras.TraceComponent@4d52054f
      strings[0] = "TraceComponent[com.ibm.ws.webcontainer.webapp.WebAppConfiguration,class com.ibm.ws.webcontainer.webapp.WebAppConfiguration,[webcontainer],com.ibm.ws.webcontainer.resources.LShimMessages,null]"
    nls = class com.ibm.ejs.ras.TraceNLS@7efe6354
      resolver = class com.ibm.ws.logging.internal.TraceNLSResolver@7ac906ff
      finder = null
      ivBundleName = "com.ibm.ws.webcontainer.resources.Messages"
      caller = class java.lang.Class@493ff1b
    version = 31
    contextRoot = "/"
    isDefaultContextRootUsed = false
    sessionTimeout = 0
    moduleSessionTimeoutSet = false
    moduleSessionTrackingModeSet = false
    sessionCookieConfig = null
    hasProgrammaticCookieConfig = false
    sessionDefaultTrackingModeSet = null
    sessionManagerConfig = null
    displayName = "Liberty Project"
    description = null
    reloadInterval = 0
    distributable = false
    denyUncoveredHttpMethods = false
    reloadingEnabled = false
    serveServletsByClassnameEnabled = null
    defaultErrorPage = null
    additionalClassPath = null
    fileServingEnabled = null
    directoryBrowsingEnabled = null
    autoRequestEncoding = false
    autoResponseEncoding = false
    autoLoadFilters = false
    requestListeners = null
    requestAttributeListeners = null
    sessionListeners = null
    localeMap = null
    moduleName = "FlightLogix"
    j2eeModuleName = "FlightLogix.war"
    moduleId = null
    isSyncToThreadEnabled = false
    encodeDispatchedRequestURI = false
    isSystemApp = false
    ardEnabled = false
    ardDispatchType = null
    listeners = class java.util.ArrayList@228281ae
      serialVersionUID = 8683452581122892189
      DEFAULT_CAPACITY = 10
      EMPTY_ELEMENTDATA = class java.lang.Object[0]
      DEFAULTCAPACITY_EMPTY_ELEMENTDATA = class java.lang.Object[0]
      elementData = class java.lang.Object[0]
      size = 0
      MAX_ARRAY_SIZE = 2147483639
      modCount = 0
      MAX_ARRAY_SIZE = 2147483639
    welcomeFileList = class java.util.ArrayList@20fe3cb2
      serialVersionUID = 8683452581122892189
      DEFAULT_CAPACITY = 10
      EMPTY_ELEMENTDATA = class java.lang.Object[0]
      DEFAULTCAPACITY_EMPTY_ELEMENTDATA = class java.lang.Object[0]
      elementData = class java.lang.Object[10]
      size = 1
      MAX_ARRAY_SIZE = 2147483639
      modCount = 1
      MAX_ARRAY_SIZE = 2147483639
    servletMappings = class java.util.HashMap@36a18a04
      serialVersionUID = 362498820763181265
      DEFAULT_INITIAL_CAPACITY = 16
      MAXIMUM_CAPACITY = 1073741824
      DEFAULT_LOAD_FACTOR = 0.75
      TREEIFY_THRESHOLD = 8
      UNTREEIFY_THRESHOLD = 6
      MIN_TREEIFY_CAPACITY = 64
      table = null
      entrySet = null
      size = 0
      modCount = 0
      threshold = 0
      loadFactor = 0.75
      keySet = null
      values = null
    lastIndexBeforeDeclaredFilters = 0
    filterMappings = class java.util.ArrayList@3bc8ab47
      serialVersionUID = 8683452581122892189
      DEFAULT_CAPACITY = 10
      EMPTY_ELEMENTDATA = class java.lang.Object[0]
      DEFAULTCAPACITY_EMPTY_ELEMENTDATA = class java.lang.Object[0]
      elementData = class java.lang.Object[0]
      size = 0
      MAX_ARRAY_SIZE = 2147483639
      modCount = 0
      MAX_ARRAY_SIZE = 2147483639
    servletInfo = class java.util.concurrent.ConcurrentHashMap@df1c261
      serialVersionUID = 7249069246763182397
      MAXIMUM_CAPACITY = 1073741824
      DEFAULT_CAPACITY = 16
      MAX_ARRAY_SIZE = 2147483639
      DEFAULT_CONCURRENCY_LEVEL = 16
      LOAD_FACTOR = 0.75
      TREEIFY_THRESHOLD = 8
      UNTREEIFY_THRESHOLD = 6
      MIN_TREEIFY_CAPACITY = 64
      MIN_TRANSFER_STRIDE = 16
      RESIZE_STAMP_BITS = 16
      MAX_RESIZERS = 65535
      RESIZE_STAMP_SHIFT = 16
      MOVED = -1
      TREEBIN = -2
      RESERVED = -3
      HASH_BITS = 2147483647
      NCPU = 8
      serialPersistentFields = class java.io.ObjectStreamField[3]
      table = null
      nextTable = null
      baseCount = 0
      sizeCtl = 0
      transferIndex = 0
      cellsBusy = 0
      counterCells = null
      keySet = null
      values = class java.util.concurrent.ConcurrentHashMap$ValuesView@79bd2a2e
      entrySet = null
      U = class sun.misc.Unsafe@366a9ed7
      SIZECTL = 20
      TRANSFERINDEX = 32
      BASECOUNT = 24
      CELLSBUSY = 36
      CELLVALUE = 144
      ABASE = 16
      ASHIFT = 2
      keySet = null
      values = null
    filterInfo = class java.util.HashMap@5cbb74c1
      serialVersionUID = 362498820763181265
      DEFAULT_INITIAL_CAPACITY = 16
      MAXIMUM_CAPACITY = 1073741824
      DEFAULT_LOAD_FACTOR = 0.75
      TREEIFY_THRESHOLD = 8
      UNTREEIFY_THRESHOLD = 6
      MIN_TREEIFY_CAPACITY = 64
      table = null
      entrySet = null
      size = 0
      modCount = 0
      threshold = 0
      loadFactor = 0.75
      keySet = null
      values = null
    mimeMappings = class java.util.HashMap@667024f8
      serialVersionUID = 362498820763181265
      DEFAULT_INITIAL_CAPACITY = 16
      MAXIMUM_CAPACITY = 1073741824
      DEFAULT_LOAD_FACTOR = 0.75
      TREEIFY_THRESHOLD = 8
      UNTREEIFY_THRESHOLD = 6
      MIN_TREEIFY_CAPACITY = 64
      table = null
      entrySet = null
      size = 0
      modCount = 0
      threshold = 0
      loadFactor = 0.75
      keySet = null
      values = null
    mimeFilters = null
    isMimeFilteringEnabled = false
    theWebGroup = null
    jspAttributes = null
    fileServingAttributes = class java.util.HashMap@181c29e2
      serialVersionUID = 362498820763181265
      DEFAULT_INITIAL_CAPACITY = 16
      MAXIMUM_CAPACITY = 1073741824
      DEFAULT_LOAD_FACTOR = 0.75
      TREEIFY_THRESHOLD = 8
      UNTREEIFY_THRESHOLD = 6
      MIN_TREEIFY_CAPACITY = 64
      table = null
      entrySet = null
      size = 0
      modCount = 0
      threshold = 0
      loadFactor = 0.75
      keySet = null
      values = null
    invokerAttributes = class java.util.HashMap@1b7d124a
      serialVersionUID = 362498820763181265
      DEFAULT_INITIAL_CAPACITY = 16
      MAXIMUM_CAPACITY = 1073741824
      DEFAULT_LOAD_FACTOR = 0.75
      TREEIFY_THRESHOLD = 8
      UNTREEIFY_THRESHOLD = 6
      MIN_TREEIFY_CAPACITY = 64
      table = null
      entrySet = null
      size = 0
      modCount = 0
      threshold = 0
      loadFactor = 0.75
      keySet = null
      values = null
    contextParams = class java.util.HashMap@1ce77098
      serialVersionUID = 362498820763181265
      DEFAULT_INITIAL_CAPACITY = 16
      MAXIMUM_CAPACITY = 1073741824
      DEFAULT_LOAD_FACTOR = 0.75
      TREEIFY_THRESHOLD = 8
      UNTREEIFY_THRESHOLD = 6
      MIN_TREEIFY_CAPACITY = 64
      table = null
      entrySet = null
      size = 0
      modCount = 0
      threshold = 0
      loadFactor = 0.75
      keySet = null
      values = null
    virtualHost = null
    exceptionErrorPages = class java.util.HashMap@7b57d018
      serialVersionUID = 362498820763181265
      DEFAULT_INITIAL_CAPACITY = 16
      MAXIMUM_CAPACITY = 1073741824
      DEFAULT_LOAD_FACTOR = 0.75
      TREEIFY_THRESHOLD = 8
      UNTREEIFY_THRESHOLD = 6
      MIN_TREEIFY_CAPACITY = 64
      table = null
      entrySet = null
      size = 0
      modCount = 0
      threshold = 0
      loadFactor = 0.75
      keySet = null
      values = null
    codeErrorPages = class java.util.HashMap@27db5a9
      serialVersionUID = 362498820763181265
      DEFAULT_INITIAL_CAPACITY = 16
      MAXIMUM_CAPACITY = 1073741824
      DEFAULT_LOAD_FACTOR = 0.75
      TREEIFY_THRESHOLD = 8
      UNTREEIFY_THRESHOLD = 6
      MIN_TREEIFY_CAPACITY = 64
      table = null
      entrySet = null
      size = 0
      modCount = 0
      threshold = 0
      loadFactor = 0.75
      keySet = null
      values = null
    tagLibList = null
    precompileJsps = false
    webApp = class com.ibm.ws.webcontainer40.osgi.webapp.WebApp40@716118ee
      tc = class com.ibm.websphere.ras.TraceComponent@54c9f1a0
      servlet40NLS = class com.ibm.ejs.ras.TraceNLS@7b131ced
      CLASS_NAME = "com.ibm.ws.webcontainer40.osgi.webapp.WebApp40"
      defaultSessionTimeout = 30
      tc = class com.ibm.websphere.ras.TraceComponent@7bb48d21
      CLASS_NAME = "com.ibm.ws.webcontainer31.osgi.webapp.WebApp31"
      servlet31NLS = class com.ibm.ejs.ras.TraceNLS@77e2306d
      validListenerClasses = class java.lang.Class[7]
      wsocServHandler = null
      tc = class com.ibm.websphere.ras.TraceComponent@73ad0e8f
      CLASS_NAME = "com.ibm.ws.webcontainer.osgi.webapp.WebApp"
      metaDataService = class com.ibm.ws.container.service.metadata.internal.MetaDataServiceImpl@22323b0d
      namespacePopulated = false
      referenceContext = class com.ibm.ws.injectionengine.osgi.internal.OSGiReferenceContextImpl@443bb3f
      j2eeNameFactory = class com.ibm.ws.container.service.metadata.internal.J2EENameFactoryImpl@714a5c9d
      moduleLoader = class com.ibm.ws.classloading.internal.AppClassLoader@1931444b
      webAppConfig = class com.ibm.ws.webcontainer.osgi.webapp.WebAppConfiguration@413c1dd8
      extensionProcessingDisabled = false
      managedObjectService = class com.ibm.ws.cdi.impl.managedobject.CDIManagedObjectService@4876a942
      internalServletMetaData = interface com.ibm.wsspi.webcontainer.metadata.WebComponentMetaData[2]
      loginProcessor = null
      logoutProcessor = null
      collabHelper = null
      envObject = class com.ibm.ws.util.WSThreadLocal@7b2fa853
      orderedLibPaths = class java.util.Collections$UnmodifiableRandomAccessList@62463f93
      perm = class com.ibm.websphere.security.WebSphereRuntimePermission@43edbf3f
      WELCOME_FILE_LIST = "com.ibm.ws.webcontainer.config.WelcomeFileList"
      DIR_BROWSING_MAPPING = "__dirBrowsing__1617748866407"
      FILTER_PROXY_MAPPING = "/__filterProxy__1617748866407"
      logger = class com.ibm.ws.logging.internal.WsLogger@2d177bc2
      CLASS_NAME = "com.ibm.ws.webcontainer.webapp.WebApp"
      loader = null
      facade = null
      features = class java.util.ArrayList@45a56198
      applicationName = null
      config = class com.ibm.ws.webcontainer.osgi.webapp.WebAppConfiguration@413c1dd8
      securityEnabledForApp = null
      webExtensionProcessor = null
      production = true
      isServlet23 = false
      contextPath = null
      internalServletList = class [Ljava.lang.String;[2]
      BY_NAME_ONLY = "/_1617748866410_/"
      filterManager = null
      documentRoot = null
      SERVLET_API_VERSION = "Servlet 2.5"
      disableServletAuditLogging = -1
      serverInfo = null
      sessionCtx = null
      eventSource = class com.ibm.ws.webcontainer.webapp.WebAppEventSource@1bcb2ee0
      nls = class com.ibm.ejs.ras.TraceNLS@758c35a0
      liberty_nls = class com.ibm.ejs.ras.TraceNLS@1775b0b7
      error_nls = class com.ibm.ejs.ras.TraceNLS@2963c1a4
      sessionListeners = class java.util.ArrayList@6b1d5646
      sessionIdListeners = class java.util.ArrayList@7f285fb0
      sessionAttrListeners = class java.util.ArrayList@45e2b8ea
      addedSessionListeners = class java.util.ArrayList@72bb2f13
      addedSessionAttrListeners = class java.util.ArrayList@7315f864
      servletContextListeners = class java.util.ArrayList@4e7dec69
      servletContextLAttrListeners = class java.util.ArrayList@1e8828a4
      servletRequestListeners = class java.util.ArrayList@35604fd1
      servletRequestLAttrListeners = class java.util.ArrayList@69ea57c1
      prependSlashToResource = false
      destroyed = false
      webAppNameSpaceCollab = null
      txCollab = null
      sessionActivationListeners = class java.util.ArrayList@4855f031
      sessionBindingListeners = class java.util.ArrayList@17473c97
      scratchdir = null
      jspClassLoaderLimit = 0
      jspClassLoaderExclusionList = null
      jspClassLoadersMap = null
      jspClassLoaderLimitTrackIF = false
      defaultExtProc = null
      directoryBrowsingServlet = null
      cdiContexts = class java.util.concurrent.ConcurrentHashMap@20eef769
      moduleConfig = null
      extensionFactories = null
      initialized = false
      lock = class com.ibm.ws.webcontainer.webapp.WebApp$1@1b01f8ea
      afterServletContextCreated = false
      redirectContextRoot = false
      errorExceptionTypeFirst = false
      initFilterBeforeServletInit = false
      SET_400_SC_ON_TOO_MANY_PARENT_DIRS = false
      sortedServletConfigs = null
      effectiveMajorVersion = 0
      effectiveMinorVersion = 0
      canAddServletContextListener = true
      withinContextInitOfProgAddListener = false
      lastProgAddListenerInitialized = null
      webInfLibClassloader = null
      metaInfCache = class com.ibm.ws.webcontainer.webapp.WebApp$2@7c3247c3
      useMetaInfCache = true
      SUN_CONFIGURE_LISTENER_CLASSNAME = "com.sun.faces.config.ConfigureListener"
      MYFACES_LIFECYCLE_LISTENER_CLASSNAME = "org.apache.myfaces.webapp.StartupServletContextListener"
      JSF_IMPL_ENABLED_PARAM = "com.ibm.ws.jsf.JSF_IMPL_ENABLED"
      JSF_IMPL_ENABLED_CUSTOM = "Custom"
      JSF_IMPL_ENABLED_NONE = "None"
      staticDocRoot = null
      jspDocRoot = null
      container = class com.ibm.ws.adaptable.module.internal.AdaptableContainerImpl@7aefd1a9
      metaInfResourceFinder = class com.ibm.ws.webcontainer.util.MetaInfResourceFinder@523f6f56
      postConstructMethods = class com.ibm.ws.webcontainer.webapp.WebApp$AnnotatedMethods@53d9fc7
      preDestroyMethods = class com.ibm.ws.webcontainer.webapp.WebApp$AnnotatedMethods@116fe122
      OBJ_EMPTY = class java.lang.Object[0]
      CLASS_EMPTY = class java.lang.Class[0]
      DEFAULT_JSP_EXTENSIONS = class java.util.ArrayList@7f8db093
      DEFER_SERVLET_REQUEST_LISTENER_DESTROY_ON_ERROR = false
      DO_ACCEPT_PARTIAL = true
      DO_NOT_ACCEPT_PARTIAL = false
      DO_ACCEPT_EXCLUDED = true
      DO_NOT_ACCEPT_EXCLUDED = false
      commands = class java.util.ArrayList@56e135eb
      requestMapper = class com.ibm.wsspi.webcontainer.util.URIMapper@3f4b4b57
      parent = null
      name = "FlightLogix"
      isAlive = true
      subElements = null
      attributes = class java.util.concurrent.ConcurrentHashMap@5143cb6d
      config = null
      serialVersionUID = -8271459000149267764
      $$$tc$$$ = class com.ibm.websphere.ras.TraceComponent@50d6b6c2
    virtualHostList = class java.util.Collections$EmptyList@56a5d5ea
      serialVersionUID = 8842843931221139166
      modCount = 0
      MAX_ARRAY_SIZE = 2147483639
    appStartupWeight = 0
    moduleStartupWeight = 0
    metaDataComplete = false
    classesToScan = class java.util.ArrayList@13b71836
      serialVersionUID = 8683452581122892189
      DEFAULT_CAPACITY = 10
      EMPTY_ELEMENTDATA = class java.lang.Object[0]
      DEFAULTCAPACITY_EMPTY_ELEMENTDATA = class java.lang.Object[0]
      elementData = class java.lang.Object[0]
      size = 0
      MAX_ARRAY_SIZE = 2147483639
      modCount = 0
      MAX_ARRAY_SIZE = 2147483639
    uriFilterMappingInfos = null
    servletFilterMappingInfos = null
    dynamicServletRegistrationMap = null
    applicationName = "FlightLogix"
    libBinPathList = null
    webXmlDefinedListeners = class java.util.HashSet@7c882714
      serialVersionUID = -5024744406713321676
      map = class java.util.HashMap@5893cad0
      PRESENT = class java.lang.Object@bb6238d
      MAX_ARRAY_SIZE = 2147483639
    allRefs = class java.util.EnumMap@5d7e603
      keyType = class java.lang.Class@300482bf
      keyUniverse = class com.ibm.wsspi.injectionengine.JNDIEnvironmentRefType[14]
      vals = class java.lang.Object[14]
      size = 0
      NULL = class java.util.EnumMap$1@2e4276b5
      ZERO_LENGTH_ENUM_ARRAY = class java.lang.Enum[0]
      entrySet = null
      serialVersionUID = 458661240069192865
      keySet = null
      values = null
    allRefBindings = class java.util.EnumMap@7da579d6
      keyType = class java.lang.Class@300482bf
      keyUniverse = class com.ibm.wsspi.injectionengine.JNDIEnvironmentRefType[14]
      vals = class java.lang.Object[14]
      size = 6
      NULL = class java.util.EnumMap$1@2e4276b5
      ZERO_LENGTH_ENUM_ARRAY = class java.lang.Enum[0]
      entrySet = null
      serialVersionUID = 458661240069192865
      keySet = null
      values = null
    envEntryValues = null
    resourceRefConfigList = null
    disallowAllFileServingProp = null
    disallowServeServletsByClassnameProp = null
    disableStaticMappingCache = false
    jspCachedLocations = null
    primedSTSHeader = "NoValue"
    enablemultireadofpostdata = false
    requestEncoding = null
    responseEncoding = null
    NULLSERVLETNAME = "com.ibm.ws.webcontainer.NullServletName"
    _id = "WebAppGeneratedId1"
    _attributes = null
    serialVersionUID = 7511545662945734886
    $$$tc$$$ = class com.ibm.websphere.ras.TraceComponent@61b6414b
      strings[0] = "TraceComponent[com.ibm.ws.container.BaseConfiguration,class com.ibm.ws.container.BaseConfiguration,[],null,null]"
  _isServlet23OrHigher = false
  jspComponentMetaData = null
  sessionCookieNameInUse = null
  mBeanServiceReg = null
  tc = class com.ibm.websphere.ras.TraceComponent@733e4f8
    strings[0] = "TraceComponent[com.ibm.ws.runtime.metadata.MetaDataImpl,class com.ibm.ws.runtime.metadata.MetaDataImpl,[Runtime],null,null]"
  NUM_STATIC_SLOTS = 4
  ID_UNINITIALIZED = -1
  id = -1
  metaDataInterface = class java.lang.Class@a09940b
    ANNOTATION = 8192
    ENUM = 16384
    SYNTHETIC = 4096
    cachedConstructor = null
    newInstanceCallerCache = null
    name = null
    allPermDomain = class java.security.ProtectionDomain@2eb60cd3
      codesource = null
      classloader = null
      principals = interface java.security.Principal[0]
      permissions = class java.security.Permissions@470eabef
      hasAllPerm = true
      staticPermissions = true
      key = class java.security.ProtectionDomain$Key@578de167
      debug = null
    useCaches = true
    reflectionData = null
    classRedefinedCount = 0
    genericInfo = null
    serialVersionUID = 3206093459760846163
    serialPersistentFields = class java.io.ObjectStreamField[0]
    reflectionFactory = class sun.reflect.ReflectionFactory@25f67527
      initted = true
      reflectionFactoryAccessPerm = class java.lang.RuntimePermission@32b1d7e4
      soleInstance = class sun.reflect.ReflectionFactory@25f67527
      langReflectAccess = class java.lang.reflect.ReflectAccess@60f28372
      hasStaticInitializerMethod = null
      noInflation = true
      inflationThreshold = 15
    initted = true
    enumConstants = null
    enumConstantDirectory = null
    annotationData = null
    annotationType = null
    classValueMap = null
  staticSlots = class java.lang.Object[4]
    Object[0] = class com.ibm.ws.jaxrs20.metadata.JaxRsModuleMetaData@51a89123
      tc = class com.ibm.websphere.ras.TraceComponent@7de05345
      serverMetaData = null
      name = null
      appContextClassLoader = class com.ibm.ws.classloading.internal.ThreadContextClassLoader@6e68b09
      j2EEName = class com.ibm.ws.container.service.metadata.internal.J2EENameImpl@6d3bc3b8
      moduleContainer = class com.ibm.ws.adaptable.module.internal.AdaptableContainerImpl@7aefd1a9
      moduleInfo = class com.ibm.ws.app.manager.module.internal.WebModuleInfoImpl@57f1d3dc
      managedAppRef = null
      jaxrsModuleSlot = class com.ibm.ws.runtime.metadata.MetaDataSlotImpl@665f8d03
      enclosingModuleMetaDatas = class java.util.ArrayList@7385c923
      serialVersionUID = -7464020320882459427
    Object[1] = class com.ibm.ws.injectionengine.osgi.internal.OSGiInjectionScopeData@7152909
      tc = class com.ibm.websphere.ras.TraceComponent@3fc597bf
      namespace = class com.ibm.ws.container.service.naming.NamingConstants$JavaColonNamespace@649e81a8
      parent = class com.ibm.ws.injectionengine.osgi.internal.OSGiInjectionScopeData@53a6816d
      compLock = null
      compEnvBindings = null
      compBindings = null
      contributedBindings = null
      nonCompEnvLock = class java.util.concurrent.locks.ReentrantReadWriteLock@5e8e7cfd
      nonCompBindings = null
      savedNonCompEnvBindings = null
      deferredReferenceDataEnabled = false
      deferredReferenceDatas = class java.util.LinkedHashMap@d0a662d
      serialVersionUID = 8824531358335413825
      CLASS_NAME = "com.ibm.ws.injectionengine.InjectionScopeData"
      tc = class com.ibm.websphere.ras.TraceComponent@5ad2a48c
      ivJ2EEName = class com.ibm.ws.container.service.metadata.internal.J2EENameImpl@6d3bc3b8
      ivLogicalAppName = null
      ivDestroyed = false
      ivInjectableEnvEntries = null
      ivDefinitionReferences = null
      ivReferenceContext = class com.ibm.ws.injectionengine.osgi.internal.OSGiReferenceContextImpl@443bb3f
    Object[2] = null
    Object[3] = null
  dynamicSlots = null

Dump of objectArray[1]
Object type = com.ibm.ws.adaptable.module.internal.AdaptableContainerImpl
  root = class com.ibm.ws.adaptable.module.internal.AdaptableContainerImpl@7aefd1a9
  rootOverlay = class com.ibm.ws.artifact.overlay.internal.DirectoryBasedOverlayContainerImpl@33f485e3
    base = class com.ibm.ws.artifact.loose.internal.LooseArchive@2db3e772
      cacheDir = class java.io.File@61525100
      xmlFile = class java.io.File@381d0d48
      parent = null
      cfh = class com.ibm.ws.artifact.loose.internal.LooseContainerFactoryHelper@1f1d0cb8
      pathInParent = null
      _entries = class java.util.ArrayList@1c3b4588
      tc = class com.ibm.websphere.ras.TraceComponent@2a77f7a2
      artifactNotifier = class com.ibm.ws.artifact.loose.internal.LooseArtifactNotifier@6f12cd5e
      serialVersionUID = 345486831272892625
    maskSet = class java.util.HashSet@5c1c4499
      serialVersionUID = -5024744406713321676
      map = class java.util.HashMap@e242eaf
      PRESENT = class java.lang.Object@bb6238d
      MAX_ARRAY_SIZE = 2147483639
    cfHolder = class com.ibm.ws.artifact.overlay.internal.OverlayContainerFactoryImpl@1c8cbabf
      containerFactory = class com.ibm.ws.artifact.internal.ArtifactContainerFactoryService@6aa9b1d2
      registeredContainers = class com.ibm.ws.artifact.overlay.internal.DirectoryBasedOverlayContainerRegistry@49778122
      serialVersionUID = -6737526700663704564
      $$$tc$$$ = class com.ibm.websphere.ras.TraceComponent@4c7ac2a
    fileOverlayContainer = class com.ibm.ws.artifact.file.internal.FileContainer@b16915e
      containerFactoryHolder = class com.ibm.ws.artifact.file.internal.FileContainerFactory@5fee95ef
      parent = null
      thisInParent = null
      dir = class java.io.File@39ac7f39
      cacheDir = class java.io.File@7aadc19
      isRoot = true
      root = class com.ibm.ws.artifact.file.internal.FileContainer@b16915e
      artifactNotifier = class com.ibm.ws.artifact.file.FileArtifactNotifier@3ea98fd0
      serialVersionUID = 556130772302156267
      $$$tc$$$ = class com.ibm.websphere.ras.TraceComponent@332468d8
    overlayDirectory = class java.io.File@39ac7f39
      fs = class java.io.WinNTFileSystem@629d240e
      path = "C:\Users\felix\Desktop\FlightLogix\FlightLogix\target\liberty\wlp\usr\servers\defaultServer\workarea\org.eclipse.osgi\71\data\cacheAdapt\com.ibm.ws.app.manager_22\.overlay"
      status = class java.io.File$PathStatus@10b8e082
      prefixLength = 3
      separatorChar = \
      separator = "\"
      pathSeparatorChar = ;
      pathSeparator = ";"
      PATH_OFFSET = 16
      PREFIX_LENGTH_OFFSET = 12
      UNSAFE = class sun.misc.Unsafe@366a9ed7
      serialVersionUID = 301077366599181567
      filePath = null
      $assertionsDisabled = true
    cacheDirForOverlay = class java.io.File@7aadc19
      fs = class java.io.WinNTFileSystem@629d240e
      path = "C:\Users\felix\Desktop\FlightLogix\FlightLogix\target\liberty\wlp\usr\servers\defaultServer\workarea\org.eclipse.osgi\71\data\cacheOverlay\com.ibm.ws.app.manager_22"
      status = class java.io.File$PathStatus@10b8e082
      prefixLength = 3
      separatorChar = \
      separator = "\"
      pathSeparatorChar = ;
      pathSeparator = ";"
      PATH_OFFSET = 16
      PREFIX_LENGTH_OFFSET = 12
      UNSAFE = class sun.misc.Unsafe@366a9ed7
      serialVersionUID = 301077366599181567
      filePath = null
      $assertionsDisabled = true
    overlayNotifier = class com.ibm.ws.artifact.overlay.internal.DirectoryBasedOverlayNotifier@7e0ad711
      root = class com.ibm.ws.artifact.overlay.internal.DirectoryBasedOverlayContainerImpl@33f485e3
      overlayContainer = class com.ibm.ws.artifact.file.internal.FileContainer@b16915e
      overlaidContainer = class com.ibm.ws.artifact.loose.internal.LooseArchive@2db3e772
      listeningToContainers = true
      listeners = class java.util.concurrent.ConcurrentHashMap@3dbd3516
      pathsMonitored = class java.util.HashSet@4836cd12
      parentNotifier = null
      pathOfEntryInParent = null
      id = null
      serialVersionUID = -5716655730663296309
      $$$tc$$$ = class com.ibm.websphere.ras.TraceComponent@4336c792
    enclosingContainer = null
    entryInEnclosingContainer = null
    nestedOverlays = class java.util.concurrent.ConcurrentHashMap@41a925ef
      serialVersionUID = 7249069246763182397
      MAXIMUM_CAPACITY = 1073741824
      DEFAULT_CAPACITY = 16
      MAX_ARRAY_SIZE = 2147483639
      DEFAULT_CONCURRENCY_LEVEL = 16
      LOAD_FACTOR = 0.75
      TREEIFY_THRESHOLD = 8
      UNTREEIFY_THRESHOLD = 6
      MIN_TREEIFY_CAPACITY = 64
      MIN_TRANSFER_STRIDE = 16
      RESIZE_STAMP_BITS = 16
      MAX_RESIZERS = 65535
      RESIZE_STAMP_SHIFT = 16
      MOVED = -1
      TREEBIN = -2
      RESERVED = -3
      HASH_BITS = 2147483647
      NCPU = 8
      serialPersistentFields = class java.io.ObjectStreamField[3]
      table = class java.util.concurrent.ConcurrentHashMap$Node[32]
      nextTable = null
      baseCount = 13
      sizeCtl = 24
      transferIndex = 0
      cellsBusy = 0
      counterCells = null
      keySet = null
      values = null
      entrySet = null
      U = class sun.misc.Unsafe@366a9ed7
      SIZECTL = 20
      TRANSFERINDEX = 32
      BASECOUNT = 24
      CELLSBUSY = 36
      CELLVALUE = 144
      ABASE = 16
      ASHIFT = 2
      keySet = null
      values = null
    cacheStore = class com.ibm.ws.artifact.overlay.internal.OverlayCache@1b26cf54
      cache = class java.util.HashMap@11579ffc
      serialVersionUID = 4443220618296337968
      $$$tc$$$ = class com.ibm.websphere.ras.TraceComponent@3acaf006
    parentOverlay = null
    isPassThroughMode = true
    serialVersionUID = -6650153487216279998
    $$$tc$$$ = class com.ibm.websphere.ras.TraceComponent@3cdd078e
      strings[0] = "TraceComponent[com.ibm.ws.artifact.overlay.internal.DirectoryBasedOverlayContainerImpl,class com.ibm.ws.artifact.overlay.internal.DirectoryBasedOverlayContainerImpl,[archive.overlay],null,null]"
  factoryHolder = class com.ibm.ws.adaptable.module.internal.AdaptableModuleFactoryImpl@35bf8c00
    adapterFactoryService = class com.ibm.ws.adaptable.module.internal.AdapterFactoryServiceImpl@62276624
      toType = "toType"
      priv = class com.ibm.ws.kernel.service.util.SecureAction@3fb5eab9
      containerHelperMap = class com.ibm.wsspi.kernel.service.utils.ConcurrentServiceReferenceSetMap@483a593b
      entryHelperMap = class com.ibm.wsspi.kernel.service.utils.ConcurrentServiceReferenceSetMap@eeb52b1
      containerToTypes = class java.util.Collections$SynchronizedSet@77ea160f
      entryToTypes = class java.util.Collections$SynchronizedSet@679ada69
      baseProperties = class org.apache.felix.scr.impl.helper.ReadOnlyDictionary@7d73b420
      registration = class com.ibm.ws.kernel.service.util.ServiceRegistrationModifier@29590fe5
      serialVersionUID = 292472261820243508
      $$$tc$$$ = class com.ibm.websphere.ras.TraceComponent@5791630
    containerFactory = class com.ibm.ws.artifact.internal.ArtifactContainerFactoryService@6aa9b1d2
      CATEGORY_PROP_NAME = "category"
      ENTRY_KEY = "com.ibm.wsspi.artifact.ArtifactEntry"
      helperMap = class com.ibm.wsspi.kernel.service.utils.ConcurrentServiceReferenceSetMap@43802d4e
      contributorMap = class com.ibm.wsspi.kernel.service.utils.ConcurrentServiceReferenceSetMap@14eb694c
      helperCategoryMap = class com.ibm.wsspi.kernel.service.utils.ConcurrentServiceReferenceSetMap@40aaeb42
      contributorCategoryMap = class com.ibm.wsspi.kernel.service.utils.ConcurrentServiceReferenceSetMap@3e0af018
      categories = class java.util.Collections$SynchronizedSet@7ca240ca
      baseProperties = class org.apache.felix.scr.impl.helper.ReadOnlyDictionary@33cce71b
      registration = class com.ibm.ws.kernel.service.util.ServiceRegistrationModifier@24abfadb
      serialVersionUID = 6566424214406946230
      $$$tc$$$ = class com.ibm.websphere.ras.TraceComponent@3874db40
    overlayContainerFactory = class com.ibm.ws.artifact.overlay.internal.OverlayContainerFactoryImpl@1c8cbabf
    serialVersionUID = 4200251809856292987
    $$$tc$$$ = class com.ibm.websphere.ras.TraceComponent@259d363d
      strings[0] = "TraceComponent[com.ibm.ws.adaptable.module.internal.AdaptableModuleFactoryImpl,class com.ibm.ws.adaptable.module.internal.AdaptableModuleFactoryImpl,[archive.adaptable],null,null]"
  delegate = class com.ibm.ws.artifact.overlay.internal.DirectoryBasedOverlayContainerImpl@33f485e3
  notifier = class com.ibm.ws.adaptable.module.internal.NotifierImpl@2803d40f
    root = class com.ibm.ws.adaptable.module.internal.AdaptableContainerImpl@7aefd1a9
    delegateNotifier = class com.ibm.ws.artifact.overlay.internal.DirectoryBasedOverlayNotifier@7e0ad711
    delegateRoot = class com.ibm.ws.artifact.overlay.internal.DirectoryBasedOverlayContainerImpl@33f485e3
    listenerDelegates = class java.util.HashMap@4abd823d
      serialVersionUID = 362498820763181265
      DEFAULT_INITIAL_CAPACITY = 16
      MAXIMUM_CAPACITY = 1073741824
      DEFAULT_LOAD_FACTOR = 0.75
      TREEIFY_THRESHOLD = 8
      UNTREEIFY_THRESHOLD = 6
      MIN_TREEIFY_CAPACITY = 64
      table = class java.util.HashMap$Node[16]
      entrySet = null
      size = 3
      modCount = 3
      threshold = 12
      loadFactor = 0.75
      keySet = null
      values = null
    serialVersionUID = 6839382523957017880
    $$$tc$$$ = class com.ibm.websphere.ras.TraceComponent@3f2c27ba
      strings[0] = "TraceComponent[com.ibm.ws.adaptable.module.internal.NotifierImpl,class com.ibm.ws.adaptable.module.internal.NotifierImpl,[archive.adaptable],null,null]"
  serialVersionUID = -5950528200509051684
  $$$tc$$$ = class com.ibm.websphere.ras.TraceComponent@3090aa6c
    strings[0] = "TraceComponent[com.ibm.ws.adaptable.module.internal.AdaptableContainerImpl,class com.ibm.ws.adaptable.module.internal.AdaptableContainerImpl,[archive.adaptable],null,null]"

Dump of objectArray[2]
Object type = com.ibm.ws.jaxrs20.metadata.JaxRsModuleInfo
  serialVersionUID = -8116043459266953308
  moduleType = class com.ibm.ws.jaxrs20.metadata.JaxRsModuleType@67e6cb0e
    WEB = class com.ibm.ws.jaxrs20.metadata.JaxRsModuleType@67e6cb0e
    EJB = class com.ibm.ws.jaxrs20.metadata.JaxRsModuleType@4d6a53d9
      WEB = class com.ibm.ws.jaxrs20.metadata.JaxRsModuleType@67e6cb0e
      EJB = class com.ibm.ws.jaxrs20.metadata.JaxRsModuleType@4d6a53d9
      $VALUES = class com.ibm.ws.jaxrs20.metadata.JaxRsModuleType[2]
      name = "EJB"
      ordinal = 1
    $VALUES = class com.ibm.ws.jaxrs20.metadata.JaxRsModuleType[2]
      JaxRsModuleType[0] = class com.ibm.ws.jaxrs20.metadata.JaxRsModuleType@67e6cb0e
      JaxRsModuleType[1] = class com.ibm.ws.jaxrs20.metadata.JaxRsModuleType@4d6a53d9
    name = "WEB"
    ordinal = 0
  endpointInfoMap = class java.util.HashMap@416b5201
    serialVersionUID = 362498820763181265
    DEFAULT_INITIAL_CAPACITY = 16
    MAXIMUM_CAPACITY = 1073741824
    DEFAULT_LOAD_FACTOR = 0.75
    TREEIFY_THRESHOLD = 8
    UNTREEIFY_THRESHOLD = 6
    MIN_TREEIFY_CAPACITY = 64
    table = null
    entrySet = null
    size = 0
    modCount = 0
    threshold = 0
    loadFactor = 0.75
    keySet = null
    values = null
  isShareEJBJarWithJAXWS = false
  $$$tc$$$ = class com.ibm.websphere.ras.TraceComponent@2d82483c
    strings[0] = "TraceComponent[com.ibm.ws.jaxrs20.metadata.JaxRsModuleInfo,class com.ibm.ws.jaxrs20.metadata.JaxRsModuleInfo,[],null,null]"

