------Start of DE processing------ = [4/7/21 0:26:43:307 EDT]
Exception = com.ibm.ws.container.service.state.StateChangeException
Source = com.ibm.ws.app.manager.module.internal.SimpleDeployedAppInfoBase
probeid = 548
Stack Dump = com.ibm.ws.container.service.state.StateChangeException: org.jboss.weld.exceptions.DeploymentException: WELD-001410: The injection point has non-proxyable dependencies: [BackedAnnotatedField] @Inject com.FlightLogix.Service.apis.BookingResource.apiCaller
	at com.FlightLogix.Service.apis.BookingResource.apiCaller(BookingResource.java:0)
  StackTrace
	at com.ibm.ws.container.service.state.internal.ApplicationStateManager.fireStarting(ApplicationStateManager.java:55)
	at com.ibm.ws.container.service.state.internal.StateChangeServiceImpl.fireApplicationStarting(StateChangeServiceImpl.java:50)
	at com.ibm.ws.app.manager.module.internal.SimpleDeployedAppInfoBase.preDeployApp(SimpleDeployedAppInfoBase.java:547)
	at com.ibm.ws.app.manager.module.internal.SimpleDeployedAppInfoBase.installApp(SimpleDeployedAppInfoBase.java:508)
	at com.ibm.ws.app.manager.module.internal.DeployedAppInfoBase.deployApp(DeployedAppInfoBase.java:349)
	at com.ibm.ws.app.manager.war.internal.WARApplicationHandlerImpl.install(WARApplicationHandlerImpl.java:65)
	at com.ibm.ws.app.manager.internal.statemachine.StartAction.execute(StartAction.java:149)
	at com.ibm.ws.app.manager.internal.statemachine.ApplicationStateMachineImpl.enterState(ApplicationStateMachineImpl.java:1352)
	at com.ibm.ws.app.manager.internal.statemachine.ApplicationStateMachineImpl.performAction(ApplicationStateMachineImpl.java:1217)
	at com.ibm.ws.app.manager.internal.statemachine.ApplicationStateMachineImpl.run(ApplicationStateMachineImpl.java:905)
	at com.ibm.ws.threading.internal.ExecutorServiceImpl$RunnableWrapper.run(ExecutorServiceImpl.java:238)
	at java.util.concurrent.ThreadPoolExecutor.runWorker(ThreadPoolExecutor.java:1149)
	at java.util.concurrent.ThreadPoolExecutor$Worker.run(ThreadPoolExecutor.java:624)
	at java.lang.Thread.run(Thread.java:748)
Caused by: org.jboss.weld.exceptions.DeploymentException: WELD-001410: The injection point has non-proxyable dependencies: [BackedAnnotatedField] @Inject com.FlightLogix.Service.apis.BookingResource.apiCaller
	at com.FlightLogix.Service.apis.BookingResource.apiCaller(BookingResource.java:0)
  StackTrace
	at org.jboss.weld.bootstrap.Validator.validateInjectionPointForDeploymentProblems(Validator.java:399)
	at org.jboss.weld.bootstrap.Validator.validateInjectionPoint(Validator.java:290)
	at org.jboss.weld.bootstrap.Validator.validateGeneralBean(Validator.java:143)
	at org.jboss.weld.bootstrap.Validator.validateRIBean(Validator.java:164)
	at org.jboss.weld.bootstrap.Validator.validateBean(Validator.java:526)
	at org.jboss.weld.bootstrap.ConcurrentValidator$1.doWork(ConcurrentValidator.java:64)
	at org.jboss.weld.bootstrap.ConcurrentValidator$1.doWork(ConcurrentValidator.java:62)
	at org.jboss.weld.executor.IterativeWorkerTaskFactory$1.call(IterativeWorkerTaskFactory.java:62)
	at org.jboss.weld.executor.IterativeWorkerTaskFactory$1.call(IterativeWorkerTaskFactory.java:55)
	at java.util.concurrent.FutureTask.run(FutureTask.java:266)
	... 3 more
Caused by: org.jboss.weld.exceptions.UnproxyableResolutionException: WELD-001436: Type com.FlightLogix.Repository.AmadeusAPICaller is not proxyable because it has a private constructor private com.FlightLogix.Repository.AmadeusAPICaller() - Managed Bean [class com.FlightLogix.Repository.AmadeusAPICaller] with qualifiers [@Any @Default].
	at org.jboss.weld.bean.proxy.DefaultProxyInstantiator.validateNoargConstructor(DefaultProxyInstantiator.java:52)
	at org.jboss.weld.util.Proxies.getUnproxyableClassException(Proxies.java:228)
	at org.jboss.weld.util.Proxies.getUnproxyableTypeException(Proxies.java:178)
	at org.jboss.weld.bootstrap.Validator.validateInjectionPointForDeploymentProblems(Validator.java:397)
	... 12 more

Dump of callerThis
Object type = com.ibm.ws.app.manager.war.internal.WARDeployedAppInfo
  CONTEXT_ROOT = "context-root"
  webContainerModuleInfo = class com.ibm.ws.app.manager.module.internal.SimpleDeployedAppInfoBase$WebModuleContainerInfo@16deae6d
    contextRoot = "/"
    defaultContextRoot = "FlightLogix"
    serialVersionUID = 4617657913043497664
    $$$tc$$$ = class com.ibm.websphere.ras.TraceComponent@59b672e3
      strings[0] = "TraceComponent[com.ibm.ws.app.manager.module.internal.SimpleDeployedAppInfoBase$WebModuleContainerInfo,class com.ibm.ws.app.manager.module.internal.SimpleDeployedAppInfoBase$WebModuleContainerInfo,[applications, app.manager],null,null]"
    moduleHandler = class com.ibm.ws.app.manager.web.internal.WebModuleHandlerImpl@24ff9fc
      serialVersionUID = 4795602325763828210
      $$$tc$$$ = class com.ibm.websphere.ras.TraceComponent@7994ee26
      futureMonitor = class com.ibm.ws.threading.internal.FutureMonitorImpl@bf7db3f
      metaDataService = class com.ibm.ws.container.service.metadata.internal.MetaDataServiceImpl@7a8ab787
      stateChangeService = class com.ibm.ws.container.service.state.internal.StateChangeServiceImpl@57f290cb
      moduleRuntimeContainer = class com.ibm.ws.webcontainer.osgi.WebContainer@6ad13f30
      firstFailure = null
      serialVersionUID = -4563697739413190872
      $$$tc$$$ = class com.ibm.websphere.ras.TraceComponent@60cc1c76
    moduleMetaDataExtenders = class java.util.Collections$UnmodifiableRandomAccessList@4edd232c
      serialVersionUID = -2542308836966382001
      serialVersionUID = -283967356065247728
      list = class java.util.concurrent.CopyOnWriteArrayList@2a872911
      serialVersionUID = 1820017752578914078
      c = class java.util.concurrent.CopyOnWriteArrayList@2a872911
    nestedModuleMetaDataFactories = class java.util.Collections$UnmodifiableRandomAccessList@46f94c0b
      serialVersionUID = -2542308836966382001
      serialVersionUID = -283967356065247728
      list = class java.util.concurrent.CopyOnWriteArrayList@367178f8
      serialVersionUID = 1820017752578914078
      c = class java.util.concurrent.CopyOnWriteArrayList@367178f8
    nestedModules = null
    moduleName = "FlightLogix"
    moduleDD = class com.ibm.ws.javaee.ddmodel.web.common.WebAppType@5f4d1270
      version = class com.ibm.ws.javaee.ddmodel.TokenType@269636d
      metadata_complete = null
      module_name = null
      absolute_ordering = null
      serialVersionUID = 4092807504738198665
      $$$tc$$$ = class com.ibm.websphere.ras.TraceComponent@3e85d228
      description = null
      display_name = class com.ibm.ws.javaee.ddmodel.common.DisplayNameType$ListType@408fd75b
      icon = null
      distributable = null
      context_param = null
      filter = null
      filter_mapping = null
      listener = null
      servlet = null
      servlet_mapping = null
      session_config = null
      mime_mapping = null
      welcome_file_list = class com.ibm.ws.javaee.ddmodel.web.common.WelcomeFileListType@213eddd7
      error_page = null
      jsp_config = null
      security_constraint = null
      deny_uncovered_http_methods = null
      login_config = null
      security_role = null
      message_destination = null
      locale_encoding_mapping_list = null
      default_context_path = null
      request_encoding = null
      response_encoding = null
      servletNameToServletMap = null
      filterNameToFilterMap = null
      ejbRefNameToEJBLocalRefMap = null
      ejbRefNameToEJBRefMap = null
      resourceEnvRefNameToResourceEnvRefMap = null
      messageDestinationRefNameToMessageDestinationRefMap = null
      resRefNameToResourceRefMap = null
      envEntryNameToEnvEntryMap = null
      roleNameToSecurityRoleMap = null
      roleLinkToSecurityRoleRefMap = null
      handlerNameToHandlerMap = null
      path = "WEB-INF/web.xml"
      idMap = class com.ibm.ws.javaee.ddmodel.DDParser$ComponentIDMap@625bf68c
      serialVersionUID = 5321339975883512588
      $$$tc$$$ = class com.ibm.websphere.ras.TraceComponent@20c79fe8
      post_construct = null
      pre_destroy = null
      serialVersionUID = 1102064201943992836
      $$$tc$$$ = class com.ibm.websphere.ras.TraceComponent@63e5764
      env_entry = null
      ejb_ref = null
      ejb_local_ref = null
      resource_ref = null
      resource_env_ref = null
      message_destination_ref = null
      persistence_context_ref = null
      persistence_unit_ref = null
      data_source = null
      jms_connection_factory = null
      jms_destination = null
      mail_session = null
      connection_factory = null
      administered_object = null
      serialVersionUID = 8931982405528922228
      $$$tc$$$ = class com.ibm.websphere.ras.TraceComponent@654efcb7
      service_ref = null
      serialVersionUID = -6199862059825607270
      $$$tc$$$ = class com.ibm.websphere.ras.TraceComponent@2936fd4d
      nilled = false
      serialVersionUID = -2826386306561723362
      $$$tc$$$ = class com.ibm.websphere.ras.TraceComponent@2961e7cc
    moduleInfo = class com.ibm.ws.app.manager.module.internal.WebModuleInfoImpl@217d91d2
      contextRoot = "/"
      isDefaultContextRootUsed = false
      defaultContextRoot = "FlightLogix"
      serialVersionUID = -6699247856069243844
      $$$tc$$$ = class com.ibm.websphere.ras.TraceComponent@973ba6f
      tc = class com.ibm.websphere.ras.TraceComponent@6531d222
      appInfo = class com.ibm.ws.container.service.app.deploy.internal.ApplicationInfoImpl@3ff8d8e2
      moduleName = "FlightLogix"
      path = "FlightLogix.war"
      moduleContainer = class com.ibm.ws.adaptable.module.internal.AdaptableContainerImpl@eb574b9
      altDDEntry = null
      moduleClassesContainers = class java.util.ArrayList@3bf92e8b
      classLoaderFactory = class com.ibm.ws.app.manager.war.internal.WARDeployedAppInfo@2182ed46
      containerInfoType = class com.ibm.ws.container.service.app.deploy.ContainerInfo$Type@33352875
      classLoader = class com.ibm.ws.classloading.internal.AppClassLoader@41725492
      moduleMetaData = class com.ibm.ws.webcontainer.osgi.metadata.WebModuleMetaDataImpl@14d2d5ac
      nestedModuleMetaDataTypes = null
      nestedModuleMetaDataValues = null
      serialVersionUID = 3986734351620206554
    serialVersionUID = 5122721995888983779
    $$$tc$$$ = class com.ibm.websphere.ras.TraceComponent@6e47530c
      strings[0] = "TraceComponent[com.ibm.ws.app.manager.module.internal.SimpleDeployedAppInfoBase$ModuleContainerInfoBase,class com.ibm.ws.app.manager.module.internal.SimpleDeployedAppInfoBase$ModuleContainerInfoBase,[applications, app.manager],null,null]"
    type = class com.ibm.ws.container.service.app.deploy.ContainerInfo$Type@33352875
      MANIFEST_CLASSPATH = class com.ibm.ws.container.service.app.deploy.ContainerInfo$Type@2d16be06
      WEB_INF_CLASSES = class com.ibm.ws.container.service.app.deploy.ContainerInfo$Type@131d91f0
      WEB_INF_LIB = class com.ibm.ws.container.service.app.deploy.ContainerInfo$Type@441a3621
      EAR_LIB = class com.ibm.ws.container.service.app.deploy.ContainerInfo$Type@794847b8
      WEB_MODULE = class com.ibm.ws.container.service.app.deploy.ContainerInfo$Type@33352875
      EJB_MODULE = class com.ibm.ws.container.service.app.deploy.ContainerInfo$Type@61b63019
      CLIENT_MODULE = class com.ibm.ws.container.service.app.deploy.ContainerInfo$Type@1e5bafce
      RAR_MODULE = class com.ibm.ws.container.service.app.deploy.ContainerInfo$Type@b65291a
      JAR_MODULE = class com.ibm.ws.container.service.app.deploy.ContainerInfo$Type@30abda49
      SHARED_LIB = class com.ibm.ws.container.service.app.deploy.ContainerInfo$Type@60cd02bd
      $VALUES = class com.ibm.ws.container.service.app.deploy.ContainerInfo$Type[10]
      name = "WEB_MODULE"
      ordinal = 4
    name = "FlightLogix.war"
    container = class com.ibm.ws.adaptable.module.internal.AdaptableContainerImpl@eb574b9
      root = class com.ibm.ws.adaptable.module.internal.AdaptableContainerImpl@eb574b9
      rootOverlay = class com.ibm.ws.artifact.overlay.internal.DirectoryBasedOverlayContainerImpl@60ff9ebe
      factoryHolder = class com.ibm.ws.adaptable.module.internal.AdaptableModuleFactoryImpl@5c99e92d
      delegate = class com.ibm.ws.artifact.overlay.internal.DirectoryBasedOverlayContainerImpl@60ff9ebe
      notifier = class com.ibm.ws.adaptable.module.internal.NotifierImpl@2c5fee1d
      serialVersionUID = -5950528200509051684
      $$$tc$$$ = class com.ibm.websphere.ras.TraceComponent@1f6abbd7
    moduleClassLoaderFactory = class com.ibm.ws.app.manager.war.internal.WARDeployedAppInfo@2182ed46
    altDDEntry = null
    classesContainerInfo = class java.util.ArrayList@3bf92e8b
      serialVersionUID = 8683452581122892189
      DEFAULT_CAPACITY = 10
      EMPTY_ELEMENTDATA = class java.lang.Object[0]
      DEFAULTCAPACITY_EMPTY_ELEMENTDATA = class java.lang.Object[0]
      elementData = class java.lang.Object[15]
      size = 15
      MAX_ARRAY_SIZE = 2147483639
      modCount = 16
      MAX_ARRAY_SIZE = 2147483639
    serialVersionUID = 4636874131959542427
    $$$tc$$$ = class com.ibm.websphere.ras.TraceComponent@78d9ee16
      strings[0] = "TraceComponent[com.ibm.ws.app.manager.module.internal.SimpleDeployedAppInfoBase$ExtendedContainerInfo,class com.ibm.ws.app.manager.module.internal.SimpleDeployedAppInfoBase$ExtendedContainerInfo,[applications, app.manager],null,null]"
  DYNAMIC_IMPORT_PACKAGE_LIST = class java.util.Collections$UnmodifiableRandomAccessList@2f39c940
    serialVersionUID = -2542308836966382001
    serialVersionUID = -283967356065247728
    list = class java.util.Arrays$ArrayList@1c3e13bb
      serialVersionUID = -2764017481108945198
      a = class java.lang.String[1]
      modCount = 0
      MAX_ARRAY_SIZE = 2147483639
    serialVersionUID = 1820017752578914078
    c = class java.util.Arrays$ArrayList@1c3e13bb
  serialVersionUID = 6176035338244935179
  $$$tc$$$ = class com.ibm.websphere.ras.TraceComponent@5ffa7d
    strings[0] = "TraceComponent[com.ibm.ws.app.manager.war.internal.WARDeployedAppInfo,class com.ibm.ws.app.manager.war.internal.WARDeployedAppInfo,[webcontainer, applications, app.manager],com.ibm.ws.app.manager.war.internal.resources.Messages,null]"
  _tc = class com.ibm.websphere.ras.TraceComponent@78dc42b1
    strings[0] = "TraceComponent[com.ibm.ws.app.manager.module.internal.DeployedAppInfoBase,class com.ibm.ws.app.manager.module.internal.DeployedAppInfoBase,[app.manager],com.ibm.ws.app.manager.module.internal.resources.Messages,null]"
  PERMISSION_XML = "permissions.xml"
  applicationInformation = class com.ibm.ws.app.manager.internal.ApplicationInstallInfo@7f5cba5a
    _config = class com.ibm.ws.app.manager.internal.ApplicationConfig@67744ae3
      tc = class com.ibm.websphere.ras.TraceComponent@40edddb6
      _configPid = "com.ibm.ws.app.manager_23"
      _config = class com.ibm.ws.config.admin.ConfigurationDictionary@30f5e486
      _applicationManager = class com.ibm.ws.app.manager.ApplicationManager@7065913e
      _location = "FlightLogix.war"
      _type = "war"
      _name = "FlightLogix"
      _notificationBroadcasterSupport = class javax.management.NotificationBroadcasterSupport@2bb1aac1
      ONE_TIME_JANDEX_MSGS_DISPLAYED = true
      serialVersionUID = -2151423388299667431
    _handlerInfo = class java.util.concurrent.atomic.AtomicReference@5969147d
      serialVersionUID = -1848883965231344442
      unsafe = class sun.misc.Unsafe@166322b9
      valueOffset = 12
      value = class com.ibm.ws.app.manager.war.internal.WARDeployedAppInfo@2182ed46
    _container = class java.util.concurrent.atomic.AtomicReference@1706eace
      serialVersionUID = -1848883965231344442
      unsafe = class sun.misc.Unsafe@166322b9
      valueOffset = 12
      value = class com.ibm.ws.adaptable.module.internal.AdaptableContainerImpl@eb574b9
    _resolvedLocation = class java.util.concurrent.atomic.AtomicReference@d921c1e
      serialVersionUID = -1848883965231344442
      unsafe = class sun.misc.Unsafe@166322b9
      valueOffset = 12
      value = class com.ibm.ws.kernel.service.location.internal.LocalFileResource@200c0b85
    _handler = class com.ibm.ws.app.manager.war.internal.WARApplicationHandlerImpl@48f47c1d
      futureMonitor = class com.ibm.ws.threading.internal.FutureMonitorImpl@bf7db3f
      deployedAppFactory = class com.ibm.ws.app.manager.war.internal.WARDeployedAppInfoFactoryImpl@64fea30b
      serialVersionUID = 4622845147410944782
      $$$tc$$$ = class com.ibm.websphere.ras.TraceComponent@75d49599
    _ami = class java.util.concurrent.atomic.AtomicReference@59af5382
      serialVersionUID = -1848883965231344442
      unsafe = class sun.misc.Unsafe@166322b9
      valueOffset = 12
      value = class com.ibm.wsspi.application.handler.DefaultApplicationMonitoringInformation@1419e2d9
    _updateHandler = class com.ibm.ws.app.manager.internal.statemachine.ApplicationStateMachineImpl@795f92e3
      _tc = class com.ibm.websphere.ras.TraceComponent@6f868248
      EMPTY_FUTURE_ARRAY = interface java.util.concurrent.Future[0]
      asmSequenceNumber = class java.util.concurrent.atomic.AtomicLong@5e9101c8
      _qscaCounter = class java.util.concurrent.atomic.AtomicInteger@78d05f79
      _failedThrowable = null
      _interruptibleLock = class com.ibm.ws.app.manager.internal.statemachine.ApplicationStateMachineImpl$2@190f94b5
      _interruptible = false
      _performingQueuedActions = true
      _queuedActions = class java.util.concurrent.ConcurrentLinkedQueue@17c6d4c3
      _callbackState = class java.util.concurrent.atomic.AtomicReference@410f18b2
      blockAppStartingFutures = class java.util.Collections$SetFromMap@3bdebc7d
      waitingForAppHandlerFuture = class java.util.concurrent.atomic.AtomicReference@5e912d8f
      waitingForExplicitStartFuture = class java.util.concurrent.atomic.AtomicReference@7f509a52
      startAfterFutures = class java.util.Collections$SetFromMap@4623d782
      completionListener = class java.util.concurrent.atomic.AtomicReference@8d0a66f
      _notifyAppStopped = class java.util.concurrent.ConcurrentLinkedQueue@5f7a0faf
      _notifyAppStarting = class java.util.concurrent.ConcurrentLinkedQueue@24038c18
      _notifyAppInstallCalled = class java.util.concurrent.ConcurrentLinkedQueue@7c44c0dd
      _notifyAppStarted = class java.util.concurrent.ConcurrentLinkedQueue@712af2e4
      _notifyAppRemoved = class java.util.concurrent.ConcurrentLinkedQueue@7ea29c19
      _stateLock = class com.ibm.ws.app.manager.internal.statemachine.ApplicationStateMachineImpl$3@4679bc99
      _internalState = class java.util.concurrent.atomic.AtomicReference@1c61cea3
      _currentAction = class java.util.concurrent.atomic.AtomicReference@3a7ab219
      _rfa = class java.util.concurrent.atomic.AtomicReference@5052a31b
      _appInstallInfo = class java.util.concurrent.atomic.AtomicReference@5bc440fc
      _update = class java.util.concurrent.atomic.AtomicBoolean@494289f1
      _appConfig = class java.util.concurrent.atomic.AtomicReference@264700ba
      _nextAppConfig = class java.util.concurrent.atomic.AtomicReference@63c83512
      _appContainer = class java.util.concurrent.atomic.AtomicReference@1a724a37
      _resolvedLocation = class java.util.concurrent.atomic.AtomicReference@47a25589
      _handler = class java.util.concurrent.atomic.AtomicReference@59fecf17
      _asmSeqNo = 0
      _ctx = class org.eclipse.osgi.internal.framework.BundleContextImpl@166df0d4
      _locAdmin = class com.ibm.ws.kernel.service.location.internal.WsLocationAdminImpl@1c784656
      _futureMonitor = class com.ibm.ws.threading.internal.FutureMonitorImpl@bf7db3f
      _artifactFactory = class com.ibm.ws.artifact.internal.ArtifactContainerFactoryService@7f9622
      _moduleFactory = class com.ibm.ws.adaptable.module.internal.AdaptableModuleFactoryImpl@5c99e92d
      _executorService = class com.ibm.ws.threading.internal.ExecutorServiceImpl@7b3c019f
      _scheduledExecutorService = class com.ibm.ws.threading.internal.ScheduledExecutorImpl@7317cf3d
      _asmHelper = class com.ibm.ws.app.manager.internal.ApplicationConfigurator$NamedApplication@78059e5e
      _appMonitor = class com.ibm.ws.app.manager.internal.monitor.ApplicationMonitor@264cc2cb
      enterStateCalled = class java.util.concurrent.atomic.AtomicBoolean@9652762
      serialVersionUID = 7990273947104993494
      serialVersionUID = 300267208965883056
      $$$tc$$$ = class com.ibm.websphere.ras.TraceComponent@f74c94b
    serialVersionUID = 2630639237123415755
    $$$tc$$$ = class com.ibm.websphere.ras.TraceComponent@31bfc372
      strings[0] = "TraceComponent[com.ibm.ws.app.manager.internal.ApplicationInstallInfo,class com.ibm.ws.app.manager.internal.ApplicationInstallInfo,[applications, app.manager],com.ibm.ws.app.manager.internal.resources.AppManagerMessages,null]"
  location = "C:\Users\felix\Desktop\FlightLogix\FlightLogix\target\liberty\wlp\usr\servers\defaultServer\apps\FlightLogix.war.xml"
  classLoadingService = class com.ibm.ws.classloading.internal.ClassLoadingServiceImpl@528de012
    tc = class com.ibm.websphere.ras.TraceComponent@3493e4d4
      strings[0] = "TraceComponent[com.ibm.ws.classloading.internal.ClassLoadingServiceImpl,class com.ibm.ws.classloading.internal.ClassLoadingServiceImpl,[ClassLoadingService],com.ibm.ws.classloading.internal.resources.ClassLoadingServiceMessages,null]"
    leakDetectionMap = class java.util.HashMap@571e5eb5
      serialVersionUID = 362498820763181265
      DEFAULT_INITIAL_CAPACITY = 16
      MAXIMUM_CAPACITY = 1073741824
      DEFAULT_LOAD_FACTOR = 0.75
      TREEIFY_THRESHOLD = 8
      UNTREEIFY_THRESHOLD = 6
      MIN_TREEIFY_CAPACITY = 64
      table = null
      entrySet = null
      size = 0
      modCount = 0
      threshold = 0
      loadFactor = 0.75
      keySet = null
      values = null
    appClassLoaders = class java.util.Collections$SetFromMap@f6ac033
      m = class java.util.WeakHashMap@468d69ae
      s = class java.util.WeakHashMap$KeySet@49fb7711
      serialVersionUID = 2454657854757543876
      MAX_ARRAY_SIZE = 2147483639
    TCCL_LOCK_WAIT = 15000
    REFERENCE_GENERATORS = "generators"
    bundleContext = class org.eclipse.osgi.internal.framework.BundleContextImpl@363ad9bf
    aclStore = class com.ibm.ws.classloading.internal.util.CanonicalStore@25ddb8aa
      map = class java.util.concurrent.ConcurrentHashMap@6cd3c758
      q = class com.ibm.ws.classloading.internal.util.RefQueue@7c451946
      serialVersionUID = 6715157558227169968
      $$$tc$$$ = class com.ibm.websphere.ras.TraceComponent@426b4c1d
    tcclStore = class com.ibm.ws.classloading.internal.util.CanonicalStore@70b69ced
      map = class java.util.concurrent.ConcurrentHashMap@75418328
      q = class com.ibm.ws.classloading.internal.util.RefQueue@1498629e
      serialVersionUID = 6715157558227169968
      $$$tc$$$ = class com.ibm.websphere.ras.TraceComponent@426b4c1d
    tcclStoreLock = class java.util.concurrent.locks.ReentrantLock@55788fb8
      serialVersionUID = 7373984872572414699
      sync = class java.util.concurrent.locks.ReentrantLock$NonfairSync@4bfa9b60
    digraph = class org.eclipse.equinox.internal.region.StandardRegionDigraph@c4ab67c
      EMPTY_EDGE_SET = class java.util.Collections$UnmodifiableSet@74e6da38
      monitor = class java.lang.Object@523b731a
      regions = class java.util.HashMap@15ce549f
      bundleIdToRegionMapping = class org.eclipse.equinox.internal.region.StandardBundleIdToRegionMapping@2365e4b4
      edges = class java.util.HashMap@6110cdfa
      bundleContext = class org.eclipse.osgi.internal.framework.BundleContextImpl@56e8b606
      threadLocal = class java.lang.ThreadLocal@683ac161
      subgraphTraverser = class org.eclipse.equinox.internal.region.SubgraphTraverser@f371a55
      bundleCollisionHook = class org.eclipse.equinox.internal.region.hook.RegionBundleCollisionHook@37b0f43
      bundleEventHook = class org.eclipse.equinox.internal.region.hook.RegionBundleEventHook@64e37dcb
      bundleFindHook = class org.eclipse.equinox.internal.region.hook.RegionBundleFindHook@5aec89ff
      serviceEventHook = class org.eclipse.equinox.internal.region.hook.RegionServiceEventHook@6d3ed545
      serviceFindHook = class org.eclipse.equinox.internal.region.hook.RegionServiceFindHook@3664ceb6
      resolverHookFactory = class org.eclipse.equinox.internal.region.hook.RegionResolverHookFactory@4916e094
      origin = null
      originUpdateCount = -1
      updateCount = class java.util.concurrent.atomic.AtomicLong@778b3b38
      defaultRegion = null
    redefiner = class com.ibm.ws.classloading.internal.util.ClassRedefiner@6d018c0f
      tc = class com.ibm.websphere.ras.TraceComponent@9b5f0fe
      LS = "
"
      inst = class com.sun.proxy.$Proxy0@8b3865e
      serialVersionUID = 2420101865139508526
    listener = class com.ibm.ws.classloading.internal.ClassLoadingServiceImpl$1@441a47b7
      this$0 = class com.ibm.ws.classloading.internal.ClassLoadingServiceImpl@528de012
      serialVersionUID = -9159707349812113172
      $$$tc$$$ = class com.ibm.websphere.ras.TraceComponent@13d8244f
    classloaders = class java.util.Collections$SynchronizedMap@8fea2d
      serialVersionUID = 1978198479659022715
      m = class java.util.HashMap@43cbf613
      mutex = class java.util.Collections$SynchronizedMap@8fea2d
      keySet = null
      entrySet = null
      values = null
    resourceProviders = class com.ibm.ws.classloading.internal.CompositeResourceProvider@111bb0cb
      lockFactory = class java.util.concurrent.locks.ReentrantReadWriteLock@7960fbb2
      providerMap = class com.ibm.ws.classloading.internal.util.MultiMap@11bf2a53
      serialVersionUID = -5576435894946156347
      $$$tc$$$ = class com.ibm.websphere.ras.TraceComponent@32693f07
    rememberedBundles = class java.util.concurrent.ConcurrentHashMap@48bb1dc2
      serialVersionUID = 7249069246763182397
      MAXIMUM_CAPACITY = 1073741824
      DEFAULT_CAPACITY = 16
      MAX_ARRAY_SIZE = 2147483639
      DEFAULT_CONCURRENCY_LEVEL = 16
      LOAD_FACTOR = 0.75
      TREEIFY_THRESHOLD = 8
      UNTREEIFY_THRESHOLD = 6
      MIN_TREEIFY_CAPACITY = 64
      MIN_TRANSFER_STRIDE = 16
      RESIZE_STAMP_BITS = 16
      MAX_RESIZERS = 65535
      RESIZE_STAMP_SHIFT = 16
      MOVED = -1
      TREEBIN = -2
      RESERVED = -3
      HASH_BITS = 2147483647
      NCPU = 8
      serialPersistentFields = class java.io.ObjectStreamField[3]
      table = class java.util.concurrent.ConcurrentHashMap$Node[16]
      nextTable = null
      baseCount = 2
      sizeCtl = 12
      transferIndex = 0
      cellsBusy = 0
      counterCells = null
      keySet = null
      values = null
      entrySet = null
      U = class sun.misc.Unsafe@166322b9
      SIZECTL = 20
      TRANSFERINDEX = 32
      BASECOUNT = 24
      CELLSBUSY = 36
      CELLVALUE = 144
      ABASE = 16
      ASHIFT = 2
      keySet = null
      values = null
    collectedBundles = class java.lang.ref.ReferenceQueue@5e0acc9d
      NULL = class java.lang.ref.ReferenceQueue$Null@4220828c
      ENQUEUED = class java.lang.ref.ReferenceQueue$Null@43b7b423
      lock = class java.lang.ref.ReferenceQueue$Lock@60f566b9
      head = null
      queueLength = 0
      $assertionsDisabled = true
    generatorRefs = class com.ibm.wsspi.kernel.service.utils.ConcurrentServiceReferenceSet@212b8bf3
      referenceName = "generators"
      contextRef = class java.util.concurrent.atomic.AtomicReference@e01929f
      elementMap = class java.util.LinkedHashMap@3f63eeb9
      elementSet = class java.util.concurrent.ConcurrentSkipListSet@41a02f8c
      elementSetUnsorted = false
      serialVersionUID = 756240983881166148
      $$$tc$$$ = class com.ibm.websphere.ras.TraceComponent@3f9db1ba
    generatorManager = class com.ibm.ws.classloading.internal.ClassGeneratorManager@562d85af
      tc = class com.ibm.websphere.ras.TraceComponent@6af55fcc
      generatorRefs = class com.ibm.wsspi.kernel.service.utils.ConcurrentServiceReferenceSet@212b8bf3
      serialVersionUID = 4152663586056483310
    appExtLibs = class java.util.concurrent.CopyOnWriteArrayList@6d7afaf5
      serialVersionUID = 8673264195747942595
      lock = class java.util.concurrent.locks.ReentrantLock@597e04da
      array = class java.lang.Object[0]
      UNSAFE = class sun.misc.Unsafe@166322b9
      lockOffset = 12
    globalConfig = class com.ibm.ws.classloading.configuration.GlobalClassloadingConfiguration@7dbfbf95
      properties = class org.apache.felix.scr.impl.helper.ReadOnlyDictionary@36ce5988
      serialVersionUID = 452562347104713756
      $$$tc$$$ = class com.ibm.websphere.ras.TraceComponent@5bd2f54
    metaInfServicesProviders = class java.util.concurrent.ConcurrentHashMap@7559fa9b
      serialVersionUID = 7249069246763182397
      MAXIMUM_CAPACITY = 1073741824
      DEFAULT_CAPACITY = 16
      MAX_ARRAY_SIZE = 2147483639
      DEFAULT_CONCURRENCY_LEVEL = 16
      LOAD_FACTOR = 0.75
      TREEIFY_THRESHOLD = 8
      UNTREEIFY_THRESHOLD = 6
      MIN_TREEIFY_CAPACITY = 64
      MIN_TRANSFER_STRIDE = 16
      RESIZE_STAMP_BITS = 16
      MAX_RESIZERS = 65535
      RESIZE_STAMP_SHIFT = 16
      MOVED = -1
      TREEBIN = -2
      RESERVED = -3
      HASH_BITS = 2147483647
      NCPU = 8
      serialPersistentFields = class java.io.ObjectStreamField[3]
      table = null
      nextTable = null
      baseCount = 0
      sizeCtl = 0
      transferIndex = 0
      cellsBusy = 0
      counterCells = null
      keySet = null
      values = null
      entrySet = null
      U = class sun.misc.Unsafe@166322b9
      SIZECTL = 20
      TRANSFERINDEX = 32
      BASECOUNT = 24
      CELLSBUSY = 36
      CELLVALUE = 144
      ABASE = 16
      ASHIFT = 2
      keySet = null
      values = null
    metaInfServicesRefs = class com.ibm.wsspi.kernel.service.utils.ConcurrentServiceReferenceMap@85083d0
      referenceName = "MetaInfServicesProvider"
      context = class org.apache.felix.scr.impl.manager.ComponentContextImpl@65010770
      elementMap = class java.util.concurrent.ConcurrentHashMap@332af22b
      serialVersionUID = 6980924785166233786
      $$$tc$$$ = class com.ibm.websphere.ras.TraceComponent@50530800
    protectionDomainMap = class java.util.HashMap@32c76d7d
      serialVersionUID = 362498820763181265
      DEFAULT_INITIAL_CAPACITY = 16
      MAXIMUM_CAPACITY = 1073741824
      DEFAULT_LOAD_FACTOR = 0.75
      TREEIFY_THRESHOLD = 8
      UNTREEIFY_THRESHOLD = 6
      MIN_TREEIFY_CAPACITY = 64
      table = class java.util.HashMap$Node[16]
      entrySet = null
      size = 1
      modCount = 1
      threshold = 12
      loadFactor = 0.75
      keySet = class java.util.HashMap$KeySet@3afa49a4
      values = null
    metadataIdentifierService = class com.ibm.ws.container.service.metadata.internal.MetaDataServiceImpl@7a8ab787
    globalSharedLibrary = class java.util.concurrent.atomic.AtomicReference@32042fa7
      serialVersionUID = -1848883965231344442
      unsafe = class sun.misc.Unsafe@166322b9
      valueOffset = 12
      value = null
    serialVersionUID = 4365026902615131286
  globalSharedLibrary = class com.ibm.ws.library.internal.SharedLibraryImpl@43126a09
    tc = class com.ibm.websphere.ras.TraceComponent@1500d9e2
      strings[0] = "TraceComponent[com.ibm.ws.library.internal.SharedLibraryImpl,class com.ibm.ws.library.internal.SharedLibraryImpl,[SharedLibrary],com.ibm.ws.classloading.internal.resources.ClassLoadingServiceMessages,null]"
    EMPTY_LIBRARY_LISTENERS = interface com.ibm.wsspi.library.LibraryChangeListener[0]
    deleted = false
    libraryListenersTracker = class org.osgi.util.tracker.ServiceTracker@61dd5622
      DEBUG = false
      context = class org.eclipse.osgi.internal.framework.BundleContextImpl@363ad9bf
      filter = class org.eclipse.osgi.internal.framework.FilterImpl$And@1161a6e0
      customizer = class org.osgi.util.tracker.ServiceTracker@61dd5622
      listenerFilter = "(&(objectClass=com.ibm.wsspi.library.LibraryChangeListener)(|(library=global)(libraryRef=*com.ibm.ws.classloading.sharedlibrary_21*)))"
      trackClass = null
      trackReference = null
      tracked = class org.osgi.util.tracker.ServiceTracker$Tracked@2c6aaa8c
      cachedReference = null
      cachedService = null
    libraryReg = class org.eclipse.osgi.internal.serviceregistry.ServiceRegistrationImpl@5c75d366
      registry = class org.eclipse.osgi.internal.serviceregistry.ServiceRegistry@4f1ca9b
      context = class org.eclipse.osgi.internal.framework.BundleContextImpl@363ad9bf
      bundle = class org.eclipse.osgi.internal.framework.EquinoxBundle@158bd73d
      clazzes = class java.lang.String[1]
      service = class com.ibm.ws.library.internal.SharedLibraryImpl@43126a09
      reference = class org.eclipse.osgi.internal.serviceregistry.ServiceReferenceImpl@1ebe9cf7
      contextsUsing = class java.util.ArrayList@aab7808
      properties = class java.util.Collections$UnmodifiableMap@84ced4
      serviceid = 294
      serviceranking = 0
      registrationLock = class java.lang.Object@2a651e32
      state = 0
      REGISTERED = 0
      UNREGISTERING = 1
      UNREGISTERED = 2
      FRAMEWORK_SET_SERVICE_PROPERTIES_COUNT = 4
      $assertionsDisabled = true
    ctx = class org.eclipse.osgi.internal.framework.BundleContextImpl@363ad9bf
    classLoadingService = class com.ibm.ws.classloading.internal.ClassLoadingServiceImpl@528de012
    configAdmin = class com.ibm.ws.config.admin.internal.ConfigurationAdminImpl@7852e5c5
      tc = class com.ibm.websphere.ras.TraceComponent@3a948f14
      bundle = class org.eclipse.osgi.internal.framework.EquinoxBundle@158bd73d
      caFactory = class com.ibm.ws.config.admin.internal.ConfigAdminServiceFactory@53383df
      serialVersionUID = -2875522750804142523
    resolvedBasePath = "C:/Users/felix/Desktop/FlightLogix/FlightLogix/target/liberty/wlp/usr/servers/defaultServer/"
    generationLock = class com.ibm.ws.library.internal.SharedLibraryImpl$1@149d82bf
      this$0 = class com.ibm.ws.library.internal.SharedLibraryImpl@43126a09
      serialVersionUID = 2483639803450672373
      $$$tc$$$ = class com.ibm.websphere.ras.TraceComponent@17ed56f1
    currentGeneration = class com.ibm.ws.library.internal.LibraryGeneration@21496e00
      tc = class com.ibm.websphere.ras.TraceComponent@2ecfec5b
      nextInt = class java.util.concurrent.atomic.AtomicInteger@1a42423
      libraryId = "global"
      genId = 0
      libraryProps = class java.util.Hashtable@6f33dfcc
      filesetRefs = class java.util.Collections$UnmodifiableRandomAccessList@6763e07d
      apiTypeVisibility = class java.util.RegularEnumSet@1b113e68
      files = class java.util.Collections$EmptyList@631f63f1
      folders = class java.util.ArrayList@3b348415
      fileAndFolderContainers = class java.util.Collections$EmptyList@631f63f1
      filesets = class java.util.concurrent.ArrayBlockingQueue@4a08e100
      filesetListenerRegs = class java.util.concurrent.ConcurrentLinkedQueue@32908034
      cancelled = false
      library = class com.ibm.ws.library.internal.SharedLibraryImpl@43126a09
      serialVersionUID = 6965220007121905717
    nextGeneration = class com.ibm.ws.library.internal.LibraryGeneration@21496e00
    artifactContainerFactory = class com.ibm.ws.library.internal.SharedLibraryFactory$1@2aae404d
      this$0 = class com.ibm.ws.library.internal.SharedLibraryFactory@2bb29298
      serialVersionUID = 7730244564205089330
      $$$tc$$$ = class com.ibm.websphere.ras.TraceComponent@426538be
    packageExporter = class com.ibm.ws.library.internal.LibraryPackageExporter@453de410
      EXPORTER_POSTFIX = "_library_exporter"
      REGION_EXPORT_TO_LIBERTY = "liberty.library.export.to.liberty"
      REGION_EXPORT_TO_OSGI_APPS = "liberty.library.export.to.osgi.app"
      REGION_KERNEL = "org.eclipse.equinox.region.kernel"
      counter = class java.util.concurrent.atomic.AtomicLong@449c4ce2
      context = class org.eclipse.osgi.internal.framework.BundleContextImpl@363ad9bf
      digraph = class org.eclipse.equinox.internal.region.StandardRegionDigraph@c4ab67c
      bundleToLibrary = class java.util.concurrent.ConcurrentHashMap@408775d
      libraryToVisibility = class java.util.concurrent.ConcurrentHashMap@30a0c7bd
      serialVersionUID = 8074378969667956573
      $$$tc$$$ = class com.ibm.websphere.ras.TraceComponent@43cdf821
    serialVersionUID = 6288237618632180389
  sharedLibDeploymentInfo = class com.ibm.ws.app.manager.module.internal.DeployedAppInfoBase$SharedLibDeploymentInfo@761245ee
    locAdmin = class com.ibm.ws.kernel.service.location.internal.WsLocationAdminImpl@1c784656
    artifactFactory = class com.ibm.ws.artifact.internal.ArtifactContainerFactoryService@7f9622
    moduleFactory = class com.ibm.ws.adaptable.module.internal.AdaptableModuleFactoryImpl@5c99e92d
    classesContainerInfo = class java.util.ArrayList@3d4d1e72
      serialVersionUID = 8683452581122892189
      DEFAULT_CAPACITY = 10
      EMPTY_ELEMENTDATA = class java.lang.Object[0]
      DEFAULTCAPACITY_EMPTY_ELEMENTDATA = class java.lang.Object[0]
      elementData = class java.lang.Object[0]
      size = 0
      MAX_ARRAY_SIZE = 2147483639
      modCount = 0
      MAX_ARRAY_SIZE = 2147483639
    serialVersionUID = 5154735746662585226
    $$$tc$$$ = class com.ibm.websphere.ras.TraceComponent@19ee5a00
      strings[0] = "TraceComponent[com.ibm.ws.app.manager.module.internal.DeployedAppInfoBase$SharedLibDeploymentInfo,class com.ibm.ws.app.manager.module.internal.DeployedAppInfoBase$SharedLibDeploymentInfo,[applications, app.manager],null,null]"
  configAdmin = class com.ibm.ws.config.admin.internal.ConfigurationAdminImpl@2d9b3f8b
    tc = class com.ibm.websphere.ras.TraceComponent@3a948f14
      strings[0] = "TraceComponent[com.ibm.ws.config.admin.internal.ConfigurationAdminImpl,class com.ibm.ws.config.admin.internal.ConfigurationAdminImpl,[config],com.ibm.ws.config.internal.resources.ConfigMessages,null]"
    bundle = class org.eclipse.osgi.internal.framework.EquinoxBundle@76e1f26f
      equinoxContainer = class org.eclipse.osgi.internal.framework.EquinoxContainer@3de7d830
      module = class org.eclipse.osgi.internal.framework.EquinoxBundle$EquinoxModule@2e1698be
      monitor = class java.lang.Object@7b7b0357
      context = class org.eclipse.osgi.internal.framework.BundleContextImpl@264c3834
      signerInfos = null
      $SWITCH_TABLE$org$eclipse$osgi$container$Module$State = {1,2,3,4,5,6,7} /* array length = 7 */
    caFactory = class com.ibm.ws.config.admin.internal.ConfigAdminServiceFactory@53383df
      tc = class com.ibm.websphere.ras.TraceComponent@6dc7a717
      configurationPermission = class org.osgi.service.cm.ConfigurationPermission@b04b771
      INDEX_DICTIONARY = 0
      INDEX_LOCATION = 1
      INDEX_METATYPE_PROCESSED = 2
      INDEX_IN_OVERRIDES_FILE = 3
      INDEX_REFERENCES = 4
      INDEX_UNIQUES = 5
      bundleContext = class org.eclipse.osgi.internal.framework.BundleContextImpl@2616d5bc
      msTracker = class com.ibm.ws.config.admin.internal.ManagedServiceTracker@4b1825d2
      msfTracker = class com.ibm.ws.config.admin.internal.ManagedServiceFactoryTracker@49fd7b48
      pluginManager = class com.ibm.ws.config.admin.internal.PluginManager@76e416bd
      configurationStore = class com.ibm.ws.config.admin.internal.ConfigurationStore@5875882f
      updateQueue = class com.ibm.ws.config.admin.internal.UpdateQueue@52491046
      ced = class com.ibm.ws.config.admin.internal.ConfigEventDispatcher@704c167c
      idMap = class java.util.Collections$SynchronizedMap@26cba736
      referenceMap = class java.util.Collections$SynchronizedMap@528b6730
      variableRegistryTracker = class org.osgi.util.tracker.ServiceTracker@48da8607
      variableRegistry = class com.ibm.ws.kernel.service.location.internal.VariableRegistryHelper@58b59696
      configurationAdminRef = class org.eclipse.osgi.internal.serviceregistry.ServiceRegistrationImpl@7467c35c
      serialVersionUID = 6695202270027014725
    serialVersionUID = -2875522750804142523
  libraryConfigHelper = class com.ibm.ws.classloading.ClassLoaderConfigHelper@4c0990b1
    tc = class com.ibm.websphere.ras.TraceComponent@315228d1
      strings[0] = "TraceComponent[com.ibm.ws.classloading.ClassLoaderConfigHelper,class com.ibm.ws.classloading.ClassLoaderConfigHelper,[ClassLoadingService],com.ibm.ws.classloading.internal.resources.ClassLoadingServiceMessages,null]"
    DEFAULT_API_TYPES = class java.util.RegularEnumSet@27666ee4
      serialVersionUID = 3411599620347842686
      elements = 23
      elementType = class java.lang.Class@2c2d3ef2
      universe = class com.ibm.wsspi.classloading.ApiType[5]
      ZERO_LENGTH_ENUM_ARRAY = class java.lang.Enum[0]
      MAX_ARRAY_SIZE = 2147483639
    sharedLibraries = class java.util.Collections$EmptyList@631f63f1
      serialVersionUID = 8842843931221139166
      modCount = 0
      MAX_ARRAY_SIZE = 2147483639
    commonLibraries = class java.util.Collections$EmptyList@631f63f1
    classProviders = class java.util.Collections$EmptyList@631f63f1
    sharedLibrariesPids = null
    commonLibrariesPids = null
    isDelegateLast = false
    apiTypes = class java.util.RegularEnumSet@27666ee4
    classLoaderConfigProps = null
    serialVersionUID = 7643888529935916418
  isDelegateLast = false
  permissionManager = class com.ibm.ws.classloading.java2sec.PermissionManager@1c9bf91b
    tc = class com.ibm.websphere.ras.TraceComponent@fdff6b5
      strings[0] = "TraceComponent[com.ibm.ws.classloading.java2sec.PermissionManager,class com.ibm.ws.classloading.java2sec.PermissionManager,[Java2SecurityUtil],com.ibm.ws.classloading.internal.resources.Java2SecurityUtilMessages,null]"
    bundleContext = class org.eclipse.osgi.internal.framework.BundleContextImpl@363ad9bf
      findHookName = "org.osgi.framework.hooks.bundle.FindHook"
      valid = true
      bundle = class org.eclipse.osgi.internal.framework.EquinoxBundle@158bd73d
      container = class org.eclipse.osgi.internal.framework.EquinoxContainer@3de7d830
      debug = class org.eclipse.osgi.internal.debug.Debug@1e85f4ce
      servicesInUse = class java.util.HashMap@6e0c346e
      activator = null
      contextLock = class java.lang.Object@67c300ee
    classLoadingService = class com.ibm.ws.classloading.internal.ClassLoadingServiceImpl@528de012
    DEFAULT_SERVER_RESTRICTABLE_PERMISSIONS = class java.security.Permission[4]
      Permission[0] = class java.lang.RuntimePermission@36f355b7
      Permission[1] = class java.lang.RuntimePermission@b4dc7d3
      Permission[2] = class java.security.SecurityPermission@72ec5d51
      Permission[3] = class javax.security.auth.AuthPermission@25b75d00
    DEFAULT_CLIENT_RESTRICTABLE_PERMISSIONS = class java.security.Permission[3]
      Permission[0] = class java.lang.RuntimePermission@4416701
      Permission[1] = class java.security.SecurityPermission@24d25e73
      Permission[2] = class javax.security.auth.AuthPermission@42ed9d22
    isServer = true
    wsjarUrlStreamHandlerAvailable = true
    restrictablePermissions = class java.util.ArrayList@db5772
      serialVersionUID = 8683452581122892189
      DEFAULT_CAPACITY = 10
      EMPTY_ELEMENTDATA = class java.lang.Object[0]
      DEFAULTCAPACITY_EMPTY_ELEMENTDATA = class java.lang.Object[0]
      elementData = class java.lang.Object[10]
      size = 4
      MAX_ARRAY_SIZE = 2147483639
      modCount = 4
      MAX_ARRAY_SIZE = 2147483639
    javaAllCodeBasePermissions = class java.util.ArrayList@536ec6e7
      serialVersionUID = 8683452581122892189
      DEFAULT_CAPACITY = 10
      EMPTY_ELEMENTDATA = class java.lang.Object[0]
      DEFAULTCAPACITY_EMPTY_ELEMENTDATA = class java.lang.Object[0]
      elementData = class java.lang.Object[22]
      size = 21
      MAX_ARRAY_SIZE = 2147483639
      modCount = 21
      MAX_ARRAY_SIZE = 2147483639
    expandProps = true
    grantedPermissions = class java.util.ArrayList@64c63f7e
      serialVersionUID = 8683452581122892189
      DEFAULT_CAPACITY = 10
      EMPTY_ELEMENTDATA = class java.lang.Object[0]
      DEFAULTCAPACITY_EMPTY_ELEMENTDATA = class java.lang.Object[0]
      elementData = class java.lang.Object[0]
      size = 0
      MAX_ARRAY_SIZE = 2147483639
      modCount = 0
      MAX_ARRAY_SIZE = 2147483639
    KEY_PERMISSION = "permission"
    INCORRECT_PERMISSION_CONFIGURATION = "INCORRECT_PERMISSION_CONFIGURATION"
    PERMISSION_CLASSNOTFOUND = "PERMISSION_CLASSNOTFOUND"
    SERVER_XML = "server.xml"
    CLIENT_XML = "client.xml"
    JAVA_POLICY = "java.policy"
    os_name = "Windows 10"
    os_version = "10.0"
    originationFile = "server.xml"
    permissions = class com.ibm.wsspi.kernel.service.utils.ConcurrentServiceReferenceSet@504bb031
      referenceName = "permission"
      contextRef = class java.util.concurrent.atomic.AtomicReference@637146f6
      elementMap = class java.util.LinkedHashMap@289b7797
      elementSet = class java.util.concurrent.ConcurrentSkipListSet@65e3ff39
      elementSetUnsorted = false
      serialVersionUID = 756240983881166148
      $$$tc$$$ = class com.ibm.websphere.ras.TraceComponent@3f9db1ba
    codeBasePermissionMap = class java.util.HashMap@af10d8d
      serialVersionUID = 362498820763181265
      DEFAULT_INITIAL_CAPACITY = 16
      MAXIMUM_CAPACITY = 1073741824
      DEFAULT_LOAD_FACTOR = 0.75
      TREEIFY_THRESHOLD = 8
      UNTREEIFY_THRESHOLD = 6
      MIN_TREEIFY_CAPACITY = 64
      table = class java.util.HashMap$Node[16]
      entrySet = null
      size = 1
      modCount = 1
      threshold = 12
      loadFactor = 0.75
      keySet = class java.util.HashMap$KeySet@1fe12982
      values = null
    permissionXMLPermissionMap = class java.util.HashMap@2f8dabca
      serialVersionUID = 362498820763181265
      DEFAULT_INITIAL_CAPACITY = 16
      MAXIMUM_CAPACITY = 1073741824
      DEFAULT_LOAD_FACTOR = 0.75
      TREEIFY_THRESHOLD = 8
      UNTREEIFY_THRESHOLD = 6
      MIN_TREEIFY_CAPACITY = 64
      table = null
      entrySet = null
      size = 0
      modCount = 0
      threshold = 0
      loadFactor = 0.75
      keySet = null
      values = null
    serialVersionUID = 8583289148510585888
  permissionsConfig = null
  serialVersionUID = 1131686356392279747
  appInfo = class com.ibm.ws.container.service.app.deploy.internal.ApplicationInfoImpl@3ff8d8e2
    appName = "FlightLogix"
    appMetaData = class com.ibm.ws.container.service.app.deploy.internal.ApplicationMetaDataImpl@616be911
      j2eeName = class com.ibm.ws.container.service.metadata.internal.J2EENameImpl@6430133a
      serialVersionUID = -7906531148367236579
      $$$tc$$$ = class com.ibm.websphere.ras.TraceComponent@2401c76b
      tc = class com.ibm.websphere.ras.TraceComponent@6607ec78
      NUM_STATIC_SLOTS = 4
      ID_UNINITIALIZED = -1
      id = 0
      metaDataInterface = class java.lang.Class@6454c883
      staticSlots = class java.lang.Object[4]
      dynamicSlots = null
    appContainer = class com.ibm.ws.adaptable.module.internal.AdaptableContainerImpl@eb574b9
    configHelper = class com.ibm.ws.app.manager.module.ApplicationNestedConfigHelper@5683145a
      appInfo = class com.ibm.ws.app.manager.internal.ApplicationInstallInfo@7f5cba5a
      serialVersionUID = -3174031738676705046
      $$$tc$$$ = class com.ibm.websphere.ras.TraceComponent@4f99fbda
    applicationInformation = class com.ibm.ws.app.manager.internal.ApplicationInstallInfo@7f5cba5a
    serialVersionUID = 5227817860647895780
    $$$tc$$$ = class com.ibm.websphere.ras.TraceComponent@730b93e7
      strings[0] = "TraceComponent[com.ibm.ws.container.service.app.deploy.internal.ApplicationInfoImpl,class com.ibm.ws.container.service.app.deploy.internal.ApplicationInfoImpl,[container.service],com.ibm.ws.container.service.resources.Messages,null]"
  appInfoRegistration = null
  modulesDeployed = class java.util.ArrayList@7842e253
    serialVersionUID = 8683452581122892189
    DEFAULT_CAPACITY = 10
    EMPTY_ELEMENTDATA = class java.lang.Object[0]
    DEFAULTCAPACITY_EMPTY_ELEMENTDATA = class java.lang.Object[0]
    elementData = class java.lang.Object[10]
      Object[0] = class com.ibm.ws.app.manager.module.internal.DeployedModuleInfoImpl@1ea5fed8
      Object[1] = null
      Object[2] = null
      Object[3] = null
      Object[4] = null
      Object[5] = null
      Object[6] = null
      Object[7] = null
      Object[8] = null
      Object[9] = null
    size = 1
    MAX_ARRAY_SIZE = 2147483639
    modCount = 1
    MAX_ARRAY_SIZE = 2147483639
  starting = true
  started = false
  deployedAppServices = class com.ibm.ws.app.manager.module.internal.DeployedAppServicesImpl@c51edb7
    SERVER_APPS_DIR = "${server.output.dir}/apps/"
    EXPANDED_APPS_DIR = "${server.output.dir}/apps/expanded/"
    bundleContext = class org.eclipse.osgi.internal.framework.BundleContextImpl@264c3834
      findHookName = "org.osgi.framework.hooks.bundle.FindHook"
      valid = true
      bundle = class org.eclipse.osgi.internal.framework.EquinoxBundle@76e1f26f
      container = class org.eclipse.osgi.internal.framework.EquinoxContainer@3de7d830
      debug = class org.eclipse.osgi.internal.debug.Debug@1e85f4ce
      servicesInUse = class java.util.HashMap@63850493
      activator = null
      contextLock = class java.lang.Object@45311085
    applicationInfoFactory = class com.ibm.ws.container.service.app.deploy.internal.ApplicationInfoFactoryImpl@cdd7894
    futureMonitor = class com.ibm.ws.threading.internal.FutureMonitorImpl@bf7db3f
    classLoadingService = class com.ibm.ws.classloading.internal.ClassLoadingServiceImpl@528de012
    globalSharedLibrary = class com.ibm.ws.library.internal.SharedLibraryImpl@43126a09
    globalSharedLibraryPid = "com.ibm.ws.classloading.sharedlibrary_21"
    configAdmin = class com.ibm.ws.config.admin.internal.ConfigurationAdminImpl@2d9b3f8b
    metaDataService = class com.ibm.ws.container.service.metadata.internal.MetaDataServiceImpl@7a8ab787
    stateChangeService = class com.ibm.ws.container.service.state.internal.StateChangeServiceImpl@57f290cb
    allModuleTypes = class java.lang.String[4]
      String[0] = "ejb"
      String[1] = "web"
      String[2] = "client"
      String[3] = "connector"
    moduleMetaDataExtenders = class java.util.concurrent.ConcurrentHashMap@7722b1cf
      serialVersionUID = 7249069246763182397
      MAXIMUM_CAPACITY = 1073741824
      DEFAULT_CAPACITY = 16
      MAX_ARRAY_SIZE = 2147483639
      DEFAULT_CONCURRENCY_LEVEL = 16
      LOAD_FACTOR = 0.75
      TREEIFY_THRESHOLD = 8
      UNTREEIFY_THRESHOLD = 6
      MIN_TREEIFY_CAPACITY = 64
      MIN_TRANSFER_STRIDE = 16
      RESIZE_STAMP_BITS = 16
      MAX_RESIZERS = 65535
      RESIZE_STAMP_SHIFT = 16
      MOVED = -1
      TREEBIN = -2
      RESERVED = -3
      HASH_BITS = 2147483647
      NCPU = 8
      serialPersistentFields = class java.io.ObjectStreamField[3]
      table = class java.util.concurrent.ConcurrentHashMap$Node[16]
      nextTable = null
      baseCount = 4
      sizeCtl = 12
      transferIndex = 0
      cellsBusy = 0
      counterCells = null
      keySet = null
      values = null
      entrySet = null
      U = class sun.misc.Unsafe@166322b9
      SIZECTL = 20
      TRANSFERINDEX = 32
      BASECOUNT = 24
      CELLSBUSY = 36
      CELLVALUE = 144
      ABASE = 16
      ASHIFT = 2
      keySet = null
      values = null
    nestedModuleMetaDataFactories = class java.util.concurrent.ConcurrentHashMap@753d47c3
      serialVersionUID = 7249069246763182397
      MAXIMUM_CAPACITY = 1073741824
      DEFAULT_CAPACITY = 16
      MAX_ARRAY_SIZE = 2147483639
      DEFAULT_CONCURRENCY_LEVEL = 16
      LOAD_FACTOR = 0.75
      TREEIFY_THRESHOLD = 8
      UNTREEIFY_THRESHOLD = 6
      MIN_TREEIFY_CAPACITY = 64
      MIN_TRANSFER_STRIDE = 16
      RESIZE_STAMP_BITS = 16
      MAX_RESIZERS = 65535
      RESIZE_STAMP_SHIFT = 16
      MOVED = -1
      TREEBIN = -2
      RESERVED = -3
      HASH_BITS = 2147483647
      NCPU = 8
      serialPersistentFields = class java.io.ObjectStreamField[3]
      table = class java.util.concurrent.ConcurrentHashMap$Node[16]
      nextTable = null
      baseCount = 4
      sizeCtl = 12
      transferIndex = 0
      cellsBusy = 0
      counterCells = null
      keySet = null
      values = null
      entrySet = null
      U = class sun.misc.Unsafe@166322b9
      SIZECTL = 20
      TRANSFERINDEX = 32
      BASECOUNT = 24
      CELLSBUSY = 36
      CELLVALUE = 144
      ABASE = 16
      ASHIFT = 2
      keySet = null
      values = null
    permissionManager = class com.ibm.ws.classloading.java2sec.PermissionManager@1c9bf91b
    locAdmin = class com.ibm.ws.kernel.service.location.internal.WsLocationAdminImpl@1c784656
      tc = class com.ibm.websphere.ras.TraceComponent@5b9aa71f
      LOC_INTERNAL_LIB_DIR = "wlp.lib.dir"
      LOC_INTERNAL_WORKAREA_DIR = "wlp.workarea.dir"
      LOC_AREA_NAME_APPS = "shared/apps/"
      LOC_AREA_NAME_CONFIG = "shared/config/"
      LOC_AREA_NAME_RESC = "shared/resources/"
      LOC_AREA_NAME_STATE = "logs/state/"
      LOC_AREA_NAME_SERVERS = "servers/"
      LOC_AREA_NAME_CLIENTS = "clients/"
      LOC_AREA_NAME_WORKING = "workarea/"
      LOC_AREA_NAME_EXTENSION = "extension/"
      instance = class com.ibm.ws.kernel.service.location.internal.WsLocationAdminImpl@1c784656
      installRoot = class com.ibm.ws.kernel.service.location.internal.SymbolicRootResource@4c093365
      installParentRoot = class com.ibm.ws.kernel.service.location.internal.SymbolicRootResource@690d9004
      userRoot = class com.ibm.ws.kernel.service.location.internal.SymbolicRootResource@3171a688
      usrExtensionRoot = class com.ibm.ws.kernel.service.location.internal.SymbolicRootResource@643b6266
      serverConfigDir = class com.ibm.ws.kernel.service.location.internal.SymbolicRootResource@612ce79f
      serverOutputDir = class com.ibm.ws.kernel.service.location.internal.SymbolicRootResource@612ce79f
      bootstrapLib = class com.ibm.ws.kernel.service.location.internal.LocalFileResource@6424c60e
      serverWorkarea = class com.ibm.ws.kernel.service.location.internal.LocalFileResource@58dd69e4
      serverState = class com.ibm.ws.kernel.service.location.internal.LocalFileResource@674a08cb
      sharedAppsRoot = class com.ibm.ws.kernel.service.location.internal.SymbolicRootResource@61dc0ba2
      sharedConfigRoot = class com.ibm.ws.kernel.service.location.internal.SymbolicRootResource@238ab521
      sharedResourceRoot = class com.ibm.ws.kernel.service.location.internal.SymbolicRootResource@102b7afd
      tmpRoot = class com.ibm.ws.kernel.service.location.internal.SymbolicRootResource@27103463
      serverName = "defaultServer"
      resourcePaths = class java.util.ArrayList@2690ba38
      resourceGroups = class java.util.HashMap@50453076
      commonRoot = class com.ibm.ws.kernel.service.location.internal.VirtualRootResource@1b725411
      serialVersionUID = -5748835026800463299
    artifactFactory = class com.ibm.ws.artifact.internal.ArtifactContainerFactoryService@7f9622
      CATEGORY_PROP_NAME = "category"
      ENTRY_KEY = "com.ibm.wsspi.artifact.ArtifactEntry"
      helperMap = class com.ibm.wsspi.kernel.service.utils.ConcurrentServiceReferenceSetMap@314c0c5a
      contributorMap = class com.ibm.wsspi.kernel.service.utils.ConcurrentServiceReferenceSetMap@2653bcc9
      helperCategoryMap = class com.ibm.wsspi.kernel.service.utils.ConcurrentServiceReferenceSetMap@3dd6dc1
      contributorCategoryMap = class com.ibm.wsspi.kernel.service.utils.ConcurrentServiceReferenceSetMap@229e90c9
      categories = class java.util.Collections$SynchronizedSet@7361661c
      baseProperties = class org.apache.felix.scr.impl.helper.ReadOnlyDictionary@48ef394d
      registration = class com.ibm.ws.kernel.service.util.ServiceRegistrationModifier@2034f6f4
      serialVersionUID = 6566424214406946230
      $$$tc$$$ = class com.ibm.websphere.ras.TraceComponent@74de2b83
    moduleFactory = class com.ibm.ws.adaptable.module.internal.AdaptableModuleFactoryImpl@5c99e92d
      adapterFactoryService = class com.ibm.ws.adaptable.module.internal.AdapterFactoryServiceImpl@33654a49
      containerFactory = class com.ibm.ws.artifact.internal.ArtifactContainerFactoryService@7f9622
      overlayContainerFactory = class com.ibm.ws.artifact.overlay.internal.OverlayContainerFactoryImpl@4f5381b7
      serialVersionUID = 4200251809856292987
      $$$tc$$$ = class com.ibm.websphere.ras.TraceComponent@24dcfa7a
    serialVersionUID = 8537801607979767986
    $$$tc$$$ = class com.ibm.websphere.ras.TraceComponent@48aa8c97
      strings[0] = "TraceComponent[com.ibm.ws.app.manager.module.internal.DeployedAppServicesImpl,class com.ibm.ws.app.manager.module.internal.DeployedAppServicesImpl,[applications, app.manager],null,null]"
  futureMonitor = class com.ibm.ws.threading.internal.FutureMonitorImpl@bf7db3f
    _monitor = class java.util.concurrent.ConcurrentLinkedQueue@44b3903c
      serialVersionUID = 196745693267521676
      head = class java.util.concurrent.ConcurrentLinkedQueue$Node@26d0a9b5
      tail = class java.util.concurrent.ConcurrentLinkedQueue$Node@26d0a9b5
      UNSAFE = class sun.misc.Unsafe@166322b9
      headOffset = 12
      tailOffset = 16
      MAX_ARRAY_SIZE = 2147483639
    _executor = class com.ibm.ws.threading.internal.ScheduledExecutorImpl@7317cf3d
      threadGroupName = "Scheduled Executor Thread Group"
      executor = class com.ibm.ws.threading.internal.ExecutorServiceImpl@7b3c019f
      serialVersionUID = -9110693807503469597
      $$$tc$$$ = class com.ibm.websphere.ras.TraceComponent@2fc7417d
      continueExistingPeriodicTasksAfterShutdown = false
      executeExistingDelayedTasksAfterShutdown = true
      removeOnCancel = false
      sequencer = class java.util.concurrent.atomic.AtomicLong@71e65141
      ctl = class java.util.concurrent.atomic.AtomicInteger@59993b03
      COUNT_BITS = 29
      CAPACITY = 536870911
      RUNNING = -536870912
      SHUTDOWN = 0
      STOP = 536870912
      TIDYING = 1073741824
      TERMINATED = 1610612736
      workQueue = class java.util.concurrent.ScheduledThreadPoolExecutor$DelayedWorkQueue@44d195fc
      mainLock = class java.util.concurrent.locks.ReentrantLock@153d8167
      workers = class java.util.HashSet@5692a6d8
      termination = class java.util.concurrent.locks.AbstractQueuedSynchronizer$ConditionObject@4643ce2a
      largestPoolSize = 1
      completedTaskCount = 0
      threadFactory = class com.ibm.ws.threading.internal.ThreadFactoryImpl@773a437b
      handler = class java.util.concurrent.ThreadPoolExecutor$AbortPolicy@345d9f22
      keepAliveTime = 0
      allowCoreThreadTimeOut = false
      corePoolSize = 1
      maximumPoolSize = 2147483647
      defaultHandler = class java.util.concurrent.ThreadPoolExecutor$AbortPolicy@345d9f22
      shutdownPerm = class java.lang.RuntimePermission@6cb7351d
      acc = null
      ONLY_ONE = true
      $assertionsDisabled = true
    _threadRunning = class java.util.concurrent.atomic.AtomicBoolean@6300af3c
      serialVersionUID = 4654671469794556979
      unsafe = class sun.misc.Unsafe@166322b9
      valueOffset = 12
      value = 0
    _thread = class com.ibm.ws.threading.internal.FutureMonitorImpl$1@520416b9
      this$0 = class com.ibm.ws.threading.internal.FutureMonitorImpl@bf7db3f
      serialVersionUID = 2422512430832938099
      $$$tc$$$ = class com.ibm.websphere.ras.TraceComponent@24b1d454
    serialVersionUID = 2765238413969174390
    $$$tc$$$ = class com.ibm.websphere.ras.TraceComponent@1b743669
      strings[0] = "TraceComponent[com.ibm.ws.threading.internal.FutureMonitorImpl,class com.ibm.ws.threading.internal.FutureMonitorImpl,[Threading],com.ibm.ws.threading.internal.resources.ThreadingMessages,null]"
  appInfoFactory = class com.ibm.ws.container.service.app.deploy.internal.ApplicationInfoFactoryImpl@cdd7894
    j2eeNameFactory = class com.ibm.wsspi.kernel.service.utils.AtomicServiceReference@37ac7155
      referenceName = "j2eeNameFactory"
      tuple = class java.util.concurrent.atomic.AtomicReference@42845986
      serialVersionUID = 2226592364007985000
      $$$tc$$$ = class com.ibm.websphere.ras.TraceComponent@669c0f97
    names = class java.util.HashSet@67fdea26
      serialVersionUID = -5024744406713321676
      map = class java.util.HashMap@29a56859
      PRESENT = class java.lang.Object@46283406
      MAX_ARRAY_SIZE = 2147483639
    serialVersionUID = 6232436640731165768
    $$$tc$$$ = class com.ibm.websphere.ras.TraceComponent@1e658ff4
      strings[0] = "TraceComponent[com.ibm.ws.container.service.app.deploy.internal.ApplicationInfoFactoryImpl,class com.ibm.ws.container.service.app.deploy.internal.ApplicationInfoFactoryImpl,[container.service],com.ibm.ws.container.service.resources.Messages,null]"
  metaDataService = class com.ibm.ws.container.service.metadata.internal.MetaDataServiceImpl@7a8ab787
    applicationMetaDataManager = class com.ibm.ws.container.service.metadata.internal.ApplicationMetaDataManager@4df050ab
      serialVersionUID = 1843747281024490904
      $$$tc$$$ = class com.ibm.websphere.ras.TraceComponent@2d20a6f5
      listeners = class com.ibm.wsspi.kernel.service.utils.ConcurrentServiceReferenceSet@7f6c999b
      metaDataIDs = class com.ibm.ws.container.service.metadata.internal.IndexList@51460fd9
      metaDatas = class java.util.ArrayList@7cabcc46
      slotIDs = class com.ibm.ws.container.service.metadata.internal.IndexList@6e7a6f3d
      serialVersionUID = 5464421863354792977
      $$$tc$$$ = class com.ibm.websphere.ras.TraceComponent@775a444d
    moduleMetaDataManager = class com.ibm.ws.container.service.metadata.internal.ModuleMetaDataManager@7d02ddb2
      serialVersionUID = 2513574389899327209
      $$$tc$$$ = class com.ibm.websphere.ras.TraceComponent@36435b62
      listeners = class com.ibm.wsspi.kernel.service.utils.ConcurrentServiceReferenceSet@5fd9a921
      metaDataIDs = class com.ibm.ws.container.service.metadata.internal.IndexList@433eb7a7
      metaDatas = class java.util.ArrayList@7aaec4e6
      slotIDs = class com.ibm.ws.container.service.metadata.internal.IndexList@78d301aa
      serialVersionUID = 5464421863354792977
      $$$tc$$$ = class com.ibm.websphere.ras.TraceComponent@775a444d
    componentMetaDataManager = class com.ibm.ws.container.service.metadata.internal.ComponentMetaDataManager@4594fb21
      serialVersionUID = 8629793739641703882
      $$$tc$$$ = class com.ibm.websphere.ras.TraceComponent@6682ac3a
      listeners = class com.ibm.wsspi.kernel.service.utils.ConcurrentServiceReferenceSet@5c642e42
      metaDataIDs = class com.ibm.ws.container.service.metadata.internal.IndexList@50e148dc
      metaDatas = class java.util.ArrayList@30dfdd3b
      slotIDs = class com.ibm.ws.container.service.metadata.internal.IndexList@53944caf
      serialVersionUID = 5464421863354792977
      $$$tc$$$ = class com.ibm.websphere.ras.TraceComponent@775a444d
    methodMetaDataManager = class com.ibm.ws.container.service.metadata.internal.MethodMetaDataManager@782a1e0f
      serialVersionUID = -8002489041502300640
      $$$tc$$$ = class com.ibm.websphere.ras.TraceComponent@4e6b7bf4
      listeners = class com.ibm.wsspi.kernel.service.utils.ConcurrentServiceReferenceSet@116c3d97
      metaDataIDs = class com.ibm.ws.container.service.metadata.internal.IndexList@3738b300
      metaDatas = class java.util.ArrayList@352eaf5b
      slotIDs = class com.ibm.ws.container.service.metadata.internal.IndexList@46be444d
      serialVersionUID = 5464421863354792977
      $$$tc$$$ = class com.ibm.websphere.ras.TraceComponent@775a444d
    appModuleNameToModuleContainer = class java.util.concurrent.ConcurrentHashMap@37107ca9
      serialVersionUID = 7249069246763182397
      MAXIMUM_CAPACITY = 1073741824
      DEFAULT_CAPACITY = 16
      MAX_ARRAY_SIZE = 2147483639
      DEFAULT_CONCURRENCY_LEVEL = 16
      LOAD_FACTOR = 0.75
      TREEIFY_THRESHOLD = 8
      UNTREEIFY_THRESHOLD = 6
      MIN_TREEIFY_CAPACITY = 64
      MIN_TRANSFER_STRIDE = 16
      RESIZE_STAMP_BITS = 16
      MAX_RESIZERS = 65535
      RESIZE_STAMP_SHIFT = 16
      MOVED = -1
      TREEBIN = -2
      RESERVED = -3
      HASH_BITS = 2147483647
      NCPU = 8
      serialPersistentFields = class java.io.ObjectStreamField[3]
      table = class java.util.concurrent.ConcurrentHashMap$Node[16]
      nextTable = null
      baseCount = 0
      sizeCtl = 12
      transferIndex = 0
      cellsBusy = 0
      counterCells = null
      keySet = null
      values = null
      entrySet = null
      U = class sun.misc.Unsafe@166322b9
      SIZECTL = 20
      TRANSFERINDEX = 32
      BASECOUNT = 24
      CELLSBUSY = 36
      CELLVALUE = 144
      ABASE = 16
      ASHIFT = 2
      keySet = null
      values = null
    jeeNameToComponentMetaData = class java.util.concurrent.ConcurrentHashMap@5c94c8b4
      serialVersionUID = 7249069246763182397
      MAXIMUM_CAPACITY = 1073741824
      DEFAULT_CAPACITY = 16
      MAX_ARRAY_SIZE = 2147483639
      DEFAULT_CONCURRENCY_LEVEL = 16
      LOAD_FACTOR = 0.75
      TREEIFY_THRESHOLD = 8
      UNTREEIFY_THRESHOLD = 6
      MIN_TREEIFY_CAPACITY = 64
      MIN_TRANSFER_STRIDE = 16
      RESIZE_STAMP_BITS = 16
      MAX_RESIZERS = 65535
      RESIZE_STAMP_SHIFT = 16
      MOVED = -1
      TREEBIN = -2
      RESERVED = -3
      HASH_BITS = 2147483647
      NCPU = 8
      serialPersistentFields = class java.io.ObjectStreamField[3]
      table = class java.util.concurrent.ConcurrentHashMap$Node[16]
      nextTable = null
      baseCount = 0
      sizeCtl = 12
      transferIndex = 0
      cellsBusy = 0
      counterCells = null
      keySet = null
      values = null
      entrySet = null
      U = class sun.misc.Unsafe@166322b9
      SIZECTL = 20
      TRANSFERINDEX = 32
      BASECOUNT = 24
      CELLSBUSY = 36
      CELLVALUE = 144
      ABASE = 16
      ASHIFT = 2
      keySet = null
      values = null
    deferredMetaDataFactories = class com.ibm.wsspi.kernel.service.utils.ConcurrentServiceReferenceSet@3ebb6df4
      referenceName = "deferredMetaDataFactory"
      contextRef = class java.util.concurrent.atomic.AtomicReference@20e00a70
      elementMap = class java.util.LinkedHashMap@3feb3655
      elementSet = class java.util.concurrent.ConcurrentSkipListSet@32e6d049
      elementSetUnsorted = false
      serialVersionUID = 756240983881166148
      $$$tc$$$ = class com.ibm.websphere.ras.TraceComponent@3f9db1ba
    deferredMetaDataInitializers = class com.ibm.wsspi.kernel.service.utils.ConcurrentServiceReferenceMap@16c9c64a
      referenceName = "deferredMetaDataFactory"
      context = class org.apache.felix.scr.impl.manager.ComponentContextImpl@670485a2
      elementMap = class java.util.concurrent.ConcurrentHashMap@ad334b5
      serialVersionUID = 6980924785166233786
      $$$tc$$$ = class com.ibm.websphere.ras.TraceComponent@50530800
    serialVersionUID = -2494605732980966097
    $$$tc$$$ = class com.ibm.websphere.ras.TraceComponent@1e72485b
      strings[0] = "TraceComponent[com.ibm.ws.container.service.metadata.internal.MetaDataServiceImpl,class com.ibm.ws.container.service.metadata.internal.MetaDataServiceImpl,[Runtime],null,null]"
  stateChangeService = class com.ibm.ws.container.service.state.internal.StateChangeServiceImpl@57f290cb
    applicationStateManager = class com.ibm.ws.container.service.state.internal.ApplicationStateManager@103fefb8
      serialVersionUID = -6685368059484454124
      $$$tc$$$ = class com.ibm.websphere.ras.TraceComponent@7409b5d1
      listeners = class com.ibm.wsspi.kernel.service.utils.ConcurrentServiceReferenceSet@3aed692e
      serialVersionUID = 2284273176985484160
      $$$tc$$$ = class com.ibm.websphere.ras.TraceComponent@4ecb1c19
    moduleStateManager = class com.ibm.ws.container.service.state.internal.ModuleStateManager@75581723
      serialVersionUID = -5540260902341249963
      $$$tc$$$ = class com.ibm.websphere.ras.TraceComponent@7ba234a3
      listeners = class com.ibm.wsspi.kernel.service.utils.ConcurrentServiceReferenceSet@59a6cef
      serialVersionUID = 2284273176985484160
      $$$tc$$$ = class com.ibm.websphere.ras.TraceComponent@4ecb1c19
    serialVersionUID = -537917915330350560
    $$$tc$$$ = class com.ibm.websphere.ras.TraceComponent@4bc7981c
      strings[0] = "TraceComponent[com.ibm.ws.container.service.state.internal.StateChangeServiceImpl,class com.ibm.ws.container.service.state.internal.StateChangeServiceImpl,[Runtime],null,null]"
  moduleClassesInfo = class com.ibm.ws.app.manager.module.internal.SimpleDeployedAppInfoBase$ModuleClassesInfoProvider@4fcd0b35
    entryContainerInfosMap = class java.util.HashMap@559981f5
      serialVersionUID = 362498820763181265
      DEFAULT_INITIAL_CAPACITY = 16
      MAXIMUM_CAPACITY = 1073741824
      DEFAULT_LOAD_FACTOR = 0.75
      TREEIFY_THRESHOLD = 8
      UNTREEIFY_THRESHOLD = 6
      MIN_TREEIFY_CAPACITY = 64
      table = null
      entrySet = null
      size = 0
      modCount = 0
      threshold = 0
      loadFactor = 0.75
      keySet = null
      values = null
    serialVersionUID = -70332790531324534
    $$$tc$$$ = class com.ibm.websphere.ras.TraceComponent@42224570
      strings[0] = "TraceComponent[com.ibm.ws.app.manager.module.internal.SimpleDeployedAppInfoBase$ModuleClassesInfoProvider,class com.ibm.ws.app.manager.module.internal.SimpleDeployedAppInfoBase$ModuleClassesInfoProvider,[applications, app.manager],null,null]"
  moduleContainerInfos = class java.util.ArrayList@20f228e5
    serialVersionUID = 8683452581122892189
    DEFAULT_CAPACITY = 10
    EMPTY_ELEMENTDATA = class java.lang.Object[0]
    DEFAULTCAPACITY_EMPTY_ELEMENTDATA = class java.lang.Object[0]
    elementData = class java.lang.Object[10]
      Object[0] = class com.ibm.ws.app.manager.module.internal.SimpleDeployedAppInfoBase$WebModuleContainerInfo@16deae6d
      Object[1] = null
      Object[2] = null
      Object[3] = null
      Object[4] = null
      Object[5] = null
      Object[6] = null
      Object[7] = null
      Object[8] = null
      Object[9] = null
    size = 1
    MAX_ARRAY_SIZE = 2147483639
    modCount = 1
    MAX_ARRAY_SIZE = 2147483639
  activeModuleHandlers = class java.util.IdentityHashMap@234d4519
    DEFAULT_CAPACITY = 32
    MINIMUM_CAPACITY = 4
    MAXIMUM_CAPACITY = 536870912
    table = class java.lang.Object[16]
      Object[0] = null
      Object[1] = null
      Object[2] = null
      Object[3] = null
      Object[4] = null
      Object[5] = null
      Object[6] = null
      Object[7] = null
      Object[8] = null
      Object[9] = null
      Object[10] = null
      Object[11] = null
      Object[12] = null
      Object[13] = null
      Object[14] = null
      Object[15] = null
    size = 0
    modCount = 2
    NULL_KEY = class java.lang.Object@629f9713
    entrySet = null
    serialVersionUID = 8188218128353913216
    keySet = null
    values = null
  serialVersionUID = -2685719801501752993
  $$$tc$$$ = class com.ibm.websphere.ras.TraceComponent@6bf085e7
    strings[0] = "TraceComponent[com.ibm.ws.app.manager.module.internal.SimpleDeployedAppInfoBase,class com.ibm.ws.app.manager.module.internal.SimpleDeployedAppInfoBase,[applications, app.manager],null,null]"

Dump of objectArray[0]
Object type = com.ibm.ws.threading.internal.NonCancelableResultFuture
  _done = false
  _result = null
  _failure = null
  _listeners = class java.util.concurrent.ConcurrentLinkedQueue@3d14b43a
    serialVersionUID = 196745693267521676
    head = class java.util.concurrent.ConcurrentLinkedQueue$Node@616f799f
      item = null
      next = null
      UNSAFE = class sun.misc.Unsafe@166322b9
      itemOffset = 12
      nextOffset = 16
    tail = class java.util.concurrent.ConcurrentLinkedQueue$Node@616f799f
    UNSAFE = class sun.misc.Unsafe@166322b9
    headOffset = 12
    tailOffset = 16
    MAX_ARRAY_SIZE = 2147483639
  _notifiedListeners = class java.util.concurrent.atomic.AtomicBoolean@654cc5e7
    serialVersionUID = 4654671469794556979
    unsafe = class sun.misc.Unsafe@166322b9
      theUnsafe = class sun.misc.Unsafe@166322b9
      INVALID_FIELD_OFFSET = -1
      ARRAY_BOOLEAN_BASE_OFFSET = 16
      ARRAY_BYTE_BASE_OFFSET = 16
      ARRAY_SHORT_BASE_OFFSET = 16
      ARRAY_CHAR_BASE_OFFSET = 16
      ARRAY_INT_BASE_OFFSET = 16
      ARRAY_LONG_BASE_OFFSET = 16
      ARRAY_FLOAT_BASE_OFFSET = 16
      ARRAY_DOUBLE_BASE_OFFSET = 16
      ARRAY_OBJECT_BASE_OFFSET = 16
      ARRAY_BOOLEAN_INDEX_SCALE = 1
      ARRAY_BYTE_INDEX_SCALE = 1
      ARRAY_SHORT_INDEX_SCALE = 2
      ARRAY_CHAR_INDEX_SCALE = 2
      ARRAY_INT_INDEX_SCALE = 4
      ARRAY_LONG_INDEX_SCALE = 8
      ARRAY_FLOAT_INDEX_SCALE = 4
      ARRAY_DOUBLE_INDEX_SCALE = 8
      ARRAY_OBJECT_INDEX_SCALE = 4
      ADDRESS_SIZE = 8
    valueOffset = 12
    value = 0
  serialVersionUID = -296387658814354272
  $$$tc$$$ = class com.ibm.websphere.ras.TraceComponent@14e684e5
    strings[0] = "TraceComponent[com.ibm.ws.threading.internal.NonCancelableResultFuture,class com.ibm.ws.threading.internal.NonCancelableResultFuture,[Threading],com.ibm.ws.threading.internal.resources.ThreadingMessages,null]"

